Start time: Wed Dec 17 07:05:46 2025

              |=============================|
              |      REGENIE v3.2.5.gz      |
              |=============================|

Copyright (c) 2020-2022 Joelle Mbatchou, Andrey Ziyatdinov and Jonathan Marchini.
Distributed under the MIT License.
Compiled with Boost Iostream library.
Using Intel MKL with Eigen.

Log of output saved in file : result/06_step2/sig_weight_eur_step2.chr19_eur.log

Options in effect:
  --step 2 \
  --bgen /broad/ukbb/imputed_v3/ukb_imp_chr19_v3.bgen \
  --sample /medpop/esp2/pradeep/UKBiobank/v3data/ukb7089_imp_chr3_v3_s487395.sample \
  --ref-first \
  --extract ../data/step2/var.chr19_eur.list.snplist \
  --keep ../data/sample_list_eur.txt \
  --covarFile ../data/sig_weight_cov_file.tsv \
  --phenoFile /medpop/esp2/tnakao/analyses/projects/collab/Sarah_signature_weights_GWAS/import/signature_auc_phenotypes_last.txt \
  --bsize 200 \
  --threads 4 \
  --qt \
  --catCovarList genotyping_array,Inferred_Gender \
  --pred result/04_step1/sig_weight_eur_step1_pred.list \
  --minINFO 0.7 \
  --out result/06_step2/sig_weight_eur_step2.chr19_eur

Association testing mode with fast multithreading using OpenMP
 * bgen             : [/broad/ukbb/imputed_v3/ukb_imp_chr19_v3.bgen]
   -summary : bgen file (v1.2 layout, zlib compressed) with 487409 anonymous samples and 2087017 variants with 8-bit encoding.
   -index bgi file [/broad/ukbb/imputed_v3/ukb_imp_chr19_v3.bgen.bgi]
   -keeping variants specified by --extract
   -number of variants remaining in the analysis = 133771
   -sample file: /medpop/esp2/pradeep/UKBiobank/v3data/ukb7089_imp_chr3_v3_s487395.sample
   -keeping only individuals specified by --keep
   -number of genotyped individuals remaining in the analysis = 361171
 * phenotypes       : [/medpop/esp2/tnakao/analyses/projects/collab/Sarah_signature_weights_GWAS/import/signature_auc_phenotypes_last.txt] n_pheno = 21
   -number of phenotyped individuals  = 361171
 * covariates       : [../data/sig_weight_cov_file.tsv] n_cov = 13
   -number of individuals with covariate data = 361171
 * number of individuals used in analysis = 361171
 * number of observations for each trait:
   - 'SIG0_AUC': 361171 observations
   - 'SIG1_AUC': 361171 observations
   - 'SIG2_AUC': 361171 observations
   - 'SIG3_AUC': 361171 observations
   - 'SIG4_AUC': 361171 observations
   - 'SIG5_AUC': 361171 observations
   - 'SIG6_AUC': 361171 observations
   - 'SIG7_AUC': 361171 observations
   - 'SIG8_AUC': 361171 observations
   - 'SIG9_AUC': 361171 observations
   - 'SIG10_AUC': 361171 observations
   - 'SIG11_AUC': 361171 observations
   - 'SIG12_AUC': 361171 observations
   - 'SIG13_AUC': 361171 observations
   - 'SIG14_AUC': 361171 observations
   - 'SIG15_AUC': 361171 observations
   - 'SIG16_AUC': 361171 observations
   - 'SIG17_AUC': 361171 observations
   - 'SIG18_AUC': 361171 observations
   - 'SIG19_AUC': 361171 observations
   - 'SIG20_AUC': 361171 observations
 * LOCO predictions : [result/04_step1/sig_weight_eur_step1_pred.list]
   -file [/medpop/esp2/tnakao/analyses/projects/collab/Sarah_signature_weights_GWAS/96_last_250319/result/04_step1/sig_weight_eur_step1_1.loco] for phenotype 'SIG0_AUC'
   -file [/medpop/esp2/tnakao/analyses/projects/collab/Sarah_signature_weights_GWAS/96_last_250319/result/04_step1/sig_weight_eur_step1_2.loco] for phenotype 'SIG1_AUC'
   -file [/medpop/esp2/tnakao/analyses/projects/collab/Sarah_signature_weights_GWAS/96_last_250319/result/04_step1/sig_weight_eur_step1_3.loco] for phenotype 'SIG2_AUC'
   -file [/medpop/esp2/tnakao/analyses/projects/collab/Sarah_signature_weights_GWAS/96_last_250319/result/04_step1/sig_weight_eur_step1_4.loco] for phenotype 'SIG3_AUC'
   -file [/medpop/esp2/tnakao/analyses/projects/collab/Sarah_signature_weights_GWAS/96_last_250319/result/04_step1/sig_weight_eur_step1_5.loco] for phenotype 'SIG4_AUC'
   -file [/medpop/esp2/tnakao/analyses/projects/collab/Sarah_signature_weights_GWAS/96_last_250319/result/04_step1/sig_weight_eur_step1_6.loco] for phenotype 'SIG5_AUC'
   -file [/medpop/esp2/tnakao/analyses/projects/collab/Sarah_signature_weights_GWAS/96_last_250319/result/04_step1/sig_weight_eur_step1_7.loco] for phenotype 'SIG6_AUC'
   -file [/medpop/esp2/tnakao/analyses/projects/collab/Sarah_signature_weights_GWAS/96_last_250319/result/04_step1/sig_weight_eur_step1_8.loco] for phenotype 'SIG7_AUC'
   -file [/medpop/esp2/tnakao/analyses/projects/collab/Sarah_signature_weights_GWAS/96_last_250319/result/04_step1/sig_weight_eur_step1_9.loco] for phenotype 'SIG8_AUC'
   -file [/medpop/esp2/tnakao/analyses/projects/collab/Sarah_signature_weights_GWAS/96_last_250319/result/04_step1/sig_weight_eur_step1_10.loco] for phenotype 'SIG9_AUC'
   -file [/medpop/esp2/tnakao/analyses/projects/collab/Sarah_signature_weights_GWAS/96_last_250319/result/04_step1/sig_weight_eur_step1_11.loco] for phenotype 'SIG10_AUC'
   -file [/medpop/esp2/tnakao/analyses/projects/collab/Sarah_signature_weights_GWAS/96_last_250319/result/04_step1/sig_weight_eur_step1_12.loco] for phenotype 'SIG11_AUC'
   -file [/medpop/esp2/tnakao/analyses/projects/collab/Sarah_signature_weights_GWAS/96_last_250319/result/04_step1/sig_weight_eur_step1_13.loco] for phenotype 'SIG12_AUC'
   -file [/medpop/esp2/tnakao/analyses/projects/collab/Sarah_signature_weights_GWAS/96_last_250319/result/04_step1/sig_weight_eur_step1_14.loco] for phenotype 'SIG13_AUC'
   -file [/medpop/esp2/tnakao/analyses/projects/collab/Sarah_signature_weights_GWAS/96_last_250319/result/04_step1/sig_weight_eur_step1_15.loco] for phenotype 'SIG14_AUC'
   -file [/medpop/esp2/tnakao/analyses/projects/collab/Sarah_signature_weights_GWAS/96_last_250319/result/04_step1/sig_weight_eur_step1_16.loco] for phenotype 'SIG15_AUC'
   -file [/medpop/esp2/tnakao/analyses/projects/collab/Sarah_signature_weights_GWAS/96_last_250319/result/04_step1/sig_weight_eur_step1_17.loco] for phenotype 'SIG16_AUC'
   -file [/medpop/esp2/tnakao/analyses/projects/collab/Sarah_signature_weights_GWAS/96_last_250319/result/04_step1/sig_weight_eur_step1_18.loco] for phenotype 'SIG17_AUC'
   -file [/medpop/esp2/tnakao/analyses/projects/collab/Sarah_signature_weights_GWAS/96_last_250319/result/04_step1/sig_weight_eur_step1_19.loco] for phenotype 'SIG18_AUC'
   -file [/medpop/esp2/tnakao/analyses/projects/collab/Sarah_signature_weights_GWAS/96_last_250319/result/04_step1/sig_weight_eur_step1_20.loco] for phenotype 'SIG19_AUC'
   -file [/medpop/esp2/tnakao/analyses/projects/collab/Sarah_signature_weights_GWAS/96_last_250319/result/04_step1/sig_weight_eur_step1_21.loco] for phenotype 'SIG20_AUC'
   -residualizing and scaling phenotypes...done (61ms) 
 * # threads        : [4]
 * block size       : [200]
 * # blocks         : [669]
 * approximate memory usage : 2GB
 * using minimum MAC of 5 (variants with lower MAC are ignored)
 * using minimum imputation info score of 0.7 (variants with lower info score are ignored)

Chromosome 19 [669 blocks in total]
   -reading loco predictions for the chromosome...done (11357ms) 
 block [1/669] : done (2163ms) 
 block [2/669] : done (2183ms) 
 block [3/669] : done (2080ms) 
 block [4/669] : done (2076ms) 
 block [5/669] : done (2119ms) 
 block [6/669] : done (2090ms) 
 block [7/669] : done (2128ms) 
 block [8/669] : done (2242ms) 
 block [9/669] : done (2161ms) 
 block [10/669] : done (2069ms) 
 block [11/669] : done (2128ms) 
 block [12/669] : done (2113ms) 
 block [13/669] : done (2248ms) 
 block [14/669] : done (2182ms) 
 block [15/669] : done (2227ms) 
 block [16/669] : done (2228ms) 
 block [17/669] : done (2203ms) 
 block [18/669] : done (2092ms) 
 block [19/669] : done (2139ms) 
 block [20/669] : done (2041ms) 
 block [21/669] : done (2081ms) 
 block [22/669] : done (2069ms) 
 block [23/669] : done (2029ms) 
 block [24/669] : done (2043ms) 
 block [25/669] : done (2142ms) 
 block [26/669] : done (2196ms) 
 block [27/669] : done (2108ms) 
 block [28/669] : done (2145ms) 
 block [29/669] : done (2161ms) 
 block [30/669] : done (2053ms) 
 block [31/669] : done (2133ms) 
 block [32/669] : done (2157ms) 
 block [33/669] : done (2124ms) 
 block [34/669] : done (2123ms) 
 block [35/669] : done (2149ms) 
 block [36/669] : done (2122ms) 
 block [37/669] : done (2129ms) 
 block [38/669] : done (2117ms) 
 block [39/669] : done (2129ms) 
 block [40/669] : done (2201ms) 
 block [41/669] : done (2127ms) 
 block [42/669] : done (2139ms) 
 block [43/669] : done (2128ms) 
 block [44/669] : done (2080ms) 
 block [45/669] : done (2090ms) 
 block [46/669] : done (2121ms) 
 block [47/669] : done (2046ms) 
 block [48/669] : done (2085ms) 
 block [49/669] : done (2089ms) 
 block [50/669] : done (2151ms) 
 block [51/669] : done (2053ms) 
 block [52/669] : done (2037ms) 
 block [53/669] : done (2048ms) 
 block [54/669] : done (2081ms) 
 block [55/669] : done (2044ms) 
 block [56/669] : done (2084ms) 
 block [57/669] : done (2085ms) 
 block [58/669] : done (2070ms) 
 block [59/669] : done (2114ms) 
 block [60/669] : done (2019ms) 
 block [61/669] : done (2045ms) 
 block [62/669] : done (2088ms) 
 block [63/669] : done (1991ms) 
 block [64/669] : done (1965ms) 
 block [65/669] : done (2059ms) 
 block [66/669] : done (2023ms) 
 block [67/669] : done (1946ms) 
 block [68/669] : done (1977ms) 
 block [69/669] : done (2009ms) 
 block [70/669] : done (2144ms) 
 block [71/669] : done (2061ms) 
 block [72/669] : done (2043ms) 
 block [73/669] : done (2122ms) 
 block [74/669] : done (2041ms) 
 block [75/669] : done (2039ms) 
 block [76/669] : done (2037ms) 
 block [77/669] : done (2060ms) 
 block [78/669] : done (2077ms) 
 block [79/669] : done (2092ms) 
 block [80/669] : done (2065ms) 
 block [81/669] : done (2027ms) 
 block [82/669] : done (2072ms) 
 block [83/669] : done (2073ms) 
 block [84/669] : done (2054ms) 
 block [85/669] : done (2049ms) 
 block [86/669] : done (2057ms) 
 block [87/669] : done (2039ms) 
 block [88/669] : done (2030ms) 
 block [89/669] : done (2049ms) 
 block [90/669] : done (2030ms) 
 block [91/669] : done (2036ms) 
 block [92/669] : done (2070ms) 
 block [93/669] : done (2023ms) 
 block [94/669] : done (2036ms) 
 block [95/669] : done (2008ms) 
 block [96/669] : done (2039ms) 
 block [97/669] : done (2135ms) 
 block [98/669] : done (2132ms) 
 block [99/669] : done (2046ms) 
 block [100/669] : done (2017ms) 
 block [101/669] : done (2092ms) 
 block [102/669] : done (2048ms) 
 block [103/669] : done (2044ms) 
 block [104/669] : done (2044ms) 
 block [105/669] : done (2032ms) 
 block [106/669] : done (2018ms) 
 block [107/669] : done (2025ms) 
 block [108/669] : done (1958ms) 
 block [109/669] : done (2012ms) 
 block [110/669] : done (1987ms) 
 block [111/669] : done (1998ms) 
 block [112/669] : done (2066ms) 
 block [113/669] : done (2054ms) 
 block [114/669] : done (2040ms) 
 block [115/669] : done (2101ms) 
 block [116/669] : done (2090ms) 
 block [117/669] : done (2050ms) 
 block [118/669] : done (2006ms) 
 block [119/669] : done (2057ms) 
 block [120/669] : done (2012ms) 
 block [121/669] : done (2031ms) 
 block [122/669] : done (1986ms) 
 block [123/669] : done (2071ms) 
 block [124/669] : done (2002ms) 
 block [125/669] : done (2021ms) 
 block [126/669] : done (2023ms) 
 block [127/669] : done (2045ms) 
 block [128/669] : done (2067ms) 
 block [129/669] : done (2026ms) 
 block [130/669] : done (2017ms) 
 block [131/669] : done (2047ms) 
 block [132/669] : done (2061ms) 
 block [133/669] : done (1970ms) 
 block [134/669] : done (2048ms) 
 block [135/669] : done (2014ms) 
 block [136/669] : done (1935ms) 
 block [137/669] : done (1996ms) 
 block [138/669] : done (2029ms) 
 block [139/669] : done (2005ms) 
 block [140/669] : done (2022ms) 
 block [141/669] : done (2014ms) 
 block [142/669] : done (2032ms) 
 block [143/669] : done (2078ms) 
 block [144/669] : done (2060ms) 
 block [145/669] : done (1976ms) 
 block [146/669] : done (2045ms) 
 block [147/669] : done (2054ms) 
 block [148/669] : done (2127ms) 
 block [149/669] : done (2041ms) 
 block [150/669] : done (2058ms) 
 block [151/669] : done (2084ms) 
 block [152/669] : done (2059ms) 
 block [153/669] : done (2111ms) 
 block [154/669] : done (2113ms) 
 block [155/669] : done (2132ms) 
 block [156/669] : done (2139ms) 
 block [157/669] : done (2078ms) 
 block [158/669] : done (2106ms) 
 block [159/669] : done (2098ms) 
 block [160/669] : done (2114ms) 
 block [161/669] : done (2083ms) 
 block [162/669] : done (2104ms) 
 block [163/669] : done (2052ms) 
 block [164/669] : done (2023ms) 
 block [165/669] : done (2074ms) 
 block [166/669] : done (2082ms) 
 block [167/669] : done (2067ms) 
 block [168/669] : done (2068ms) 
 block [169/669] : done (2046ms) 
 block [170/669] : done (2151ms) 
 block [171/669] : done (2104ms) 
 block [172/669] : done (2066ms) 
 block [173/669] : done (2044ms) 
 block [174/669] : done (2068ms) 
 block [175/669] : done (2054ms) 
 block [176/669] : done (2029ms) 
 block [177/669] : done (2025ms) 
 block [178/669] : done (2040ms) 
 block [179/669] : done (2104ms) 
 block [180/669] : done (2038ms) 
 block [181/669] : done (2046ms) 
 block [182/669] : done (2042ms) 
 block [183/669] : done (2133ms) 
 block [184/669] : done (2063ms) 
 block [185/669] : done (2092ms) 
 block [186/669] : done (2113ms) 
 block [187/669] : done (2069ms) 
 block [188/669] : done (2042ms) 
 block [189/669] : done (2022ms) 
 block [190/669] : done (2117ms) 
 block [191/669] : done (2156ms) 
 block [192/669] : done (2187ms) 
 block [193/669] : done (2084ms) 
 block [194/669] : done (2106ms) 
 block [195/669] : done (2128ms) 
 block [196/669] : done (2095ms) 
 block [197/669] : done (2098ms) 
 block [198/669] : done (2180ms) 
 block [199/669] : done (2178ms) 
 block [200/669] : done (2173ms) 
 block [201/669] : done (2133ms) 
 block [202/669] : done (2155ms) 
 block [203/669] : done (2170ms) 
 block [204/669] : done (2188ms) 
 block [205/669] : done (2084ms) 
 block [206/669] : done (2157ms) 
 block [207/669] : done (2114ms) 
 block [208/669] : done (2173ms) 
 block [209/669] : done (2102ms) 
 block [210/669] : done (2158ms) 
 block [211/669] : done (2081ms) 
 block [212/669] : done (2148ms) 
 block [213/669] : done (2181ms) 
 block [214/669] : done (2128ms) 
 block [215/669] : done (2142ms) 
 block [216/669] : done (2076ms) 
 block [217/669] : done (2085ms) 
 block [218/669] : done (2084ms) 
 block [219/669] : done (2101ms) 
 block [220/669] : done (2104ms) 
 block [221/669] : done (2114ms) 
 block [222/669] : done (2038ms) 
 block [223/669] : done (2022ms) 
 block [224/669] : done (2074ms) 
 block [225/669] : done (2067ms) 
 block [226/669] : done (2127ms) 
 block [227/669] : done (2095ms) 
 block [228/669] : done (2087ms) 
 block [229/669] : done (2070ms) 
 block [230/669] : done (2167ms) 
 block [231/669] : done (2128ms) 
 block [232/669] : done (2087ms) 
 block [233/669] : done (2100ms) 
 block [234/669] : done (2087ms) 
 block [235/669] : done (2079ms) 
 block [236/669] : done (2024ms) 
 block [237/669] : done (2049ms) 
 block [238/669] : done (2071ms) 
 block [239/669] : done (2032ms) 
 block [240/669] : done (2046ms) 
 block [241/669] : done (2072ms) 
 block [242/669] : done (2118ms) 
 block [243/669] : done (2140ms) 
 block [244/669] : done (2080ms) 
 block [245/669] : done (2117ms) 
 block [246/669] : done (2092ms) 
 block [247/669] : done (2087ms) 
 block [248/669] : done (2068ms) 
 block [249/669] : done (2126ms) 
 block [250/669] : done (2077ms) 
 block [251/669] : done (2140ms) 
 block [252/669] : done (2130ms) 
 block [253/669] : done (2110ms) 
 block [254/669] : done (2068ms) 
 block [255/669] : done (2080ms) 
 block [256/669] : done (2116ms) 
 block [257/669] : done (2111ms) 
 block [258/669] : done (2079ms) 
 block [259/669] : done (2071ms) 
 block [260/669] : done (2060ms) 
 block [261/669] : done (2072ms) 
 block [262/669] : done (2054ms) 
 block [263/669] : done (2140ms) 
 block [264/669] : done (2085ms) 
 block [265/669] : done (2122ms) 
 block [266/669] : done (2139ms) 
 block [267/669] : done (2048ms) 
 block [268/669] : done (2069ms) 
 block [269/669] : done (2049ms) 
 block [270/669] : done (2061ms) 
 block [271/669] : done (2036ms) 
 block [272/669] : done (2035ms) 
 block [273/669] : done (2051ms) 
 block [274/669] : done (2053ms) 
 block [275/669] : done (2092ms) 
 block [276/669] : done (2060ms) 
 block [277/669] : done (2073ms) 
 block [278/669] : done (2152ms) 
 block [279/669] : done (2085ms) 
 block [280/669] : done (2070ms) 
 block [281/669] : done (2081ms) 
 block [282/669] : done (2050ms) 
 block [283/669] : done (2127ms) 
 block [284/669] : done (2152ms) 
 block [285/669] : done (2138ms) 
 block [286/669] : done (2079ms) 
 block [287/669] : done (2092ms) 
 block [288/669] : done (2117ms) 
 block [289/669] : done (2084ms) 
 block [290/669] : done (2063ms) 
 block [291/669] : done (2034ms) 
 block [292/669] : done (2036ms) 
 block [293/669] : done (2035ms) 
 block [294/669] : done (2141ms) 
 block [295/669] : done (2073ms) 
 block [296/669] : done (2036ms) 
 block [297/669] : done (2074ms) 
 block [298/669] : done (2095ms) 
 block [299/669] : done (2110ms) 
 block [300/669] : done (2043ms) 
 block [301/669] : done (2047ms) 
 block [302/669] : done (2026ms) 
 block [303/669] : done (2035ms) 
 block [304/669] : done (2045ms) 
 block [305/669] : done (2086ms) 
 block [306/669] : done (2058ms) 
 block [307/669] : done (2068ms) 
 block [308/669] : done (2071ms) 
 block [309/669] : done (2106ms) 
 block [310/669] : done (2077ms) 
 block [311/669] : done (2064ms) 
 block [312/669] : done (2092ms) 
 block [313/669] : done (2100ms) 
 block [314/669] : done (2077ms) 
 block [315/669] : done (2057ms) 
 block [316/669] : done (2062ms) 
 block [317/669] : done (2057ms) 
 block [318/669] : done (2098ms) 
 block [319/669] : done (2067ms) 
 block [320/669] : done (2033ms) 
 block [321/669] : done (1984ms) 
 block [322/669] : done (2122ms) 
 block [323/669] : done (2061ms) 
 block [324/669] : done (2032ms) 
 block [325/669] : done (2041ms) 
 block [326/669] : done (2082ms) 
 block [327/669] : done (2072ms) 
 block [328/669] : done (2121ms) 
 block [329/669] : done (2051ms) 
 block [330/669] : done (2079ms) 
 block [331/669] : done (2111ms) 
 block [332/669] : done (2086ms) 
 block [333/669] : done (2081ms) 
 block [334/669] : done (2095ms) 
 block [335/669] : done (2082ms) 
 block [336/669] : done (2069ms) 
 block [337/669] : done (2064ms) 
 block [338/669] : done (2115ms) 
 block [339/669] : done (2132ms) 
 block [340/669] : done (2152ms) 
 block [341/669] : done (2127ms) 
 block [342/669] : done (2094ms) 
 block [343/669] : done (2143ms) 
 block [344/669] : done (2121ms) 
 block [345/669] : done (2166ms) 
 block [346/669] : done (2144ms) 
 block [347/669] : done (2112ms) 
 block [348/669] : done (2216ms) 
 block [349/669] : done (2085ms) 
 block [350/669] : done (2149ms) 
 block [351/669] : done (2097ms) 
 block [352/669] : done (2127ms) 
 block [353/669] : done (2118ms) 
 block [354/669] : done (2110ms) 
 block [355/669] : done (2179ms) 
 block [356/669] : done (2089ms) 
 block [357/669] : done (2030ms) 
 block [358/669] : done (2136ms) 
 block [359/669] : done (2139ms) 
 block [360/669] : done (2061ms) 
 block [361/669] : done (2114ms) 
 block [362/669] : done (2096ms) 
 block [363/669] : done (2078ms) 
 block [364/669] : done (2075ms) 
 block [365/669] : done (2086ms) 
 block [366/669] : done (2105ms) 
 block [367/669] : done (2065ms) 
 block [368/669] : done (2071ms) 
 block [369/669] : done (2060ms) 
 block [370/669] : done (2044ms) 
 block [371/669] : done (2065ms) 
 block [372/669] : done (2075ms) 
 block [373/669] : done (2105ms) 
 block [374/669] : done (2109ms) 
 block [375/669] : done (2106ms) 
 block [376/669] : done (2141ms) 
 block [377/669] : done (2107ms) 
 block [378/669] : done (2031ms) 
 block [379/669] : done (2115ms) 
 block [380/669] : done (2048ms) 
 block [381/669] : done (2124ms) 
 block [382/669] : done (2161ms) 
 block [383/669] : done (2123ms) 
 block [384/669] : done (2128ms) 
 block [385/669] : done (2093ms) 
 block [386/669] : done (2148ms) 
 block [387/669] : done (2086ms) 
 block [388/669] : done (2091ms) 
 block [389/669] : done (2096ms) 
 block [390/669] : done (2058ms) 
 block [391/669] : done (2058ms) 
 block [392/669] : done (2117ms) 
 block [393/669] : done (2087ms) 
 block [394/669] : done (2058ms) 
 block [395/669] : done (2029ms) 
 block [396/669] : done (2052ms) 
 block [397/669] : done (2118ms) 
 block [398/669] : done (2143ms) 
 block [399/669] : done (2140ms) 
 block [400/669] : done (2149ms) 
 block [401/669] : done (2110ms) 
 block [402/669] : done (2080ms) 
 block [403/669] : done (2159ms) 
 block [404/669] : done (2098ms) 
 block [405/669] : done (2115ms) 
 block [406/669] : done (2113ms) 
 block [407/669] : done (2070ms) 
 block [408/669] : done (2125ms) 
 block [409/669] : done (2089ms) 
 block [410/669] : done (2090ms) 
 block [411/669] : done (2079ms) 
 block [412/669] : done (2166ms) 
 block [413/669] : done (2117ms) 
 block [414/669] : done (2099ms) 
 block [415/669] : done (2109ms) 
 block [416/669] : done (2070ms) 
 block [417/669] : done (2084ms) 
 block [418/669] : done (2081ms) 
 block [419/669] : done (2078ms) 
 block [420/669] : done (2060ms) 
 block [421/669] : done (2063ms) 
 block [422/669] : done (2062ms) 
 block [423/669] : done (2065ms) 
 block [424/669] : done (2079ms) 
 block [425/669] : done (2089ms) 
 block [426/669] : done (2045ms) 
 block [427/669] : done (2068ms) 
 block [428/669] : done (2057ms) 
 block [429/669] : done (2071ms) 
 block [430/669] : done (2069ms) 
 block [431/669] : done (2089ms) 
 block [432/669] : done (2070ms) 
 block [433/669] : done (2115ms) 
 block [434/669] : done (2132ms) 
 block [435/669] : done (2128ms) 
 block [436/669] : done (2038ms) 
 block [437/669] : done (2027ms) 
 block [438/669] : done (2089ms) 
 block [439/669] : done (2029ms) 
 block [440/669] : done (2137ms) 
 block [441/669] : done (2035ms) 
 block [442/669] : done (2088ms) 
 block [443/669] : done (2150ms) 
 block [444/669] : done (2162ms) 
 block [445/669] : done (2117ms) 
 block [446/669] : done (2105ms) 
 block [447/669] : done (2117ms) 
 block [448/669] : done (2114ms) 
 block [449/669] : done (2040ms) 
 block [450/669] : done (2076ms) 
 block [451/669] : done (2101ms) 
 block [452/669] : done (2054ms) 
 block [453/669] : done (2121ms) 
 block [454/669] : done (2070ms) 
 block [455/669] : done (2107ms) 
 block [456/669] : done (2096ms) 
 block [457/669] : done (2086ms) 
 block [458/669] : done (2016ms) 
 block [459/669] : done (2024ms) 
 block [460/669] : done (2019ms) 
 block [461/669] : done (2118ms) 
 block [462/669] : done (2102ms) 
 block [463/669] : done (2144ms) 
 block [464/669] : done (2089ms) 
 block [465/669] : done (2113ms) 
 block [466/669] : done (2089ms) 
 block [467/669] : done (2104ms) 
 block [468/669] : done (2145ms) 
 block [469/669] : done (2094ms) 
 block [470/669] : done (2128ms) 
 block [471/669] : done (2208ms) 
 block [472/669] : done (2205ms) 
 block [473/669] : done (2224ms) 
 block [474/669] : done (2147ms) 
 block [475/669] : done (2118ms) 
 block [476/669] : done (2110ms) 
 block [477/669] : done (2193ms) 
 block [478/669] : done (2177ms) 
 block [479/669] : done (2143ms) 
 block [480/669] : done (2171ms) 
 block [481/669] : done (2093ms) 
 block [482/669] : done (2069ms) 
 block [483/669] : done (2228ms) 
 block [484/669] : done (2269ms) 
 block [485/669] : done (2184ms) 
 block [486/669] : done (2141ms) 
 block [487/669] : done (2078ms) 
 block [488/669] : done (2163ms) 
 block [489/669] : done (2206ms) 
 block [490/669] : done (2139ms) 
 block [491/669] : done (2101ms) 
 block [492/669] : done (2079ms) 
 block [493/669] : done (2109ms) 
 block [494/669] : done (2071ms) 
 block [495/669] : done (2079ms) 
 block [496/669] : done (2070ms) 
 block [497/669] : done (2017ms) 
 block [498/669] : done (2036ms) 
 block [499/669] : done (2021ms) 
 block [500/669] : done (2081ms) 
 block [501/669] : done (2064ms) 
 block [502/669] : done (2107ms) 
 block [503/669] : done (2145ms) 
 block [504/669] : done (2097ms) 
 block [505/669] : done (2078ms) 
 block [506/669] : done (2064ms) 
 block [507/669] : done (2062ms) 
 block [508/669] : done (2102ms) 
 block [509/669] : done (2093ms) 
 block [510/669] : done (2085ms) 
 block [511/669] : done (2120ms) 
 block [512/669] : done (2140ms) 
 block [513/669] : done (2064ms) 
 block [514/669] : done (2045ms) 
 block [515/669] : done (2149ms) 
 block [516/669] : done (2098ms) 
 block [517/669] : done (2034ms) 
 block [518/669] : done (2095ms) 
 block [519/669] : done (2079ms) 
 block [520/669] : done (2061ms) 
 block [521/669] : done (2112ms) 
 block [522/669] : done (2015ms) 
 block [523/669] : done (2044ms) 
 block [524/669] : done (2086ms) 
 block [525/669] : done (2096ms) 
 block [526/669] : done (2050ms) 
 block [527/669] : done (2124ms) 
 block [528/669] : done (2148ms) 
 block [529/669] : done (2115ms) 
 block [530/669] : done (2038ms) 
 block [531/669] : done (2037ms) 
 block [532/669] : done (2073ms) 
 block [533/669] : done (2076ms) 
 block [534/669] : done (2082ms) 
 block [535/669] : done (2128ms) 
 block [536/669] : done (2111ms) 
 block [537/669] : done (2070ms) 
 block [538/669] : done (2111ms) 
 block [539/669] : done (2032ms) 
 block [540/669] : done (2078ms) 
 block [541/669] : done (2036ms) 
 block [542/669] : done (2034ms) 
 block [543/669] : done (2050ms) 
 block [544/669] : done (1994ms) 
 block [545/669] : done (2072ms) 
 block [546/669] : done (2088ms) 
 block [547/669] : done (2110ms) 
 block [548/669] : done (2073ms) 
 block [549/669] : done (2094ms) 
 block [550/669] : done (2114ms) 
 block [551/669] : done (2050ms) 
 block [552/669] : done (2063ms) 
 block [553/669] : done (2089ms) 
 block [554/669] : done (2066ms) 
 block [555/669] : done (2047ms) 
 block [556/669] : done (2043ms) 
 block [557/669] : done (2075ms) 
 block [558/669] : done (2084ms) 
 block [559/669] : done (2080ms) 
 block [560/669] : done (2026ms) 
 block [561/669] : done (2054ms) 
 block [562/669] : done (2023ms) 
 block [563/669] : done (2050ms) 
 block [564/669] : done (2066ms) 
 block [565/669] : done (2108ms) 
 block [566/669] : done (2162ms) 
 block [567/669] : done (2156ms) 
 block [568/669] : done (2065ms) 
 block [569/669] : done (2111ms) 
 block [570/669] : done (2121ms) 
 block [571/669] : done (2206ms) 
 block [572/669] : done (2040ms) 
 block [573/669] : done (2061ms) 
 block [574/669] : done (2101ms) 
 block [575/669] : done (2003ms) 
 block [576/669] : done (1982ms) 
 block [577/669] : done (2034ms) 
 block [578/669] : done (2066ms) 
 block [579/669] : done (2051ms) 
 block [580/669] : done (2027ms) 
 block [581/669] : done (2010ms) 
 block [582/669] : done (1982ms) 
 block [583/669] : done (1976ms) 
 block [584/669] : done (1997ms) 
 block [585/669] : done (1991ms) 
 block [586/669] : done (1982ms) 
 block [587/669] : done (2042ms) 
 block [588/669] : done (1980ms) 
 block [589/669] : done (2070ms) 
 block [590/669] : done (2070ms) 
 block [591/669] : done (2046ms) 
 block [592/669] : done (2005ms) 
 block [593/669] : done (2049ms) 
 block [594/669] : done (2091ms) 
 block [595/669] : done (2092ms) 
 block [596/669] : done (2135ms) 
 block [597/669] : done (2075ms) 
 block [598/669] : done (2080ms) 
 block [599/669] : done (2166ms) 
 block [600/669] : done (2094ms) 
 block [601/669] : done (2069ms) 
 block [602/669] : done (2115ms) 
 block [603/669] : done (2077ms) 
 block [604/669] : done (2055ms) 
 block [605/669] : done (2035ms) 
 block [606/669] : done (2049ms) 
 block [607/669] : done (2097ms) 
 block [608/669] : done (2045ms) 
 block [609/669] : done (2184ms) 
 block [610/669] : done (2120ms) 
 block [611/669] : done (2086ms) 
 block [612/669] : done (2162ms) 
 block [613/669] : done (2113ms) 
 block [614/669] : done (2060ms) 
 block [615/669] : done (2179ms) 
 block [616/669] : done (2192ms) 
 block [617/669] : done (2063ms) 
 block [618/669] : done (2061ms) 
 block [619/669] : done (2025ms) 
 block [620/669] : done (2000ms) 
 block [621/669] : done (2054ms) 
 block [622/669] : done (2143ms) 
 block [623/669] : done (2099ms) 
 block [624/669] : done (2135ms) 
 block [625/669] : done (2042ms) 
 block [626/669] : done (2074ms) 
 block [627/669] : done (2051ms) 
 block [628/669] : done (2101ms) 
 block [629/669] : done (2043ms) 
 block [630/669] : done (2051ms) 
 block [631/669] : done (2103ms) 
 block [632/669] : done (2072ms) 
 block [633/669] : done (2003ms) 
 block [634/669] : done (2117ms) 
 block [635/669] : done (2029ms) 
 block [636/669] : done (2080ms) 
 block [637/669] : done (2029ms) 
 block [638/669] : done (2086ms) 
 block [639/669] : done (2096ms) 
 block [640/669] : done (2029ms) 
 block [641/669] : done (2086ms) 
 block [642/669] : done (2071ms) 
 block [643/669] : done (2054ms) 
 block [644/669] : done (2053ms) 
 block [645/669] : done (2051ms) 
 block [646/669] : done (2080ms) 
 block [647/669] : done (2067ms) 
 block [648/669] : done (2114ms) 
 block [649/669] : done (2158ms) 
 block [650/669] : done (2131ms) 
 block [651/669] : done (2087ms) 
 block [652/669] : done (2104ms) 
 block [653/669] : done (2078ms) 
 block [654/669] : done (2054ms) 
 block [655/669] : done (2049ms) 
 block [656/669] : done (2092ms) 
 block [657/669] : done (2044ms) 
 block [658/669] : done (2035ms) 
 block [659/669] : done (2065ms) 
 block [660/669] : done (2072ms) 
 block [661/669] : done (2095ms) 
 block [662/669] : done (2118ms) 
 block [663/669] : done (2101ms) 
 block [664/669] : done (2070ms) 
 block [665/669] : done (2094ms) 
 block [666/669] : done (2096ms) 
 block [667/669] : done (2085ms) 
 block [668/669] : done (2128ms) 
 block [669/669] : done (1887ms) 

Association results stored separately for each trait in files : 
* [result/06_step2/sig_weight_eur_step2.chr19_eur_SIG0_AUC.regenie]
* [result/06_step2/sig_weight_eur_step2.chr19_eur_SIG1_AUC.regenie]
* [result/06_step2/sig_weight_eur_step2.chr19_eur_SIG2_AUC.regenie]
* [result/06_step2/sig_weight_eur_step2.chr19_eur_SIG3_AUC.regenie]
* [result/06_step2/sig_weight_eur_step2.chr19_eur_SIG4_AUC.regenie]
* [result/06_step2/sig_weight_eur_step2.chr19_eur_SIG5_AUC.regenie]
* [result/06_step2/sig_weight_eur_step2.chr19_eur_SIG6_AUC.regenie]
* [result/06_step2/sig_weight_eur_step2.chr19_eur_SIG7_AUC.regenie]
* [result/06_step2/sig_weight_eur_step2.chr19_eur_SIG8_AUC.regenie]
* [result/06_step2/sig_weight_eur_step2.chr19_eur_SIG9_AUC.regenie]
* [result/06_step2/sig_weight_eur_step2.chr19_eur_SIG10_AUC.regenie]
* [result/06_step2/sig_weight_eur_step2.chr19_eur_SIG11_AUC.regenie]
* [result/06_step2/sig_weight_eur_step2.chr19_eur_SIG12_AUC.regenie]
* [result/06_step2/sig_weight_eur_step2.chr19_eur_SIG13_AUC.regenie]
* [result/06_step2/sig_weight_eur_step2.chr19_eur_SIG14_AUC.regenie]
* [result/06_step2/sig_weight_eur_step2.chr19_eur_SIG15_AUC.regenie]
* [result/06_step2/sig_weight_eur_step2.chr19_eur_SIG16_AUC.regenie]
* [result/06_step2/sig_weight_eur_step2.chr19_eur_SIG17_AUC.regenie]
* [result/06_step2/sig_weight_eur_step2.chr19_eur_SIG18_AUC.regenie]
* [result/06_step2/sig_weight_eur_step2.chr19_eur_SIG19_AUC.regenie]
* [result/06_step2/sig_weight_eur_step2.chr19_eur_SIG20_AUC.regenie]

Number of ignored tests due to low MAC or info score : 0

Elapsed time : 1436.93s
End time: Wed Dec 17 07:29:43 2025

