Start time: Wed Dec 17 07:05:46 2025

              |=============================|
              |      REGENIE v3.2.5.gz      |
              |=============================|

Copyright (c) 2020-2022 Joelle Mbatchou, Andrey Ziyatdinov and Jonathan Marchini.
Distributed under the MIT License.
Compiled with Boost Iostream library.
Using Intel MKL with Eigen.

Log of output saved in file : result/06_step2/sig_weight_eur_step2.chr9_eur.log

Options in effect:
  --step 2 \
  --bgen /broad/ukbb/imputed_v3/ukb_imp_chr9_v3.bgen \
  --sample /medpop/esp2/pradeep/UKBiobank/v3data/ukb7089_imp_chr3_v3_s487395.sample \
  --ref-first \
  --extract ../data/step2/var.chr9_eur.list.snplist \
  --keep ../data/sample_list_eur.txt \
  --covarFile ../data/sig_weight_cov_file.tsv \
  --phenoFile /medpop/esp2/tnakao/analyses/projects/collab/Sarah_signature_weights_GWAS/import/signature_auc_phenotypes_last.txt \
  --bsize 200 \
  --threads 4 \
  --qt \
  --catCovarList genotyping_array,Inferred_Gender \
  --pred result/04_step1/sig_weight_eur_step1_pred.list \
  --minINFO 0.7 \
  --out result/06_step2/sig_weight_eur_step2.chr9_eur

Association testing mode with fast multithreading using OpenMP
 * bgen             : [/broad/ukbb/imputed_v3/ukb_imp_chr9_v3.bgen]
   -summary : bgen file (v1.2 layout, zlib compressed) with 487409 anonymous samples and 4066774 variants with 8-bit encoding.
   -index bgi file [/broad/ukbb/imputed_v3/ukb_imp_chr9_v3.bgen.bgi]
   -keeping variants specified by --extract
   -number of variants remaining in the analysis = 268499
   -sample file: /medpop/esp2/pradeep/UKBiobank/v3data/ukb7089_imp_chr3_v3_s487395.sample
   -keeping only individuals specified by --keep
   -number of genotyped individuals remaining in the analysis = 361171
 * phenotypes       : [/medpop/esp2/tnakao/analyses/projects/collab/Sarah_signature_weights_GWAS/import/signature_auc_phenotypes_last.txt] n_pheno = 21
   -number of phenotyped individuals  = 361171
 * covariates       : [../data/sig_weight_cov_file.tsv] n_cov = 13
   -number of individuals with covariate data = 361171
 * number of individuals used in analysis = 361171
 * number of observations for each trait:
   - 'SIG0_AUC': 361171 observations
   - 'SIG1_AUC': 361171 observations
   - 'SIG2_AUC': 361171 observations
   - 'SIG3_AUC': 361171 observations
   - 'SIG4_AUC': 361171 observations
   - 'SIG5_AUC': 361171 observations
   - 'SIG6_AUC': 361171 observations
   - 'SIG7_AUC': 361171 observations
   - 'SIG8_AUC': 361171 observations
   - 'SIG9_AUC': 361171 observations
   - 'SIG10_AUC': 361171 observations
   - 'SIG11_AUC': 361171 observations
   - 'SIG12_AUC': 361171 observations
   - 'SIG13_AUC': 361171 observations
   - 'SIG14_AUC': 361171 observations
   - 'SIG15_AUC': 361171 observations
   - 'SIG16_AUC': 361171 observations
   - 'SIG17_AUC': 361171 observations
   - 'SIG18_AUC': 361171 observations
   - 'SIG19_AUC': 361171 observations
   - 'SIG20_AUC': 361171 observations
 * LOCO predictions : [result/04_step1/sig_weight_eur_step1_pred.list]
   -file [/medpop/esp2/tnakao/analyses/projects/collab/Sarah_signature_weights_GWAS/96_last_250319/result/04_step1/sig_weight_eur_step1_1.loco] for phenotype 'SIG0_AUC'
   -file [/medpop/esp2/tnakao/analyses/projects/collab/Sarah_signature_weights_GWAS/96_last_250319/result/04_step1/sig_weight_eur_step1_2.loco] for phenotype 'SIG1_AUC'
   -file [/medpop/esp2/tnakao/analyses/projects/collab/Sarah_signature_weights_GWAS/96_last_250319/result/04_step1/sig_weight_eur_step1_3.loco] for phenotype 'SIG2_AUC'
   -file [/medpop/esp2/tnakao/analyses/projects/collab/Sarah_signature_weights_GWAS/96_last_250319/result/04_step1/sig_weight_eur_step1_4.loco] for phenotype 'SIG3_AUC'
   -file [/medpop/esp2/tnakao/analyses/projects/collab/Sarah_signature_weights_GWAS/96_last_250319/result/04_step1/sig_weight_eur_step1_5.loco] for phenotype 'SIG4_AUC'
   -file [/medpop/esp2/tnakao/analyses/projects/collab/Sarah_signature_weights_GWAS/96_last_250319/result/04_step1/sig_weight_eur_step1_6.loco] for phenotype 'SIG5_AUC'
   -file [/medpop/esp2/tnakao/analyses/projects/collab/Sarah_signature_weights_GWAS/96_last_250319/result/04_step1/sig_weight_eur_step1_7.loco] for phenotype 'SIG6_AUC'
   -file [/medpop/esp2/tnakao/analyses/projects/collab/Sarah_signature_weights_GWAS/96_last_250319/result/04_step1/sig_weight_eur_step1_8.loco] for phenotype 'SIG7_AUC'
   -file [/medpop/esp2/tnakao/analyses/projects/collab/Sarah_signature_weights_GWAS/96_last_250319/result/04_step1/sig_weight_eur_step1_9.loco] for phenotype 'SIG8_AUC'
   -file [/medpop/esp2/tnakao/analyses/projects/collab/Sarah_signature_weights_GWAS/96_last_250319/result/04_step1/sig_weight_eur_step1_10.loco] for phenotype 'SIG9_AUC'
   -file [/medpop/esp2/tnakao/analyses/projects/collab/Sarah_signature_weights_GWAS/96_last_250319/result/04_step1/sig_weight_eur_step1_11.loco] for phenotype 'SIG10_AUC'
   -file [/medpop/esp2/tnakao/analyses/projects/collab/Sarah_signature_weights_GWAS/96_last_250319/result/04_step1/sig_weight_eur_step1_12.loco] for phenotype 'SIG11_AUC'
   -file [/medpop/esp2/tnakao/analyses/projects/collab/Sarah_signature_weights_GWAS/96_last_250319/result/04_step1/sig_weight_eur_step1_13.loco] for phenotype 'SIG12_AUC'
   -file [/medpop/esp2/tnakao/analyses/projects/collab/Sarah_signature_weights_GWAS/96_last_250319/result/04_step1/sig_weight_eur_step1_14.loco] for phenotype 'SIG13_AUC'
   -file [/medpop/esp2/tnakao/analyses/projects/collab/Sarah_signature_weights_GWAS/96_last_250319/result/04_step1/sig_weight_eur_step1_15.loco] for phenotype 'SIG14_AUC'
   -file [/medpop/esp2/tnakao/analyses/projects/collab/Sarah_signature_weights_GWAS/96_last_250319/result/04_step1/sig_weight_eur_step1_16.loco] for phenotype 'SIG15_AUC'
   -file [/medpop/esp2/tnakao/analyses/projects/collab/Sarah_signature_weights_GWAS/96_last_250319/result/04_step1/sig_weight_eur_step1_17.loco] for phenotype 'SIG16_AUC'
   -file [/medpop/esp2/tnakao/analyses/projects/collab/Sarah_signature_weights_GWAS/96_last_250319/result/04_step1/sig_weight_eur_step1_18.loco] for phenotype 'SIG17_AUC'
   -file [/medpop/esp2/tnakao/analyses/projects/collab/Sarah_signature_weights_GWAS/96_last_250319/result/04_step1/sig_weight_eur_step1_19.loco] for phenotype 'SIG18_AUC'
   -file [/medpop/esp2/tnakao/analyses/projects/collab/Sarah_signature_weights_GWAS/96_last_250319/result/04_step1/sig_weight_eur_step1_20.loco] for phenotype 'SIG19_AUC'
   -file [/medpop/esp2/tnakao/analyses/projects/collab/Sarah_signature_weights_GWAS/96_last_250319/result/04_step1/sig_weight_eur_step1_21.loco] for phenotype 'SIG20_AUC'
   -residualizing and scaling phenotypes...done (60ms) 
 * # threads        : [4]
 * block size       : [200]
 * # blocks         : [1343]
 * approximate memory usage : 2GB
 * using minimum MAC of 5 (variants with lower MAC are ignored)
 * using minimum imputation info score of 0.7 (variants with lower info score are ignored)

Chromosome 9 [1343 blocks in total]
   -reading loco predictions for the chromosome...done (10499ms) 
 block [1/1343] : done (2024ms) 
 block [2/1343] : done (1915ms) 
 block [3/1343] : done (1958ms) 
 block [4/1343] : done (1928ms) 
 block [5/1343] : done (2070ms) 
 block [6/1343] : done (1903ms) 
 block [7/1343] : done (1948ms) 
 block [8/1343] : done (1897ms) 
 block [9/1343] : done (1908ms) 
 block [10/1343] : done (2196ms) 
 block [11/1343] : done (2193ms) 
 block [12/1343] : done (2449ms) 
 block [13/1343] : done (2172ms) 
 block [14/1343] : done (2155ms) 
 block [15/1343] : done (2190ms) 
 block [16/1343] : done (2218ms) 
 block [17/1343] : done (2304ms) 
 block [18/1343] : done (2193ms) 
 block [19/1343] : done (2418ms) 
 block [20/1343] : done (2311ms) 
 block [21/1343] : done (2413ms) 
 block [22/1343] : done (2198ms) 
 block [23/1343] : done (2304ms) 
 block [24/1343] : done (2264ms) 
 block [25/1343] : done (2280ms) 
 block [26/1343] : done (2376ms) 
 block [27/1343] : done (2159ms) 
 block [28/1343] : done (2271ms) 
 block [29/1343] : done (2270ms) 
 block [30/1343] : done (2278ms) 
 block [31/1343] : done (2244ms) 
 block [32/1343] : done (2228ms) 
 block [33/1343] : done (2311ms) 
 block [34/1343] : done (2201ms) 
 block [35/1343] : done (2285ms) 
 block [36/1343] : done (2171ms) 
 block [37/1343] : done (2145ms) 
 block [38/1343] : done (2198ms) 
 block [39/1343] : done (2257ms) 
 block [40/1343] : done (2324ms) 
 block [41/1343] : done (2232ms) 
 block [42/1343] : done (2375ms) 
 block [43/1343] : done (2542ms) 
 block [44/1343] : done (2493ms) 
 block [45/1343] : done (2307ms) 
 block [46/1343] : done (2344ms) 
 block [47/1343] : done (2285ms) 
 block [48/1343] : done (2345ms) 
 block [49/1343] : done (2294ms) 
 block [50/1343] : done (2388ms) 
 block [51/1343] : done (2408ms) 
 block [52/1343] : done (2288ms) 
 block [53/1343] : done (2384ms) 
 block [54/1343] : done (2282ms) 
 block [55/1343] : done (2278ms) 
 block [56/1343] : done (2307ms) 
 block [57/1343] : done (2231ms) 
 block [58/1343] : done (2378ms) 
 block [59/1343] : done (2246ms) 
 block [60/1343] : done (2340ms) 
 block [61/1343] : done (2311ms) 
 block [62/1343] : done (2331ms) 
 block [63/1343] : done (2209ms) 
 block [64/1343] : done (2263ms) 
 block [65/1343] : done (2275ms) 
 block [66/1343] : done (2249ms) 
 block [67/1343] : done (2389ms) 
 block [68/1343] : done (2298ms) 
 block [69/1343] : done (2197ms) 
 block [70/1343] : done (2284ms) 
 block [71/1343] : done (2238ms) 
 block [72/1343] : done (2436ms) 
 block [73/1343] : done (2231ms) 
 block [74/1343] : done (2235ms) 
 block [75/1343] : done (2313ms) 
 block [76/1343] : done (2221ms) 
 block [77/1343] : done (2186ms) 
 block [78/1343] : done (2379ms) 
 block [79/1343] : done (2182ms) 
 block [80/1343] : done (2236ms) 
 block [81/1343] : done (2139ms) 
 block [82/1343] : done (2177ms) 
 block [83/1343] : done (2201ms) 
 block [84/1343] : done (2259ms) 
 block [85/1343] : done (2430ms) 
 block [86/1343] : done (2164ms) 
 block [87/1343] : done (2247ms) 
 block [88/1343] : done (2160ms) 
 block [89/1343] : done (2153ms) 
 block [90/1343] : done (2291ms) 
 block [91/1343] : done (2245ms) 
 block [92/1343] : done (2259ms) 
 block [93/1343] : done (2530ms) 
 block [94/1343] : done (2236ms) 
 block [95/1343] : done (2233ms) 
 block [96/1343] : done (2288ms) 
 block [97/1343] : done (2195ms) 
 block [98/1343] : done (2362ms) 
 block [99/1343] : done (2280ms) 
 block [100/1343] : done (2230ms) 
 block [101/1343] : done (2212ms) 
 block [102/1343] : done (2186ms) 
 block [103/1343] : done (2278ms) 
 block [104/1343] : done (2262ms) 
 block [105/1343] : done (2400ms) 
 block [106/1343] : done (2184ms) 
 block [107/1343] : done (2235ms) 
 block [108/1343] : done (2172ms) 
 block [109/1343] : done (2315ms) 
 block [110/1343] : done (2305ms) 
 block [111/1343] : done (2251ms) 
 block [112/1343] : done (2281ms) 
 block [113/1343] : done (2202ms) 
 block [114/1343] : done (2290ms) 
 block [115/1343] : done (2240ms) 
 block [116/1343] : done (2539ms) 
 block [117/1343] : done (2627ms) 
 block [118/1343] : done (2479ms) 
 block [119/1343] : done (2335ms) 
 block [120/1343] : done (2566ms) 
 block [121/1343] : done (2467ms) 
 block [122/1343] : done (2420ms) 
 block [123/1343] : done (2580ms) 
 block [124/1343] : done (2394ms) 
 block [125/1343] : done (2341ms) 
 block [126/1343] : done (2492ms) 
 block [127/1343] : done (2571ms) 
 block [128/1343] : done (2366ms) 
 block [129/1343] : done (2372ms) 
 block [130/1343] : done (2510ms) 
 block [131/1343] : done (2402ms) 
 block [132/1343] : done (2384ms) 
 block [133/1343] : done (2500ms) 
 block [134/1343] : done (2466ms) 
 block [135/1343] : done (2527ms) 
 block [136/1343] : done (2423ms) 
 block [137/1343] : done (2243ms) 
 block [138/1343] : done (2343ms) 
 block [139/1343] : done (2328ms) 
 block [140/1343] : done (2347ms) 
 block [141/1343] : done (2211ms) 
 block [142/1343] : done (2278ms) 
 block [143/1343] : done (2294ms) 
 block [144/1343] : done (2267ms) 
 block [145/1343] : done (2337ms) 
 block [146/1343] : done (2421ms) 
 block [147/1343] : done (2212ms) 
 block [148/1343] : done (2094ms) 
 block [149/1343] : done (2098ms) 
 block [150/1343] : done (2136ms) 
 block [151/1343] : done (2067ms) 
 block [152/1343] : done (2205ms) 
 block [153/1343] : done (2046ms) 
 block [154/1343] : done (2246ms) 
 block [155/1343] : done (2042ms) 
 block [156/1343] : done (2174ms) 
 block [157/1343] : done (2170ms) 
 block [158/1343] : done (2068ms) 
 block [159/1343] : done (2079ms) 
 block [160/1343] : done (2139ms) 
 block [161/1343] : done (2084ms) 
 block [162/1343] : done (2191ms) 
 block [163/1343] : done (2050ms) 
 block [164/1343] : done (2020ms) 
 block [165/1343] : done (2108ms) 
 block [166/1343] : done (2061ms) 
 block [167/1343] : done (2009ms) 
 block [168/1343] : done (2018ms) 
 block [169/1343] : done (2172ms) 
 block [170/1343] : done (2046ms) 
 block [171/1343] : done (2211ms) 
 block [172/1343] : done (2147ms) 
 block [173/1343] : done (2069ms) 
 block [174/1343] : done (1993ms) 
 block [175/1343] : done (2040ms) 
 block [176/1343] : done (2051ms) 
 block [177/1343] : done (2023ms) 
 block [178/1343] : done (1999ms) 
 block [179/1343] : done (2040ms) 
 block [180/1343] : done (2148ms) 
 block [181/1343] : done (1996ms) 
 block [182/1343] : done (1979ms) 
 block [183/1343] : done (2003ms) 
 block [184/1343] : done (2016ms) 
 block [185/1343] : done (2057ms) 
 block [186/1343] : done (2030ms) 
 block [187/1343] : done (2062ms) 
 block [188/1343] : done (2101ms) 
 block [189/1343] : done (2209ms) 
 block [190/1343] : done (2126ms) 
 block [191/1343] : done (2245ms) 
 block [192/1343] : done (2055ms) 
 block [193/1343] : done (1993ms) 
 block [194/1343] : done (2066ms) 
 block [195/1343] : done (2086ms) 
 block [196/1343] : done (2056ms) 
 block [197/1343] : done (2124ms) 
 block [198/1343] : done (2150ms) 
 block [199/1343] : done (2150ms) 
 block [200/1343] : done (2167ms) 
 block [201/1343] : done (2059ms) 
 block [202/1343] : done (2035ms) 
 block [203/1343] : done (2083ms) 
 block [204/1343] : done (2086ms) 
 block [205/1343] : done (2005ms) 
 block [206/1343] : done (2091ms) 
 block [207/1343] : done (2191ms) 
 block [208/1343] : done (2151ms) 
 block [209/1343] : done (2151ms) 
 block [210/1343] : done (2130ms) 
 block [211/1343] : done (2085ms) 
 block [212/1343] : done (2071ms) 
 block [213/1343] : done (2236ms) 
 block [214/1343] : done (2112ms) 
 block [215/1343] : done (2174ms) 
 block [216/1343] : done (2140ms) 
 block [217/1343] : done (2067ms) 
 block [218/1343] : done (2070ms) 
 block [219/1343] : done (2044ms) 
 block [220/1343] : done (1999ms) 
 block [221/1343] : done (2023ms) 
 block [222/1343] : done (2056ms) 
 block [223/1343] : done (2070ms) 
 block [224/1343] : done (2031ms) 
 block [225/1343] : done (2078ms) 
 block [226/1343] : done (2116ms) 
 block [227/1343] : done (2084ms) 
 block [228/1343] : done (1972ms) 
 block [229/1343] : done (2054ms) 
 block [230/1343] : done (2067ms) 
 block [231/1343] : done (2084ms) 
 block [232/1343] : done (2117ms) 
 block [233/1343] : done (2039ms) 
 block [234/1343] : done (2080ms) 
 block [235/1343] : done (2061ms) 
 block [236/1343] : done (2163ms) 
 block [237/1343] : done (2079ms) 
 block [238/1343] : done (2052ms) 
 block [239/1343] : done (2005ms) 
 block [240/1343] : done (2083ms) 
 block [241/1343] : done (2107ms) 
 block [242/1343] : done (2152ms) 
 block [243/1343] : done (2209ms) 
 block [244/1343] : done (2073ms) 
 block [245/1343] : done (2170ms) 
 block [246/1343] : done (2100ms) 
 block [247/1343] : done (2086ms) 
 block [248/1343] : done (2063ms) 
 block [249/1343] : done (2068ms) 
 block [250/1343] : done (2116ms) 
 block [251/1343] : done (2202ms) 
 block [252/1343] : done (2544ms) 
 block [253/1343] : done (2246ms) 
 block [254/1343] : done (2203ms) 
 block [255/1343] : done (2158ms) 
 block [256/1343] : done (2145ms) 
 block [257/1343] : done (2105ms) 
 block [258/1343] : done (2125ms) 
 block [259/1343] : done (2063ms) 
 block [260/1343] : done (2099ms) 
 block [261/1343] : done (2057ms) 
 block [262/1343] : done (2068ms) 
 block [263/1343] : done (2023ms) 
 block [264/1343] : done (2011ms) 
 block [265/1343] : done (2102ms) 
 block [266/1343] : done (2079ms) 
 block [267/1343] : done (2076ms) 
 block [268/1343] : done (2140ms) 
 block [269/1343] : done (2102ms) 
 block [270/1343] : done (2058ms) 
 block [271/1343] : done (2042ms) 
 block [272/1343] : done (2081ms) 
 block [273/1343] : done (2036ms) 
 block [274/1343] : done (2058ms) 
 block [275/1343] : done (2102ms) 
 block [276/1343] : done (2002ms) 
 block [277/1343] : done (2048ms) 
 block [278/1343] : done (2038ms) 
 block [279/1343] : done (2074ms) 
 block [280/1343] : done (2079ms) 
 block [281/1343] : done (2030ms) 
 block [282/1343] : done (1991ms) 
 block [283/1343] : done (2037ms) 
 block [284/1343] : done (2016ms) 
 block [285/1343] : done (2008ms) 
 block [286/1343] : done (2032ms) 
 block [287/1343] : done (2058ms) 
 block [288/1343] : done (2016ms) 
 block [289/1343] : done (1980ms) 
 block [290/1343] : done (1988ms) 
 block [291/1343] : done (1970ms) 
 block [292/1343] : done (1960ms) 
 block [293/1343] : done (2023ms) 
 block [294/1343] : done (2013ms) 
 block [295/1343] : done (2019ms) 
 block [296/1343] : done (1983ms) 
 block [297/1343] : done (1985ms) 
 block [298/1343] : done (2064ms) 
 block [299/1343] : done (2011ms) 
 block [300/1343] : done (2042ms) 
 block [301/1343] : done (1977ms) 
 block [302/1343] : done (2001ms) 
 block [303/1343] : done (2041ms) 
 block [304/1343] : done (2047ms) 
 block [305/1343] : done (1960ms) 
 block [306/1343] : done (1930ms) 
 block [307/1343] : done (2065ms) 
 block [308/1343] : done (1999ms) 
 block [309/1343] : done (2016ms) 
 block [310/1343] : done (1973ms) 
 block [311/1343] : done (1897ms) 
 block [312/1343] : done (2015ms) 
 block [313/1343] : done (2014ms) 
 block [314/1343] : done (1990ms) 
 block [315/1343] : done (2016ms) 
 block [316/1343] : done (2001ms) 
 block [317/1343] : done (1960ms) 
 block [318/1343] : done (1981ms) 
 block [319/1343] : done (1945ms) 
 block [320/1343] : done (2008ms) 
 block [321/1343] : done (2198ms) 
 block [322/1343] : done (1959ms) 
 block [323/1343] : done (1919ms) 
 block [324/1343] : done (1914ms) 
 block [325/1343] : done (1978ms) 
 block [326/1343] : done (1963ms) 
 block [327/1343] : done (1959ms) 
 block [328/1343] : done (1943ms) 
 block [329/1343] : done (1988ms) 
 block [330/1343] : done (2031ms) 
 block [331/1343] : done (1983ms) 
 block [332/1343] : done (2015ms) 
 block [333/1343] : done (2027ms) 
 block [334/1343] : done (2062ms) 
 block [335/1343] : done (1999ms) 
 block [336/1343] : done (2038ms) 
 block [337/1343] : done (1950ms) 
 block [338/1343] : done (1940ms) 
 block [339/1343] : done (2135ms) 
 block [340/1343] : done (2205ms) 
 block [341/1343] : done (2046ms) 
 block [342/1343] : done (2077ms) 
 block [343/1343] : done (2037ms) 
 block [344/1343] : done (2156ms) 
 block [345/1343] : done (2107ms) 
 block [346/1343] : done (2074ms) 
 block [347/1343] : done (2066ms) 
 block [348/1343] : done (1990ms) 
 block [349/1343] : done (2073ms) 
 block [350/1343] : done (2014ms) 
 block [351/1343] : done (2013ms) 
 block [352/1343] : done (2001ms) 
 block [353/1343] : done (2062ms) 
 block [354/1343] : done (2070ms) 
 block [355/1343] : done (2035ms) 
 block [356/1343] : done (2018ms) 
 block [357/1343] : done (2040ms) 
 block [358/1343] : done (1981ms) 
 block [359/1343] : done (2038ms) 
 block [360/1343] : done (2011ms) 
 block [361/1343] : done (2041ms) 
 block [362/1343] : done (2061ms) 
 block [363/1343] : done (2020ms) 
 block [364/1343] : done (2010ms) 
 block [365/1343] : done (2102ms) 
 block [366/1343] : done (2084ms) 
 block [367/1343] : done (2007ms) 
 block [368/1343] : done (2004ms) 
 block [369/1343] : done (2069ms) 
 block [370/1343] : done (2089ms) 
 block [371/1343] : done (2007ms) 
 block [372/1343] : done (1975ms) 
 block [373/1343] : done (2012ms) 
 block [374/1343] : done (1980ms) 
 block [375/1343] : done (1967ms) 
 block [376/1343] : done (1978ms) 
 block [377/1343] : done (2008ms) 
 block [378/1343] : done (2035ms) 
 block [379/1343] : done (2057ms) 
 block [380/1343] : done (2030ms) 
 block [381/1343] : done (2074ms) 
 block [382/1343] : done (1997ms) 
 block [383/1343] : done (2006ms) 
 block [384/1343] : done (2051ms) 
 block [385/1343] : done (2039ms) 
 block [386/1343] : done (1935ms) 
 block [387/1343] : done (1916ms) 
 block [388/1343] : done (1952ms) 
 block [389/1343] : done (1979ms) 
 block [390/1343] : done (1959ms) 
 block [391/1343] : done (1938ms) 
 block [392/1343] : done (1942ms) 
 block [393/1343] : done (2077ms) 
 block [394/1343] : done (2045ms) 
 block [395/1343] : done (2021ms) 
 block [396/1343] : done (1990ms) 
 block [397/1343] : done (1982ms) 
 block [398/1343] : done (1997ms) 
 block [399/1343] : done (1969ms) 
 block [400/1343] : done (2043ms) 
 block [401/1343] : done (2001ms) 
 block [402/1343] : done (2007ms) 
 block [403/1343] : done (2035ms) 
 block [404/1343] : done (1992ms) 
 block [405/1343] : done (1981ms) 
 block [406/1343] : done (2051ms) 
 block [407/1343] : done (1965ms) 
 block [408/1343] : done (1945ms) 
 block [409/1343] : done (1950ms) 
 block [410/1343] : done (1973ms) 
 block [411/1343] : done (1952ms) 
 block [412/1343] : done (1953ms) 
 block [413/1343] : done (1927ms) 
 block [414/1343] : done (1909ms) 
 block [415/1343] : done (1947ms) 
 block [416/1343] : done (1943ms) 
 block [417/1343] : done (2035ms) 
 block [418/1343] : done (1986ms) 
 block [419/1343] : done (1977ms) 
 block [420/1343] : done (1991ms) 
 block [421/1343] : done (2013ms) 
 block [422/1343] : done (2009ms) 
 block [423/1343] : done (1990ms) 
 block [424/1343] : done (2003ms) 
 block [425/1343] : done (1974ms) 
 block [426/1343] : done (1965ms) 
 block [427/1343] : done (1929ms) 
 block [428/1343] : done (1926ms) 
 block [429/1343] : done (1984ms) 
 block [430/1343] : done (1967ms) 
 block [431/1343] : done (1991ms) 
 block [432/1343] : done (2020ms) 
 block [433/1343] : done (2002ms) 
 block [434/1343] : done (2017ms) 
 block [435/1343] : done (1988ms) 
 block [436/1343] : done (1928ms) 
 block [437/1343] : done (1944ms) 
 block [438/1343] : done (1941ms) 
 block [439/1343] : done (1941ms) 
 block [440/1343] : done (1914ms) 
 block [441/1343] : done (1930ms) 
 block [442/1343] : done (1953ms) 
 block [443/1343] : done (1927ms) 
 block [444/1343] : done (1913ms) 
 block [445/1343] : done (1942ms) 
 block [446/1343] : done (1987ms) 
 block [447/1343] : done (2060ms) 
 block [448/1343] : done (1981ms) 
 block [449/1343] : done (1947ms) 
 block [450/1343] : done (2087ms) 
 block [451/1343] : done (2130ms) 
 block [452/1343] : done (2039ms) 
 block [453/1343] : done (2072ms) 
 block [454/1343] : done (2097ms) 
 block [455/1343] : done (2140ms) 
 block [456/1343] : done (2198ms) 
 block [457/1343] : done (2254ms) 
 block [458/1343] : done (2270ms) 
 block [459/1343] : done (2285ms) 
 block [460/1343] : done (2086ms) 
 block [461/1343] : done (2248ms) 
 block [462/1343] : done (2249ms) 
 block [463/1343] : done (2110ms) 
 block [464/1343] : done (2078ms) 
 block [465/1343] : done (2189ms) 
 block [466/1343] : done (2206ms) 
 block [467/1343] : done (2183ms) 
 block [468/1343] : done (2112ms) 
 block [469/1343] : done (2100ms) 
 block [470/1343] : done (2098ms) 
 block [471/1343] : done (2122ms) 
 block [472/1343] : done (2239ms) 
 block [473/1343] : done (2234ms) 
 block [474/1343] : done (2153ms) 
 block [475/1343] : done (2190ms) 
 block [476/1343] : done (2169ms) 
 block [477/1343] : done (2182ms) 
 block [478/1343] : done (2149ms) 
 block [479/1343] : done (2167ms) 
 block [480/1343] : done (2125ms) 
 block [481/1343] : done (2135ms) 
 block [482/1343] : done (2156ms) 
 block [483/1343] : done (2189ms) 
 block [484/1343] : done (2108ms) 
 block [485/1343] : done (2131ms) 
 block [486/1343] : done (2117ms) 
 block [487/1343] : done (2121ms) 
 block [488/1343] : done (2092ms) 
 block [489/1343] : done (2160ms) 
 block [490/1343] : done (2227ms) 
 block [491/1343] : done (2267ms) 
 block [492/1343] : done (2192ms) 
 block [493/1343] : done (2107ms) 
 block [494/1343] : done (2192ms) 
 block [495/1343] : done (2148ms) 
 block [496/1343] : done (2241ms) 
 block [497/1343] : done (2209ms) 
 block [498/1343] : done (2104ms) 
 block [499/1343] : done (2112ms) 
 block [500/1343] : done (2122ms) 
 block [501/1343] : done (2117ms) 
 block [502/1343] : done (2098ms) 
 block [503/1343] : done (2102ms) 
 block [504/1343] : done (2186ms) 
 block [505/1343] : done (2252ms) 
 block [506/1343] : done (2328ms) 
 block [507/1343] : done (2194ms) 
 block [508/1343] : done (2248ms) 
 block [509/1343] : done (2186ms) 
 block [510/1343] : done (2337ms) 
 block [511/1343] : done (2199ms) 
 block [512/1343] : done (2300ms) 
 block [513/1343] : done (2439ms) 
 block [514/1343] : done (2491ms) 
 block [515/1343] : done (2431ms) 
 block [516/1343] : done (2469ms) 
 block [517/1343] : done (2309ms) 
 block [518/1343] : done (2239ms) 
 block [519/1343] : done (2388ms) 
 block [520/1343] : done (2295ms) 
 block [521/1343] : done (2314ms) 
 block [522/1343] : done (2291ms) 
 block [523/1343] : done (2280ms) 
 block [524/1343] : done (2310ms) 
 block [525/1343] : done (2320ms) 
 block [526/1343] : done (2338ms) 
 block [527/1343] : done (2326ms) 
 block [528/1343] : done (2369ms) 
 block [529/1343] : done (2355ms) 
 block [530/1343] : done (2323ms) 
 block [531/1343] : done (2294ms) 
 block [532/1343] : done (2302ms) 
 block [533/1343] : done (2347ms) 
 block [534/1343] : done (2296ms) 
 block [535/1343] : done (2239ms) 
 block [536/1343] : done (2212ms) 
 block [537/1343] : done (2262ms) 
 block [538/1343] : done (2305ms) 
 block [539/1343] : done (2389ms) 
 block [540/1343] : done (2293ms) 
 block [541/1343] : done (2278ms) 
 block [542/1343] : done (2276ms) 
 block [543/1343] : done (2227ms) 
 block [544/1343] : done (2229ms) 
 block [545/1343] : done (2198ms) 
 block [546/1343] : done (2206ms) 
 block [547/1343] : done (2179ms) 
 block [548/1343] : done (2182ms) 
 block [549/1343] : done (2176ms) 
 block [550/1343] : done (2228ms) 
 block [551/1343] : done (2282ms) 
 block [552/1343] : done (2221ms) 
 block [553/1343] : done (2271ms) 
 block [554/1343] : done (2175ms) 
 block [555/1343] : done (2319ms) 
 block [556/1343] : done (2302ms) 
 block [557/1343] : done (2278ms) 
 block [558/1343] : done (2256ms) 
 block [559/1343] : done (2281ms) 
 block [560/1343] : done (2249ms) 
 block [561/1343] : done (2227ms) 
 block [562/1343] : done (2204ms) 
 block [563/1343] : done (2219ms) 
 block [564/1343] : done (2251ms) 
 block [565/1343] : done (2152ms) 
 block [566/1343] : done (2210ms) 
 block [567/1343] : done (2225ms) 
 block [568/1343] : done (2266ms) 
 block [569/1343] : done (2289ms) 
 block [570/1343] : done (2285ms) 
 block [571/1343] : done (2156ms) 
 block [572/1343] : done (2208ms) 
 block [573/1343] : done (2162ms) 
 block [574/1343] : done (2236ms) 
 block [575/1343] : done (2150ms) 
 block [576/1343] : done (2175ms) 
 block [577/1343] : done (2113ms) 
 block [578/1343] : done (2153ms) 
 block [579/1343] : done (2209ms) 
 block [580/1343] : done (2163ms) 
 block [581/1343] : done (2131ms) 
 block [582/1343] : done (2147ms) 
 block [583/1343] : done (2132ms) 
 block [584/1343] : done (2139ms) 
 block [585/1343] : done (2200ms) 
 block [586/1343] : done (2184ms) 
 block [587/1343] : done (2235ms) 
 block [588/1343] : done (2259ms) 
 block [589/1343] : done (2175ms) 
 block [590/1343] : done (2110ms) 
 block [591/1343] : done (2208ms) 
 block [592/1343] : done (2249ms) 
 block [593/1343] : done (2171ms) 
 block [594/1343] : done (2207ms) 
 block [595/1343] : done (2240ms) 
 block [596/1343] : done (2144ms) 
 block [597/1343] : done (2312ms) 
 block [598/1343] : done (2197ms) 
 block [599/1343] : done (2165ms) 
 block [600/1343] : done (2273ms) 
 block [601/1343] : done (2188ms) 
 block [602/1343] : done (2118ms) 
 block [603/1343] : done (2159ms) 
 block [604/1343] : done (2281ms) 
 block [605/1343] : done (2247ms) 
 block [606/1343] : done (2212ms) 
 block [607/1343] : done (2224ms) 
 block [608/1343] : done (2136ms) 
 block [609/1343] : done (2256ms) 
 block [610/1343] : done (2157ms) 
 block [611/1343] : done (2308ms) 
 block [612/1343] : done (2160ms) 
 block [613/1343] : done (2186ms) 
 block [614/1343] : done (2273ms) 
 block [615/1343] : done (2326ms) 
 block [616/1343] : done (2113ms) 
 block [617/1343] : done (2104ms) 
 block [618/1343] : done (2175ms) 
 block [619/1343] : done (2144ms) 
 block [620/1343] : done (2238ms) 
 block [621/1343] : done (2208ms) 
 block [622/1343] : done (2107ms) 
 block [623/1343] : done (2132ms) 
 block [624/1343] : done (2189ms) 
 block [625/1343] : done (2267ms) 
 block [626/1343] : done (2228ms) 
 block [627/1343] : done (2293ms) 
 block [628/1343] : done (2293ms) 
 block [629/1343] : done (2245ms) 
 block [630/1343] : done (2163ms) 
 block [631/1343] : done (2129ms) 
 block [632/1343] : done (2240ms) 
 block [633/1343] : done (2188ms) 
 block [634/1343] : done (2207ms) 
 block [635/1343] : done (2205ms) 
 block [636/1343] : done (2229ms) 
 block [637/1343] : done (2293ms) 
 block [638/1343] : done (2336ms) 
 block [639/1343] : done (2166ms) 
 block [640/1343] : done (2212ms) 
 block [641/1343] : done (2193ms) 
 block [642/1343] : done (2243ms) 
 block [643/1343] : done (2194ms) 
 block [644/1343] : done (2186ms) 
 block [645/1343] : done (2199ms) 
 block [646/1343] : done (2137ms) 
 block [647/1343] : done (2242ms) 
 block [648/1343] : done (2302ms) 
 block [649/1343] : done (2285ms) 
 block [650/1343] : done (2297ms) 
 block [651/1343] : done (2260ms) 
 block [652/1343] : done (2286ms) 
 block [653/1343] : done (2257ms) 
 block [654/1343] : done (2213ms) 
 block [655/1343] : done (2276ms) 
 block [656/1343] : done (2145ms) 
 block [657/1343] : done (2263ms) 
 block [658/1343] : done (2203ms) 
 block [659/1343] : done (2216ms) 
 block [660/1343] : done (2217ms) 
 block [661/1343] : done (5049ms) 
 block [662/1343] : done (2204ms) 
 block [663/1343] : done (2159ms) 
 block [664/1343] : done (2086ms) 
 block [665/1343] : done (2154ms) 
 block [666/1343] : done (2149ms) 
 block [667/1343] : done (2197ms) 
 block [668/1343] : done (2146ms) 
 block [669/1343] : done (2125ms) 
 block [670/1343] : done (2181ms) 
 block [671/1343] : done (2260ms) 
 block [672/1343] : done (2288ms) 
 block [673/1343] : done (2303ms) 
 block [674/1343] : done (2240ms) 
 block [675/1343] : done (2226ms) 
 block [676/1343] : done (2327ms) 
 block [677/1343] : done (2285ms) 
 block [678/1343] : done (2326ms) 
 block [679/1343] : done (2316ms) 
 block [680/1343] : done (2291ms) 
 block [681/1343] : done (2309ms) 
 block [682/1343] : done (2217ms) 
 block [683/1343] : done (2206ms) 
 block [684/1343] : done (2201ms) 
 block [685/1343] : done (2214ms) 
 block [686/1343] : done (2235ms) 
 block [687/1343] : done (2179ms) 
 block [688/1343] : done (2229ms) 
 block [689/1343] : done (2200ms) 
 block [690/1343] : done (2244ms) 
 block [691/1343] : done (2191ms) 
 block [692/1343] : done (2209ms) 
 block [693/1343] : done (2177ms) 
 block [694/1343] : done (2236ms) 
 block [695/1343] : done (2253ms) 
 block [696/1343] : done (2218ms) 
 block [697/1343] : done (2317ms) 
 block [698/1343] : done (2259ms) 
 block [699/1343] : done (2209ms) 
 block [700/1343] : done (2375ms) 
 block [701/1343] : done (2328ms) 
 block [702/1343] : done (2226ms) 
 block [703/1343] : done (2302ms) 
 block [704/1343] : done (2234ms) 
 block [705/1343] : done (2196ms) 
 block [706/1343] : done (2340ms) 
 block [707/1343] : done (2208ms) 
 block [708/1343] : done (2155ms) 
 block [709/1343] : done (2191ms) 
 block [710/1343] : done (2218ms) 
 block [711/1343] : done (2232ms) 
 block [712/1343] : done (2228ms) 
 block [713/1343] : done (2207ms) 
 block [714/1343] : done (2247ms) 
 block [715/1343] : done (2232ms) 
 block [716/1343] : done (2228ms) 
 block [717/1343] : done (2121ms) 
 block [718/1343] : done (2203ms) 
 block [719/1343] : done (2216ms) 
 block [720/1343] : done (2194ms) 
 block [721/1343] : done (2242ms) 
 block [722/1343] : done (2097ms) 
 block [723/1343] : done (2260ms) 
 block [724/1343] : done (2263ms) 
 block [725/1343] : done (2276ms) 
 block [726/1343] : done (2180ms) 
 block [727/1343] : done (2258ms) 
 block [728/1343] : done (2267ms) 
 block [729/1343] : done (2269ms) 
 block [730/1343] : done (2187ms) 
 block [731/1343] : done (2205ms) 
 block [732/1343] : done (2157ms) 
 block [733/1343] : done (2164ms) 
 block [734/1343] : done (2249ms) 
 block [735/1343] : done (2124ms) 
 block [736/1343] : done (2126ms) 
 block [737/1343] : done (2333ms) 
 block [738/1343] : done (2286ms) 
 block [739/1343] : done (2316ms) 
 block [740/1343] : done (2219ms) 
 block [741/1343] : done (2229ms) 
 block [742/1343] : done (2189ms) 
 block [743/1343] : done (2188ms) 
 block [744/1343] : done (2208ms) 
 block [745/1343] : done (2273ms) 
 block [746/1343] : done (2187ms) 
 block [747/1343] : done (2217ms) 
 block [748/1343] : done (2236ms) 
 block [749/1343] : done (2254ms) 
 block [750/1343] : done (2181ms) 
 block [751/1343] : done (2210ms) 
 block [752/1343] : done (2214ms) 
 block [753/1343] : done (2216ms) 
 block [754/1343] : done (2230ms) 
 block [755/1343] : done (2178ms) 
 block [756/1343] : done (2206ms) 
 block [757/1343] : done (2182ms) 
 block [758/1343] : done (2183ms) 
 block [759/1343] : done (2274ms) 
 block [760/1343] : done (2266ms) 
 block [761/1343] : done (2257ms) 
 block [762/1343] : done (2300ms) 
 block [763/1343] : done (2239ms) 
 block [764/1343] : done (2136ms) 
 block [765/1343] : done (2234ms) 
 block [766/1343] : done (2218ms) 
 block [767/1343] : done (2314ms) 
 block [768/1343] : done (2263ms) 
 block [769/1343] : done (2231ms) 
 block [770/1343] : done (2308ms) 
 block [771/1343] : done (2316ms) 
 block [772/1343] : done (2268ms) 
 block [773/1343] : done (2228ms) 
 block [774/1343] : done (2220ms) 
 block [775/1343] : done (2125ms) 
 block [776/1343] : done (2240ms) 
 block [777/1343] : done (2137ms) 
 block [778/1343] : done (2254ms) 
 block [779/1343] : done (2257ms) 
 block [780/1343] : done (2254ms) 
 block [781/1343] : done (2152ms) 
 block [782/1343] : done (2217ms) 
 block [783/1343] : done (2148ms) 
 block [784/1343] : done (2221ms) 
 block [785/1343] : done (2197ms) 
 block [786/1343] : done (2194ms) 
 block [787/1343] : done (2194ms) 
 block [788/1343] : done (2311ms) 
 block [789/1343] : done (2184ms) 
 block [790/1343] : done (2169ms) 
 block [791/1343] : done (2103ms) 
 block [792/1343] : done (2154ms) 
 block [793/1343] : done (2266ms) 
 block [794/1343] : done (2259ms) 
 block [795/1343] : done (2306ms) 
 block [796/1343] : done (2243ms) 
 block [797/1343] : done (2370ms) 
 block [798/1343] : done (2330ms) 
 block [799/1343] : done (2354ms) 
 block [800/1343] : done (2246ms) 
 block [801/1343] : done (2283ms) 
 block [802/1343] : done (2237ms) 
 block [803/1343] : done (2276ms) 
 block [804/1343] : done (2139ms) 
 block [805/1343] : done (2276ms) 
 block [806/1343] : done (2221ms) 
 block [807/1343] : done (2139ms) 
 block [808/1343] : done (2111ms) 
 block [809/1343] : done (2109ms) 
 block [810/1343] : done (2138ms) 
 block [811/1343] : done (2161ms) 
 block [812/1343] : done (2239ms) 
 block [813/1343] : done (2198ms) 
 block [814/1343] : done (2146ms) 
 block [815/1343] : done (2217ms) 
 block [816/1343] : done (2296ms) 
 block [817/1343] : done (2249ms) 
 block [818/1343] : done (2141ms) 
 block [819/1343] : done (2118ms) 
 block [820/1343] : done (2109ms) 
 block [821/1343] : done (2079ms) 
 block [822/1343] : done (2087ms) 
 block [823/1343] : done (2084ms) 
 block [824/1343] : done (2157ms) 
 block [825/1343] : done (2206ms) 
 block [826/1343] : done (2148ms) 
 block [827/1343] : done (2211ms) 
 block [828/1343] : done (2175ms) 
 block [829/1343] : done (2160ms) 
 block [830/1343] : done (2234ms) 
 block [831/1343] : done (2152ms) 
 block [832/1343] : done (2226ms) 
 block [833/1343] : done (2182ms) 
 block [834/1343] : done (2116ms) 
 block [835/1343] : done (2216ms) 
 block [836/1343] : done (2171ms) 
 block [837/1343] : done (2234ms) 
 block [838/1343] : done (2178ms) 
 block [839/1343] : done (2170ms) 
 block [840/1343] : done (2163ms) 
 block [841/1343] : done (2080ms) 
 block [842/1343] : done (2174ms) 
 block [843/1343] : done (2139ms) 
 block [844/1343] : done (2215ms) 
 block [845/1343] : done (2290ms) 
 block [846/1343] : done (2214ms) 
 block [847/1343] : done (2188ms) 
 block [848/1343] : done (2203ms) 
 block [849/1343] : done (2236ms) 
 block [850/1343] : done (2216ms) 
 block [851/1343] : done (2170ms) 
 block [852/1343] : done (2161ms) 
 block [853/1343] : done (2214ms) 
 block [854/1343] : done (2229ms) 
 block [855/1343] : done (2268ms) 
 block [856/1343] : done (2239ms) 
 block [857/1343] : done (2146ms) 
 block [858/1343] : done (2248ms) 
 block [859/1343] : done (2233ms) 
 block [860/1343] : done (2287ms) 
 block [861/1343] : done (2279ms) 
 block [862/1343] : done (2208ms) 
 block [863/1343] : done (2206ms) 
 block [864/1343] : done (2271ms) 
 block [865/1343] : done (2227ms) 
 block [866/1343] : done (2289ms) 
 block [867/1343] : done (2224ms) 
 block [868/1343] : done (2194ms) 
 block [869/1343] : done (2173ms) 
 block [870/1343] : done (2285ms) 
 block [871/1343] : done (2240ms) 
 block [872/1343] : done (2241ms) 
 block [873/1343] : done (2107ms) 
 block [874/1343] : done (2161ms) 
 block [875/1343] : done (2199ms) 
 block [876/1343] : done (2197ms) 
 block [877/1343] : done (2207ms) 
 block [878/1343] : done (2236ms) 
 block [879/1343] : done (2167ms) 
 block [880/1343] : done (2131ms) 
 block [881/1343] : done (2186ms) 
 block [882/1343] : done (2179ms) 
 block [883/1343] : done (2235ms) 
 block [884/1343] : done (2197ms) 
 block [885/1343] : done (2170ms) 
 block [886/1343] : done (2103ms) 
 block [887/1343] : done (2116ms) 
 block [888/1343] : done (2209ms) 
 block [889/1343] : done (2307ms) 
 block [890/1343] : done (2257ms) 
 block [891/1343] : done (2167ms) 
 block [892/1343] : done (2153ms) 
 block [893/1343] : done (2180ms) 
 block [894/1343] : done (2236ms) 
 block [895/1343] : done (2179ms) 
 block [896/1343] : done (2195ms) 
 block [897/1343] : done (2205ms) 
 block [898/1343] : done (2176ms) 
 block [899/1343] : done (2249ms) 
 block [900/1343] : done (2265ms) 
 block [901/1343] : done (2208ms) 
 block [902/1343] : done (2237ms) 
 block [903/1343] : done (2244ms) 
 block [904/1343] : done (2195ms) 
 block [905/1343] : done (2178ms) 
 block [906/1343] : done (2224ms) 
 block [907/1343] : done (2229ms) 
 block [908/1343] : done (2229ms) 
 block [909/1343] : done (2226ms) 
 block [910/1343] : done (2300ms) 
 block [911/1343] : done (2170ms) 
 block [912/1343] : done (2177ms) 
 block [913/1343] : done (2192ms) 
 block [914/1343] : done (2228ms) 
 block [915/1343] : done (2212ms) 
 block [916/1343] : done (2288ms) 
 block [917/1343] : done (2174ms) 
 block [918/1343] : done (2171ms) 
 block [919/1343] : done (2171ms) 
 block [920/1343] : done (2176ms) 
 block [921/1343] : done (2162ms) 
 block [922/1343] : done (2151ms) 
 block [923/1343] : done (2193ms) 
 block [924/1343] : done (2222ms) 
 block [925/1343] : done (2236ms) 
 block [926/1343] : done (2142ms) 
 block [927/1343] : done (2946ms) 
 block [928/1343] : done (2190ms) 
 block [929/1343] : done (2175ms) 
 block [930/1343] : done (2165ms) 
 block [931/1343] : done (2116ms) 
 block [932/1343] : done (2172ms) 
 block [933/1343] : done (2182ms) 
 block [934/1343] : done (2167ms) 
 block [935/1343] : done (2186ms) 
 block [936/1343] : done (2220ms) 
 block [937/1343] : done (2235ms) 
 block [938/1343] : done (2248ms) 
 block [939/1343] : done (2201ms) 
 block [940/1343] : done (2194ms) 
 block [941/1343] : done (2175ms) 
 block [942/1343] : done (2153ms) 
 block [943/1343] : done (2158ms) 
 block [944/1343] : done (2132ms) 
 block [945/1343] : done (2156ms) 
 block [946/1343] : done (2134ms) 
 block [947/1343] : done (2127ms) 
 block [948/1343] : done (2152ms) 
 block [949/1343] : done (2181ms) 
 block [950/1343] : done (2174ms) 
 block [951/1343] : done (2186ms) 
 block [952/1343] : done (2168ms) 
 block [953/1343] : done (2166ms) 
 block [954/1343] : done (2161ms) 
 block [955/1343] : done (2110ms) 
 block [956/1343] : done (2111ms) 
 block [957/1343] : done (2131ms) 
 block [958/1343] : done (2142ms) 
 block [959/1343] : done (2115ms) 
 block [960/1343] : done (2141ms) 
 block [961/1343] : done (2187ms) 
 block [962/1343] : done (2168ms) 
 block [963/1343] : done (2175ms) 
 block [964/1343] : done (2185ms) 
 block [965/1343] : done (2232ms) 
 block [966/1343] : done (2249ms) 
 block [967/1343] : done (2214ms) 
 block [968/1343] : done (2259ms) 
 block [969/1343] : done (2216ms) 
 block [970/1343] : done (2256ms) 
 block [971/1343] : done (2224ms) 
 block [972/1343] : done (2209ms) 
 block [973/1343] : done (2181ms) 
 block [974/1343] : done (2169ms) 
 block [975/1343] : done (2214ms) 
 block [976/1343] : done (2211ms) 
 block [977/1343] : done (2227ms) 
 block [978/1343] : done (2204ms) 
 block [979/1343] : done (2156ms) 
 block [980/1343] : done (2215ms) 
 block [981/1343] : done (2197ms) 
 block [982/1343] : done (2227ms) 
 block [983/1343] : done (2278ms) 
 block [984/1343] : done (2287ms) 
 block [985/1343] : done (2206ms) 
 block [986/1343] : done (2236ms) 
 block [987/1343] : done (2317ms) 
 block [988/1343] : done (2218ms) 
 block [989/1343] : done (2249ms) 
 block [990/1343] : done (2302ms) 
 block [991/1343] : done (2258ms) 
 block [992/1343] : done (2198ms) 
 block [993/1343] : done (2238ms) 
 block [994/1343] : done (2275ms) 
 block [995/1343] : done (2246ms) 
 block [996/1343] : done (2214ms) 
 block [997/1343] : done (2241ms) 
 block [998/1343] : done (2258ms) 
 block [999/1343] : done (2246ms) 
 block [1000/1343] : done (2279ms) 
 block [1001/1343] : done (2255ms) 
 block [1002/1343] : done (2306ms) 
 block [1003/1343] : done (2253ms) 
 block [1004/1343] : done (2247ms) 
 block [1005/1343] : done (2368ms) 
 block [1006/1343] : done (2303ms) 
 block [1007/1343] : done (2286ms) 
 block [1008/1343] : done (2338ms) 
 block [1009/1343] : done (2254ms) 
 block [1010/1343] : done (2282ms) 
 block [1011/1343] : done (2294ms) 
 block [1012/1343] : done (2299ms) 
 block [1013/1343] : done (2302ms) 
 block [1014/1343] : done (2338ms) 
 block [1015/1343] : done (2260ms) 
 block [1016/1343] : done (2314ms) 
 block [1017/1343] : done (2278ms) 
 block [1018/1343] : done (2210ms) 
 block [1019/1343] : done (2234ms) 
 block [1020/1343] : done (2201ms) 
 block [1021/1343] : done (2220ms) 
 block [1022/1343] : done (2261ms) 
 block [1023/1343] : done (2285ms) 
 block [1024/1343] : done (2242ms) 
 block [1025/1343] : done (2262ms) 
 block [1026/1343] : done (2237ms) 
 block [1027/1343] : done (2309ms) 
 block [1028/1343] : done (2219ms) 
 block [1029/1343] : done (2199ms) 
 block [1030/1343] : done (2275ms) 
 block [1031/1343] : done (2264ms) 
 block [1032/1343] : done (2220ms) 
 block [1033/1343] : done (2354ms) 
 block [1034/1343] : done (2286ms) 
 block [1035/1343] : done (2254ms) 
 block [1036/1343] : done (2304ms) 
 block [1037/1343] : done (2281ms) 
 block [1038/1343] : done (2279ms) 
 block [1039/1343] : done (2268ms) 
 block [1040/1343] : done (2254ms) 
 block [1041/1343] : done (2237ms) 
 block [1042/1343] : done (2296ms) 
 block [1043/1343] : done (2199ms) 
 block [1044/1343] : done (2319ms) 
 block [1045/1343] : done (2246ms) 
 block [1046/1343] : done (2276ms) 
 block [1047/1343] : done (2306ms) 
 block [1048/1343] : done (2295ms) 
 block [1049/1343] : done (2357ms) 
 block [1050/1343] : done (2260ms) 
 block [1051/1343] : done (2238ms) 
 block [1052/1343] : done (2310ms) 
 block [1053/1343] : done (2241ms) 
 block [1054/1343] : done (2269ms) 
 block [1055/1343] : done (2190ms) 
 block [1056/1343] : done (2219ms) 
 block [1057/1343] : done (2145ms) 
 block [1058/1343] : done (2263ms) 
 block [1059/1343] : done (2237ms) 
 block [1060/1343] : done (2166ms) 
 block [1061/1343] : done (2192ms) 
 block [1062/1343] : done (2242ms) 
 block [1063/1343] : done (2327ms) 
 block [1064/1343] : done (2306ms) 
 block [1065/1343] : done (2340ms) 
 block [1066/1343] : done (2298ms) 
 block [1067/1343] : done (2312ms) 
 block [1068/1343] : done (2240ms) 
 block [1069/1343] : done (2302ms) 
 block [1070/1343] : done (2416ms) 
 block [1071/1343] : done (2401ms) 
 block [1072/1343] : done (2326ms) 
 block [1073/1343] : done (2414ms) 
 block [1074/1343] : done (2426ms) 
 block [1075/1343] : done (2398ms) 
 block [1076/1343] : done (2286ms) 
 block [1077/1343] : done (2249ms) 
 block [1078/1343] : done (2254ms) 
 block [1079/1343] : done (2236ms) 
 block [1080/1343] : done (2279ms) 
 block [1081/1343] : done (2230ms) 
 block [1082/1343] : done (2201ms) 
 block [1083/1343] : done (2342ms) 
 block [1084/1343] : done (2313ms) 
 block [1085/1343] : done (2272ms) 
 block [1086/1343] : done (2276ms) 
 block [1087/1343] : done (2287ms) 
 block [1088/1343] : done (2252ms) 
 block [1089/1343] : done (2259ms) 
 block [1090/1343] : done (2281ms) 
 block [1091/1343] : done (2284ms) 
 block [1092/1343] : done (2285ms) 
 block [1093/1343] : done (2213ms) 
 block [1094/1343] : done (2249ms) 
 block [1095/1343] : done (2166ms) 
 block [1096/1343] : done (2174ms) 
 block [1097/1343] : done (2237ms) 
 block [1098/1343] : done (2254ms) 
 block [1099/1343] : done (2186ms) 
 block [1100/1343] : done (2226ms) 
 block [1101/1343] : done (2224ms) 
 block [1102/1343] : done (2215ms) 
 block [1103/1343] : done (2304ms) 
 block [1104/1343] : done (2269ms) 
 block [1105/1343] : done (2234ms) 
 block [1106/1343] : done (2189ms) 
 block [1107/1343] : done (2175ms) 
 block [1108/1343] : done (2254ms) 
 block [1109/1343] : done (2215ms) 
 block [1110/1343] : done (2214ms) 
 block [1111/1343] : done (2219ms) 
 block [1112/1343] : done (2209ms) 
 block [1113/1343] : done (2206ms) 
 block [1114/1343] : done (2197ms) 
 block [1115/1343] : done (2382ms) 
 block [1116/1343] : done (2318ms) 
 block [1117/1343] : done (2238ms) 
 block [1118/1343] : done (2205ms) 
 block [1119/1343] : done (2183ms) 
 block [1120/1343] : done (2238ms) 
 block [1121/1343] : done (2299ms) 
 block [1122/1343] : done (2201ms) 
 block [1123/1343] : done (2272ms) 
 block [1124/1343] : done (2203ms) 
 block [1125/1343] : done (2229ms) 
 block [1126/1343] : done (2226ms) 
 block [1127/1343] : done (2223ms) 
 block [1128/1343] : done (2275ms) 
 block [1129/1343] : done (2337ms) 
 block [1130/1343] : done (2237ms) 
 block [1131/1343] : done (2198ms) 
 block [1132/1343] : done (2236ms) 
 block [1133/1343] : done (2201ms) 
 block [1134/1343] : done (2248ms) 
 block [1135/1343] : done (2294ms) 
 block [1136/1343] : done (2296ms) 
 block [1137/1343] : done (2268ms) 
 block [1138/1343] : done (2391ms) 
 block [1139/1343] : done (2350ms) 
 block [1140/1343] : done (2268ms) 
 block [1141/1343] : done (2300ms) 
 block [1142/1343] : done (2301ms) 
 block [1143/1343] : done (2266ms) 
 block [1144/1343] : done (2367ms) 
 block [1145/1343] : done (2316ms) 
 block [1146/1343] : done (2330ms) 
 block [1147/1343] : done (2339ms) 
 block [1148/1343] : done (2346ms) 
 block [1149/1343] : done (2575ms) 
 block [1150/1343] : done (2252ms) 
 block [1151/1343] : done (2266ms) 
 block [1152/1343] : done (2230ms) 
 block [1153/1343] : done (2221ms) 
 block [1154/1343] : done (2286ms) 
 block [1155/1343] : done (2178ms) 
 block [1156/1343] : done (2262ms) 
 block [1157/1343] : done (2274ms) 
 block [1158/1343] : done (2230ms) 
 block [1159/1343] : done (2241ms) 
 block [1160/1343] : done (2255ms) 
 block [1161/1343] : done (2213ms) 
 block [1162/1343] : done (2282ms) 
 block [1163/1343] : done (2306ms) 
 block [1164/1343] : done (2162ms) 
 block [1165/1343] : done (2231ms) 
 block [1166/1343] : done (2181ms) 
 block [1167/1343] : done (2249ms) 
 block [1168/1343] : done (2168ms) 
 block [1169/1343] : done (2182ms) 
 block [1170/1343] : done (2169ms) 
 block [1171/1343] : done (2242ms) 
 block [1172/1343] : done (2258ms) 
 block [1173/1343] : done (2244ms) 
 block [1174/1343] : done (2227ms) 
 block [1175/1343] : done (2157ms) 
 block [1176/1343] : done (2183ms) 
 block [1177/1343] : done (2220ms) 
 block [1178/1343] : done (2289ms) 
 block [1179/1343] : done (2242ms) 
 block [1180/1343] : done (2217ms) 
 block [1181/1343] : done (2190ms) 
 block [1182/1343] : done (2194ms) 
 block [1183/1343] : done (2159ms) 
 block [1184/1343] : done (2187ms) 
 block [1185/1343] : done (2155ms) 
 block [1186/1343] : done (2237ms) 
 block [1187/1343] : done (2205ms) 
 block [1188/1343] : done (2222ms) 
 block [1189/1343] : done (2282ms) 
 block [1190/1343] : done (2294ms) 
 block [1191/1343] : done (2238ms) 
 block [1192/1343] : done (2270ms) 
 block [1193/1343] : done (2198ms) 
 block [1194/1343] : done (2155ms) 
 block [1195/1343] : done (2154ms) 
 block [1196/1343] : done (2164ms) 
 block [1197/1343] : done (2301ms) 
 block [1198/1343] : done (2267ms) 
 block [1199/1343] : done (2293ms) 
 block [1200/1343] : done (2230ms) 
 block [1201/1343] : done (2265ms) 
 block [1202/1343] : done (2314ms) 
 block [1203/1343] : done (2410ms) 
 block [1204/1343] : done (2243ms) 
 block [1205/1343] : done (2200ms) 
 block [1206/1343] : done (2161ms) 
 block [1207/1343] : done (2226ms) 
 block [1208/1343] : done (2190ms) 
 block [1209/1343] : done (2198ms) 
 block [1210/1343] : done (2184ms) 
 block [1211/1343] : done (2229ms) 
 block [1212/1343] : done (2257ms) 
 block [1213/1343] : done (2243ms) 
 block [1214/1343] : done (2281ms) 
 block [1215/1343] : done (2285ms) 
 block [1216/1343] : done (2257ms) 
 block [1217/1343] : done (2239ms) 
 block [1218/1343] : done (2276ms) 
 block [1219/1343] : done (2205ms) 
 block [1220/1343] : done (2264ms) 
 block [1221/1343] : done (2307ms) 
 block [1222/1343] : done (2240ms) 
 block [1223/1343] : done (2248ms) 
 block [1224/1343] : done (2219ms) 
 block [1225/1343] : done (2249ms) 
 block [1226/1343] : done (2234ms) 
 block [1227/1343] : done (2275ms) 
 block [1228/1343] : done (2246ms) 
 block [1229/1343] : done (2233ms) 
 block [1230/1343] : done (2293ms) 
 block [1231/1343] : done (2202ms) 
 block [1232/1343] : done (2274ms) 
 block [1233/1343] : done (2279ms) 
 block [1234/1343] : done (2234ms) 
 block [1235/1343] : done (2241ms) 
 block [1236/1343] : done (2282ms) 
 block [1237/1343] : done (2208ms) 
 block [1238/1343] : done (2274ms) 
 block [1239/1343] : done (2271ms) 
 block [1240/1343] : done (2278ms) 
 block [1241/1343] : done (2316ms) 
 block [1242/1343] : done (2309ms) 
 block [1243/1343] : done (2273ms) 
 block [1244/1343] : done (2222ms) 
 block [1245/1343] : done (2205ms) 
 block [1246/1343] : done (2185ms) 
 block [1247/1343] : done (2183ms) 
 block [1248/1343] : done (2145ms) 
 block [1249/1343] : done (2178ms) 
 block [1250/1343] : done (2161ms) 
 block [1251/1343] : done (2200ms) 
 block [1252/1343] : done (2179ms) 
 block [1253/1343] : done (2197ms) 
 block [1254/1343] : done (2264ms) 
 block [1255/1343] : done (2322ms) 
 block [1256/1343] : done (2270ms) 
 block [1257/1343] : done (2256ms) 
 block [1258/1343] : done (2274ms) 
 block [1259/1343] : done (2224ms) 
 block [1260/1343] : done (2204ms) 
 block [1261/1343] : done (2195ms) 
 block [1262/1343] : done (2214ms) 
 block [1263/1343] : done (2267ms) 
 block [1264/1343] : done (2217ms) 
 block [1265/1343] : done (2198ms) 
 block [1266/1343] : done (2236ms) 
 block [1267/1343] : done (2312ms) 
 block [1268/1343] : done (2207ms) 
 block [1269/1343] : done (2209ms) 
 block [1270/1343] : done (2209ms) 
 block [1271/1343] : done (2221ms) 
 block [1272/1343] : done (2277ms) 
 block [1273/1343] : done (2263ms) 
 block [1274/1343] : done (2281ms) 
 block [1275/1343] : done (2220ms) 
 block [1276/1343] : done (2174ms) 
 block [1277/1343] : done (2260ms) 
 block [1278/1343] : done (2285ms) 
 block [1279/1343] : done (2282ms) 
 block [1280/1343] : done (2275ms) 
 block [1281/1343] : done (2222ms) 
 block [1282/1343] : done (2190ms) 
 block [1283/1343] : done (2298ms) 
 block [1284/1343] : done (2296ms) 
 block [1285/1343] : done (2244ms) 
 block [1286/1343] : done (2209ms) 
 block [1287/1343] : done (2231ms) 
 block [1288/1343] : done (2238ms) 
 block [1289/1343] : done (2160ms) 
 block [1290/1343] : done (2235ms) 
 block [1291/1343] : done (2217ms) 
 block [1292/1343] : done (2223ms) 
 block [1293/1343] : done (2326ms) 
 block [1294/1343] : done (2219ms) 
 block [1295/1343] : done (2236ms) 
 block [1296/1343] : done (2264ms) 
 block [1297/1343] : done (2304ms) 
 block [1298/1343] : done (2289ms) 
 block [1299/1343] : done (2274ms) 
 block [1300/1343] : done (2231ms) 
 block [1301/1343] : done (2331ms) 
 block [1302/1343] : done (2213ms) 
 block [1303/1343] : done (2266ms) 
 block [1304/1343] : done (2273ms) 
 block [1305/1343] : done (2274ms) 
 block [1306/1343] : done (2258ms) 
 block [1307/1343] : done (2180ms) 
 block [1308/1343] : done (2255ms) 
 block [1309/1343] : done (2261ms) 
 block [1310/1343] : done (2236ms) 
 block [1311/1343] : done (2240ms) 
 block [1312/1343] : done (2262ms) 
 block [1313/1343] : done (2263ms) 
 block [1314/1343] : done (2249ms) 
 block [1315/1343] : done (2327ms) 
 block [1316/1343] : done (2320ms) 
 block [1317/1343] : done (2259ms) 
 block [1318/1343] : done (2314ms) 
 block [1319/1343] : done (2192ms) 
 block [1320/1343] : done (2207ms) 
 block [1321/1343] : done (2298ms) 
 block [1322/1343] : done (2219ms) 
 block [1323/1343] : done (2278ms) 
 block [1324/1343] : done (2464ms) 
 block [1325/1343] : done (2170ms) 
 block [1326/1343] : done (2226ms) 
 block [1327/1343] : done (2236ms) 
 block [1328/1343] : done (2135ms) 
 block [1329/1343] : done (2160ms) 
 block [1330/1343] : done (2240ms) 
 block [1331/1343] : done (2269ms) 
 block [1332/1343] : done (2200ms) 
 block [1333/1343] : done (2238ms) 
 block [1334/1343] : done (2302ms) 
 block [1335/1343] : done (2349ms) 
 block [1336/1343] : done (2212ms) 
 block [1337/1343] : done (2232ms) 
 block [1338/1343] : done (2283ms) 
 block [1339/1343] : done (2242ms) 
 block [1340/1343] : done (2194ms) 
 block [1341/1343] : done (2331ms) 
 block [1342/1343] : done (2218ms) 
 block [1343/1343] : done (1176ms) 

Association results stored separately for each trait in files : 
* [result/06_step2/sig_weight_eur_step2.chr9_eur_SIG0_AUC.regenie]
* [result/06_step2/sig_weight_eur_step2.chr9_eur_SIG1_AUC.regenie]
* [result/06_step2/sig_weight_eur_step2.chr9_eur_SIG2_AUC.regenie]
* [result/06_step2/sig_weight_eur_step2.chr9_eur_SIG3_AUC.regenie]
* [result/06_step2/sig_weight_eur_step2.chr9_eur_SIG4_AUC.regenie]
* [result/06_step2/sig_weight_eur_step2.chr9_eur_SIG5_AUC.regenie]
* [result/06_step2/sig_weight_eur_step2.chr9_eur_SIG6_AUC.regenie]
* [result/06_step2/sig_weight_eur_step2.chr9_eur_SIG7_AUC.regenie]
* [result/06_step2/sig_weight_eur_step2.chr9_eur_SIG8_AUC.regenie]
* [result/06_step2/sig_weight_eur_step2.chr9_eur_SIG9_AUC.regenie]
* [result/06_step2/sig_weight_eur_step2.chr9_eur_SIG10_AUC.regenie]
* [result/06_step2/sig_weight_eur_step2.chr9_eur_SIG11_AUC.regenie]
* [result/06_step2/sig_weight_eur_step2.chr9_eur_SIG12_AUC.regenie]
* [result/06_step2/sig_weight_eur_step2.chr9_eur_SIG13_AUC.regenie]
* [result/06_step2/sig_weight_eur_step2.chr9_eur_SIG14_AUC.regenie]
* [result/06_step2/sig_weight_eur_step2.chr9_eur_SIG15_AUC.regenie]
* [result/06_step2/sig_weight_eur_step2.chr9_eur_SIG16_AUC.regenie]
* [result/06_step2/sig_weight_eur_step2.chr9_eur_SIG17_AUC.regenie]
* [result/06_step2/sig_weight_eur_step2.chr9_eur_SIG18_AUC.regenie]
* [result/06_step2/sig_weight_eur_step2.chr9_eur_SIG19_AUC.regenie]
* [result/06_step2/sig_weight_eur_step2.chr9_eur_SIG20_AUC.regenie]

Number of ignored tests due to low MAC or info score : 0

Elapsed time : 2996.34s
End time: Wed Dec 17 07:55:42 2025

