Start time: Wed Dec 17 07:05:45 2025

              |=============================|
              |      REGENIE v3.2.5.gz      |
              |=============================|

Copyright (c) 2020-2022 Joelle Mbatchou, Andrey Ziyatdinov and Jonathan Marchini.
Distributed under the MIT License.
Compiled with Boost Iostream library.
Using Intel MKL with Eigen.

Log of output saved in file : result/06_step2/sig_weight_eur_step2.chr3_eur.log

Options in effect:
  --step 2 \
  --bgen /broad/ukbb/imputed_v3/ukb_imp_chr3_v3.bgen \
  --sample /medpop/esp2/pradeep/UKBiobank/v3data/ukb7089_imp_chr3_v3_s487395.sample \
  --ref-first \
  --extract ../data/step2/var.chr3_eur.list.snplist \
  --keep ../data/sample_list_eur.txt \
  --covarFile ../data/sig_weight_cov_file.tsv \
  --phenoFile /medpop/esp2/tnakao/analyses/projects/collab/Sarah_signature_weights_GWAS/import/signature_auc_phenotypes_last.txt \
  --bsize 200 \
  --threads 4 \
  --qt \
  --catCovarList genotyping_array,Inferred_Gender \
  --pred result/04_step1/sig_weight_eur_step1_pred.list \
  --minINFO 0.7 \
  --out result/06_step2/sig_weight_eur_step2.chr3_eur

Association testing mode with fast multithreading using OpenMP
 * bgen             : [/broad/ukbb/imputed_v3/ukb_imp_chr3_v3.bgen]
   -summary : bgen file (v1.2 layout, zlib compressed) with 487409 anonymous samples and 6696680 variants with 8-bit encoding.
   -index bgi file [/broad/ukbb/imputed_v3/ukb_imp_chr3_v3.bgen.bgi]
   -keeping variants specified by --extract
   -number of variants remaining in the analysis = 463274
   -sample file: /medpop/esp2/pradeep/UKBiobank/v3data/ukb7089_imp_chr3_v3_s487395.sample
   -keeping only individuals specified by --keep
   -number of genotyped individuals remaining in the analysis = 361171
 * phenotypes       : [/medpop/esp2/tnakao/analyses/projects/collab/Sarah_signature_weights_GWAS/import/signature_auc_phenotypes_last.txt] n_pheno = 21
   -number of phenotyped individuals  = 361171
 * covariates       : [../data/sig_weight_cov_file.tsv] n_cov = 13
   -number of individuals with covariate data = 361171
 * number of individuals used in analysis = 361171
 * number of observations for each trait:
   - 'SIG0_AUC': 361171 observations
   - 'SIG1_AUC': 361171 observations
   - 'SIG2_AUC': 361171 observations
   - 'SIG3_AUC': 361171 observations
   - 'SIG4_AUC': 361171 observations
   - 'SIG5_AUC': 361171 observations
   - 'SIG6_AUC': 361171 observations
   - 'SIG7_AUC': 361171 observations
   - 'SIG8_AUC': 361171 observations
   - 'SIG9_AUC': 361171 observations
   - 'SIG10_AUC': 361171 observations
   - 'SIG11_AUC': 361171 observations
   - 'SIG12_AUC': 361171 observations
   - 'SIG13_AUC': 361171 observations
   - 'SIG14_AUC': 361171 observations
   - 'SIG15_AUC': 361171 observations
   - 'SIG16_AUC': 361171 observations
   - 'SIG17_AUC': 361171 observations
   - 'SIG18_AUC': 361171 observations
   - 'SIG19_AUC': 361171 observations
   - 'SIG20_AUC': 361171 observations
 * LOCO predictions : [result/04_step1/sig_weight_eur_step1_pred.list]
   -file [/medpop/esp2/tnakao/analyses/projects/collab/Sarah_signature_weights_GWAS/96_last_250319/result/04_step1/sig_weight_eur_step1_1.loco] for phenotype 'SIG0_AUC'
   -file [/medpop/esp2/tnakao/analyses/projects/collab/Sarah_signature_weights_GWAS/96_last_250319/result/04_step1/sig_weight_eur_step1_2.loco] for phenotype 'SIG1_AUC'
   -file [/medpop/esp2/tnakao/analyses/projects/collab/Sarah_signature_weights_GWAS/96_last_250319/result/04_step1/sig_weight_eur_step1_3.loco] for phenotype 'SIG2_AUC'
   -file [/medpop/esp2/tnakao/analyses/projects/collab/Sarah_signature_weights_GWAS/96_last_250319/result/04_step1/sig_weight_eur_step1_4.loco] for phenotype 'SIG3_AUC'
   -file [/medpop/esp2/tnakao/analyses/projects/collab/Sarah_signature_weights_GWAS/96_last_250319/result/04_step1/sig_weight_eur_step1_5.loco] for phenotype 'SIG4_AUC'
   -file [/medpop/esp2/tnakao/analyses/projects/collab/Sarah_signature_weights_GWAS/96_last_250319/result/04_step1/sig_weight_eur_step1_6.loco] for phenotype 'SIG5_AUC'
   -file [/medpop/esp2/tnakao/analyses/projects/collab/Sarah_signature_weights_GWAS/96_last_250319/result/04_step1/sig_weight_eur_step1_7.loco] for phenotype 'SIG6_AUC'
   -file [/medpop/esp2/tnakao/analyses/projects/collab/Sarah_signature_weights_GWAS/96_last_250319/result/04_step1/sig_weight_eur_step1_8.loco] for phenotype 'SIG7_AUC'
   -file [/medpop/esp2/tnakao/analyses/projects/collab/Sarah_signature_weights_GWAS/96_last_250319/result/04_step1/sig_weight_eur_step1_9.loco] for phenotype 'SIG8_AUC'
   -file [/medpop/esp2/tnakao/analyses/projects/collab/Sarah_signature_weights_GWAS/96_last_250319/result/04_step1/sig_weight_eur_step1_10.loco] for phenotype 'SIG9_AUC'
   -file [/medpop/esp2/tnakao/analyses/projects/collab/Sarah_signature_weights_GWAS/96_last_250319/result/04_step1/sig_weight_eur_step1_11.loco] for phenotype 'SIG10_AUC'
   -file [/medpop/esp2/tnakao/analyses/projects/collab/Sarah_signature_weights_GWAS/96_last_250319/result/04_step1/sig_weight_eur_step1_12.loco] for phenotype 'SIG11_AUC'
   -file [/medpop/esp2/tnakao/analyses/projects/collab/Sarah_signature_weights_GWAS/96_last_250319/result/04_step1/sig_weight_eur_step1_13.loco] for phenotype 'SIG12_AUC'
   -file [/medpop/esp2/tnakao/analyses/projects/collab/Sarah_signature_weights_GWAS/96_last_250319/result/04_step1/sig_weight_eur_step1_14.loco] for phenotype 'SIG13_AUC'
   -file [/medpop/esp2/tnakao/analyses/projects/collab/Sarah_signature_weights_GWAS/96_last_250319/result/04_step1/sig_weight_eur_step1_15.loco] for phenotype 'SIG14_AUC'
   -file [/medpop/esp2/tnakao/analyses/projects/collab/Sarah_signature_weights_GWAS/96_last_250319/result/04_step1/sig_weight_eur_step1_16.loco] for phenotype 'SIG15_AUC'
   -file [/medpop/esp2/tnakao/analyses/projects/collab/Sarah_signature_weights_GWAS/96_last_250319/result/04_step1/sig_weight_eur_step1_17.loco] for phenotype 'SIG16_AUC'
   -file [/medpop/esp2/tnakao/analyses/projects/collab/Sarah_signature_weights_GWAS/96_last_250319/result/04_step1/sig_weight_eur_step1_18.loco] for phenotype 'SIG17_AUC'
   -file [/medpop/esp2/tnakao/analyses/projects/collab/Sarah_signature_weights_GWAS/96_last_250319/result/04_step1/sig_weight_eur_step1_19.loco] for phenotype 'SIG18_AUC'
   -file [/medpop/esp2/tnakao/analyses/projects/collab/Sarah_signature_weights_GWAS/96_last_250319/result/04_step1/sig_weight_eur_step1_20.loco] for phenotype 'SIG19_AUC'
   -file [/medpop/esp2/tnakao/analyses/projects/collab/Sarah_signature_weights_GWAS/96_last_250319/result/04_step1/sig_weight_eur_step1_21.loco] for phenotype 'SIG20_AUC'
   -residualizing and scaling phenotypes...done (58ms) 
 * # threads        : [4]
 * block size       : [200]
 * # blocks         : [2317]
 * approximate memory usage : 2GB
 * using minimum MAC of 5 (variants with lower MAC are ignored)
 * using minimum imputation info score of 0.7 (variants with lower info score are ignored)

Chromosome 3 [2317 blocks in total]
   -reading loco predictions for the chromosome...done (10321ms) 
 block [1/2317] : done (2110ms) 
 block [2/2317] : done (2024ms) 
 block [3/2317] : done (1926ms) 
 block [4/2317] : done (2019ms) 
 block [5/2317] : done (2111ms) 
 block [6/2317] : done (2101ms) 
 block [7/2317] : done (2052ms) 
 block [8/2317] : done (1887ms) 
 block [9/2317] : done (2088ms) 
 block [10/2317] : done (2043ms) 
 block [11/2317] : done (2048ms) 
 block [12/2317] : done (1984ms) 
 block [13/2317] : done (2126ms) 
 block [14/2317] : done (2000ms) 
 block [15/2317] : done (1949ms) 
 block [16/2317] : done (2030ms) 
 block [17/2317] : done (2039ms) 
 block [18/2317] : done (2023ms) 
 block [19/2317] : done (1993ms) 
 block [20/2317] : done (1990ms) 
 block [21/2317] : done (1970ms) 
 block [22/2317] : done (1962ms) 
 block [23/2317] : done (2007ms) 
 block [24/2317] : done (2013ms) 
 block [25/2317] : done (1997ms) 
 block [26/2317] : done (1995ms) 
 block [27/2317] : done (2135ms) 
 block [28/2317] : done (2036ms) 
 block [29/2317] : done (1994ms) 
 block [30/2317] : done (2044ms) 
 block [31/2317] : done (1985ms) 
 block [32/2317] : done (1997ms) 
 block [33/2317] : done (1965ms) 
 block [34/2317] : done (1980ms) 
 block [35/2317] : done (1994ms) 
 block [36/2317] : done (1970ms) 
 block [37/2317] : done (2022ms) 
 block [38/2317] : done (2021ms) 
 block [39/2317] : done (2004ms) 
 block [40/2317] : done (2006ms) 
 block [41/2317] : done (2015ms) 
 block [42/2317] : done (2003ms) 
 block [43/2317] : done (2049ms) 
 block [44/2317] : done (2000ms) 
 block [45/2317] : done (1995ms) 
 block [46/2317] : done (1976ms) 
 block [47/2317] : done (1945ms) 
 block [48/2317] : done (1970ms) 
 block [49/2317] : done (2018ms) 
 block [50/2317] : done (2030ms) 
 block [51/2317] : done (1980ms) 
 block [52/2317] : done (2053ms) 
 block [53/2317] : done (2014ms) 
 block [54/2317] : done (2027ms) 
 block [55/2317] : done (1987ms) 
 block [56/2317] : done (2043ms) 
 block [57/2317] : done (1917ms) 
 block [58/2317] : done (1957ms) 
 block [59/2317] : done (1979ms) 
 block [60/2317] : done (2024ms) 
 block [61/2317] : done (2025ms) 
 block [62/2317] : done (1994ms) 
 block [63/2317] : done (1958ms) 
 block [64/2317] : done (2019ms) 
 block [65/2317] : done (1982ms) 
 block [66/2317] : done (1973ms) 
 block [67/2317] : done (2033ms) 
 block [68/2317] : done (1974ms) 
 block [69/2317] : done (2040ms) 
 block [70/2317] : done (1994ms) 
 block [71/2317] : done (2054ms) 
 block [72/2317] : done (2110ms) 
 block [73/2317] : done (2047ms) 
 block [74/2317] : done (2024ms) 
 block [75/2317] : done (2013ms) 
 block [76/2317] : done (2035ms) 
 block [77/2317] : done (2096ms) 
 block [78/2317] : done (2111ms) 
 block [79/2317] : done (2001ms) 
 block [80/2317] : done (2014ms) 
 block [81/2317] : done (2098ms) 
 block [82/2317] : done (2100ms) 
 block [83/2317] : done (1968ms) 
 block [84/2317] : done (1965ms) 
 block [85/2317] : done (1982ms) 
 block [86/2317] : done (1993ms) 
 block [87/2317] : done (2051ms) 
 block [88/2317] : done (2009ms) 
 block [89/2317] : done (2018ms) 
 block [90/2317] : done (1961ms) 
 block [91/2317] : done (1958ms) 
 block [92/2317] : done (2018ms) 
 block [93/2317] : done (1963ms) 
 block [94/2317] : done (1899ms) 
 block [95/2317] : done (1996ms) 
 block [96/2317] : done (1943ms) 
 block [97/2317] : done (2014ms) 
 block [98/2317] : done (1989ms) 
 block [99/2317] : done (2069ms) 
 block [100/2317] : done (1987ms) 
 block [101/2317] : done (2033ms) 
 block [102/2317] : done (2074ms) 
 block [103/2317] : done (2003ms) 
 block [104/2317] : done (1905ms) 
 block [105/2317] : done (2040ms) 
 block [106/2317] : done (1977ms) 
 block [107/2317] : done (1999ms) 
 block [108/2317] : done (1963ms) 
 block [109/2317] : done (2002ms) 
 block [110/2317] : done (1997ms) 
 block [111/2317] : done (1912ms) 
 block [112/2317] : done (1896ms) 
 block [113/2317] : done (1895ms) 
 block [114/2317] : done (1893ms) 
 block [115/2317] : done (1927ms) 
 block [116/2317] : done (1976ms) 
 block [117/2317] : done (1921ms) 
 block [118/2317] : done (1918ms) 
 block [119/2317] : done (1967ms) 
 block [120/2317] : done (2078ms) 
 block [121/2317] : done (1972ms) 
 block [122/2317] : done (1991ms) 
 block [123/2317] : done (1991ms) 
 block [124/2317] : done (2042ms) 
 block [125/2317] : done (1935ms) 
 block [126/2317] : done (1940ms) 
 block [127/2317] : done (1961ms) 
 block [128/2317] : done (1967ms) 
 block [129/2317] : done (2013ms) 
 block [130/2317] : done (2042ms) 
 block [131/2317] : done (2034ms) 
 block [132/2317] : done (1988ms) 
 block [133/2317] : done (1952ms) 
 block [134/2317] : done (1949ms) 
 block [135/2317] : done (1970ms) 
 block [136/2317] : done (1972ms) 
 block [137/2317] : done (1943ms) 
 block [138/2317] : done (1980ms) 
 block [139/2317] : done (1951ms) 
 block [140/2317] : done (1940ms) 
 block [141/2317] : done (1956ms) 
 block [142/2317] : done (2021ms) 
 block [143/2317] : done (2018ms) 
 block [144/2317] : done (2084ms) 
 block [145/2317] : done (2015ms) 
 block [146/2317] : done (1963ms) 
 block [147/2317] : done (1952ms) 
 block [148/2317] : done (1975ms) 
 block [149/2317] : done (1951ms) 
 block [150/2317] : done (1945ms) 
 block [151/2317] : done (2003ms) 
 block [152/2317] : done (2033ms) 
 block [153/2317] : done (2009ms) 
 block [154/2317] : done (1989ms) 
 block [155/2317] : done (1939ms) 
 block [156/2317] : done (1960ms) 
 block [157/2317] : done (1947ms) 
 block [158/2317] : done (1948ms) 
 block [159/2317] : done (1997ms) 
 block [160/2317] : done (2068ms) 
 block [161/2317] : done (1989ms) 
 block [162/2317] : done (1985ms) 
 block [163/2317] : done (1945ms) 
 block [164/2317] : done (1935ms) 
 block [165/2317] : done (1933ms) 
 block [166/2317] : done (1949ms) 
 block [167/2317] : done (1946ms) 
 block [168/2317] : done (1957ms) 
 block [169/2317] : done (1990ms) 
 block [170/2317] : done (2142ms) 
 block [171/2317] : done (1962ms) 
 block [172/2317] : done (2182ms) 
 block [173/2317] : done (1969ms) 
 block [174/2317] : done (1897ms) 
 block [175/2317] : done (1953ms) 
 block [176/2317] : done (1970ms) 
 block [177/2317] : done (1975ms) 
 block [178/2317] : done (1968ms) 
 block [179/2317] : done (1934ms) 
 block [180/2317] : done (1939ms) 
 block [181/2317] : done (1914ms) 
 block [182/2317] : done (1937ms) 
 block [183/2317] : done (1980ms) 
 block [184/2317] : done (1977ms) 
 block [185/2317] : done (1948ms) 
 block [186/2317] : done (1949ms) 
 block [187/2317] : done (2016ms) 
 block [188/2317] : done (1963ms) 
 block [189/2317] : done (1940ms) 
 block [190/2317] : done (1939ms) 
 block [191/2317] : done (1987ms) 
 block [192/2317] : done (2001ms) 
 block [193/2317] : done (1984ms) 
 block [194/2317] : done (2037ms) 
 block [195/2317] : done (1944ms) 
 block [196/2317] : done (1995ms) 
 block [197/2317] : done (2018ms) 
 block [198/2317] : done (1975ms) 
 block [199/2317] : done (1904ms) 
 block [200/2317] : done (1951ms) 
 block [201/2317] : done (1996ms) 
 block [202/2317] : done (1966ms) 
 block [203/2317] : done (1948ms) 
 block [204/2317] : done (1927ms) 
 block [205/2317] : done (1937ms) 
 block [206/2317] : done (1919ms) 
 block [207/2317] : done (1922ms) 
 block [208/2317] : done (1904ms) 
 block [209/2317] : done (1946ms) 
 block [210/2317] : done (2005ms) 
 block [211/2317] : done (1926ms) 
 block [212/2317] : done (2016ms) 
 block [213/2317] : done (2001ms) 
 block [214/2317] : done (2029ms) 
 block [215/2317] : done (2145ms) 
 block [216/2317] : done (1972ms) 
 block [217/2317] : done (2009ms) 
 block [218/2317] : done (2005ms) 
 block [219/2317] : done (1986ms) 
 block [220/2317] : done (1992ms) 
 block [221/2317] : done (1948ms) 
 block [222/2317] : done (1955ms) 
 block [223/2317] : done (1966ms) 
 block [224/2317] : done (1999ms) 
 block [225/2317] : done (1982ms) 
 block [226/2317] : done (2038ms) 
 block [227/2317] : done (1988ms) 
 block [228/2317] : done (1898ms) 
 block [229/2317] : done (1890ms) 
 block [230/2317] : done (1887ms) 
 block [231/2317] : done (1895ms) 
 block [232/2317] : done (1912ms) 
 block [233/2317] : done (1944ms) 
 block [234/2317] : done (1967ms) 
 block [235/2317] : done (2005ms) 
 block [236/2317] : done (1983ms) 
 block [237/2317] : done (1982ms) 
 block [238/2317] : done (2149ms) 
 block [239/2317] : done (1964ms) 
 block [240/2317] : done (1942ms) 
 block [241/2317] : done (1974ms) 
 block [242/2317] : done (1947ms) 
 block [243/2317] : done (1995ms) 
 block [244/2317] : done (1938ms) 
 block [245/2317] : done (1981ms) 
 block [246/2317] : done (2030ms) 
 block [247/2317] : done (2003ms) 
 block [248/2317] : done (2076ms) 
 block [249/2317] : done (2099ms) 
 block [250/2317] : done (1949ms) 
 block [251/2317] : done (1975ms) 
 block [252/2317] : done (1970ms) 
 block [253/2317] : done (1987ms) 
 block [254/2317] : done (1922ms) 
 block [255/2317] : done (1945ms) 
 block [256/2317] : done (1997ms) 
 block [257/2317] : done (1948ms) 
 block [258/2317] : done (1930ms) 
 block [259/2317] : done (1955ms) 
 block [260/2317] : done (1946ms) 
 block [261/2317] : done (1986ms) 
 block [262/2317] : done (1960ms) 
 block [263/2317] : done (1993ms) 
 block [264/2317] : done (2031ms) 
 block [265/2317] : done (1948ms) 
 block [266/2317] : done (2010ms) 
 block [267/2317] : done (1952ms) 
 block [268/2317] : done (1987ms) 
 block [269/2317] : done (2073ms) 
 block [270/2317] : done (1914ms) 
 block [271/2317] : done (2004ms) 
 block [272/2317] : done (1959ms) 
 block [273/2317] : done (1932ms) 
 block [274/2317] : done (1905ms) 
 block [275/2317] : done (1882ms) 
 block [276/2317] : done (1912ms) 
 block [277/2317] : done (1993ms) 
 block [278/2317] : done (1993ms) 
 block [279/2317] : done (2050ms) 
 block [280/2317] : done (2001ms) 
 block [281/2317] : done (2037ms) 
 block [282/2317] : done (2029ms) 
 block [283/2317] : done (2040ms) 
 block [284/2317] : done (1967ms) 
 block [285/2317] : done (1942ms) 
 block [286/2317] : done (1923ms) 
 block [287/2317] : done (2077ms) 
 block [288/2317] : done (2048ms) 
 block [289/2317] : done (2067ms) 
 block [290/2317] : done (2103ms) 
 block [291/2317] : done (1972ms) 
 block [292/2317] : done (1947ms) 
 block [293/2317] : done (1959ms) 
 block [294/2317] : done (1960ms) 
 block [295/2317] : done (1975ms) 
 block [296/2317] : done (1963ms) 
 block [297/2317] : done (1957ms) 
 block [298/2317] : done (1987ms) 
 block [299/2317] : done (1941ms) 
 block [300/2317] : done (1925ms) 
 block [301/2317] : done (1948ms) 
 block [302/2317] : done (1917ms) 
 block [303/2317] : done (1926ms) 
 block [304/2317] : done (1952ms) 
 block [305/2317] : done (1920ms) 
 block [306/2317] : done (1918ms) 
 block [307/2317] : done (1944ms) 
 block [308/2317] : done (1924ms) 
 block [309/2317] : done (2036ms) 
 block [310/2317] : done (2035ms) 
 block [311/2317] : done (1968ms) 
 block [312/2317] : done (1961ms) 
 block [313/2317] : done (1989ms) 
 block [314/2317] : done (1982ms) 
 block [315/2317] : done (1963ms) 
 block [316/2317] : done (2001ms) 
 block [317/2317] : done (1990ms) 
 block [318/2317] : done (1958ms) 
 block [319/2317] : done (1949ms) 
 block [320/2317] : done (1920ms) 
 block [321/2317] : done (1978ms) 
 block [322/2317] : done (1935ms) 
 block [323/2317] : done (1973ms) 
 block [324/2317] : done (1988ms) 
 block [325/2317] : done (1996ms) 
 block [326/2317] : done (1969ms) 
 block [327/2317] : done (2006ms) 
 block [328/2317] : done (1987ms) 
 block [329/2317] : done (1936ms) 
 block [330/2317] : done (1953ms) 
 block [331/2317] : done (1971ms) 
 block [332/2317] : done (1962ms) 
 block [333/2317] : done (1947ms) 
 block [334/2317] : done (1945ms) 
 block [335/2317] : done (2002ms) 
 block [336/2317] : done (1973ms) 
 block [337/2317] : done (1962ms) 
 block [338/2317] : done (1945ms) 
 block [339/2317] : done (1941ms) 
 block [340/2317] : done (1968ms) 
 block [341/2317] : done (2019ms) 
 block [342/2317] : done (1965ms) 
 block [343/2317] : done (2008ms) 
 block [344/2317] : done (1980ms) 
 block [345/2317] : done (1967ms) 
 block [346/2317] : done (2017ms) 
 block [347/2317] : done (2040ms) 
 block [348/2317] : done (2018ms) 
 block [349/2317] : done (1982ms) 
 block [350/2317] : done (1971ms) 
 block [351/2317] : done (1920ms) 
 block [352/2317] : done (1896ms) 
 block [353/2317] : done (1938ms) 
 block [354/2317] : done (1890ms) 
 block [355/2317] : done (1931ms) 
 block [356/2317] : done (1947ms) 
 block [357/2317] : done (1899ms) 
 block [358/2317] : done (1966ms) 
 block [359/2317] : done (1930ms) 
 block [360/2317] : done (1981ms) 
 block [361/2317] : done (1940ms) 
 block [362/2317] : done (1949ms) 
 block [363/2317] : done (1979ms) 
 block [364/2317] : done (1987ms) 
 block [365/2317] : done (2006ms) 
 block [366/2317] : done (1971ms) 
 block [367/2317] : done (2043ms) 
 block [368/2317] : done (2033ms) 
 block [369/2317] : done (2038ms) 
 block [370/2317] : done (2079ms) 
 block [371/2317] : done (1952ms) 
 block [372/2317] : done (1961ms) 
 block [373/2317] : done (1985ms) 
 block [374/2317] : done (1957ms) 
 block [375/2317] : done (1982ms) 
 block [376/2317] : done (2001ms) 
 block [377/2317] : done (1932ms) 
 block [378/2317] : done (1954ms) 
 block [379/2317] : done (1984ms) 
 block [380/2317] : done (1976ms) 
 block [381/2317] : done (1900ms) 
 block [382/2317] : done (1905ms) 
 block [383/2317] : done (1956ms) 
 block [384/2317] : done (1936ms) 
 block [385/2317] : done (1990ms) 
 block [386/2317] : done (2027ms) 
 block [387/2317] : done (2029ms) 
 block [388/2317] : done (1927ms) 
 block [389/2317] : done (1953ms) 
 block [390/2317] : done (1984ms) 
 block [391/2317] : done (1964ms) 
 block [392/2317] : done (1961ms) 
 block [393/2317] : done (1946ms) 
 block [394/2317] : done (1938ms) 
 block [395/2317] : done (1985ms) 
 block [396/2317] : done (1954ms) 
 block [397/2317] : done (1951ms) 
 block [398/2317] : done (1961ms) 
 block [399/2317] : done (1959ms) 
 block [400/2317] : done (1951ms) 
 block [401/2317] : done (1966ms) 
 block [402/2317] : done (1975ms) 
 block [403/2317] : done (1976ms) 
 block [404/2317] : done (1946ms) 
 block [405/2317] : done (1982ms) 
 block [406/2317] : done (1922ms) 
 block [407/2317] : done (1943ms) 
 block [408/2317] : done (1931ms) 
 block [409/2317] : done (1948ms) 
 block [410/2317] : done (2140ms) 
 block [411/2317] : done (2035ms) 
 block [412/2317] : done (2011ms) 
 block [413/2317] : done (1913ms) 
 block [414/2317] : done (1917ms) 
 block [415/2317] : done (1937ms) 
 block [416/2317] : done (1977ms) 
 block [417/2317] : done (1974ms) 
 block [418/2317] : done (2008ms) 
 block [419/2317] : done (1957ms) 
 block [420/2317] : done (1947ms) 
 block [421/2317] : done (1950ms) 
 block [422/2317] : done (1938ms) 
 block [423/2317] : done (1888ms) 
 block [424/2317] : done (1862ms) 
 block [425/2317] : done (1920ms) 
 block [426/2317] : done (2006ms) 
 block [427/2317] : done (1947ms) 
 block [428/2317] : done (1920ms) 
 block [429/2317] : done (1936ms) 
 block [430/2317] : done (1936ms) 
 block [431/2317] : done (1935ms) 
 block [432/2317] : done (1922ms) 
 block [433/2317] : done (1919ms) 
 block [434/2317] : done (1966ms) 
 block [435/2317] : done (1965ms) 
 block [436/2317] : done (1899ms) 
 block [437/2317] : done (1928ms) 
 block [438/2317] : done (1960ms) 
 block [439/2317] : done (1942ms) 
 block [440/2317] : done (2031ms) 
 block [441/2317] : done (1998ms) 
 block [442/2317] : done (1980ms) 
 block [443/2317] : done (1965ms) 
 block [444/2317] : done (1925ms) 
 block [445/2317] : done (1951ms) 
 block [446/2317] : done (1968ms) 
 block [447/2317] : done (2114ms) 
 block [448/2317] : done (1936ms) 
 block [449/2317] : done (1913ms) 
 block [450/2317] : done (1975ms) 
 block [451/2317] : done (1948ms) 
 block [452/2317] : done (1940ms) 
 block [453/2317] : done (1967ms) 
 block [454/2317] : done (1975ms) 
 block [455/2317] : done (1939ms) 
 block [456/2317] : done (1968ms) 
 block [457/2317] : done (1939ms) 
 block [458/2317] : done (1970ms) 
 block [459/2317] : done (2011ms) 
 block [460/2317] : done (1985ms) 
 block [461/2317] : done (1974ms) 
 block [462/2317] : done (2032ms) 
 block [463/2317] : done (1944ms) 
 block [464/2317] : done (1987ms) 
 block [465/2317] : done (1957ms) 
 block [466/2317] : done (2343ms) 
 block [467/2317] : done (1876ms) 
 block [468/2317] : done (1902ms) 
 block [469/2317] : done (1912ms) 
 block [470/2317] : done (1905ms) 
 block [471/2317] : done (1949ms) 
 block [472/2317] : done (1937ms) 
 block [473/2317] : done (1979ms) 
 block [474/2317] : done (1928ms) 
 block [475/2317] : done (1935ms) 
 block [476/2317] : done (1942ms) 
 block [477/2317] : done (1951ms) 
 block [478/2317] : done (1902ms) 
 block [479/2317] : done (1969ms) 
 block [480/2317] : done (1983ms) 
 block [481/2317] : done (1962ms) 
 block [482/2317] : done (1922ms) 
 block [483/2317] : done (1966ms) 
 block [484/2317] : done (1877ms) 
 block [485/2317] : done (1914ms) 
 block [486/2317] : done (1931ms) 
 block [487/2317] : done (1972ms) 
 block [488/2317] : done (1925ms) 
 block [489/2317] : done (1915ms) 
 block [490/2317] : done (1975ms) 
 block [491/2317] : done (1981ms) 
 block [492/2317] : done (1976ms) 
 block [493/2317] : done (1952ms) 
 block [494/2317] : done (1984ms) 
 block [495/2317] : done (1924ms) 
 block [496/2317] : done (1891ms) 
 block [497/2317] : done (1895ms) 
 block [498/2317] : done (1880ms) 
 block [499/2317] : done (1950ms) 
 block [500/2317] : done (1892ms) 
 block [501/2317] : done (1935ms) 
 block [502/2317] : done (1937ms) 
 block [503/2317] : done (1967ms) 
 block [504/2317] : done (1951ms) 
 block [505/2317] : done (2038ms) 
 block [506/2317] : done (2003ms) 
 block [507/2317] : done (1966ms) 
 block [508/2317] : done (1968ms) 
 block [509/2317] : done (1908ms) 
 block [510/2317] : done (1885ms) 
 block [511/2317] : done (1920ms) 
 block [512/2317] : done (1948ms) 
 block [513/2317] : done (1938ms) 
 block [514/2317] : done (1973ms) 
 block [515/2317] : done (2016ms) 
 block [516/2317] : done (1989ms) 
 block [517/2317] : done (1955ms) 
 block [518/2317] : done (2060ms) 
 block [519/2317] : done (1978ms) 
 block [520/2317] : done (1982ms) 
 block [521/2317] : done (1923ms) 
 block [522/2317] : done (1968ms) 
 block [523/2317] : done (1924ms) 
 block [524/2317] : done (1887ms) 
 block [525/2317] : done (1923ms) 
 block [526/2317] : done (1936ms) 
 block [527/2317] : done (1926ms) 
 block [528/2317] : done (1906ms) 
 block [529/2317] : done (1911ms) 
 block [530/2317] : done (1927ms) 
 block [531/2317] : done (1913ms) 
 block [532/2317] : done (1952ms) 
 block [533/2317] : done (1971ms) 
 block [534/2317] : done (1943ms) 
 block [535/2317] : done (1973ms) 
 block [536/2317] : done (2004ms) 
 block [537/2317] : done (1966ms) 
 block [538/2317] : done (1912ms) 
 block [539/2317] : done (1952ms) 
 block [540/2317] : done (1956ms) 
 block [541/2317] : done (1936ms) 
 block [542/2317] : done (1963ms) 
 block [543/2317] : done (1917ms) 
 block [544/2317] : done (1971ms) 
 block [545/2317] : done (2018ms) 
 block [546/2317] : done (1961ms) 
 block [547/2317] : done (1992ms) 
 block [548/2317] : done (1905ms) 
 block [549/2317] : done (1951ms) 
 block [550/2317] : done (1943ms) 
 block [551/2317] : done (1970ms) 
 block [552/2317] : done (1952ms) 
 block [553/2317] : done (1977ms) 
 block [554/2317] : done (1956ms) 
 block [555/2317] : done (1962ms) 
 block [556/2317] : done (1993ms) 
 block [557/2317] : done (1947ms) 
 block [558/2317] : done (1976ms) 
 block [559/2317] : done (1981ms) 
 block [560/2317] : done (1937ms) 
 block [561/2317] : done (1962ms) 
 block [562/2317] : done (1890ms) 
 block [563/2317] : done (1867ms) 
 block [564/2317] : done (1901ms) 
 block [565/2317] : done (1917ms) 
 block [566/2317] : done (1955ms) 
 block [567/2317] : done (1939ms) 
 block [568/2317] : done (1980ms) 
 block [569/2317] : done (1892ms) 
 block [570/2317] : done (1907ms) 
 block [571/2317] : done (1992ms) 
 block [572/2317] : done (1936ms) 
 block [573/2317] : done (1943ms) 
 block [574/2317] : done (1926ms) 
 block [575/2317] : done (1960ms) 
 block [576/2317] : done (1923ms) 
 block [577/2317] : done (1923ms) 
 block [578/2317] : done (1919ms) 
 block [579/2317] : done (1916ms) 
 block [580/2317] : done (1924ms) 
 block [581/2317] : done (1925ms) 
 block [582/2317] : done (1918ms) 
 block [583/2317] : done (1979ms) 
 block [584/2317] : done (1995ms) 
 block [585/2317] : done (1997ms) 
 block [586/2317] : done (1972ms) 
 block [587/2317] : done (1980ms) 
 block [588/2317] : done (1989ms) 
 block [589/2317] : done (1958ms) 
 block [590/2317] : done (1947ms) 
 block [591/2317] : done (2017ms) 
 block [592/2317] : done (1958ms) 
 block [593/2317] : done (1912ms) 
 block [594/2317] : done (1967ms) 
 block [595/2317] : done (1997ms) 
 block [596/2317] : done (2036ms) 
 block [597/2317] : done (2007ms) 
 block [598/2317] : done (1976ms) 
 block [599/2317] : done (1966ms) 
 block [600/2317] : done (1996ms) 
 block [601/2317] : done (1976ms) 
 block [602/2317] : done (1948ms) 
 block [603/2317] : done (2014ms) 
 block [604/2317] : done (1959ms) 
 block [605/2317] : done (1996ms) 
 block [606/2317] : done (2016ms) 
 block [607/2317] : done (1938ms) 
 block [608/2317] : done (1901ms) 
 block [609/2317] : done (1870ms) 
 block [610/2317] : done (1864ms) 
 block [611/2317] : done (1890ms) 
 block [612/2317] : done (1900ms) 
 block [613/2317] : done (1893ms) 
 block [614/2317] : done (1938ms) 
 block [615/2317] : done (1996ms) 
 block [616/2317] : done (1983ms) 
 block [617/2317] : done (1946ms) 
 block [618/2317] : done (2019ms) 
 block [619/2317] : done (1929ms) 
 block [620/2317] : done (1983ms) 
 block [621/2317] : done (1948ms) 
 block [622/2317] : done (1920ms) 
 block [623/2317] : done (1924ms) 
 block [624/2317] : done (1972ms) 
 block [625/2317] : done (1969ms) 
 block [626/2317] : done (1990ms) 
 block [627/2317] : done (2002ms) 
 block [628/2317] : done (1993ms) 
 block [629/2317] : done (2022ms) 
 block [630/2317] : done (1979ms) 
 block [631/2317] : done (1966ms) 
 block [632/2317] : done (1998ms) 
 block [633/2317] : done (1947ms) 
 block [634/2317] : done (1910ms) 
 block [635/2317] : done (1978ms) 
 block [636/2317] : done (2011ms) 
 block [637/2317] : done (1985ms) 
 block [638/2317] : done (2000ms) 
 block [639/2317] : done (1963ms) 
 block [640/2317] : done (1960ms) 
 block [641/2317] : done (2007ms) 
 block [642/2317] : done (2040ms) 
 block [643/2317] : done (1956ms) 
 block [644/2317] : done (1953ms) 
 block [645/2317] : done (1999ms) 
 block [646/2317] : done (1973ms) 
 block [647/2317] : done (1928ms) 
 block [648/2317] : done (1908ms) 
 block [649/2317] : done (1917ms) 
 block [650/2317] : done (2022ms) 
 block [651/2317] : done (1946ms) 
 block [652/2317] : done (1997ms) 
 block [653/2317] : done (1984ms) 
 block [654/2317] : done (1966ms) 
 block [655/2317] : done (1954ms) 
 block [656/2317] : done (1878ms) 
 block [657/2317] : done (1929ms) 
 block [658/2317] : done (1912ms) 
 block [659/2317] : done (1894ms) 
 block [660/2317] : done (1888ms) 
 block [661/2317] : done (1890ms) 
 block [662/2317] : done (2020ms) 
 block [663/2317] : done (1924ms) 
 block [664/2317] : done (2020ms) 
 block [665/2317] : done (1908ms) 
 block [666/2317] : done (1905ms) 
 block [667/2317] : done (1874ms) 
 block [668/2317] : done (1873ms) 
 block [669/2317] : done (1906ms) 
 block [670/2317] : done (1923ms) 
 block [671/2317] : done (2015ms) 
 block [672/2317] : done (1961ms) 
 block [673/2317] : done (2015ms) 
 block [674/2317] : done (1962ms) 
 block [675/2317] : done (1961ms) 
 block [676/2317] : done (1927ms) 
 block [677/2317] : done (1912ms) 
 block [678/2317] : done (1909ms) 
 block [679/2317] : done (1946ms) 
 block [680/2317] : done (1929ms) 
 block [681/2317] : done (1911ms) 
 block [682/2317] : done (1939ms) 
 block [683/2317] : done (1933ms) 
 block [684/2317] : done (2019ms) 
 block [685/2317] : done (2003ms) 
 block [686/2317] : done (1974ms) 
 block [687/2317] : done (1917ms) 
 block [688/2317] : done (1935ms) 
 block [689/2317] : done (1923ms) 
 block [690/2317] : done (1931ms) 
 block [691/2317] : done (1942ms) 
 block [692/2317] : done (1971ms) 
 block [693/2317] : done (1924ms) 
 block [694/2317] : done (1981ms) 
 block [695/2317] : done (2013ms) 
 block [696/2317] : done (2011ms) 
 block [697/2317] : done (1970ms) 
 block [698/2317] : done (1970ms) 
 block [699/2317] : done (1931ms) 
 block [700/2317] : done (1904ms) 
 block [701/2317] : done (1975ms) 
 block [702/2317] : done (1984ms) 
 block [703/2317] : done (1941ms) 
 block [704/2317] : done (1924ms) 
 block [705/2317] : done (1896ms) 
 block [706/2317] : done (1935ms) 
 block [707/2317] : done (1942ms) 
 block [708/2317] : done (1966ms) 
 block [709/2317] : done (1951ms) 
 block [710/2317] : done (1961ms) 
 block [711/2317] : done (1997ms) 
 block [712/2317] : done (1983ms) 
 block [713/2317] : done (1994ms) 
 block [714/2317] : done (2019ms) 
 block [715/2317] : done (1987ms) 
 block [716/2317] : done (2024ms) 
 block [717/2317] : done (2005ms) 
 block [718/2317] : done (1938ms) 
 block [719/2317] : done (1917ms) 
 block [720/2317] : done (1933ms) 
 block [721/2317] : done (1951ms) 
 block [722/2317] : done (1975ms) 
 block [723/2317] : done (1953ms) 
 block [724/2317] : done (1950ms) 
 block [725/2317] : done (1905ms) 
 block [726/2317] : done (1920ms) 
 block [727/2317] : done (1921ms) 
 block [728/2317] : done (1938ms) 
 block [729/2317] : done (1998ms) 
 block [730/2317] : done (2004ms) 
 block [731/2317] : done (1961ms) 
 block [732/2317] : done (1979ms) 
 block [733/2317] : done (1917ms) 
 block [734/2317] : done (2024ms) 
 block [735/2317] : done (1913ms) 
 block [736/2317] : done (1931ms) 
 block [737/2317] : done (1960ms) 
 block [738/2317] : done (1936ms) 
 block [739/2317] : done (1933ms) 
 block [740/2317] : done (1965ms) 
 block [741/2317] : done (2022ms) 
 block [742/2317] : done (1983ms) 
 block [743/2317] : done (2038ms) 
 block [744/2317] : done (1914ms) 
 block [745/2317] : done (1935ms) 
 block [746/2317] : done (1917ms) 
 block [747/2317] : done (1933ms) 
 block [748/2317] : done (2036ms) 
 block [749/2317] : done (1901ms) 
 block [750/2317] : done (1929ms) 
 block [751/2317] : done (1906ms) 
 block [752/2317] : done (1900ms) 
 block [753/2317] : done (1918ms) 
 block [754/2317] : done (1936ms) 
 block [755/2317] : done (1978ms) 
 block [756/2317] : done (1945ms) 
 block [757/2317] : done (1970ms) 
 block [758/2317] : done (1981ms) 
 block [759/2317] : done (1955ms) 
 block [760/2317] : done (1895ms) 
 block [761/2317] : done (1949ms) 
 block [762/2317] : done (1939ms) 
 block [763/2317] : done (2006ms) 
 block [764/2317] : done (1957ms) 
 block [765/2317] : done (1972ms) 
 block [766/2317] : done (2009ms) 
 block [767/2317] : done (1953ms) 
 block [768/2317] : done (2019ms) 
 block [769/2317] : done (1960ms) 
 block [770/2317] : done (1968ms) 
 block [771/2317] : done (1937ms) 
 block [772/2317] : done (1906ms) 
 block [773/2317] : done (1934ms) 
 block [774/2317] : done (1944ms) 
 block [775/2317] : done (1926ms) 
 block [776/2317] : done (1928ms) 
 block [777/2317] : done (1909ms) 
 block [778/2317] : done (1961ms) 
 block [779/2317] : done (1969ms) 
 block [780/2317] : done (1925ms) 
 block [781/2317] : done (1967ms) 
 block [782/2317] : done (1972ms) 
 block [783/2317] : done (1940ms) 
 block [784/2317] : done (1973ms) 
 block [785/2317] : done (1951ms) 
 block [786/2317] : done (1966ms) 
 block [787/2317] : done (2022ms) 
 block [788/2317] : done (1973ms) 
 block [789/2317] : done (2031ms) 
 block [790/2317] : done (1947ms) 
 block [791/2317] : done (1903ms) 
 block [792/2317] : done (1907ms) 
 block [793/2317] : done (1902ms) 
 block [794/2317] : done (1991ms) 
 block [795/2317] : done (1921ms) 
 block [796/2317] : done (1967ms) 
 block [797/2317] : done (1991ms) 
 block [798/2317] : done (1903ms) 
 block [799/2317] : done (1964ms) 
 block [800/2317] : done (1905ms) 
 block [801/2317] : done (1887ms) 
 block [802/2317] : done (1908ms) 
 block [803/2317] : done (1840ms) 
 block [804/2317] : done (1885ms) 
 block [805/2317] : done (1941ms) 
 block [806/2317] : done (1911ms) 
 block [807/2317] : done (1906ms) 
 block [808/2317] : done (1939ms) 
 block [809/2317] : done (1923ms) 
 block [810/2317] : done (1912ms) 
 block [811/2317] : done (1900ms) 
 block [812/2317] : done (1909ms) 
 block [813/2317] : done (1904ms) 
 block [814/2317] : done (1930ms) 
 block [815/2317] : done (1940ms) 
 block [816/2317] : done (1951ms) 
 block [817/2317] : done (1974ms) 
 block [818/2317] : done (2017ms) 
 block [819/2317] : done (2104ms) 
 block [820/2317] : done (2027ms) 
 block [821/2317] : done (2016ms) 
 block [822/2317] : done (2013ms) 
 block [823/2317] : done (2016ms) 
 block [824/2317] : done (1972ms) 
 block [825/2317] : done (2038ms) 
 block [826/2317] : done (1927ms) 
 block [827/2317] : done (1951ms) 
 block [828/2317] : done (1927ms) 
 block [829/2317] : done (1942ms) 
 block [830/2317] : done (1926ms) 
 block [831/2317] : done (1960ms) 
 block [832/2317] : done (1959ms) 
 block [833/2317] : done (1936ms) 
 block [834/2317] : done (1997ms) 
 block [835/2317] : done (2032ms) 
 block [836/2317] : done (1968ms) 
 block [837/2317] : done (2028ms) 
 block [838/2317] : done (2024ms) 
 block [839/2317] : done (2005ms) 
 block [840/2317] : done (2018ms) 
 block [841/2317] : done (2004ms) 
 block [842/2317] : done (1999ms) 
 block [843/2317] : done (2009ms) 
 block [844/2317] : done (2058ms) 
 block [845/2317] : done (1974ms) 
 block [846/2317] : done (2006ms) 
 block [847/2317] : done (1975ms) 
 block [848/2317] : done (1908ms) 
 block [849/2317] : done (2022ms) 
 block [850/2317] : done (1964ms) 
 block [851/2317] : done (1969ms) 
 block [852/2317] : done (2019ms) 
 block [853/2317] : done (1976ms) 
 block [854/2317] : done (1994ms) 
 block [855/2317] : done (1993ms) 
 block [856/2317] : done (1996ms) 
 block [857/2317] : done (1932ms) 
 block [858/2317] : done (1948ms) 
 block [859/2317] : done (1970ms) 
 block [860/2317] : done (1986ms) 
 block [861/2317] : done (1994ms) 
 block [862/2317] : done (2002ms) 
 block [863/2317] : done (2014ms) 
 block [864/2317] : done (1940ms) 
 block [865/2317] : done (1909ms) 
 block [866/2317] : done (2014ms) 
 block [867/2317] : done (1992ms) 
 block [868/2317] : done (1986ms) 
 block [869/2317] : done (1966ms) 
 block [870/2317] : done (1929ms) 
 block [871/2317] : done (1940ms) 
 block [872/2317] : done (1982ms) 
 block [873/2317] : done (1991ms) 
 block [874/2317] : done (1921ms) 
 block [875/2317] : done (1923ms) 
 block [876/2317] : done (1966ms) 
 block [877/2317] : done (1920ms) 
 block [878/2317] : done (1943ms) 
 block [879/2317] : done (1937ms) 
 block [880/2317] : done (1924ms) 
 block [881/2317] : done (1945ms) 
 block [882/2317] : done (1939ms) 
 block [883/2317] : done (1922ms) 
 block [884/2317] : done (2036ms) 
 block [885/2317] : done (2035ms) 
 block [886/2317] : done (2009ms) 
 block [887/2317] : done (1883ms) 
 block [888/2317] : done (1965ms) 
 block [889/2317] : done (1927ms) 
 block [890/2317] : done (1901ms) 
 block [891/2317] : done (1945ms) 
 block [892/2317] : done (1958ms) 
 block [893/2317] : done (1975ms) 
 block [894/2317] : done (2032ms) 
 block [895/2317] : done (1974ms) 
 block [896/2317] : done (1986ms) 
 block [897/2317] : done (1994ms) 
 block [898/2317] : done (2045ms) 
 block [899/2317] : done (1940ms) 
 block [900/2317] : done (1900ms) 
 block [901/2317] : done (1995ms) 
 block [902/2317] : done (2008ms) 
 block [903/2317] : done (1987ms) 
 block [904/2317] : done (1985ms) 
 block [905/2317] : done (1971ms) 
 block [906/2317] : done (1964ms) 
 block [907/2317] : done (1972ms) 
 block [908/2317] : done (1919ms) 
 block [909/2317] : done (1987ms) 
 block [910/2317] : done (2016ms) 
 block [911/2317] : done (1986ms) 
 block [912/2317] : done (1981ms) 
 block [913/2317] : done (2002ms) 
 block [914/2317] : done (1977ms) 
 block [915/2317] : done (2002ms) 
 block [916/2317] : done (1930ms) 
 block [917/2317] : done (1947ms) 
 block [918/2317] : done (2010ms) 
 block [919/2317] : done (1929ms) 
 block [920/2317] : done (1955ms) 
 block [921/2317] : done (1939ms) 
 block [922/2317] : done (1956ms) 
 block [923/2317] : done (1911ms) 
 block [924/2317] : done (2050ms) 
 block [925/2317] : done (2004ms) 
 block [926/2317] : done (1981ms) 
 block [927/2317] : done (2000ms) 
 block [928/2317] : done (1969ms) 
 block [929/2317] : done (1971ms) 
 block [930/2317] : done (1966ms) 
 block [931/2317] : done (1959ms) 
 block [932/2317] : done (1952ms) 
 block [933/2317] : done (1937ms) 
 block [934/2317] : done (1897ms) 
 block [935/2317] : done (1899ms) 
 block [936/2317] : done (1906ms) 
 block [937/2317] : done (1925ms) 
 block [938/2317] : done (1949ms) 
 block [939/2317] : done (1921ms) 
 block [940/2317] : done (1952ms) 
 block [941/2317] : done (1924ms) 
 block [942/2317] : done (1940ms) 
 block [943/2317] : done (1958ms) 
 block [944/2317] : done (1997ms) 
 block [945/2317] : done (2022ms) 
 block [946/2317] : done (2010ms) 
 block [947/2317] : done (2052ms) 
 block [948/2317] : done (1988ms) 
 block [949/2317] : done (1926ms) 
 block [950/2317] : done (1939ms) 
 block [951/2317] : done (1950ms) 
 block [952/2317] : done (1932ms) 
 block [953/2317] : done (1967ms) 
 block [954/2317] : done (1951ms) 
 block [955/2317] : done (2005ms) 
 block [956/2317] : done (2009ms) 
 block [957/2317] : done (1999ms) 
 block [958/2317] : done (2016ms) 
 block [959/2317] : done (1938ms) 
 block [960/2317] : done (1887ms) 
 block [961/2317] : done (1944ms) 
 block [962/2317] : done (1955ms) 
 block [963/2317] : done (1963ms) 
 block [964/2317] : done (1954ms) 
 block [965/2317] : done (1898ms) 
 block [966/2317] : done (1948ms) 
 block [967/2317] : done (1912ms) 
 block [968/2317] : done (1927ms) 
 block [969/2317] : done (1923ms) 
 block [970/2317] : done (1936ms) 
 block [971/2317] : done (1910ms) 
 block [972/2317] : done (1942ms) 
 block [973/2317] : done (2034ms) 
 block [974/2317] : done (1930ms) 
 block [975/2317] : done (1945ms) 
 block [976/2317] : done (2005ms) 
 block [977/2317] : done (1973ms) 
 block [978/2317] : done (1958ms) 
 block [979/2317] : done (1963ms) 
 block [980/2317] : done (1932ms) 
 block [981/2317] : done (1923ms) 
 block [982/2317] : done (1923ms) 
 block [983/2317] : done (1919ms) 
 block [984/2317] : done (1912ms) 
 block [985/2317] : done (1923ms) 
 block [986/2317] : done (1921ms) 
 block [987/2317] : done (2008ms) 
 block [988/2317] : done (2079ms) 
 block [989/2317] : done (2002ms) 
 block [990/2317] : done (2007ms) 
 block [991/2317] : done (2008ms) 
 block [992/2317] : done (2033ms) 
 block [993/2317] : done (1980ms) 
 block [994/2317] : done (1997ms) 
 block [995/2317] : done (1965ms) 
 block [996/2317] : done (2015ms) 
 block [997/2317] : done (2009ms) 
 block [998/2317] : done (2007ms) 
 block [999/2317] : done (2039ms) 
 block [1000/2317] : done (2014ms) 
 block [1001/2317] : done (1942ms) 
 block [1002/2317] : done (1939ms) 
 block [1003/2317] : done (1937ms) 
 block [1004/2317] : done (1963ms) 
 block [1005/2317] : done (1983ms) 
 block [1006/2317] : done (1957ms) 
 block [1007/2317] : done (1923ms) 
 block [1008/2317] : done (1944ms) 
 block [1009/2317] : done (1995ms) 
 block [1010/2317] : done (1929ms) 
 block [1011/2317] : done (1944ms) 
 block [1012/2317] : done (1976ms) 
 block [1013/2317] : done (1927ms) 
 block [1014/2317] : done (1913ms) 
 block [1015/2317] : done (2033ms) 
 block [1016/2317] : done (1992ms) 
 block [1017/2317] : done (1949ms) 
 block [1018/2317] : done (1957ms) 
 block [1019/2317] : done (1969ms) 
 block [1020/2317] : done (1961ms) 
 block [1021/2317] : done (2014ms) 
 block [1022/2317] : done (2040ms) 
 block [1023/2317] : done (1985ms) 
 block [1024/2317] : done (2048ms) 
 block [1025/2317] : done (2026ms) 
 block [1026/2317] : done (1987ms) 
 block [1027/2317] : done (2011ms) 
 block [1028/2317] : done (2011ms) 
 block [1029/2317] : done (1994ms) 
 block [1030/2317] : done (2015ms) 
 block [1031/2317] : done (1946ms) 
 block [1032/2317] : done (1973ms) 
 block [1033/2317] : done (1967ms) 
 block [1034/2317] : done (1946ms) 
 block [1035/2317] : done (2058ms) 
 block [1036/2317] : done (2004ms) 
 block [1037/2317] : done (2002ms) 
 block [1038/2317] : done (2026ms) 
 block [1039/2317] : done (2044ms) 
 block [1040/2317] : done (2078ms) 
 block [1041/2317] : done (2077ms) 
 block [1042/2317] : done (2035ms) 
 block [1043/2317] : done (2035ms) 
 block [1044/2317] : done (2050ms) 
 block [1045/2317] : done (2017ms) 
 block [1046/2317] : done (1998ms) 
 block [1047/2317] : done (1973ms) 
 block [1048/2317] : done (2098ms) 
 block [1049/2317] : done (2048ms) 
 block [1050/2317] : done (1973ms) 
 block [1051/2317] : done (1936ms) 
 block [1052/2317] : done (2009ms) 
 block [1053/2317] : done (2062ms) 
 block [1054/2317] : done (2035ms) 
 block [1055/2317] : done (2025ms) 
 block [1056/2317] : done (2092ms) 
 block [1057/2317] : done (1968ms) 
 block [1058/2317] : done (2042ms) 
 block [1059/2317] : done (1941ms) 
 block [1060/2317] : done (1953ms) 
 block [1061/2317] : done (1981ms) 
 block [1062/2317] : done (1982ms) 
 block [1063/2317] : done (2064ms) 
 block [1064/2317] : done (1958ms) 
 block [1065/2317] : done (1990ms) 
 block [1066/2317] : done (1949ms) 
 block [1067/2317] : done (1907ms) 
 block [1068/2317] : done (1922ms) 
 block [1069/2317] : done (1902ms) 
 block [1070/2317] : done (1947ms) 
 block [1071/2317] : done (1949ms) 
 block [1072/2317] : done (2007ms) 
 block [1073/2317] : done (1994ms) 
 block [1074/2317] : done (1986ms) 
 block [1075/2317] : done (1982ms) 
 block [1076/2317] : done (2008ms) 
 block [1077/2317] : done (1950ms) 
 block [1078/2317] : done (1918ms) 
 block [1079/2317] : done (1967ms) 
 block [1080/2317] : done (1970ms) 
 block [1081/2317] : done (1935ms) 
 block [1082/2317] : done (1942ms) 
 block [1083/2317] : done (1927ms) 
 block [1084/2317] : done (1964ms) 
 block [1085/2317] : done (1954ms) 
 block [1086/2317] : done (1987ms) 
 block [1087/2317] : done (1981ms) 
 block [1088/2317] : done (1972ms) 
 block [1089/2317] : done (1977ms) 
 block [1090/2317] : done (2051ms) 
 block [1091/2317] : done (1923ms) 
 block [1092/2317] : done (2021ms) 
 block [1093/2317] : done (2040ms) 
 block [1094/2317] : done (2036ms) 
 block [1095/2317] : done (2039ms) 
 block [1096/2317] : done (2103ms) 
 block [1097/2317] : done (2218ms) 
 block [1098/2317] : done (2123ms) 
 block [1099/2317] : done (2148ms) 
 block [1100/2317] : done (2208ms) 
 block [1101/2317] : done (2153ms) 
 block [1102/2317] : done (2176ms) 
 block [1103/2317] : done (2090ms) 
 block [1104/2317] : done (2105ms) 
 block [1105/2317] : done (1987ms) 
 block [1106/2317] : done (1992ms) 
 block [1107/2317] : done (1896ms) 
 block [1108/2317] : done (1959ms) 
 block [1109/2317] : done (1927ms) 
 block [1110/2317] : done (1873ms) 
 block [1111/2317] : done (1967ms) 
 block [1112/2317] : done (1939ms) 
 block [1113/2317] : done (2003ms) 
 block [1114/2317] : done (1989ms) 
 block [1115/2317] : done (1935ms) 
 block [1116/2317] : done (1991ms) 
 block [1117/2317] : done (1940ms) 
 block [1118/2317] : done (1978ms) 
 block [1119/2317] : done (1961ms) 
 block [1120/2317] : done (1992ms) 
 block [1121/2317] : done (1982ms) 
 block [1122/2317] : done (1959ms) 
 block [1123/2317] : done (1943ms) 
 block [1124/2317] : done (2008ms) 
 block [1125/2317] : done (2002ms) 
 block [1126/2317] : done (1907ms) 
 block [1127/2317] : done (1904ms) 
 block [1128/2317] : done (1963ms) 
 block [1129/2317] : done (1923ms) 
 block [1130/2317] : done (1908ms) 
 block [1131/2317] : done (1948ms) 
 block [1132/2317] : done (1941ms) 
 block [1133/2317] : done (1974ms) 
 block [1134/2317] : done (1969ms) 
 block [1135/2317] : done (1994ms) 
 block [1136/2317] : done (1979ms) 
 block [1137/2317] : done (1965ms) 
 block [1138/2317] : done (1975ms) 
 block [1139/2317] : done (1952ms) 
 block [1140/2317] : done (2009ms) 
 block [1141/2317] : done (1920ms) 
 block [1142/2317] : done (1999ms) 
 block [1143/2317] : done (1972ms) 
 block [1144/2317] : done (2014ms) 
 block [1145/2317] : done (2004ms) 
 block [1146/2317] : done (1959ms) 
 block [1147/2317] : done (1974ms) 
 block [1148/2317] : done (1980ms) 
 block [1149/2317] : done (1926ms) 
 block [1150/2317] : done (1969ms) 
 block [1151/2317] : done (1984ms) 
 block [1152/2317] : done (1969ms) 
 block [1153/2317] : done (1942ms) 
 block [1154/2317] : done (1936ms) 
 block [1155/2317] : done (1957ms) 
 block [1156/2317] : done (2004ms) 
 block [1157/2317] : done (2048ms) 
 block [1158/2317] : done (1984ms) 
 block [1159/2317] : done (2005ms) 
 block [1160/2317] : done (2038ms) 
 block [1161/2317] : done (2018ms) 
 block [1162/2317] : done (1966ms) 
 block [1163/2317] : done (1962ms) 
 block [1164/2317] : done (1971ms) 
 block [1165/2317] : done (1959ms) 
 block [1166/2317] : done (2034ms) 
 block [1167/2317] : done (2008ms) 
 block [1168/2317] : done (2003ms) 
 block [1169/2317] : done (1931ms) 
 block [1170/2317] : done (1955ms) 
 block [1171/2317] : done (1984ms) 
 block [1172/2317] : done (1983ms) 
 block [1173/2317] : done (1958ms) 
 block [1174/2317] : done (1956ms) 
 block [1175/2317] : done (1946ms) 
 block [1176/2317] : done (1936ms) 
 block [1177/2317] : done (1953ms) 
 block [1178/2317] : done (1949ms) 
 block [1179/2317] : done (1939ms) 
 block [1180/2317] : done (1982ms) 
 block [1181/2317] : done (1973ms) 
 block [1182/2317] : done (1989ms) 
 block [1183/2317] : done (1941ms) 
 block [1184/2317] : done (1961ms) 
 block [1185/2317] : done (1961ms) 
 block [1186/2317] : done (1951ms) 
 block [1187/2317] : done (2007ms) 
 block [1188/2317] : done (1967ms) 
 block [1189/2317] : done (1935ms) 
 block [1190/2317] : done (1942ms) 
 block [1191/2317] : done (1940ms) 
 block [1192/2317] : done (1972ms) 
 block [1193/2317] : done (1967ms) 
 block [1194/2317] : done (1982ms) 
 block [1195/2317] : done (1938ms) 
 block [1196/2317] : done (1967ms) 
 block [1197/2317] : done (1959ms) 
 block [1198/2317] : done (2002ms) 
 block [1199/2317] : done (2005ms) 
 block [1200/2317] : done (1986ms) 
 block [1201/2317] : done (1973ms) 
 block [1202/2317] : done (1984ms) 
 block [1203/2317] : done (1979ms) 
 block [1204/2317] : done (1944ms) 
 block [1205/2317] : done (1908ms) 
 block [1206/2317] : done (1996ms) 
 block [1207/2317] : done (1935ms) 
 block [1208/2317] : done (1940ms) 
 block [1209/2317] : done (1950ms) 
 block [1210/2317] : done (1943ms) 
 block [1211/2317] : done (1909ms) 
 block [1212/2317] : done (1923ms) 
 block [1213/2317] : done (1919ms) 
 block [1214/2317] : done (1938ms) 
 block [1215/2317] : done (1980ms) 
 block [1216/2317] : done (1973ms) 
 block [1217/2317] : done (2009ms) 
 block [1218/2317] : done (2028ms) 
 block [1219/2317] : done (2027ms) 
 block [1220/2317] : done (2024ms) 
 block [1221/2317] : done (1968ms) 
 block [1222/2317] : done (1979ms) 
 block [1223/2317] : done (1998ms) 
 block [1224/2317] : done (1983ms) 
 block [1225/2317] : done (2007ms) 
 block [1226/2317] : done (2030ms) 
 block [1227/2317] : done (1987ms) 
 block [1228/2317] : done (1939ms) 
 block [1229/2317] : done (2055ms) 
 block [1230/2317] : done (1943ms) 
 block [1231/2317] : done (1978ms) 
 block [1232/2317] : done (1982ms) 
 block [1233/2317] : done (1918ms) 
 block [1234/2317] : done (1970ms) 
 block [1235/2317] : done (1889ms) 
 block [1236/2317] : done (1894ms) 
 block [1237/2317] : done (1942ms) 
 block [1238/2317] : done (1910ms) 
 block [1239/2317] : done (1916ms) 
 block [1240/2317] : done (1914ms) 
 block [1241/2317] : done (1961ms) 
 block [1242/2317] : done (1982ms) 
 block [1243/2317] : done (1948ms) 
 block [1244/2317] : done (1970ms) 
 block [1245/2317] : done (1956ms) 
 block [1246/2317] : done (1929ms) 
 block [1247/2317] : done (1948ms) 
 block [1248/2317] : done (1962ms) 
 block [1249/2317] : done (1901ms) 
 block [1250/2317] : done (1990ms) 
 block [1251/2317] : done (1949ms) 
 block [1252/2317] : done (2021ms) 
 block [1253/2317] : done (1965ms) 
 block [1254/2317] : done (1962ms) 
 block [1255/2317] : done (1956ms) 
 block [1256/2317] : done (1914ms) 
 block [1257/2317] : done (1927ms) 
 block [1258/2317] : done (1958ms) 
 block [1259/2317] : done (1931ms) 
 block [1260/2317] : done (1935ms) 
 block [1261/2317] : done (1936ms) 
 block [1262/2317] : done (1934ms) 
 block [1263/2317] : done (1974ms) 
 block [1264/2317] : done (1938ms) 
 block [1265/2317] : done (2042ms) 
 block [1266/2317] : done (1965ms) 
 block [1267/2317] : done (1982ms) 
 block [1268/2317] : done (1945ms) 
 block [1269/2317] : done (1965ms) 
 block [1270/2317] : done (1986ms) 
 block [1271/2317] : done (1925ms) 
 block [1272/2317] : done (1943ms) 
 block [1273/2317] : done (1890ms) 
 block [1274/2317] : done (1901ms) 
 block [1275/2317] : done (2001ms) 
 block [1276/2317] : done (1954ms) 
 block [1277/2317] : done (1955ms) 
 block [1278/2317] : done (1890ms) 
 block [1279/2317] : done (1919ms) 
 block [1280/2317] : done (1932ms) 
 block [1281/2317] : done (1940ms) 
 block [1282/2317] : done (1931ms) 
 block [1283/2317] : done (1924ms) 
 block [1284/2317] : done (1928ms) 
 block [1285/2317] : done (1938ms) 
 block [1286/2317] : done (1949ms) 
 block [1287/2317] : done (1957ms) 
 block [1288/2317] : done (1984ms) 
 block [1289/2317] : done (1963ms) 
 block [1290/2317] : done (1849ms) 
 block [1291/2317] : done (1927ms) 
 block [1292/2317] : done (1941ms) 
 block [1293/2317] : done (1900ms) 
 block [1294/2317] : done (1883ms) 
 block [1295/2317] : done (1889ms) 
 block [1296/2317] : done (1857ms) 
 block [1297/2317] : done (1934ms) 
 block [1298/2317] : done (1980ms) 
 block [1299/2317] : done (1937ms) 
 block [1300/2317] : done (1947ms) 
 block [1301/2317] : done (1894ms) 
 block [1302/2317] : done (1836ms) 
 block [1303/2317] : done (1839ms) 
 block [1304/2317] : done (1850ms) 
 block [1305/2317] : done (1852ms) 
 block [1306/2317] : done (1870ms) 
 block [1307/2317] : done (1999ms) 
 block [1308/2317] : done (2041ms) 
 block [1309/2317] : done (2010ms) 
 block [1310/2317] : done (1936ms) 
 block [1311/2317] : done (1897ms) 
 block [1312/2317] : done (1914ms) 
 block [1313/2317] : done (1999ms) 
 block [1314/2317] : done (1956ms) 
 block [1315/2317] : done (1884ms) 
 block [1316/2317] : done (1867ms) 
 block [1317/2317] : done (1888ms) 
 block [1318/2317] : done (1852ms) 
 block [1319/2317] : done (1869ms) 
 block [1320/2317] : done (1879ms) 
 block [1321/2317] : done (1898ms) 
 block [1322/2317] : done (1926ms) 
 block [1323/2317] : done (2009ms) 
 block [1324/2317] : done (2004ms) 
 block [1325/2317] : done (1956ms) 
 block [1326/2317] : done (1951ms) 
 block [1327/2317] : done (1946ms) 
 block [1328/2317] : done (1955ms) 
 block [1329/2317] : done (1906ms) 
 block [1330/2317] : done (1873ms) 
 block [1331/2317] : done (1895ms) 
 block [1332/2317] : done (1899ms) 
 block [1333/2317] : done (1878ms) 
 block [1334/2317] : done (1902ms) 
 block [1335/2317] : done (1962ms) 
 block [1336/2317] : done (1960ms) 
 block [1337/2317] : done (1959ms) 
 block [1338/2317] : done (1957ms) 
 block [1339/2317] : done (1926ms) 
 block [1340/2317] : done (1937ms) 
 block [1341/2317] : done (1976ms) 
 block [1342/2317] : done (2007ms) 
 block [1343/2317] : done (1945ms) 
 block [1344/2317] : done (1907ms) 
 block [1345/2317] : done (1939ms) 
 block [1346/2317] : done (1917ms) 
 block [1347/2317] : done (1946ms) 
 block [1348/2317] : done (1959ms) 
 block [1349/2317] : done (1940ms) 
 block [1350/2317] : done (1929ms) 
 block [1351/2317] : done (1935ms) 
 block [1352/2317] : done (1934ms) 
 block [1353/2317] : done (1952ms) 
 block [1354/2317] : done (1970ms) 
 block [1355/2317] : done (1935ms) 
 block [1356/2317] : done (1933ms) 
 block [1357/2317] : done (1959ms) 
 block [1358/2317] : done (1925ms) 
 block [1359/2317] : done (2014ms) 
 block [1360/2317] : done (1953ms) 
 block [1361/2317] : done (1913ms) 
 block [1362/2317] : done (2014ms) 
 block [1363/2317] : done (1956ms) 
 block [1364/2317] : done (1987ms) 
 block [1365/2317] : done (2001ms) 
 block [1366/2317] : done (1965ms) 
 block [1367/2317] : done (1924ms) 
 block [1368/2317] : done (1942ms) 
 block [1369/2317] : done (1945ms) 
 block [1370/2317] : done (1951ms) 
 block [1371/2317] : done (1941ms) 
 block [1372/2317] : done (1967ms) 
 block [1373/2317] : done (1921ms) 
 block [1374/2317] : done (1891ms) 
 block [1375/2317] : done (1918ms) 
 block [1376/2317] : done (1903ms) 
 block [1377/2317] : done (1874ms) 
 block [1378/2317] : done (1905ms) 
 block [1379/2317] : done (1917ms) 
 block [1380/2317] : done (1923ms) 
 block [1381/2317] : done (1940ms) 
 block [1382/2317] : done (1918ms) 
 block [1383/2317] : done (1927ms) 
 block [1384/2317] : done (1899ms) 
 block [1385/2317] : done (1904ms) 
 block [1386/2317] : done (1913ms) 
 block [1387/2317] : done (1951ms) 
 block [1388/2317] : done (1946ms) 
 block [1389/2317] : done (1925ms) 
 block [1390/2317] : done (1951ms) 
 block [1391/2317] : done (1888ms) 
 block [1392/2317] : done (1852ms) 
 block [1393/2317] : done (1823ms) 
 block [1394/2317] : done (1862ms) 
 block [1395/2317] : done (1875ms) 
 block [1396/2317] : done (1873ms) 
 block [1397/2317] : done (1897ms) 
 block [1398/2317] : done (1894ms) 
 block [1399/2317] : done (1891ms) 
 block [1400/2317] : done (1904ms) 
 block [1401/2317] : done (1918ms) 
 block [1402/2317] : done (1998ms) 
 block [1403/2317] : done (1910ms) 
 block [1404/2317] : done (1911ms) 
 block [1405/2317] : done (1898ms) 
 block [1406/2317] : done (1921ms) 
 block [1407/2317] : done (1969ms) 
 block [1408/2317] : done (1960ms) 
 block [1409/2317] : done (1950ms) 
 block [1410/2317] : done (1937ms) 
 block [1411/2317] : done (1969ms) 
 block [1412/2317] : done (1964ms) 
 block [1413/2317] : done (1937ms) 
 block [1414/2317] : done (1953ms) 
 block [1415/2317] : done (1976ms) 
 block [1416/2317] : done (1963ms) 
 block [1417/2317] : done (1911ms) 
 block [1418/2317] : done (1897ms) 
 block [1419/2317] : done (1944ms) 
 block [1420/2317] : done (1955ms) 
 block [1421/2317] : done (1920ms) 
 block [1422/2317] : done (1943ms) 
 block [1423/2317] : done (1959ms) 
 block [1424/2317] : done (2005ms) 
 block [1425/2317] : done (1995ms) 
 block [1426/2317] : done (1923ms) 
 block [1427/2317] : done (1933ms) 
 block [1428/2317] : done (2001ms) 
 block [1429/2317] : done (1951ms) 
 block [1430/2317] : done (1961ms) 
 block [1431/2317] : done (1940ms) 
 block [1432/2317] : done (1930ms) 
 block [1433/2317] : done (1974ms) 
 block [1434/2317] : done (1984ms) 
 block [1435/2317] : done (1986ms) 
 block [1436/2317] : done (1925ms) 
 block [1437/2317] : done (1892ms) 
 block [1438/2317] : done (1896ms) 
 block [1439/2317] : done (1883ms) 
 block [1440/2317] : done (1895ms) 
 block [1441/2317] : done (1952ms) 
 block [1442/2317] : done (1994ms) 
 block [1443/2317] : done (1985ms) 
 block [1444/2317] : done (1981ms) 
 block [1445/2317] : done (2054ms) 
 block [1446/2317] : done (1979ms) 
 block [1447/2317] : done (1968ms) 
 block [1448/2317] : done (1903ms) 
 block [1449/2317] : done (1900ms) 
 block [1450/2317] : done (1920ms) 
 block [1451/2317] : done (1956ms) 
 block [1452/2317] : done (1994ms) 
 block [1453/2317] : done (1934ms) 
 block [1454/2317] : done (1965ms) 
 block [1455/2317] : done (1961ms) 
 block [1456/2317] : done (1895ms) 
 block [1457/2317] : done (1926ms) 
 block [1458/2317] : done (1937ms) 
 block [1459/2317] : done (1928ms) 
 block [1460/2317] : done (1962ms) 
 block [1461/2317] : done (2000ms) 
 block [1462/2317] : done (1991ms) 
 block [1463/2317] : done (1991ms) 
 block [1464/2317] : done (2033ms) 
 block [1465/2317] : done (1952ms) 
 block [1466/2317] : done (1931ms) 
 block [1467/2317] : done (1951ms) 
 block [1468/2317] : done (1884ms) 
 block [1469/2317] : done (1884ms) 
 block [1470/2317] : done (1865ms) 
 block [1471/2317] : done (1883ms) 
 block [1472/2317] : done (1898ms) 
 block [1473/2317] : done (1934ms) 
 block [1474/2317] : done (1980ms) 
 block [1475/2317] : done (1947ms) 
 block [1476/2317] : done (1972ms) 
 block [1477/2317] : done (1956ms) 
 block [1478/2317] : done (2006ms) 
 block [1479/2317] : done (1961ms) 
 block [1480/2317] : done (1966ms) 
 block [1481/2317] : done (1952ms) 
 block [1482/2317] : done (1906ms) 
 block [1483/2317] : done (1981ms) 
 block [1484/2317] : done (1936ms) 
 block [1485/2317] : done (1951ms) 
 block [1486/2317] : done (1927ms) 
 block [1487/2317] : done (1916ms) 
 block [1488/2317] : done (1884ms) 
 block [1489/2317] : done (1944ms) 
 block [1490/2317] : done (1913ms) 
 block [1491/2317] : done (1963ms) 
 block [1492/2317] : done (1899ms) 
 block [1493/2317] : done (1882ms) 
 block [1494/2317] : done (1919ms) 
 block [1495/2317] : done (1981ms) 
 block [1496/2317] : done (1977ms) 
 block [1497/2317] : done (1975ms) 
 block [1498/2317] : done (1947ms) 
 block [1499/2317] : done (1921ms) 
 block [1500/2317] : done (1968ms) 
 block [1501/2317] : done (1944ms) 
 block [1502/2317] : done (2005ms) 
 block [1503/2317] : done (1921ms) 
 block [1504/2317] : done (2004ms) 
 block [1505/2317] : done (1994ms) 
 block [1506/2317] : done (1940ms) 
 block [1507/2317] : done (1902ms) 
 block [1508/2317] : done (1898ms) 
 block [1509/2317] : done (1875ms) 
 block [1510/2317] : done (1913ms) 
 block [1511/2317] : done (1968ms) 
 block [1512/2317] : done (1966ms) 
 block [1513/2317] : done (1982ms) 
 block [1514/2317] : done (1948ms) 
 block [1515/2317] : done (1928ms) 
 block [1516/2317] : done (1908ms) 
 block [1517/2317] : done (1877ms) 
 block [1518/2317] : done (1878ms) 
 block [1519/2317] : done (1914ms) 
 block [1520/2317] : done (1907ms) 
 block [1521/2317] : done (1917ms) 
 block [1522/2317] : done (1917ms) 
 block [1523/2317] : done (1954ms) 
 block [1524/2317] : done (1963ms) 
 block [1525/2317] : done (1925ms) 
 block [1526/2317] : done (1927ms) 
 block [1527/2317] : done (2016ms) 
 block [1528/2317] : done (1962ms) 
 block [1529/2317] : done (1960ms) 
 block [1530/2317] : done (1909ms) 
 block [1531/2317] : done (1890ms) 
 block [1532/2317] : done (1941ms) 
 block [1533/2317] : done (1890ms) 
 block [1534/2317] : done (1888ms) 
 block [1535/2317] : done (1866ms) 
 block [1536/2317] : done (1925ms) 
 block [1537/2317] : done (1946ms) 
 block [1538/2317] : done (1932ms) 
 block [1539/2317] : done (1908ms) 
 block [1540/2317] : done (2007ms) 
 block [1541/2317] : done (1967ms) 
 block [1542/2317] : done (2003ms) 
 block [1543/2317] : done (1982ms) 
 block [1544/2317] : done (1908ms) 
 block [1545/2317] : done (1923ms) 
 block [1546/2317] : done (1961ms) 
 block [1547/2317] : done (1974ms) 
 block [1548/2317] : done (1867ms) 
 block [1549/2317] : done (1903ms) 
 block [1550/2317] : done (1908ms) 
 block [1551/2317] : done (1893ms) 
 block [1552/2317] : done (1915ms) 
 block [1553/2317] : done (1958ms) 
 block [1554/2317] : done (1897ms) 
 block [1555/2317] : done (1884ms) 
 block [1556/2317] : done (1976ms) 
 block [1557/2317] : done (1960ms) 
 block [1558/2317] : done (1944ms) 
 block [1559/2317] : done (1942ms) 
 block [1560/2317] : done (1907ms) 
 block [1561/2317] : done (1899ms) 
 block [1562/2317] : done (1901ms) 
 block [1563/2317] : done (1905ms) 
 block [1564/2317] : done (1927ms) 
 block [1565/2317] : done (1984ms) 
 block [1566/2317] : done (1951ms) 
 block [1567/2317] : done (1917ms) 
 block [1568/2317] : done (1941ms) 
 block [1569/2317] : done (1972ms) 
 block [1570/2317] : done (1952ms) 
 block [1571/2317] : done (2013ms) 
 block [1572/2317] : done (1965ms) 
 block [1573/2317] : done (1961ms) 
 block [1574/2317] : done (2010ms) 
 block [1575/2317] : done (1934ms) 
 block [1576/2317] : done (1938ms) 
 block [1577/2317] : done (1929ms) 
 block [1578/2317] : done (1931ms) 
 block [1579/2317] : done (1925ms) 
 block [1580/2317] : done (1951ms) 
 block [1581/2317] : done (1991ms) 
 block [1582/2317] : done (1937ms) 
 block [1583/2317] : done (1971ms) 
 block [1584/2317] : done (1924ms) 
 block [1585/2317] : done (1956ms) 
 block [1586/2317] : done (1955ms) 
 block [1587/2317] : done (1919ms) 
 block [1588/2317] : done (1936ms) 
 block [1589/2317] : done (1901ms) 
 block [1590/2317] : done (1909ms) 
 block [1591/2317] : done (1911ms) 
 block [1592/2317] : done (1939ms) 
 block [1593/2317] : done (1931ms) 
 block [1594/2317] : done (2011ms) 
 block [1595/2317] : done (1944ms) 
 block [1596/2317] : done (1909ms) 
 block [1597/2317] : done (1955ms) 
 block [1598/2317] : done (1999ms) 
 block [1599/2317] : done (1924ms) 
 block [1600/2317] : done (1927ms) 
 block [1601/2317] : done (1939ms) 
 block [1602/2317] : done (2012ms) 
 block [1603/2317] : done (2035ms) 
 block [1604/2317] : done (1941ms) 
 block [1605/2317] : done (1905ms) 
 block [1606/2317] : done (1946ms) 
 block [1607/2317] : done (1935ms) 
 block [1608/2317] : done (1964ms) 
 block [1609/2317] : done (1960ms) 
 block [1610/2317] : done (1913ms) 
 block [1611/2317] : done (1958ms) 
 block [1612/2317] : done (1925ms) 
 block [1613/2317] : done (1977ms) 
 block [1614/2317] : done (1897ms) 
 block [1615/2317] : done (1932ms) 
 block [1616/2317] : done (1901ms) 
 block [1617/2317] : done (1927ms) 
 block [1618/2317] : done (1939ms) 
 block [1619/2317] : done (1885ms) 
 block [1620/2317] : done (1920ms) 
 block [1621/2317] : done (1963ms) 
 block [1622/2317] : done (1878ms) 
 block [1623/2317] : done (1913ms) 
 block [1624/2317] : done (1955ms) 
 block [1625/2317] : done (1939ms) 
 block [1626/2317] : done (1961ms) 
 block [1627/2317] : done (1898ms) 
 block [1628/2317] : done (1981ms) 
 block [1629/2317] : done (1941ms) 
 block [1630/2317] : done (1928ms) 
 block [1631/2317] : done (1988ms) 
 block [1632/2317] : done (1933ms) 
 block [1633/2317] : done (1935ms) 
 block [1634/2317] : done (1925ms) 
 block [1635/2317] : done (1885ms) 
 block [1636/2317] : done (1955ms) 
 block [1637/2317] : done (1948ms) 
 block [1638/2317] : done (1875ms) 
 block [1639/2317] : done (1849ms) 
 block [1640/2317] : done (1853ms) 
 block [1641/2317] : done (1921ms) 
 block [1642/2317] : done (1949ms) 
 block [1643/2317] : done (1933ms) 
 block [1644/2317] : done (1950ms) 
 block [1645/2317] : done (1949ms) 
 block [1646/2317] : done (1989ms) 
 block [1647/2317] : done (1951ms) 
 block [1648/2317] : done (1923ms) 
 block [1649/2317] : done (2036ms) 
 block [1650/2317] : done (1992ms) 
 block [1651/2317] : done (1977ms) 
 block [1652/2317] : done (1935ms) 
 block [1653/2317] : done (2020ms) 
 block [1654/2317] : done (1964ms) 
 block [1655/2317] : done (1953ms) 
 block [1656/2317] : done (2013ms) 
 block [1657/2317] : done (1941ms) 
 block [1658/2317] : done (1968ms) 
 block [1659/2317] : done (1939ms) 
 block [1660/2317] : done (1983ms) 
 block [1661/2317] : done (1994ms) 
 block [1662/2317] : done (1942ms) 
 block [1663/2317] : done (1960ms) 
 block [1664/2317] : done (1959ms) 
 block [1665/2317] : done (1953ms) 
 block [1666/2317] : done (1964ms) 
 block [1667/2317] : done (1909ms) 
 block [1668/2317] : done (1933ms) 
 block [1669/2317] : done (1955ms) 
 block [1670/2317] : done (1935ms) 
 block [1671/2317] : done (1969ms) 
 block [1672/2317] : done (1973ms) 
 block [1673/2317] : done (1935ms) 
 block [1674/2317] : done (1957ms) 
 block [1675/2317] : done (1949ms) 
 block [1676/2317] : done (1940ms) 
 block [1677/2317] : done (1912ms) 
 block [1678/2317] : done (1938ms) 
 block [1679/2317] : done (1947ms) 
 block [1680/2317] : done (1994ms) 
 block [1681/2317] : done (1974ms) 
 block [1682/2317] : done (1954ms) 
 block [1683/2317] : done (1943ms) 
 block [1684/2317] : done (1929ms) 
 block [1685/2317] : done (1939ms) 
 block [1686/2317] : done (1986ms) 
 block [1687/2317] : done (1950ms) 
 block [1688/2317] : done (1975ms) 
 block [1689/2317] : done (1928ms) 
 block [1690/2317] : done (1939ms) 
 block [1691/2317] : done (1954ms) 
 block [1692/2317] : done (1985ms) 
 block [1693/2317] : done (1958ms) 
 block [1694/2317] : done (1947ms) 
 block [1695/2317] : done (1951ms) 
 block [1696/2317] : done (1980ms) 
 block [1697/2317] : done (1945ms) 
 block [1698/2317] : done (1944ms) 
 block [1699/2317] : done (1992ms) 
 block [1700/2317] : done (1995ms) 
 block [1701/2317] : done (1979ms) 
 block [1702/2317] : done (1961ms) 
 block [1703/2317] : done (1959ms) 
 block [1704/2317] : done (1988ms) 
 block [1705/2317] : done (1996ms) 
 block [1706/2317] : done (1990ms) 
 block [1707/2317] : done (1955ms) 
 block [1708/2317] : done (1986ms) 
 block [1709/2317] : done (1958ms) 
 block [1710/2317] : done (1951ms) 
 block [1711/2317] : done (1964ms) 
 block [1712/2317] : done (1913ms) 
 block [1713/2317] : done (1985ms) 
 block [1714/2317] : done (1950ms) 
 block [1715/2317] : done (1949ms) 
 block [1716/2317] : done (1929ms) 
 block [1717/2317] : done (1910ms) 
 block [1718/2317] : done (1959ms) 
 block [1719/2317] : done (1978ms) 
 block [1720/2317] : done (1997ms) 
 block [1721/2317] : done (1973ms) 
 block [1722/2317] : done (1951ms) 
 block [1723/2317] : done (1977ms) 
 block [1724/2317] : done (1989ms) 
 block [1725/2317] : done (1954ms) 
 block [1726/2317] : done (1940ms) 
 block [1727/2317] : done (1952ms) 
 block [1728/2317] : done (2004ms) 
 block [1729/2317] : done (1986ms) 
 block [1730/2317] : done (1990ms) 
 block [1731/2317] : done (1951ms) 
 block [1732/2317] : done (1950ms) 
 block [1733/2317] : done (1991ms) 
 block [1734/2317] : done (1947ms) 
 block [1735/2317] : done (1914ms) 
 block [1736/2317] : done (1884ms) 
 block [1737/2317] : done (1907ms) 
 block [1738/2317] : done (1906ms) 
 block [1739/2317] : done (1926ms) 
 block [1740/2317] : done (1997ms) 
 block [1741/2317] : done (1972ms) 
 block [1742/2317] : done (1936ms) 
 block [1743/2317] : done (1964ms) 
 block [1744/2317] : done (1928ms) 
 block [1745/2317] : done (1951ms) 
 block [1746/2317] : done (1968ms) 
 block [1747/2317] : done (1967ms) 
 block [1748/2317] : done (1994ms) 
 block [1749/2317] : done (1943ms) 
 block [1750/2317] : done (1963ms) 
 block [1751/2317] : done (1950ms) 
 block [1752/2317] : done (1942ms) 
 block [1753/2317] : done (1959ms) 
 block [1754/2317] : done (1956ms) 
 block [1755/2317] : done (1942ms) 
 block [1756/2317] : done (1965ms) 
 block [1757/2317] : done (2001ms) 
 block [1758/2317] : done (1958ms) 
 block [1759/2317] : done (1964ms) 
 block [1760/2317] : done (2005ms) 
 block [1761/2317] : done (1923ms) 
 block [1762/2317] : done (2003ms) 
 block [1763/2317] : done (1973ms) 
 block [1764/2317] : done (1984ms) 
 block [1765/2317] : done (1998ms) 
 block [1766/2317] : done (1972ms) 
 block [1767/2317] : done (1936ms) 
 block [1768/2317] : done (1920ms) 
 block [1769/2317] : done (1973ms) 
 block [1770/2317] : done (1920ms) 
 block [1771/2317] : done (2003ms) 
 block [1772/2317] : done (1981ms) 
 block [1773/2317] : done (1959ms) 
 block [1774/2317] : done (1958ms) 
 block [1775/2317] : done (1945ms) 
 block [1776/2317] : done (1956ms) 
 block [1777/2317] : done (1956ms) 
 block [1778/2317] : done (1935ms) 
 block [1779/2317] : done (1983ms) 
 block [1780/2317] : done (1972ms) 
 block [1781/2317] : done (1943ms) 
 block [1782/2317] : done (1958ms) 
 block [1783/2317] : done (1910ms) 
 block [1784/2317] : done (1931ms) 
 block [1785/2317] : done (1918ms) 
 block [1786/2317] : done (1955ms) 
 block [1787/2317] : done (1939ms) 
 block [1788/2317] : done (1973ms) 
 block [1789/2317] : done (1938ms) 
 block [1790/2317] : done (1933ms) 
 block [1791/2317] : done (1971ms) 
 block [1792/2317] : done (1939ms) 
 block [1793/2317] : done (2002ms) 
 block [1794/2317] : done (2027ms) 
 block [1795/2317] : done (1963ms) 
 block [1796/2317] : done (1994ms) 
 block [1797/2317] : done (1989ms) 
 block [1798/2317] : done (1952ms) 
 block [1799/2317] : done (1990ms) 
 block [1800/2317] : done (1916ms) 
 block [1801/2317] : done (1931ms) 
 block [1802/2317] : done (1959ms) 
 block [1803/2317] : done (1977ms) 
 block [1804/2317] : done (1952ms) 
 block [1805/2317] : done (1908ms) 
 block [1806/2317] : done (1939ms) 
 block [1807/2317] : done (1945ms) 
 block [1808/2317] : done (1931ms) 
 block [1809/2317] : done (1964ms) 
 block [1810/2317] : done (1938ms) 
 block [1811/2317] : done (1968ms) 
 block [1812/2317] : done (1994ms) 
 block [1813/2317] : done (1976ms) 
 block [1814/2317] : done (1926ms) 
 block [1815/2317] : done (1911ms) 
 block [1816/2317] : done (1911ms) 
 block [1817/2317] : done (1900ms) 
 block [1818/2317] : done (1993ms) 
 block [1819/2317] : done (1986ms) 
 block [1820/2317] : done (1916ms) 
 block [1821/2317] : done (1934ms) 
 block [1822/2317] : done (1957ms) 
 block [1823/2317] : done (1937ms) 
 block [1824/2317] : done (1969ms) 
 block [1825/2317] : done (1937ms) 
 block [1826/2317] : done (1942ms) 
 block [1827/2317] : done (1908ms) 
 block [1828/2317] : done (1936ms) 
 block [1829/2317] : done (2011ms) 
 block [1830/2317] : done (1936ms) 
 block [1831/2317] : done (1979ms) 
 block [1832/2317] : done (1962ms) 
 block [1833/2317] : done (1933ms) 
 block [1834/2317] : done (1959ms) 
 block [1835/2317] : done (1956ms) 
 block [1836/2317] : done (1959ms) 
 block [1837/2317] : done (1963ms) 
 block [1838/2317] : done (1936ms) 
 block [1839/2317] : done (1950ms) 
 block [1840/2317] : done (1946ms) 
 block [1841/2317] : done (1957ms) 
 block [1842/2317] : done (1949ms) 
 block [1843/2317] : done (1970ms) 
 block [1844/2317] : done (1978ms) 
 block [1845/2317] : done (2021ms) 
 block [1846/2317] : done (1994ms) 
 block [1847/2317] : done (1955ms) 
 block [1848/2317] : done (1967ms) 
 block [1849/2317] : done (1941ms) 
 block [1850/2317] : done (2015ms) 
 block [1851/2317] : done (1939ms) 
 block [1852/2317] : done (1993ms) 
 block [1853/2317] : done (1970ms) 
 block [1854/2317] : done (1932ms) 
 block [1855/2317] : done (1971ms) 
 block [1856/2317] : done (1910ms) 
 block [1857/2317] : done (1945ms) 
 block [1858/2317] : done (1977ms) 
 block [1859/2317] : done (1952ms) 
 block [1860/2317] : done (1937ms) 
 block [1861/2317] : done (1955ms) 
 block [1862/2317] : done (2000ms) 
 block [1863/2317] : done (1964ms) 
 block [1864/2317] : done (2011ms) 
 block [1865/2317] : done (1975ms) 
 block [1866/2317] : done (2005ms) 
 block [1867/2317] : done (1994ms) 
 block [1868/2317] : done (1962ms) 
 block [1869/2317] : done (1937ms) 
 block [1870/2317] : done (1939ms) 
 block [1871/2317] : done (1953ms) 
 block [1872/2317] : done (1946ms) 
 block [1873/2317] : done (1976ms) 
 block [1874/2317] : done (1922ms) 
 block [1875/2317] : done (1923ms) 
 block [1876/2317] : done (1931ms) 
 block [1877/2317] : done (1960ms) 
 block [1878/2317] : done (1979ms) 
 block [1879/2317] : done (1951ms) 
 block [1880/2317] : done (1929ms) 
 block [1881/2317] : done (1971ms) 
 block [1882/2317] : done (1971ms) 
 block [1883/2317] : done (1938ms) 
 block [1884/2317] : done (1977ms) 
 block [1885/2317] : done (1913ms) 
 block [1886/2317] : done (1954ms) 
 block [1887/2317] : done (1940ms) 
 block [1888/2317] : done (1948ms) 
 block [1889/2317] : done (1961ms) 
 block [1890/2317] : done (1965ms) 
 block [1891/2317] : done (1916ms) 
 block [1892/2317] : done (1952ms) 
 block [1893/2317] : done (1926ms) 
 block [1894/2317] : done (1926ms) 
 block [1895/2317] : done (1923ms) 
 block [1896/2317] : done (1943ms) 
 block [1897/2317] : done (1954ms) 
 block [1898/2317] : done (1968ms) 
 block [1899/2317] : done (1968ms) 
 block [1900/2317] : done (1917ms) 
 block [1901/2317] : done (1945ms) 
 block [1902/2317] : done (1980ms) 
 block [1903/2317] : done (1955ms) 
 block [1904/2317] : done (1955ms) 
 block [1905/2317] : done (1995ms) 
 block [1906/2317] : done (2007ms) 
 block [1907/2317] : done (1979ms) 
 block [1908/2317] : done (1975ms) 
 block [1909/2317] : done (1992ms) 
 block [1910/2317] : done (1971ms) 
 block [1911/2317] : done (1918ms) 
 block [1912/2317] : done (1951ms) 
 block [1913/2317] : done (1930ms) 
 block [1914/2317] : done (1931ms) 
 block [1915/2317] : done (1944ms) 
 block [1916/2317] : done (1916ms) 
 block [1917/2317] : done (1951ms) 
 block [1918/2317] : done (1963ms) 
 block [1919/2317] : done (1941ms) 
 block [1920/2317] : done (1951ms) 
 block [1921/2317] : done (1969ms) 
 block [1922/2317] : done (1971ms) 
 block [1923/2317] : done (1996ms) 
 block [1924/2317] : done (1970ms) 
 block [1925/2317] : done (1986ms) 
 block [1926/2317] : done (1987ms) 
 block [1927/2317] : done (1972ms) 
 block [1928/2317] : done (1998ms) 
 block [1929/2317] : done (2014ms) 
 block [1930/2317] : done (2009ms) 
 block [1931/2317] : done (2008ms) 
 block [1932/2317] : done (1994ms) 
 block [1933/2317] : done (1953ms) 
 block [1934/2317] : done (1962ms) 
 block [1935/2317] : done (1983ms) 
 block [1936/2317] : done (1953ms) 
 block [1937/2317] : done (1977ms) 
 block [1938/2317] : done (1966ms) 
 block [1939/2317] : done (1958ms) 
 block [1940/2317] : done (1924ms) 
 block [1941/2317] : done (1915ms) 
 block [1942/2317] : done (1919ms) 
 block [1943/2317] : done (1909ms) 
 block [1944/2317] : done (1968ms) 
 block [1945/2317] : done (1990ms) 
 block [1946/2317] : done (1961ms) 
 block [1947/2317] : done (1872ms) 
 block [1948/2317] : done (1936ms) 
 block [1949/2317] : done (1892ms) 
 block [1950/2317] : done (1929ms) 
 block [1951/2317] : done (1912ms) 
 block [1952/2317] : done (1907ms) 
 block [1953/2317] : done (1888ms) 
 block [1954/2317] : done (1864ms) 
 block [1955/2317] : done (1969ms) 
 block [1956/2317] : done (1933ms) 
 block [1957/2317] : done (2036ms) 
 block [1958/2317] : done (1944ms) 
 block [1959/2317] : done (1969ms) 
 block [1960/2317] : done (1945ms) 
 block [1961/2317] : done (1920ms) 
 block [1962/2317] : done (1846ms) 
 block [1963/2317] : done (1868ms) 
 block [1964/2317] : done (1852ms) 
 block [1965/2317] : done (1921ms) 
 block [1966/2317] : done (1982ms) 
 block [1967/2317] : done (1937ms) 
 block [1968/2317] : done (2028ms) 
 block [1969/2317] : done (1946ms) 
 block [1970/2317] : done (1951ms) 
 block [1971/2317] : done (2039ms) 
 block [1972/2317] : done (2030ms) 
 block [1973/2317] : done (1948ms) 
 block [1974/2317] : done (2018ms) 
 block [1975/2317] : done (2015ms) 
 block [1976/2317] : done (1968ms) 
 block [1977/2317] : done (2008ms) 
 block [1978/2317] : done (1986ms) 
 block [1979/2317] : done (1930ms) 
 block [1980/2317] : done (1905ms) 
 block [1981/2317] : done (1880ms) 
 block [1982/2317] : done (1940ms) 
 block [1983/2317] : done (1942ms) 
 block [1984/2317] : done (1914ms) 
 block [1985/2317] : done (1946ms) 
 block [1986/2317] : done (1912ms) 
 block [1987/2317] : done (1949ms) 
 block [1988/2317] : done (1936ms) 
 block [1989/2317] : done (1982ms) 
 block [1990/2317] : done (1998ms) 
 block [1991/2317] : done (1962ms) 
 block [1992/2317] : done (1943ms) 
 block [1993/2317] : done (2029ms) 
 block [1994/2317] : done (2007ms) 
 block [1995/2317] : done (1933ms) 
 block [1996/2317] : done (1957ms) 
 block [1997/2317] : done (2035ms) 
 block [1998/2317] : done (2013ms) 
 block [1999/2317] : done (1976ms) 
 block [2000/2317] : done (1964ms) 
 block [2001/2317] : done (1964ms) 
 block [2002/2317] : done (1974ms) 
 block [2003/2317] : done (1943ms) 
 block [2004/2317] : done (1999ms) 
 block [2005/2317] : done (2019ms) 
 block [2006/2317] : done (1949ms) 
 block [2007/2317] : done (2064ms) 
 block [2008/2317] : done (1972ms) 
 block [2009/2317] : done (1924ms) 
 block [2010/2317] : done (1982ms) 
 block [2011/2317] : done (1950ms) 
 block [2012/2317] : done (1958ms) 
 block [2013/2317] : done (1942ms) 
 block [2014/2317] : done (2077ms) 
 block [2015/2317] : done (2049ms) 
 block [2016/2317] : done (1948ms) 
 block [2017/2317] : done (1992ms) 
 block [2018/2317] : done (1963ms) 
 block [2019/2317] : done (1946ms) 
 block [2020/2317] : done (1948ms) 
 block [2021/2317] : done (2034ms) 
 block [2022/2317] : done (1919ms) 
 block [2023/2317] : done (1956ms) 
 block [2024/2317] : done (1887ms) 
 block [2025/2317] : done (2017ms) 
 block [2026/2317] : done (2010ms) 
 block [2027/2317] : done (2023ms) 
 block [2028/2317] : done (1984ms) 
 block [2029/2317] : done (1969ms) 
 block [2030/2317] : done (2062ms) 
 block [2031/2317] : done (2053ms) 
 block [2032/2317] : done (2049ms) 
 block [2033/2317] : done (2028ms) 
 block [2034/2317] : done (1944ms) 
 block [2035/2317] : done (1997ms) 
 block [2036/2317] : done (1962ms) 
 block [2037/2317] : done (2004ms) 
 block [2038/2317] : done (1954ms) 
 block [2039/2317] : done (1953ms) 
 block [2040/2317] : done (1990ms) 
 block [2041/2317] : done (2052ms) 
 block [2042/2317] : done (2028ms) 
 block [2043/2317] : done (1960ms) 
 block [2044/2317] : done (1983ms) 
 block [2045/2317] : done (1977ms) 
 block [2046/2317] : done (2007ms) 
 block [2047/2317] : done (2004ms) 
 block [2048/2317] : done (1966ms) 
 block [2049/2317] : done (2003ms) 
 block [2050/2317] : done (2000ms) 
 block [2051/2317] : done (2081ms) 
 block [2052/2317] : done (2079ms) 
 block [2053/2317] : done (1988ms) 
 block [2054/2317] : done (1965ms) 
 block [2055/2317] : done (1975ms) 
 block [2056/2317] : done (2021ms) 
 block [2057/2317] : done (2013ms) 
 block [2058/2317] : done (1956ms) 
 block [2059/2317] : done (1968ms) 
 block [2060/2317] : done (1979ms) 
 block [2061/2317] : done (1936ms) 
 block [2062/2317] : done (2033ms) 
 block [2063/2317] : done (1975ms) 
 block [2064/2317] : done (1959ms) 
 block [2065/2317] : done (2028ms) 
 block [2066/2317] : done (1958ms) 
 block [2067/2317] : done (1945ms) 
 block [2068/2317] : done (1957ms) 
 block [2069/2317] : done (1941ms) 
 block [2070/2317] : done (1963ms) 
 block [2071/2317] : done (1977ms) 
 block [2072/2317] : done (1969ms) 
 block [2073/2317] : done (1911ms) 
 block [2074/2317] : done (2012ms) 
 block [2075/2317] : done (2018ms) 
 block [2076/2317] : done (2025ms) 
 block [2077/2317] : done (1993ms) 
 block [2078/2317] : done (2039ms) 
 block [2079/2317] : done (2032ms) 
 block [2080/2317] : done (2067ms) 
 block [2081/2317] : done (2044ms) 
 block [2082/2317] : done (2001ms) 
 block [2083/2317] : done (1981ms) 
 block [2084/2317] : done (2023ms) 
 block [2085/2317] : done (1971ms) 
 block [2086/2317] : done (1944ms) 
 block [2087/2317] : done (2033ms) 
 block [2088/2317] : done (1992ms) 
 block [2089/2317] : done (1981ms) 
 block [2090/2317] : done (1962ms) 
 block [2091/2317] : done (1969ms) 
 block [2092/2317] : done (2029ms) 
 block [2093/2317] : done (1982ms) 
 block [2094/2317] : done (1968ms) 
 block [2095/2317] : done (2025ms) 
 block [2096/2317] : done (1975ms) 
 block [2097/2317] : done (1984ms) 
 block [2098/2317] : done (1960ms) 
 block [2099/2317] : done (1948ms) 
 block [2100/2317] : done (1987ms) 
 block [2101/2317] : done (2014ms) 
 block [2102/2317] : done (2084ms) 
 block [2103/2317] : done (2012ms) 
 block [2104/2317] : done (2057ms) 
 block [2105/2317] : done (1949ms) 
 block [2106/2317] : done (1978ms) 
 block [2107/2317] : done (1966ms) 
 block [2108/2317] : done (1965ms) 
 block [2109/2317] : done (1962ms) 
 block [2110/2317] : done (1949ms) 
 block [2111/2317] : done (1943ms) 
 block [2112/2317] : done (1942ms) 
 block [2113/2317] : done (1995ms) 
 block [2114/2317] : done (1969ms) 
 block [2115/2317] : done (1940ms) 
 block [2116/2317] : done (1969ms) 
 block [2117/2317] : done (1986ms) 
 block [2118/2317] : done (2052ms) 
 block [2119/2317] : done (2016ms) 
 block [2120/2317] : done (2042ms) 
 block [2121/2317] : done (2013ms) 
 block [2122/2317] : done (2055ms) 
 block [2123/2317] : done (2016ms) 
 block [2124/2317] : done (1933ms) 
 block [2125/2317] : done (2042ms) 
 block [2126/2317] : done (2023ms) 
 block [2127/2317] : done (1994ms) 
 block [2128/2317] : done (1945ms) 
 block [2129/2317] : done (1971ms) 
 block [2130/2317] : done (1951ms) 
 block [2131/2317] : done (1954ms) 
 block [2132/2317] : done (2015ms) 
 block [2133/2317] : done (1954ms) 
 block [2134/2317] : done (1937ms) 
 block [2135/2317] : done (2022ms) 
 block [2136/2317] : done (1956ms) 
 block [2137/2317] : done (1959ms) 
 block [2138/2317] : done (1968ms) 
 block [2139/2317] : done (1935ms) 
 block [2140/2317] : done (1957ms) 
 block [2141/2317] : done (1982ms) 
 block [2142/2317] : done (1977ms) 
 block [2143/2317] : done (2010ms) 
 block [2144/2317] : done (2089ms) 
 block [2145/2317] : done (2025ms) 
 block [2146/2317] : done (1973ms) 
 block [2147/2317] : done (1963ms) 
 block [2148/2317] : done (2012ms) 
 block [2149/2317] : done (1980ms) 
 block [2150/2317] : done (2031ms) 
 block [2151/2317] : done (1960ms) 
 block [2152/2317] : done (1966ms) 
 block [2153/2317] : done (1965ms) 
 block [2154/2317] : done (1929ms) 
 block [2155/2317] : done (1973ms) 
 block [2156/2317] : done (1962ms) 
 block [2157/2317] : done (2014ms) 
 block [2158/2317] : done (1975ms) 
 block [2159/2317] : done (2016ms) 
 block [2160/2317] : done (2009ms) 
 block [2161/2317] : done (2030ms) 
 block [2162/2317] : done (2015ms) 
 block [2163/2317] : done (2070ms) 
 block [2164/2317] : done (2090ms) 
 block [2165/2317] : done (2028ms) 
 block [2166/2317] : done (2011ms) 
 block [2167/2317] : done (2042ms) 
 block [2168/2317] : done (2030ms) 
 block [2169/2317] : done (2031ms) 
 block [2170/2317] : done (2026ms) 
 block [2171/2317] : done (2008ms) 
 block [2172/2317] : done (1999ms) 
 block [2173/2317] : done (2035ms) 
 block [2174/2317] : done (1970ms) 
 block [2175/2317] : done (1982ms) 
 block [2176/2317] : done (1963ms) 
 block [2177/2317] : done (1968ms) 
 block [2178/2317] : done (1970ms) 
 block [2179/2317] : done (2008ms) 
 block [2180/2317] : done (2023ms) 
 block [2181/2317] : done (1985ms) 
 block [2182/2317] : done (2010ms) 
 block [2183/2317] : done (2001ms) 
 block [2184/2317] : done (1925ms) 
 block [2185/2317] : done (1971ms) 
 block [2186/2317] : done (2015ms) 
 block [2187/2317] : done (2002ms) 
 block [2188/2317] : done (2012ms) 
 block [2189/2317] : done (2072ms) 
 block [2190/2317] : done (2066ms) 
 block [2191/2317] : done (2020ms) 
 block [2192/2317] : done (2015ms) 
 block [2193/2317] : done (2090ms) 
 block [2194/2317] : done (1994ms) 
 block [2195/2317] : done (2037ms) 
 block [2196/2317] : done (2005ms) 
 block [2197/2317] : done (1996ms) 
 block [2198/2317] : done (1979ms) 
 block [2199/2317] : done (1951ms) 
 block [2200/2317] : done (2036ms) 
 block [2201/2317] : done (1947ms) 
 block [2202/2317] : done (1987ms) 
 block [2203/2317] : done (1999ms) 
 block [2204/2317] : done (2068ms) 
 block [2205/2317] : done (2022ms) 
 block [2206/2317] : done (2006ms) 
 block [2207/2317] : done (2035ms) 
 block [2208/2317] : done (1994ms) 
 block [2209/2317] : done (2015ms) 
 block [2210/2317] : done (1946ms) 
 block [2211/2317] : done (2032ms) 
 block [2212/2317] : done (1979ms) 
 block [2213/2317] : done (1964ms) 
 block [2214/2317] : done (1931ms) 
 block [2215/2317] : done (1973ms) 
 block [2216/2317] : done (2022ms) 
 block [2217/2317] : done (2025ms) 
 block [2218/2317] : done (2044ms) 
 block [2219/2317] : done (1989ms) 
 block [2220/2317] : done (1958ms) 
 block [2221/2317] : done (2054ms) 
 block [2222/2317] : done (1998ms) 
 block [2223/2317] : done (1964ms) 
 block [2224/2317] : done (1959ms) 
 block [2225/2317] : done (2016ms) 
 block [2226/2317] : done (1990ms) 
 block [2227/2317] : done (2043ms) 
 block [2228/2317] : done (2029ms) 
 block [2229/2317] : done (1967ms) 
 block [2230/2317] : done (2037ms) 
 block [2231/2317] : done (2012ms) 
 block [2232/2317] : done (1979ms) 
 block [2233/2317] : done (1938ms) 
 block [2234/2317] : done (1914ms) 
 block [2235/2317] : done (1944ms) 
 block [2236/2317] : done (1925ms) 
 block [2237/2317] : done (1976ms) 
 block [2238/2317] : done (1951ms) 
 block [2239/2317] : done (1942ms) 
 block [2240/2317] : done (1927ms) 
 block [2241/2317] : done (1927ms) 
 block [2242/2317] : done (1868ms) 
 block [2243/2317] : done (1978ms) 
 block [2244/2317] : done (1969ms) 
 block [2245/2317] : done (1967ms) 
 block [2246/2317] : done (2087ms) 
 block [2247/2317] : done (2055ms) 
 block [2248/2317] : done (2026ms) 
 block [2249/2317] : done (2013ms) 
 block [2250/2317] : done (2042ms) 
 block [2251/2317] : done (2013ms) 
 block [2252/2317] : done (1937ms) 
 block [2253/2317] : done (2024ms) 
 block [2254/2317] : done (1968ms) 
 block [2255/2317] : done (1981ms) 
 block [2256/2317] : done (1942ms) 
 block [2257/2317] : done (1957ms) 
 block [2258/2317] : done (1982ms) 
 block [2259/2317] : done (1997ms) 
 block [2260/2317] : done (1961ms) 
 block [2261/2317] : done (2035ms) 
 block [2262/2317] : done (2048ms) 
 block [2263/2317] : done (2049ms) 
 block [2264/2317] : done (2043ms) 
 block [2265/2317] : done (2036ms) 
 block [2266/2317] : done (2073ms) 
 block [2267/2317] : done (2025ms) 
 block [2268/2317] : done (2041ms) 
 block [2269/2317] : done (1982ms) 
 block [2270/2317] : done (1996ms) 
 block [2271/2317] : done (1983ms) 
 block [2272/2317] : done (1964ms) 
 block [2273/2317] : done (1934ms) 
 block [2274/2317] : done (1960ms) 
 block [2275/2317] : done (1993ms) 
 block [2276/2317] : done (1920ms) 
 block [2277/2317] : done (1890ms) 
 block [2278/2317] : done (1925ms) 
 block [2279/2317] : done (1933ms) 
 block [2280/2317] : done (1996ms) 
 block [2281/2317] : done (1948ms) 
 block [2282/2317] : done (1921ms) 
 block [2283/2317] : done (1952ms) 
 block [2284/2317] : done (1938ms) 
 block [2285/2317] : done (1965ms) 
 block [2286/2317] : done (1971ms) 
 block [2287/2317] : done (2010ms) 
 block [2288/2317] : done (2000ms) 
 block [2289/2317] : done (2067ms) 
 block [2290/2317] : done (1979ms) 
 block [2291/2317] : done (1979ms) 
 block [2292/2317] : done (1974ms) 
 block [2293/2317] : done (2026ms) 
 block [2294/2317] : done (2005ms) 
 block [2295/2317] : done (1974ms) 
 block [2296/2317] : done (2017ms) 
 block [2297/2317] : done (2034ms) 
 block [2298/2317] : done (2049ms) 
 block [2299/2317] : done (2070ms) 
 block [2300/2317] : done (2071ms) 
 block [2301/2317] : done (2000ms) 
 block [2302/2317] : done (2056ms) 
 block [2303/2317] : done (2076ms) 
 block [2304/2317] : done (2041ms) 
 block [2305/2317] : done (1981ms) 
 block [2306/2317] : done (1963ms) 
 block [2307/2317] : done (1976ms) 
 block [2308/2317] : done (2021ms) 
 block [2309/2317] : done (1981ms) 
 block [2310/2317] : done (1994ms) 
 block [2311/2317] : done (2032ms) 
 block [2312/2317] : done (2060ms) 
 block [2313/2317] : done (2092ms) 
 block [2314/2317] : done (2054ms) 
 block [2315/2317] : done (1983ms) 
 block [2316/2317] : done (1984ms) 
 block [2317/2317] : done (774ms) 

Association results stored separately for each trait in files : 
* [result/06_step2/sig_weight_eur_step2.chr3_eur_SIG0_AUC.regenie]
* [result/06_step2/sig_weight_eur_step2.chr3_eur_SIG1_AUC.regenie]
* [result/06_step2/sig_weight_eur_step2.chr3_eur_SIG2_AUC.regenie]
* [result/06_step2/sig_weight_eur_step2.chr3_eur_SIG3_AUC.regenie]
* [result/06_step2/sig_weight_eur_step2.chr3_eur_SIG4_AUC.regenie]
* [result/06_step2/sig_weight_eur_step2.chr3_eur_SIG5_AUC.regenie]
* [result/06_step2/sig_weight_eur_step2.chr3_eur_SIG6_AUC.regenie]
* [result/06_step2/sig_weight_eur_step2.chr3_eur_SIG7_AUC.regenie]
* [result/06_step2/sig_weight_eur_step2.chr3_eur_SIG8_AUC.regenie]
* [result/06_step2/sig_weight_eur_step2.chr3_eur_SIG9_AUC.regenie]
* [result/06_step2/sig_weight_eur_step2.chr3_eur_SIG10_AUC.regenie]
* [result/06_step2/sig_weight_eur_step2.chr3_eur_SIG11_AUC.regenie]
* [result/06_step2/sig_weight_eur_step2.chr3_eur_SIG12_AUC.regenie]
* [result/06_step2/sig_weight_eur_step2.chr3_eur_SIG13_AUC.regenie]
* [result/06_step2/sig_weight_eur_step2.chr3_eur_SIG14_AUC.regenie]
* [result/06_step2/sig_weight_eur_step2.chr3_eur_SIG15_AUC.regenie]
* [result/06_step2/sig_weight_eur_step2.chr3_eur_SIG16_AUC.regenie]
* [result/06_step2/sig_weight_eur_step2.chr3_eur_SIG17_AUC.regenie]
* [result/06_step2/sig_weight_eur_step2.chr3_eur_SIG18_AUC.regenie]
* [result/06_step2/sig_weight_eur_step2.chr3_eur_SIG19_AUC.regenie]
* [result/06_step2/sig_weight_eur_step2.chr3_eur_SIG20_AUC.regenie]

Number of ignored tests due to low MAC or info score : 0

Elapsed time : 4621.47s
End time: Wed Dec 17 08:22:47 2025

