Start time: Wed Dec 17 07:05:45 2025

              |=============================|
              |      REGENIE v3.2.5.gz      |
              |=============================|

Copyright (c) 2020-2022 Joelle Mbatchou, Andrey Ziyatdinov and Jonathan Marchini.
Distributed under the MIT License.
Compiled with Boost Iostream library.
Using Intel MKL with Eigen.

Log of output saved in file : result/06_step2/sig_weight_eur_step2.chr8_eur.log

Options in effect:
  --step 2 \
  --bgen /broad/ukbb/imputed_v3/ukb_imp_chr8_v3.bgen \
  --sample /medpop/esp2/pradeep/UKBiobank/v3data/ukb7089_imp_chr3_v3_s487395.sample \
  --ref-first \
  --extract ../data/step2/var.chr8_eur.list.snplist \
  --keep ../data/sample_list_eur.txt \
  --covarFile ../data/sig_weight_cov_file.tsv \
  --phenoFile /medpop/esp2/tnakao/analyses/projects/collab/Sarah_signature_weights_GWAS/import/signature_auc_phenotypes_last.txt \
  --bsize 200 \
  --threads 4 \
  --qt \
  --catCovarList genotyping_array,Inferred_Gender \
  --pred result/04_step1/sig_weight_eur_step1_pred.list \
  --minINFO 0.7 \
  --out result/06_step2/sig_weight_eur_step2.chr8_eur

Association testing mode with fast multithreading using OpenMP
 * bgen             : [/broad/ukbb/imputed_v3/ukb_imp_chr8_v3.bgen]
   -summary : bgen file (v1.2 layout, zlib compressed) with 487409 anonymous samples and 5282223 variants with 8-bit encoding.
   -index bgi file [/broad/ukbb/imputed_v3/ukb_imp_chr8_v3.bgen.bgi]
   -keeping variants specified by --extract
   -number of variants remaining in the analysis = 357381
   -sample file: /medpop/esp2/pradeep/UKBiobank/v3data/ukb7089_imp_chr3_v3_s487395.sample
   -keeping only individuals specified by --keep
   -number of genotyped individuals remaining in the analysis = 361171
 * phenotypes       : [/medpop/esp2/tnakao/analyses/projects/collab/Sarah_signature_weights_GWAS/import/signature_auc_phenotypes_last.txt] n_pheno = 21
   -number of phenotyped individuals  = 361171
 * covariates       : [../data/sig_weight_cov_file.tsv] n_cov = 13
   -number of individuals with covariate data = 361171
 * number of individuals used in analysis = 361171
 * number of observations for each trait:
   - 'SIG0_AUC': 361171 observations
   - 'SIG1_AUC': 361171 observations
   - 'SIG2_AUC': 361171 observations
   - 'SIG3_AUC': 361171 observations
   - 'SIG4_AUC': 361171 observations
   - 'SIG5_AUC': 361171 observations
   - 'SIG6_AUC': 361171 observations
   - 'SIG7_AUC': 361171 observations
   - 'SIG8_AUC': 361171 observations
   - 'SIG9_AUC': 361171 observations
   - 'SIG10_AUC': 361171 observations
   - 'SIG11_AUC': 361171 observations
   - 'SIG12_AUC': 361171 observations
   - 'SIG13_AUC': 361171 observations
   - 'SIG14_AUC': 361171 observations
   - 'SIG15_AUC': 361171 observations
   - 'SIG16_AUC': 361171 observations
   - 'SIG17_AUC': 361171 observations
   - 'SIG18_AUC': 361171 observations
   - 'SIG19_AUC': 361171 observations
   - 'SIG20_AUC': 361171 observations
 * LOCO predictions : [result/04_step1/sig_weight_eur_step1_pred.list]
   -file [/medpop/esp2/tnakao/analyses/projects/collab/Sarah_signature_weights_GWAS/96_last_250319/result/04_step1/sig_weight_eur_step1_1.loco] for phenotype 'SIG0_AUC'
   -file [/medpop/esp2/tnakao/analyses/projects/collab/Sarah_signature_weights_GWAS/96_last_250319/result/04_step1/sig_weight_eur_step1_2.loco] for phenotype 'SIG1_AUC'
   -file [/medpop/esp2/tnakao/analyses/projects/collab/Sarah_signature_weights_GWAS/96_last_250319/result/04_step1/sig_weight_eur_step1_3.loco] for phenotype 'SIG2_AUC'
   -file [/medpop/esp2/tnakao/analyses/projects/collab/Sarah_signature_weights_GWAS/96_last_250319/result/04_step1/sig_weight_eur_step1_4.loco] for phenotype 'SIG3_AUC'
   -file [/medpop/esp2/tnakao/analyses/projects/collab/Sarah_signature_weights_GWAS/96_last_250319/result/04_step1/sig_weight_eur_step1_5.loco] for phenotype 'SIG4_AUC'
   -file [/medpop/esp2/tnakao/analyses/projects/collab/Sarah_signature_weights_GWAS/96_last_250319/result/04_step1/sig_weight_eur_step1_6.loco] for phenotype 'SIG5_AUC'
   -file [/medpop/esp2/tnakao/analyses/projects/collab/Sarah_signature_weights_GWAS/96_last_250319/result/04_step1/sig_weight_eur_step1_7.loco] for phenotype 'SIG6_AUC'
   -file [/medpop/esp2/tnakao/analyses/projects/collab/Sarah_signature_weights_GWAS/96_last_250319/result/04_step1/sig_weight_eur_step1_8.loco] for phenotype 'SIG7_AUC'
   -file [/medpop/esp2/tnakao/analyses/projects/collab/Sarah_signature_weights_GWAS/96_last_250319/result/04_step1/sig_weight_eur_step1_9.loco] for phenotype 'SIG8_AUC'
   -file [/medpop/esp2/tnakao/analyses/projects/collab/Sarah_signature_weights_GWAS/96_last_250319/result/04_step1/sig_weight_eur_step1_10.loco] for phenotype 'SIG9_AUC'
   -file [/medpop/esp2/tnakao/analyses/projects/collab/Sarah_signature_weights_GWAS/96_last_250319/result/04_step1/sig_weight_eur_step1_11.loco] for phenotype 'SIG10_AUC'
   -file [/medpop/esp2/tnakao/analyses/projects/collab/Sarah_signature_weights_GWAS/96_last_250319/result/04_step1/sig_weight_eur_step1_12.loco] for phenotype 'SIG11_AUC'
   -file [/medpop/esp2/tnakao/analyses/projects/collab/Sarah_signature_weights_GWAS/96_last_250319/result/04_step1/sig_weight_eur_step1_13.loco] for phenotype 'SIG12_AUC'
   -file [/medpop/esp2/tnakao/analyses/projects/collab/Sarah_signature_weights_GWAS/96_last_250319/result/04_step1/sig_weight_eur_step1_14.loco] for phenotype 'SIG13_AUC'
   -file [/medpop/esp2/tnakao/analyses/projects/collab/Sarah_signature_weights_GWAS/96_last_250319/result/04_step1/sig_weight_eur_step1_15.loco] for phenotype 'SIG14_AUC'
   -file [/medpop/esp2/tnakao/analyses/projects/collab/Sarah_signature_weights_GWAS/96_last_250319/result/04_step1/sig_weight_eur_step1_16.loco] for phenotype 'SIG15_AUC'
   -file [/medpop/esp2/tnakao/analyses/projects/collab/Sarah_signature_weights_GWAS/96_last_250319/result/04_step1/sig_weight_eur_step1_17.loco] for phenotype 'SIG16_AUC'
   -file [/medpop/esp2/tnakao/analyses/projects/collab/Sarah_signature_weights_GWAS/96_last_250319/result/04_step1/sig_weight_eur_step1_18.loco] for phenotype 'SIG17_AUC'
   -file [/medpop/esp2/tnakao/analyses/projects/collab/Sarah_signature_weights_GWAS/96_last_250319/result/04_step1/sig_weight_eur_step1_19.loco] for phenotype 'SIG18_AUC'
   -file [/medpop/esp2/tnakao/analyses/projects/collab/Sarah_signature_weights_GWAS/96_last_250319/result/04_step1/sig_weight_eur_step1_20.loco] for phenotype 'SIG19_AUC'
   -file [/medpop/esp2/tnakao/analyses/projects/collab/Sarah_signature_weights_GWAS/96_last_250319/result/04_step1/sig_weight_eur_step1_21.loco] for phenotype 'SIG20_AUC'
   -residualizing and scaling phenotypes...done (61ms) 
 * # threads        : [4]
 * block size       : [200]
 * # blocks         : [1787]
 * approximate memory usage : 2GB
 * using minimum MAC of 5 (variants with lower MAC are ignored)
 * using minimum imputation info score of 0.7 (variants with lower info score are ignored)

Chromosome 8 [1787 blocks in total]
   -reading loco predictions for the chromosome...done (12465ms) 
 block [1/1787] : done (2215ms) 
 block [2/1787] : done (2061ms) 
 block [3/1787] : done (2021ms) 
 block [4/1787] : done (2094ms) 
 block [5/1787] : done (2049ms) 
 block [6/1787] : done (2115ms) 
 block [7/1787] : done (2087ms) 
 block [8/1787] : done (2078ms) 
 block [9/1787] : done (2091ms) 
 block [10/1787] : done (2218ms) 
 block [11/1787] : done (2150ms) 
 block [12/1787] : done (2071ms) 
 block [13/1787] : done (2037ms) 
 block [14/1787] : done (2053ms) 
 block [15/1787] : done (2047ms) 
 block [16/1787] : done (2099ms) 
 block [17/1787] : done (2038ms) 
 block [18/1787] : done (2025ms) 
 block [19/1787] : done (2047ms) 
 block [20/1787] : done (2046ms) 
 block [21/1787] : done (2118ms) 
 block [22/1787] : done (2177ms) 
 block [23/1787] : done (2171ms) 
 block [24/1787] : done (2079ms) 
 block [25/1787] : done (2181ms) 
 block [26/1787] : done (2116ms) 
 block [27/1787] : done (2004ms) 
 block [28/1787] : done (2121ms) 
 block [29/1787] : done (2111ms) 
 block [30/1787] : done (2101ms) 
 block [31/1787] : done (2087ms) 
 block [32/1787] : done (2131ms) 
 block [33/1787] : done (2141ms) 
 block [34/1787] : done (2169ms) 
 block [35/1787] : done (2016ms) 
 block [36/1787] : done (2036ms) 
 block [37/1787] : done (2291ms) 
 block [38/1787] : done (2365ms) 
 block [39/1787] : done (2208ms) 
 block [40/1787] : done (2257ms) 
 block [41/1787] : done (2176ms) 
 block [42/1787] : done (2193ms) 
 block [43/1787] : done (2181ms) 
 block [44/1787] : done (2238ms) 
 block [45/1787] : done (2218ms) 
 block [46/1787] : done (2234ms) 
 block [47/1787] : done (2198ms) 
 block [48/1787] : done (2240ms) 
 block [49/1787] : done (2108ms) 
 block [50/1787] : done (2072ms) 
 block [51/1787] : done (2138ms) 
 block [52/1787] : done (2164ms) 
 block [53/1787] : done (2219ms) 
 block [54/1787] : done (2146ms) 
 block [55/1787] : done (2093ms) 
 block [56/1787] : done (2138ms) 
 block [57/1787] : done (2071ms) 
 block [58/1787] : done (2139ms) 
 block [59/1787] : done (2097ms) 
 block [60/1787] : done (2097ms) 
 block [61/1787] : done (2127ms) 
 block [62/1787] : done (2125ms) 
 block [63/1787] : done (2084ms) 
 block [64/1787] : done (2109ms) 
 block [65/1787] : done (2151ms) 
 block [66/1787] : done (2165ms) 
 block [67/1787] : done (2108ms) 
 block [68/1787] : done (2045ms) 
 block [69/1787] : done (2120ms) 
 block [70/1787] : done (2098ms) 
 block [71/1787] : done (2134ms) 
 block [72/1787] : done (2134ms) 
 block [73/1787] : done (2148ms) 
 block [74/1787] : done (2154ms) 
 block [75/1787] : done (2124ms) 
 block [76/1787] : done (2231ms) 
 block [77/1787] : done (2142ms) 
 block [78/1787] : done (2142ms) 
 block [79/1787] : done (2158ms) 
 block [80/1787] : done (2153ms) 
 block [81/1787] : done (2134ms) 
 block [82/1787] : done (2152ms) 
 block [83/1787] : done (2111ms) 
 block [84/1787] : done (2135ms) 
 block [85/1787] : done (2144ms) 
 block [86/1787] : done (2164ms) 
 block [87/1787] : done (2093ms) 
 block [88/1787] : done (2183ms) 
 block [89/1787] : done (2147ms) 
 block [90/1787] : done (2128ms) 
 block [91/1787] : done (2156ms) 
 block [92/1787] : done (2118ms) 
 block [93/1787] : done (2106ms) 
 block [94/1787] : done (2172ms) 
 block [95/1787] : done (2251ms) 
 block [96/1787] : done (2169ms) 
 block [97/1787] : done (2074ms) 
 block [98/1787] : done (2092ms) 
 block [99/1787] : done (2148ms) 
 block [100/1787] : done (2255ms) 
 block [101/1787] : done (2156ms) 
 block [102/1787] : done (2183ms) 
 block [103/1787] : done (2154ms) 
 block [104/1787] : done (2068ms) 
 block [105/1787] : done (2136ms) 
 block [106/1787] : done (2171ms) 
 block [107/1787] : done (2201ms) 
 block [108/1787] : done (2045ms) 
 block [109/1787] : done (2156ms) 
 block [110/1787] : done (2123ms) 
 block [111/1787] : done (2147ms) 
 block [112/1787] : done (2111ms) 
 block [113/1787] : done (2185ms) 
 block [114/1787] : done (2169ms) 
 block [115/1787] : done (2303ms) 
 block [116/1787] : done (2524ms) 
 block [117/1787] : done (2564ms) 
 block [118/1787] : done (2295ms) 
 block [119/1787] : done (2344ms) 
 block [120/1787] : done (2228ms) 
 block [121/1787] : done (2228ms) 
 block [122/1787] : done (2257ms) 
 block [123/1787] : done (2250ms) 
 block [124/1787] : done (2249ms) 
 block [125/1787] : done (2379ms) 
 block [126/1787] : done (2206ms) 
 block [127/1787] : done (2170ms) 
 block [128/1787] : done (2255ms) 
 block [129/1787] : done (2378ms) 
 block [130/1787] : done (2309ms) 
 block [131/1787] : done (2296ms) 
 block [132/1787] : done (2339ms) 
 block [133/1787] : done (2326ms) 
 block [134/1787] : done (2309ms) 
 block [135/1787] : done (2272ms) 
 block [136/1787] : done (2306ms) 
 block [137/1787] : done (2201ms) 
 block [138/1787] : done (2272ms) 
 block [139/1787] : done (2292ms) 
 block [140/1787] : done (2271ms) 
 block [141/1787] : done (2215ms) 
 block [142/1787] : done (2277ms) 
 block [143/1787] : done (2230ms) 
 block [144/1787] : done (2214ms) 
 block [145/1787] : done (2220ms) 
 block [146/1787] : done (2251ms) 
 block [147/1787] : done (2235ms) 
 block [148/1787] : done (2321ms) 
 block [149/1787] : done (2302ms) 
 block [150/1787] : done (2333ms) 
 block [151/1787] : done (2228ms) 
 block [152/1787] : done (2213ms) 
 block [153/1787] : done (2203ms) 
 block [154/1787] : done (2176ms) 
 block [155/1787] : done (2249ms) 
 block [156/1787] : done (2309ms) 
 block [157/1787] : done (2212ms) 
 block [158/1787] : done (2210ms) 
 block [159/1787] : done (2270ms) 
 block [160/1787] : done (2253ms) 
 block [161/1787] : done (2265ms) 
 block [162/1787] : done (2320ms) 
 block [163/1787] : done (2404ms) 
 block [164/1787] : done (2234ms) 
 block [165/1787] : done (2251ms) 
 block [166/1787] : done (2207ms) 
 block [167/1787] : done (2244ms) 
 block [168/1787] : done (2305ms) 
 block [169/1787] : done (2230ms) 
 block [170/1787] : done (2185ms) 
 block [171/1787] : done (2424ms) 
 block [172/1787] : done (2169ms) 
 block [173/1787] : done (2208ms) 
 block [174/1787] : done (2182ms) 
 block [175/1787] : done (2201ms) 
 block [176/1787] : done (2185ms) 
 block [177/1787] : done (2177ms) 
 block [178/1787] : done (2201ms) 
 block [179/1787] : done (2232ms) 
 block [180/1787] : done (2272ms) 
 block [181/1787] : done (2254ms) 
 block [182/1787] : done (2263ms) 
 block [183/1787] : done (2231ms) 
 block [184/1787] : done (2179ms) 
 block [185/1787] : done (2257ms) 
 block [186/1787] : done (2247ms) 
 block [187/1787] : done (2169ms) 
 block [188/1787] : done (2197ms) 
 block [189/1787] : done (2212ms) 
 block [190/1787] : done (2276ms) 
 block [191/1787] : done (2234ms) 
 block [192/1787] : done (2278ms) 
 block [193/1787] : done (2299ms) 
 block [194/1787] : done (2262ms) 
 block [195/1787] : done (2250ms) 
 block [196/1787] : done (2295ms) 
 block [197/1787] : done (2322ms) 
 block [198/1787] : done (2355ms) 
 block [199/1787] : done (2271ms) 
 block [200/1787] : done (2273ms) 
 block [201/1787] : done (2178ms) 
 block [202/1787] : done (2141ms) 
 block [203/1787] : done (2325ms) 
 block [204/1787] : done (2384ms) 
 block [205/1787] : done (2355ms) 
 block [206/1787] : done (2363ms) 
 block [207/1787] : done (2186ms) 
 block [208/1787] : done (2143ms) 
 block [209/1787] : done (2307ms) 
 block [210/1787] : done (2323ms) 
 block [211/1787] : done (2195ms) 
 block [212/1787] : done (2171ms) 
 block [213/1787] : done (2195ms) 
 block [214/1787] : done (2167ms) 
 block [215/1787] : done (2215ms) 
 block [216/1787] : done (2144ms) 
 block [217/1787] : done (2158ms) 
 block [218/1787] : done (2116ms) 
 block [219/1787] : done (2133ms) 
 block [220/1787] : done (2116ms) 
 block [221/1787] : done (2112ms) 
 block [222/1787] : done (2155ms) 
 block [223/1787] : done (2196ms) 
 block [224/1787] : done (2152ms) 
 block [225/1787] : done (2113ms) 
 block [226/1787] : done (2092ms) 
 block [227/1787] : done (2103ms) 
 block [228/1787] : done (2228ms) 
 block [229/1787] : done (2178ms) 
 block [230/1787] : done (2151ms) 
 block [231/1787] : done (2159ms) 
 block [232/1787] : done (2074ms) 
 block [233/1787] : done (2138ms) 
 block [234/1787] : done (2084ms) 
 block [235/1787] : done (2181ms) 
 block [236/1787] : done (2187ms) 
 block [237/1787] : done (2172ms) 
 block [238/1787] : done (2092ms) 
 block [239/1787] : done (2153ms) 
 block [240/1787] : done (2203ms) 
 block [241/1787] : done (2058ms) 
 block [242/1787] : done (2031ms) 
 block [243/1787] : done (2141ms) 
 block [244/1787] : done (2107ms) 
 block [245/1787] : done (2207ms) 
 block [246/1787] : done (2197ms) 
 block [247/1787] : done (2142ms) 
 block [248/1787] : done (2100ms) 
 block [249/1787] : done (2071ms) 
 block [250/1787] : done (2077ms) 
 block [251/1787] : done (2112ms) 
 block [252/1787] : done (2060ms) 
 block [253/1787] : done (2132ms) 
 block [254/1787] : done (2171ms) 
 block [255/1787] : done (2101ms) 
 block [256/1787] : done (2127ms) 
 block [257/1787] : done (2179ms) 
 block [258/1787] : done (2101ms) 
 block [259/1787] : done (2098ms) 
 block [260/1787] : done (2028ms) 
 block [261/1787] : done (2088ms) 
 block [262/1787] : done (2149ms) 
 block [263/1787] : done (2116ms) 
 block [264/1787] : done (2136ms) 
 block [265/1787] : done (2102ms) 
 block [266/1787] : done (2069ms) 
 block [267/1787] : done (2076ms) 
 block [268/1787] : done (2204ms) 
 block [269/1787] : done (2176ms) 
 block [270/1787] : done (2091ms) 
 block [271/1787] : done (2169ms) 
 block [272/1787] : done (2255ms) 
 block [273/1787] : done (2171ms) 
 block [274/1787] : done (2123ms) 
 block [275/1787] : done (2083ms) 
 block [276/1787] : done (2125ms) 
 block [277/1787] : done (2132ms) 
 block [278/1787] : done (2124ms) 
 block [279/1787] : done (2167ms) 
 block [280/1787] : done (2086ms) 
 block [281/1787] : done (2041ms) 
 block [282/1787] : done (2136ms) 
 block [283/1787] : done (2167ms) 
 block [284/1787] : done (2117ms) 
 block [285/1787] : done (2135ms) 
 block [286/1787] : done (2212ms) 
 block [287/1787] : done (2266ms) 
 block [288/1787] : done (2095ms) 
 block [289/1787] : done (2071ms) 
 block [290/1787] : done (2134ms) 
 block [291/1787] : done (2133ms) 
 block [292/1787] : done (2156ms) 
 block [293/1787] : done (2104ms) 
 block [294/1787] : done (2144ms) 
 block [295/1787] : done (2235ms) 
 block [296/1787] : done (2075ms) 
 block [297/1787] : done (2183ms) 
 block [298/1787] : done (2103ms) 
 block [299/1787] : done (2114ms) 
 block [300/1787] : done (2102ms) 
 block [301/1787] : done (2109ms) 
 block [302/1787] : done (2134ms) 
 block [303/1787] : done (2141ms) 
 block [304/1787] : done (2064ms) 
 block [305/1787] : done (2064ms) 
 block [306/1787] : done (2076ms) 
 block [307/1787] : done (2043ms) 
 block [308/1787] : done (2097ms) 
 block [309/1787] : done (2109ms) 
 block [310/1787] : done (2045ms) 
 block [311/1787] : done (2099ms) 
 block [312/1787] : done (2082ms) 
 block [313/1787] : done (2069ms) 
 block [314/1787] : done (2032ms) 
 block [315/1787] : done (2070ms) 
 block [316/1787] : done (2086ms) 
 block [317/1787] : done (2131ms) 
 block [318/1787] : done (2159ms) 
 block [319/1787] : done (2089ms) 
 block [320/1787] : done (2106ms) 
 block [321/1787] : done (2188ms) 
 block [322/1787] : done (2098ms) 
 block [323/1787] : done (2126ms) 
 block [324/1787] : done (2082ms) 
 block [325/1787] : done (2200ms) 
 block [326/1787] : done (2170ms) 
 block [327/1787] : done (2121ms) 
 block [328/1787] : done (2214ms) 
 block [329/1787] : done (2211ms) 
 block [330/1787] : done (2274ms) 
 block [331/1787] : done (2244ms) 
 block [332/1787] : done (2103ms) 
 block [333/1787] : done (2113ms) 
 block [334/1787] : done (2118ms) 
 block [335/1787] : done (2110ms) 
 block [336/1787] : done (2133ms) 
 block [337/1787] : done (2131ms) 
 block [338/1787] : done (2152ms) 
 block [339/1787] : done (2204ms) 
 block [340/1787] : done (2165ms) 
 block [341/1787] : done (2175ms) 
 block [342/1787] : done (2108ms) 
 block [343/1787] : done (2130ms) 
 block [344/1787] : done (2171ms) 
 block [345/1787] : done (2184ms) 
 block [346/1787] : done (2229ms) 
 block [347/1787] : done (2201ms) 
 block [348/1787] : done (2234ms) 
 block [349/1787] : done (2203ms) 
 block [350/1787] : done (2087ms) 
 block [351/1787] : done (2083ms) 
 block [352/1787] : done (2082ms) 
 block [353/1787] : done (2121ms) 
 block [354/1787] : done (2158ms) 
 block [355/1787] : done (2108ms) 
 block [356/1787] : done (2141ms) 
 block [357/1787] : done (2188ms) 
 block [358/1787] : done (2170ms) 
 block [359/1787] : done (2088ms) 
 block [360/1787] : done (2122ms) 
 block [361/1787] : done (2105ms) 
 block [362/1787] : done (2079ms) 
 block [363/1787] : done (2081ms) 
 block [364/1787] : done (2150ms) 
 block [365/1787] : done (2088ms) 
 block [366/1787] : done (2187ms) 
 block [367/1787] : done (2236ms) 
 block [368/1787] : done (2291ms) 
 block [369/1787] : done (2169ms) 
 block [370/1787] : done (2222ms) 
 block [371/1787] : done (2216ms) 
 block [372/1787] : done (2245ms) 
 block [373/1787] : done (2182ms) 
 block [374/1787] : done (2212ms) 
 block [375/1787] : done (2218ms) 
 block [376/1787] : done (2211ms) 
 block [377/1787] : done (2256ms) 
 block [378/1787] : done (2216ms) 
 block [379/1787] : done (2182ms) 
 block [380/1787] : done (2275ms) 
 block [381/1787] : done (2209ms) 
 block [382/1787] : done (2171ms) 
 block [383/1787] : done (2202ms) 
 block [384/1787] : done (2164ms) 
 block [385/1787] : done (2182ms) 
 block [386/1787] : done (2153ms) 
 block [387/1787] : done (2167ms) 
 block [388/1787] : done (2194ms) 
 block [389/1787] : done (2134ms) 
 block [390/1787] : done (2220ms) 
 block [391/1787] : done (2132ms) 
 block [392/1787] : done (2154ms) 
 block [393/1787] : done (2139ms) 
 block [394/1787] : done (2166ms) 
 block [395/1787] : done (2097ms) 
 block [396/1787] : done (2061ms) 
 block [397/1787] : done (2144ms) 
 block [398/1787] : done (2181ms) 
 block [399/1787] : done (2136ms) 
 block [400/1787] : done (2141ms) 
 block [401/1787] : done (2154ms) 
 block [402/1787] : done (2135ms) 
 block [403/1787] : done (2096ms) 
 block [404/1787] : done (2142ms) 
 block [405/1787] : done (2161ms) 
 block [406/1787] : done (2150ms) 
 block [407/1787] : done (2126ms) 
 block [408/1787] : done (2155ms) 
 block [409/1787] : done (2225ms) 
 block [410/1787] : done (2175ms) 
 block [411/1787] : done (2215ms) 
 block [412/1787] : done (2196ms) 
 block [413/1787] : done (2201ms) 
 block [414/1787] : done (2163ms) 
 block [415/1787] : done (2186ms) 
 block [416/1787] : done (2204ms) 
 block [417/1787] : done (2168ms) 
 block [418/1787] : done (2172ms) 
 block [419/1787] : done (2197ms) 
 block [420/1787] : done (2164ms) 
 block [421/1787] : done (2162ms) 
 block [422/1787] : done (2218ms) 
 block [423/1787] : done (2167ms) 
 block [424/1787] : done (2178ms) 
 block [425/1787] : done (2202ms) 
 block [426/1787] : done (2183ms) 
 block [427/1787] : done (2143ms) 
 block [428/1787] : done (2135ms) 
 block [429/1787] : done (2157ms) 
 block [430/1787] : done (2177ms) 
 block [431/1787] : done (2182ms) 
 block [432/1787] : done (2137ms) 
 block [433/1787] : done (2144ms) 
 block [434/1787] : done (2119ms) 
 block [435/1787] : done (2142ms) 
 block [436/1787] : done (2187ms) 
 block [437/1787] : done (2183ms) 
 block [438/1787] : done (2248ms) 
 block [439/1787] : done (2225ms) 
 block [440/1787] : done (2243ms) 
 block [441/1787] : done (2258ms) 
 block [442/1787] : done (2260ms) 
 block [443/1787] : done (2286ms) 
 block [444/1787] : done (2204ms) 
 block [445/1787] : done (2197ms) 
 block [446/1787] : done (2269ms) 
 block [447/1787] : done (2264ms) 
 block [448/1787] : done (2216ms) 
 block [449/1787] : done (2123ms) 
 block [450/1787] : done (2201ms) 
 block [451/1787] : done (2175ms) 
 block [452/1787] : done (2173ms) 
 block [453/1787] : done (2244ms) 
 block [454/1787] : done (2270ms) 
 block [455/1787] : done (2283ms) 
 block [456/1787] : done (2306ms) 
 block [457/1787] : done (2331ms) 
 block [458/1787] : done (2303ms) 
 block [459/1787] : done (2304ms) 
 block [460/1787] : done (2238ms) 
 block [461/1787] : done (2231ms) 
 block [462/1787] : done (2198ms) 
 block [463/1787] : done (2191ms) 
 block [464/1787] : done (2153ms) 
 block [465/1787] : done (2220ms) 
 block [466/1787] : done (2210ms) 
 block [467/1787] : done (2295ms) 
 block [468/1787] : done (2299ms) 
 block [469/1787] : done (2235ms) 
 block [470/1787] : done (2274ms) 
 block [471/1787] : done (2243ms) 
 block [472/1787] : done (2291ms) 
 block [473/1787] : done (2235ms) 
 block [474/1787] : done (2141ms) 
 block [475/1787] : done (2231ms) 
 block [476/1787] : done (2246ms) 
 block [477/1787] : done (2291ms) 
 block [478/1787] : done (2229ms) 
 block [479/1787] : done (2236ms) 
 block [480/1787] : done (2219ms) 
 block [481/1787] : done (2215ms) 
 block [482/1787] : done (2291ms) 
 block [483/1787] : done (2236ms) 
 block [484/1787] : done (2263ms) 
 block [485/1787] : done (2304ms) 
 block [486/1787] : done (2298ms) 
 block [487/1787] : done (2198ms) 
 block [488/1787] : done (2146ms) 
 block [489/1787] : done (2215ms) 
 block [490/1787] : done (2348ms) 
 block [491/1787] : done (2200ms) 
 block [492/1787] : done (2231ms) 
 block [493/1787] : done (2266ms) 
 block [494/1787] : done (2315ms) 
 block [495/1787] : done (2278ms) 
 block [496/1787] : done (2401ms) 
 block [497/1787] : done (2298ms) 
 block [498/1787] : done (2299ms) 
 block [499/1787] : done (2320ms) 
 block [500/1787] : done (2305ms) 
 block [501/1787] : done (2265ms) 
 block [502/1787] : done (2323ms) 
 block [503/1787] : done (2358ms) 
 block [504/1787] : done (2280ms) 
 block [505/1787] : done (2421ms) 
 block [506/1787] : done (2424ms) 
 block [507/1787] : done (2294ms) 
 block [508/1787] : done (2335ms) 
 block [509/1787] : done (2311ms) 
 block [510/1787] : done (2311ms) 
 block [511/1787] : done (2379ms) 
 block [512/1787] : done (2298ms) 
 block [513/1787] : done (2298ms) 
 block [514/1787] : done (2301ms) 
 block [515/1787] : done (2320ms) 
 block [516/1787] : done (2287ms) 
 block [517/1787] : done (2310ms) 
 block [518/1787] : done (2475ms) 
 block [519/1787] : done (2240ms) 
 block [520/1787] : done (2207ms) 
 block [521/1787] : done (2230ms) 
 block [522/1787] : done (2228ms) 
 block [523/1787] : done (2170ms) 
 block [524/1787] : done (2153ms) 
 block [525/1787] : done (2144ms) 
 block [526/1787] : done (2155ms) 
 block [527/1787] : done (2067ms) 
 block [528/1787] : done (2121ms) 
 block [529/1787] : done (2127ms) 
 block [530/1787] : done (2114ms) 
 block [531/1787] : done (2125ms) 
 block [532/1787] : done (2144ms) 
 block [533/1787] : done (2148ms) 
 block [534/1787] : done (2138ms) 
 block [535/1787] : done (2111ms) 
 block [536/1787] : done (2177ms) 
 block [537/1787] : done (2153ms) 
 block [538/1787] : done (2361ms) 
 block [539/1787] : done (2221ms) 
 block [540/1787] : done (2278ms) 
 block [541/1787] : done (2170ms) 
 block [542/1787] : done (2153ms) 
 block [543/1787] : done (2119ms) 
 block [544/1787] : done (2121ms) 
 block [545/1787] : done (2150ms) 
 block [546/1787] : done (2135ms) 
 block [547/1787] : done (2127ms) 
 block [548/1787] : done (2160ms) 
 block [549/1787] : done (2155ms) 
 block [550/1787] : done (2265ms) 
 block [551/1787] : done (2300ms) 
 block [552/1787] : done (2203ms) 
 block [553/1787] : done (2179ms) 
 block [554/1787] : done (2154ms) 
 block [555/1787] : done (2133ms) 
 block [556/1787] : done (2246ms) 
 block [557/1787] : done (2211ms) 
 block [558/1787] : done (2282ms) 
 block [559/1787] : done (2162ms) 
 block [560/1787] : done (2133ms) 
 block [561/1787] : done (2184ms) 
 block [562/1787] : done (2090ms) 
 block [563/1787] : done (2152ms) 
 block [564/1787] : done (2148ms) 
 block [565/1787] : done (2165ms) 
 block [566/1787] : done (2117ms) 
 block [567/1787] : done (2151ms) 
 block [568/1787] : done (2122ms) 
 block [569/1787] : done (2096ms) 
 block [570/1787] : done (2155ms) 
 block [571/1787] : done (2136ms) 
 block [572/1787] : done (2079ms) 
 block [573/1787] : done (2124ms) 
 block [574/1787] : done (2160ms) 
 block [575/1787] : done (2100ms) 
 block [576/1787] : done (2113ms) 
 block [577/1787] : done (2120ms) 
 block [578/1787] : done (2097ms) 
 block [579/1787] : done (2128ms) 
 block [580/1787] : done (2134ms) 
 block [581/1787] : done (2087ms) 
 block [582/1787] : done (2129ms) 
 block [583/1787] : done (2151ms) 
 block [584/1787] : done (2075ms) 
 block [585/1787] : done (2131ms) 
 block [586/1787] : done (2166ms) 
 block [587/1787] : done (2193ms) 
 block [588/1787] : done (2211ms) 
 block [589/1787] : done (2110ms) 
 block [590/1787] : done (2106ms) 
 block [591/1787] : done (2044ms) 
 block [592/1787] : done (2180ms) 
 block [593/1787] : done (2162ms) 
 block [594/1787] : done (2180ms) 
 block [595/1787] : done (2123ms) 
 block [596/1787] : done (2293ms) 
 block [597/1787] : done (2278ms) 
 block [598/1787] : done (2247ms) 
 block [599/1787] : done (2162ms) 
 block [600/1787] : done (2168ms) 
 block [601/1787] : done (2214ms) 
 block [602/1787] : done (2173ms) 
 block [603/1787] : done (2151ms) 
 block [604/1787] : done (2126ms) 
 block [605/1787] : done (2226ms) 
 block [606/1787] : done (2219ms) 
 block [607/1787] : done (2213ms) 
 block [608/1787] : done (2191ms) 
 block [609/1787] : done (2130ms) 
 block [610/1787] : done (2188ms) 
 block [611/1787] : done (2147ms) 
 block [612/1787] : done (2185ms) 
 block [613/1787] : done (2140ms) 
 block [614/1787] : done (2209ms) 
 block [615/1787] : done (2213ms) 
 block [616/1787] : done (2167ms) 
 block [617/1787] : done (2212ms) 
 block [618/1787] : done (2390ms) 
 block [619/1787] : done (2154ms) 
 block [620/1787] : done (2182ms) 
 block [621/1787] : done (2239ms) 
 block [622/1787] : done (2197ms) 
 block [623/1787] : done (2177ms) 
 block [624/1787] : done (2118ms) 
 block [625/1787] : done (2210ms) 
 block [626/1787] : done (2203ms) 
 block [627/1787] : done (2170ms) 
 block [628/1787] : done (2216ms) 
 block [629/1787] : done (2200ms) 
 block [630/1787] : done (2255ms) 
 block [631/1787] : done (2377ms) 
 block [632/1787] : done (2403ms) 
 block [633/1787] : done (2305ms) 
 block [634/1787] : done (2227ms) 
 block [635/1787] : done (2216ms) 
 block [636/1787] : done (2228ms) 
 block [637/1787] : done (2261ms) 
 block [638/1787] : done (2236ms) 
 block [639/1787] : done (2274ms) 
 block [640/1787] : done (2298ms) 
 block [641/1787] : done (2336ms) 
 block [642/1787] : done (2453ms) 
 block [643/1787] : done (2257ms) 
 block [644/1787] : done (4488ms) 
 block [645/1787] : done (2258ms) 
 block [646/1787] : done (2248ms) 
 block [647/1787] : done (2185ms) 
 block [648/1787] : done (2200ms) 
 block [649/1787] : done (2144ms) 
 block [650/1787] : done (2149ms) 
 block [651/1787] : done (2158ms) 
 block [652/1787] : done (2160ms) 
 block [653/1787] : done (2241ms) 
 block [654/1787] : done (2231ms) 
 block [655/1787] : done (2311ms) 
 block [656/1787] : done (2319ms) 
 block [657/1787] : done (2185ms) 
 block [658/1787] : done (2197ms) 
 block [659/1787] : done (2207ms) 
 block [660/1787] : done (2162ms) 
 block [661/1787] : done (2123ms) 
 block [662/1787] : done (2150ms) 
 block [663/1787] : done (2170ms) 
 block [664/1787] : done (2189ms) 
 block [665/1787] : done (2147ms) 
 block [666/1787] : done (2188ms) 
 block [667/1787] : done (2172ms) 
 block [668/1787] : done (2200ms) 
 block [669/1787] : done (2260ms) 
 block [670/1787] : done (2248ms) 
 block [671/1787] : done (2197ms) 
 block [672/1787] : done (2193ms) 
 block [673/1787] : done (2180ms) 
 block [674/1787] : done (2188ms) 
 block [675/1787] : done (2189ms) 
 block [676/1787] : done (2178ms) 
 block [677/1787] : done (2189ms) 
 block [678/1787] : done (2181ms) 
 block [679/1787] : done (2211ms) 
 block [680/1787] : done (2262ms) 
 block [681/1787] : done (2317ms) 
 block [682/1787] : done (2214ms) 
 block [683/1787] : done (2219ms) 
 block [684/1787] : done (2293ms) 
 block [685/1787] : done (2295ms) 
 block [686/1787] : done (2291ms) 
 block [687/1787] : done (2380ms) 
 block [688/1787] : done (2302ms) 
 block [689/1787] : done (2650ms) 
 block [690/1787] : done (2367ms) 
 block [691/1787] : done (2249ms) 
 block [692/1787] : done (2259ms) 
 block [693/1787] : done (2307ms) 
 block [694/1787] : done (2224ms) 
 block [695/1787] : done (2189ms) 
 block [696/1787] : done (2201ms) 
 block [697/1787] : done (2225ms) 
 block [698/1787] : done (2197ms) 
 block [699/1787] : done (2222ms) 
 block [700/1787] : done (2178ms) 
 block [701/1787] : done (2160ms) 
 block [702/1787] : done (2216ms) 
 block [703/1787] : done (2191ms) 
 block [704/1787] : done (2297ms) 
 block [705/1787] : done (2258ms) 
 block [706/1787] : done (2248ms) 
 block [707/1787] : done (2198ms) 
 block [708/1787] : done (2264ms) 
 block [709/1787] : done (2334ms) 
 block [710/1787] : done (2203ms) 
 block [711/1787] : done (2213ms) 
 block [712/1787] : done (2309ms) 
 block [713/1787] : done (2237ms) 
 block [714/1787] : done (2196ms) 
 block [715/1787] : done (2189ms) 
 block [716/1787] : done (2267ms) 
 block [717/1787] : done (2225ms) 
 block [718/1787] : done (2186ms) 
 block [719/1787] : done (2180ms) 
 block [720/1787] : done (2309ms) 
 block [721/1787] : done (2340ms) 
 block [722/1787] : done (2220ms) 
 block [723/1787] : done (2208ms) 
 block [724/1787] : done (2267ms) 
 block [725/1787] : done (2263ms) 
 block [726/1787] : done (2171ms) 
 block [727/1787] : done (2180ms) 
 block [728/1787] : done (2191ms) 
 block [729/1787] : done (2198ms) 
 block [730/1787] : done (2181ms) 
 block [731/1787] : done (2236ms) 
 block [732/1787] : done (2164ms) 
 block [733/1787] : done (2230ms) 
 block [734/1787] : done (2299ms) 
 block [735/1787] : done (2219ms) 
 block [736/1787] : done (2219ms) 
 block [737/1787] : done (2186ms) 
 block [738/1787] : done (2172ms) 
 block [739/1787] : done (2217ms) 
 block [740/1787] : done (2199ms) 
 block [741/1787] : done (2234ms) 
 block [742/1787] : done (2244ms) 
 block [743/1787] : done (2251ms) 
 block [744/1787] : done (2322ms) 
 block [745/1787] : done (2247ms) 
 block [746/1787] : done (2252ms) 
 block [747/1787] : done (2203ms) 
 block [748/1787] : done (2255ms) 
 block [749/1787] : done (2231ms) 
 block [750/1787] : done (2262ms) 
 block [751/1787] : done (2174ms) 
 block [752/1787] : done (2180ms) 
 block [753/1787] : done (2206ms) 
 block [754/1787] : done (2220ms) 
 block [755/1787] : done (2134ms) 
 block [756/1787] : done (2117ms) 
 block [757/1787] : done (2173ms) 
 block [758/1787] : done (2162ms) 
 block [759/1787] : done (2212ms) 
 block [760/1787] : done (2220ms) 
 block [761/1787] : done (2364ms) 
 block [762/1787] : done (2269ms) 
 block [763/1787] : done (2263ms) 
 block [764/1787] : done (2269ms) 
 block [765/1787] : done (2273ms) 
 block [766/1787] : done (2205ms) 
 block [767/1787] : done (2178ms) 
 block [768/1787] : done (2161ms) 
 block [769/1787] : done (2160ms) 
 block [770/1787] : done (2196ms) 
 block [771/1787] : done (2213ms) 
 block [772/1787] : done (2225ms) 
 block [773/1787] : done (2201ms) 
 block [774/1787] : done (2221ms) 
 block [775/1787] : done (2196ms) 
 block [776/1787] : done (2265ms) 
 block [777/1787] : done (2228ms) 
 block [778/1787] : done (2247ms) 
 block [779/1787] : done (2223ms) 
 block [780/1787] : done (2283ms) 
 block [781/1787] : done (2288ms) 
 block [782/1787] : done (2420ms) 
 block [783/1787] : done (2294ms) 
 block [784/1787] : done (2349ms) 
 block [785/1787] : done (2209ms) 
 block [786/1787] : done (2184ms) 
 block [787/1787] : done (2181ms) 
 block [788/1787] : done (2218ms) 
 block [789/1787] : done (2282ms) 
 block [790/1787] : done (2209ms) 
 block [791/1787] : done (2220ms) 
 block [792/1787] : done (2168ms) 
 block [793/1787] : done (2202ms) 
 block [794/1787] : done (2130ms) 
 block [795/1787] : done (2229ms) 
 block [796/1787] : done (2225ms) 
 block [797/1787] : done (2168ms) 
 block [798/1787] : done (2214ms) 
 block [799/1787] : done (2266ms) 
 block [800/1787] : done (2291ms) 
 block [801/1787] : done (2167ms) 
 block [802/1787] : done (2189ms) 
 block [803/1787] : done (2127ms) 
 block [804/1787] : done (2240ms) 
 block [805/1787] : done (2202ms) 
 block [806/1787] : done (2143ms) 
 block [807/1787] : done (2237ms) 
 block [808/1787] : done (2131ms) 
 block [809/1787] : done (2180ms) 
 block [810/1787] : done (2267ms) 
 block [811/1787] : done (2091ms) 
 block [812/1787] : done (2050ms) 
 block [813/1787] : done (2101ms) 
 block [814/1787] : done (2142ms) 
 block [815/1787] : done (2120ms) 
 block [816/1787] : done (2129ms) 
 block [817/1787] : done (2137ms) 
 block [818/1787] : done (2097ms) 
 block [819/1787] : done (2147ms) 
 block [820/1787] : done (2209ms) 
 block [821/1787] : done (2161ms) 
 block [822/1787] : done (2080ms) 
 block [823/1787] : done (2110ms) 
 block [824/1787] : done (2095ms) 
 block [825/1787] : done (2135ms) 
 block [826/1787] : done (2132ms) 
 block [827/1787] : done (2160ms) 
 block [828/1787] : done (2149ms) 
 block [829/1787] : done (2155ms) 
 block [830/1787] : done (2186ms) 
 block [831/1787] : done (2198ms) 
 block [832/1787] : done (2193ms) 
 block [833/1787] : done (2195ms) 
 block [834/1787] : done (2188ms) 
 block [835/1787] : done (2150ms) 
 block [836/1787] : done (2231ms) 
 block [837/1787] : done (2074ms) 
 block [838/1787] : done (2101ms) 
 block [839/1787] : done (2115ms) 
 block [840/1787] : done (2170ms) 
 block [841/1787] : done (2178ms) 
 block [842/1787] : done (2182ms) 
 block [843/1787] : done (2159ms) 
 block [844/1787] : done (2139ms) 
 block [845/1787] : done (2126ms) 
 block [846/1787] : done (2281ms) 
 block [847/1787] : done (2219ms) 
 block [848/1787] : done (2287ms) 
 block [849/1787] : done (2153ms) 
 block [850/1787] : done (2123ms) 
 block [851/1787] : done (2115ms) 
 block [852/1787] : done (2122ms) 
 block [853/1787] : done (2105ms) 
 block [854/1787] : done (2097ms) 
 block [855/1787] : done (2109ms) 
 block [856/1787] : done (2106ms) 
 block [857/1787] : done (2105ms) 
 block [858/1787] : done (2109ms) 
 block [859/1787] : done (2132ms) 
 block [860/1787] : done (2159ms) 
 block [861/1787] : done (2156ms) 
 block [862/1787] : done (2178ms) 
 block [863/1787] : done (2114ms) 
 block [864/1787] : done (2088ms) 
 block [865/1787] : done (2113ms) 
 block [866/1787] : done (2131ms) 
 block [867/1787] : done (2140ms) 
 block [868/1787] : done (2127ms) 
 block [869/1787] : done (2163ms) 
 block [870/1787] : done (2167ms) 
 block [871/1787] : done (2227ms) 
 block [872/1787] : done (2172ms) 
 block [873/1787] : done (2180ms) 
 block [874/1787] : done (2189ms) 
 block [875/1787] : done (2134ms) 
 block [876/1787] : done (2097ms) 
 block [877/1787] : done (2114ms) 
 block [878/1787] : done (2131ms) 
 block [879/1787] : done (2147ms) 
 block [880/1787] : done (2159ms) 
 block [881/1787] : done (2190ms) 
 block [882/1787] : done (2178ms) 
 block [883/1787] : done (2187ms) 
 block [884/1787] : done (2210ms) 
 block [885/1787] : done (2181ms) 
 block [886/1787] : done (2215ms) 
 block [887/1787] : done (2181ms) 
 block [888/1787] : done (2173ms) 
 block [889/1787] : done (2201ms) 
 block [890/1787] : done (2182ms) 
 block [891/1787] : done (2164ms) 
 block [892/1787] : done (2193ms) 
 block [893/1787] : done (2193ms) 
 block [894/1787] : done (2261ms) 
 block [895/1787] : done (2164ms) 
 block [896/1787] : done (2200ms) 
 block [897/1787] : done (2142ms) 
 block [898/1787] : done (2183ms) 
 block [899/1787] : done (2183ms) 
 block [900/1787] : done (2188ms) 
 block [901/1787] : done (2180ms) 
 block [902/1787] : done (2144ms) 
 block [903/1787] : done (2143ms) 
 block [904/1787] : done (2142ms) 
 block [905/1787] : done (2195ms) 
 block [906/1787] : done (2118ms) 
 block [907/1787] : done (2131ms) 
 block [908/1787] : done (2084ms) 
 block [909/1787] : done (2098ms) 
 block [910/1787] : done (2123ms) 
 block [911/1787] : done (2112ms) 
 block [912/1787] : done (2242ms) 
 block [913/1787] : done (2196ms) 
 block [914/1787] : done (2242ms) 
 block [915/1787] : done (2186ms) 
 block [916/1787] : done (2189ms) 
 block [917/1787] : done (2140ms) 
 block [918/1787] : done (2125ms) 
 block [919/1787] : done (2148ms) 
 block [920/1787] : done (2197ms) 
 block [921/1787] : done (2204ms) 
 block [922/1787] : done (2184ms) 
 block [923/1787] : done (2116ms) 
 block [924/1787] : done (2117ms) 
 block [925/1787] : done (2104ms) 
 block [926/1787] : done (2117ms) 
 block [927/1787] : done (2170ms) 
 block [928/1787] : done (2139ms) 
 block [929/1787] : done (2160ms) 
 block [930/1787] : done (2263ms) 
 block [931/1787] : done (2194ms) 
 block [932/1787] : done (2136ms) 
 block [933/1787] : done (2104ms) 
 block [934/1787] : done (2106ms) 
 block [935/1787] : done (2092ms) 
 block [936/1787] : done (2138ms) 
 block [937/1787] : done (2111ms) 
 block [938/1787] : done (2127ms) 
 block [939/1787] : done (2124ms) 
 block [940/1787] : done (2140ms) 
 block [941/1787] : done (2146ms) 
 block [942/1787] : done (2106ms) 
 block [943/1787] : done (2171ms) 
 block [944/1787] : done (2120ms) 
 block [945/1787] : done (2070ms) 
 block [946/1787] : done (2081ms) 
 block [947/1787] : done (2151ms) 
 block [948/1787] : done (2139ms) 
 block [949/1787] : done (2103ms) 
 block [950/1787] : done (2129ms) 
 block [951/1787] : done (2147ms) 
 block [952/1787] : done (2136ms) 
 block [953/1787] : done (2175ms) 
 block [954/1787] : done (2192ms) 
 block [955/1787] : done (2189ms) 
 block [956/1787] : done (2136ms) 
 block [957/1787] : done (2128ms) 
 block [958/1787] : done (2176ms) 
 block [959/1787] : done (2111ms) 
 block [960/1787] : done (2160ms) 
 block [961/1787] : done (2108ms) 
 block [962/1787] : done (2059ms) 
 block [963/1787] : done (2123ms) 
 block [964/1787] : done (2104ms) 
 block [965/1787] : done (2092ms) 
 block [966/1787] : done (2134ms) 
 block [967/1787] : done (2207ms) 
 block [968/1787] : done (2177ms) 
 block [969/1787] : done (2151ms) 
 block [970/1787] : done (2116ms) 
 block [971/1787] : done (2084ms) 
 block [972/1787] : done (2076ms) 
 block [973/1787] : done (2098ms) 
 block [974/1787] : done (2118ms) 
 block [975/1787] : done (2085ms) 
 block [976/1787] : done (2178ms) 
 block [977/1787] : done (2160ms) 
 block [978/1787] : done (2074ms) 
 block [979/1787] : done (2102ms) 
 block [980/1787] : done (2195ms) 
 block [981/1787] : done (2149ms) 
 block [982/1787] : done (2120ms) 
 block [983/1787] : done (2127ms) 
 block [984/1787] : done (2180ms) 
 block [985/1787] : done (2181ms) 
 block [986/1787] : done (2139ms) 
 block [987/1787] : done (2147ms) 
 block [988/1787] : done (2163ms) 
 block [989/1787] : done (2159ms) 
 block [990/1787] : done (2177ms) 
 block [991/1787] : done (2143ms) 
 block [992/1787] : done (2144ms) 
 block [993/1787] : done (2114ms) 
 block [994/1787] : done (2139ms) 
 block [995/1787] : done (2129ms) 
 block [996/1787] : done (2147ms) 
 block [997/1787] : done (2175ms) 
 block [998/1787] : done (2153ms) 
 block [999/1787] : done (2118ms) 
 block [1000/1787] : done (2198ms) 
 block [1001/1787] : done (2192ms) 
 block [1002/1787] : done (2190ms) 
 block [1003/1787] : done (2173ms) 
 block [1004/1787] : done (2197ms) 
 block [1005/1787] : done (2247ms) 
 block [1006/1787] : done (2152ms) 
 block [1007/1787] : done (2171ms) 
 block [1008/1787] : done (2144ms) 
 block [1009/1787] : done (2097ms) 
 block [1010/1787] : done (2117ms) 
 block [1011/1787] : done (2185ms) 
 block [1012/1787] : done (2198ms) 
 block [1013/1787] : done (2128ms) 
 block [1014/1787] : done (2166ms) 
 block [1015/1787] : done (2138ms) 
 block [1016/1787] : done (2185ms) 
 block [1017/1787] : done (2131ms) 
 block [1018/1787] : done (2164ms) 
 block [1019/1787] : done (2160ms) 
 block [1020/1787] : done (2118ms) 
 block [1021/1787] : done (2122ms) 
 block [1022/1787] : done (2143ms) 
 block [1023/1787] : done (2163ms) 
 block [1024/1787] : done (2148ms) 
 block [1025/1787] : done (2137ms) 
 block [1026/1787] : done (2219ms) 
 block [1027/1787] : done (2249ms) 
 block [1028/1787] : done (2247ms) 
 block [1029/1787] : done (2279ms) 
 block [1030/1787] : done (2256ms) 
 block [1031/1787] : done (2202ms) 
 block [1032/1787] : done (2161ms) 
 block [1033/1787] : done (2304ms) 
 block [1034/1787] : done (2164ms) 
 block [1035/1787] : done (2327ms) 
 block [1036/1787] : done (2199ms) 
 block [1037/1787] : done (2148ms) 
 block [1038/1787] : done (2187ms) 
 block [1039/1787] : done (2214ms) 
 block [1040/1787] : done (2230ms) 
 block [1041/1787] : done (2241ms) 
 block [1042/1787] : done (2289ms) 
 block [1043/1787] : done (2206ms) 
 block [1044/1787] : done (2208ms) 
 block [1045/1787] : done (2204ms) 
 block [1046/1787] : done (2153ms) 
 block [1047/1787] : done (2105ms) 
 block [1048/1787] : done (2175ms) 
 block [1049/1787] : done (2221ms) 
 block [1050/1787] : done (2232ms) 
 block [1051/1787] : done (2155ms) 
 block [1052/1787] : done (2162ms) 
 block [1053/1787] : done (2140ms) 
 block [1054/1787] : done (2185ms) 
 block [1055/1787] : done (2178ms) 
 block [1056/1787] : done (2103ms) 
 block [1057/1787] : done (2194ms) 
 block [1058/1787] : done (2167ms) 
 block [1059/1787] : done (2215ms) 
 block [1060/1787] : done (2230ms) 
 block [1061/1787] : done (2304ms) 
 block [1062/1787] : done (2364ms) 
 block [1063/1787] : done (2281ms) 
 block [1064/1787] : done (2291ms) 
 block [1065/1787] : done (2343ms) 
 block [1066/1787] : done (2243ms) 
 block [1067/1787] : done (2323ms) 
 block [1068/1787] : done (2181ms) 
 block [1069/1787] : done (2116ms) 
 block [1070/1787] : done (2112ms) 
 block [1071/1787] : done (2091ms) 
 block [1072/1787] : done (2136ms) 
 block [1073/1787] : done (2173ms) 
 block [1074/1787] : done (2196ms) 
 block [1075/1787] : done (2301ms) 
 block [1076/1787] : done (2261ms) 
 block [1077/1787] : done (2208ms) 
 block [1078/1787] : done (2157ms) 
 block [1079/1787] : done (2164ms) 
 block [1080/1787] : done (2104ms) 
 block [1081/1787] : done (2125ms) 
 block [1082/1787] : done (2130ms) 
 block [1083/1787] : done (2168ms) 
 block [1084/1787] : done (2167ms) 
 block [1085/1787] : done (2091ms) 
 block [1086/1787] : done (2087ms) 
 block [1087/1787] : done (2231ms) 
 block [1088/1787] : done (2247ms) 
 block [1089/1787] : done (2211ms) 
 block [1090/1787] : done (2259ms) 
 block [1091/1787] : done (2288ms) 
 block [1092/1787] : done (2182ms) 
 block [1093/1787] : done (2173ms) 
 block [1094/1787] : done (2151ms) 
 block [1095/1787] : done (2266ms) 
 block [1096/1787] : done (2255ms) 
 block [1097/1787] : done (2317ms) 
 block [1098/1787] : done (2156ms) 
 block [1099/1787] : done (2131ms) 
 block [1100/1787] : done (2193ms) 
 block [1101/1787] : done (2200ms) 
 block [1102/1787] : done (2167ms) 
 block [1103/1787] : done (2171ms) 
 block [1104/1787] : done (2197ms) 
 block [1105/1787] : done (2202ms) 
 block [1106/1787] : done (2151ms) 
 block [1107/1787] : done (2116ms) 
 block [1108/1787] : done (2110ms) 
 block [1109/1787] : done (2125ms) 
 block [1110/1787] : done (2131ms) 
 block [1111/1787] : done (2247ms) 
 block [1112/1787] : done (2252ms) 
 block [1113/1787] : done (2231ms) 
 block [1114/1787] : done (2212ms) 
 block [1115/1787] : done (2206ms) 
 block [1116/1787] : done (2248ms) 
 block [1117/1787] : done (2191ms) 
 block [1118/1787] : done (2157ms) 
 block [1119/1787] : done (2165ms) 
 block [1120/1787] : done (2219ms) 
 block [1121/1787] : done (2217ms) 
 block [1122/1787] : done (2249ms) 
 block [1123/1787] : done (2198ms) 
 block [1124/1787] : done (2199ms) 
 block [1125/1787] : done (2110ms) 
 block [1126/1787] : done (2231ms) 
 block [1127/1787] : done (2138ms) 
 block [1128/1787] : done (2140ms) 
 block [1129/1787] : done (2174ms) 
 block [1130/1787] : done (2235ms) 
 block [1131/1787] : done (2254ms) 
 block [1132/1787] : done (2231ms) 
 block [1133/1787] : done (2316ms) 
 block [1134/1787] : done (2256ms) 
 block [1135/1787] : done (2207ms) 
 block [1136/1787] : done (2228ms) 
 block [1137/1787] : done (2141ms) 
 block [1138/1787] : done (2138ms) 
 block [1139/1787] : done (2137ms) 
 block [1140/1787] : done (2201ms) 
 block [1141/1787] : done (2259ms) 
 block [1142/1787] : done (2215ms) 
 block [1143/1787] : done (2211ms) 
 block [1144/1787] : done (2166ms) 
 block [1145/1787] : done (2181ms) 
 block [1146/1787] : done (2195ms) 
 block [1147/1787] : done (2118ms) 
 block [1148/1787] : done (2124ms) 
 block [1149/1787] : done (2110ms) 
 block [1150/1787] : done (2113ms) 
 block [1151/1787] : done (2136ms) 
 block [1152/1787] : done (2180ms) 
 block [1153/1787] : done (2161ms) 
 block [1154/1787] : done (2146ms) 
 block [1155/1787] : done (2260ms) 
 block [1156/1787] : done (2182ms) 
 block [1157/1787] : done (2156ms) 
 block [1158/1787] : done (2225ms) 
 block [1159/1787] : done (2105ms) 
 block [1160/1787] : done (2165ms) 
 block [1161/1787] : done (2197ms) 
 block [1162/1787] : done (2228ms) 
 block [1163/1787] : done (2303ms) 
 block [1164/1787] : done (2269ms) 
 block [1165/1787] : done (2260ms) 
 block [1166/1787] : done (2211ms) 
 block [1167/1787] : done (2186ms) 
 block [1168/1787] : done (2162ms) 
 block [1169/1787] : done (2186ms) 
 block [1170/1787] : done (2180ms) 
 block [1171/1787] : done (2211ms) 
 block [1172/1787] : done (2187ms) 
 block [1173/1787] : done (2108ms) 
 block [1174/1787] : done (2090ms) 
 block [1175/1787] : done (2128ms) 
 block [1176/1787] : done (2106ms) 
 block [1177/1787] : done (2178ms) 
 block [1178/1787] : done (2145ms) 
 block [1179/1787] : done (2124ms) 
 block [1180/1787] : done (2195ms) 
 block [1181/1787] : done (2178ms) 
 block [1182/1787] : done (2118ms) 
 block [1183/1787] : done (2196ms) 
 block [1184/1787] : done (2169ms) 
 block [1185/1787] : done (2147ms) 
 block [1186/1787] : done (2146ms) 
 block [1187/1787] : done (2106ms) 
 block [1188/1787] : done (2096ms) 
 block [1189/1787] : done (2076ms) 
 block [1190/1787] : done (2063ms) 
 block [1191/1787] : done (2080ms) 
 block [1192/1787] : done (2169ms) 
 block [1193/1787] : done (2170ms) 
 block [1194/1787] : done (2213ms) 
 block [1195/1787] : done (2189ms) 
 block [1196/1787] : done (2145ms) 
 block [1197/1787] : done (2091ms) 
 block [1198/1787] : done (2121ms) 
 block [1199/1787] : done (2166ms) 
 block [1200/1787] : done (2182ms) 
 block [1201/1787] : done (2036ms) 
 block [1202/1787] : done (2108ms) 
 block [1203/1787] : done (2205ms) 
 block [1204/1787] : done (2105ms) 
 block [1205/1787] : done (2216ms) 
 block [1206/1787] : done (2203ms) 
 block [1207/1787] : done (2207ms) 
 block [1208/1787] : done (2229ms) 
 block [1209/1787] : done (2247ms) 
 block [1210/1787] : done (2208ms) 
 block [1211/1787] : done (2180ms) 
 block [1212/1787] : done (2219ms) 
 block [1213/1787] : done (2228ms) 
 block [1214/1787] : done (2134ms) 
 block [1215/1787] : done (2171ms) 
 block [1216/1787] : done (2126ms) 
 block [1217/1787] : done (2148ms) 
 block [1218/1787] : done (2134ms) 
 block [1219/1787] : done (2173ms) 
 block [1220/1787] : done (2218ms) 
 block [1221/1787] : done (2139ms) 
 block [1222/1787] : done (2167ms) 
 block [1223/1787] : done (2155ms) 
 block [1224/1787] : done (2126ms) 
 block [1225/1787] : done (2201ms) 
 block [1226/1787] : done (2170ms) 
 block [1227/1787] : done (2187ms) 
 block [1228/1787] : done (2182ms) 
 block [1229/1787] : done (2167ms) 
 block [1230/1787] : done (2181ms) 
 block [1231/1787] : done (2140ms) 
 block [1232/1787] : done (2222ms) 
 block [1233/1787] : done (2193ms) 
 block [1234/1787] : done (2127ms) 
 block [1235/1787] : done (2127ms) 
 block [1236/1787] : done (2144ms) 
 block [1237/1787] : done (2091ms) 
 block [1238/1787] : done (2116ms) 
 block [1239/1787] : done (2133ms) 
 block [1240/1787] : done (2131ms) 
 block [1241/1787] : done (2118ms) 
 block [1242/1787] : done (2089ms) 
 block [1243/1787] : done (2092ms) 
 block [1244/1787] : done (2092ms) 
 block [1245/1787] : done (2185ms) 
 block [1246/1787] : done (2189ms) 
 block [1247/1787] : done (2199ms) 
 block [1248/1787] : done (2158ms) 
 block [1249/1787] : done (2121ms) 
 block [1250/1787] : done (2217ms) 
 block [1251/1787] : done (2200ms) 
 block [1252/1787] : done (2155ms) 
 block [1253/1787] : done (2228ms) 
 block [1254/1787] : done (2224ms) 
 block [1255/1787] : done (2193ms) 
 block [1256/1787] : done (2162ms) 
 block [1257/1787] : done (2205ms) 
 block [1258/1787] : done (2167ms) 
 block [1259/1787] : done (2164ms) 
 block [1260/1787] : done (2116ms) 
 block [1261/1787] : done (2243ms) 
 block [1262/1787] : done (2113ms) 
 block [1263/1787] : done (2201ms) 
 block [1264/1787] : done (2174ms) 
 block [1265/1787] : done (2180ms) 
 block [1266/1787] : done (2165ms) 
 block [1267/1787] : done (2156ms) 
 block [1268/1787] : done (2164ms) 
 block [1269/1787] : done (2114ms) 
 block [1270/1787] : done (2078ms) 
 block [1271/1787] : done (2076ms) 
 block [1272/1787] : done (2107ms) 
 block [1273/1787] : done (2092ms) 
 block [1274/1787] : done (2143ms) 
 block [1275/1787] : done (2143ms) 
 block [1276/1787] : done (2251ms) 
 block [1277/1787] : done (2168ms) 
 block [1278/1787] : done (2214ms) 
 block [1279/1787] : done (2211ms) 
 block [1280/1787] : done (2205ms) 
 block [1281/1787] : done (2138ms) 
 block [1282/1787] : done (2142ms) 
 block [1283/1787] : done (2152ms) 
 block [1284/1787] : done (2134ms) 
 block [1285/1787] : done (2089ms) 
 block [1286/1787] : done (2075ms) 
 block [1287/1787] : done (2112ms) 
 block [1288/1787] : done (2113ms) 
 block [1289/1787] : done (2097ms) 
 block [1290/1787] : done (2173ms) 
 block [1291/1787] : done (2114ms) 
 block [1292/1787] : done (2114ms) 
 block [1293/1787] : done (2086ms) 
 block [1294/1787] : done (2136ms) 
 block [1295/1787] : done (2115ms) 
 block [1296/1787] : done (2167ms) 
 block [1297/1787] : done (2148ms) 
 block [1298/1787] : done (2136ms) 
 block [1299/1787] : done (2176ms) 
 block [1300/1787] : done (2123ms) 
 block [1301/1787] : done (2108ms) 
 block [1302/1787] : done (2074ms) 
 block [1303/1787] : done (2121ms) 
 block [1304/1787] : done (2125ms) 
 block [1305/1787] : done (2157ms) 
 block [1306/1787] : done (2172ms) 
 block [1307/1787] : done (2174ms) 
 block [1308/1787] : done (2220ms) 
 block [1309/1787] : done (2227ms) 
 block [1310/1787] : done (2252ms) 
 block [1311/1787] : done (2253ms) 
 block [1312/1787] : done (2198ms) 
 block [1313/1787] : done (2236ms) 
 block [1314/1787] : done (2134ms) 
 block [1315/1787] : done (2108ms) 
 block [1316/1787] : done (2100ms) 
 block [1317/1787] : done (2117ms) 
 block [1318/1787] : done (2134ms) 
 block [1319/1787] : done (2184ms) 
 block [1320/1787] : done (2125ms) 
 block [1321/1787] : done (2138ms) 
 block [1322/1787] : done (2221ms) 
 block [1323/1787] : done (2160ms) 
 block [1324/1787] : done (2195ms) 
 block [1325/1787] : done (2120ms) 
 block [1326/1787] : done (2286ms) 
 block [1327/1787] : done (2154ms) 
 block [1328/1787] : done (2184ms) 
 block [1329/1787] : done (2130ms) 
 block [1330/1787] : done (2203ms) 
 block [1331/1787] : done (2175ms) 
 block [1332/1787] : done (2122ms) 
 block [1333/1787] : done (2110ms) 
 block [1334/1787] : done (2112ms) 
 block [1335/1787] : done (2164ms) 
 block [1336/1787] : done (2101ms) 
 block [1337/1787] : done (2153ms) 
 block [1338/1787] : done (2113ms) 
 block [1339/1787] : done (2120ms) 
 block [1340/1787] : done (2128ms) 
 block [1341/1787] : done (2146ms) 
 block [1342/1787] : done (2185ms) 
 block [1343/1787] : done (2134ms) 
 block [1344/1787] : done (2110ms) 
 block [1345/1787] : done (2128ms) 
 block [1346/1787] : done (2125ms) 
 block [1347/1787] : done (2076ms) 
 block [1348/1787] : done (2157ms) 
 block [1349/1787] : done (2129ms) 
 block [1350/1787] : done (2145ms) 
 block [1351/1787] : done (2131ms) 
 block [1352/1787] : done (2086ms) 
 block [1353/1787] : done (2138ms) 
 block [1354/1787] : done (2183ms) 
 block [1355/1787] : done (2151ms) 
 block [1356/1787] : done (2115ms) 
 block [1357/1787] : done (2113ms) 
 block [1358/1787] : done (2131ms) 
 block [1359/1787] : done (2149ms) 
 block [1360/1787] : done (2167ms) 
 block [1361/1787] : done (2178ms) 
 block [1362/1787] : done (2158ms) 
 block [1363/1787] : done (2114ms) 
 block [1364/1787] : done (2157ms) 
 block [1365/1787] : done (2175ms) 
 block [1366/1787] : done (2191ms) 
 block [1367/1787] : done (2125ms) 
 block [1368/1787] : done (2178ms) 
 block [1369/1787] : done (2195ms) 
 block [1370/1787] : done (2266ms) 
 block [1371/1787] : done (2321ms) 
 block [1372/1787] : done (2190ms) 
 block [1373/1787] : done (2103ms) 
 block [1374/1787] : done (2124ms) 
 block [1375/1787] : done (2137ms) 
 block [1376/1787] : done (2164ms) 
 block [1377/1787] : done (2114ms) 
 block [1378/1787] : done (2161ms) 
 block [1379/1787] : done (2142ms) 
 block [1380/1787] : done (2193ms) 
 block [1381/1787] : done (2143ms) 
 block [1382/1787] : done (2158ms) 
 block [1383/1787] : done (2143ms) 
 block [1384/1787] : done (2153ms) 
 block [1385/1787] : done (2152ms) 
 block [1386/1787] : done (2176ms) 
 block [1387/1787] : done (2258ms) 
 block [1388/1787] : done (2140ms) 
 block [1389/1787] : done (2118ms) 
 block [1390/1787] : done (2155ms) 
 block [1391/1787] : done (2156ms) 
 block [1392/1787] : done (2177ms) 
 block [1393/1787] : done (2197ms) 
 block [1394/1787] : done (2182ms) 
 block [1395/1787] : done (2135ms) 
 block [1396/1787] : done (2147ms) 
 block [1397/1787] : done (2166ms) 
 block [1398/1787] : done (2178ms) 
 block [1399/1787] : done (2130ms) 
 block [1400/1787] : done (2079ms) 
 block [1401/1787] : done (2144ms) 
 block [1402/1787] : done (2119ms) 
 block [1403/1787] : done (2130ms) 
 block [1404/1787] : done (2124ms) 
 block [1405/1787] : done (2110ms) 
 block [1406/1787] : done (2137ms) 
 block [1407/1787] : done (2160ms) 
 block [1408/1787] : done (2216ms) 
 block [1409/1787] : done (2083ms) 
 block [1410/1787] : done (2137ms) 
 block [1411/1787] : done (2070ms) 
 block [1412/1787] : done (2094ms) 
 block [1413/1787] : done (2138ms) 
 block [1414/1787] : done (2127ms) 
 block [1415/1787] : done (2118ms) 
 block [1416/1787] : done (2138ms) 
 block [1417/1787] : done (2148ms) 
 block [1418/1787] : done (2162ms) 
 block [1419/1787] : done (2120ms) 
 block [1420/1787] : done (2147ms) 
 block [1421/1787] : done (2125ms) 
 block [1422/1787] : done (2128ms) 
 block [1423/1787] : done (2133ms) 
 block [1424/1787] : done (2107ms) 
 block [1425/1787] : done (2111ms) 
 block [1426/1787] : done (2127ms) 
 block [1427/1787] : done (2146ms) 
 block [1428/1787] : done (2233ms) 
 block [1429/1787] : done (2141ms) 
 block [1430/1787] : done (2130ms) 
 block [1431/1787] : done (2224ms) 
 block [1432/1787] : done (2235ms) 
 block [1433/1787] : done (2136ms) 
 block [1434/1787] : done (2127ms) 
 block [1435/1787] : done (2198ms) 
 block [1436/1787] : done (2181ms) 
 block [1437/1787] : done (2218ms) 
 block [1438/1787] : done (2130ms) 
 block [1439/1787] : done (2176ms) 
 block [1440/1787] : done (2132ms) 
 block [1441/1787] : done (2142ms) 
 block [1442/1787] : done (2160ms) 
 block [1443/1787] : done (2174ms) 
 block [1444/1787] : done (2169ms) 
 block [1445/1787] : done (2247ms) 
 block [1446/1787] : done (2164ms) 
 block [1447/1787] : done (2162ms) 
 block [1448/1787] : done (2169ms) 
 block [1449/1787] : done (2210ms) 
 block [1450/1787] : done (2185ms) 
 block [1451/1787] : done (2151ms) 
 block [1452/1787] : done (2175ms) 
 block [1453/1787] : done (2185ms) 
 block [1454/1787] : done (2194ms) 
 block [1455/1787] : done (2162ms) 
 block [1456/1787] : done (2163ms) 
 block [1457/1787] : done (2179ms) 
 block [1458/1787] : done (2168ms) 
 block [1459/1787] : done (2194ms) 
 block [1460/1787] : done (2194ms) 
 block [1461/1787] : done (2160ms) 
 block [1462/1787] : done (2168ms) 
 block [1463/1787] : done (2063ms) 
 block [1464/1787] : done (2077ms) 
 block [1465/1787] : done (2084ms) 
 block [1466/1787] : done (2112ms) 
 block [1467/1787] : done (2103ms) 
 block [1468/1787] : done (2135ms) 
 block [1469/1787] : done (2107ms) 
 block [1470/1787] : done (2108ms) 
 block [1471/1787] : done (2175ms) 
 block [1472/1787] : done (2197ms) 
 block [1473/1787] : done (2167ms) 
 block [1474/1787] : done (2172ms) 
 block [1475/1787] : done (2126ms) 
 block [1476/1787] : done (2100ms) 
 block [1477/1787] : done (2113ms) 
 block [1478/1787] : done (2118ms) 
 block [1479/1787] : done (2132ms) 
 block [1480/1787] : done (2116ms) 
 block [1481/1787] : done (2217ms) 
 block [1482/1787] : done (2147ms) 
 block [1483/1787] : done (2188ms) 
 block [1484/1787] : done (2168ms) 
 block [1485/1787] : done (2314ms) 
 block [1486/1787] : done (2360ms) 
 block [1487/1787] : done (2284ms) 
 block [1488/1787] : done (2232ms) 
 block [1489/1787] : done (2220ms) 
 block [1490/1787] : done (2199ms) 
 block [1491/1787] : done (2100ms) 
 block [1492/1787] : done (2228ms) 
 block [1493/1787] : done (2229ms) 
 block [1494/1787] : done (2146ms) 
 block [1495/1787] : done (2135ms) 
 block [1496/1787] : done (2167ms) 
 block [1497/1787] : done (2126ms) 
 block [1498/1787] : done (2195ms) 
 block [1499/1787] : done (2268ms) 
 block [1500/1787] : done (2220ms) 
 block [1501/1787] : done (2125ms) 
 block [1502/1787] : done (2185ms) 
 block [1503/1787] : done (2184ms) 
 block [1504/1787] : done (2172ms) 
 block [1505/1787] : done (2100ms) 
 block [1506/1787] : done (2097ms) 
 block [1507/1787] : done (2117ms) 
 block [1508/1787] : done (2230ms) 
 block [1509/1787] : done (2150ms) 
 block [1510/1787] : done (2192ms) 
 block [1511/1787] : done (2075ms) 
 block [1512/1787] : done (2082ms) 
 block [1513/1787] : done (2171ms) 
 block [1514/1787] : done (2092ms) 
 block [1515/1787] : done (2091ms) 
 block [1516/1787] : done (2068ms) 
 block [1517/1787] : done (2064ms) 
 block [1518/1787] : done (2114ms) 
 block [1519/1787] : done (2104ms) 
 block [1520/1787] : done (2173ms) 
 block [1521/1787] : done (2178ms) 
 block [1522/1787] : done (2105ms) 
 block [1523/1787] : done (2147ms) 
 block [1524/1787] : done (2098ms) 
 block [1525/1787] : done (2110ms) 
 block [1526/1787] : done (2110ms) 
 block [1527/1787] : done (2094ms) 
 block [1528/1787] : done (2071ms) 
 block [1529/1787] : done (2090ms) 
 block [1530/1787] : done (2093ms) 
 block [1531/1787] : done (2117ms) 
 block [1532/1787] : done (2074ms) 
 block [1533/1787] : done (2049ms) 
 block [1534/1787] : done (2063ms) 
 block [1535/1787] : done (2043ms) 
 block [1536/1787] : done (2062ms) 
 block [1537/1787] : done (2056ms) 
 block [1538/1787] : done (2076ms) 
 block [1539/1787] : done (2125ms) 
 block [1540/1787] : done (2118ms) 
 block [1541/1787] : done (2132ms) 
 block [1542/1787] : done (2147ms) 
 block [1543/1787] : done (2166ms) 
 block [1544/1787] : done (2129ms) 
 block [1545/1787] : done (2160ms) 
 block [1546/1787] : done (2074ms) 
 block [1547/1787] : done (2090ms) 
 block [1548/1787] : done (2086ms) 
 block [1549/1787] : done (2098ms) 
 block [1550/1787] : done (2067ms) 
 block [1551/1787] : done (2073ms) 
 block [1552/1787] : done (2109ms) 
 block [1553/1787] : done (2178ms) 
 block [1554/1787] : done (2081ms) 
 block [1555/1787] : done (2060ms) 
 block [1556/1787] : done (2065ms) 
 block [1557/1787] : done (2083ms) 
 block [1558/1787] : done (2130ms) 
 block [1559/1787] : done (2156ms) 
 block [1560/1787] : done (2083ms) 
 block [1561/1787] : done (2069ms) 
 block [1562/1787] : done (2083ms) 
 block [1563/1787] : done (2104ms) 
 block [1564/1787] : done (2081ms) 
 block [1565/1787] : done (2107ms) 
 block [1566/1787] : done (2199ms) 
 block [1567/1787] : done (2132ms) 
 block [1568/1787] : done (2186ms) 
 block [1569/1787] : done (2163ms) 
 block [1570/1787] : done (2113ms) 
 block [1571/1787] : done (2165ms) 
 block [1572/1787] : done (2115ms) 
 block [1573/1787] : done (2128ms) 
 block [1574/1787] : done (2093ms) 
 block [1575/1787] : done (2096ms) 
 block [1576/1787] : done (2097ms) 
 block [1577/1787] : done (2080ms) 
 block [1578/1787] : done (2155ms) 
 block [1579/1787] : done (2129ms) 
 block [1580/1787] : done (2126ms) 
 block [1581/1787] : done (2124ms) 
 block [1582/1787] : done (2149ms) 
 block [1583/1787] : done (2114ms) 
 block [1584/1787] : done (2060ms) 
 block [1585/1787] : done (2070ms) 
 block [1586/1787] : done (2078ms) 
 block [1587/1787] : done (2097ms) 
 block [1588/1787] : done (2127ms) 
 block [1589/1787] : done (2105ms) 
 block [1590/1787] : done (2125ms) 
 block [1591/1787] : done (2111ms) 
 block [1592/1787] : done (2096ms) 
 block [1593/1787] : done (2115ms) 
 block [1594/1787] : done (2137ms) 
 block [1595/1787] : done (2134ms) 
 block [1596/1787] : done (2094ms) 
 block [1597/1787] : done (2040ms) 
 block [1598/1787] : done (2016ms) 
 block [1599/1787] : done (2043ms) 
 block [1600/1787] : done (2055ms) 
 block [1601/1787] : done (2069ms) 
 block [1602/1787] : done (2089ms) 
 block [1603/1787] : done (2182ms) 
 block [1604/1787] : done (2169ms) 
 block [1605/1787] : done (2103ms) 
 block [1606/1787] : done (2058ms) 
 block [1607/1787] : done (2117ms) 
 block [1608/1787] : done (2151ms) 
 block [1609/1787] : done (2070ms) 
 block [1610/1787] : done (2082ms) 
 block [1611/1787] : done (2102ms) 
 block [1612/1787] : done (2102ms) 
 block [1613/1787] : done (2128ms) 
 block [1614/1787] : done (2121ms) 
 block [1615/1787] : done (2129ms) 
 block [1616/1787] : done (2174ms) 
 block [1617/1787] : done (2125ms) 
 block [1618/1787] : done (2112ms) 
 block [1619/1787] : done (2148ms) 
 block [1620/1787] : done (2053ms) 
 block [1621/1787] : done (2058ms) 
 block [1622/1787] : done (2095ms) 
 block [1623/1787] : done (2124ms) 
 block [1624/1787] : done (2164ms) 
 block [1625/1787] : done (2132ms) 
 block [1626/1787] : done (2086ms) 
 block [1627/1787] : done (2117ms) 
 block [1628/1787] : done (2109ms) 
 block [1629/1787] : done (2154ms) 
 block [1630/1787] : done (2132ms) 
 block [1631/1787] : done (2164ms) 
 block [1632/1787] : done (2130ms) 
 block [1633/1787] : done (2195ms) 
 block [1634/1787] : done (2216ms) 
 block [1635/1787] : done (2149ms) 
 block [1636/1787] : done (2194ms) 
 block [1637/1787] : done (2173ms) 
 block [1638/1787] : done (2241ms) 
 block [1639/1787] : done (2259ms) 
 block [1640/1787] : done (2170ms) 
 block [1641/1787] : done (2262ms) 
 block [1642/1787] : done (2169ms) 
 block [1643/1787] : done (2159ms) 
 block [1644/1787] : done (2208ms) 
 block [1645/1787] : done (2152ms) 
 block [1646/1787] : done (2202ms) 
 block [1647/1787] : done (2166ms) 
 block [1648/1787] : done (2210ms) 
 block [1649/1787] : done (2121ms) 
 block [1650/1787] : done (2161ms) 
 block [1651/1787] : done (2151ms) 
 block [1652/1787] : done (2182ms) 
 block [1653/1787] : done (2152ms) 
 block [1654/1787] : done (2139ms) 
 block [1655/1787] : done (2119ms) 
 block [1656/1787] : done (2113ms) 
 block [1657/1787] : done (2134ms) 
 block [1658/1787] : done (2174ms) 
 block [1659/1787] : done (2173ms) 
 block [1660/1787] : done (2151ms) 
 block [1661/1787] : done (2094ms) 
 block [1662/1787] : done (2164ms) 
 block [1663/1787] : done (2168ms) 
 block [1664/1787] : done (2171ms) 
 block [1665/1787] : done (2154ms) 
 block [1666/1787] : done (2177ms) 
 block [1667/1787] : done (2163ms) 
 block [1668/1787] : done (2217ms) 
 block [1669/1787] : done (2214ms) 
 block [1670/1787] : done (2165ms) 
 block [1671/1787] : done (2165ms) 
 block [1672/1787] : done (2162ms) 
 block [1673/1787] : done (2141ms) 
 block [1674/1787] : done (2213ms) 
 block [1675/1787] : done (2223ms) 
 block [1676/1787] : done (2235ms) 
 block [1677/1787] : done (2174ms) 
 block [1678/1787] : done (2157ms) 
 block [1679/1787] : done (2157ms) 
 block [1680/1787] : done (2205ms) 
 block [1681/1787] : done (2168ms) 
 block [1682/1787] : done (2184ms) 
 block [1683/1787] : done (2211ms) 
 block [1684/1787] : done (2147ms) 
 block [1685/1787] : done (2150ms) 
 block [1686/1787] : done (2233ms) 
 block [1687/1787] : done (2133ms) 
 block [1688/1787] : done (2133ms) 
 block [1689/1787] : done (2163ms) 
 block [1690/1787] : done (2114ms) 
 block [1691/1787] : done (2193ms) 
 block [1692/1787] : done (2171ms) 
 block [1693/1787] : done (2116ms) 
 block [1694/1787] : done (2102ms) 
 block [1695/1787] : done (2102ms) 
 block [1696/1787] : done (2144ms) 
 block [1697/1787] : done (2085ms) 
 block [1698/1787] : done (2112ms) 
 block [1699/1787] : done (2113ms) 
 block [1700/1787] : done (2101ms) 
 block [1701/1787] : done (2130ms) 
 block [1702/1787] : done (2160ms) 
 block [1703/1787] : done (2139ms) 
 block [1704/1787] : done (2175ms) 
 block [1705/1787] : done (2131ms) 
 block [1706/1787] : done (2112ms) 
 block [1707/1787] : done (2205ms) 
 block [1708/1787] : done (2181ms) 
 block [1709/1787] : done (2186ms) 
 block [1710/1787] : done (2245ms) 
 block [1711/1787] : done (2311ms) 
 block [1712/1787] : done (2155ms) 
 block [1713/1787] : done (2147ms) 
 block [1714/1787] : done (2222ms) 
 block [1715/1787] : done (2178ms) 
 block [1716/1787] : done (2095ms) 
 block [1717/1787] : done (2221ms) 
 block [1718/1787] : done (2292ms) 
 block [1719/1787] : done (2196ms) 
 block [1720/1787] : done (2218ms) 
 block [1721/1787] : done (2115ms) 
 block [1722/1787] : done (2186ms) 
 block [1723/1787] : done (2175ms) 
 block [1724/1787] : done (2227ms) 
 block [1725/1787] : done (2195ms) 
 block [1726/1787] : done (2238ms) 
 block [1727/1787] : done (2177ms) 
 block [1728/1787] : done (2185ms) 
 block [1729/1787] : done (2228ms) 
 block [1730/1787] : done (2188ms) 
 block [1731/1787] : done (2176ms) 
 block [1732/1787] : done (2165ms) 
 block [1733/1787] : done (2269ms) 
 block [1734/1787] : done (2150ms) 
 block [1735/1787] : done (2136ms) 
 block [1736/1787] : done (2117ms) 
 block [1737/1787] : done (2155ms) 
 block [1738/1787] : done (2188ms) 
 block [1739/1787] : done (2282ms) 
 block [1740/1787] : done (2227ms) 
 block [1741/1787] : done (2188ms) 
 block [1742/1787] : done (2218ms) 
 block [1743/1787] : done (2214ms) 
 block [1744/1787] : done (2219ms) 
 block [1745/1787] : done (2146ms) 
 block [1746/1787] : done (2140ms) 
 block [1747/1787] : done (2169ms) 
 block [1748/1787] : done (2148ms) 
 block [1749/1787] : done (2155ms) 
 block [1750/1787] : done (2162ms) 
 block [1751/1787] : done (2209ms) 
 block [1752/1787] : done (2230ms) 
 block [1753/1787] : done (2289ms) 
 block [1754/1787] : done (2135ms) 
 block [1755/1787] : done (2114ms) 
 block [1756/1787] : done (2163ms) 
 block [1757/1787] : done (2170ms) 
 block [1758/1787] : done (2143ms) 
 block [1759/1787] : done (2102ms) 
 block [1760/1787] : done (2111ms) 
 block [1761/1787] : done (2107ms) 
 block [1762/1787] : done (2241ms) 
 block [1763/1787] : done (2170ms) 
 block [1764/1787] : done (2086ms) 
 block [1765/1787] : done (2118ms) 
 block [1766/1787] : done (2106ms) 
 block [1767/1787] : done (2134ms) 
 block [1768/1787] : done (2282ms) 
 block [1769/1787] : done (2213ms) 
 block [1770/1787] : done (2252ms) 
 block [1771/1787] : done (2250ms) 
 block [1772/1787] : done (2195ms) 
 block [1773/1787] : done (2184ms) 
 block [1774/1787] : done (2222ms) 
 block [1775/1787] : done (2381ms) 
 block [1776/1787] : done (2168ms) 
 block [1777/1787] : done (2142ms) 
 block [1778/1787] : done (2201ms) 
 block [1779/1787] : done (2227ms) 
 block [1780/1787] : done (2262ms) 
 block [1781/1787] : done (2242ms) 
 block [1782/1787] : done (2399ms) 
 block [1783/1787] : done (2194ms) 
 block [1784/1787] : done (2221ms) 
 block [1785/1787] : done (2171ms) 
 block [1786/1787] : done (2221ms) 
 block [1787/1787] : done (2026ms) 

Association results stored separately for each trait in files : 
* [result/06_step2/sig_weight_eur_step2.chr8_eur_SIG0_AUC.regenie]
* [result/06_step2/sig_weight_eur_step2.chr8_eur_SIG1_AUC.regenie]
* [result/06_step2/sig_weight_eur_step2.chr8_eur_SIG2_AUC.regenie]
* [result/06_step2/sig_weight_eur_step2.chr8_eur_SIG3_AUC.regenie]
* [result/06_step2/sig_weight_eur_step2.chr8_eur_SIG4_AUC.regenie]
* [result/06_step2/sig_weight_eur_step2.chr8_eur_SIG5_AUC.regenie]
* [result/06_step2/sig_weight_eur_step2.chr8_eur_SIG6_AUC.regenie]
* [result/06_step2/sig_weight_eur_step2.chr8_eur_SIG7_AUC.regenie]
* [result/06_step2/sig_weight_eur_step2.chr8_eur_SIG8_AUC.regenie]
* [result/06_step2/sig_weight_eur_step2.chr8_eur_SIG9_AUC.regenie]
* [result/06_step2/sig_weight_eur_step2.chr8_eur_SIG10_AUC.regenie]
* [result/06_step2/sig_weight_eur_step2.chr8_eur_SIG11_AUC.regenie]
* [result/06_step2/sig_weight_eur_step2.chr8_eur_SIG12_AUC.regenie]
* [result/06_step2/sig_weight_eur_step2.chr8_eur_SIG13_AUC.regenie]
* [result/06_step2/sig_weight_eur_step2.chr8_eur_SIG14_AUC.regenie]
* [result/06_step2/sig_weight_eur_step2.chr8_eur_SIG15_AUC.regenie]
* [result/06_step2/sig_weight_eur_step2.chr8_eur_SIG16_AUC.regenie]
* [result/06_step2/sig_weight_eur_step2.chr8_eur_SIG17_AUC.regenie]
* [result/06_step2/sig_weight_eur_step2.chr8_eur_SIG18_AUC.regenie]
* [result/06_step2/sig_weight_eur_step2.chr8_eur_SIG19_AUC.regenie]
* [result/06_step2/sig_weight_eur_step2.chr8_eur_SIG20_AUC.regenie]

Number of ignored tests due to low MAC or info score : 0

Elapsed time : 3953.95s
End time: Wed Dec 17 08:11:39 2025

