Start time: Wed Dec 17 07:05:47 2025

              |=============================|
              |      REGENIE v3.2.5.gz      |
              |=============================|

Copyright (c) 2020-2022 Joelle Mbatchou, Andrey Ziyatdinov and Jonathan Marchini.
Distributed under the MIT License.
Compiled with Boost Iostream library.
Using Intel MKL with Eigen.

Log of output saved in file : result/06_step2/sig_weight_eur_step2.chr18_eur.log

Options in effect:
  --step 2 \
  --bgen /broad/ukbb/imputed_v3/ukb_imp_chr18_v3.bgen \
  --sample /medpop/esp2/pradeep/UKBiobank/v3data/ukb7089_imp_chr3_v3_s487395.sample \
  --ref-first \
  --extract ../data/step2/var.chr18_eur.list.snplist \
  --keep ../data/sample_list_eur.txt \
  --covarFile ../data/sig_weight_cov_file.tsv \
  --phenoFile /medpop/esp2/tnakao/analyses/projects/collab/Sarah_signature_weights_GWAS/import/signature_auc_phenotypes_last.txt \
  --bsize 200 \
  --threads 4 \
  --qt \
  --catCovarList genotyping_array,Inferred_Gender \
  --pred result/04_step1/sig_weight_eur_step1_pred.list \
  --minINFO 0.7 \
  --out result/06_step2/sig_weight_eur_step2.chr18_eur

Association testing mode with fast multithreading using OpenMP
 * bgen             : [/broad/ukbb/imputed_v3/ukb_imp_chr18_v3.bgen]
   -summary : bgen file (v1.2 layout, zlib compressed) with 487409 anonymous samples and 2599579 variants with 8-bit encoding.
   -index bgi file [/broad/ukbb/imputed_v3/ukb_imp_chr18_v3.bgen.bgi]
   -keeping variants specified by --extract
   -number of variants remaining in the analysis = 181066
   -sample file: /medpop/esp2/pradeep/UKBiobank/v3data/ukb7089_imp_chr3_v3_s487395.sample
   -keeping only individuals specified by --keep
   -number of genotyped individuals remaining in the analysis = 361171
 * phenotypes       : [/medpop/esp2/tnakao/analyses/projects/collab/Sarah_signature_weights_GWAS/import/signature_auc_phenotypes_last.txt] n_pheno = 21
   -number of phenotyped individuals  = 361171
 * covariates       : [../data/sig_weight_cov_file.tsv] n_cov = 13
   -number of individuals with covariate data = 361171
 * number of individuals used in analysis = 361171
 * number of observations for each trait:
   - 'SIG0_AUC': 361171 observations
   - 'SIG1_AUC': 361171 observations
   - 'SIG2_AUC': 361171 observations
   - 'SIG3_AUC': 361171 observations
   - 'SIG4_AUC': 361171 observations
   - 'SIG5_AUC': 361171 observations
   - 'SIG6_AUC': 361171 observations
   - 'SIG7_AUC': 361171 observations
   - 'SIG8_AUC': 361171 observations
   - 'SIG9_AUC': 361171 observations
   - 'SIG10_AUC': 361171 observations
   - 'SIG11_AUC': 361171 observations
   - 'SIG12_AUC': 361171 observations
   - 'SIG13_AUC': 361171 observations
   - 'SIG14_AUC': 361171 observations
   - 'SIG15_AUC': 361171 observations
   - 'SIG16_AUC': 361171 observations
   - 'SIG17_AUC': 361171 observations
   - 'SIG18_AUC': 361171 observations
   - 'SIG19_AUC': 361171 observations
   - 'SIG20_AUC': 361171 observations
 * LOCO predictions : [result/04_step1/sig_weight_eur_step1_pred.list]
   -file [/medpop/esp2/tnakao/analyses/projects/collab/Sarah_signature_weights_GWAS/96_last_250319/result/04_step1/sig_weight_eur_step1_1.loco] for phenotype 'SIG0_AUC'
   -file [/medpop/esp2/tnakao/analyses/projects/collab/Sarah_signature_weights_GWAS/96_last_250319/result/04_step1/sig_weight_eur_step1_2.loco] for phenotype 'SIG1_AUC'
   -file [/medpop/esp2/tnakao/analyses/projects/collab/Sarah_signature_weights_GWAS/96_last_250319/result/04_step1/sig_weight_eur_step1_3.loco] for phenotype 'SIG2_AUC'
   -file [/medpop/esp2/tnakao/analyses/projects/collab/Sarah_signature_weights_GWAS/96_last_250319/result/04_step1/sig_weight_eur_step1_4.loco] for phenotype 'SIG3_AUC'
   -file [/medpop/esp2/tnakao/analyses/projects/collab/Sarah_signature_weights_GWAS/96_last_250319/result/04_step1/sig_weight_eur_step1_5.loco] for phenotype 'SIG4_AUC'
   -file [/medpop/esp2/tnakao/analyses/projects/collab/Sarah_signature_weights_GWAS/96_last_250319/result/04_step1/sig_weight_eur_step1_6.loco] for phenotype 'SIG5_AUC'
   -file [/medpop/esp2/tnakao/analyses/projects/collab/Sarah_signature_weights_GWAS/96_last_250319/result/04_step1/sig_weight_eur_step1_7.loco] for phenotype 'SIG6_AUC'
   -file [/medpop/esp2/tnakao/analyses/projects/collab/Sarah_signature_weights_GWAS/96_last_250319/result/04_step1/sig_weight_eur_step1_8.loco] for phenotype 'SIG7_AUC'
   -file [/medpop/esp2/tnakao/analyses/projects/collab/Sarah_signature_weights_GWAS/96_last_250319/result/04_step1/sig_weight_eur_step1_9.loco] for phenotype 'SIG8_AUC'
   -file [/medpop/esp2/tnakao/analyses/projects/collab/Sarah_signature_weights_GWAS/96_last_250319/result/04_step1/sig_weight_eur_step1_10.loco] for phenotype 'SIG9_AUC'
   -file [/medpop/esp2/tnakao/analyses/projects/collab/Sarah_signature_weights_GWAS/96_last_250319/result/04_step1/sig_weight_eur_step1_11.loco] for phenotype 'SIG10_AUC'
   -file [/medpop/esp2/tnakao/analyses/projects/collab/Sarah_signature_weights_GWAS/96_last_250319/result/04_step1/sig_weight_eur_step1_12.loco] for phenotype 'SIG11_AUC'
   -file [/medpop/esp2/tnakao/analyses/projects/collab/Sarah_signature_weights_GWAS/96_last_250319/result/04_step1/sig_weight_eur_step1_13.loco] for phenotype 'SIG12_AUC'
   -file [/medpop/esp2/tnakao/analyses/projects/collab/Sarah_signature_weights_GWAS/96_last_250319/result/04_step1/sig_weight_eur_step1_14.loco] for phenotype 'SIG13_AUC'
   -file [/medpop/esp2/tnakao/analyses/projects/collab/Sarah_signature_weights_GWAS/96_last_250319/result/04_step1/sig_weight_eur_step1_15.loco] for phenotype 'SIG14_AUC'
   -file [/medpop/esp2/tnakao/analyses/projects/collab/Sarah_signature_weights_GWAS/96_last_250319/result/04_step1/sig_weight_eur_step1_16.loco] for phenotype 'SIG15_AUC'
   -file [/medpop/esp2/tnakao/analyses/projects/collab/Sarah_signature_weights_GWAS/96_last_250319/result/04_step1/sig_weight_eur_step1_17.loco] for phenotype 'SIG16_AUC'
   -file [/medpop/esp2/tnakao/analyses/projects/collab/Sarah_signature_weights_GWAS/96_last_250319/result/04_step1/sig_weight_eur_step1_18.loco] for phenotype 'SIG17_AUC'
   -file [/medpop/esp2/tnakao/analyses/projects/collab/Sarah_signature_weights_GWAS/96_last_250319/result/04_step1/sig_weight_eur_step1_19.loco] for phenotype 'SIG18_AUC'
   -file [/medpop/esp2/tnakao/analyses/projects/collab/Sarah_signature_weights_GWAS/96_last_250319/result/04_step1/sig_weight_eur_step1_20.loco] for phenotype 'SIG19_AUC'
   -file [/medpop/esp2/tnakao/analyses/projects/collab/Sarah_signature_weights_GWAS/96_last_250319/result/04_step1/sig_weight_eur_step1_21.loco] for phenotype 'SIG20_AUC'
   -residualizing and scaling phenotypes...done (54ms) 
 * # threads        : [4]
 * block size       : [200]
 * # blocks         : [906]
 * approximate memory usage : 2GB
 * using minimum MAC of 5 (variants with lower MAC are ignored)
 * using minimum imputation info score of 0.7 (variants with lower info score are ignored)

Chromosome 18 [906 blocks in total]
   -reading loco predictions for the chromosome...done (10320ms) 
 block [1/906] : done (2074ms) 
 block [2/906] : done (1945ms) 
 block [3/906] : done (1975ms) 
 block [4/906] : done (1912ms) 
 block [5/906] : done (1903ms) 
 block [6/906] : done (1946ms) 
 block [7/906] : done (1965ms) 
 block [8/906] : done (1954ms) 
 block [9/906] : done (1966ms) 
 block [10/906] : done (2031ms) 
 block [11/906] : done (2043ms) 
 block [12/906] : done (2026ms) 
 block [13/906] : done (1968ms) 
 block [14/906] : done (1972ms) 
 block [15/906] : done (2028ms) 
 block [16/906] : done (2049ms) 
 block [17/906] : done (1998ms) 
 block [18/906] : done (2001ms) 
 block [19/906] : done (2013ms) 
 block [20/906] : done (1947ms) 
 block [21/906] : done (1993ms) 
 block [22/906] : done (1984ms) 
 block [23/906] : done (1982ms) 
 block [24/906] : done (1936ms) 
 block [25/906] : done (2057ms) 
 block [26/906] : done (1966ms) 
 block [27/906] : done (1990ms) 
 block [28/906] : done (2045ms) 
 block [29/906] : done (2101ms) 
 block [30/906] : done (1998ms) 
 block [31/906] : done (2102ms) 
 block [32/906] : done (1996ms) 
 block [33/906] : done (2078ms) 
 block [34/906] : done (2026ms) 
 block [35/906] : done (1986ms) 
 block [36/906] : done (2188ms) 
 block [37/906] : done (2051ms) 
 block [38/906] : done (2085ms) 
 block [39/906] : done (2041ms) 
 block [40/906] : done (2068ms) 
 block [41/906] : done (2166ms) 
 block [42/906] : done (2062ms) 
 block [43/906] : done (2132ms) 
 block [44/906] : done (2044ms) 
 block [45/906] : done (2110ms) 
 block [46/906] : done (2017ms) 
 block [47/906] : done (2111ms) 
 block [48/906] : done (2032ms) 
 block [49/906] : done (2244ms) 
 block [50/906] : done (2079ms) 
 block [51/906] : done (2038ms) 
 block [52/906] : done (2031ms) 
 block [53/906] : done (1954ms) 
 block [54/906] : done (2016ms) 
 block [55/906] : done (2069ms) 
 block [56/906] : done (2193ms) 
 block [57/906] : done (2043ms) 
 block [58/906] : done (1987ms) 
 block [59/906] : done (2144ms) 
 block [60/906] : done (2010ms) 
 block [61/906] : done (2300ms) 
 block [62/906] : done (2001ms) 
 block [63/906] : done (2082ms) 
 block [64/906] : done (2151ms) 
 block [65/906] : done (1993ms) 
 block [66/906] : done (1975ms) 
 block [67/906] : done (2025ms) 
 block [68/906] : done (1998ms) 
 block [69/906] : done (2035ms) 
 block [70/906] : done (1984ms) 
 block [71/906] : done (2072ms) 
 block [72/906] : done (1977ms) 
 block [73/906] : done (2129ms) 
 block [74/906] : done (2075ms) 
 block [75/906] : done (2008ms) 
 block [76/906] : done (2050ms) 
 block [77/906] : done (2063ms) 
 block [78/906] : done (2209ms) 
 block [79/906] : done (2010ms) 
 block [80/906] : done (2033ms) 
 block [81/906] : done (2085ms) 
 block [82/906] : done (1986ms) 
 block [83/906] : done (2134ms) 
 block [84/906] : done (2012ms) 
 block [85/906] : done (2182ms) 
 block [86/906] : done (1990ms) 
 block [87/906] : done (2017ms) 
 block [88/906] : done (2049ms) 
 block [89/906] : done (1969ms) 
 block [90/906] : done (1948ms) 
 block [91/906] : done (1954ms) 
 block [92/906] : done (2086ms) 
 block [93/906] : done (2058ms) 
 block [94/906] : done (2137ms) 
 block [95/906] : done (2104ms) 
 block [96/906] : done (2230ms) 
 block [97/906] : done (2089ms) 
 block [98/906] : done (2753ms) 
 block [99/906] : done (2385ms) 
 block [100/906] : done (2397ms) 
 block [101/906] : done (2244ms) 
 block [102/906] : done (2272ms) 
 block [103/906] : done (2140ms) 
 block [104/906] : done (2212ms) 
 block [105/906] : done (2151ms) 
 block [106/906] : done (2108ms) 
 block [107/906] : done (2133ms) 
 block [108/906] : done (2077ms) 
 block [109/906] : done (2087ms) 
 block [110/906] : done (2124ms) 
 block [111/906] : done (2107ms) 
 block [112/906] : done (2102ms) 
 block [113/906] : done (2125ms) 
 block [114/906] : done (2101ms) 
 block [115/906] : done (2134ms) 
 block [116/906] : done (2171ms) 
 block [117/906] : done (2115ms) 
 block [118/906] : done (2130ms) 
 block [119/906] : done (2189ms) 
 block [120/906] : done (2129ms) 
 block [121/906] : done (2224ms) 
 block [122/906] : done (2214ms) 
 block [123/906] : done (2202ms) 
 block [124/906] : done (2134ms) 
 block [125/906] : done (2146ms) 
 block [126/906] : done (2231ms) 
 block [127/906] : done (2109ms) 
 block [128/906] : done (2086ms) 
 block [129/906] : done (2135ms) 
 block [130/906] : done (2117ms) 
 block [131/906] : done (2126ms) 
 block [132/906] : done (2116ms) 
 block [133/906] : done (2131ms) 
 block [134/906] : done (2115ms) 
 block [135/906] : done (2092ms) 
 block [136/906] : done (2127ms) 
 block [137/906] : done (2074ms) 
 block [138/906] : done (2115ms) 
 block [139/906] : done (2174ms) 
 block [140/906] : done (2115ms) 
 block [141/906] : done (2068ms) 
 block [142/906] : done (2104ms) 
 block [143/906] : done (2106ms) 
 block [144/906] : done (2024ms) 
 block [145/906] : done (2099ms) 
 block [146/906] : done (2019ms) 
 block [147/906] : done (2055ms) 
 block [148/906] : done (2092ms) 
 block [149/906] : done (2035ms) 
 block [150/906] : done (2058ms) 
 block [151/906] : done (2049ms) 
 block [152/906] : done (2020ms) 
 block [153/906] : done (2022ms) 
 block [154/906] : done (2030ms) 
 block [155/906] : done (2042ms) 
 block [156/906] : done (2053ms) 
 block [157/906] : done (2034ms) 
 block [158/906] : done (1985ms) 
 block [159/906] : done (1993ms) 
 block [160/906] : done (2052ms) 
 block [161/906] : done (2087ms) 
 block [162/906] : done (2097ms) 
 block [163/906] : done (2047ms) 
 block [164/906] : done (2125ms) 
 block [165/906] : done (1993ms) 
 block [166/906] : done (1974ms) 
 block [167/906] : done (1971ms) 
 block [168/906] : done (2016ms) 
 block [169/906] : done (2054ms) 
 block [170/906] : done (2038ms) 
 block [171/906] : done (2039ms) 
 block [172/906] : done (2130ms) 
 block [173/906] : done (2093ms) 
 block [174/906] : done (2129ms) 
 block [175/906] : done (2143ms) 
 block [176/906] : done (2121ms) 
 block [177/906] : done (2055ms) 
 block [178/906] : done (2124ms) 
 block [179/906] : done (2072ms) 
 block [180/906] : done (2144ms) 
 block [181/906] : done (2151ms) 
 block [182/906] : done (2085ms) 
 block [183/906] : done (2098ms) 
 block [184/906] : done (2053ms) 
 block [185/906] : done (2231ms) 
 block [186/906] : done (2184ms) 
 block [187/906] : done (2168ms) 
 block [188/906] : done (2248ms) 
 block [189/906] : done (2134ms) 
 block [190/906] : done (2071ms) 
 block [191/906] : done (2087ms) 
 block [192/906] : done (2035ms) 
 block [193/906] : done (2022ms) 
 block [194/906] : done (2020ms) 
 block [195/906] : done (1975ms) 
 block [196/906] : done (2007ms) 
 block [197/906] : done (2019ms) 
 block [198/906] : done (2098ms) 
 block [199/906] : done (2120ms) 
 block [200/906] : done (2056ms) 
 block [201/906] : done (2098ms) 
 block [202/906] : done (2037ms) 
 block [203/906] : done (2051ms) 
 block [204/906] : done (2068ms) 
 block [205/906] : done (2100ms) 
 block [206/906] : done (2122ms) 
 block [207/906] : done (2020ms) 
 block [208/906] : done (2041ms) 
 block [209/906] : done (2069ms) 
 block [210/906] : done (2085ms) 
 block [211/906] : done (2179ms) 
 block [212/906] : done (2149ms) 
 block [213/906] : done (2185ms) 
 block [214/906] : done (2194ms) 
 block [215/906] : done (2160ms) 
 block [216/906] : done (2139ms) 
 block [217/906] : done (2141ms) 
 block [218/906] : done (2117ms) 
 block [219/906] : done (2137ms) 
 block [220/906] : done (2059ms) 
 block [221/906] : done (2042ms) 
 block [222/906] : done (2087ms) 
 block [223/906] : done (2015ms) 
 block [224/906] : done (1975ms) 
 block [225/906] : done (1958ms) 
 block [226/906] : done (1988ms) 
 block [227/906] : done (2129ms) 
 block [228/906] : done (2041ms) 
 block [229/906] : done (2030ms) 
 block [230/906] : done (2083ms) 
 block [231/906] : done (2083ms) 
 block [232/906] : done (2034ms) 
 block [233/906] : done (2096ms) 
 block [234/906] : done (2080ms) 
 block [235/906] : done (2028ms) 
 block [236/906] : done (2044ms) 
 block [237/906] : done (2076ms) 
 block [238/906] : done (2035ms) 
 block [239/906] : done (2044ms) 
 block [240/906] : done (2090ms) 
 block [241/906] : done (2108ms) 
 block [242/906] : done (2101ms) 
 block [243/906] : done (2063ms) 
 block [244/906] : done (2050ms) 
 block [245/906] : done (2117ms) 
 block [246/906] : done (2121ms) 
 block [247/906] : done (2112ms) 
 block [248/906] : done (2076ms) 
 block [249/906] : done (2134ms) 
 block [250/906] : done (2086ms) 
 block [251/906] : done (1993ms) 
 block [252/906] : done (2006ms) 
 block [253/906] : done (2097ms) 
 block [254/906] : done (2033ms) 
 block [255/906] : done (2023ms) 
 block [256/906] : done (2013ms) 
 block [257/906] : done (2032ms) 
 block [258/906] : done (2001ms) 
 block [259/906] : done (2021ms) 
 block [260/906] : done (2083ms) 
 block [261/906] : done (2009ms) 
 block [262/906] : done (2014ms) 
 block [263/906] : done (2168ms) 
 block [264/906] : done (2148ms) 
 block [265/906] : done (2159ms) 
 block [266/906] : done (2155ms) 
 block [267/906] : done (2072ms) 
 block [268/906] : done (2100ms) 
 block [269/906] : done (2053ms) 
 block [270/906] : done (2044ms) 
 block [271/906] : done (2109ms) 
 block [272/906] : done (2040ms) 
 block [273/906] : done (1968ms) 
 block [274/906] : done (1992ms) 
 block [275/906] : done (2029ms) 
 block [276/906] : done (2040ms) 
 block [277/906] : done (2009ms) 
 block [278/906] : done (2092ms) 
 block [279/906] : done (2136ms) 
 block [280/906] : done (2055ms) 
 block [281/906] : done (2066ms) 
 block [282/906] : done (2119ms) 
 block [283/906] : done (2059ms) 
 block [284/906] : done (2130ms) 
 block [285/906] : done (2076ms) 
 block [286/906] : done (2020ms) 
 block [287/906] : done (2002ms) 
 block [288/906] : done (1997ms) 
 block [289/906] : done (2050ms) 
 block [290/906] : done (2035ms) 
 block [291/906] : done (1998ms) 
 block [292/906] : done (2219ms) 
 block [293/906] : done (2068ms) 
 block [294/906] : done (2078ms) 
 block [295/906] : done (2019ms) 
 block [296/906] : done (1979ms) 
 block [297/906] : done (2038ms) 
 block [298/906] : done (2081ms) 
 block [299/906] : done (2069ms) 
 block [300/906] : done (2084ms) 
 block [301/906] : done (2068ms) 
 block [302/906] : done (2034ms) 
 block [303/906] : done (1980ms) 
 block [304/906] : done (1973ms) 
 block [305/906] : done (1967ms) 
 block [306/906] : done (2095ms) 
 block [307/906] : done (2048ms) 
 block [308/906] : done (2058ms) 
 block [309/906] : done (2040ms) 
 block [310/906] : done (1987ms) 
 block [311/906] : done (2005ms) 
 block [312/906] : done (2045ms) 
 block [313/906] : done (2057ms) 
 block [314/906] : done (2027ms) 
 block [315/906] : done (2049ms) 
 block [316/906] : done (2058ms) 
 block [317/906] : done (2099ms) 
 block [318/906] : done (2010ms) 
 block [319/906] : done (2046ms) 
 block [320/906] : done (2009ms) 
 block [321/906] : done (2057ms) 
 block [322/906] : done (2132ms) 
 block [323/906] : done (2066ms) 
 block [324/906] : done (2028ms) 
 block [325/906] : done (1999ms) 
 block [326/906] : done (2060ms) 
 block [327/906] : done (2044ms) 
 block [328/906] : done (1971ms) 
 block [329/906] : done (1999ms) 
 block [330/906] : done (2026ms) 
 block [331/906] : done (1996ms) 
 block [332/906] : done (1993ms) 
 block [333/906] : done (2015ms) 
 block [334/906] : done (2035ms) 
 block [335/906] : done (2014ms) 
 block [336/906] : done (2031ms) 
 block [337/906] : done (2048ms) 
 block [338/906] : done (2074ms) 
 block [339/906] : done (2006ms) 
 block [340/906] : done (2011ms) 
 block [341/906] : done (1969ms) 
 block [342/906] : done (1964ms) 
 block [343/906] : done (1990ms) 
 block [344/906] : done (1986ms) 
 block [345/906] : done (2041ms) 
 block [346/906] : done (2063ms) 
 block [347/906] : done (2000ms) 
 block [348/906] : done (1989ms) 
 block [349/906] : done (2023ms) 
 block [350/906] : done (2023ms) 
 block [351/906] : done (1995ms) 
 block [352/906] : done (1958ms) 
 block [353/906] : done (2049ms) 
 block [354/906] : done (2026ms) 
 block [355/906] : done (1980ms) 
 block [356/906] : done (2027ms) 
 block [357/906] : done (2011ms) 
 block [358/906] : done (1958ms) 
 block [359/906] : done (1979ms) 
 block [360/906] : done (2054ms) 
 block [361/906] : done (2005ms) 
 block [362/906] : done (1996ms) 
 block [363/906] : done (1982ms) 
 block [364/906] : done (1987ms) 
 block [365/906] : done (1945ms) 
 block [366/906] : done (1954ms) 
 block [367/906] : done (1943ms) 
 block [368/906] : done (2028ms) 
 block [369/906] : done (1959ms) 
 block [370/906] : done (1993ms) 
 block [371/906] : done (2011ms) 
 block [372/906] : done (2054ms) 
 block [373/906] : done (1978ms) 
 block [374/906] : done (1940ms) 
 block [375/906] : done (1952ms) 
 block [376/906] : done (1953ms) 
 block [377/906] : done (1962ms) 
 block [378/906] : done (2008ms) 
 block [379/906] : done (1978ms) 
 block [380/906] : done (1983ms) 
 block [381/906] : done (1973ms) 
 block [382/906] : done (1978ms) 
 block [383/906] : done (1981ms) 
 block [384/906] : done (1935ms) 
 block [385/906] : done (1965ms) 
 block [386/906] : done (1950ms) 
 block [387/906] : done (1960ms) 
 block [388/906] : done (1951ms) 
 block [389/906] : done (1998ms) 
 block [390/906] : done (2013ms) 
 block [391/906] : done (1974ms) 
 block [392/906] : done (1972ms) 
 block [393/906] : done (1927ms) 
 block [394/906] : done (1943ms) 
 block [395/906] : done (1986ms) 
 block [396/906] : done (2027ms) 
 block [397/906] : done (1988ms) 
 block [398/906] : done (1993ms) 
 block [399/906] : done (2036ms) 
 block [400/906] : done (1946ms) 
 block [401/906] : done (1945ms) 
 block [402/906] : done (1931ms) 
 block [403/906] : done (1953ms) 
 block [404/906] : done (1930ms) 
 block [405/906] : done (1948ms) 
 block [406/906] : done (1939ms) 
 block [407/906] : done (1975ms) 
 block [408/906] : done (2006ms) 
 block [409/906] : done (1938ms) 
 block [410/906] : done (1935ms) 
 block [411/906] : done (1971ms) 
 block [412/906] : done (1959ms) 
 block [413/906] : done (1989ms) 
 block [414/906] : done (1950ms) 
 block [415/906] : done (1951ms) 
 block [416/906] : done (1963ms) 
 block [417/906] : done (1949ms) 
 block [418/906] : done (1936ms) 
 block [419/906] : done (1985ms) 
 block [420/906] : done (2000ms) 
 block [421/906] : done (1994ms) 
 block [422/906] : done (1949ms) 
 block [423/906] : done (1949ms) 
 block [424/906] : done (1963ms) 
 block [425/906] : done (1978ms) 
 block [426/906] : done (1941ms) 
 block [427/906] : done (1921ms) 
 block [428/906] : done (1966ms) 
 block [429/906] : done (1960ms) 
 block [430/906] : done (2011ms) 
 block [431/906] : done (1974ms) 
 block [432/906] : done (1968ms) 
 block [433/906] : done (1983ms) 
 block [434/906] : done (1952ms) 
 block [435/906] : done (2001ms) 
 block [436/906] : done (2028ms) 
 block [437/906] : done (1972ms) 
 block [438/906] : done (2022ms) 
 block [439/906] : done (2004ms) 
 block [440/906] : done (1973ms) 
 block [441/906] : done (2029ms) 
 block [442/906] : done (1994ms) 
 block [443/906] : done (1959ms) 
 block [444/906] : done (1957ms) 
 block [445/906] : done (1988ms) 
 block [446/906] : done (2002ms) 
 block [447/906] : done (2064ms) 
 block [448/906] : done (2009ms) 
 block [449/906] : done (1988ms) 
 block [450/906] : done (1990ms) 
 block [451/906] : done (2005ms) 
 block [452/906] : done (1993ms) 
 block [453/906] : done (1927ms) 
 block [454/906] : done (1940ms) 
 block [455/906] : done (1954ms) 
 block [456/906] : done (1949ms) 
 block [457/906] : done (1917ms) 
 block [458/906] : done (1937ms) 
 block [459/906] : done (1975ms) 
 block [460/906] : done (1942ms) 
 block [461/906] : done (2003ms) 
 block [462/906] : done (2002ms) 
 block [463/906] : done (1970ms) 
 block [464/906] : done (1993ms) 
 block [465/906] : done (2071ms) 
 block [466/906] : done (2058ms) 
 block [467/906] : done (2032ms) 
 block [468/906] : done (2022ms) 
 block [469/906] : done (1994ms) 
 block [470/906] : done (1960ms) 
 block [471/906] : done (1996ms) 
 block [472/906] : done (2014ms) 
 block [473/906] : done (1953ms) 
 block [474/906] : done (1997ms) 
 block [475/906] : done (1950ms) 
 block [476/906] : done (2040ms) 
 block [477/906] : done (2044ms) 
 block [478/906] : done (2046ms) 
 block [479/906] : done (1981ms) 
 block [480/906] : done (1934ms) 
 block [481/906] : done (1964ms) 
 block [482/906] : done (1944ms) 
 block [483/906] : done (1924ms) 
 block [484/906] : done (1914ms) 
 block [485/906] : done (1947ms) 
 block [486/906] : done (1973ms) 
 block [487/906] : done (2034ms) 
 block [488/906] : done (2007ms) 
 block [489/906] : done (1967ms) 
 block [490/906] : done (1981ms) 
 block [491/906] : done (1972ms) 
 block [492/906] : done (1972ms) 
 block [493/906] : done (1984ms) 
 block [494/906] : done (1935ms) 
 block [495/906] : done (1963ms) 
 block [496/906] : done (1984ms) 
 block [497/906] : done (1991ms) 
 block [498/906] : done (1974ms) 
 block [499/906] : done (1986ms) 
 block [500/906] : done (1976ms) 
 block [501/906] : done (2046ms) 
 block [502/906] : done (2063ms) 
 block [503/906] : done (2002ms) 
 block [504/906] : done (2009ms) 
 block [505/906] : done (2028ms) 
 block [506/906] : done (2008ms) 
 block [507/906] : done (1989ms) 
 block [508/906] : done (2024ms) 
 block [509/906] : done (1987ms) 
 block [510/906] : done (2009ms) 
 block [511/906] : done (1931ms) 
 block [512/906] : done (1917ms) 
 block [513/906] : done (1926ms) 
 block [514/906] : done (1932ms) 
 block [515/906] : done (1972ms) 
 block [516/906] : done (1979ms) 
 block [517/906] : done (1948ms) 
 block [518/906] : done (2024ms) 
 block [519/906] : done (2016ms) 
 block [520/906] : done (1960ms) 
 block [521/906] : done (2003ms) 
 block [522/906] : done (1939ms) 
 block [523/906] : done (1946ms) 
 block [524/906] : done (1972ms) 
 block [525/906] : done (1963ms) 
 block [526/906] : done (1972ms) 
 block [527/906] : done (1924ms) 
 block [528/906] : done (1896ms) 
 block [529/906] : done (1938ms) 
 block [530/906] : done (1941ms) 
 block [531/906] : done (1966ms) 
 block [532/906] : done (1928ms) 
 block [533/906] : done (1925ms) 
 block [534/906] : done (1966ms) 
 block [535/906] : done (1942ms) 
 block [536/906] : done (1932ms) 
 block [537/906] : done (1994ms) 
 block [538/906] : done (1952ms) 
 block [539/906] : done (1966ms) 
 block [540/906] : done (1984ms) 
 block [541/906] : done (2107ms) 
 block [542/906] : done (2027ms) 
 block [543/906] : done (1954ms) 
 block [544/906] : done (1947ms) 
 block [545/906] : done (1955ms) 
 block [546/906] : done (1945ms) 
 block [547/906] : done (1943ms) 
 block [548/906] : done (1952ms) 
 block [549/906] : done (1954ms) 
 block [550/906] : done (1983ms) 
 block [551/906] : done (1956ms) 
 block [552/906] : done (1986ms) 
 block [553/906] : done (2016ms) 
 block [554/906] : done (1966ms) 
 block [555/906] : done (1966ms) 
 block [556/906] : done (1953ms) 
 block [557/906] : done (1954ms) 
 block [558/906] : done (1954ms) 
 block [559/906] : done (1947ms) 
 block [560/906] : done (1974ms) 
 block [561/906] : done (1947ms) 
 block [562/906] : done (1997ms) 
 block [563/906] : done (2003ms) 
 block [564/906] : done (2007ms) 
 block [565/906] : done (2003ms) 
 block [566/906] : done (1987ms) 
 block [567/906] : done (1998ms) 
 block [568/906] : done (1970ms) 
 block [569/906] : done (2007ms) 
 block [570/906] : done (2002ms) 
 block [571/906] : done (1981ms) 
 block [572/906] : done (1990ms) 
 block [573/906] : done (1956ms) 
 block [574/906] : done (1962ms) 
 block [575/906] : done (2046ms) 
 block [576/906] : done (1980ms) 
 block [577/906] : done (2032ms) 
 block [578/906] : done (2010ms) 
 block [579/906] : done (1920ms) 
 block [580/906] : done (1915ms) 
 block [581/906] : done (1976ms) 
 block [582/906] : done (1964ms) 
 block [583/906] : done (1943ms) 
 block [584/906] : done (1985ms) 
 block [585/906] : done (1960ms) 
 block [586/906] : done (1979ms) 
 block [587/906] : done (1970ms) 
 block [588/906] : done (1964ms) 
 block [589/906] : done (2000ms) 
 block [590/906] : done (1991ms) 
 block [591/906] : done (2011ms) 
 block [592/906] : done (2082ms) 
 block [593/906] : done (1969ms) 
 block [594/906] : done (2007ms) 
 block [595/906] : done (1912ms) 
 block [596/906] : done (1943ms) 
 block [597/906] : done (1994ms) 
 block [598/906] : done (1998ms) 
 block [599/906] : done (2036ms) 
 block [600/906] : done (2002ms) 
 block [601/906] : done (1982ms) 
 block [602/906] : done (2024ms) 
 block [603/906] : done (1978ms) 
 block [604/906] : done (1992ms) 
 block [605/906] : done (1934ms) 
 block [606/906] : done (1986ms) 
 block [607/906] : done (1975ms) 
 block [608/906] : done (1998ms) 
 block [609/906] : done (2011ms) 
 block [610/906] : done (1964ms) 
 block [611/906] : done (1967ms) 
 block [612/906] : done (1992ms) 
 block [613/906] : done (2012ms) 
 block [614/906] : done (1992ms) 
 block [615/906] : done (1997ms) 
 block [616/906] : done (1949ms) 
 block [617/906] : done (2032ms) 
 block [618/906] : done (2006ms) 
 block [619/906] : done (2020ms) 
 block [620/906] : done (1972ms) 
 block [621/906] : done (2079ms) 
 block [622/906] : done (1991ms) 
 block [623/906] : done (1973ms) 
 block [624/906] : done (1985ms) 
 block [625/906] : done (1974ms) 
 block [626/906] : done (1960ms) 
 block [627/906] : done (1941ms) 
 block [628/906] : done (1970ms) 
 block [629/906] : done (1985ms) 
 block [630/906] : done (1933ms) 
 block [631/906] : done (1966ms) 
 block [632/906] : done (1953ms) 
 block [633/906] : done (1889ms) 
 block [634/906] : done (1918ms) 
 block [635/906] : done (1918ms) 
 block [636/906] : done (1948ms) 
 block [637/906] : done (2021ms) 
 block [638/906] : done (1961ms) 
 block [639/906] : done (1966ms) 
 block [640/906] : done (2022ms) 
 block [641/906] : done (2042ms) 
 block [642/906] : done (2052ms) 
 block [643/906] : done (2042ms) 
 block [644/906] : done (2008ms) 
 block [645/906] : done (2017ms) 
 block [646/906] : done (1973ms) 
 block [647/906] : done (1957ms) 
 block [648/906] : done (1995ms) 
 block [649/906] : done (1963ms) 
 block [650/906] : done (1934ms) 
 block [651/906] : done (1943ms) 
 block [652/906] : done (1936ms) 
 block [653/906] : done (1948ms) 
 block [654/906] : done (2022ms) 
 block [655/906] : done (1996ms) 
 block [656/906] : done (1984ms) 
 block [657/906] : done (1991ms) 
 block [658/906] : done (1973ms) 
 block [659/906] : done (1990ms) 
 block [660/906] : done (2000ms) 
 block [661/906] : done (1965ms) 
 block [662/906] : done (1982ms) 
 block [663/906] : done (1967ms) 
 block [664/906] : done (2034ms) 
 block [665/906] : done (2040ms) 
 block [666/906] : done (1971ms) 
 block [667/906] : done (1994ms) 
 block [668/906] : done (1963ms) 
 block [669/906] : done (1928ms) 
 block [670/906] : done (1948ms) 
 block [671/906] : done (1947ms) 
 block [672/906] : done (1934ms) 
 block [673/906] : done (1964ms) 
 block [674/906] : done (2010ms) 
 block [675/906] : done (1989ms) 
 block [676/906] : done (1982ms) 
 block [677/906] : done (1918ms) 
 block [678/906] : done (1939ms) 
 block [679/906] : done (1985ms) 
 block [680/906] : done (1951ms) 
 block [681/906] : done (1973ms) 
 block [682/906] : done (1949ms) 
 block [683/906] : done (1949ms) 
 block [684/906] : done (1993ms) 
 block [685/906] : done (1961ms) 
 block [686/906] : done (1968ms) 
 block [687/906] : done (1928ms) 
 block [688/906] : done (1997ms) 
 block [689/906] : done (2007ms) 
 block [690/906] : done (2028ms) 
 block [691/906] : done (1995ms) 
 block [692/906] : done (2016ms) 
 block [693/906] : done (2046ms) 
 block [694/906] : done (2005ms) 
 block [695/906] : done (1990ms) 
 block [696/906] : done (1922ms) 
 block [697/906] : done (1969ms) 
 block [698/906] : done (1954ms) 
 block [699/906] : done (1969ms) 
 block [700/906] : done (1965ms) 
 block [701/906] : done (3930ms) 
 block [702/906] : done (1978ms) 
 block [703/906] : done (1968ms) 
 block [704/906] : done (1953ms) 
 block [705/906] : done (2022ms) 
 block [706/906] : done (2690ms) 
 block [707/906] : done (2017ms) 
 block [708/906] : done (2049ms) 
 block [709/906] : done (1965ms) 
 block [710/906] : done (1914ms) 
 block [711/906] : done (1949ms) 
 block [712/906] : done (1944ms) 
 block [713/906] : done (1974ms) 
 block [714/906] : done (1929ms) 
 block [715/906] : done (1945ms) 
 block [716/906] : done (1979ms) 
 block [717/906] : done (1931ms) 
 block [718/906] : done (2011ms) 
 block [719/906] : done (1980ms) 
 block [720/906] : done (1976ms) 
 block [721/906] : done (1993ms) 
 block [722/906] : done (1987ms) 
 block [723/906] : done (2045ms) 
 block [724/906] : done (1972ms) 
 block [725/906] : done (1952ms) 
 block [726/906] : done (1941ms) 
 block [727/906] : done (1982ms) 
 block [728/906] : done (1953ms) 
 block [729/906] : done (1988ms) 
 block [730/906] : done (1991ms) 
 block [731/906] : done (2018ms) 
 block [732/906] : done (2076ms) 
 block [733/906] : done (1987ms) 
 block [734/906] : done (1957ms) 
 block [735/906] : done (2007ms) 
 block [736/906] : done (2021ms) 
 block [737/906] : done (1975ms) 
 block [738/906] : done (1977ms) 
 block [739/906] : done (1965ms) 
 block [740/906] : done (1943ms) 
 block [741/906] : done (1940ms) 
 block [742/906] : done (1915ms) 
 block [743/906] : done (1977ms) 
 block [744/906] : done (1966ms) 
 block [745/906] : done (1928ms) 
 block [746/906] : done (1964ms) 
 block [747/906] : done (1945ms) 
 block [748/906] : done (1956ms) 
 block [749/906] : done (1965ms) 
 block [750/906] : done (2014ms) 
 block [751/906] : done (1967ms) 
 block [752/906] : done (1977ms) 
 block [753/906] : done (2006ms) 
 block [754/906] : done (1960ms) 
 block [755/906] : done (1930ms) 
 block [756/906] : done (1910ms) 
 block [757/906] : done (1925ms) 
 block [758/906] : done (1934ms) 
 block [759/906] : done (1953ms) 
 block [760/906] : done (1962ms) 
 block [761/906] : done (1999ms) 
 block [762/906] : done (1989ms) 
 block [763/906] : done (1957ms) 
 block [764/906] : done (1935ms) 
 block [765/906] : done (1957ms) 
 block [766/906] : done (1944ms) 
 block [767/906] : done (1931ms) 
 block [768/906] : done (1955ms) 
 block [769/906] : done (1969ms) 
 block [770/906] : done (1916ms) 
 block [771/906] : done (1934ms) 
 block [772/906] : done (1974ms) 
 block [773/906] : done (1973ms) 
 block [774/906] : done (1906ms) 
 block [775/906] : done (1923ms) 
 block [776/906] : done (1960ms) 
 block [777/906] : done (1961ms) 
 block [778/906] : done (1990ms) 
 block [779/906] : done (1979ms) 
 block [780/906] : done (2020ms) 
 block [781/906] : done (2029ms) 
 block [782/906] : done (1983ms) 
 block [783/906] : done (2016ms) 
 block [784/906] : done (1981ms) 
 block [785/906] : done (1957ms) 
 block [786/906] : done (1925ms) 
 block [787/906] : done (1921ms) 
 block [788/906] : done (1971ms) 
 block [789/906] : done (1996ms) 
 block [790/906] : done (1976ms) 
 block [791/906] : done (1972ms) 
 block [792/906] : done (2033ms) 
 block [793/906] : done (1989ms) 
 block [794/906] : done (1965ms) 
 block [795/906] : done (2003ms) 
 block [796/906] : done (1983ms) 
 block [797/906] : done (2076ms) 
 block [798/906] : done (1964ms) 
 block [799/906] : done (1978ms) 
 block [800/906] : done (1989ms) 
 block [801/906] : done (2049ms) 
 block [802/906] : done (1985ms) 
 block [803/906] : done (1946ms) 
 block [804/906] : done (1982ms) 
 block [805/906] : done (1951ms) 
 block [806/906] : done (2006ms) 
 block [807/906] : done (2030ms) 
 block [808/906] : done (1983ms) 
 block [809/906] : done (2008ms) 
 block [810/906] : done (1988ms) 
 block [811/906] : done (2001ms) 
 block [812/906] : done (2014ms) 
 block [813/906] : done (1972ms) 
 block [814/906] : done (1902ms) 
 block [815/906] : done (1963ms) 
 block [816/906] : done (2010ms) 
 block [817/906] : done (2038ms) 
 block [818/906] : done (2036ms) 
 block [819/906] : done (1968ms) 
 block [820/906] : done (1980ms) 
 block [821/906] : done (1967ms) 
 block [822/906] : done (1969ms) 
 block [823/906] : done (2024ms) 
 block [824/906] : done (2005ms) 
 block [825/906] : done (2029ms) 
 block [826/906] : done (1979ms) 
 block [827/906] : done (1957ms) 
 block [828/906] : done (1951ms) 
 block [829/906] : done (1978ms) 
 block [830/906] : done (1991ms) 
 block [831/906] : done (1933ms) 
 block [832/906] : done (1931ms) 
 block [833/906] : done (1936ms) 
 block [834/906] : done (1979ms) 
 block [835/906] : done (1979ms) 
 block [836/906] : done (1988ms) 
 block [837/906] : done (1981ms) 
 block [838/906] : done (1964ms) 
 block [839/906] : done (1924ms) 
 block [840/906] : done (1926ms) 
 block [841/906] : done (1989ms) 
 block [842/906] : done (1950ms) 
 block [843/906] : done (2007ms) 
 block [844/906] : done (1963ms) 
 block [845/906] : done (2016ms) 
 block [846/906] : done (2033ms) 
 block [847/906] : done (1974ms) 
 block [848/906] : done (2019ms) 
 block [849/906] : done (2043ms) 
 block [850/906] : done (1936ms) 
 block [851/906] : done (1959ms) 
 block [852/906] : done (1986ms) 
 block [853/906] : done (1990ms) 
 block [854/906] : done (1988ms) 
 block [855/906] : done (1937ms) 
 block [856/906] : done (1954ms) 
 block [857/906] : done (1947ms) 
 block [858/906] : done (1959ms) 
 block [859/906] : done (1973ms) 
 block [860/906] : done (2017ms) 
 block [861/906] : done (1955ms) 
 block [862/906] : done (2008ms) 
 block [863/906] : done (1953ms) 
 block [864/906] : done (1950ms) 
 block [865/906] : done (1981ms) 
 block [866/906] : done (1945ms) 
 block [867/906] : done (2009ms) 
 block [868/906] : done (1994ms) 
 block [869/906] : done (1959ms) 
 block [870/906] : done (1953ms) 
 block [871/906] : done (2005ms) 
 block [872/906] : done (1966ms) 
 block [873/906] : done (1969ms) 
 block [874/906] : done (1988ms) 
 block [875/906] : done (1991ms) 
 block [876/906] : done (1964ms) 
 block [877/906] : done (2024ms) 
 block [878/906] : done (1983ms) 
 block [879/906] : done (1951ms) 
 block [880/906] : done (1947ms) 
 block [881/906] : done (2004ms) 
 block [882/906] : done (1983ms) 
 block [883/906] : done (1982ms) 
 block [884/906] : done (1941ms) 
 block [885/906] : done (1964ms) 
 block [886/906] : done (1956ms) 
 block [887/906] : done (1940ms) 
 block [888/906] : done (1986ms) 
 block [889/906] : done (1923ms) 
 block [890/906] : done (1921ms) 
 block [891/906] : done (1965ms) 
 block [892/906] : done (1975ms) 
 block [893/906] : done (1966ms) 
 block [894/906] : done (2022ms) 
 block [895/906] : done (1975ms) 
 block [896/906] : done (1995ms) 
 block [897/906] : done (2029ms) 
 block [898/906] : done (1967ms) 
 block [899/906] : done (1973ms) 
 block [900/906] : done (2019ms) 
 block [901/906] : done (1983ms) 
 block [902/906] : done (2000ms) 
 block [903/906] : done (1963ms) 
 block [904/906] : done (1968ms) 
 block [905/906] : done (2037ms) 
 block [906/906] : done (763ms) 

Association results stored separately for each trait in files : 
* [result/06_step2/sig_weight_eur_step2.chr18_eur_SIG0_AUC.regenie]
* [result/06_step2/sig_weight_eur_step2.chr18_eur_SIG1_AUC.regenie]
* [result/06_step2/sig_weight_eur_step2.chr18_eur_SIG2_AUC.regenie]
* [result/06_step2/sig_weight_eur_step2.chr18_eur_SIG3_AUC.regenie]
* [result/06_step2/sig_weight_eur_step2.chr18_eur_SIG4_AUC.regenie]
* [result/06_step2/sig_weight_eur_step2.chr18_eur_SIG5_AUC.regenie]
* [result/06_step2/sig_weight_eur_step2.chr18_eur_SIG6_AUC.regenie]
* [result/06_step2/sig_weight_eur_step2.chr18_eur_SIG7_AUC.regenie]
* [result/06_step2/sig_weight_eur_step2.chr18_eur_SIG8_AUC.regenie]
* [result/06_step2/sig_weight_eur_step2.chr18_eur_SIG9_AUC.regenie]
* [result/06_step2/sig_weight_eur_step2.chr18_eur_SIG10_AUC.regenie]
* [result/06_step2/sig_weight_eur_step2.chr18_eur_SIG11_AUC.regenie]
* [result/06_step2/sig_weight_eur_step2.chr18_eur_SIG12_AUC.regenie]
* [result/06_step2/sig_weight_eur_step2.chr18_eur_SIG13_AUC.regenie]
* [result/06_step2/sig_weight_eur_step2.chr18_eur_SIG14_AUC.regenie]
* [result/06_step2/sig_weight_eur_step2.chr18_eur_SIG15_AUC.regenie]
* [result/06_step2/sig_weight_eur_step2.chr18_eur_SIG16_AUC.regenie]
* [result/06_step2/sig_weight_eur_step2.chr18_eur_SIG17_AUC.regenie]
* [result/06_step2/sig_weight_eur_step2.chr18_eur_SIG18_AUC.regenie]
* [result/06_step2/sig_weight_eur_step2.chr18_eur_SIG19_AUC.regenie]
* [result/06_step2/sig_weight_eur_step2.chr18_eur_SIG20_AUC.regenie]

Number of ignored tests due to low MAC or info score : 0

Elapsed time : 1867.04s
End time: Wed Dec 17 07:36:54 2025

