Start time: Wed Dec 17 07:05:45 2025

              |=============================|
              |      REGENIE v3.2.5.gz      |
              |=============================|

Copyright (c) 2020-2022 Joelle Mbatchou, Andrey Ziyatdinov and Jonathan Marchini.
Distributed under the MIT License.
Compiled with Boost Iostream library.
Using Intel MKL with Eigen.

Log of output saved in file : result/06_step2/sig_weight_eur_step2.chr5_eur.log

Options in effect:
  --step 2 \
  --bgen /broad/ukbb/imputed_v3/ukb_imp_chr5_v3.bgen \
  --sample /medpop/esp2/pradeep/UKBiobank/v3data/ukb7089_imp_chr3_v3_s487395.sample \
  --ref-first \
  --extract ../data/step2/var.chr5_eur.list.snplist \
  --keep ../data/sample_list_eur.txt \
  --covarFile ../data/sig_weight_cov_file.tsv \
  --phenoFile /medpop/esp2/tnakao/analyses/projects/collab/Sarah_signature_weights_GWAS/import/signature_auc_phenotypes_last.txt \
  --bsize 200 \
  --threads 4 \
  --qt \
  --catCovarList genotyping_array,Inferred_Gender \
  --pred result/04_step1/sig_weight_eur_step1_pred.list \
  --minINFO 0.7 \
  --out result/06_step2/sig_weight_eur_step2.chr5_eur

Association testing mode with fast multithreading using OpenMP
 * bgen             : [/broad/ukbb/imputed_v3/ukb_imp_chr5_v3.bgen]
   -summary : bgen file (v1.2 layout, zlib compressed) with 487409 anonymous samples and 6070641 variants with 8-bit encoding.
   -index bgi file [/broad/ukbb/imputed_v3/ukb_imp_chr5_v3.bgen.bgi]
   -keeping variants specified by --extract
   -number of variants remaining in the analysis = 422027
   -sample file: /medpop/esp2/pradeep/UKBiobank/v3data/ukb7089_imp_chr3_v3_s487395.sample
   -keeping only individuals specified by --keep
   -number of genotyped individuals remaining in the analysis = 361171
 * phenotypes       : [/medpop/esp2/tnakao/analyses/projects/collab/Sarah_signature_weights_GWAS/import/signature_auc_phenotypes_last.txt] n_pheno = 21
   -number of phenotyped individuals  = 361171
 * covariates       : [../data/sig_weight_cov_file.tsv] n_cov = 13
   -number of individuals with covariate data = 361171
 * number of individuals used in analysis = 361171
 * number of observations for each trait:
   - 'SIG0_AUC': 361171 observations
   - 'SIG1_AUC': 361171 observations
   - 'SIG2_AUC': 361171 observations
   - 'SIG3_AUC': 361171 observations
   - 'SIG4_AUC': 361171 observations
   - 'SIG5_AUC': 361171 observations
   - 'SIG6_AUC': 361171 observations
   - 'SIG7_AUC': 361171 observations
   - 'SIG8_AUC': 361171 observations
   - 'SIG9_AUC': 361171 observations
   - 'SIG10_AUC': 361171 observations
   - 'SIG11_AUC': 361171 observations
   - 'SIG12_AUC': 361171 observations
   - 'SIG13_AUC': 361171 observations
   - 'SIG14_AUC': 361171 observations
   - 'SIG15_AUC': 361171 observations
   - 'SIG16_AUC': 361171 observations
   - 'SIG17_AUC': 361171 observations
   - 'SIG18_AUC': 361171 observations
   - 'SIG19_AUC': 361171 observations
   - 'SIG20_AUC': 361171 observations
 * LOCO predictions : [result/04_step1/sig_weight_eur_step1_pred.list]
   -file [/medpop/esp2/tnakao/analyses/projects/collab/Sarah_signature_weights_GWAS/96_last_250319/result/04_step1/sig_weight_eur_step1_1.loco] for phenotype 'SIG0_AUC'
   -file [/medpop/esp2/tnakao/analyses/projects/collab/Sarah_signature_weights_GWAS/96_last_250319/result/04_step1/sig_weight_eur_step1_2.loco] for phenotype 'SIG1_AUC'
   -file [/medpop/esp2/tnakao/analyses/projects/collab/Sarah_signature_weights_GWAS/96_last_250319/result/04_step1/sig_weight_eur_step1_3.loco] for phenotype 'SIG2_AUC'
   -file [/medpop/esp2/tnakao/analyses/projects/collab/Sarah_signature_weights_GWAS/96_last_250319/result/04_step1/sig_weight_eur_step1_4.loco] for phenotype 'SIG3_AUC'
   -file [/medpop/esp2/tnakao/analyses/projects/collab/Sarah_signature_weights_GWAS/96_last_250319/result/04_step1/sig_weight_eur_step1_5.loco] for phenotype 'SIG4_AUC'
   -file [/medpop/esp2/tnakao/analyses/projects/collab/Sarah_signature_weights_GWAS/96_last_250319/result/04_step1/sig_weight_eur_step1_6.loco] for phenotype 'SIG5_AUC'
   -file [/medpop/esp2/tnakao/analyses/projects/collab/Sarah_signature_weights_GWAS/96_last_250319/result/04_step1/sig_weight_eur_step1_7.loco] for phenotype 'SIG6_AUC'
   -file [/medpop/esp2/tnakao/analyses/projects/collab/Sarah_signature_weights_GWAS/96_last_250319/result/04_step1/sig_weight_eur_step1_8.loco] for phenotype 'SIG7_AUC'
   -file [/medpop/esp2/tnakao/analyses/projects/collab/Sarah_signature_weights_GWAS/96_last_250319/result/04_step1/sig_weight_eur_step1_9.loco] for phenotype 'SIG8_AUC'
   -file [/medpop/esp2/tnakao/analyses/projects/collab/Sarah_signature_weights_GWAS/96_last_250319/result/04_step1/sig_weight_eur_step1_10.loco] for phenotype 'SIG9_AUC'
   -file [/medpop/esp2/tnakao/analyses/projects/collab/Sarah_signature_weights_GWAS/96_last_250319/result/04_step1/sig_weight_eur_step1_11.loco] for phenotype 'SIG10_AUC'
   -file [/medpop/esp2/tnakao/analyses/projects/collab/Sarah_signature_weights_GWAS/96_last_250319/result/04_step1/sig_weight_eur_step1_12.loco] for phenotype 'SIG11_AUC'
   -file [/medpop/esp2/tnakao/analyses/projects/collab/Sarah_signature_weights_GWAS/96_last_250319/result/04_step1/sig_weight_eur_step1_13.loco] for phenotype 'SIG12_AUC'
   -file [/medpop/esp2/tnakao/analyses/projects/collab/Sarah_signature_weights_GWAS/96_last_250319/result/04_step1/sig_weight_eur_step1_14.loco] for phenotype 'SIG13_AUC'
   -file [/medpop/esp2/tnakao/analyses/projects/collab/Sarah_signature_weights_GWAS/96_last_250319/result/04_step1/sig_weight_eur_step1_15.loco] for phenotype 'SIG14_AUC'
   -file [/medpop/esp2/tnakao/analyses/projects/collab/Sarah_signature_weights_GWAS/96_last_250319/result/04_step1/sig_weight_eur_step1_16.loco] for phenotype 'SIG15_AUC'
   -file [/medpop/esp2/tnakao/analyses/projects/collab/Sarah_signature_weights_GWAS/96_last_250319/result/04_step1/sig_weight_eur_step1_17.loco] for phenotype 'SIG16_AUC'
   -file [/medpop/esp2/tnakao/analyses/projects/collab/Sarah_signature_weights_GWAS/96_last_250319/result/04_step1/sig_weight_eur_step1_18.loco] for phenotype 'SIG17_AUC'
   -file [/medpop/esp2/tnakao/analyses/projects/collab/Sarah_signature_weights_GWAS/96_last_250319/result/04_step1/sig_weight_eur_step1_19.loco] for phenotype 'SIG18_AUC'
   -file [/medpop/esp2/tnakao/analyses/projects/collab/Sarah_signature_weights_GWAS/96_last_250319/result/04_step1/sig_weight_eur_step1_20.loco] for phenotype 'SIG19_AUC'
   -file [/medpop/esp2/tnakao/analyses/projects/collab/Sarah_signature_weights_GWAS/96_last_250319/result/04_step1/sig_weight_eur_step1_21.loco] for phenotype 'SIG20_AUC'
   -residualizing and scaling phenotypes...done (56ms) 
 * # threads        : [4]
 * block size       : [200]
 * # blocks         : [2111]
 * approximate memory usage : 2GB
 * using minimum MAC of 5 (variants with lower MAC are ignored)
 * using minimum imputation info score of 0.7 (variants with lower info score are ignored)

Chromosome 5 [2111 blocks in total]
   -reading loco predictions for the chromosome...done (10771ms) 
 block [1/2111] : done (1991ms) 
 block [2/2111] : done (1873ms) 
 block [3/2111] : done (1851ms) 
 block [4/2111] : done (1888ms) 
 block [5/2111] : done (1994ms) 
 block [6/2111] : done (1992ms) 
 block [7/2111] : done (1946ms) 
 block [8/2111] : done (1984ms) 
 block [9/2111] : done (1910ms) 
 block [10/2111] : done (1864ms) 
 block [11/2111] : done (1987ms) 
 block [12/2111] : done (1894ms) 
 block [13/2111] : done (1959ms) 
 block [14/2111] : done (1995ms) 
 block [15/2111] : done (1943ms) 
 block [16/2111] : done (2091ms) 
 block [17/2111] : done (1920ms) 
 block [18/2111] : done (2003ms) 
 block [19/2111] : done (1952ms) 
 block [20/2111] : done (1992ms) 
 block [21/2111] : done (1906ms) 
 block [22/2111] : done (1954ms) 
 block [23/2111] : done (1936ms) 
 block [24/2111] : done (1890ms) 
 block [25/2111] : done (1989ms) 
 block [26/2111] : done (1991ms) 
 block [27/2111] : done (1999ms) 
 block [28/2111] : done (2028ms) 
 block [29/2111] : done (2079ms) 
 block [30/2111] : done (2073ms) 
 block [31/2111] : done (2073ms) 
 block [32/2111] : done (2079ms) 
 block [33/2111] : done (1988ms) 
 block [34/2111] : done (2064ms) 
 block [35/2111] : done (2021ms) 
 block [36/2111] : done (1994ms) 
 block [37/2111] : done (2077ms) 
 block [38/2111] : done (2026ms) 
 block [39/2111] : done (2078ms) 
 block [40/2111] : done (2038ms) 
 block [41/2111] : done (2038ms) 
 block [42/2111] : done (2102ms) 
 block [43/2111] : done (2003ms) 
 block [44/2111] : done (1995ms) 
 block [45/2111] : done (1965ms) 
 block [46/2111] : done (1978ms) 
 block [47/2111] : done (2067ms) 
 block [48/2111] : done (2012ms) 
 block [49/2111] : done (2036ms) 
 block [50/2111] : done (2011ms) 
 block [51/2111] : done (1973ms) 
 block [52/2111] : done (2033ms) 
 block [53/2111] : done (2113ms) 
 block [54/2111] : done (2123ms) 
 block [55/2111] : done (2095ms) 
 block [56/2111] : done (2040ms) 
 block [57/2111] : done (2006ms) 
 block [58/2111] : done (2029ms) 
 block [59/2111] : done (2026ms) 
 block [60/2111] : done (2073ms) 
 block [61/2111] : done (1944ms) 
 block [62/2111] : done (1992ms) 
 block [63/2111] : done (2029ms) 
 block [64/2111] : done (2018ms) 
 block [65/2111] : done (1904ms) 
 block [66/2111] : done (1961ms) 
 block [67/2111] : done (1866ms) 
 block [68/2111] : done (1891ms) 
 block [69/2111] : done (1928ms) 
 block [70/2111] : done (1919ms) 
 block [71/2111] : done (1938ms) 
 block [72/2111] : done (1957ms) 
 block [73/2111] : done (1918ms) 
 block [74/2111] : done (1909ms) 
 block [75/2111] : done (1915ms) 
 block [76/2111] : done (1900ms) 
 block [77/2111] : done (1898ms) 
 block [78/2111] : done (1939ms) 
 block [79/2111] : done (1941ms) 
 block [80/2111] : done (1942ms) 
 block [81/2111] : done (1898ms) 
 block [82/2111] : done (1879ms) 
 block [83/2111] : done (1923ms) 
 block [84/2111] : done (1872ms) 
 block [85/2111] : done (1901ms) 
 block [86/2111] : done (1810ms) 
 block [87/2111] : done (1887ms) 
 block [88/2111] : done (1996ms) 
 block [89/2111] : done (1891ms) 
 block [90/2111] : done (1903ms) 
 block [91/2111] : done (1865ms) 
 block [92/2111] : done (1907ms) 
 block [93/2111] : done (1853ms) 
 block [94/2111] : done (1856ms) 
 block [95/2111] : done (1858ms) 
 block [96/2111] : done (1873ms) 
 block [97/2111] : done (1841ms) 
 block [98/2111] : done (1856ms) 
 block [99/2111] : done (1895ms) 
 block [100/2111] : done (1941ms) 
 block [101/2111] : done (1922ms) 
 block [102/2111] : done (1874ms) 
 block [103/2111] : done (1840ms) 
 block [104/2111] : done (1915ms) 
 block [105/2111] : done (1888ms) 
 block [106/2111] : done (1887ms) 
 block [107/2111] : done (1880ms) 
 block [108/2111] : done (1929ms) 
 block [109/2111] : done (1852ms) 
 block [110/2111] : done (1920ms) 
 block [111/2111] : done (1825ms) 
 block [112/2111] : done (1855ms) 
 block [113/2111] : done (1821ms) 
 block [114/2111] : done (1881ms) 
 block [115/2111] : done (1847ms) 
 block [116/2111] : done (1925ms) 
 block [117/2111] : done (1958ms) 
 block [118/2111] : done (1872ms) 
 block [119/2111] : done (1852ms) 
 block [120/2111] : done (1922ms) 
 block [121/2111] : done (1956ms) 
 block [122/2111] : done (1873ms) 
 block [123/2111] : done (1912ms) 
 block [124/2111] : done (1894ms) 
 block [125/2111] : done (1968ms) 
 block [126/2111] : done (1917ms) 
 block [127/2111] : done (1923ms) 
 block [128/2111] : done (1873ms) 
 block [129/2111] : done (1881ms) 
 block [130/2111] : done (1931ms) 
 block [131/2111] : done (1993ms) 
 block [132/2111] : done (2027ms) 
 block [133/2111] : done (2041ms) 
 block [134/2111] : done (1977ms) 
 block [135/2111] : done (2065ms) 
 block [136/2111] : done (2069ms) 
 block [137/2111] : done (2039ms) 
 block [138/2111] : done (2078ms) 
 block [139/2111] : done (2066ms) 
 block [140/2111] : done (2062ms) 
 block [141/2111] : done (1948ms) 
 block [142/2111] : done (1955ms) 
 block [143/2111] : done (2075ms) 
 block [144/2111] : done (2044ms) 
 block [145/2111] : done (1982ms) 
 block [146/2111] : done (2046ms) 
 block [147/2111] : done (2007ms) 
 block [148/2111] : done (2073ms) 
 block [149/2111] : done (2015ms) 
 block [150/2111] : done (1981ms) 
 block [151/2111] : done (2018ms) 
 block [152/2111] : done (2002ms) 
 block [153/2111] : done (2002ms) 
 block [154/2111] : done (1961ms) 
 block [155/2111] : done (1993ms) 
 block [156/2111] : done (1996ms) 
 block [157/2111] : done (1998ms) 
 block [158/2111] : done (2094ms) 
 block [159/2111] : done (2117ms) 
 block [160/2111] : done (2032ms) 
 block [161/2111] : done (1972ms) 
 block [162/2111] : done (2079ms) 
 block [163/2111] : done (2071ms) 
 block [164/2111] : done (2040ms) 
 block [165/2111] : done (1976ms) 
 block [166/2111] : done (1968ms) 
 block [167/2111] : done (1942ms) 
 block [168/2111] : done (1948ms) 
 block [169/2111] : done (1923ms) 
 block [170/2111] : done (1939ms) 
 block [171/2111] : done (1967ms) 
 block [172/2111] : done (2027ms) 
 block [173/2111] : done (2060ms) 
 block [174/2111] : done (1990ms) 
 block [175/2111] : done (1962ms) 
 block [176/2111] : done (1976ms) 
 block [177/2111] : done (2046ms) 
 block [178/2111] : done (1974ms) 
 block [179/2111] : done (1954ms) 
 block [180/2111] : done (1981ms) 
 block [181/2111] : done (2009ms) 
 block [182/2111] : done (2018ms) 
 block [183/2111] : done (2012ms) 
 block [184/2111] : done (2055ms) 
 block [185/2111] : done (2010ms) 
 block [186/2111] : done (1992ms) 
 block [187/2111] : done (1980ms) 
 block [188/2111] : done (2009ms) 
 block [189/2111] : done (2026ms) 
 block [190/2111] : done (2048ms) 
 block [191/2111] : done (2012ms) 
 block [192/2111] : done (2037ms) 
 block [193/2111] : done (1975ms) 
 block [194/2111] : done (2037ms) 
 block [195/2111] : done (1987ms) 
 block [196/2111] : done (1998ms) 
 block [197/2111] : done (2051ms) 
 block [198/2111] : done (2019ms) 
 block [199/2111] : done (1981ms) 
 block [200/2111] : done (1976ms) 
 block [201/2111] : done (1989ms) 
 block [202/2111] : done (2044ms) 
 block [203/2111] : done (2104ms) 
 block [204/2111] : done (2033ms) 
 block [205/2111] : done (1987ms) 
 block [206/2111] : done (2096ms) 
 block [207/2111] : done (1920ms) 
 block [208/2111] : done (2019ms) 
 block [209/2111] : done (2043ms) 
 block [210/2111] : done (2090ms) 
 block [211/2111] : done (2014ms) 
 block [212/2111] : done (2043ms) 
 block [213/2111] : done (2156ms) 
 block [214/2111] : done (2089ms) 
 block [215/2111] : done (2086ms) 
 block [216/2111] : done (2050ms) 
 block [217/2111] : done (1998ms) 
 block [218/2111] : done (2028ms) 
 block [219/2111] : done (2007ms) 
 block [220/2111] : done (1970ms) 
 block [221/2111] : done (1963ms) 
 block [222/2111] : done (2048ms) 
 block [223/2111] : done (2038ms) 
 block [224/2111] : done (2042ms) 
 block [225/2111] : done (2048ms) 
 block [226/2111] : done (2005ms) 
 block [227/2111] : done (1995ms) 
 block [228/2111] : done (1974ms) 
 block [229/2111] : done (2044ms) 
 block [230/2111] : done (1977ms) 
 block [231/2111] : done (1997ms) 
 block [232/2111] : done (2010ms) 
 block [233/2111] : done (1999ms) 
 block [234/2111] : done (2010ms) 
 block [235/2111] : done (1955ms) 
 block [236/2111] : done (1971ms) 
 block [237/2111] : done (1970ms) 
 block [238/2111] : done (2011ms) 
 block [239/2111] : done (1971ms) 
 block [240/2111] : done (1980ms) 
 block [241/2111] : done (2073ms) 
 block [242/2111] : done (2023ms) 
 block [243/2111] : done (2041ms) 
 block [244/2111] : done (2029ms) 
 block [245/2111] : done (1983ms) 
 block [246/2111] : done (2000ms) 
 block [247/2111] : done (1971ms) 
 block [248/2111] : done (1995ms) 
 block [249/2111] : done (2014ms) 
 block [250/2111] : done (2006ms) 
 block [251/2111] : done (2001ms) 
 block [252/2111] : done (2034ms) 
 block [253/2111] : done (2080ms) 
 block [254/2111] : done (2065ms) 
 block [255/2111] : done (1994ms) 
 block [256/2111] : done (1995ms) 
 block [257/2111] : done (1984ms) 
 block [258/2111] : done (1950ms) 
 block [259/2111] : done (2019ms) 
 block [260/2111] : done (2106ms) 
 block [261/2111] : done (2056ms) 
 block [262/2111] : done (2106ms) 
 block [263/2111] : done (2020ms) 
 block [264/2111] : done (2084ms) 
 block [265/2111] : done (2095ms) 
 block [266/2111] : done (2108ms) 
 block [267/2111] : done (2095ms) 
 block [268/2111] : done (2033ms) 
 block [269/2111] : done (2067ms) 
 block [270/2111] : done (2055ms) 
 block [271/2111] : done (1997ms) 
 block [272/2111] : done (1990ms) 
 block [273/2111] : done (1966ms) 
 block [274/2111] : done (2008ms) 
 block [275/2111] : done (2008ms) 
 block [276/2111] : done (2067ms) 
 block [277/2111] : done (2044ms) 
 block [278/2111] : done (2016ms) 
 block [279/2111] : done (1990ms) 
 block [280/2111] : done (1994ms) 
 block [281/2111] : done (2017ms) 
 block [282/2111] : done (1986ms) 
 block [283/2111] : done (2084ms) 
 block [284/2111] : done (1984ms) 
 block [285/2111] : done (1984ms) 
 block [286/2111] : done (2065ms) 
 block [287/2111] : done (1981ms) 
 block [288/2111] : done (2059ms) 
 block [289/2111] : done (2017ms) 
 block [290/2111] : done (2014ms) 
 block [291/2111] : done (2009ms) 
 block [292/2111] : done (2062ms) 
 block [293/2111] : done (2003ms) 
 block [294/2111] : done (1940ms) 
 block [295/2111] : done (1913ms) 
 block [296/2111] : done (1965ms) 
 block [297/2111] : done (1935ms) 
 block [298/2111] : done (2075ms) 
 block [299/2111] : done (1967ms) 
 block [300/2111] : done (1965ms) 
 block [301/2111] : done (2014ms) 
 block [302/2111] : done (1972ms) 
 block [303/2111] : done (1953ms) 
 block [304/2111] : done (2000ms) 
 block [305/2111] : done (2069ms) 
 block [306/2111] : done (2080ms) 
 block [307/2111] : done (2048ms) 
 block [308/2111] : done (1989ms) 
 block [309/2111] : done (2031ms) 
 block [310/2111] : done (2024ms) 
 block [311/2111] : done (2076ms) 
 block [312/2111] : done (2112ms) 
 block [313/2111] : done (2106ms) 
 block [314/2111] : done (2010ms) 
 block [315/2111] : done (2012ms) 
 block [316/2111] : done (2019ms) 
 block [317/2111] : done (2038ms) 
 block [318/2111] : done (2093ms) 
 block [319/2111] : done (2044ms) 
 block [320/2111] : done (2079ms) 
 block [321/2111] : done (2065ms) 
 block [322/2111] : done (2067ms) 
 block [323/2111] : done (1994ms) 
 block [324/2111] : done (2014ms) 
 block [325/2111] : done (1986ms) 
 block [326/2111] : done (2028ms) 
 block [327/2111] : done (2053ms) 
 block [328/2111] : done (2009ms) 
 block [329/2111] : done (2041ms) 
 block [330/2111] : done (2033ms) 
 block [331/2111] : done (2005ms) 
 block [332/2111] : done (2002ms) 
 block [333/2111] : done (1949ms) 
 block [334/2111] : done (1940ms) 
 block [335/2111] : done (1877ms) 
 block [336/2111] : done (1954ms) 
 block [337/2111] : done (1973ms) 
 block [338/2111] : done (2008ms) 
 block [339/2111] : done (1946ms) 
 block [340/2111] : done (1976ms) 
 block [341/2111] : done (2033ms) 
 block [342/2111] : done (2007ms) 
 block [343/2111] : done (1984ms) 
 block [344/2111] : done (2005ms) 
 block [345/2111] : done (2072ms) 
 block [346/2111] : done (2085ms) 
 block [347/2111] : done (2019ms) 
 block [348/2111] : done (2066ms) 
 block [349/2111] : done (1980ms) 
 block [350/2111] : done (2013ms) 
 block [351/2111] : done (2012ms) 
 block [352/2111] : done (1988ms) 
 block [353/2111] : done (2087ms) 
 block [354/2111] : done (2008ms) 
 block [355/2111] : done (2020ms) 
 block [356/2111] : done (1977ms) 
 block [357/2111] : done (2054ms) 
 block [358/2111] : done (2072ms) 
 block [359/2111] : done (2050ms) 
 block [360/2111] : done (2078ms) 
 block [361/2111] : done (2009ms) 
 block [362/2111] : done (2025ms) 
 block [363/2111] : done (1993ms) 
 block [364/2111] : done (2002ms) 
 block [365/2111] : done (2060ms) 
 block [366/2111] : done (2012ms) 
 block [367/2111] : done (2000ms) 
 block [368/2111] : done (1984ms) 
 block [369/2111] : done (1953ms) 
 block [370/2111] : done (2004ms) 
 block [371/2111] : done (2038ms) 
 block [372/2111] : done (1944ms) 
 block [373/2111] : done (2059ms) 
 block [374/2111] : done (1892ms) 
 block [375/2111] : done (1924ms) 
 block [376/2111] : done (1941ms) 
 block [377/2111] : done (1947ms) 
 block [378/2111] : done (1957ms) 
 block [379/2111] : done (1972ms) 
 block [380/2111] : done (1920ms) 
 block [381/2111] : done (1998ms) 
 block [382/2111] : done (2030ms) 
 block [383/2111] : done (2037ms) 
 block [384/2111] : done (2023ms) 
 block [385/2111] : done (1919ms) 
 block [386/2111] : done (2015ms) 
 block [387/2111] : done (2060ms) 
 block [388/2111] : done (2044ms) 
 block [389/2111] : done (2001ms) 
 block [390/2111] : done (1984ms) 
 block [391/2111] : done (1982ms) 
 block [392/2111] : done (2000ms) 
 block [393/2111] : done (1968ms) 
 block [394/2111] : done (2007ms) 
 block [395/2111] : done (2007ms) 
 block [396/2111] : done (1958ms) 
 block [397/2111] : done (2017ms) 
 block [398/2111] : done (2084ms) 
 block [399/2111] : done (2022ms) 
 block [400/2111] : done (2050ms) 
 block [401/2111] : done (2034ms) 
 block [402/2111] : done (2030ms) 
 block [403/2111] : done (2015ms) 
 block [404/2111] : done (1985ms) 
 block [405/2111] : done (2015ms) 
 block [406/2111] : done (2030ms) 
 block [407/2111] : done (2052ms) 
 block [408/2111] : done (2030ms) 
 block [409/2111] : done (2007ms) 
 block [410/2111] : done (2007ms) 
 block [411/2111] : done (1961ms) 
 block [412/2111] : done (1954ms) 
 block [413/2111] : done (1978ms) 
 block [414/2111] : done (1965ms) 
 block [415/2111] : done (2003ms) 
 block [416/2111] : done (2021ms) 
 block [417/2111] : done (2011ms) 
 block [418/2111] : done (2016ms) 
 block [419/2111] : done (1983ms) 
 block [420/2111] : done (2002ms) 
 block [421/2111] : done (1970ms) 
 block [422/2111] : done (1944ms) 
 block [423/2111] : done (1991ms) 
 block [424/2111] : done (1990ms) 
 block [425/2111] : done (2011ms) 
 block [426/2111] : done (2017ms) 
 block [427/2111] : done (1971ms) 
 block [428/2111] : done (2003ms) 
 block [429/2111] : done (2069ms) 
 block [430/2111] : done (2061ms) 
 block [431/2111] : done (2041ms) 
 block [432/2111] : done (2075ms) 
 block [433/2111] : done (2167ms) 
 block [434/2111] : done (2072ms) 
 block [435/2111] : done (2115ms) 
 block [436/2111] : done (2052ms) 
 block [437/2111] : done (2015ms) 
 block [438/2111] : done (1958ms) 
 block [439/2111] : done (1863ms) 
 block [440/2111] : done (1989ms) 
 block [441/2111] : done (1908ms) 
 block [442/2111] : done (1912ms) 
 block [443/2111] : done (1929ms) 
 block [444/2111] : done (1902ms) 
 block [445/2111] : done (2038ms) 
 block [446/2111] : done (1914ms) 
 block [447/2111] : done (2014ms) 
 block [448/2111] : done (1969ms) 
 block [449/2111] : done (2009ms) 
 block [450/2111] : done (1943ms) 
 block [451/2111] : done (1938ms) 
 block [452/2111] : done (1882ms) 
 block [453/2111] : done (1910ms) 
 block [454/2111] : done (1913ms) 
 block [455/2111] : done (1911ms) 
 block [456/2111] : done (1863ms) 
 block [457/2111] : done (1863ms) 
 block [458/2111] : done (1939ms) 
 block [459/2111] : done (1932ms) 
 block [460/2111] : done (1988ms) 
 block [461/2111] : done (1943ms) 
 block [462/2111] : done (1999ms) 
 block [463/2111] : done (1899ms) 
 block [464/2111] : done (1906ms) 
 block [465/2111] : done (1992ms) 
 block [466/2111] : done (1966ms) 
 block [467/2111] : done (1916ms) 
 block [468/2111] : done (1952ms) 
 block [469/2111] : done (2005ms) 
 block [470/2111] : done (1927ms) 
 block [471/2111] : done (1892ms) 
 block [472/2111] : done (1903ms) 
 block [473/2111] : done (1899ms) 
 block [474/2111] : done (1953ms) 
 block [475/2111] : done (1970ms) 
 block [476/2111] : done (1976ms) 
 block [477/2111] : done (1971ms) 
 block [478/2111] : done (1959ms) 
 block [479/2111] : done (1923ms) 
 block [480/2111] : done (2010ms) 
 block [481/2111] : done (1961ms) 
 block [482/2111] : done (1947ms) 
 block [483/2111] : done (1938ms) 
 block [484/2111] : done (2004ms) 
 block [485/2111] : done (2055ms) 
 block [486/2111] : done (2057ms) 
 block [487/2111] : done (2062ms) 
 block [488/2111] : done (2060ms) 
 block [489/2111] : done (1967ms) 
 block [490/2111] : done (1956ms) 
 block [491/2111] : done (1873ms) 
 block [492/2111] : done (1898ms) 
 block [493/2111] : done (1902ms) 
 block [494/2111] : done (1904ms) 
 block [495/2111] : done (1874ms) 
 block [496/2111] : done (1969ms) 
 block [497/2111] : done (1917ms) 
 block [498/2111] : done (1954ms) 
 block [499/2111] : done (1971ms) 
 block [500/2111] : done (1938ms) 
 block [501/2111] : done (1943ms) 
 block [502/2111] : done (1983ms) 
 block [503/2111] : done (1963ms) 
 block [504/2111] : done (1949ms) 
 block [505/2111] : done (1963ms) 
 block [506/2111] : done (1972ms) 
 block [507/2111] : done (1982ms) 
 block [508/2111] : done (1943ms) 
 block [509/2111] : done (1944ms) 
 block [510/2111] : done (1948ms) 
 block [511/2111] : done (1943ms) 
 block [512/2111] : done (1968ms) 
 block [513/2111] : done (1971ms) 
 block [514/2111] : done (1984ms) 
 block [515/2111] : done (1947ms) 
 block [516/2111] : done (1934ms) 
 block [517/2111] : done (1938ms) 
 block [518/2111] : done (1956ms) 
 block [519/2111] : done (1935ms) 
 block [520/2111] : done (1926ms) 
 block [521/2111] : done (1931ms) 
 block [522/2111] : done (1903ms) 
 block [523/2111] : done (1902ms) 
 block [524/2111] : done (1913ms) 
 block [525/2111] : done (1990ms) 
 block [526/2111] : done (1970ms) 
 block [527/2111] : done (1974ms) 
 block [528/2111] : done (1996ms) 
 block [529/2111] : done (1958ms) 
 block [530/2111] : done (1899ms) 
 block [531/2111] : done (1913ms) 
 block [532/2111] : done (1924ms) 
 block [533/2111] : done (1955ms) 
 block [534/2111] : done (1993ms) 
 block [535/2111] : done (2010ms) 
 block [536/2111] : done (2052ms) 
 block [537/2111] : done (2087ms) 
 block [538/2111] : done (2075ms) 
 block [539/2111] : done (2110ms) 
 block [540/2111] : done (2049ms) 
 block [541/2111] : done (2076ms) 
 block [542/2111] : done (2064ms) 
 block [543/2111] : done (1947ms) 
 block [544/2111] : done (1973ms) 
 block [545/2111] : done (1998ms) 
 block [546/2111] : done (2006ms) 
 block [547/2111] : done (2064ms) 
 block [548/2111] : done (2020ms) 
 block [549/2111] : done (1997ms) 
 block [550/2111] : done (1978ms) 
 block [551/2111] : done (2082ms) 
 block [552/2111] : done (1995ms) 
 block [553/2111] : done (2030ms) 
 block [554/2111] : done (2004ms) 
 block [555/2111] : done (1947ms) 
 block [556/2111] : done (1922ms) 
 block [557/2111] : done (1965ms) 
 block [558/2111] : done (1979ms) 
 block [559/2111] : done (1953ms) 
 block [560/2111] : done (1992ms) 
 block [561/2111] : done (2056ms) 
 block [562/2111] : done (2012ms) 
 block [563/2111] : done (2037ms) 
 block [564/2111] : done (2020ms) 
 block [565/2111] : done (2028ms) 
 block [566/2111] : done (2051ms) 
 block [567/2111] : done (2020ms) 
 block [568/2111] : done (1993ms) 
 block [569/2111] : done (2038ms) 
 block [570/2111] : done (2000ms) 
 block [571/2111] : done (2004ms) 
 block [572/2111] : done (2108ms) 
 block [573/2111] : done (2072ms) 
 block [574/2111] : done (1998ms) 
 block [575/2111] : done (1985ms) 
 block [576/2111] : done (2016ms) 
 block [577/2111] : done (1988ms) 
 block [578/2111] : done (1989ms) 
 block [579/2111] : done (1969ms) 
 block [580/2111] : done (1967ms) 
 block [581/2111] : done (1978ms) 
 block [582/2111] : done (1976ms) 
 block [583/2111] : done (1984ms) 
 block [584/2111] : done (1986ms) 
 block [585/2111] : done (2012ms) 
 block [586/2111] : done (2067ms) 
 block [587/2111] : done (2025ms) 
 block [588/2111] : done (2001ms) 
 block [589/2111] : done (2018ms) 
 block [590/2111] : done (1984ms) 
 block [591/2111] : done (1997ms) 
 block [592/2111] : done (2000ms) 
 block [593/2111] : done (2025ms) 
 block [594/2111] : done (2004ms) 
 block [595/2111] : done (1984ms) 
 block [596/2111] : done (1997ms) 
 block [597/2111] : done (2107ms) 
 block [598/2111] : done (2020ms) 
 block [599/2111] : done (1986ms) 
 block [600/2111] : done (1996ms) 
 block [601/2111] : done (1978ms) 
 block [602/2111] : done (1978ms) 
 block [603/2111] : done (2034ms) 
 block [604/2111] : done (1975ms) 
 block [605/2111] : done (2016ms) 
 block [606/2111] : done (2014ms) 
 block [607/2111] : done (1941ms) 
 block [608/2111] : done (1939ms) 
 block [609/2111] : done (1950ms) 
 block [610/2111] : done (1973ms) 
 block [611/2111] : done (2023ms) 
 block [612/2111] : done (1971ms) 
 block [613/2111] : done (1991ms) 
 block [614/2111] : done (1986ms) 
 block [615/2111] : done (1959ms) 
 block [616/2111] : done (2000ms) 
 block [617/2111] : done (2052ms) 
 block [618/2111] : done (1959ms) 
 block [619/2111] : done (1974ms) 
 block [620/2111] : done (1990ms) 
 block [621/2111] : done (2048ms) 
 block [622/2111] : done (2025ms) 
 block [623/2111] : done (1972ms) 
 block [624/2111] : done (1958ms) 
 block [625/2111] : done (1980ms) 
 block [626/2111] : done (2004ms) 
 block [627/2111] : done (2006ms) 
 block [628/2111] : done (2012ms) 
 block [629/2111] : done (1984ms) 
 block [630/2111] : done (2015ms) 
 block [631/2111] : done (2037ms) 
 block [632/2111] : done (2029ms) 
 block [633/2111] : done (1977ms) 
 block [634/2111] : done (2008ms) 
 block [635/2111] : done (1979ms) 
 block [636/2111] : done (2050ms) 
 block [637/2111] : done (2050ms) 
 block [638/2111] : done (1998ms) 
 block [639/2111] : done (2026ms) 
 block [640/2111] : done (2017ms) 
 block [641/2111] : done (1976ms) 
 block [642/2111] : done (1962ms) 
 block [643/2111] : done (2054ms) 
 block [644/2111] : done (2088ms) 
 block [645/2111] : done (2030ms) 
 block [646/2111] : done (1994ms) 
 block [647/2111] : done (2020ms) 
 block [648/2111] : done (1994ms) 
 block [649/2111] : done (2023ms) 
 block [650/2111] : done (2046ms) 
 block [651/2111] : done (1993ms) 
 block [652/2111] : done (1986ms) 
 block [653/2111] : done (2031ms) 
 block [654/2111] : done (2116ms) 
 block [655/2111] : done (1991ms) 
 block [656/2111] : done (2054ms) 
 block [657/2111] : done (1953ms) 
 block [658/2111] : done (1928ms) 
 block [659/2111] : done (1981ms) 
 block [660/2111] : done (1986ms) 
 block [661/2111] : done (1915ms) 
 block [662/2111] : done (1977ms) 
 block [663/2111] : done (1983ms) 
 block [664/2111] : done (1991ms) 
 block [665/2111] : done (1983ms) 
 block [666/2111] : done (1995ms) 
 block [667/2111] : done (2043ms) 
 block [668/2111] : done (2059ms) 
 block [669/2111] : done (2014ms) 
 block [670/2111] : done (2009ms) 
 block [671/2111] : done (1994ms) 
 block [672/2111] : done (1976ms) 
 block [673/2111] : done (1994ms) 
 block [674/2111] : done (1937ms) 
 block [675/2111] : done (1984ms) 
 block [676/2111] : done (2005ms) 
 block [677/2111] : done (2026ms) 
 block [678/2111] : done (1975ms) 
 block [679/2111] : done (1966ms) 
 block [680/2111] : done (1979ms) 
 block [681/2111] : done (1958ms) 
 block [682/2111] : done (2024ms) 
 block [683/2111] : done (2015ms) 
 block [684/2111] : done (2033ms) 
 block [685/2111] : done (2041ms) 
 block [686/2111] : done (2114ms) 
 block [687/2111] : done (1968ms) 
 block [688/2111] : done (2029ms) 
 block [689/2111] : done (2062ms) 
 block [690/2111] : done (1966ms) 
 block [691/2111] : done (1993ms) 
 block [692/2111] : done (2015ms) 
 block [693/2111] : done (1991ms) 
 block [694/2111] : done (1984ms) 
 block [695/2111] : done (1954ms) 
 block [696/2111] : done (2006ms) 
 block [697/2111] : done (1987ms) 
 block [698/2111] : done (1989ms) 
 block [699/2111] : done (1977ms) 
 block [700/2111] : done (1991ms) 
 block [701/2111] : done (1984ms) 
 block [702/2111] : done (2038ms) 
 block [703/2111] : done (2455ms) 
 block [704/2111] : done (2053ms) 
 block [705/2111] : done (2108ms) 
 block [706/2111] : done (2056ms) 
 block [707/2111] : done (5336ms) 
 block [708/2111] : done (1975ms) 
 block [709/2111] : done (1984ms) 
 block [710/2111] : done (2052ms) 
 block [711/2111] : done (1997ms) 
 block [712/2111] : done (2022ms) 
 block [713/2111] : done (2066ms) 
 block [714/2111] : done (1994ms) 
 block [715/2111] : done (2065ms) 
 block [716/2111] : done (1999ms) 
 block [717/2111] : done (1972ms) 
 block [718/2111] : done (2050ms) 
 block [719/2111] : done (2100ms) 
 block [720/2111] : done (2094ms) 
 block [721/2111] : done (2041ms) 
 block [722/2111] : done (1991ms) 
 block [723/2111] : done (2046ms) 
 block [724/2111] : done (2040ms) 
 block [725/2111] : done (2042ms) 
 block [726/2111] : done (2027ms) 
 block [727/2111] : done (2091ms) 
 block [728/2111] : done (2082ms) 
 block [729/2111] : done (2059ms) 
 block [730/2111] : done (2066ms) 
 block [731/2111] : done (2017ms) 
 block [732/2111] : done (2026ms) 
 block [733/2111] : done (2055ms) 
 block [734/2111] : done (2015ms) 
 block [735/2111] : done (2057ms) 
 block [736/2111] : done (1983ms) 
 block [737/2111] : done (2054ms) 
 block [738/2111] : done (2025ms) 
 block [739/2111] : done (2010ms) 
 block [740/2111] : done (2080ms) 
 block [741/2111] : done (1921ms) 
 block [742/2111] : done (1991ms) 
 block [743/2111] : done (2002ms) 
 block [744/2111] : done (2038ms) 
 block [745/2111] : done (2061ms) 
 block [746/2111] : done (2035ms) 
 block [747/2111] : done (2127ms) 
 block [748/2111] : done (2088ms) 
 block [749/2111] : done (2058ms) 
 block [750/2111] : done (2092ms) 
 block [751/2111] : done (2004ms) 
 block [752/2111] : done (2053ms) 
 block [753/2111] : done (2029ms) 
 block [754/2111] : done (2054ms) 
 block [755/2111] : done (1960ms) 
 block [756/2111] : done (1989ms) 
 block [757/2111] : done (2071ms) 
 block [758/2111] : done (2050ms) 
 block [759/2111] : done (2049ms) 
 block [760/2111] : done (2085ms) 
 block [761/2111] : done (2081ms) 
 block [762/2111] : done (2125ms) 
 block [763/2111] : done (2051ms) 
 block [764/2111] : done (2097ms) 
 block [765/2111] : done (2051ms) 
 block [766/2111] : done (2037ms) 
 block [767/2111] : done (2058ms) 
 block [768/2111] : done (2066ms) 
 block [769/2111] : done (2089ms) 
 block [770/2111] : done (2075ms) 
 block [771/2111] : done (2107ms) 
 block [772/2111] : done (1943ms) 
 block [773/2111] : done (1942ms) 
 block [774/2111] : done (1940ms) 
 block [775/2111] : done (1902ms) 
 block [776/2111] : done (1989ms) 
 block [777/2111] : done (1941ms) 
 block [778/2111] : done (1946ms) 
 block [779/2111] : done (1995ms) 
 block [780/2111] : done (2035ms) 
 block [781/2111] : done (2036ms) 
 block [782/2111] : done (2047ms) 
 block [783/2111] : done (2104ms) 
 block [784/2111] : done (2061ms) 
 block [785/2111] : done (2021ms) 
 block [786/2111] : done (2017ms) 
 block [787/2111] : done (1990ms) 
 block [788/2111] : done (2016ms) 
 block [789/2111] : done (2006ms) 
 block [790/2111] : done (2091ms) 
 block [791/2111] : done (2065ms) 
 block [792/2111] : done (2136ms) 
 block [793/2111] : done (2160ms) 
 block [794/2111] : done (2123ms) 
 block [795/2111] : done (2151ms) 
 block [796/2111] : done (2041ms) 
 block [797/2111] : done (2105ms) 
 block [798/2111] : done (2046ms) 
 block [799/2111] : done (2040ms) 
 block [800/2111] : done (2000ms) 
 block [801/2111] : done (1958ms) 
 block [802/2111] : done (1971ms) 
 block [803/2111] : done (2006ms) 
 block [804/2111] : done (2038ms) 
 block [805/2111] : done (1996ms) 
 block [806/2111] : done (2063ms) 
 block [807/2111] : done (2075ms) 
 block [808/2111] : done (2060ms) 
 block [809/2111] : done (1954ms) 
 block [810/2111] : done (2043ms) 
 block [811/2111] : done (2067ms) 
 block [812/2111] : done (2073ms) 
 block [813/2111] : done (2142ms) 
 block [814/2111] : done (2058ms) 
 block [815/2111] : done (2124ms) 
 block [816/2111] : done (2157ms) 
 block [817/2111] : done (2128ms) 
 block [818/2111] : done (2164ms) 
 block [819/2111] : done (2076ms) 
 block [820/2111] : done (2061ms) 
 block [821/2111] : done (2088ms) 
 block [822/2111] : done (2135ms) 
 block [823/2111] : done (2032ms) 
 block [824/2111] : done (2100ms) 
 block [825/2111] : done (2117ms) 
 block [826/2111] : done (2135ms) 
 block [827/2111] : done (2061ms) 
 block [828/2111] : done (2112ms) 
 block [829/2111] : done (2142ms) 
 block [830/2111] : done (2068ms) 
 block [831/2111] : done (2015ms) 
 block [832/2111] : done (2032ms) 
 block [833/2111] : done (1979ms) 
 block [834/2111] : done (2059ms) 
 block [835/2111] : done (2065ms) 
 block [836/2111] : done (2030ms) 
 block [837/2111] : done (2050ms) 
 block [838/2111] : done (2073ms) 
 block [839/2111] : done (2114ms) 
 block [840/2111] : done (2085ms) 
 block [841/2111] : done (2025ms) 
 block [842/2111] : done (2070ms) 
 block [843/2111] : done (2089ms) 
 block [844/2111] : done (2066ms) 
 block [845/2111] : done (2140ms) 
 block [846/2111] : done (2073ms) 
 block [847/2111] : done (2043ms) 
 block [848/2111] : done (2067ms) 
 block [849/2111] : done (2038ms) 
 block [850/2111] : done (2074ms) 
 block [851/2111] : done (2100ms) 
 block [852/2111] : done (2061ms) 
 block [853/2111] : done (2048ms) 
 block [854/2111] : done (2085ms) 
 block [855/2111] : done (2084ms) 
 block [856/2111] : done (2081ms) 
 block [857/2111] : done (2142ms) 
 block [858/2111] : done (2095ms) 
 block [859/2111] : done (2087ms) 
 block [860/2111] : done (2108ms) 
 block [861/2111] : done (2003ms) 
 block [862/2111] : done (2023ms) 
 block [863/2111] : done (2018ms) 
 block [864/2111] : done (2008ms) 
 block [865/2111] : done (2019ms) 
 block [866/2111] : done (2016ms) 
 block [867/2111] : done (2006ms) 
 block [868/2111] : done (1998ms) 
 block [869/2111] : done (2025ms) 
 block [870/2111] : done (2047ms) 
 block [871/2111] : done (2057ms) 
 block [872/2111] : done (2147ms) 
 block [873/2111] : done (2095ms) 
 block [874/2111] : done (2078ms) 
 block [875/2111] : done (2132ms) 
 block [876/2111] : done (2089ms) 
 block [877/2111] : done (2123ms) 
 block [878/2111] : done (2137ms) 
 block [879/2111] : done (2141ms) 
 block [880/2111] : done (2037ms) 
 block [881/2111] : done (2057ms) 
 block [882/2111] : done (2109ms) 
 block [883/2111] : done (2093ms) 
 block [884/2111] : done (2072ms) 
 block [885/2111] : done (2099ms) 
 block [886/2111] : done (2098ms) 
 block [887/2111] : done (2064ms) 
 block [888/2111] : done (2062ms) 
 block [889/2111] : done (2017ms) 
 block [890/2111] : done (2007ms) 
 block [891/2111] : done (2057ms) 
 block [892/2111] : done (2118ms) 
 block [893/2111] : done (2046ms) 
 block [894/2111] : done (2037ms) 
 block [895/2111] : done (2030ms) 
 block [896/2111] : done (2077ms) 
 block [897/2111] : done (2029ms) 
 block [898/2111] : done (2053ms) 
 block [899/2111] : done (2049ms) 
 block [900/2111] : done (2004ms) 
 block [901/2111] : done (2022ms) 
 block [902/2111] : done (2015ms) 
 block [903/2111] : done (1967ms) 
 block [904/2111] : done (2011ms) 
 block [905/2111] : done (2106ms) 
 block [906/2111] : done (2013ms) 
 block [907/2111] : done (1658ms) 
 block [908/2111] : done (1951ms) 
 block [909/2111] : done (1915ms) 
 block [910/2111] : done (1876ms) 
 block [911/2111] : done (1933ms) 
 block [912/2111] : done (1867ms) 
 block [913/2111] : done (1901ms) 
 block [914/2111] : done (1919ms) 
 block [915/2111] : done (1885ms) 
 block [916/2111] : done (1905ms) 
 block [917/2111] : done (2097ms) 
 block [918/2111] : done (2129ms) 
 block [919/2111] : done (2023ms) 
 block [920/2111] : done (2032ms) 
 block [921/2111] : done (2046ms) 
 block [922/2111] : done (2029ms) 
 block [923/2111] : done (1997ms) 
 block [924/2111] : done (2027ms) 
 block [925/2111] : done (1965ms) 
 block [926/2111] : done (1974ms) 
 block [927/2111] : done (2006ms) 
 block [928/2111] : done (1962ms) 
 block [929/2111] : done (1998ms) 
 block [930/2111] : done (2023ms) 
 block [931/2111] : done (2032ms) 
 block [932/2111] : done (2074ms) 
 block [933/2111] : done (2001ms) 
 block [934/2111] : done (2056ms) 
 block [935/2111] : done (2022ms) 
 block [936/2111] : done (1986ms) 
 block [937/2111] : done (2014ms) 
 block [938/2111] : done (2024ms) 
 block [939/2111] : done (1986ms) 
 block [940/2111] : done (2014ms) 
 block [941/2111] : done (2028ms) 
 block [942/2111] : done (1990ms) 
 block [943/2111] : done (2035ms) 
 block [944/2111] : done (2007ms) 
 block [945/2111] : done (2019ms) 
 block [946/2111] : done (2023ms) 
 block [947/2111] : done (1981ms) 
 block [948/2111] : done (2001ms) 
 block [949/2111] : done (2001ms) 
 block [950/2111] : done (2049ms) 
 block [951/2111] : done (2085ms) 
 block [952/2111] : done (2008ms) 
 block [953/2111] : done (2020ms) 
 block [954/2111] : done (2019ms) 
 block [955/2111] : done (1967ms) 
 block [956/2111] : done (1956ms) 
 block [957/2111] : done (1963ms) 
 block [958/2111] : done (2029ms) 
 block [959/2111] : done (1987ms) 
 block [960/2111] : done (2124ms) 
 block [961/2111] : done (2075ms) 
 block [962/2111] : done (2015ms) 
 block [963/2111] : done (2031ms) 
 block [964/2111] : done (2121ms) 
 block [965/2111] : done (2009ms) 
 block [966/2111] : done (2093ms) 
 block [967/2111] : done (1988ms) 
 block [968/2111] : done (1929ms) 
 block [969/2111] : done (1942ms) 
 block [970/2111] : done (2018ms) 
 block [971/2111] : done (2037ms) 
 block [972/2111] : done (1962ms) 
 block [973/2111] : done (2110ms) 
 block [974/2111] : done (2141ms) 
 block [975/2111] : done (2040ms) 
 block [976/2111] : done (2051ms) 
 block [977/2111] : done (2019ms) 
 block [978/2111] : done (1998ms) 
 block [979/2111] : done (2023ms) 
 block [980/2111] : done (2009ms) 
 block [981/2111] : done (2000ms) 
 block [982/2111] : done (1991ms) 
 block [983/2111] : done (2004ms) 
 block [984/2111] : done (2015ms) 
 block [985/2111] : done (2025ms) 
 block [986/2111] : done (2028ms) 
 block [987/2111] : done (2039ms) 
 block [988/2111] : done (2026ms) 
 block [989/2111] : done (2042ms) 
 block [990/2111] : done (2038ms) 
 block [991/2111] : done (1978ms) 
 block [992/2111] : done (2012ms) 
 block [993/2111] : done (2047ms) 
 block [994/2111] : done (2047ms) 
 block [995/2111] : done (1937ms) 
 block [996/2111] : done (2706ms) 
 block [997/2111] : done (2001ms) 
 block [998/2111] : done (2042ms) 
 block [999/2111] : done (2022ms) 
 block [1000/2111] : done (2033ms) 
 block [1001/2111] : done (2026ms) 
 block [1002/2111] : done (2018ms) 
 block [1003/2111] : done (2015ms) 
 block [1004/2111] : done (2020ms) 
 block [1005/2111] : done (2047ms) 
 block [1006/2111] : done (2052ms) 
 block [1007/2111] : done (2054ms) 
 block [1008/2111] : done (2048ms) 
 block [1009/2111] : done (1988ms) 
 block [1010/2111] : done (1977ms) 
 block [1011/2111] : done (2039ms) 
 block [1012/2111] : done (2000ms) 
 block [1013/2111] : done (1968ms) 
 block [1014/2111] : done (2034ms) 
 block [1015/2111] : done (1996ms) 
 block [1016/2111] : done (2060ms) 
 block [1017/2111] : done (2026ms) 
 block [1018/2111] : done (1982ms) 
 block [1019/2111] : done (2074ms) 
 block [1020/2111] : done (2057ms) 
 block [1021/2111] : done (2097ms) 
 block [1022/2111] : done (2110ms) 
 block [1023/2111] : done (2120ms) 
 block [1024/2111] : done (2088ms) 
 block [1025/2111] : done (2083ms) 
 block [1026/2111] : done (2055ms) 
 block [1027/2111] : done (2092ms) 
 block [1028/2111] : done (2050ms) 
 block [1029/2111] : done (2052ms) 
 block [1030/2111] : done (2014ms) 
 block [1031/2111] : done (2087ms) 
 block [1032/2111] : done (1999ms) 
 block [1033/2111] : done (2030ms) 
 block [1034/2111] : done (1968ms) 
 block [1035/2111] : done (2015ms) 
 block [1036/2111] : done (2042ms) 
 block [1037/2111] : done (1992ms) 
 block [1038/2111] : done (2028ms) 
 block [1039/2111] : done (2019ms) 
 block [1040/2111] : done (1984ms) 
 block [1041/2111] : done (2023ms) 
 block [1042/2111] : done (2010ms) 
 block [1043/2111] : done (2007ms) 
 block [1044/2111] : done (2026ms) 
 block [1045/2111] : done (2035ms) 
 block [1046/2111] : done (2060ms) 
 block [1047/2111] : done (2048ms) 
 block [1048/2111] : done (2030ms) 
 block [1049/2111] : done (2017ms) 
 block [1050/2111] : done (1951ms) 
 block [1051/2111] : done (1930ms) 
 block [1052/2111] : done (1937ms) 
 block [1053/2111] : done (1950ms) 
 block [1054/2111] : done (1936ms) 
 block [1055/2111] : done (1944ms) 
 block [1056/2111] : done (2021ms) 
 block [1057/2111] : done (1973ms) 
 block [1058/2111] : done (1977ms) 
 block [1059/2111] : done (2017ms) 
 block [1060/2111] : done (2062ms) 
 block [1061/2111] : done (2001ms) 
 block [1062/2111] : done (1970ms) 
 block [1063/2111] : done (1981ms) 
 block [1064/2111] : done (1968ms) 
 block [1065/2111] : done (2004ms) 
 block [1066/2111] : done (2086ms) 
 block [1067/2111] : done (2003ms) 
 block [1068/2111] : done (1862ms) 
 block [1069/2111] : done (2004ms) 
 block [1070/2111] : done (2044ms) 
 block [1071/2111] : done (1992ms) 
 block [1072/2111] : done (1977ms) 
 block [1073/2111] : done (2016ms) 
 block [1074/2111] : done (2013ms) 
 block [1075/2111] : done (1985ms) 
 block [1076/2111] : done (2038ms) 
 block [1077/2111] : done (1980ms) 
 block [1078/2111] : done (2010ms) 
 block [1079/2111] : done (2044ms) 
 block [1080/2111] : done (1996ms) 
 block [1081/2111] : done (2027ms) 
 block [1082/2111] : done (2107ms) 
 block [1083/2111] : done (2062ms) 
 block [1084/2111] : done (2070ms) 
 block [1085/2111] : done (2018ms) 
 block [1086/2111] : done (2001ms) 
 block [1087/2111] : done (1982ms) 
 block [1088/2111] : done (1959ms) 
 block [1089/2111] : done (1925ms) 
 block [1090/2111] : done (1968ms) 
 block [1091/2111] : done (1966ms) 
 block [1092/2111] : done (1958ms) 
 block [1093/2111] : done (1977ms) 
 block [1094/2111] : done (2002ms) 
 block [1095/2111] : done (1982ms) 
 block [1096/2111] : done (1994ms) 
 block [1097/2111] : done (2002ms) 
 block [1098/2111] : done (1998ms) 
 block [1099/2111] : done (2027ms) 
 block [1100/2111] : done (1994ms) 
 block [1101/2111] : done (2004ms) 
 block [1102/2111] : done (1959ms) 
 block [1103/2111] : done (2008ms) 
 block [1104/2111] : done (1932ms) 
 block [1105/2111] : done (1994ms) 
 block [1106/2111] : done (1988ms) 
 block [1107/2111] : done (1974ms) 
 block [1108/2111] : done (1995ms) 
 block [1109/2111] : done (2016ms) 
 block [1110/2111] : done (2003ms) 
 block [1111/2111] : done (2040ms) 
 block [1112/2111] : done (2013ms) 
 block [1113/2111] : done (2063ms) 
 block [1114/2111] : done (2068ms) 
 block [1115/2111] : done (1987ms) 
 block [1116/2111] : done (2043ms) 
 block [1117/2111] : done (1992ms) 
 block [1118/2111] : done (2042ms) 
 block [1119/2111] : done (2029ms) 
 block [1120/2111] : done (1996ms) 
 block [1121/2111] : done (1988ms) 
 block [1122/2111] : done (2004ms) 
 block [1123/2111] : done (2047ms) 
 block [1124/2111] : done (2062ms) 
 block [1125/2111] : done (2020ms) 
 block [1126/2111] : done (1950ms) 
 block [1127/2111] : done (1954ms) 
 block [1128/2111] : done (1967ms) 
 block [1129/2111] : done (1974ms) 
 block [1130/2111] : done (1992ms) 
 block [1131/2111] : done (2033ms) 
 block [1132/2111] : done (2013ms) 
 block [1133/2111] : done (1970ms) 
 block [1134/2111] : done (1991ms) 
 block [1135/2111] : done (2090ms) 
 block [1136/2111] : done (1995ms) 
 block [1137/2111] : done (2003ms) 
 block [1138/2111] : done (2078ms) 
 block [1139/2111] : done (1973ms) 
 block [1140/2111] : done (2034ms) 
 block [1141/2111] : done (2009ms) 
 block [1142/2111] : done (2016ms) 
 block [1143/2111] : done (2011ms) 
 block [1144/2111] : done (1989ms) 
 block [1145/2111] : done (1989ms) 
 block [1146/2111] : done (1983ms) 
 block [1147/2111] : done (1974ms) 
 block [1148/2111] : done (1993ms) 
 block [1149/2111] : done (1964ms) 
 block [1150/2111] : done (2052ms) 
 block [1151/2111] : done (2013ms) 
 block [1152/2111] : done (1970ms) 
 block [1153/2111] : done (2059ms) 
 block [1154/2111] : done (2000ms) 
 block [1155/2111] : done (2003ms) 
 block [1156/2111] : done (1954ms) 
 block [1157/2111] : done (2000ms) 
 block [1158/2111] : done (2013ms) 
 block [1159/2111] : done (1941ms) 
 block [1160/2111] : done (1923ms) 
 block [1161/2111] : done (1969ms) 
 block [1162/2111] : done (1937ms) 
 block [1163/2111] : done (2007ms) 
 block [1164/2111] : done (1982ms) 
 block [1165/2111] : done (1995ms) 
 block [1166/2111] : done (1993ms) 
 block [1167/2111] : done (1978ms) 
 block [1168/2111] : done (1941ms) 
 block [1169/2111] : done (1946ms) 
 block [1170/2111] : done (1925ms) 
 block [1171/2111] : done (1988ms) 
 block [1172/2111] : done (2019ms) 
 block [1173/2111] : done (2029ms) 
 block [1174/2111] : done (1902ms) 
 block [1175/2111] : done (1990ms) 
 block [1176/2111] : done (2033ms) 
 block [1177/2111] : done (1995ms) 
 block [1178/2111] : done (2017ms) 
 block [1179/2111] : done (1981ms) 
 block [1180/2111] : done (1972ms) 
 block [1181/2111] : done (2007ms) 
 block [1182/2111] : done (2091ms) 
 block [1183/2111] : done (2176ms) 
 block [1184/2111] : done (2113ms) 
 block [1185/2111] : done (2108ms) 
 block [1186/2111] : done (2068ms) 
 block [1187/2111] : done (2088ms) 
 block [1188/2111] : done (2053ms) 
 block [1189/2111] : done (2010ms) 
 block [1190/2111] : done (2097ms) 
 block [1191/2111] : done (1957ms) 
 block [1192/2111] : done (2038ms) 
 block [1193/2111] : done (1982ms) 
 block [1194/2111] : done (2003ms) 
 block [1195/2111] : done (1976ms) 
 block [1196/2111] : done (1954ms) 
 block [1197/2111] : done (1977ms) 
 block [1198/2111] : done (2062ms) 
 block [1199/2111] : done (2032ms) 
 block [1200/2111] : done (2000ms) 
 block [1201/2111] : done (2048ms) 
 block [1202/2111] : done (1970ms) 
 block [1203/2111] : done (1929ms) 
 block [1204/2111] : done (1934ms) 
 block [1205/2111] : done (1947ms) 
 block [1206/2111] : done (1993ms) 
 block [1207/2111] : done (1991ms) 
 block [1208/2111] : done (1980ms) 
 block [1209/2111] : done (2008ms) 
 block [1210/2111] : done (1998ms) 
 block [1211/2111] : done (2037ms) 
 block [1212/2111] : done (2039ms) 
 block [1213/2111] : done (1994ms) 
 block [1214/2111] : done (2022ms) 
 block [1215/2111] : done (2024ms) 
 block [1216/2111] : done (1988ms) 
 block [1217/2111] : done (2052ms) 
 block [1218/2111] : done (1988ms) 
 block [1219/2111] : done (1994ms) 
 block [1220/2111] : done (2031ms) 
 block [1221/2111] : done (2019ms) 
 block [1222/2111] : done (1993ms) 
 block [1223/2111] : done (1976ms) 
 block [1224/2111] : done (1980ms) 
 block [1225/2111] : done (1969ms) 
 block [1226/2111] : done (1982ms) 
 block [1227/2111] : done (2001ms) 
 block [1228/2111] : done (2098ms) 
 block [1229/2111] : done (2083ms) 
 block [1230/2111] : done (2102ms) 
 block [1231/2111] : done (2036ms) 
 block [1232/2111] : done (2122ms) 
 block [1233/2111] : done (2193ms) 
 block [1234/2111] : done (2124ms) 
 block [1235/2111] : done (2098ms) 
 block [1236/2111] : done (2012ms) 
 block [1237/2111] : done (2087ms) 
 block [1238/2111] : done (2104ms) 
 block [1239/2111] : done (2039ms) 
 block [1240/2111] : done (2057ms) 
 block [1241/2111] : done (1994ms) 
 block [1242/2111] : done (2092ms) 
 block [1243/2111] : done (1975ms) 
 block [1244/2111] : done (1956ms) 
 block [1245/2111] : done (1986ms) 
 block [1246/2111] : done (2006ms) 
 block [1247/2111] : done (1996ms) 
 block [1248/2111] : done (1999ms) 
 block [1249/2111] : done (2033ms) 
 block [1250/2111] : done (2053ms) 
 block [1251/2111] : done (1964ms) 
 block [1252/2111] : done (1976ms) 
 block [1253/2111] : done (2015ms) 
 block [1254/2111] : done (2027ms) 
 block [1255/2111] : done (2023ms) 
 block [1256/2111] : done (2001ms) 
 block [1257/2111] : done (2038ms) 
 block [1258/2111] : done (1995ms) 
 block [1259/2111] : done (2004ms) 
 block [1260/2111] : done (2057ms) 
 block [1261/2111] : done (2116ms) 
 block [1262/2111] : done (2134ms) 
 block [1263/2111] : done (2123ms) 
 block [1264/2111] : done (2082ms) 
 block [1265/2111] : done (2057ms) 
 block [1266/2111] : done (1999ms) 
 block [1267/2111] : done (2000ms) 
 block [1268/2111] : done (1983ms) 
 block [1269/2111] : done (2025ms) 
 block [1270/2111] : done (2016ms) 
 block [1271/2111] : done (2013ms) 
 block [1272/2111] : done (2077ms) 
 block [1273/2111] : done (2094ms) 
 block [1274/2111] : done (2010ms) 
 block [1275/2111] : done (1985ms) 
 block [1276/2111] : done (2007ms) 
 block [1277/2111] : done (2047ms) 
 block [1278/2111] : done (2149ms) 
 block [1279/2111] : done (2039ms) 
 block [1280/2111] : done (2059ms) 
 block [1281/2111] : done (2112ms) 
 block [1282/2111] : done (2048ms) 
 block [1283/2111] : done (2035ms) 
 block [1284/2111] : done (2070ms) 
 block [1285/2111] : done (2107ms) 
 block [1286/2111] : done (2048ms) 
 block [1287/2111] : done (2051ms) 
 block [1288/2111] : done (2057ms) 
 block [1289/2111] : done (2080ms) 
 block [1290/2111] : done (2193ms) 
 block [1291/2111] : done (2064ms) 
 block [1292/2111] : done (1998ms) 
 block [1293/2111] : done (1985ms) 
 block [1294/2111] : done (2022ms) 
 block [1295/2111] : done (1986ms) 
 block [1296/2111] : done (1989ms) 
 block [1297/2111] : done (2063ms) 
 block [1298/2111] : done (2038ms) 
 block [1299/2111] : done (1955ms) 
 block [1300/2111] : done (1998ms) 
 block [1301/2111] : done (2005ms) 
 block [1302/2111] : done (1933ms) 
 block [1303/2111] : done (1978ms) 
 block [1304/2111] : done (1956ms) 
 block [1305/2111] : done (1955ms) 
 block [1306/2111] : done (1994ms) 
 block [1307/2111] : done (2002ms) 
 block [1308/2111] : done (1966ms) 
 block [1309/2111] : done (1978ms) 
 block [1310/2111] : done (1972ms) 
 block [1311/2111] : done (2053ms) 
 block [1312/2111] : done (1996ms) 
 block [1313/2111] : done (2131ms) 
 block [1314/2111] : done (2107ms) 
 block [1315/2111] : done (2081ms) 
 block [1316/2111] : done (2092ms) 
 block [1317/2111] : done (2022ms) 
 block [1318/2111] : done (2072ms) 
 block [1319/2111] : done (2078ms) 
 block [1320/2111] : done (2098ms) 
 block [1321/2111] : done (2114ms) 
 block [1322/2111] : done (2110ms) 
 block [1323/2111] : done (2007ms) 
 block [1324/2111] : done (2028ms) 
 block [1325/2111] : done (2009ms) 
 block [1326/2111] : done (2003ms) 
 block [1327/2111] : done (2011ms) 
 block [1328/2111] : done (1982ms) 
 block [1329/2111] : done (2022ms) 
 block [1330/2111] : done (2051ms) 
 block [1331/2111] : done (2058ms) 
 block [1332/2111] : done (2090ms) 
 block [1333/2111] : done (2037ms) 
 block [1334/2111] : done (2031ms) 
 block [1335/2111] : done (2020ms) 
 block [1336/2111] : done (2085ms) 
 block [1337/2111] : done (2133ms) 
 block [1338/2111] : done (2051ms) 
 block [1339/2111] : done (2159ms) 
 block [1340/2111] : done (2140ms) 
 block [1341/2111] : done (2084ms) 
 block [1342/2111] : done (2056ms) 
 block [1343/2111] : done (2045ms) 
 block [1344/2111] : done (2000ms) 
 block [1345/2111] : done (2044ms) 
 block [1346/2111] : done (1980ms) 
 block [1347/2111] : done (1994ms) 
 block [1348/2111] : done (2010ms) 
 block [1349/2111] : done (2051ms) 
 block [1350/2111] : done (2029ms) 
 block [1351/2111] : done (2038ms) 
 block [1352/2111] : done (2076ms) 
 block [1353/2111] : done (2043ms) 
 block [1354/2111] : done (1983ms) 
 block [1355/2111] : done (2012ms) 
 block [1356/2111] : done (2087ms) 
 block [1357/2111] : done (2099ms) 
 block [1358/2111] : done (2127ms) 
 block [1359/2111] : done (2158ms) 
 block [1360/2111] : done (2170ms) 
 block [1361/2111] : done (2070ms) 
 block [1362/2111] : done (2088ms) 
 block [1363/2111] : done (2032ms) 
 block [1364/2111] : done (2053ms) 
 block [1365/2111] : done (2057ms) 
 block [1366/2111] : done (2031ms) 
 block [1367/2111] : done (2005ms) 
 block [1368/2111] : done (2041ms) 
 block [1369/2111] : done (2090ms) 
 block [1370/2111] : done (2038ms) 
 block [1371/2111] : done (2100ms) 
 block [1372/2111] : done (2184ms) 
 block [1373/2111] : done (2147ms) 
 block [1374/2111] : done (2120ms) 
 block [1375/2111] : done (2084ms) 
 block [1376/2111] : done (2027ms) 
 block [1377/2111] : done (2020ms) 
 block [1378/2111] : done (2048ms) 
 block [1379/2111] : done (2047ms) 
 block [1380/2111] : done (1964ms) 
 block [1381/2111] : done (2082ms) 
 block [1382/2111] : done (2023ms) 
 block [1383/2111] : done (2020ms) 
 block [1384/2111] : done (1999ms) 
 block [1385/2111] : done (2015ms) 
 block [1386/2111] : done (2018ms) 
 block [1387/2111] : done (2050ms) 
 block [1388/2111] : done (1996ms) 
 block [1389/2111] : done (2002ms) 
 block [1390/2111] : done (2001ms) 
 block [1391/2111] : done (2052ms) 
 block [1392/2111] : done (2054ms) 
 block [1393/2111] : done (1957ms) 
 block [1394/2111] : done (2009ms) 
 block [1395/2111] : done (1988ms) 
 block [1396/2111] : done (1974ms) 
 block [1397/2111] : done (2027ms) 
 block [1398/2111] : done (2006ms) 
 block [1399/2111] : done (2056ms) 
 block [1400/2111] : done (2036ms) 
 block [1401/2111] : done (2026ms) 
 block [1402/2111] : done (2059ms) 
 block [1403/2111] : done (2046ms) 
 block [1404/2111] : done (2100ms) 
 block [1405/2111] : done (2064ms) 
 block [1406/2111] : done (2005ms) 
 block [1407/2111] : done (2038ms) 
 block [1408/2111] : done (1951ms) 
 block [1409/2111] : done (1958ms) 
 block [1410/2111] : done (1943ms) 
 block [1411/2111] : done (1996ms) 
 block [1412/2111] : done (2031ms) 
 block [1413/2111] : done (2013ms) 
 block [1414/2111] : done (2044ms) 
 block [1415/2111] : done (2049ms) 
 block [1416/2111] : done (2015ms) 
 block [1417/2111] : done (2052ms) 
 block [1418/2111] : done (2040ms) 
 block [1419/2111] : done (1994ms) 
 block [1420/2111] : done (2003ms) 
 block [1421/2111] : done (2043ms) 
 block [1422/2111] : done (2075ms) 
 block [1423/2111] : done (2073ms) 
 block [1424/2111] : done (2048ms) 
 block [1425/2111] : done (2003ms) 
 block [1426/2111] : done (2030ms) 
 block [1427/2111] : done (2056ms) 
 block [1428/2111] : done (2065ms) 
 block [1429/2111] : done (1981ms) 
 block [1430/2111] : done (2011ms) 
 block [1431/2111] : done (2028ms) 
 block [1432/2111] : done (2026ms) 
 block [1433/2111] : done (1949ms) 
 block [1434/2111] : done (1972ms) 
 block [1435/2111] : done (1936ms) 
 block [1436/2111] : done (1954ms) 
 block [1437/2111] : done (1993ms) 
 block [1438/2111] : done (2123ms) 
 block [1439/2111] : done (2088ms) 
 block [1440/2111] : done (2067ms) 
 block [1441/2111] : done (2130ms) 
 block [1442/2111] : done (2048ms) 
 block [1443/2111] : done (2046ms) 
 block [1444/2111] : done (2043ms) 
 block [1445/2111] : done (2037ms) 
 block [1446/2111] : done (2023ms) 
 block [1447/2111] : done (2012ms) 
 block [1448/2111] : done (2018ms) 
 block [1449/2111] : done (2073ms) 
 block [1450/2111] : done (2108ms) 
 block [1451/2111] : done (2115ms) 
 block [1452/2111] : done (2065ms) 
 block [1453/2111] : done (2117ms) 
 block [1454/2111] : done (2084ms) 
 block [1455/2111] : done (2029ms) 
 block [1456/2111] : done (2039ms) 
 block [1457/2111] : done (2001ms) 
 block [1458/2111] : done (2077ms) 
 block [1459/2111] : done (2035ms) 
 block [1460/2111] : done (2012ms) 
 block [1461/2111] : done (2005ms) 
 block [1462/2111] : done (2030ms) 
 block [1463/2111] : done (2055ms) 
 block [1464/2111] : done (2125ms) 
 block [1465/2111] : done (2081ms) 
 block [1466/2111] : done (2089ms) 
 block [1467/2111] : done (2083ms) 
 block [1468/2111] : done (2094ms) 
 block [1469/2111] : done (2077ms) 
 block [1470/2111] : done (2107ms) 
 block [1471/2111] : done (2131ms) 
 block [1472/2111] : done (2121ms) 
 block [1473/2111] : done (2086ms) 
 block [1474/2111] : done (2083ms) 
 block [1475/2111] : done (2086ms) 
 block [1476/2111] : done (2112ms) 
 block [1477/2111] : done (2084ms) 
 block [1478/2111] : done (2101ms) 
 block [1479/2111] : done (2117ms) 
 block [1480/2111] : done (2118ms) 
 block [1481/2111] : done (2039ms) 
 block [1482/2111] : done (2035ms) 
 block [1483/2111] : done (2083ms) 
 block [1484/2111] : done (2074ms) 
 block [1485/2111] : done (2056ms) 
 block [1486/2111] : done (2030ms) 
 block [1487/2111] : done (2034ms) 
 block [1488/2111] : done (2033ms) 
 block [1489/2111] : done (2024ms) 
 block [1490/2111] : done (2056ms) 
 block [1491/2111] : done (2113ms) 
 block [1492/2111] : done (2082ms) 
 block [1493/2111] : done (2088ms) 
 block [1494/2111] : done (2038ms) 
 block [1495/2111] : done (2060ms) 
 block [1496/2111] : done (2000ms) 
 block [1497/2111] : done (1984ms) 
 block [1498/2111] : done (1978ms) 
 block [1499/2111] : done (2032ms) 
 block [1500/2111] : done (2061ms) 
 block [1501/2111] : done (2087ms) 
 block [1502/2111] : done (2034ms) 
 block [1503/2111] : done (2055ms) 
 block [1504/2111] : done (2029ms) 
 block [1505/2111] : done (2065ms) 
 block [1506/2111] : done (2066ms) 
 block [1507/2111] : done (2131ms) 
 block [1508/2111] : done (2151ms) 
 block [1509/2111] : done (2151ms) 
 block [1510/2111] : done (2081ms) 
 block [1511/2111] : done (2082ms) 
 block [1512/2111] : done (2062ms) 
 block [1513/2111] : done (2085ms) 
 block [1514/2111] : done (2089ms) 
 block [1515/2111] : done (2026ms) 
 block [1516/2111] : done (2046ms) 
 block [1517/2111] : done (2047ms) 
 block [1518/2111] : done (2114ms) 
 block [1519/2111] : done (2084ms) 
 block [1520/2111] : done (2064ms) 
 block [1521/2111] : done (2038ms) 
 block [1522/2111] : done (2040ms) 
 block [1523/2111] : done (2022ms) 
 block [1524/2111] : done (2035ms) 
 block [1525/2111] : done (2035ms) 
 block [1526/2111] : done (1989ms) 
 block [1527/2111] : done (2002ms) 
 block [1528/2111] : done (2001ms) 
 block [1529/2111] : done (2044ms) 
 block [1530/2111] : done (2036ms) 
 block [1531/2111] : done (2065ms) 
 block [1532/2111] : done (2026ms) 
 block [1533/2111] : done (2001ms) 
 block [1534/2111] : done (2001ms) 
 block [1535/2111] : done (2029ms) 
 block [1536/2111] : done (2053ms) 
 block [1537/2111] : done (2004ms) 
 block [1538/2111] : done (2056ms) 
 block [1539/2111] : done (2082ms) 
 block [1540/2111] : done (2052ms) 
 block [1541/2111] : done (2083ms) 
 block [1542/2111] : done (2046ms) 
 block [1543/2111] : done (2076ms) 
 block [1544/2111] : done (2070ms) 
 block [1545/2111] : done (2045ms) 
 block [1546/2111] : done (2041ms) 
 block [1547/2111] : done (2050ms) 
 block [1548/2111] : done (2042ms) 
 block [1549/2111] : done (2034ms) 
 block [1550/2111] : done (2047ms) 
 block [1551/2111] : done (2098ms) 
 block [1552/2111] : done (2076ms) 
 block [1553/2111] : done (2035ms) 
 block [1554/2111] : done (2083ms) 
 block [1555/2111] : done (2048ms) 
 block [1556/2111] : done (2049ms) 
 block [1557/2111] : done (2138ms) 
 block [1558/2111] : done (2122ms) 
 block [1559/2111] : done (2102ms) 
 block [1560/2111] : done (2071ms) 
 block [1561/2111] : done (2056ms) 
 block [1562/2111] : done (2104ms) 
 block [1563/2111] : done (2099ms) 
 block [1564/2111] : done (2065ms) 
 block [1565/2111] : done (2056ms) 
 block [1566/2111] : done (2058ms) 
 block [1567/2111] : done (2088ms) 
 block [1568/2111] : done (2140ms) 
 block [1569/2111] : done (2115ms) 
 block [1570/2111] : done (2141ms) 
 block [1571/2111] : done (2152ms) 
 block [1572/2111] : done (2045ms) 
 block [1573/2111] : done (2059ms) 
 block [1574/2111] : done (2069ms) 
 block [1575/2111] : done (2084ms) 
 block [1576/2111] : done (2093ms) 
 block [1577/2111] : done (2087ms) 
 block [1578/2111] : done (1991ms) 
 block [1579/2111] : done (1959ms) 
 block [1580/2111] : done (1979ms) 
 block [1581/2111] : done (2105ms) 
 block [1582/2111] : done (2011ms) 
 block [1583/2111] : done (2172ms) 
 block [1584/2111] : done (2178ms) 
 block [1585/2111] : done (2150ms) 
 block [1586/2111] : done (2068ms) 
 block [1587/2111] : done (2163ms) 
 block [1588/2111] : done (2079ms) 
 block [1589/2111] : done (2066ms) 
 block [1590/2111] : done (2004ms) 
 block [1591/2111] : done (2093ms) 
 block [1592/2111] : done (2057ms) 
 block [1593/2111] : done (2055ms) 
 block [1594/2111] : done (2005ms) 
 block [1595/2111] : done (2000ms) 
 block [1596/2111] : done (2008ms) 
 block [1597/2111] : done (2027ms) 
 block [1598/2111] : done (2057ms) 
 block [1599/2111] : done (2026ms) 
 block [1600/2111] : done (2048ms) 
 block [1601/2111] : done (2046ms) 
 block [1602/2111] : done (2120ms) 
 block [1603/2111] : done (2146ms) 
 block [1604/2111] : done (2057ms) 
 block [1605/2111] : done (2038ms) 
 block [1606/2111] : done (2045ms) 
 block [1607/2111] : done (2083ms) 
 block [1608/2111] : done (2079ms) 
 block [1609/2111] : done (2065ms) 
 block [1610/2111] : done (2079ms) 
 block [1611/2111] : done (2020ms) 
 block [1612/2111] : done (1962ms) 
 block [1613/2111] : done (1975ms) 
 block [1614/2111] : done (2000ms) 
 block [1615/2111] : done (2035ms) 
 block [1616/2111] : done (2050ms) 
 block [1617/2111] : done (1986ms) 
 block [1618/2111] : done (2019ms) 
 block [1619/2111] : done (1999ms) 
 block [1620/2111] : done (1990ms) 
 block [1621/2111] : done (2031ms) 
 block [1622/2111] : done (1982ms) 
 block [1623/2111] : done (2167ms) 
 block [1624/2111] : done (2130ms) 
 block [1625/2111] : done (2036ms) 
 block [1626/2111] : done (2072ms) 
 block [1627/2111] : done (2147ms) 
 block [1628/2111] : done (2194ms) 
 block [1629/2111] : done (2142ms) 
 block [1630/2111] : done (2160ms) 
 block [1631/2111] : done (1979ms) 
 block [1632/2111] : done (2120ms) 
 block [1633/2111] : done (2100ms) 
 block [1634/2111] : done (2141ms) 
 block [1635/2111] : done (2112ms) 
 block [1636/2111] : done (2067ms) 
 block [1637/2111] : done (2061ms) 
 block [1638/2111] : done (2089ms) 
 block [1639/2111] : done (2027ms) 
 block [1640/2111] : done (2012ms) 
 block [1641/2111] : done (2026ms) 
 block [1642/2111] : done (2055ms) 
 block [1643/2111] : done (2030ms) 
 block [1644/2111] : done (1991ms) 
 block [1645/2111] : done (2020ms) 
 block [1646/2111] : done (2076ms) 
 block [1647/2111] : done (2033ms) 
 block [1648/2111] : done (2027ms) 
 block [1649/2111] : done (2014ms) 
 block [1650/2111] : done (2062ms) 
 block [1651/2111] : done (2022ms) 
 block [1652/2111] : done (2064ms) 
 block [1653/2111] : done (2095ms) 
 block [1654/2111] : done (2075ms) 
 block [1655/2111] : done (2136ms) 
 block [1656/2111] : done (2142ms) 
 block [1657/2111] : done (2101ms) 
 block [1658/2111] : done (2070ms) 
 block [1659/2111] : done (1997ms) 
 block [1660/2111] : done (2101ms) 
 block [1661/2111] : done (2060ms) 
 block [1662/2111] : done (2119ms) 
 block [1663/2111] : done (2096ms) 
 block [1664/2111] : done (2096ms) 
 block [1665/2111] : done (2141ms) 
 block [1666/2111] : done (2160ms) 
 block [1667/2111] : done (2126ms) 
 block [1668/2111] : done (2052ms) 
 block [1669/2111] : done (2116ms) 
 block [1670/2111] : done (2046ms) 
 block [1671/2111] : done (2049ms) 
 block [1672/2111] : done (2060ms) 
 block [1673/2111] : done (2101ms) 
 block [1674/2111] : done (2089ms) 
 block [1675/2111] : done (2047ms) 
 block [1676/2111] : done (2096ms) 
 block [1677/2111] : done (2090ms) 
 block [1678/2111] : done (2059ms) 
 block [1679/2111] : done (2193ms) 
 block [1680/2111] : done (2034ms) 
 block [1681/2111] : done (2051ms) 
 block [1682/2111] : done (2094ms) 
 block [1683/2111] : done (2040ms) 
 block [1684/2111] : done (2025ms) 
 block [1685/2111] : done (2028ms) 
 block [1686/2111] : done (2022ms) 
 block [1687/2111] : done (2091ms) 
 block [1688/2111] : done (2063ms) 
 block [1689/2111] : done (2064ms) 
 block [1690/2111] : done (1987ms) 
 block [1691/2111] : done (2046ms) 
 block [1692/2111] : done (2063ms) 
 block [1693/2111] : done (1996ms) 
 block [1694/2111] : done (1920ms) 
 block [1695/2111] : done (2071ms) 
 block [1696/2111] : done (2128ms) 
 block [1697/2111] : done (2151ms) 
 block [1698/2111] : done (2121ms) 
 block [1699/2111] : done (2100ms) 
 block [1700/2111] : done (2021ms) 
 block [1701/2111] : done (2036ms) 
 block [1702/2111] : done (2057ms) 
 block [1703/2111] : done (2071ms) 
 block [1704/2111] : done (2075ms) 
 block [1705/2111] : done (1969ms) 
 block [1706/2111] : done (1968ms) 
 block [1707/2111] : done (1979ms) 
 block [1708/2111] : done (2076ms) 
 block [1709/2111] : done (2058ms) 
 block [1710/2111] : done (2127ms) 
 block [1711/2111] : done (2056ms) 
 block [1712/2111] : done (2124ms) 
 block [1713/2111] : done (2185ms) 
 block [1714/2111] : done (2108ms) 
 block [1715/2111] : done (2052ms) 
 block [1716/2111] : done (2121ms) 
 block [1717/2111] : done (2099ms) 
 block [1718/2111] : done (2047ms) 
 block [1719/2111] : done (2031ms) 
 block [1720/2111] : done (2032ms) 
 block [1721/2111] : done (2066ms) 
 block [1722/2111] : done (2048ms) 
 block [1723/2111] : done (2063ms) 
 block [1724/2111] : done (2126ms) 
 block [1725/2111] : done (2070ms) 
 block [1726/2111] : done (2039ms) 
 block [1727/2111] : done (2045ms) 
 block [1728/2111] : done (2095ms) 
 block [1729/2111] : done (2185ms) 
 block [1730/2111] : done (2154ms) 
 block [1731/2111] : done (2106ms) 
 block [1732/2111] : done (2032ms) 
 block [1733/2111] : done (2071ms) 
 block [1734/2111] : done (2101ms) 
 block [1735/2111] : done (2090ms) 
 block [1736/2111] : done (2093ms) 
 block [1737/2111] : done (2049ms) 
 block [1738/2111] : done (2044ms) 
 block [1739/2111] : done (2062ms) 
 block [1740/2111] : done (2014ms) 
 block [1741/2111] : done (2068ms) 
 block [1742/2111] : done (2049ms) 
 block [1743/2111] : done (2105ms) 
 block [1744/2111] : done (2143ms) 
 block [1745/2111] : done (2111ms) 
 block [1746/2111] : done (2129ms) 
 block [1747/2111] : done (2092ms) 
 block [1748/2111] : done (2078ms) 
 block [1749/2111] : done (2037ms) 
 block [1750/2111] : done (1986ms) 
 block [1751/2111] : done (2042ms) 
 block [1752/2111] : done (2030ms) 
 block [1753/2111] : done (2027ms) 
 block [1754/2111] : done (2033ms) 
 block [1755/2111] : done (2060ms) 
 block [1756/2111] : done (2073ms) 
 block [1757/2111] : done (2043ms) 
 block [1758/2111] : done (2053ms) 
 block [1759/2111] : done (2040ms) 
 block [1760/2111] : done (2004ms) 
 block [1761/2111] : done (2079ms) 
 block [1762/2111] : done (2127ms) 
 block [1763/2111] : done (2004ms) 
 block [1764/2111] : done (2046ms) 
 block [1765/2111] : done (2071ms) 
 block [1766/2111] : done (2097ms) 
 block [1767/2111] : done (2108ms) 
 block [1768/2111] : done (2046ms) 
 block [1769/2111] : done (2122ms) 
 block [1770/2111] : done (2050ms) 
 block [1771/2111] : done (2014ms) 
 block [1772/2111] : done (2079ms) 
 block [1773/2111] : done (2098ms) 
 block [1774/2111] : done (2073ms) 
 block [1775/2111] : done (2081ms) 
 block [1776/2111] : done (2125ms) 
 block [1777/2111] : done (2046ms) 
 block [1778/2111] : done (2040ms) 
 block [1779/2111] : done (2036ms) 
 block [1780/2111] : done (2032ms) 
 block [1781/2111] : done (2018ms) 
 block [1782/2111] : done (2006ms) 
 block [1783/2111] : done (1974ms) 
 block [1784/2111] : done (2014ms) 
 block [1785/2111] : done (2040ms) 
 block [1786/2111] : done (2003ms) 
 block [1787/2111] : done (1992ms) 
 block [1788/2111] : done (1998ms) 
 block [1789/2111] : done (2000ms) 
 block [1790/2111] : done (1997ms) 
 block [1791/2111] : done (1992ms) 
 block [1792/2111] : done (1991ms) 
 block [1793/2111] : done (1985ms) 
 block [1794/2111] : done (1973ms) 
 block [1795/2111] : done (1990ms) 
 block [1796/2111] : done (2003ms) 
 block [1797/2111] : done (2007ms) 
 block [1798/2111] : done (1981ms) 
 block [1799/2111] : done (2023ms) 
 block [1800/2111] : done (2021ms) 
 block [1801/2111] : done (2070ms) 
 block [1802/2111] : done (2068ms) 
 block [1803/2111] : done (2007ms) 
 block [1804/2111] : done (2011ms) 
 block [1805/2111] : done (1985ms) 
 block [1806/2111] : done (1979ms) 
 block [1807/2111] : done (2083ms) 
 block [1808/2111] : done (2125ms) 
 block [1809/2111] : done (2127ms) 
 block [1810/2111] : done (2087ms) 
 block [1811/2111] : done (2074ms) 
 block [1812/2111] : done (2132ms) 
 block [1813/2111] : done (2059ms) 
 block [1814/2111] : done (2064ms) 
 block [1815/2111] : done (2019ms) 
 block [1816/2111] : done (2093ms) 
 block [1817/2111] : done (2044ms) 
 block [1818/2111] : done (2090ms) 
 block [1819/2111] : done (2043ms) 
 block [1820/2111] : done (2039ms) 
 block [1821/2111] : done (2006ms) 
 block [1822/2111] : done (2026ms) 
 block [1823/2111] : done (2054ms) 
 block [1824/2111] : done (2064ms) 
 block [1825/2111] : done (2100ms) 
 block [1826/2111] : done (2055ms) 
 block [1827/2111] : done (2020ms) 
 block [1828/2111] : done (2047ms) 
 block [1829/2111] : done (1987ms) 
 block [1830/2111] : done (2016ms) 
 block [1831/2111] : done (2050ms) 
 block [1832/2111] : done (2040ms) 
 block [1833/2111] : done (2046ms) 
 block [1834/2111] : done (2094ms) 
 block [1835/2111] : done (2044ms) 
 block [1836/2111] : done (2024ms) 
 block [1837/2111] : done (2087ms) 
 block [1838/2111] : done (1992ms) 
 block [1839/2111] : done (2014ms) 
 block [1840/2111] : done (2030ms) 
 block [1841/2111] : done (2092ms) 
 block [1842/2111] : done (2068ms) 
 block [1843/2111] : done (2120ms) 
 block [1844/2111] : done (2046ms) 
 block [1845/2111] : done (2071ms) 
 block [1846/2111] : done (2080ms) 
 block [1847/2111] : done (2052ms) 
 block [1848/2111] : done (2036ms) 
 block [1849/2111] : done (2091ms) 
 block [1850/2111] : done (2114ms) 
 block [1851/2111] : done (2075ms) 
 block [1852/2111] : done (2078ms) 
 block [1853/2111] : done (2075ms) 
 block [1854/2111] : done (2019ms) 
 block [1855/2111] : done (2002ms) 
 block [1856/2111] : done (2061ms) 
 block [1857/2111] : done (2073ms) 
 block [1858/2111] : done (2061ms) 
 block [1859/2111] : done (2001ms) 
 block [1860/2111] : done (2043ms) 
 block [1861/2111] : done (2075ms) 
 block [1862/2111] : done (2098ms) 
 block [1863/2111] : done (2092ms) 
 block [1864/2111] : done (2092ms) 
 block [1865/2111] : done (2050ms) 
 block [1866/2111] : done (2065ms) 
 block [1867/2111] : done (2069ms) 
 block [1868/2111] : done (2035ms) 
 block [1869/2111] : done (2040ms) 
 block [1870/2111] : done (2112ms) 
 block [1871/2111] : done (2105ms) 
 block [1872/2111] : done (2148ms) 
 block [1873/2111] : done (2067ms) 
 block [1874/2111] : done (2136ms) 
 block [1875/2111] : done (2123ms) 
 block [1876/2111] : done (2052ms) 
 block [1877/2111] : done (2126ms) 
 block [1878/2111] : done (2040ms) 
 block [1879/2111] : done (2012ms) 
 block [1880/2111] : done (2105ms) 
 block [1881/2111] : done (2024ms) 
 block [1882/2111] : done (2025ms) 
 block [1883/2111] : done (2066ms) 
 block [1884/2111] : done (2001ms) 
 block [1885/2111] : done (2004ms) 
 block [1886/2111] : done (1980ms) 
 block [1887/2111] : done (1984ms) 
 block [1888/2111] : done (2016ms) 
 block [1889/2111] : done (2054ms) 
 block [1890/2111] : done (1990ms) 
 block [1891/2111] : done (2028ms) 
 block [1892/2111] : done (2010ms) 
 block [1893/2111] : done (2101ms) 
 block [1894/2111] : done (2109ms) 
 block [1895/2111] : done (2106ms) 
 block [1896/2111] : done (2083ms) 
 block [1897/2111] : done (2096ms) 
 block [1898/2111] : done (2081ms) 
 block [1899/2111] : done (2044ms) 
 block [1900/2111] : done (2103ms) 
 block [1901/2111] : done (2155ms) 
 block [1902/2111] : done (2079ms) 
 block [1903/2111] : done (2061ms) 
 block [1904/2111] : done (2177ms) 
 block [1905/2111] : done (2128ms) 
 block [1906/2111] : done (2076ms) 
 block [1907/2111] : done (2128ms) 
 block [1908/2111] : done (2113ms) 
 block [1909/2111] : done (2024ms) 
 block [1910/2111] : done (2014ms) 
 block [1911/2111] : done (2094ms) 
 block [1912/2111] : done (2075ms) 
 block [1913/2111] : done (2054ms) 
 block [1914/2111] : done (2073ms) 
 block [1915/2111] : done (2077ms) 
 block [1916/2111] : done (2086ms) 
 block [1917/2111] : done (2054ms) 
 block [1918/2111] : done (2076ms) 
 block [1919/2111] : done (2075ms) 
 block [1920/2111] : done (2099ms) 
 block [1921/2111] : done (2088ms) 
 block [1922/2111] : done (2107ms) 
 block [1923/2111] : done (2051ms) 
 block [1924/2111] : done (2150ms) 
 block [1925/2111] : done (2115ms) 
 block [1926/2111] : done (2008ms) 
 block [1927/2111] : done (2146ms) 
 block [1928/2111] : done (2181ms) 
 block [1929/2111] : done (2099ms) 
 block [1930/2111] : done (2117ms) 
 block [1931/2111] : done (2086ms) 
 block [1932/2111] : done (2027ms) 
 block [1933/2111] : done (2029ms) 
 block [1934/2111] : done (2120ms) 
 block [1935/2111] : done (2156ms) 
 block [1936/2111] : done (2133ms) 
 block [1937/2111] : done (2095ms) 
 block [1938/2111] : done (2198ms) 
 block [1939/2111] : done (2210ms) 
 block [1940/2111] : done (2102ms) 
 block [1941/2111] : done (2111ms) 
 block [1942/2111] : done (2118ms) 
 block [1943/2111] : done (2016ms) 
 block [1944/2111] : done (2081ms) 
 block [1945/2111] : done (2006ms) 
 block [1946/2111] : done (1950ms) 
 block [1947/2111] : done (2107ms) 
 block [1948/2111] : done (2129ms) 
 block [1949/2111] : done (2142ms) 
 block [1950/2111] : done (2214ms) 
 block [1951/2111] : done (2097ms) 
 block [1952/2111] : done (2030ms) 
 block [1953/2111] : done (2129ms) 
 block [1954/2111] : done (2157ms) 
 block [1955/2111] : done (2118ms) 
 block [1956/2111] : done (2114ms) 
 block [1957/2111] : done (2166ms) 
 block [1958/2111] : done (2136ms) 
 block [1959/2111] : done (2161ms) 
 block [1960/2111] : done (2121ms) 
 block [1961/2111] : done (2186ms) 
 block [1962/2111] : done (2127ms) 
 block [1963/2111] : done (2168ms) 
 block [1964/2111] : done (2153ms) 
 block [1965/2111] : done (1927ms) 
 block [1966/2111] : done (1890ms) 
 block [1967/2111] : done (1892ms) 
 block [1968/2111] : done (1908ms) 
 block [1969/2111] : done (1823ms) 
 block [1970/2111] : done (1939ms) 
 block [1971/2111] : done (1934ms) 
 block [1972/2111] : done (1867ms) 
 block [1973/2111] : done (1906ms) 
 block [1974/2111] : done (1834ms) 
 block [1975/2111] : done (1848ms) 
 block [1976/2111] : done (1901ms) 
 block [1977/2111] : done (1837ms) 
 block [1978/2111] : done (1850ms) 
 block [1979/2111] : done (1807ms) 
 block [1980/2111] : done (1874ms) 
 block [1981/2111] : done (1861ms) 
 block [1982/2111] : done (1919ms) 
 block [1983/2111] : done (1884ms) 
 block [1984/2111] : done (1815ms) 
 block [1985/2111] : done (1869ms) 
 block [1986/2111] : done (1903ms) 
 block [1987/2111] : done (1864ms) 
 block [1988/2111] : done (1894ms) 
 block [1989/2111] : done (1925ms) 
 block [1990/2111] : done (1965ms) 
 block [1991/2111] : done (1902ms) 
 block [1992/2111] : done (1877ms) 
 block [1993/2111] : done (1852ms) 
 block [1994/2111] : done (1839ms) 
 block [1995/2111] : done (1839ms) 
 block [1996/2111] : done (1842ms) 
 block [1997/2111] : done (1860ms) 
 block [1998/2111] : done (1847ms) 
 block [1999/2111] : done (1884ms) 
 block [2000/2111] : done (1897ms) 
 block [2001/2111] : done (1914ms) 
 block [2002/2111] : done (1884ms) 
 block [2003/2111] : done (1982ms) 
 block [2004/2111] : done (1861ms) 
 block [2005/2111] : done (1893ms) 
 block [2006/2111] : done (1888ms) 
 block [2007/2111] : done (1875ms) 
 block [2008/2111] : done (1823ms) 
 block [2009/2111] : done (1894ms) 
 block [2010/2111] : done (1863ms) 
 block [2011/2111] : done (1886ms) 
 block [2012/2111] : done (1904ms) 
 block [2013/2111] : done (1862ms) 
 block [2014/2111] : done (1897ms) 
 block [2015/2111] : done (1853ms) 
 block [2016/2111] : done (1829ms) 
 block [2017/2111] : done (1849ms) 
 block [2018/2111] : done (1954ms) 
 block [2019/2111] : done (1871ms) 
 block [2020/2111] : done (1882ms) 
 block [2021/2111] : done (1906ms) 
 block [2022/2111] : done (1890ms) 
 block [2023/2111] : done (1911ms) 
 block [2024/2111] : done (1849ms) 
 block [2025/2111] : done (1851ms) 
 block [2026/2111] : done (1844ms) 
 block [2027/2111] : done (1843ms) 
 block [2028/2111] : done (1841ms) 
 block [2029/2111] : done (1850ms) 
 block [2030/2111] : done (1893ms) 
 block [2031/2111] : done (1874ms) 
 block [2032/2111] : done (1874ms) 
 block [2033/2111] : done (1906ms) 
 block [2034/2111] : done (1919ms) 
 block [2035/2111] : done (1956ms) 
 block [2036/2111] : done (1941ms) 
 block [2037/2111] : done (2009ms) 
 block [2038/2111] : done (1973ms) 
 block [2039/2111] : done (1972ms) 
 block [2040/2111] : done (1836ms) 
 block [2041/2111] : done (1826ms) 
 block [2042/2111] : done (1844ms) 
 block [2043/2111] : done (1816ms) 
 block [2044/2111] : done (1883ms) 
 block [2045/2111] : done (1860ms) 
 block [2046/2111] : done (1886ms) 
 block [2047/2111] : done (1915ms) 
 block [2048/2111] : done (1924ms) 
 block [2049/2111] : done (1914ms) 
 block [2050/2111] : done (1858ms) 
 block [2051/2111] : done (1892ms) 
 block [2052/2111] : done (1944ms) 
 block [2053/2111] : done (1993ms) 
 block [2054/2111] : done (1966ms) 
 block [2055/2111] : done (1959ms) 
 block [2056/2111] : done (2006ms) 
 block [2057/2111] : done (1891ms) 
 block [2058/2111] : done (1928ms) 
 block [2059/2111] : done (1970ms) 
 block [2060/2111] : done (1959ms) 
 block [2061/2111] : done (1892ms) 
 block [2062/2111] : done (1942ms) 
 block [2063/2111] : done (1990ms) 
 block [2064/2111] : done (2012ms) 
 block [2065/2111] : done (1916ms) 
 block [2066/2111] : done (2103ms) 
 block [2067/2111] : done (2002ms) 
 block [2068/2111] : done (2008ms) 
 block [2069/2111] : done (1972ms) 
 block [2070/2111] : done (1973ms) 
 block [2071/2111] : done (1966ms) 
 block [2072/2111] : done (1997ms) 
 block [2073/2111] : done (2008ms) 
 block [2074/2111] : done (1988ms) 
 block [2075/2111] : done (2025ms) 
 block [2076/2111] : done (2087ms) 
 block [2077/2111] : done (1958ms) 
 block [2078/2111] : done (2091ms) 
 block [2079/2111] : done (1911ms) 
 block [2080/2111] : done (1932ms) 
 block [2081/2111] : done (2004ms) 
 block [2082/2111] : done (2068ms) 
 block [2083/2111] : done (2008ms) 
 block [2084/2111] : done (2051ms) 
 block [2085/2111] : done (1992ms) 
 block [2086/2111] : done (1976ms) 
 block [2087/2111] : done (1986ms) 
 block [2088/2111] : done (2041ms) 
 block [2089/2111] : done (2010ms) 
 block [2090/2111] : done (1967ms) 
 block [2091/2111] : done (1966ms) 
 block [2092/2111] : done (1971ms) 
 block [2093/2111] : done (1976ms) 
 block [2094/2111] : done (1953ms) 
 block [2095/2111] : done (2056ms) 
 block [2096/2111] : done (2059ms) 
 block [2097/2111] : done (2025ms) 
 block [2098/2111] : done (2040ms) 
 block [2099/2111] : done (2075ms) 
 block [2100/2111] : done (1986ms) 
 block [2101/2111] : done (1968ms) 
 block [2102/2111] : done (2036ms) 
 block [2103/2111] : done (2097ms) 
 block [2104/2111] : done (2070ms) 
 block [2105/2111] : done (2055ms) 
 block [2106/2111] : done (2114ms) 
 block [2107/2111] : done (2049ms) 
 block [2108/2111] : done (2033ms) 
 block [2109/2111] : done (1983ms) 
 block [2110/2111] : done (2012ms) 
 block [2111/2111] : done (294ms) 

Association results stored separately for each trait in files : 
* [result/06_step2/sig_weight_eur_step2.chr5_eur_SIG0_AUC.regenie]
* [result/06_step2/sig_weight_eur_step2.chr5_eur_SIG1_AUC.regenie]
* [result/06_step2/sig_weight_eur_step2.chr5_eur_SIG2_AUC.regenie]
* [result/06_step2/sig_weight_eur_step2.chr5_eur_SIG3_AUC.regenie]
* [result/06_step2/sig_weight_eur_step2.chr5_eur_SIG4_AUC.regenie]
* [result/06_step2/sig_weight_eur_step2.chr5_eur_SIG5_AUC.regenie]
* [result/06_step2/sig_weight_eur_step2.chr5_eur_SIG6_AUC.regenie]
* [result/06_step2/sig_weight_eur_step2.chr5_eur_SIG7_AUC.regenie]
* [result/06_step2/sig_weight_eur_step2.chr5_eur_SIG8_AUC.regenie]
* [result/06_step2/sig_weight_eur_step2.chr5_eur_SIG9_AUC.regenie]
* [result/06_step2/sig_weight_eur_step2.chr5_eur_SIG10_AUC.regenie]
* [result/06_step2/sig_weight_eur_step2.chr5_eur_SIG11_AUC.regenie]
* [result/06_step2/sig_weight_eur_step2.chr5_eur_SIG12_AUC.regenie]
* [result/06_step2/sig_weight_eur_step2.chr5_eur_SIG13_AUC.regenie]
* [result/06_step2/sig_weight_eur_step2.chr5_eur_SIG14_AUC.regenie]
* [result/06_step2/sig_weight_eur_step2.chr5_eur_SIG15_AUC.regenie]
* [result/06_step2/sig_weight_eur_step2.chr5_eur_SIG16_AUC.regenie]
* [result/06_step2/sig_weight_eur_step2.chr5_eur_SIG17_AUC.regenie]
* [result/06_step2/sig_weight_eur_step2.chr5_eur_SIG18_AUC.regenie]
* [result/06_step2/sig_weight_eur_step2.chr5_eur_SIG19_AUC.regenie]
* [result/06_step2/sig_weight_eur_step2.chr5_eur_SIG20_AUC.regenie]

Number of ignored tests due to low MAC or info score : 0

Elapsed time : 4329.07s
End time: Wed Dec 17 08:17:54 2025

