Start time: Wed Dec 17 07:05:47 2025

              |=============================|
              |      REGENIE v3.2.5.gz      |
              |=============================|

Copyright (c) 2020-2022 Joelle Mbatchou, Andrey Ziyatdinov and Jonathan Marchini.
Distributed under the MIT License.
Compiled with Boost Iostream library.
Using Intel MKL with Eigen.

Log of output saved in file : result/06_step2/sig_weight_eur_step2.chr10_eur.log

Options in effect:
  --step 2 \
  --bgen /broad/ukbb/imputed_v3/ukb_imp_chr10_v3.bgen \
  --sample /medpop/esp2/pradeep/UKBiobank/v3data/ukb7089_imp_chr3_v3_s487395.sample \
  --ref-first \
  --extract ../data/step2/var.chr10_eur.list.snplist \
  --keep ../data/sample_list_eur.txt \
  --covarFile ../data/sig_weight_cov_file.tsv \
  --phenoFile /medpop/esp2/tnakao/analyses/projects/collab/Sarah_signature_weights_GWAS/import/signature_auc_phenotypes_last.txt \
  --bsize 200 \
  --threads 4 \
  --qt \
  --catCovarList genotyping_array,Inferred_Gender \
  --pred result/04_step1/sig_weight_eur_step1_pred.list \
  --minINFO 0.7 \
  --out result/06_step2/sig_weight_eur_step2.chr10_eur

Association testing mode with fast multithreading using OpenMP
 * bgen             : [/broad/ukbb/imputed_v3/ukb_imp_chr10_v3.bgen]
   -summary : bgen file (v1.2 layout, zlib compressed) with 487409 anonymous samples and 4562904 variants with 8-bit encoding.
   -index bgi file [/broad/ukbb/imputed_v3/ukb_imp_chr10_v3.bgen.bgi]
   -keeping variants specified by --extract
   -number of variants remaining in the analysis = 330412
   -sample file: /medpop/esp2/pradeep/UKBiobank/v3data/ukb7089_imp_chr3_v3_s487395.sample
   -keeping only individuals specified by --keep
   -number of genotyped individuals remaining in the analysis = 361171
 * phenotypes       : [/medpop/esp2/tnakao/analyses/projects/collab/Sarah_signature_weights_GWAS/import/signature_auc_phenotypes_last.txt] n_pheno = 21
   -number of phenotyped individuals  = 361171
 * covariates       : [../data/sig_weight_cov_file.tsv] n_cov = 13
   -number of individuals with covariate data = 361171
 * number of individuals used in analysis = 361171
 * number of observations for each trait:
   - 'SIG0_AUC': 361171 observations
   - 'SIG1_AUC': 361171 observations
   - 'SIG2_AUC': 361171 observations
   - 'SIG3_AUC': 361171 observations
   - 'SIG4_AUC': 361171 observations
   - 'SIG5_AUC': 361171 observations
   - 'SIG6_AUC': 361171 observations
   - 'SIG7_AUC': 361171 observations
   - 'SIG8_AUC': 361171 observations
   - 'SIG9_AUC': 361171 observations
   - 'SIG10_AUC': 361171 observations
   - 'SIG11_AUC': 361171 observations
   - 'SIG12_AUC': 361171 observations
   - 'SIG13_AUC': 361171 observations
   - 'SIG14_AUC': 361171 observations
   - 'SIG15_AUC': 361171 observations
   - 'SIG16_AUC': 361171 observations
   - 'SIG17_AUC': 361171 observations
   - 'SIG18_AUC': 361171 observations
   - 'SIG19_AUC': 361171 observations
   - 'SIG20_AUC': 361171 observations
 * LOCO predictions : [result/04_step1/sig_weight_eur_step1_pred.list]
   -file [/medpop/esp2/tnakao/analyses/projects/collab/Sarah_signature_weights_GWAS/96_last_250319/result/04_step1/sig_weight_eur_step1_1.loco] for phenotype 'SIG0_AUC'
   -file [/medpop/esp2/tnakao/analyses/projects/collab/Sarah_signature_weights_GWAS/96_last_250319/result/04_step1/sig_weight_eur_step1_2.loco] for phenotype 'SIG1_AUC'
   -file [/medpop/esp2/tnakao/analyses/projects/collab/Sarah_signature_weights_GWAS/96_last_250319/result/04_step1/sig_weight_eur_step1_3.loco] for phenotype 'SIG2_AUC'
   -file [/medpop/esp2/tnakao/analyses/projects/collab/Sarah_signature_weights_GWAS/96_last_250319/result/04_step1/sig_weight_eur_step1_4.loco] for phenotype 'SIG3_AUC'
   -file [/medpop/esp2/tnakao/analyses/projects/collab/Sarah_signature_weights_GWAS/96_last_250319/result/04_step1/sig_weight_eur_step1_5.loco] for phenotype 'SIG4_AUC'
   -file [/medpop/esp2/tnakao/analyses/projects/collab/Sarah_signature_weights_GWAS/96_last_250319/result/04_step1/sig_weight_eur_step1_6.loco] for phenotype 'SIG5_AUC'
   -file [/medpop/esp2/tnakao/analyses/projects/collab/Sarah_signature_weights_GWAS/96_last_250319/result/04_step1/sig_weight_eur_step1_7.loco] for phenotype 'SIG6_AUC'
   -file [/medpop/esp2/tnakao/analyses/projects/collab/Sarah_signature_weights_GWAS/96_last_250319/result/04_step1/sig_weight_eur_step1_8.loco] for phenotype 'SIG7_AUC'
   -file [/medpop/esp2/tnakao/analyses/projects/collab/Sarah_signature_weights_GWAS/96_last_250319/result/04_step1/sig_weight_eur_step1_9.loco] for phenotype 'SIG8_AUC'
   -file [/medpop/esp2/tnakao/analyses/projects/collab/Sarah_signature_weights_GWAS/96_last_250319/result/04_step1/sig_weight_eur_step1_10.loco] for phenotype 'SIG9_AUC'
   -file [/medpop/esp2/tnakao/analyses/projects/collab/Sarah_signature_weights_GWAS/96_last_250319/result/04_step1/sig_weight_eur_step1_11.loco] for phenotype 'SIG10_AUC'
   -file [/medpop/esp2/tnakao/analyses/projects/collab/Sarah_signature_weights_GWAS/96_last_250319/result/04_step1/sig_weight_eur_step1_12.loco] for phenotype 'SIG11_AUC'
   -file [/medpop/esp2/tnakao/analyses/projects/collab/Sarah_signature_weights_GWAS/96_last_250319/result/04_step1/sig_weight_eur_step1_13.loco] for phenotype 'SIG12_AUC'
   -file [/medpop/esp2/tnakao/analyses/projects/collab/Sarah_signature_weights_GWAS/96_last_250319/result/04_step1/sig_weight_eur_step1_14.loco] for phenotype 'SIG13_AUC'
   -file [/medpop/esp2/tnakao/analyses/projects/collab/Sarah_signature_weights_GWAS/96_last_250319/result/04_step1/sig_weight_eur_step1_15.loco] for phenotype 'SIG14_AUC'
   -file [/medpop/esp2/tnakao/analyses/projects/collab/Sarah_signature_weights_GWAS/96_last_250319/result/04_step1/sig_weight_eur_step1_16.loco] for phenotype 'SIG15_AUC'
   -file [/medpop/esp2/tnakao/analyses/projects/collab/Sarah_signature_weights_GWAS/96_last_250319/result/04_step1/sig_weight_eur_step1_17.loco] for phenotype 'SIG16_AUC'
   -file [/medpop/esp2/tnakao/analyses/projects/collab/Sarah_signature_weights_GWAS/96_last_250319/result/04_step1/sig_weight_eur_step1_18.loco] for phenotype 'SIG17_AUC'
   -file [/medpop/esp2/tnakao/analyses/projects/collab/Sarah_signature_weights_GWAS/96_last_250319/result/04_step1/sig_weight_eur_step1_19.loco] for phenotype 'SIG18_AUC'
   -file [/medpop/esp2/tnakao/analyses/projects/collab/Sarah_signature_weights_GWAS/96_last_250319/result/04_step1/sig_weight_eur_step1_20.loco] for phenotype 'SIG19_AUC'
   -file [/medpop/esp2/tnakao/analyses/projects/collab/Sarah_signature_weights_GWAS/96_last_250319/result/04_step1/sig_weight_eur_step1_21.loco] for phenotype 'SIG20_AUC'
   -residualizing and scaling phenotypes...done (87ms) 
 * # threads        : [4]
 * block size       : [200]
 * # blocks         : [1653]
 * approximate memory usage : 2GB
 * using minimum MAC of 5 (variants with lower MAC are ignored)
 * using minimum imputation info score of 0.7 (variants with lower info score are ignored)

Chromosome 10 [1653 blocks in total]
   -reading loco predictions for the chromosome...done (9390ms) 
 block [1/1653] : done (4741ms) 
 block [2/1653] : done (4644ms) 
 block [3/1653] : done (4648ms) 
 block [4/1653] : done (3526ms) 
 block [5/1653] : done (3006ms) 
 block [6/1653] : done (2963ms) 
 block [7/1653] : done (4029ms) 
 block [8/1653] : done (4677ms) 
 block [9/1653] : done (4699ms) 
 block [10/1653] : done (3600ms) 
 block [11/1653] : done (3024ms) 
 block [12/1653] : done (2988ms) 
 block [13/1653] : done (2998ms) 
 block [14/1653] : done (3002ms) 
 block [15/1653] : done (2287ms) 
 block [16/1653] : done (2234ms) 
 block [17/1653] : done (2268ms) 
 block [18/1653] : done (2278ms) 
 block [19/1653] : done (2331ms) 
 block [20/1653] : done (2295ms) 
 block [21/1653] : done (2702ms) 
 block [22/1653] : done (3264ms) 
 block [23/1653] : done (2851ms) 
 block [24/1653] : done (2471ms) 
 block [25/1653] : done (2420ms) 
 block [26/1653] : done (2405ms) 
 block [27/1653] : done (2318ms) 
 block [28/1653] : done (2304ms) 
 block [29/1653] : done (2330ms) 
 block [30/1653] : done (2501ms) 
 block [31/1653] : done (2568ms) 
 block [32/1653] : done (2571ms) 
 block [33/1653] : done (2423ms) 
 block [34/1653] : done (2598ms) 
 block [35/1653] : done (2355ms) 
 block [36/1653] : done (2466ms) 
 block [37/1653] : done (2482ms) 
 block [38/1653] : done (2411ms) 
 block [39/1653] : done (2408ms) 
 block [40/1653] : done (2601ms) 
 block [41/1653] : done (2439ms) 
 block [42/1653] : done (2411ms) 
 block [43/1653] : done (2314ms) 
 block [44/1653] : done (2337ms) 
 block [45/1653] : done (2382ms) 
 block [46/1653] : done (2391ms) 
 block [47/1653] : done (2530ms) 
 block [48/1653] : done (2374ms) 
 block [49/1653] : done (2356ms) 
 block [50/1653] : done (2436ms) 
 block [51/1653] : done (2372ms) 
 block [52/1653] : done (2327ms) 
 block [53/1653] : done (2367ms) 
 block [54/1653] : done (2358ms) 
 block [55/1653] : done (2363ms) 
 block [56/1653] : done (2395ms) 
 block [57/1653] : done (2414ms) 
 block [58/1653] : done (2431ms) 
 block [59/1653] : done (2402ms) 
 block [60/1653] : done (2369ms) 
 block [61/1653] : done (2245ms) 
 block [62/1653] : done (2066ms) 
 block [63/1653] : done (2255ms) 
 block [64/1653] : done (2490ms) 
 block [65/1653] : done (2455ms) 
 block [66/1653] : done (2383ms) 
 block [67/1653] : done (2409ms) 
 block [68/1653] : done (2415ms) 
 block [69/1653] : done (2376ms) 
 block [70/1653] : done (2602ms) 
 block [71/1653] : done (2324ms) 
 block [72/1653] : done (2398ms) 
 block [73/1653] : done (2362ms) 
 block [74/1653] : done (2362ms) 
 block [75/1653] : done (2428ms) 
 block [76/1653] : done (2358ms) 
 block [77/1653] : done (2349ms) 
 block [78/1653] : done (2524ms) 
 block [79/1653] : done (2409ms) 
 block [80/1653] : done (2347ms) 
 block [81/1653] : done (2375ms) 
 block [82/1653] : done (2383ms) 
 block [83/1653] : done (2402ms) 
 block [84/1653] : done (2373ms) 
 block [85/1653] : done (2367ms) 
 block [86/1653] : done (2366ms) 
 block [87/1653] : done (2370ms) 
 block [88/1653] : done (2390ms) 
 block [89/1653] : done (2362ms) 
 block [90/1653] : done (2433ms) 
 block [91/1653] : done (2358ms) 
 block [92/1653] : done (2370ms) 
 block [93/1653] : done (2403ms) 
 block [94/1653] : done (2393ms) 
 block [95/1653] : done (2380ms) 
 block [96/1653] : done (2577ms) 
 block [97/1653] : done (2446ms) 
 block [98/1653] : done (2695ms) 
 block [99/1653] : done (2393ms) 
 block [100/1653] : done (2633ms) 
 block [101/1653] : done (2568ms) 
 block [102/1653] : done (2552ms) 
 block [103/1653] : done (2517ms) 
 block [104/1653] : done (2477ms) 
 block [105/1653] : done (2515ms) 
 block [106/1653] : done (2521ms) 
 block [107/1653] : done (2532ms) 
 block [108/1653] : done (2569ms) 
 block [109/1653] : done (2527ms) 
 block [110/1653] : done (2527ms) 
 block [111/1653] : done (2432ms) 
 block [112/1653] : done (2648ms) 
 block [113/1653] : done (2318ms) 
 block [114/1653] : done (2206ms) 
 block [115/1653] : done (2226ms) 
 block [116/1653] : done (2447ms) 
 block [117/1653] : done (2564ms) 
 block [118/1653] : done (2534ms) 
 block [119/1653] : done (2599ms) 
 block [120/1653] : done (2522ms) 
 block [121/1653] : done (2478ms) 
 block [122/1653] : done (2525ms) 
 block [123/1653] : done (2510ms) 
 block [124/1653] : done (2487ms) 
 block [125/1653] : done (2427ms) 
 block [126/1653] : done (2419ms) 
 block [127/1653] : done (2439ms) 
 block [128/1653] : done (2471ms) 
 block [129/1653] : done (2458ms) 
 block [130/1653] : done (2433ms) 
 block [131/1653] : done (2559ms) 
 block [132/1653] : done (2529ms) 
 block [133/1653] : done (2539ms) 
 block [134/1653] : done (2943ms) 
 block [135/1653] : done (3499ms) 
 block [136/1653] : done (2564ms) 
 block [137/1653] : done (2519ms) 
 block [138/1653] : done (2519ms) 
 block [139/1653] : done (2579ms) 
 block [140/1653] : done (2527ms) 
 block [141/1653] : done (2581ms) 
 block [142/1653] : done (2574ms) 
 block [143/1653] : done (2604ms) 
 block [144/1653] : done (2571ms) 
 block [145/1653] : done (2492ms) 
 block [146/1653] : done (2454ms) 
 block [147/1653] : done (2429ms) 
 block [148/1653] : done (2415ms) 
 block [149/1653] : done (2547ms) 
 block [150/1653] : done (2495ms) 
 block [151/1653] : done (2533ms) 
 block [152/1653] : done (2516ms) 
 block [153/1653] : done (2491ms) 
 block [154/1653] : done (2523ms) 
 block [155/1653] : done (2476ms) 
 block [156/1653] : done (2452ms) 
 block [157/1653] : done (2489ms) 
 block [158/1653] : done (2517ms) 
 block [159/1653] : done (2533ms) 
 block [160/1653] : done (2527ms) 
 block [161/1653] : done (2519ms) 
 block [162/1653] : done (2425ms) 
 block [163/1653] : done (2434ms) 
 block [164/1653] : done (2415ms) 
 block [165/1653] : done (2459ms) 
 block [166/1653] : done (2503ms) 
 block [167/1653] : done (2473ms) 
 block [168/1653] : done (2452ms) 
 block [169/1653] : done (2486ms) 
 block [170/1653] : done (2622ms) 
 block [171/1653] : done (2478ms) 
 block [172/1653] : done (2541ms) 
 block [173/1653] : done (2471ms) 
 block [174/1653] : done (2896ms) 
 block [175/1653] : done (2764ms) 
 block [176/1653] : done (2466ms) 
 block [177/1653] : done (2856ms) 
 block [178/1653] : done (3471ms) 
 block [179/1653] : done (3443ms) 
 block [180/1653] : done (3341ms) 
 block [181/1653] : done (3386ms) 
 block [182/1653] : done (3321ms) 
 block [183/1653] : done (3371ms) 
 block [184/1653] : done (2479ms) 
 block [185/1653] : done (2514ms) 
 block [186/1653] : done (2507ms) 
 block [187/1653] : done (2584ms) 
 block [188/1653] : done (2528ms) 
 block [189/1653] : done (2506ms) 
 block [190/1653] : done (2576ms) 
 block [191/1653] : done (2425ms) 
 block [192/1653] : done (2438ms) 
 block [193/1653] : done (2404ms) 
 block [194/1653] : done (2473ms) 
 block [195/1653] : done (2511ms) 
 block [196/1653] : done (2475ms) 
 block [197/1653] : done (2430ms) 
 block [198/1653] : done (2456ms) 
 block [199/1653] : done (2495ms) 
 block [200/1653] : done (2475ms) 
 block [201/1653] : done (2449ms) 
 block [202/1653] : done (2508ms) 
 block [203/1653] : done (2423ms) 
 block [204/1653] : done (2399ms) 
 block [205/1653] : done (2488ms) 
 block [206/1653] : done (2407ms) 
 block [207/1653] : done (2423ms) 
 block [208/1653] : done (2391ms) 
 block [209/1653] : done (2362ms) 
 block [210/1653] : done (2457ms) 
 block [211/1653] : done (2439ms) 
 block [212/1653] : done (2385ms) 
 block [213/1653] : done (2382ms) 
 block [214/1653] : done (2510ms) 
 block [215/1653] : done (2371ms) 
 block [216/1653] : done (2359ms) 
 block [217/1653] : done (2385ms) 
 block [218/1653] : done (2429ms) 
 block [219/1653] : done (2375ms) 
 block [220/1653] : done (2361ms) 
 block [221/1653] : done (2362ms) 
 block [222/1653] : done (2249ms) 
 block [223/1653] : done (2299ms) 
 block [224/1653] : done (2104ms) 
 block [225/1653] : done (2447ms) 
 block [226/1653] : done (2546ms) 
 block [227/1653] : done (2484ms) 
 block [228/1653] : done (2427ms) 
 block [229/1653] : done (2466ms) 
 block [230/1653] : done (2795ms) 
 block [231/1653] : done (2542ms) 
 block [232/1653] : done (2450ms) 
 block [233/1653] : done (2366ms) 
 block [234/1653] : done (2512ms) 
 block [235/1653] : done (2456ms) 
 block [236/1653] : done (2412ms) 
 block [237/1653] : done (2490ms) 
 block [238/1653] : done (2474ms) 
 block [239/1653] : done (2278ms) 
 block [240/1653] : done (2143ms) 
 block [241/1653] : done (2263ms) 
 block [242/1653] : done (2063ms) 
 block [243/1653] : done (2073ms) 
 block [244/1653] : done (2051ms) 
 block [245/1653] : done (2055ms) 
 block [246/1653] : done (2490ms) 
 block [247/1653] : done (2544ms) 
 block [248/1653] : done (2420ms) 
 block [249/1653] : done (2425ms) 
 block [250/1653] : done (2562ms) 
 block [251/1653] : done (2424ms) 
 block [252/1653] : done (2498ms) 
 block [253/1653] : done (2346ms) 
 block [254/1653] : done (2369ms) 
 block [255/1653] : done (2391ms) 
 block [256/1653] : done (2432ms) 
 block [257/1653] : done (2417ms) 
 block [258/1653] : done (2445ms) 
 block [259/1653] : done (2482ms) 
 block [260/1653] : done (2351ms) 
 block [261/1653] : done (2455ms) 
 block [262/1653] : done (2307ms) 
 block [263/1653] : done (2349ms) 
 block [264/1653] : done (2375ms) 
 block [265/1653] : done (2799ms) 
 block [266/1653] : done (3106ms) 
 block [267/1653] : done (3047ms) 
 block [268/1653] : done (3137ms) 
 block [269/1653] : done (3106ms) 
 block [270/1653] : done (3001ms) 
 block [271/1653] : done (2961ms) 
 block [272/1653] : done (2421ms) 
 block [273/1653] : done (2405ms) 
 block [274/1653] : done (2348ms) 
 block [275/1653] : done (2477ms) 
 block [276/1653] : done (2337ms) 
 block [277/1653] : done (2350ms) 
 block [278/1653] : done (2392ms) 
 block [279/1653] : done (2449ms) 
 block [280/1653] : done (2434ms) 
 block [281/1653] : done (2499ms) 
 block [282/1653] : done (2297ms) 
 block [283/1653] : done (2054ms) 
 block [284/1653] : done (2092ms) 
 block [285/1653] : done (2145ms) 
 block [286/1653] : done (2204ms) 
 block [287/1653] : done (2120ms) 
 block [288/1653] : done (2125ms) 
 block [289/1653] : done (2102ms) 
 block [290/1653] : done (2105ms) 
 block [291/1653] : done (2096ms) 
 block [292/1653] : done (2115ms) 
 block [293/1653] : done (2164ms) 
 block [294/1653] : done (2128ms) 
 block [295/1653] : done (2167ms) 
 block [296/1653] : done (2184ms) 
 block [297/1653] : done (2206ms) 
 block [298/1653] : done (2174ms) 
 block [299/1653] : done (2125ms) 
 block [300/1653] : done (2376ms) 
 block [301/1653] : done (2465ms) 
 block [302/1653] : done (2477ms) 
 block [303/1653] : done (2630ms) 
 block [304/1653] : done (2484ms) 
 block [305/1653] : done (2560ms) 
 block [306/1653] : done (2552ms) 
 block [307/1653] : done (2435ms) 
 block [308/1653] : done (2430ms) 
 block [309/1653] : done (2419ms) 
 block [310/1653] : done (2537ms) 
 block [311/1653] : done (2472ms) 
 block [312/1653] : done (2447ms) 
 block [313/1653] : done (2391ms) 
 block [314/1653] : done (2416ms) 
 block [315/1653] : done (2402ms) 
 block [316/1653] : done (2447ms) 
 block [317/1653] : done (2427ms) 
 block [318/1653] : done (2455ms) 
 block [319/1653] : done (2458ms) 
 block [320/1653] : done (2398ms) 
 block [321/1653] : done (2412ms) 
 block [322/1653] : done (2432ms) 
 block [323/1653] : done (2166ms) 
 block [324/1653] : done (2155ms) 
 block [325/1653] : done (2156ms) 
 block [326/1653] : done (2188ms) 
 block [327/1653] : done (2142ms) 
 block [328/1653] : done (2198ms) 
 block [329/1653] : done (2196ms) 
 block [330/1653] : done (2425ms) 
 block [331/1653] : done (2510ms) 
 block [332/1653] : done (2538ms) 
 block [333/1653] : done (2518ms) 
 block [334/1653] : done (2549ms) 
 block [335/1653] : done (2518ms) 
 block [336/1653] : done (2485ms) 
 block [337/1653] : done (2423ms) 
 block [338/1653] : done (2448ms) 
 block [339/1653] : done (2515ms) 
 block [340/1653] : done (2494ms) 
 block [341/1653] : done (2500ms) 
 block [342/1653] : done (2168ms) 
 block [343/1653] : done (2165ms) 
 block [344/1653] : done (2175ms) 
 block [345/1653] : done (2107ms) 
 block [346/1653] : done (2157ms) 
 block [347/1653] : done (2180ms) 
 block [348/1653] : done (2133ms) 
 block [349/1653] : done (2076ms) 
 block [350/1653] : done (2111ms) 
 block [351/1653] : done (2281ms) 
 block [352/1653] : done (2172ms) 
 block [353/1653] : done (2105ms) 
 block [354/1653] : done (2182ms) 
 block [355/1653] : done (2131ms) 
 block [356/1653] : done (2084ms) 
 block [357/1653] : done (2092ms) 
 block [358/1653] : done (2159ms) 
 block [359/1653] : done (2186ms) 
 block [360/1653] : done (2104ms) 
 block [361/1653] : done (2150ms) 
 block [362/1653] : done (2161ms) 
 block [363/1653] : done (2184ms) 
 block [364/1653] : done (2161ms) 
 block [365/1653] : done (2218ms) 
 block [366/1653] : done (2194ms) 
 block [367/1653] : done (2208ms) 
 block [368/1653] : done (2134ms) 
 block [369/1653] : done (2151ms) 
 block [370/1653] : done (2159ms) 
 block [371/1653] : done (2183ms) 
 block [372/1653] : done (2163ms) 
 block [373/1653] : done (2097ms) 
 block [374/1653] : done (2078ms) 
 block [375/1653] : done (2089ms) 
 block [376/1653] : done (2087ms) 
 block [377/1653] : done (2061ms) 
 block [378/1653] : done (2100ms) 
 block [379/1653] : done (2204ms) 
 block [380/1653] : done (2190ms) 
 block [381/1653] : done (2171ms) 
 block [382/1653] : done (2154ms) 
 block [383/1653] : done (2164ms) 
 block [384/1653] : done (2222ms) 
 block [385/1653] : done (2202ms) 
 block [386/1653] : done (2139ms) 
 block [387/1653] : done (2155ms) 
 block [388/1653] : done (2124ms) 
 block [389/1653] : done (2110ms) 
 block [390/1653] : done (2235ms) 
 block [391/1653] : done (2598ms) 
 block [392/1653] : done (2428ms) 
 block [393/1653] : done (2270ms) 
 block [394/1653] : done (2248ms) 
 block [395/1653] : done (2260ms) 
 block [396/1653] : done (2354ms) 
 block [397/1653] : done (2333ms) 
 block [398/1653] : done (2290ms) 
 block [399/1653] : done (2254ms) 
 block [400/1653] : done (2331ms) 
 block [401/1653] : done (2225ms) 
 block [402/1653] : done (2162ms) 
 block [403/1653] : done (2221ms) 
 block [404/1653] : done (2177ms) 
 block [405/1653] : done (2236ms) 
 block [406/1653] : done (2193ms) 
 block [407/1653] : done (2254ms) 
 block [408/1653] : done (2143ms) 
 block [409/1653] : done (2168ms) 
 block [410/1653] : done (2168ms) 
 block [411/1653] : done (2193ms) 
 block [412/1653] : done (2213ms) 
 block [413/1653] : done (2264ms) 
 block [414/1653] : done (2181ms) 
 block [415/1653] : done (2186ms) 
 block [416/1653] : done (2241ms) 
 block [417/1653] : done (2263ms) 
 block [418/1653] : done (2226ms) 
 block [419/1653] : done (2217ms) 
 block [420/1653] : done (2275ms) 
 block [421/1653] : done (2223ms) 
 block [422/1653] : done (2165ms) 
 block [423/1653] : done (2187ms) 
 block [424/1653] : done (2227ms) 
 block [425/1653] : done (2224ms) 
 block [426/1653] : done (2200ms) 
 block [427/1653] : done (2105ms) 
 block [428/1653] : done (2171ms) 
 block [429/1653] : done (2167ms) 
 block [430/1653] : done (2217ms) 
 block [431/1653] : done (2188ms) 
 block [432/1653] : done (2221ms) 
 block [433/1653] : done (2141ms) 
 block [434/1653] : done (2144ms) 
 block [435/1653] : done (2136ms) 
 block [436/1653] : done (2118ms) 
 block [437/1653] : done (2113ms) 
 block [438/1653] : done (2101ms) 
 block [439/1653] : done (2230ms) 
 block [440/1653] : done (2217ms) 
 block [441/1653] : done (2136ms) 
 block [442/1653] : done (2220ms) 
 block [443/1653] : done (2215ms) 
 block [444/1653] : done (2183ms) 
 block [445/1653] : done (2136ms) 
 block [446/1653] : done (2173ms) 
 block [447/1653] : done (2131ms) 
 block [448/1653] : done (2120ms) 
 block [449/1653] : done (2491ms) 
 block [450/1653] : done (2478ms) 
 block [451/1653] : done (2457ms) 
 block [452/1653] : done (2475ms) 
 block [453/1653] : done (2519ms) 
 block [454/1653] : done (2473ms) 
 block [455/1653] : done (2468ms) 
 block [456/1653] : done (2259ms) 
 block [457/1653] : done (2232ms) 
 block [458/1653] : done (2271ms) 
 block [459/1653] : done (2276ms) 
 block [460/1653] : done (2354ms) 
 block [461/1653] : done (2291ms) 
 block [462/1653] : done (2311ms) 
 block [463/1653] : done (2253ms) 
 block [464/1653] : done (2206ms) 
 block [465/1653] : done (2243ms) 
 block [466/1653] : done (2515ms) 
 block [467/1653] : done (2578ms) 
 block [468/1653] : done (2563ms) 
 block [469/1653] : done (2654ms) 
 block [470/1653] : done (2591ms) 
 block [471/1653] : done (2633ms) 
 block [472/1653] : done (2562ms) 
 block [473/1653] : done (2239ms) 
 block [474/1653] : done (2255ms) 
 block [475/1653] : done (2198ms) 
 block [476/1653] : done (2513ms) 
 block [477/1653] : done (2734ms) 
 block [478/1653] : done (2639ms) 
 block [479/1653] : done (2521ms) 
 block [480/1653] : done (2505ms) 
 block [481/1653] : done (2603ms) 
 block [482/1653] : done (2498ms) 
 block [483/1653] : done (2498ms) 
 block [484/1653] : done (3989ms) 
 block [485/1653] : done (5007ms) 
 block [486/1653] : done (4983ms) 
 block [487/1653] : done (4835ms) 
 block [488/1653] : done (4719ms) 
 block [489/1653] : done (4658ms) 
 block [490/1653] : done (4595ms) 
 block [491/1653] : done (4718ms) 
 block [492/1653] : done (4693ms) 
 block [493/1653] : done (3527ms) 
 block [494/1653] : done (3004ms) 
 block [495/1653] : done (2757ms) 
 block [496/1653] : done (2609ms) 
 block [497/1653] : done (2736ms) 
 block [498/1653] : done (2816ms) 
 block [499/1653] : done (3293ms) 
 block [500/1653] : done (4149ms) 
 block [501/1653] : done (4853ms) 
 block [502/1653] : done (4752ms) 
 block [503/1653] : done (4759ms) 
 block [504/1653] : done (4795ms) 
 block [505/1653] : done (3944ms) 
 block [506/1653] : done (4772ms) 
 block [507/1653] : done (4611ms) 
 block [508/1653] : done (4671ms) 
 block [509/1653] : done (4603ms) 
 block [510/1653] : done (2272ms) 
 block [511/1653] : done (2933ms) 
 block [512/1653] : done (2422ms) 
 block [513/1653] : done (2841ms) 
 block [514/1653] : done (3185ms) 
 block [515/1653] : done (3146ms) 
 block [516/1653] : done (4866ms) 
 block [517/1653] : done (4918ms) 
 block [518/1653] : done (2649ms) 
 block [519/1653] : done (2891ms) 
 block [520/1653] : done (3115ms) 
 block [521/1653] : done (3132ms) 
 block [522/1653] : done (2649ms) 
 block [523/1653] : done (2621ms) 
 block [524/1653] : done (2534ms) 
 block [525/1653] : done (2410ms) 
 block [526/1653] : done (2533ms) 
 block [527/1653] : done (2686ms) 
 block [528/1653] : done (2560ms) 
 block [529/1653] : done (2423ms) 
 block [530/1653] : done (2907ms) 
 block [531/1653] : done (3242ms) 
 block [532/1653] : done (3186ms) 
 block [533/1653] : done (3299ms) 
 block [534/1653] : done (3200ms) 
 block [535/1653] : done (3223ms) 
 block [536/1653] : done (3140ms) 
 block [537/1653] : done (2880ms) 
 block [538/1653] : done (2309ms) 
 block [539/1653] : done (3244ms) 
 block [540/1653] : done (3100ms) 
 block [541/1653] : done (2696ms) 
 block [542/1653] : done (2501ms) 
 block [543/1653] : done (2461ms) 
 block [544/1653] : done (2400ms) 
 block [545/1653] : done (2399ms) 
 block [546/1653] : done (2427ms) 
 block [547/1653] : done (2348ms) 
 block [548/1653] : done (2344ms) 
 block [549/1653] : done (2364ms) 
 block [550/1653] : done (2294ms) 
 block [551/1653] : done (2444ms) 
 block [552/1653] : done (2413ms) 
 block [553/1653] : done (2327ms) 
 block [554/1653] : done (2354ms) 
 block [555/1653] : done (2274ms) 
 block [556/1653] : done (2318ms) 
 block [557/1653] : done (2290ms) 
 block [558/1653] : done (5623ms) 
 block [559/1653] : done (2374ms) 
 block [560/1653] : done (2380ms) 
 block [561/1653] : done (2289ms) 
 block [562/1653] : done (2293ms) 
 block [563/1653] : done (2350ms) 
 block [564/1653] : done (2307ms) 
 block [565/1653] : done (2333ms) 
 block [566/1653] : done (2277ms) 
 block [567/1653] : done (2310ms) 
 block [568/1653] : done (2361ms) 
 block [569/1653] : done (2321ms) 
 block [570/1653] : done (2360ms) 
 block [571/1653] : done (2451ms) 
 block [572/1653] : done (2361ms) 
 block [573/1653] : done (2363ms) 
 block [574/1653] : done (2474ms) 
 block [575/1653] : done (2425ms) 
 block [576/1653] : done (2381ms) 
 block [577/1653] : done (2357ms) 
 block [578/1653] : done (2367ms) 
 block [579/1653] : done (2309ms) 
 block [580/1653] : done (2292ms) 
 block [581/1653] : done (2290ms) 
 block [582/1653] : done (2238ms) 
 block [583/1653] : done (2336ms) 
 block [584/1653] : done (2406ms) 
 block [585/1653] : done (2556ms) 
 block [586/1653] : done (2454ms) 
 block [587/1653] : done (2403ms) 
 block [588/1653] : done (2378ms) 
 block [589/1653] : done (2354ms) 
 block [590/1653] : done (2483ms) 
 block [591/1653] : done (2384ms) 
 block [592/1653] : done (2386ms) 
 block [593/1653] : done (2323ms) 
 block [594/1653] : done (2341ms) 
 block [595/1653] : done (2338ms) 
 block [596/1653] : done (2297ms) 
 block [597/1653] : done (2287ms) 
 block [598/1653] : done (2328ms) 
 block [599/1653] : done (2301ms) 
 block [600/1653] : done (2285ms) 
 block [601/1653] : done (2667ms) 
 block [602/1653] : done (2372ms) 
 block [603/1653] : done (2362ms) 
 block [604/1653] : done (2327ms) 
 block [605/1653] : done (2348ms) 
 block [606/1653] : done (2328ms) 
 block [607/1653] : done (2481ms) 
 block [608/1653] : done (2485ms) 
 block [609/1653] : done (2439ms) 
 block [610/1653] : done (2495ms) 
 block [611/1653] : done (2537ms) 
 block [612/1653] : done (2386ms) 
 block [613/1653] : done (2348ms) 
 block [614/1653] : done (2353ms) 
 block [615/1653] : done (2384ms) 
 block [616/1653] : done (2436ms) 
 block [617/1653] : done (2353ms) 
 block [618/1653] : done (2404ms) 
 block [619/1653] : done (2468ms) 
 block [620/1653] : done (2397ms) 
 block [621/1653] : done (2337ms) 
 block [622/1653] : done (2380ms) 
 block [623/1653] : done (2429ms) 
 block [624/1653] : done (2402ms) 
 block [625/1653] : done (2374ms) 
 block [626/1653] : done (2326ms) 
 block [627/1653] : done (2299ms) 
 block [628/1653] : done (2296ms) 
 block [629/1653] : done (2364ms) 
 block [630/1653] : done (2324ms) 
 block [631/1653] : done (2288ms) 
 block [632/1653] : done (2300ms) 
 block [633/1653] : done (2336ms) 
 block [634/1653] : done (2432ms) 
 block [635/1653] : done (2425ms) 
 block [636/1653] : done (2602ms) 
 block [637/1653] : done (2525ms) 
 block [638/1653] : done (2388ms) 
 block [639/1653] : done (2357ms) 
 block [640/1653] : done (2376ms) 
 block [641/1653] : done (2384ms) 
 block [642/1653] : done (2437ms) 
 block [643/1653] : done (2449ms) 
 block [644/1653] : done (2446ms) 
 block [645/1653] : done (2881ms) 
 block [646/1653] : done (2484ms) 
 block [647/1653] : done (2389ms) 
 block [648/1653] : done (2433ms) 
 block [649/1653] : done (2328ms) 
 block [650/1653] : done (2299ms) 
 block [651/1653] : done (2360ms) 
 block [652/1653] : done (2322ms) 
 block [653/1653] : done (2334ms) 
 block [654/1653] : done (2306ms) 
 block [655/1653] : done (2346ms) 
 block [656/1653] : done (2357ms) 
 block [657/1653] : done (2355ms) 
 block [658/1653] : done (2349ms) 
 block [659/1653] : done (2406ms) 
 block [660/1653] : done (2411ms) 
 block [661/1653] : done (2313ms) 
 block [662/1653] : done (2410ms) 
 block [663/1653] : done (2318ms) 
 block [664/1653] : done (2309ms) 
 block [665/1653] : done (2363ms) 
 block [666/1653] : done (2325ms) 
 block [667/1653] : done (2390ms) 
 block [668/1653] : done (2323ms) 
 block [669/1653] : done (2334ms) 
 block [670/1653] : done (2332ms) 
 block [671/1653] : done (2314ms) 
 block [672/1653] : done (2304ms) 
 block [673/1653] : done (2256ms) 
 block [674/1653] : done (2288ms) 
 block [675/1653] : done (2393ms) 
 block [676/1653] : done (2355ms) 
 block [677/1653] : done (2401ms) 
 block [678/1653] : done (2369ms) 
 block [679/1653] : done (2334ms) 
 block [680/1653] : done (2336ms) 
 block [681/1653] : done (2322ms) 
 block [682/1653] : done (2395ms) 
 block [683/1653] : done (2466ms) 
 block [684/1653] : done (2425ms) 
 block [685/1653] : done (2443ms) 
 block [686/1653] : done (2389ms) 
 block [687/1653] : done (2344ms) 
 block [688/1653] : done (2399ms) 
 block [689/1653] : done (2379ms) 
 block [690/1653] : done (2362ms) 
 block [691/1653] : done (2397ms) 
 block [692/1653] : done (2413ms) 
 block [693/1653] : done (2517ms) 
 block [694/1653] : done (2363ms) 
 block [695/1653] : done (2435ms) 
 block [696/1653] : done (2361ms) 
 block [697/1653] : done (2341ms) 
 block [698/1653] : done (2351ms) 
 block [699/1653] : done (2313ms) 
 block [700/1653] : done (2321ms) 
 block [701/1653] : done (2257ms) 
 block [702/1653] : done (2239ms) 
 block [703/1653] : done (2245ms) 
 block [704/1653] : done (2287ms) 
 block [705/1653] : done (2262ms) 
 block [706/1653] : done (2289ms) 
 block [707/1653] : done (2260ms) 
 block [708/1653] : done (2288ms) 
 block [709/1653] : done (2290ms) 
 block [710/1653] : done (2284ms) 
 block [711/1653] : done (3082ms) 
 block [712/1653] : done (3210ms) 
 block [713/1653] : done (3074ms) 
 block [714/1653] : done (2354ms) 
 block [715/1653] : done (2397ms) 
 block [716/1653] : done (2342ms) 
 block [717/1653] : done (2307ms) 
 block [718/1653] : done (2321ms) 
 block [719/1653] : done (2263ms) 
 block [720/1653] : done (2332ms) 
 block [721/1653] : done (2349ms) 
 block [722/1653] : done (2369ms) 
 block [723/1653] : done (2423ms) 
 block [724/1653] : done (2328ms) 
 block [725/1653] : done (2303ms) 
 block [726/1653] : done (2318ms) 
 block [727/1653] : done (2251ms) 
 block [728/1653] : done (2294ms) 
 block [729/1653] : done (2284ms) 
 block [730/1653] : done (2259ms) 
 block [731/1653] : done (2268ms) 
 block [732/1653] : done (2236ms) 
 block [733/1653] : done (2308ms) 
 block [734/1653] : done (2376ms) 
 block [735/1653] : done (2382ms) 
 block [736/1653] : done (2453ms) 
 block [737/1653] : done (2439ms) 
 block [738/1653] : done (2381ms) 
 block [739/1653] : done (2358ms) 
 block [740/1653] : done (2274ms) 
 block [741/1653] : done (2267ms) 
 block [742/1653] : done (2291ms) 
 block [743/1653] : done (2308ms) 
 block [744/1653] : done (2319ms) 
 block [745/1653] : done (2319ms) 
 block [746/1653] : done (2358ms) 
 block [747/1653] : done (2421ms) 
 block [748/1653] : done (2394ms) 
 block [749/1653] : done (2377ms) 
 block [750/1653] : done (2254ms) 
 block [751/1653] : done (2270ms) 
 block [752/1653] : done (2298ms) 
 block [753/1653] : done (2368ms) 
 block [754/1653] : done (2308ms) 
 block [755/1653] : done (2299ms) 
 block [756/1653] : done (2273ms) 
 block [757/1653] : done (2338ms) 
 block [758/1653] : done (2357ms) 
 block [759/1653] : done (2348ms) 
 block [760/1653] : done (2305ms) 
 block [761/1653] : done (2297ms) 
 block [762/1653] : done (2343ms) 
 block [763/1653] : done (2291ms) 
 block [764/1653] : done (2350ms) 
 block [765/1653] : done (2292ms) 
 block [766/1653] : done (2378ms) 
 block [767/1653] : done (2358ms) 
 block [768/1653] : done (2312ms) 
 block [769/1653] : done (2269ms) 
 block [770/1653] : done (2307ms) 
 block [771/1653] : done (2289ms) 
 block [772/1653] : done (2312ms) 
 block [773/1653] : done (2258ms) 
 block [774/1653] : done (2295ms) 
 block [775/1653] : done (2300ms) 
 block [776/1653] : done (2427ms) 
 block [777/1653] : done (2327ms) 
 block [778/1653] : done (2285ms) 
 block [779/1653] : done (2270ms) 
 block [780/1653] : done (2303ms) 
 block [781/1653] : done (2253ms) 
 block [782/1653] : done (2260ms) 
 block [783/1653] : done (2244ms) 
 block [784/1653] : done (2281ms) 
 block [785/1653] : done (2286ms) 
 block [786/1653] : done (2328ms) 
 block [787/1653] : done (2349ms) 
 block [788/1653] : done (2344ms) 
 block [789/1653] : done (2351ms) 
 block [790/1653] : done (2322ms) 
 block [791/1653] : done (2366ms) 
 block [792/1653] : done (2307ms) 
 block [793/1653] : done (2345ms) 
 block [794/1653] : done (2330ms) 
 block [795/1653] : done (2297ms) 
 block [796/1653] : done (2293ms) 
 block [797/1653] : done (2354ms) 
 block [798/1653] : done (2300ms) 
 block [799/1653] : done (2375ms) 
 block [800/1653] : done (2347ms) 
 block [801/1653] : done (2353ms) 
 block [802/1653] : done (2359ms) 
 block [803/1653] : done (2371ms) 
 block [804/1653] : done (2486ms) 
 block [805/1653] : done (2338ms) 
 block [806/1653] : done (2334ms) 
 block [807/1653] : done (2342ms) 
 block [808/1653] : done (2308ms) 
 block [809/1653] : done (2348ms) 
 block [810/1653] : done (2294ms) 
 block [811/1653] : done (2280ms) 
 block [812/1653] : done (2247ms) 
 block [813/1653] : done (2265ms) 
 block [814/1653] : done (2322ms) 
 block [815/1653] : done (2360ms) 
 block [816/1653] : done (2385ms) 
 block [817/1653] : done (2377ms) 
 block [818/1653] : done (2383ms) 
 block [819/1653] : done (2352ms) 
 block [820/1653] : done (2343ms) 
 block [821/1653] : done (2312ms) 
 block [822/1653] : done (2327ms) 
 block [823/1653] : done (2256ms) 
 block [824/1653] : done (2289ms) 
 block [825/1653] : done (2242ms) 
 block [826/1653] : done (2252ms) 
 block [827/1653] : done (2292ms) 
 block [828/1653] : done (2318ms) 
 block [829/1653] : done (2349ms) 
 block [830/1653] : done (2372ms) 
 block [831/1653] : done (2338ms) 
 block [832/1653] : done (2424ms) 
 block [833/1653] : done (2383ms) 
 block [834/1653] : done (2321ms) 
 block [835/1653] : done (2349ms) 
 block [836/1653] : done (2318ms) 
 block [837/1653] : done (2307ms) 
 block [838/1653] : done (2307ms) 
 block [839/1653] : done (2301ms) 
 block [840/1653] : done (2315ms) 
 block [841/1653] : done (2331ms) 
 block [842/1653] : done (2361ms) 
 block [843/1653] : done (2325ms) 
 block [844/1653] : done (2359ms) 
 block [845/1653] : done (2316ms) 
 block [846/1653] : done (2340ms) 
 block [847/1653] : done (2441ms) 
 block [848/1653] : done (2344ms) 
 block [849/1653] : done (2374ms) 
 block [850/1653] : done (2338ms) 
 block [851/1653] : done (2360ms) 
 block [852/1653] : done (2346ms) 
 block [853/1653] : done (2344ms) 
 block [854/1653] : done (2291ms) 
 block [855/1653] : done (2266ms) 
 block [856/1653] : done (2254ms) 
 block [857/1653] : done (2309ms) 
 block [858/1653] : done (2369ms) 
 block [859/1653] : done (2373ms) 
 block [860/1653] : done (2395ms) 
 block [861/1653] : done (2457ms) 
 block [862/1653] : done (2366ms) 
 block [863/1653] : done (2352ms) 
 block [864/1653] : done (2317ms) 
 block [865/1653] : done (2293ms) 
 block [866/1653] : done (2347ms) 
 block [867/1653] : done (2274ms) 
 block [868/1653] : done (2333ms) 
 block [869/1653] : done (2361ms) 
 block [870/1653] : done (2367ms) 
 block [871/1653] : done (2341ms) 
 block [872/1653] : done (2416ms) 
 block [873/1653] : done (2371ms) 
 block [874/1653] : done (2323ms) 
 block [875/1653] : done (2359ms) 
 block [876/1653] : done (2340ms) 
 block [877/1653] : done (2323ms) 
 block [878/1653] : done (2439ms) 
 block [879/1653] : done (2418ms) 
 block [880/1653] : done (2494ms) 
 block [881/1653] : done (2428ms) 
 block [882/1653] : done (2430ms) 
 block [883/1653] : done (2387ms) 
 block [884/1653] : done (2347ms) 
 block [885/1653] : done (2369ms) 
 block [886/1653] : done (2622ms) 
 block [887/1653] : done (2505ms) 
 block [888/1653] : done (2436ms) 
 block [889/1653] : done (2415ms) 
 block [890/1653] : done (2416ms) 
 block [891/1653] : done (2437ms) 
 block [892/1653] : done (2384ms) 
 block [893/1653] : done (2447ms) 
 block [894/1653] : done (2903ms) 
 block [895/1653] : done (3242ms) 
 block [896/1653] : done (2417ms) 
 block [897/1653] : done (2446ms) 
 block [898/1653] : done (2453ms) 
 block [899/1653] : done (2426ms) 
 block [900/1653] : done (2369ms) 
 block [901/1653] : done (2387ms) 
 block [902/1653] : done (2397ms) 
 block [903/1653] : done (2355ms) 
 block [904/1653] : done (2344ms) 
 block [905/1653] : done (2390ms) 
 block [906/1653] : done (2460ms) 
 block [907/1653] : done (2389ms) 
 block [908/1653] : done (2496ms) 
 block [909/1653] : done (2372ms) 
 block [910/1653] : done (2426ms) 
 block [911/1653] : done (2458ms) 
 block [912/1653] : done (2413ms) 
 block [913/1653] : done (2189ms) 
 block [914/1653] : done (2072ms) 
 block [915/1653] : done (2262ms) 
 block [916/1653] : done (2651ms) 
 block [917/1653] : done (2640ms) 
 block [918/1653] : done (2538ms) 
 block [919/1653] : done (2527ms) 
 block [920/1653] : done (2570ms) 
 block [921/1653] : done (2448ms) 
 block [922/1653] : done (2438ms) 
 block [923/1653] : done (2400ms) 
 block [924/1653] : done (2374ms) 
 block [925/1653] : done (2356ms) 
 block [926/1653] : done (2398ms) 
 block [927/1653] : done (2494ms) 
 block [928/1653] : done (2437ms) 
 block [929/1653] : done (2452ms) 
 block [930/1653] : done (3220ms) 
 block [931/1653] : done (2919ms) 
 block [932/1653] : done (2441ms) 
 block [933/1653] : done (2463ms) 
 block [934/1653] : done (2394ms) 
 block [935/1653] : done (2509ms) 
 block [936/1653] : done (2632ms) 
 block [937/1653] : done (2467ms) 
 block [938/1653] : done (2452ms) 
 block [939/1653] : done (2477ms) 
 block [940/1653] : done (2492ms) 
 block [941/1653] : done (2644ms) 
 block [942/1653] : done (2612ms) 
 block [943/1653] : done (2458ms) 
 block [944/1653] : done (2541ms) 
 block [945/1653] : done (2573ms) 
 block [946/1653] : done (2599ms) 
 block [947/1653] : done (2754ms) 
 block [948/1653] : done (2458ms) 
 block [949/1653] : done (2426ms) 
 block [950/1653] : done (2391ms) 
 block [951/1653] : done (2337ms) 
 block [952/1653] : done (2402ms) 
 block [953/1653] : done (2322ms) 
 block [954/1653] : done (2377ms) 
 block [955/1653] : done (2440ms) 
 block [956/1653] : done (2522ms) 
 block [957/1653] : done (2377ms) 
 block [958/1653] : done (2404ms) 
 block [959/1653] : done (2385ms) 
 block [960/1653] : done (2833ms) 
 block [961/1653] : done (3111ms) 
 block [962/1653] : done (2429ms) 
 block [963/1653] : done (2410ms) 
 block [964/1653] : done (2464ms) 
 block [965/1653] : done (2483ms) 
 block [966/1653] : done (2498ms) 
 block [967/1653] : done (2473ms) 
 block [968/1653] : done (2444ms) 
 block [969/1653] : done (2503ms) 
 block [970/1653] : done (2427ms) 
 block [971/1653] : done (2440ms) 
 block [972/1653] : done (2362ms) 
 block [973/1653] : done (2314ms) 
 block [974/1653] : done (2371ms) 
 block [975/1653] : done (2334ms) 
 block [976/1653] : done (2304ms) 
 block [977/1653] : done (2325ms) 
 block [978/1653] : done (2363ms) 
 block [979/1653] : done (2437ms) 
 block [980/1653] : done (2484ms) 
 block [981/1653] : done (2419ms) 
 block [982/1653] : done (2403ms) 
 block [983/1653] : done (2370ms) 
 block [984/1653] : done (2347ms) 
 block [985/1653] : done (2255ms) 
 block [986/1653] : done (2477ms) 
 block [987/1653] : done (2484ms) 
 block [988/1653] : done (2490ms) 
 block [989/1653] : done (2369ms) 
 block [990/1653] : done (2324ms) 
 block [991/1653] : done (2427ms) 
 block [992/1653] : done (2354ms) 
 block [993/1653] : done (2406ms) 
 block [994/1653] : done (2379ms) 
 block [995/1653] : done (2435ms) 
 block [996/1653] : done (2331ms) 
 block [997/1653] : done (2349ms) 
 block [998/1653] : done (2327ms) 
 block [999/1653] : done (2393ms) 
 block [1000/1653] : done (2419ms) 
 block [1001/1653] : done (2719ms) 
 block [1002/1653] : done (2550ms) 
 block [1003/1653] : done (2512ms) 
 block [1004/1653] : done (2496ms) 
 block [1005/1653] : done (2621ms) 
 block [1006/1653] : done (2736ms) 
 block [1007/1653] : done (2640ms) 
 block [1008/1653] : done (2554ms) 
 block [1009/1653] : done (2480ms) 
 block [1010/1653] : done (2136ms) 
 block [1011/1653] : done (2026ms) 
 block [1012/1653] : done (2067ms) 
 block [1013/1653] : done (2041ms) 
 block [1014/1653] : done (2049ms) 
 block [1015/1653] : done (1966ms) 
 block [1016/1653] : done (2010ms) 
 block [1017/1653] : done (2307ms) 
 block [1018/1653] : done (2376ms) 
 block [1019/1653] : done (2370ms) 
 block [1020/1653] : done (2371ms) 
 block [1021/1653] : done (2379ms) 
 block [1022/1653] : done (2345ms) 
 block [1023/1653] : done (2359ms) 
 block [1024/1653] : done (2305ms) 
 block [1025/1653] : done (2357ms) 
 block [1026/1653] : done (2419ms) 
 block [1027/1653] : done (2456ms) 
 block [1028/1653] : done (2386ms) 
 block [1029/1653] : done (2364ms) 
 block [1030/1653] : done (2368ms) 
 block [1031/1653] : done (2361ms) 
 block [1032/1653] : done (2391ms) 
 block [1033/1653] : done (2340ms) 
 block [1034/1653] : done (2352ms) 
 block [1035/1653] : done (2313ms) 
 block [1036/1653] : done (2324ms) 
 block [1037/1653] : done (2281ms) 
 block [1038/1653] : done (2276ms) 
 block [1039/1653] : done (2269ms) 
 block [1040/1653] : done (2346ms) 
 block [1041/1653] : done (2338ms) 
 block [1042/1653] : done (2368ms) 
 block [1043/1653] : done (2373ms) 
 block [1044/1653] : done (2359ms) 
 block [1045/1653] : done (2335ms) 
 block [1046/1653] : done (2314ms) 
 block [1047/1653] : done (2299ms) 
 block [1048/1653] : done (2310ms) 
 block [1049/1653] : done (2256ms) 
 block [1050/1653] : done (2279ms) 
 block [1051/1653] : done (2346ms) 
 block [1052/1653] : done (2352ms) 
 block [1053/1653] : done (2357ms) 
 block [1054/1653] : done (2414ms) 
 block [1055/1653] : done (2420ms) 
 block [1056/1653] : done (2383ms) 
 block [1057/1653] : done (2365ms) 
 block [1058/1653] : done (2318ms) 
 block [1059/1653] : done (2273ms) 
 block [1060/1653] : done (2273ms) 
 block [1061/1653] : done (2367ms) 
 block [1062/1653] : done (2381ms) 
 block [1063/1653] : done (2431ms) 
 block [1064/1653] : done (2396ms) 
 block [1065/1653] : done (2409ms) 
 block [1066/1653] : done (2335ms) 
 block [1067/1653] : done (2316ms) 
 block [1068/1653] : done (2328ms) 
 block [1069/1653] : done (2315ms) 
 block [1070/1653] : done (2307ms) 
 block [1071/1653] : done (2298ms) 
 block [1072/1653] : done (2373ms) 
 block [1073/1653] : done (2401ms) 
 block [1074/1653] : done (2386ms) 
 block [1075/1653] : done (2368ms) 
 block [1076/1653] : done (2438ms) 
 block [1077/1653] : done (2360ms) 
 block [1078/1653] : done (2315ms) 
 block [1079/1653] : done (2308ms) 
 block [1080/1653] : done (2287ms) 
 block [1081/1653] : done (2333ms) 
 block [1082/1653] : done (2358ms) 
 block [1083/1653] : done (2336ms) 
 block [1084/1653] : done (2337ms) 
 block [1085/1653] : done (2429ms) 
 block [1086/1653] : done (2407ms) 
 block [1087/1653] : done (2395ms) 
 block [1088/1653] : done (2344ms) 
 block [1089/1653] : done (2333ms) 
 block [1090/1653] : done (2393ms) 
 block [1091/1653] : done (2353ms) 
 block [1092/1653] : done (2380ms) 
 block [1093/1653] : done (2371ms) 
 block [1094/1653] : done (2327ms) 
 block [1095/1653] : done (2398ms) 
 block [1096/1653] : done (2360ms) 
 block [1097/1653] : done (2368ms) 
 block [1098/1653] : done (2504ms) 
 block [1099/1653] : done (2336ms) 
 block [1100/1653] : done (2438ms) 
 block [1101/1653] : done (2433ms) 
 block [1102/1653] : done (2338ms) 
 block [1103/1653] : done (2340ms) 
 block [1104/1653] : done (2376ms) 
 block [1105/1653] : done (2416ms) 
 block [1106/1653] : done (2395ms) 
 block [1107/1653] : done (2348ms) 
 block [1108/1653] : done (2366ms) 
 block [1109/1653] : done (2397ms) 
 block [1110/1653] : done (2341ms) 
 block [1111/1653] : done (2313ms) 
 block [1112/1653] : done (2354ms) 
 block [1113/1653] : done (2360ms) 
 block [1114/1653] : done (2347ms) 
 block [1115/1653] : done (2324ms) 
 block [1116/1653] : done (2358ms) 
 block [1117/1653] : done (2448ms) 
 block [1118/1653] : done (2443ms) 
 block [1119/1653] : done (2316ms) 
 block [1120/1653] : done (2368ms) 
 block [1121/1653] : done (2367ms) 
 block [1122/1653] : done (2312ms) 
 block [1123/1653] : done (2315ms) 
 block [1124/1653] : done (2303ms) 
 block [1125/1653] : done (2303ms) 
 block [1126/1653] : done (2321ms) 
 block [1127/1653] : done (2392ms) 
 block [1128/1653] : done (2436ms) 
 block [1129/1653] : done (2339ms) 
 block [1130/1653] : done (2345ms) 
 block [1131/1653] : done (2315ms) 
 block [1132/1653] : done (2391ms) 
 block [1133/1653] : done (2336ms) 
 block [1134/1653] : done (2311ms) 
 block [1135/1653] : done (2352ms) 
 block [1136/1653] : done (2322ms) 
 block [1137/1653] : done (2376ms) 
 block [1138/1653] : done (2400ms) 
 block [1139/1653] : done (2367ms) 
 block [1140/1653] : done (2369ms) 
 block [1141/1653] : done (2348ms) 
 block [1142/1653] : done (2349ms) 
 block [1143/1653] : done (2374ms) 
 block [1144/1653] : done (2402ms) 
 block [1145/1653] : done (2385ms) 
 block [1146/1653] : done (2370ms) 
 block [1147/1653] : done (2357ms) 
 block [1148/1653] : done (2441ms) 
 block [1149/1653] : done (2366ms) 
 block [1150/1653] : done (2334ms) 
 block [1151/1653] : done (2337ms) 
 block [1152/1653] : done (2356ms) 
 block [1153/1653] : done (2345ms) 
 block [1154/1653] : done (2342ms) 
 block [1155/1653] : done (2396ms) 
 block [1156/1653] : done (2407ms) 
 block [1157/1653] : done (2392ms) 
 block [1158/1653] : done (2374ms) 
 block [1159/1653] : done (2309ms) 
 block [1160/1653] : done (2285ms) 
 block [1161/1653] : done (2351ms) 
 block [1162/1653] : done (2301ms) 
 block [1163/1653] : done (2311ms) 
 block [1164/1653] : done (2269ms) 
 block [1165/1653] : done (2322ms) 
 block [1166/1653] : done (2372ms) 
 block [1167/1653] : done (2291ms) 
 block [1168/1653] : done (2406ms) 
 block [1169/1653] : done (2442ms) 
 block [1170/1653] : done (2411ms) 
 block [1171/1653] : done (2366ms) 
 block [1172/1653] : done (2341ms) 
 block [1173/1653] : done (2349ms) 
 block [1174/1653] : done (2321ms) 
 block [1175/1653] : done (2326ms) 
 block [1176/1653] : done (2360ms) 
 block [1177/1653] : done (2399ms) 
 block [1178/1653] : done (2365ms) 
 block [1179/1653] : done (2404ms) 
 block [1180/1653] : done (2418ms) 
 block [1181/1653] : done (2390ms) 
 block [1182/1653] : done (2405ms) 
 block [1183/1653] : done (2319ms) 
 block [1184/1653] : done (2301ms) 
 block [1185/1653] : done (2331ms) 
 block [1186/1653] : done (2281ms) 
 block [1187/1653] : done (2500ms) 
 block [1188/1653] : done (2267ms) 
 block [1189/1653] : done (2275ms) 
 block [1190/1653] : done (2323ms) 
 block [1191/1653] : done (2333ms) 
 block [1192/1653] : done (2350ms) 
 block [1193/1653] : done (2323ms) 
 block [1194/1653] : done (2268ms) 
 block [1195/1653] : done (2368ms) 
 block [1196/1653] : done (2292ms) 
 block [1197/1653] : done (2299ms) 
 block [1198/1653] : done (2308ms) 
 block [1199/1653] : done (2269ms) 
 block [1200/1653] : done (2227ms) 
 block [1201/1653] : done (2218ms) 
 block [1202/1653] : done (2246ms) 
 block [1203/1653] : done (2303ms) 
 block [1204/1653] : done (2415ms) 
 block [1205/1653] : done (2343ms) 
 block [1206/1653] : done (2341ms) 
 block [1207/1653] : done (2305ms) 
 block [1208/1653] : done (2309ms) 
 block [1209/1653] : done (2366ms) 
 block [1210/1653] : done (2337ms) 
 block [1211/1653] : done (2322ms) 
 block [1212/1653] : done (2394ms) 
 block [1213/1653] : done (2373ms) 
 block [1214/1653] : done (2396ms) 
 block [1215/1653] : done (2419ms) 
 block [1216/1653] : done (2383ms) 
 block [1217/1653] : done (2331ms) 
 block [1218/1653] : done (2311ms) 
 block [1219/1653] : done (2314ms) 
 block [1220/1653] : done (2347ms) 
 block [1221/1653] : done (2315ms) 
 block [1222/1653] : done (2305ms) 
 block [1223/1653] : done (2341ms) 
 block [1224/1653] : done (2358ms) 
 block [1225/1653] : done (2331ms) 
 block [1226/1653] : done (2357ms) 
 block [1227/1653] : done (2443ms) 
 block [1228/1653] : done (2394ms) 
 block [1229/1653] : done (2411ms) 
 block [1230/1653] : done (2288ms) 
 block [1231/1653] : done (2314ms) 
 block [1232/1653] : done (2295ms) 
 block [1233/1653] : done (2273ms) 
 block [1234/1653] : done (2288ms) 
 block [1235/1653] : done (2324ms) 
 block [1236/1653] : done (2318ms) 
 block [1237/1653] : done (2353ms) 
 block [1238/1653] : done (2322ms) 
 block [1239/1653] : done (2439ms) 
 block [1240/1653] : done (2521ms) 
 block [1241/1653] : done (2400ms) 
 block [1242/1653] : done (2371ms) 
 block [1243/1653] : done (2359ms) 
 block [1244/1653] : done (2305ms) 
 block [1245/1653] : done (2309ms) 
 block [1246/1653] : done (2335ms) 
 block [1247/1653] : done (2371ms) 
 block [1248/1653] : done (2318ms) 
 block [1249/1653] : done (2307ms) 
 block [1250/1653] : done (2490ms) 
 block [1251/1653] : done (2374ms) 
 block [1252/1653] : done (2382ms) 
 block [1253/1653] : done (2384ms) 
 block [1254/1653] : done (2311ms) 
 block [1255/1653] : done (2324ms) 
 block [1256/1653] : done (2417ms) 
 block [1257/1653] : done (2432ms) 
 block [1258/1653] : done (2381ms) 
 block [1259/1653] : done (2340ms) 
 block [1260/1653] : done (2312ms) 
 block [1261/1653] : done (2373ms) 
 block [1262/1653] : done (2358ms) 
 block [1263/1653] : done (2363ms) 
 block [1264/1653] : done (2372ms) 
 block [1265/1653] : done (2341ms) 
 block [1266/1653] : done (2398ms) 
 block [1267/1653] : done (2364ms) 
 block [1268/1653] : done (2401ms) 
 block [1269/1653] : done (2357ms) 
 block [1270/1653] : done (2333ms) 
 block [1271/1653] : done (2316ms) 
 block [1272/1653] : done (2335ms) 
 block [1273/1653] : done (2287ms) 
 block [1274/1653] : done (2270ms) 
 block [1275/1653] : done (2377ms) 
 block [1276/1653] : done (2362ms) 
 block [1277/1653] : done (2351ms) 
 block [1278/1653] : done (2338ms) 
 block [1279/1653] : done (2347ms) 
 block [1280/1653] : done (2305ms) 
 block [1281/1653] : done (2320ms) 
 block [1282/1653] : done (2311ms) 
 block [1283/1653] : done (2366ms) 
 block [1284/1653] : done (2333ms) 
 block [1285/1653] : done (2341ms) 
 block [1286/1653] : done (2333ms) 
 block [1287/1653] : done (2305ms) 
 block [1288/1653] : done (2333ms) 
 block [1289/1653] : done (2364ms) 
 block [1290/1653] : done (2301ms) 
 block [1291/1653] : done (2299ms) 
 block [1292/1653] : done (2299ms) 
 block [1293/1653] : done (2393ms) 
 block [1294/1653] : done (2355ms) 
 block [1295/1653] : done (2356ms) 
 block [1296/1653] : done (2295ms) 
 block [1297/1653] : done (2278ms) 
 block [1298/1653] : done (2382ms) 
 block [1299/1653] : done (2298ms) 
 block [1300/1653] : done (2294ms) 
 block [1301/1653] : done (2303ms) 
 block [1302/1653] : done (2257ms) 
 block [1303/1653] : done (2267ms) 
 block [1304/1653] : done (2303ms) 
 block [1305/1653] : done (2353ms) 
 block [1306/1653] : done (2321ms) 
 block [1307/1653] : done (2438ms) 
 block [1308/1653] : done (2329ms) 
 block [1309/1653] : done (2327ms) 
 block [1310/1653] : done (2271ms) 
 block [1311/1653] : done (2274ms) 
 block [1312/1653] : done (2316ms) 
 block [1313/1653] : done (2276ms) 
 block [1314/1653] : done (2261ms) 
 block [1315/1653] : done (2266ms) 
 block [1316/1653] : done (2455ms) 
 block [1317/1653] : done (2447ms) 
 block [1318/1653] : done (2351ms) 
 block [1319/1653] : done (2369ms) 
 block [1320/1653] : done (2287ms) 
 block [1321/1653] : done (2318ms) 
 block [1322/1653] : done (2303ms) 
 block [1323/1653] : done (2283ms) 
 block [1324/1653] : done (2238ms) 
 block [1325/1653] : done (2277ms) 
 block [1326/1653] : done (2309ms) 
 block [1327/1653] : done (2377ms) 
 block [1328/1653] : done (2349ms) 
 block [1329/1653] : done (2453ms) 
 block [1330/1653] : done (2464ms) 
 block [1331/1653] : done (2433ms) 
 block [1332/1653] : done (2429ms) 
 block [1333/1653] : done (2442ms) 
 block [1334/1653] : done (2384ms) 
 block [1335/1653] : done (2572ms) 
 block [1336/1653] : done (2317ms) 
 block [1337/1653] : done (2316ms) 
 block [1338/1653] : done (2279ms) 
 block [1339/1653] : done (2304ms) 
 block [1340/1653] : done (2283ms) 
 block [1341/1653] : done (2396ms) 
 block [1342/1653] : done (2405ms) 
 block [1343/1653] : done (2478ms) 
 block [1344/1653] : done (2285ms) 
 block [1345/1653] : done (2256ms) 
 block [1346/1653] : done (2293ms) 
 block [1347/1653] : done (2260ms) 
 block [1348/1653] : done (2310ms) 
 block [1349/1653] : done (2278ms) 
 block [1350/1653] : done (2301ms) 
 block [1351/1653] : done (2287ms) 
 block [1352/1653] : done (2325ms) 
 block [1353/1653] : done (2445ms) 
 block [1354/1653] : done (2321ms) 
 block [1355/1653] : done (2361ms) 
 block [1356/1653] : done (2354ms) 
 block [1357/1653] : done (2334ms) 
 block [1358/1653] : done (2300ms) 
 block [1359/1653] : done (2243ms) 
 block [1360/1653] : done (2262ms) 
 block [1361/1653] : done (2285ms) 
 block [1362/1653] : done (2334ms) 
 block [1363/1653] : done (2270ms) 
 block [1364/1653] : done (2321ms) 
 block [1365/1653] : done (2397ms) 
 block [1366/1653] : done (2384ms) 
 block [1367/1653] : done (2318ms) 
 block [1368/1653] : done (2319ms) 
 block [1369/1653] : done (2270ms) 
 block [1370/1653] : done (2399ms) 
 block [1371/1653] : done (2249ms) 
 block [1372/1653] : done (2292ms) 
 block [1373/1653] : done (2273ms) 
 block [1374/1653] : done (2264ms) 
 block [1375/1653] : done (2329ms) 
 block [1376/1653] : done (2276ms) 
 block [1377/1653] : done (2257ms) 
 block [1378/1653] : done (2274ms) 
 block [1379/1653] : done (2301ms) 
 block [1380/1653] : done (2291ms) 
 block [1381/1653] : done (2289ms) 
 block [1382/1653] : done (2272ms) 
 block [1383/1653] : done (2305ms) 
 block [1384/1653] : done (2299ms) 
 block [1385/1653] : done (2339ms) 
 block [1386/1653] : done (2398ms) 
 block [1387/1653] : done (2343ms) 
 block [1388/1653] : done (2282ms) 
 block [1389/1653] : done (2310ms) 
 block [1390/1653] : done (2310ms) 
 block [1391/1653] : done (2400ms) 
 block [1392/1653] : done (2284ms) 
 block [1393/1653] : done (2278ms) 
 block [1394/1653] : done (2358ms) 
 block [1395/1653] : done (2328ms) 
 block [1396/1653] : done (2271ms) 
 block [1397/1653] : done (2297ms) 
 block [1398/1653] : done (2299ms) 
 block [1399/1653] : done (2386ms) 
 block [1400/1653] : done (2282ms) 
 block [1401/1653] : done (2296ms) 
 block [1402/1653] : done (2221ms) 
 block [1403/1653] : done (2220ms) 
 block [1404/1653] : done (2308ms) 
 block [1405/1653] : done (2361ms) 
 block [1406/1653] : done (2365ms) 
 block [1407/1653] : done (2381ms) 
 block [1408/1653] : done (2325ms) 
 block [1409/1653] : done (2297ms) 
 block [1410/1653] : done (2269ms) 
 block [1411/1653] : done (2252ms) 
 block [1412/1653] : done (2337ms) 
 block [1413/1653] : done (2312ms) 
 block [1414/1653] : done (2299ms) 
 block [1415/1653] : done (2238ms) 
 block [1416/1653] : done (2232ms) 
 block [1417/1653] : done (2263ms) 
 block [1418/1653] : done (2297ms) 
 block [1419/1653] : done (2362ms) 
 block [1420/1653] : done (2392ms) 
 block [1421/1653] : done (2387ms) 
 block [1422/1653] : done (2325ms) 
 block [1423/1653] : done (2308ms) 
 block [1424/1653] : done (2234ms) 
 block [1425/1653] : done (2203ms) 
 block [1426/1653] : done (2189ms) 
 block [1427/1653] : done (2165ms) 
 block [1428/1653] : done (2269ms) 
 block [1429/1653] : done (2316ms) 
 block [1430/1653] : done (2343ms) 
 block [1431/1653] : done (2411ms) 
 block [1432/1653] : done (2457ms) 
 block [1433/1653] : done (2360ms) 
 block [1434/1653] : done (2278ms) 
 block [1435/1653] : done (2323ms) 
 block [1436/1653] : done (2284ms) 
 block [1437/1653] : done (2350ms) 
 block [1438/1653] : done (2485ms) 
 block [1439/1653] : done (2405ms) 
 block [1440/1653] : done (2388ms) 
 block [1441/1653] : done (2384ms) 
 block [1442/1653] : done (2351ms) 
 block [1443/1653] : done (2256ms) 
 block [1444/1653] : done (2232ms) 
 block [1445/1653] : done (2368ms) 
 block [1446/1653] : done (2332ms) 
 block [1447/1653] : done (2353ms) 
 block [1448/1653] : done (2280ms) 
 block [1449/1653] : done (2264ms) 
 block [1450/1653] : done (2305ms) 
 block [1451/1653] : done (2342ms) 
 block [1452/1653] : done (2382ms) 
 block [1453/1653] : done (2399ms) 
 block [1454/1653] : done (2375ms) 
 block [1455/1653] : done (2400ms) 
 block [1456/1653] : done (2326ms) 
 block [1457/1653] : done (2346ms) 
 block [1458/1653] : done (2354ms) 
 block [1459/1653] : done (2367ms) 
 block [1460/1653] : done (2404ms) 
 block [1461/1653] : done (2363ms) 
 block [1462/1653] : done (2273ms) 
 block [1463/1653] : done (2241ms) 
 block [1464/1653] : done (2273ms) 
 block [1465/1653] : done (2358ms) 
 block [1466/1653] : done (2308ms) 
 block [1467/1653] : done (2466ms) 
 block [1468/1653] : done (2363ms) 
 block [1469/1653] : done (2396ms) 
 block [1470/1653] : done (2350ms) 
 block [1471/1653] : done (2382ms) 
 block [1472/1653] : done (2306ms) 
 block [1473/1653] : done (2353ms) 
 block [1474/1653] : done (2335ms) 
 block [1475/1653] : done (2316ms) 
 block [1476/1653] : done (2317ms) 
 block [1477/1653] : done (2347ms) 
 block [1478/1653] : done (2285ms) 
 block [1479/1653] : done (2295ms) 
 block [1480/1653] : done (2323ms) 
 block [1481/1653] : done (2327ms) 
 block [1482/1653] : done (2316ms) 
 block [1483/1653] : done (2429ms) 
 block [1484/1653] : done (2400ms) 
 block [1485/1653] : done (2369ms) 
 block [1486/1653] : done (2404ms) 
 block [1487/1653] : done (2340ms) 
 block [1488/1653] : done (2327ms) 
 block [1489/1653] : done (2321ms) 
 block [1490/1653] : done (2307ms) 
 block [1491/1653] : done (2314ms) 
 block [1492/1653] : done (2401ms) 
 block [1493/1653] : done (2410ms) 
 block [1494/1653] : done (2394ms) 
 block [1495/1653] : done (2419ms) 
 block [1496/1653] : done (2329ms) 
 block [1497/1653] : done (2395ms) 
 block [1498/1653] : done (2396ms) 
 block [1499/1653] : done (2301ms) 
 block [1500/1653] : done (2362ms) 
 block [1501/1653] : done (2275ms) 
 block [1502/1653] : done (2316ms) 
 block [1503/1653] : done (2338ms) 
 block [1504/1653] : done (2397ms) 
 block [1505/1653] : done (2431ms) 
 block [1506/1653] : done (2388ms) 
 block [1507/1653] : done (2437ms) 
 block [1508/1653] : done (2401ms) 
 block [1509/1653] : done (2456ms) 
 block [1510/1653] : done (2429ms) 
 block [1511/1653] : done (2359ms) 
 block [1512/1653] : done (2452ms) 
 block [1513/1653] : done (2348ms) 
 block [1514/1653] : done (2102ms) 
 block [1515/1653] : done (2060ms) 
 block [1516/1653] : done (2307ms) 
 block [1517/1653] : done (2083ms) 
 block [1518/1653] : done (2043ms) 
 block [1519/1653] : done (2169ms) 
 block [1520/1653] : done (2528ms) 
 block [1521/1653] : done (2460ms) 
 block [1522/1653] : done (2522ms) 
 block [1523/1653] : done (2456ms) 
 block [1524/1653] : done (2344ms) 
 block [1525/1653] : done (2395ms) 
 block [1526/1653] : done (2434ms) 
 block [1527/1653] : done (2509ms) 
 block [1528/1653] : done (2363ms) 
 block [1529/1653] : done (2441ms) 
 block [1530/1653] : done (2378ms) 
 block [1531/1653] : done (2323ms) 
 block [1532/1653] : done (2429ms) 
 block [1533/1653] : done (2288ms) 
 block [1534/1653] : done (2270ms) 
 block [1535/1653] : done (2424ms) 
 block [1536/1653] : done (2492ms) 
 block [1537/1653] : done (2570ms) 
 block [1538/1653] : done (2424ms) 
 block [1539/1653] : done (2435ms) 
 block [1540/1653] : done (2391ms) 
 block [1541/1653] : done (2493ms) 
 block [1542/1653] : done (2497ms) 
 block [1543/1653] : done (2425ms) 
 block [1544/1653] : done (2481ms) 
 block [1545/1653] : done (2628ms) 
 block [1546/1653] : done (2529ms) 
 block [1547/1653] : done (2414ms) 
 block [1548/1653] : done (2441ms) 
 block [1549/1653] : done (2429ms) 
 block [1550/1653] : done (2460ms) 
 block [1551/1653] : done (2436ms) 
 block [1552/1653] : done (2388ms) 
 block [1553/1653] : done (2373ms) 
 block [1554/1653] : done (2485ms) 
 block [1555/1653] : done (2428ms) 
 block [1556/1653] : done (2405ms) 
 block [1557/1653] : done (2381ms) 
 block [1558/1653] : done (2374ms) 
 block [1559/1653] : done (2346ms) 
 block [1560/1653] : done (2361ms) 
 block [1561/1653] : done (2359ms) 
 block [1562/1653] : done (2366ms) 
 block [1563/1653] : done (2352ms) 
 block [1564/1653] : done (2370ms) 
 block [1565/1653] : done (2477ms) 
 block [1566/1653] : done (2353ms) 
 block [1567/1653] : done (2415ms) 
 block [1568/1653] : done (2372ms) 
 block [1569/1653] : done (2380ms) 
 block [1570/1653] : done (2451ms) 
 block [1571/1653] : done (2370ms) 
 block [1572/1653] : done (2367ms) 
 block [1573/1653] : done (2390ms) 
 block [1574/1653] : done (2416ms) 
 block [1575/1653] : done (2448ms) 
 block [1576/1653] : done (2393ms) 
 block [1577/1653] : done (2397ms) 
 block [1578/1653] : done (2415ms) 
 block [1579/1653] : done (2391ms) 
 block [1580/1653] : done (2358ms) 
 block [1581/1653] : done (2324ms) 
 block [1582/1653] : done (2471ms) 
 block [1583/1653] : done (2460ms) 
 block [1584/1653] : done (2479ms) 
 block [1585/1653] : done (2392ms) 
 block [1586/1653] : done (2309ms) 
 block [1587/1653] : done (2302ms) 
 block [1588/1653] : done (2326ms) 
 block [1589/1653] : done (2311ms) 
 block [1590/1653] : done (2452ms) 
 block [1591/1653] : done (2429ms) 
 block [1592/1653] : done (2662ms) 
 block [1593/1653] : done (2554ms) 
 block [1594/1653] : done (2449ms) 
 block [1595/1653] : done (2451ms) 
 block [1596/1653] : done (2370ms) 
 block [1597/1653] : done (2402ms) 
 block [1598/1653] : done (2398ms) 
 block [1599/1653] : done (2286ms) 
 block [1600/1653] : done (2363ms) 
 block [1601/1653] : done (2335ms) 
 block [1602/1653] : done (2372ms) 
 block [1603/1653] : done (2329ms) 
 block [1604/1653] : done (2392ms) 
 block [1605/1653] : done (2333ms) 
 block [1606/1653] : done (2331ms) 
 block [1607/1653] : done (2253ms) 
 block [1608/1653] : done (2255ms) 
 block [1609/1653] : done (2302ms) 
 block [1610/1653] : done (2184ms) 
 block [1611/1653] : done (2207ms) 
 block [1612/1653] : done (2233ms) 
 block [1613/1653] : done (2257ms) 
 block [1614/1653] : done (2240ms) 
 block [1615/1653] : done (2317ms) 
 block [1616/1653] : done (2229ms) 
 block [1617/1653] : done (2246ms) 
 block [1618/1653] : done (2257ms) 
 block [1619/1653] : done (2211ms) 
 block [1620/1653] : done (2324ms) 
 block [1621/1653] : done (2240ms) 
 block [1622/1653] : done (2298ms) 
 block [1623/1653] : done (2232ms) 
 block [1624/1653] : done (2232ms) 
 block [1625/1653] : done (2275ms) 
 block [1626/1653] : done (2232ms) 
 block [1627/1653] : done (2284ms) 
 block [1628/1653] : done (2338ms) 
 block [1629/1653] : done (2220ms) 
 block [1630/1653] : done (2233ms) 
 block [1631/1653] : done (2272ms) 
 block [1632/1653] : done (2314ms) 
 block [1633/1653] : done (2261ms) 
 block [1634/1653] : done (2342ms) 
 block [1635/1653] : done (2288ms) 
 block [1636/1653] : done (2248ms) 
 block [1637/1653] : done (2174ms) 
 block [1638/1653] : done (2251ms) 
 block [1639/1653] : done (2297ms) 
 block [1640/1653] : done (2264ms) 
 block [1641/1653] : done (2218ms) 
 block [1642/1653] : done (2176ms) 
 block [1643/1653] : done (2245ms) 
 block [1644/1653] : done (2277ms) 
 block [1645/1653] : done (2255ms) 
 block [1646/1653] : done (2277ms) 
 block [1647/1653] : done (2337ms) 
 block [1648/1653] : done (2273ms) 
 block [1649/1653] : done (2265ms) 
 block [1650/1653] : done (2323ms) 
 block [1651/1653] : done (2305ms) 
 block [1652/1653] : done (2261ms) 
 block [1653/1653] : done (174ms) 

Association results stored separately for each trait in files : 
* [result/06_step2/sig_weight_eur_step2.chr10_eur_SIG0_AUC.regenie]
* [result/06_step2/sig_weight_eur_step2.chr10_eur_SIG1_AUC.regenie]
* [result/06_step2/sig_weight_eur_step2.chr10_eur_SIG2_AUC.regenie]
* [result/06_step2/sig_weight_eur_step2.chr10_eur_SIG3_AUC.regenie]
* [result/06_step2/sig_weight_eur_step2.chr10_eur_SIG4_AUC.regenie]
* [result/06_step2/sig_weight_eur_step2.chr10_eur_SIG5_AUC.regenie]
* [result/06_step2/sig_weight_eur_step2.chr10_eur_SIG6_AUC.regenie]
* [result/06_step2/sig_weight_eur_step2.chr10_eur_SIG7_AUC.regenie]
* [result/06_step2/sig_weight_eur_step2.chr10_eur_SIG8_AUC.regenie]
* [result/06_step2/sig_weight_eur_step2.chr10_eur_SIG9_AUC.regenie]
* [result/06_step2/sig_weight_eur_step2.chr10_eur_SIG10_AUC.regenie]
* [result/06_step2/sig_weight_eur_step2.chr10_eur_SIG11_AUC.regenie]
* [result/06_step2/sig_weight_eur_step2.chr10_eur_SIG12_AUC.regenie]
* [result/06_step2/sig_weight_eur_step2.chr10_eur_SIG13_AUC.regenie]
* [result/06_step2/sig_weight_eur_step2.chr10_eur_SIG14_AUC.regenie]
* [result/06_step2/sig_weight_eur_step2.chr10_eur_SIG15_AUC.regenie]
* [result/06_step2/sig_weight_eur_step2.chr10_eur_SIG16_AUC.regenie]
* [result/06_step2/sig_weight_eur_step2.chr10_eur_SIG17_AUC.regenie]
* [result/06_step2/sig_weight_eur_step2.chr10_eur_SIG18_AUC.regenie]
* [result/06_step2/sig_weight_eur_step2.chr10_eur_SIG19_AUC.regenie]
* [result/06_step2/sig_weight_eur_step2.chr10_eur_SIG20_AUC.regenie]

Number of ignored tests due to low MAC or info score : 0

Elapsed time : 4056.99s
End time: Wed Dec 17 08:13:24 2025

