Start time: Wed Dec 17 07:05:46 2025

              |=============================|
              |      REGENIE v3.2.5.gz      |
              |=============================|

Copyright (c) 2020-2022 Joelle Mbatchou, Andrey Ziyatdinov and Jonathan Marchini.
Distributed under the MIT License.
Compiled with Boost Iostream library.
Using Intel MKL with Eigen.

Log of output saved in file : result/06_step2/sig_weight_eur_step2.chr11_eur.log

Options in effect:
  --step 2 \
  --bgen /broad/ukbb/imputed_v3/ukb_imp_chr11_v3.bgen \
  --sample /medpop/esp2/pradeep/UKBiobank/v3data/ukb7089_imp_chr3_v3_s487395.sample \
  --ref-first \
  --extract ../data/step2/var.chr11_eur.list.snplist \
  --keep ../data/sample_list_eur.txt \
  --covarFile ../data/sig_weight_cov_file.tsv \
  --phenoFile /medpop/esp2/tnakao/analyses/projects/collab/Sarah_signature_weights_GWAS/import/signature_auc_phenotypes_last.txt \
  --bsize 200 \
  --threads 4 \
  --qt \
  --catCovarList genotyping_array,Inferred_Gender \
  --pred result/04_step1/sig_weight_eur_step1_pred.list \
  --minINFO 0.7 \
  --out result/06_step2/sig_weight_eur_step2.chr11_eur

Association testing mode with fast multithreading using OpenMP
 * bgen             : [/broad/ukbb/imputed_v3/ukb_imp_chr11_v3.bgen]
   -summary : bgen file (v1.2 layout, zlib compressed) with 487409 anonymous samples and 4628348 variants with 8-bit encoding.
   -index bgi file [/broad/ukbb/imputed_v3/ukb_imp_chr11_v3.bgen.bgi]
   -keeping variants specified by --extract
   -number of variants remaining in the analysis = 329566
   -sample file: /medpop/esp2/pradeep/UKBiobank/v3data/ukb7089_imp_chr3_v3_s487395.sample
   -keeping only individuals specified by --keep
   -number of genotyped individuals remaining in the analysis = 361171
 * phenotypes       : [/medpop/esp2/tnakao/analyses/projects/collab/Sarah_signature_weights_GWAS/import/signature_auc_phenotypes_last.txt] n_pheno = 21
   -number of phenotyped individuals  = 361171
 * covariates       : [../data/sig_weight_cov_file.tsv] n_cov = 13
   -number of individuals with covariate data = 361171
 * number of individuals used in analysis = 361171
 * number of observations for each trait:
   - 'SIG0_AUC': 361171 observations
   - 'SIG1_AUC': 361171 observations
   - 'SIG2_AUC': 361171 observations
   - 'SIG3_AUC': 361171 observations
   - 'SIG4_AUC': 361171 observations
   - 'SIG5_AUC': 361171 observations
   - 'SIG6_AUC': 361171 observations
   - 'SIG7_AUC': 361171 observations
   - 'SIG8_AUC': 361171 observations
   - 'SIG9_AUC': 361171 observations
   - 'SIG10_AUC': 361171 observations
   - 'SIG11_AUC': 361171 observations
   - 'SIG12_AUC': 361171 observations
   - 'SIG13_AUC': 361171 observations
   - 'SIG14_AUC': 361171 observations
   - 'SIG15_AUC': 361171 observations
   - 'SIG16_AUC': 361171 observations
   - 'SIG17_AUC': 361171 observations
   - 'SIG18_AUC': 361171 observations
   - 'SIG19_AUC': 361171 observations
   - 'SIG20_AUC': 361171 observations
 * LOCO predictions : [result/04_step1/sig_weight_eur_step1_pred.list]
   -file [/medpop/esp2/tnakao/analyses/projects/collab/Sarah_signature_weights_GWAS/96_last_250319/result/04_step1/sig_weight_eur_step1_1.loco] for phenotype 'SIG0_AUC'
   -file [/medpop/esp2/tnakao/analyses/projects/collab/Sarah_signature_weights_GWAS/96_last_250319/result/04_step1/sig_weight_eur_step1_2.loco] for phenotype 'SIG1_AUC'
   -file [/medpop/esp2/tnakao/analyses/projects/collab/Sarah_signature_weights_GWAS/96_last_250319/result/04_step1/sig_weight_eur_step1_3.loco] for phenotype 'SIG2_AUC'
   -file [/medpop/esp2/tnakao/analyses/projects/collab/Sarah_signature_weights_GWAS/96_last_250319/result/04_step1/sig_weight_eur_step1_4.loco] for phenotype 'SIG3_AUC'
   -file [/medpop/esp2/tnakao/analyses/projects/collab/Sarah_signature_weights_GWAS/96_last_250319/result/04_step1/sig_weight_eur_step1_5.loco] for phenotype 'SIG4_AUC'
   -file [/medpop/esp2/tnakao/analyses/projects/collab/Sarah_signature_weights_GWAS/96_last_250319/result/04_step1/sig_weight_eur_step1_6.loco] for phenotype 'SIG5_AUC'
   -file [/medpop/esp2/tnakao/analyses/projects/collab/Sarah_signature_weights_GWAS/96_last_250319/result/04_step1/sig_weight_eur_step1_7.loco] for phenotype 'SIG6_AUC'
   -file [/medpop/esp2/tnakao/analyses/projects/collab/Sarah_signature_weights_GWAS/96_last_250319/result/04_step1/sig_weight_eur_step1_8.loco] for phenotype 'SIG7_AUC'
   -file [/medpop/esp2/tnakao/analyses/projects/collab/Sarah_signature_weights_GWAS/96_last_250319/result/04_step1/sig_weight_eur_step1_9.loco] for phenotype 'SIG8_AUC'
   -file [/medpop/esp2/tnakao/analyses/projects/collab/Sarah_signature_weights_GWAS/96_last_250319/result/04_step1/sig_weight_eur_step1_10.loco] for phenotype 'SIG9_AUC'
   -file [/medpop/esp2/tnakao/analyses/projects/collab/Sarah_signature_weights_GWAS/96_last_250319/result/04_step1/sig_weight_eur_step1_11.loco] for phenotype 'SIG10_AUC'
   -file [/medpop/esp2/tnakao/analyses/projects/collab/Sarah_signature_weights_GWAS/96_last_250319/result/04_step1/sig_weight_eur_step1_12.loco] for phenotype 'SIG11_AUC'
   -file [/medpop/esp2/tnakao/analyses/projects/collab/Sarah_signature_weights_GWAS/96_last_250319/result/04_step1/sig_weight_eur_step1_13.loco] for phenotype 'SIG12_AUC'
   -file [/medpop/esp2/tnakao/analyses/projects/collab/Sarah_signature_weights_GWAS/96_last_250319/result/04_step1/sig_weight_eur_step1_14.loco] for phenotype 'SIG13_AUC'
   -file [/medpop/esp2/tnakao/analyses/projects/collab/Sarah_signature_weights_GWAS/96_last_250319/result/04_step1/sig_weight_eur_step1_15.loco] for phenotype 'SIG14_AUC'
   -file [/medpop/esp2/tnakao/analyses/projects/collab/Sarah_signature_weights_GWAS/96_last_250319/result/04_step1/sig_weight_eur_step1_16.loco] for phenotype 'SIG15_AUC'
   -file [/medpop/esp2/tnakao/analyses/projects/collab/Sarah_signature_weights_GWAS/96_last_250319/result/04_step1/sig_weight_eur_step1_17.loco] for phenotype 'SIG16_AUC'
   -file [/medpop/esp2/tnakao/analyses/projects/collab/Sarah_signature_weights_GWAS/96_last_250319/result/04_step1/sig_weight_eur_step1_18.loco] for phenotype 'SIG17_AUC'
   -file [/medpop/esp2/tnakao/analyses/projects/collab/Sarah_signature_weights_GWAS/96_last_250319/result/04_step1/sig_weight_eur_step1_19.loco] for phenotype 'SIG18_AUC'
   -file [/medpop/esp2/tnakao/analyses/projects/collab/Sarah_signature_weights_GWAS/96_last_250319/result/04_step1/sig_weight_eur_step1_20.loco] for phenotype 'SIG19_AUC'
   -file [/medpop/esp2/tnakao/analyses/projects/collab/Sarah_signature_weights_GWAS/96_last_250319/result/04_step1/sig_weight_eur_step1_21.loco] for phenotype 'SIG20_AUC'
   -residualizing and scaling phenotypes...done (54ms) 
 * # threads        : [4]
 * block size       : [200]
 * # blocks         : [1648]
 * approximate memory usage : 2GB
 * using minimum MAC of 5 (variants with lower MAC are ignored)
 * using minimum imputation info score of 0.7 (variants with lower info score are ignored)

Chromosome 11 [1648 blocks in total]
   -reading loco predictions for the chromosome...done (11054ms) 
 block [1/1648] : done (2005ms) 
 block [2/1648] : done (2050ms) 
 block [3/1648] : done (2002ms) 
 block [4/1648] : done (1914ms) 
 block [5/1648] : done (1900ms) 
 block [6/1648] : done (1869ms) 
 block [7/1648] : done (1913ms) 
 block [8/1648] : done (1958ms) 
 block [9/1648] : done (1936ms) 
 block [10/1648] : done (1944ms) 
 block [11/1648] : done (1940ms) 
 block [12/1648] : done (1928ms) 
 block [13/1648] : done (1910ms) 
 block [14/1648] : done (1940ms) 
 block [15/1648] : done (1851ms) 
 block [16/1648] : done (1873ms) 
 block [17/1648] : done (1880ms) 
 block [18/1648] : done (2015ms) 
 block [19/1648] : done (1926ms) 
 block [20/1648] : done (1875ms) 
 block [21/1648] : done (1915ms) 
 block [22/1648] : done (1897ms) 
 block [23/1648] : done (1968ms) 
 block [24/1648] : done (1988ms) 
 block [25/1648] : done (2014ms) 
 block [26/1648] : done (2002ms) 
 block [27/1648] : done (2002ms) 
 block [28/1648] : done (1992ms) 
 block [29/1648] : done (2016ms) 
 block [30/1648] : done (1952ms) 
 block [31/1648] : done (1953ms) 
 block [32/1648] : done (1960ms) 
 block [33/1648] : done (2076ms) 
 block [34/1648] : done (2051ms) 
 block [35/1648] : done (2090ms) 
 block [36/1648] : done (2089ms) 
 block [37/1648] : done (1924ms) 
 block [38/1648] : done (1959ms) 
 block [39/1648] : done (1919ms) 
 block [40/1648] : done (1965ms) 
 block [41/1648] : done (1997ms) 
 block [42/1648] : done (2033ms) 
 block [43/1648] : done (2043ms) 
 block [44/1648] : done (1947ms) 
 block [45/1648] : done (1934ms) 
 block [46/1648] : done (1964ms) 
 block [47/1648] : done (1915ms) 
 block [48/1648] : done (1893ms) 
 block [49/1648] : done (1894ms) 
 block [50/1648] : done (1905ms) 
 block [51/1648] : done (2067ms) 
 block [52/1648] : done (1985ms) 
 block [53/1648] : done (1935ms) 
 block [54/1648] : done (1912ms) 
 block [55/1648] : done (1893ms) 
 block [56/1648] : done (1893ms) 
 block [57/1648] : done (1907ms) 
 block [58/1648] : done (1892ms) 
 block [59/1648] : done (1915ms) 
 block [60/1648] : done (1858ms) 
 block [61/1648] : done (1854ms) 
 block [62/1648] : done (1944ms) 
 block [63/1648] : done (1866ms) 
 block [64/1648] : done (1900ms) 
 block [65/1648] : done (1880ms) 
 block [66/1648] : done (1879ms) 
 block [67/1648] : done (1966ms) 
 block [68/1648] : done (1947ms) 
 block [69/1648] : done (1982ms) 
 block [70/1648] : done (1950ms) 
 block [71/1648] : done (1933ms) 
 block [72/1648] : done (1896ms) 
 block [73/1648] : done (1882ms) 
 block [74/1648] : done (1888ms) 
 block [75/1648] : done (1864ms) 
 block [76/1648] : done (1896ms) 
 block [77/1648] : done (1919ms) 
 block [78/1648] : done (1896ms) 
 block [79/1648] : done (1943ms) 
 block [80/1648] : done (1935ms) 
 block [81/1648] : done (1877ms) 
 block [82/1648] : done (1878ms) 
 block [83/1648] : done (1865ms) 
 block [84/1648] : done (1867ms) 
 block [85/1648] : done (1886ms) 
 block [86/1648] : done (1859ms) 
 block [87/1648] : done (1900ms) 
 block [88/1648] : done (1900ms) 
 block [89/1648] : done (1900ms) 
 block [90/1648] : done (1901ms) 
 block [91/1648] : done (1916ms) 
 block [92/1648] : done (1970ms) 
 block [93/1648] : done (1985ms) 
 block [94/1648] : done (1927ms) 
 block [95/1648] : done (1928ms) 
 block [96/1648] : done (1924ms) 
 block [97/1648] : done (1913ms) 
 block [98/1648] : done (1919ms) 
 block [99/1648] : done (1900ms) 
 block [100/1648] : done (1899ms) 
 block [101/1648] : done (1907ms) 
 block [102/1648] : done (1862ms) 
 block [103/1648] : done (1846ms) 
 block [104/1648] : done (1870ms) 
 block [105/1648] : done (1923ms) 
 block [106/1648] : done (1928ms) 
 block [107/1648] : done (1908ms) 
 block [108/1648] : done (1910ms) 
 block [109/1648] : done (1906ms) 
 block [110/1648] : done (1896ms) 
 block [111/1648] : done (1914ms) 
 block [112/1648] : done (1934ms) 
 block [113/1648] : done (1915ms) 
 block [114/1648] : done (1893ms) 
 block [115/1648] : done (1918ms) 
 block [116/1648] : done (1895ms) 
 block [117/1648] : done (1947ms) 
 block [118/1648] : done (1917ms) 
 block [119/1648] : done (1944ms) 
 block [120/1648] : done (1912ms) 
 block [121/1648] : done (1877ms) 
 block [122/1648] : done (1879ms) 
 block [123/1648] : done (1925ms) 
 block [124/1648] : done (1944ms) 
 block [125/1648] : done (1854ms) 
 block [126/1648] : done (1859ms) 
 block [127/1648] : done (1862ms) 
 block [128/1648] : done (1868ms) 
 block [129/1648] : done (1900ms) 
 block [130/1648] : done (1898ms) 
 block [131/1648] : done (1878ms) 
 block [132/1648] : done (1858ms) 
 block [133/1648] : done (1927ms) 
 block [134/1648] : done (2021ms) 
 block [135/1648] : done (2000ms) 
 block [136/1648] : done (1946ms) 
 block [137/1648] : done (2129ms) 
 block [138/1648] : done (1973ms) 
 block [139/1648] : done (1935ms) 
 block [140/1648] : done (1911ms) 
 block [141/1648] : done (2090ms) 
 block [142/1648] : done (2109ms) 
 block [143/1648] : done (1913ms) 
 block [144/1648] : done (2092ms) 
 block [145/1648] : done (1942ms) 
 block [146/1648] : done (1847ms) 
 block [147/1648] : done (1950ms) 
 block [148/1648] : done (1893ms) 
 block [149/1648] : done (1957ms) 
 block [150/1648] : done (2030ms) 
 block [151/1648] : done (2185ms) 
 block [152/1648] : done (2122ms) 
 block [153/1648] : done (2024ms) 
 block [154/1648] : done (1911ms) 
 block [155/1648] : done (1892ms) 
 block [156/1648] : done (1900ms) 
 block [157/1648] : done (1881ms) 
 block [158/1648] : done (1868ms) 
 block [159/1648] : done (1849ms) 
 block [160/1648] : done (1883ms) 
 block [161/1648] : done (1905ms) 
 block [162/1648] : done (1947ms) 
 block [163/1648] : done (1936ms) 
 block [164/1648] : done (1925ms) 
 block [165/1648] : done (1950ms) 
 block [166/1648] : done (1939ms) 
 block [167/1648] : done (1942ms) 
 block [168/1648] : done (1974ms) 
 block [169/1648] : done (1962ms) 
 block [170/1648] : done (1954ms) 
 block [171/1648] : done (1926ms) 
 block [172/1648] : done (1971ms) 
 block [173/1648] : done (1992ms) 
 block [174/1648] : done (1987ms) 
 block [175/1648] : done (1963ms) 
 block [176/1648] : done (1918ms) 
 block [177/1648] : done (1888ms) 
 block [178/1648] : done (1915ms) 
 block [179/1648] : done (2053ms) 
 block [180/1648] : done (2015ms) 
 block [181/1648] : done (2026ms) 
 block [182/1648] : done (2016ms) 
 block [183/1648] : done (2055ms) 
 block [184/1648] : done (2002ms) 
 block [185/1648] : done (1938ms) 
 block [186/1648] : done (1953ms) 
 block [187/1648] : done (1986ms) 
 block [188/1648] : done (1994ms) 
 block [189/1648] : done (1968ms) 
 block [190/1648] : done (1992ms) 
 block [191/1648] : done (1980ms) 
 block [192/1648] : done (2011ms) 
 block [193/1648] : done (1930ms) 
 block [194/1648] : done (1931ms) 
 block [195/1648] : done (1961ms) 
 block [196/1648] : done (1895ms) 
 block [197/1648] : done (1928ms) 
 block [198/1648] : done (1945ms) 
 block [199/1648] : done (1959ms) 
 block [200/1648] : done (1978ms) 
 block [201/1648] : done (1947ms) 
 block [202/1648] : done (2009ms) 
 block [203/1648] : done (2054ms) 
 block [204/1648] : done (1952ms) 
 block [205/1648] : done (1973ms) 
 block [206/1648] : done (1991ms) 
 block [207/1648] : done (2030ms) 
 block [208/1648] : done (1945ms) 
 block [209/1648] : done (1909ms) 
 block [210/1648] : done (1942ms) 
 block [211/1648] : done (1956ms) 
 block [212/1648] : done (1971ms) 
 block [213/1648] : done (1946ms) 
 block [214/1648] : done (1962ms) 
 block [215/1648] : done (1957ms) 
 block [216/1648] : done (1935ms) 
 block [217/1648] : done (1940ms) 
 block [218/1648] : done (2035ms) 
 block [219/1648] : done (1932ms) 
 block [220/1648] : done (1985ms) 
 block [221/1648] : done (1953ms) 
 block [222/1648] : done (1946ms) 
 block [223/1648] : done (1953ms) 
 block [224/1648] : done (1969ms) 
 block [225/1648] : done (1920ms) 
 block [226/1648] : done (1939ms) 
 block [227/1648] : done (2013ms) 
 block [228/1648] : done (1930ms) 
 block [229/1648] : done (2008ms) 
 block [230/1648] : done (1949ms) 
 block [231/1648] : done (1990ms) 
 block [232/1648] : done (1971ms) 
 block [233/1648] : done (1951ms) 
 block [234/1648] : done (2011ms) 
 block [235/1648] : done (1988ms) 
 block [236/1648] : done (1946ms) 
 block [237/1648] : done (1967ms) 
 block [238/1648] : done (1962ms) 
 block [239/1648] : done (1962ms) 
 block [240/1648] : done (1950ms) 
 block [241/1648] : done (1887ms) 
 block [242/1648] : done (1958ms) 
 block [243/1648] : done (1897ms) 
 block [244/1648] : done (1934ms) 
 block [245/1648] : done (1981ms) 
 block [246/1648] : done (1983ms) 
 block [247/1648] : done (2019ms) 
 block [248/1648] : done (1991ms) 
 block [249/1648] : done (1929ms) 
 block [250/1648] : done (1893ms) 
 block [251/1648] : done (1963ms) 
 block [252/1648] : done (1972ms) 
 block [253/1648] : done (1965ms) 
 block [254/1648] : done (1935ms) 
 block [255/1648] : done (2004ms) 
 block [256/1648] : done (1983ms) 
 block [257/1648] : done (2016ms) 
 block [258/1648] : done (1985ms) 
 block [259/1648] : done (2021ms) 
 block [260/1648] : done (1938ms) 
 block [261/1648] : done (1980ms) 
 block [262/1648] : done (1960ms) 
 block [263/1648] : done (1951ms) 
 block [264/1648] : done (1903ms) 
 block [265/1648] : done (1904ms) 
 block [266/1648] : done (1907ms) 
 block [267/1648] : done (1918ms) 
 block [268/1648] : done (1972ms) 
 block [269/1648] : done (1938ms) 
 block [270/1648] : done (1935ms) 
 block [271/1648] : done (1934ms) 
 block [272/1648] : done (1934ms) 
 block [273/1648] : done (1956ms) 
 block [274/1648] : done (1997ms) 
 block [275/1648] : done (1937ms) 
 block [276/1648] : done (1945ms) 
 block [277/1648] : done (1997ms) 
 block [278/1648] : done (2010ms) 
 block [279/1648] : done (1949ms) 
 block [280/1648] : done (1950ms) 
 block [281/1648] : done (1981ms) 
 block [282/1648] : done (1967ms) 
 block [283/1648] : done (1910ms) 
 block [284/1648] : done (1903ms) 
 block [285/1648] : done (1901ms) 
 block [286/1648] : done (1917ms) 
 block [287/1648] : done (1960ms) 
 block [288/1648] : done (1957ms) 
 block [289/1648] : done (1996ms) 
 block [290/1648] : done (2026ms) 
 block [291/1648] : done (2001ms) 
 block [292/1648] : done (1982ms) 
 block [293/1648] : done (2010ms) 
 block [294/1648] : done (2000ms) 
 block [295/1648] : done (1987ms) 
 block [296/1648] : done (1966ms) 
 block [297/1648] : done (1941ms) 
 block [298/1648] : done (1916ms) 
 block [299/1648] : done (1981ms) 
 block [300/1648] : done (1920ms) 
 block [301/1648] : done (1886ms) 
 block [302/1648] : done (1915ms) 
 block [303/1648] : done (1925ms) 
 block [304/1648] : done (1923ms) 
 block [305/1648] : done (1914ms) 
 block [306/1648] : done (1957ms) 
 block [307/1648] : done (1914ms) 
 block [308/1648] : done (1940ms) 
 block [309/1648] : done (1943ms) 
 block [310/1648] : done (1954ms) 
 block [311/1648] : done (1969ms) 
 block [312/1648] : done (1971ms) 
 block [313/1648] : done (2001ms) 
 block [314/1648] : done (1928ms) 
 block [315/1648] : done (2010ms) 
 block [316/1648] : done (1988ms) 
 block [317/1648] : done (2097ms) 
 block [318/1648] : done (1963ms) 
 block [319/1648] : done (1883ms) 
 block [320/1648] : done (1927ms) 
 block [321/1648] : done (1969ms) 
 block [322/1648] : done (1941ms) 
 block [323/1648] : done (1987ms) 
 block [324/1648] : done (1972ms) 
 block [325/1648] : done (1927ms) 
 block [326/1648] : done (1962ms) 
 block [327/1648] : done (1966ms) 
 block [328/1648] : done (2033ms) 
 block [329/1648] : done (1978ms) 
 block [330/1648] : done (2001ms) 
 block [331/1648] : done (1985ms) 
 block [332/1648] : done (2050ms) 
 block [333/1648] : done (1968ms) 
 block [334/1648] : done (1978ms) 
 block [335/1648] : done (2040ms) 
 block [336/1648] : done (2028ms) 
 block [337/1648] : done (1988ms) 
 block [338/1648] : done (2003ms) 
 block [339/1648] : done (1964ms) 
 block [340/1648] : done (1973ms) 
 block [341/1648] : done (2003ms) 
 block [342/1648] : done (1967ms) 
 block [343/1648] : done (1974ms) 
 block [344/1648] : done (1992ms) 
 block [345/1648] : done (1953ms) 
 block [346/1648] : done (1965ms) 
 block [347/1648] : done (1971ms) 
 block [348/1648] : done (1929ms) 
 block [349/1648] : done (1963ms) 
 block [350/1648] : done (1961ms) 
 block [351/1648] : done (1925ms) 
 block [352/1648] : done (1907ms) 
 block [353/1648] : done (1921ms) 
 block [354/1648] : done (1916ms) 
 block [355/1648] : done (1897ms) 
 block [356/1648] : done (1875ms) 
 block [357/1648] : done (1886ms) 
 block [358/1648] : done (1929ms) 
 block [359/1648] : done (1932ms) 
 block [360/1648] : done (1900ms) 
 block [361/1648] : done (1906ms) 
 block [362/1648] : done (2003ms) 
 block [363/1648] : done (1913ms) 
 block [364/1648] : done (1928ms) 
 block [365/1648] : done (1904ms) 
 block [366/1648] : done (1874ms) 
 block [367/1648] : done (1888ms) 
 block [368/1648] : done (1873ms) 
 block [369/1648] : done (1842ms) 
 block [370/1648] : done (1905ms) 
 block [371/1648] : done (1914ms) 
 block [372/1648] : done (1936ms) 
 block [373/1648] : done (1905ms) 
 block [374/1648] : done (2001ms) 
 block [375/1648] : done (1992ms) 
 block [376/1648] : done (1984ms) 
 block [377/1648] : done (1977ms) 
 block [378/1648] : done (2036ms) 
 block [379/1648] : done (2033ms) 
 block [380/1648] : done (2011ms) 
 block [381/1648] : done (2026ms) 
 block [382/1648] : done (1935ms) 
 block [383/1648] : done (1956ms) 
 block [384/1648] : done (1961ms) 
 block [385/1648] : done (1974ms) 
 block [386/1648] : done (2021ms) 
 block [387/1648] : done (1992ms) 
 block [388/1648] : done (1923ms) 
 block [389/1648] : done (1982ms) 
 block [390/1648] : done (1937ms) 
 block [391/1648] : done (1899ms) 
 block [392/1648] : done (1938ms) 
 block [393/1648] : done (1971ms) 
 block [394/1648] : done (1961ms) 
 block [395/1648] : done (1961ms) 
 block [396/1648] : done (1980ms) 
 block [397/1648] : done (1984ms) 
 block [398/1648] : done (1981ms) 
 block [399/1648] : done (1875ms) 
 block [400/1648] : done (1988ms) 
 block [401/1648] : done (1998ms) 
 block [402/1648] : done (2041ms) 
 block [403/1648] : done (1958ms) 
 block [404/1648] : done (2058ms) 
 block [405/1648] : done (2025ms) 
 block [406/1648] : done (1955ms) 
 block [407/1648] : done (2010ms) 
 block [408/1648] : done (1950ms) 
 block [409/1648] : done (2019ms) 
 block [410/1648] : done (1961ms) 
 block [411/1648] : done (2015ms) 
 block [412/1648] : done (2121ms) 
 block [413/1648] : done (1996ms) 
 block [414/1648] : done (1992ms) 
 block [415/1648] : done (1989ms) 
 block [416/1648] : done (2030ms) 
 block [417/1648] : done (2024ms) 
 block [418/1648] : done (2014ms) 
 block [419/1648] : done (2027ms) 
 block [420/1648] : done (1996ms) 
 block [421/1648] : done (2015ms) 
 block [422/1648] : done (1924ms) 
 block [423/1648] : done (1970ms) 
 block [424/1648] : done (1980ms) 
 block [425/1648] : done (1991ms) 
 block [426/1648] : done (2069ms) 
 block [427/1648] : done (2008ms) 
 block [428/1648] : done (1971ms) 
 block [429/1648] : done (1958ms) 
 block [430/1648] : done (2090ms) 
 block [431/1648] : done (2207ms) 
 block [432/1648] : done (2042ms) 
 block [433/1648] : done (1986ms) 
 block [434/1648] : done (1969ms) 
 block [435/1648] : done (1932ms) 
 block [436/1648] : done (1955ms) 
 block [437/1648] : done (2000ms) 
 block [438/1648] : done (1977ms) 
 block [439/1648] : done (1974ms) 
 block [440/1648] : done (1959ms) 
 block [441/1648] : done (1942ms) 
 block [442/1648] : done (1939ms) 
 block [443/1648] : done (2050ms) 
 block [444/1648] : done (2015ms) 
 block [445/1648] : done (1971ms) 
 block [446/1648] : done (2045ms) 
 block [447/1648] : done (1964ms) 
 block [448/1648] : done (1931ms) 
 block [449/1648] : done (1906ms) 
 block [450/1648] : done (1939ms) 
 block [451/1648] : done (1974ms) 
 block [452/1648] : done (1988ms) 
 block [453/1648] : done (1961ms) 
 block [454/1648] : done (1916ms) 
 block [455/1648] : done (1924ms) 
 block [456/1648] : done (2056ms) 
 block [457/1648] : done (1971ms) 
 block [458/1648] : done (1992ms) 
 block [459/1648] : done (2062ms) 
 block [460/1648] : done (2002ms) 
 block [461/1648] : done (1955ms) 
 block [462/1648] : done (2031ms) 
 block [463/1648] : done (1927ms) 
 block [464/1648] : done (1939ms) 
 block [465/1648] : done (1960ms) 
 block [466/1648] : done (1985ms) 
 block [467/1648] : done (1973ms) 
 block [468/1648] : done (2008ms) 
 block [469/1648] : done (2039ms) 
 block [470/1648] : done (2010ms) 
 block [471/1648] : done (2121ms) 
 block [472/1648] : done (2083ms) 
 block [473/1648] : done (2105ms) 
 block [474/1648] : done (2162ms) 
 block [475/1648] : done (2153ms) 
 block [476/1648] : done (2190ms) 
 block [477/1648] : done (2171ms) 
 block [478/1648] : done (2095ms) 
 block [479/1648] : done (2126ms) 
 block [480/1648] : done (2123ms) 
 block [481/1648] : done (2066ms) 
 block [482/1648] : done (1964ms) 
 block [483/1648] : done (2053ms) 
 block [484/1648] : done (2044ms) 
 block [485/1648] : done (2021ms) 
 block [486/1648] : done (2110ms) 
 block [487/1648] : done (2042ms) 
 block [488/1648] : done (2008ms) 
 block [489/1648] : done (2065ms) 
 block [490/1648] : done (2032ms) 
 block [491/1648] : done (2050ms) 
 block [492/1648] : done (2325ms) 
 block [493/1648] : done (1997ms) 
 block [494/1648] : done (1989ms) 
 block [495/1648] : done (2080ms) 
 block [496/1648] : done (2090ms) 
 block [497/1648] : done (2100ms) 
 block [498/1648] : done (2078ms) 
 block [499/1648] : done (2056ms) 
 block [500/1648] : done (1999ms) 
 block [501/1648] : done (2022ms) 
 block [502/1648] : done (2068ms) 
 block [503/1648] : done (2038ms) 
 block [504/1648] : done (2010ms) 
 block [505/1648] : done (1933ms) 
 block [506/1648] : done (1989ms) 
 block [507/1648] : done (2162ms) 
 block [508/1648] : done (2067ms) 
 block [509/1648] : done (1930ms) 
 block [510/1648] : done (1981ms) 
 block [511/1648] : done (1976ms) 
 block [512/1648] : done (2008ms) 
 block [513/1648] : done (2071ms) 
 block [514/1648] : done (2032ms) 
 block [515/1648] : done (1995ms) 
 block [516/1648] : done (2019ms) 
 block [517/1648] : done (1979ms) 
 block [518/1648] : done (1965ms) 
 block [519/1648] : done (1985ms) 
 block [520/1648] : done (2017ms) 
 block [521/1648] : done (1949ms) 
 block [522/1648] : done (2013ms) 
 block [523/1648] : done (1997ms) 
 block [524/1648] : done (1975ms) 
 block [525/1648] : done (1974ms) 
 block [526/1648] : done (1991ms) 
 block [527/1648] : done (2022ms) 
 block [528/1648] : done (2034ms) 
 block [529/1648] : done (2016ms) 
 block [530/1648] : done (2050ms) 
 block [531/1648] : done (2076ms) 
 block [532/1648] : done (1983ms) 
 block [533/1648] : done (1974ms) 
 block [534/1648] : done (2037ms) 
 block [535/1648] : done (2006ms) 
 block [536/1648] : done (1941ms) 
 block [537/1648] : done (1990ms) 
 block [538/1648] : done (2042ms) 
 block [539/1648] : done (1985ms) 
 block [540/1648] : done (1959ms) 
 block [541/1648] : done (1947ms) 
 block [542/1648] : done (1929ms) 
 block [543/1648] : done (1972ms) 
 block [544/1648] : done (1960ms) 
 block [545/1648] : done (2018ms) 
 block [546/1648] : done (1967ms) 
 block [547/1648] : done (1961ms) 
 block [548/1648] : done (1973ms) 
 block [549/1648] : done (1957ms) 
 block [550/1648] : done (1939ms) 
 block [551/1648] : done (1942ms) 
 block [552/1648] : done (1933ms) 
 block [553/1648] : done (1962ms) 
 block [554/1648] : done (1961ms) 
 block [555/1648] : done (1963ms) 
 block [556/1648] : done (1945ms) 
 block [557/1648] : done (1977ms) 
 block [558/1648] : done (2011ms) 
 block [559/1648] : done (1969ms) 
 block [560/1648] : done (1964ms) 
 block [561/1648] : done (2036ms) 
 block [562/1648] : done (2047ms) 
 block [563/1648] : done (2207ms) 
 block [564/1648] : done (1922ms) 
 block [565/1648] : done (1971ms) 
 block [566/1648] : done (1935ms) 
 block [567/1648] : done (1906ms) 
 block [568/1648] : done (1980ms) 
 block [569/1648] : done (1940ms) 
 block [570/1648] : done (1940ms) 
 block [571/1648] : done (1985ms) 
 block [572/1648] : done (1937ms) 
 block [573/1648] : done (1922ms) 
 block [574/1648] : done (1992ms) 
 block [575/1648] : done (2006ms) 
 block [576/1648] : done (2025ms) 
 block [577/1648] : done (2104ms) 
 block [578/1648] : done (2025ms) 
 block [579/1648] : done (1982ms) 
 block [580/1648] : done (1883ms) 
 block [581/1648] : done (1947ms) 
 block [582/1648] : done (1959ms) 
 block [583/1648] : done (1972ms) 
 block [584/1648] : done (1953ms) 
 block [585/1648] : done (1959ms) 
 block [586/1648] : done (1922ms) 
 block [587/1648] : done (1956ms) 
 block [588/1648] : done (1935ms) 
 block [589/1648] : done (1966ms) 
 block [590/1648] : done (2020ms) 
 block [591/1648] : done (1967ms) 
 block [592/1648] : done (1951ms) 
 block [593/1648] : done (1933ms) 
 block [594/1648] : done (2004ms) 
 block [595/1648] : done (2069ms) 
 block [596/1648] : done (1921ms) 
 block [597/1648] : done (1885ms) 
 block [598/1648] : done (2004ms) 
 block [599/1648] : done (2000ms) 
 block [600/1648] : done (2000ms) 
 block [601/1648] : done (2026ms) 
 block [602/1648] : done (2057ms) 
 block [603/1648] : done (1990ms) 
 block [604/1648] : done (2001ms) 
 block [605/1648] : done (2030ms) 
 block [606/1648] : done (2149ms) 
 block [607/1648] : done (2132ms) 
 block [608/1648] : done (2030ms) 
 block [609/1648] : done (2038ms) 
 block [610/1648] : done (2012ms) 
 block [611/1648] : done (2030ms) 
 block [612/1648] : done (1993ms) 
 block [613/1648] : done (2023ms) 
 block [614/1648] : done (1980ms) 
 block [615/1648] : done (2059ms) 
 block [616/1648] : done (2104ms) 
 block [617/1648] : done (2181ms) 
 block [618/1648] : done (2205ms) 
 block [619/1648] : done (2134ms) 
 block [620/1648] : done (2148ms) 
 block [621/1648] : done (2108ms) 
 block [622/1648] : done (2181ms) 
 block [623/1648] : done (2171ms) 
 block [624/1648] : done (2131ms) 
 block [625/1648] : done (2096ms) 
 block [626/1648] : done (2140ms) 
 block [627/1648] : done (2065ms) 
 block [628/1648] : done (2118ms) 
 block [629/1648] : done (2119ms) 
 block [630/1648] : done (2131ms) 
 block [631/1648] : done (2111ms) 
 block [632/1648] : done (2114ms) 
 block [633/1648] : done (2082ms) 
 block [634/1648] : done (2033ms) 
 block [635/1648] : done (2020ms) 
 block [636/1648] : done (1960ms) 
 block [637/1648] : done (1921ms) 
 block [638/1648] : done (1953ms) 
 block [639/1648] : done (1949ms) 
 block [640/1648] : done (1944ms) 
 block [641/1648] : done (1959ms) 
 block [642/1648] : done (1987ms) 
 block [643/1648] : done (1986ms) 
 block [644/1648] : done (1960ms) 
 block [645/1648] : done (1971ms) 
 block [646/1648] : done (2015ms) 
 block [647/1648] : done (1941ms) 
 block [648/1648] : done (1958ms) 
 block [649/1648] : done (1919ms) 
 block [650/1648] : done (1965ms) 
 block [651/1648] : done (1966ms) 
 block [652/1648] : done (1947ms) 
 block [653/1648] : done (1970ms) 
 block [654/1648] : done (2006ms) 
 block [655/1648] : done (1924ms) 
 block [656/1648] : done (1944ms) 
 block [657/1648] : done (1975ms) 
 block [658/1648] : done (2000ms) 
 block [659/1648] : done (2010ms) 
 block [660/1648] : done (2050ms) 
 block [661/1648] : done (2043ms) 
 block [662/1648] : done (1999ms) 
 block [663/1648] : done (1981ms) 
 block [664/1648] : done (1997ms) 
 block [665/1648] : done (1961ms) 
 block [666/1648] : done (1956ms) 
 block [667/1648] : done (2009ms) 
 block [668/1648] : done (1958ms) 
 block [669/1648] : done (1954ms) 
 block [670/1648] : done (1958ms) 
 block [671/1648] : done (1960ms) 
 block [672/1648] : done (1934ms) 
 block [673/1648] : done (1905ms) 
 block [674/1648] : done (1995ms) 
 block [675/1648] : done (1929ms) 
 block [676/1648] : done (1928ms) 
 block [677/1648] : done (1953ms) 
 block [678/1648] : done (2033ms) 
 block [679/1648] : done (1936ms) 
 block [680/1648] : done (1944ms) 
 block [681/1648] : done (2002ms) 
 block [682/1648] : done (1992ms) 
 block [683/1648] : done (1932ms) 
 block [684/1648] : done (2008ms) 
 block [685/1648] : done (1986ms) 
 block [686/1648] : done (1980ms) 
 block [687/1648] : done (1996ms) 
 block [688/1648] : done (1958ms) 
 block [689/1648] : done (1911ms) 
 block [690/1648] : done (1921ms) 
 block [691/1648] : done (1957ms) 
 block [692/1648] : done (1907ms) 
 block [693/1648] : done (2006ms) 
 block [694/1648] : done (1916ms) 
 block [695/1648] : done (1910ms) 
 block [696/1648] : done (1910ms) 
 block [697/1648] : done (1940ms) 
 block [698/1648] : done (1967ms) 
 block [699/1648] : done (1867ms) 
 block [700/1648] : done (1932ms) 
 block [701/1648] : done (1890ms) 
 block [702/1648] : done (1927ms) 
 block [703/1648] : done (1952ms) 
 block [704/1648] : done (1972ms) 
 block [705/1648] : done (2010ms) 
 block [706/1648] : done (1922ms) 
 block [707/1648] : done (1925ms) 
 block [708/1648] : done (1948ms) 
 block [709/1648] : done (1914ms) 
 block [710/1648] : done (1925ms) 
 block [711/1648] : done (1926ms) 
 block [712/1648] : done (1941ms) 
 block [713/1648] : done (2854ms) 
 block [714/1648] : done (1903ms) 
 block [715/1648] : done (1952ms) 
 block [716/1648] : done (1953ms) 
 block [717/1648] : done (1925ms) 
 block [718/1648] : done (2617ms) 
 block [719/1648] : done (1945ms) 
 block [720/1648] : done (1933ms) 
 block [721/1648] : done (1973ms) 
 block [722/1648] : done (1932ms) 
 block [723/1648] : done (1878ms) 
 block [724/1648] : done (1926ms) 
 block [725/1648] : done (1893ms) 
 block [726/1648] : done (1930ms) 
 block [727/1648] : done (1938ms) 
 block [728/1648] : done (1957ms) 
 block [729/1648] : done (1989ms) 
 block [730/1648] : done (2022ms) 
 block [731/1648] : done (2027ms) 
 block [732/1648] : done (1977ms) 
 block [733/1648] : done (1981ms) 
 block [734/1648] : done (1952ms) 
 block [735/1648] : done (1950ms) 
 block [736/1648] : done (2049ms) 
 block [737/1648] : done (1985ms) 
 block [738/1648] : done (1942ms) 
 block [739/1648] : done (2020ms) 
 block [740/1648] : done (1944ms) 
 block [741/1648] : done (1937ms) 
 block [742/1648] : done (1949ms) 
 block [743/1648] : done (1946ms) 
 block [744/1648] : done (1984ms) 
 block [745/1648] : done (1890ms) 
 block [746/1648] : done (1920ms) 
 block [747/1648] : done (1921ms) 
 block [748/1648] : done (2058ms) 
 block [749/1648] : done (2025ms) 
 block [750/1648] : done (2024ms) 
 block [751/1648] : done (1988ms) 
 block [752/1648] : done (1978ms) 
 block [753/1648] : done (1946ms) 
 block [754/1648] : done (1992ms) 
 block [755/1648] : done (1919ms) 
 block [756/1648] : done (1924ms) 
 block [757/1648] : done (1960ms) 
 block [758/1648] : done (1929ms) 
 block [759/1648] : done (1920ms) 
 block [760/1648] : done (2090ms) 
 block [761/1648] : done (2075ms) 
 block [762/1648] : done (2032ms) 
 block [763/1648] : done (2036ms) 
 block [764/1648] : done (2070ms) 
 block [765/1648] : done (1993ms) 
 block [766/1648] : done (1982ms) 
 block [767/1648] : done (2035ms) 
 block [768/1648] : done (1939ms) 
 block [769/1648] : done (2009ms) 
 block [770/1648] : done (2030ms) 
 block [771/1648] : done (1968ms) 
 block [772/1648] : done (1988ms) 
 block [773/1648] : done (2017ms) 
 block [774/1648] : done (2002ms) 
 block [775/1648] : done (2155ms) 
 block [776/1648] : done (1995ms) 
 block [777/1648] : done (2038ms) 
 block [778/1648] : done (1993ms) 
 block [779/1648] : done (1994ms) 
 block [780/1648] : done (2053ms) 
 block [781/1648] : done (2006ms) 
 block [782/1648] : done (1994ms) 
 block [783/1648] : done (2009ms) 
 block [784/1648] : done (2003ms) 
 block [785/1648] : done (2025ms) 
 block [786/1648] : done (2044ms) 
 block [787/1648] : done (2032ms) 
 block [788/1648] : done (2042ms) 
 block [789/1648] : done (1970ms) 
 block [790/1648] : done (2013ms) 
 block [791/1648] : done (1946ms) 
 block [792/1648] : done (1983ms) 
 block [793/1648] : done (1991ms) 
 block [794/1648] : done (2074ms) 
 block [795/1648] : done (2030ms) 
 block [796/1648] : done (2117ms) 
 block [797/1648] : done (2134ms) 
 block [798/1648] : done (2153ms) 
 block [799/1648] : done (2073ms) 
 block [800/1648] : done (1992ms) 
 block [801/1648] : done (1968ms) 
 block [802/1648] : done (2073ms) 
 block [803/1648] : done (2120ms) 
 block [804/1648] : done (2031ms) 
 block [805/1648] : done (1961ms) 
 block [806/1648] : done (2001ms) 
 block [807/1648] : done (1890ms) 
 block [808/1648] : done (1948ms) 
 block [809/1648] : done (2001ms) 
 block [810/1648] : done (1997ms) 
 block [811/1648] : done (2060ms) 
 block [812/1648] : done (2023ms) 
 block [813/1648] : done (2018ms) 
 block [814/1648] : done (1969ms) 
 block [815/1648] : done (1989ms) 
 block [816/1648] : done (2019ms) 
 block [817/1648] : done (2073ms) 
 block [818/1648] : done (2111ms) 
 block [819/1648] : done (2176ms) 
 block [820/1648] : done (2227ms) 
 block [821/1648] : done (2248ms) 
 block [822/1648] : done (2211ms) 
 block [823/1648] : done (2123ms) 
 block [824/1648] : done (2142ms) 
 block [825/1648] : done (2034ms) 
 block [826/1648] : done (2067ms) 
 block [827/1648] : done (2111ms) 
 block [828/1648] : done (2006ms) 
 block [829/1648] : done (2006ms) 
 block [830/1648] : done (1987ms) 
 block [831/1648] : done (1960ms) 
 block [832/1648] : done (1983ms) 
 block [833/1648] : done (1991ms) 
 block [834/1648] : done (1992ms) 
 block [835/1648] : done (1991ms) 
 block [836/1648] : done (1976ms) 
 block [837/1648] : done (2019ms) 
 block [838/1648] : done (1954ms) 
 block [839/1648] : done (2039ms) 
 block [840/1648] : done (1980ms) 
 block [841/1648] : done (2009ms) 
 block [842/1648] : done (1950ms) 
 block [843/1648] : done (1943ms) 
 block [844/1648] : done (1926ms) 
 block [845/1648] : done (1986ms) 
 block [846/1648] : done (2010ms) 
 block [847/1648] : done (1990ms) 
 block [848/1648] : done (1982ms) 
 block [849/1648] : done (1946ms) 
 block [850/1648] : done (1921ms) 
 block [851/1648] : done (1957ms) 
 block [852/1648] : done (1936ms) 
 block [853/1648] : done (1962ms) 
 block [854/1648] : done (1972ms) 
 block [855/1648] : done (1930ms) 
 block [856/1648] : done (2030ms) 
 block [857/1648] : done (2032ms) 
 block [858/1648] : done (1981ms) 
 block [859/1648] : done (2022ms) 
 block [860/1648] : done (2033ms) 
 block [861/1648] : done (2010ms) 
 block [862/1648] : done (1923ms) 
 block [863/1648] : done (1975ms) 
 block [864/1648] : done (1914ms) 
 block [865/1648] : done (1958ms) 
 block [866/1648] : done (1987ms) 
 block [867/1648] : done (1894ms) 
 block [868/1648] : done (1901ms) 
 block [869/1648] : done (2026ms) 
 block [870/1648] : done (1994ms) 
 block [871/1648] : done (2011ms) 
 block [872/1648] : done (1990ms) 
 block [873/1648] : done (1895ms) 
 block [874/1648] : done (1880ms) 
 block [875/1648] : done (1882ms) 
 block [876/1648] : done (1889ms) 
 block [877/1648] : done (1930ms) 
 block [878/1648] : done (1877ms) 
 block [879/1648] : done (1891ms) 
 block [880/1648] : done (1917ms) 
 block [881/1648] : done (1920ms) 
 block [882/1648] : done (1930ms) 
 block [883/1648] : done (1968ms) 
 block [884/1648] : done (1944ms) 
 block [885/1648] : done (2009ms) 
 block [886/1648] : done (1995ms) 
 block [887/1648] : done (1957ms) 
 block [888/1648] : done (1936ms) 
 block [889/1648] : done (1978ms) 
 block [890/1648] : done (1924ms) 
 block [891/1648] : done (1920ms) 
 block [892/1648] : done (1919ms) 
 block [893/1648] : done (1882ms) 
 block [894/1648] : done (1910ms) 
 block [895/1648] : done (1871ms) 
 block [896/1648] : done (1869ms) 
 block [897/1648] : done (1951ms) 
 block [898/1648] : done (1906ms) 
 block [899/1648] : done (2006ms) 
 block [900/1648] : done (2117ms) 
 block [901/1648] : done (2088ms) 
 block [902/1648] : done (2033ms) 
 block [903/1648] : done (2008ms) 
 block [904/1648] : done (1942ms) 
 block [905/1648] : done (1959ms) 
 block [906/1648] : done (1974ms) 
 block [907/1648] : done (1991ms) 
 block [908/1648] : done (1968ms) 
 block [909/1648] : done (2032ms) 
 block [910/1648] : done (2066ms) 
 block [911/1648] : done (2022ms) 
 block [912/1648] : done (2097ms) 
 block [913/1648] : done (2103ms) 
 block [914/1648] : done (2069ms) 
 block [915/1648] : done (2028ms) 
 block [916/1648] : done (1934ms) 
 block [917/1648] : done (1956ms) 
 block [918/1648] : done (1931ms) 
 block [919/1648] : done (1936ms) 
 block [920/1648] : done (1932ms) 
 block [921/1648] : done (1899ms) 
 block [922/1648] : done (1964ms) 
 block [923/1648] : done (1923ms) 
 block [924/1648] : done (1996ms) 
 block [925/1648] : done (1938ms) 
 block [926/1648] : done (1941ms) 
 block [927/1648] : done (1975ms) 
 block [928/1648] : done (2101ms) 
 block [929/1648] : done (2172ms) 
 block [930/1648] : done (1942ms) 
 block [931/1648] : done (1957ms) 
 block [932/1648] : done (1964ms) 
 block [933/1648] : done (1985ms) 
 block [934/1648] : done (2206ms) 
 block [935/1648] : done (1915ms) 
 block [936/1648] : done (1918ms) 
 block [937/1648] : done (1930ms) 
 block [938/1648] : done (1976ms) 
 block [939/1648] : done (1966ms) 
 block [940/1648] : done (2016ms) 
 block [941/1648] : done (1997ms) 
 block [942/1648] : done (2044ms) 
 block [943/1648] : done (1990ms) 
 block [944/1648] : done (2123ms) 
 block [945/1648] : done (2040ms) 
 block [946/1648] : done (2001ms) 
 block [947/1648] : done (1977ms) 
 block [948/1648] : done (2077ms) 
 block [949/1648] : done (2243ms) 
 block [950/1648] : done (2215ms) 
 block [951/1648] : done (1958ms) 
 block [952/1648] : done (1945ms) 
 block [953/1648] : done (1990ms) 
 block [954/1648] : done (1916ms) 
 block [955/1648] : done (1931ms) 
 block [956/1648] : done (1951ms) 
 block [957/1648] : done (1978ms) 
 block [958/1648] : done (1953ms) 
 block [959/1648] : done (1985ms) 
 block [960/1648] : done (1988ms) 
 block [961/1648] : done (2100ms) 
 block [962/1648] : done (2036ms) 
 block [963/1648] : done (2071ms) 
 block [964/1648] : done (2013ms) 
 block [965/1648] : done (2046ms) 
 block [966/1648] : done (2081ms) 
 block [967/1648] : done (1985ms) 
 block [968/1648] : done (1974ms) 
 block [969/1648] : done (1981ms) 
 block [970/1648] : done (2030ms) 
 block [971/1648] : done (2036ms) 
 block [972/1648] : done (2040ms) 
 block [973/1648] : done (1929ms) 
 block [974/1648] : done (1935ms) 
 block [975/1648] : done (1954ms) 
 block [976/1648] : done (1899ms) 
 block [977/1648] : done (1916ms) 
 block [978/1648] : done (2019ms) 
 block [979/1648] : done (2018ms) 
 block [980/1648] : done (1982ms) 
 block [981/1648] : done (2129ms) 
 block [982/1648] : done (2043ms) 
 block [983/1648] : done (1951ms) 
 block [984/1648] : done (1937ms) 
 block [985/1648] : done (1979ms) 
 block [986/1648] : done (2057ms) 
 block [987/1648] : done (1942ms) 
 block [988/1648] : done (1900ms) 
 block [989/1648] : done (1965ms) 
 block [990/1648] : done (1945ms) 
 block [991/1648] : done (1896ms) 
 block [992/1648] : done (1982ms) 
 block [993/1648] : done (1923ms) 
 block [994/1648] : done (1922ms) 
 block [995/1648] : done (1899ms) 
 block [996/1648] : done (1888ms) 
 block [997/1648] : done (1932ms) 
 block [998/1648] : done (1944ms) 
 block [999/1648] : done (1972ms) 
 block [1000/1648] : done (2051ms) 
 block [1001/1648] : done (1968ms) 
 block [1002/1648] : done (1933ms) 
 block [1003/1648] : done (1974ms) 
 block [1004/1648] : done (2056ms) 
 block [1005/1648] : done (1946ms) 
 block [1006/1648] : done (1948ms) 
 block [1007/1648] : done (1952ms) 
 block [1008/1648] : done (1959ms) 
 block [1009/1648] : done (2004ms) 
 block [1010/1648] : done (1980ms) 
 block [1011/1648] : done (1968ms) 
 block [1012/1648] : done (1882ms) 
 block [1013/1648] : done (1932ms) 
 block [1014/1648] : done (1911ms) 
 block [1015/1648] : done (1887ms) 
 block [1016/1648] : done (1926ms) 
 block [1017/1648] : done (1909ms) 
 block [1018/1648] : done (1903ms) 
 block [1019/1648] : done (1945ms) 
 block [1020/1648] : done (2028ms) 
 block [1021/1648] : done (1995ms) 
 block [1022/1648] : done (1986ms) 
 block [1023/1648] : done (2002ms) 
 block [1024/1648] : done (2015ms) 
 block [1025/1648] : done (1976ms) 
 block [1026/1648] : done (1978ms) 
 block [1027/1648] : done (1957ms) 
 block [1028/1648] : done (1875ms) 
 block [1029/1648] : done (1866ms) 
 block [1030/1648] : done (1883ms) 
 block [1031/1648] : done (1900ms) 
 block [1032/1648] : done (1896ms) 
 block [1033/1648] : done (1916ms) 
 block [1034/1648] : done (1904ms) 
 block [1035/1648] : done (1936ms) 
 block [1036/1648] : done (1913ms) 
 block [1037/1648] : done (1975ms) 
 block [1038/1648] : done (1928ms) 
 block [1039/1648] : done (1894ms) 
 block [1040/1648] : done (1990ms) 
 block [1041/1648] : done (1925ms) 
 block [1042/1648] : done (1896ms) 
 block [1043/1648] : done (1883ms) 
 block [1044/1648] : done (1865ms) 
 block [1045/1648] : done (1907ms) 
 block [1046/1648] : done (1991ms) 
 block [1047/1648] : done (1942ms) 
 block [1048/1648] : done (1927ms) 
 block [1049/1648] : done (2015ms) 
 block [1050/1648] : done (1957ms) 
 block [1051/1648] : done (2031ms) 
 block [1052/1648] : done (2027ms) 
 block [1053/1648] : done (1950ms) 
 block [1054/1648] : done (2031ms) 
 block [1055/1648] : done (1966ms) 
 block [1056/1648] : done (1937ms) 
 block [1057/1648] : done (1987ms) 
 block [1058/1648] : done (2011ms) 
 block [1059/1648] : done (1974ms) 
 block [1060/1648] : done (1969ms) 
 block [1061/1648] : done (2062ms) 
 block [1062/1648] : done (2193ms) 
 block [1063/1648] : done (1890ms) 
 block [1064/1648] : done (1990ms) 
 block [1065/1648] : done (2096ms) 
 block [1066/1648] : done (2343ms) 
 block [1067/1648] : done (2186ms) 
 block [1068/1648] : done (1985ms) 
 block [1069/1648] : done (1928ms) 
 block [1070/1648] : done (1985ms) 
 block [1071/1648] : done (2055ms) 
 block [1072/1648] : done (1961ms) 
 block [1073/1648] : done (1953ms) 
 block [1074/1648] : done (1992ms) 
 block [1075/1648] : done (2001ms) 
 block [1076/1648] : done (1979ms) 
 block [1077/1648] : done (2021ms) 
 block [1078/1648] : done (2207ms) 
 block [1079/1648] : done (2237ms) 
 block [1080/1648] : done (2208ms) 
 block [1081/1648] : done (2235ms) 
 block [1082/1648] : done (2204ms) 
 block [1083/1648] : done (1995ms) 
 block [1084/1648] : done (1962ms) 
 block [1085/1648] : done (1946ms) 
 block [1086/1648] : done (1915ms) 
 block [1087/1648] : done (2041ms) 
 block [1088/1648] : done (2008ms) 
 block [1089/1648] : done (1958ms) 
 block [1090/1648] : done (2095ms) 
 block [1091/1648] : done (2143ms) 
 block [1092/1648] : done (1993ms) 
 block [1093/1648] : done (1954ms) 
 block [1094/1648] : done (1991ms) 
 block [1095/1648] : done (1932ms) 
 block [1096/1648] : done (1922ms) 
 block [1097/1648] : done (2023ms) 
 block [1098/1648] : done (2145ms) 
 block [1099/1648] : done (1938ms) 
 block [1100/1648] : done (1926ms) 
 block [1101/1648] : done (2068ms) 
 block [1102/1648] : done (2136ms) 
 block [1103/1648] : done (2008ms) 
 block [1104/1648] : done (2001ms) 
 block [1105/1648] : done (2012ms) 
 block [1106/1648] : done (2291ms) 
 block [1107/1648] : done (1970ms) 
 block [1108/1648] : done (1995ms) 
 block [1109/1648] : done (1991ms) 
 block [1110/1648] : done (1946ms) 
 block [1111/1648] : done (1977ms) 
 block [1112/1648] : done (2012ms) 
 block [1113/1648] : done (1980ms) 
 block [1114/1648] : done (2025ms) 
 block [1115/1648] : done (2017ms) 
 block [1116/1648] : done (2038ms) 
 block [1117/1648] : done (2032ms) 
 block [1118/1648] : done (1971ms) 
 block [1119/1648] : done (1951ms) 
 block [1120/1648] : done (2008ms) 
 block [1121/1648] : done (1970ms) 
 block [1122/1648] : done (1913ms) 
 block [1123/1648] : done (1948ms) 
 block [1124/1648] : done (1966ms) 
 block [1125/1648] : done (2014ms) 
 block [1126/1648] : done (2075ms) 
 block [1127/1648] : done (1968ms) 
 block [1128/1648] : done (2113ms) 
 block [1129/1648] : done (2044ms) 
 block [1130/1648] : done (2052ms) 
 block [1131/1648] : done (2028ms) 
 block [1132/1648] : done (2030ms) 
 block [1133/1648] : done (1983ms) 
 block [1134/1648] : done (2032ms) 
 block [1135/1648] : done (2266ms) 
 block [1136/1648] : done (2102ms) 
 block [1137/1648] : done (2249ms) 
 block [1138/1648] : done (2194ms) 
 block [1139/1648] : done (2169ms) 
 block [1140/1648] : done (2088ms) 
 block [1141/1648] : done (2175ms) 
 block [1142/1648] : done (2225ms) 
 block [1143/1648] : done (2159ms) 
 block [1144/1648] : done (1976ms) 
 block [1145/1648] : done (2115ms) 
 block [1146/1648] : done (2089ms) 
 block [1147/1648] : done (1956ms) 
 block [1148/1648] : done (1992ms) 
 block [1149/1648] : done (1974ms) 
 block [1150/1648] : done (1940ms) 
 block [1151/1648] : done (1951ms) 
 block [1152/1648] : done (1939ms) 
 block [1153/1648] : done (1972ms) 
 block [1154/1648] : done (1950ms) 
 block [1155/1648] : done (1979ms) 
 block [1156/1648] : done (2031ms) 
 block [1157/1648] : done (1952ms) 
 block [1158/1648] : done (1924ms) 
 block [1159/1648] : done (2018ms) 
 block [1160/1648] : done (1973ms) 
 block [1161/1648] : done (1975ms) 
 block [1162/1648] : done (1957ms) 
 block [1163/1648] : done (2053ms) 
 block [1164/1648] : done (2034ms) 
 block [1165/1648] : done (2001ms) 
 block [1166/1648] : done (2006ms) 
 block [1167/1648] : done (1967ms) 
 block [1168/1648] : done (1936ms) 
 block [1169/1648] : done (1956ms) 
 block [1170/1648] : done (2045ms) 
 block [1171/1648] : done (2094ms) 
 block [1172/1648] : done (2011ms) 
 block [1173/1648] : done (2073ms) 
 block [1174/1648] : done (2067ms) 
 block [1175/1648] : done (2031ms) 
 block [1176/1648] : done (1939ms) 
 block [1177/1648] : done (1932ms) 
 block [1178/1648] : done (2069ms) 
 block [1179/1648] : done (2188ms) 
 block [1180/1648] : done (2077ms) 
 block [1181/1648] : done (1984ms) 
 block [1182/1648] : done (1964ms) 
 block [1183/1648] : done (1965ms) 
 block [1184/1648] : done (2112ms) 
 block [1185/1648] : done (2074ms) 
 block [1186/1648] : done (1947ms) 
 block [1187/1648] : done (2017ms) 
 block [1188/1648] : done (2024ms) 
 block [1189/1648] : done (1974ms) 
 block [1190/1648] : done (1934ms) 
 block [1191/1648] : done (1952ms) 
 block [1192/1648] : done (1996ms) 
 block [1193/1648] : done (1965ms) 
 block [1194/1648] : done (1955ms) 
 block [1195/1648] : done (1948ms) 
 block [1196/1648] : done (1945ms) 
 block [1197/1648] : done (2033ms) 
 block [1198/1648] : done (2009ms) 
 block [1199/1648] : done (1984ms) 
 block [1200/1648] : done (2021ms) 
 block [1201/1648] : done (1960ms) 
 block [1202/1648] : done (1923ms) 
 block [1203/1648] : done (1907ms) 
 block [1204/1648] : done (2010ms) 
 block [1205/1648] : done (1940ms) 
 block [1206/1648] : done (1969ms) 
 block [1207/1648] : done (2061ms) 
 block [1208/1648] : done (2073ms) 
 block [1209/1648] : done (1995ms) 
 block [1210/1648] : done (1959ms) 
 block [1211/1648] : done (1948ms) 
 block [1212/1648] : done (1998ms) 
 block [1213/1648] : done (2018ms) 
 block [1214/1648] : done (1991ms) 
 block [1215/1648] : done (1936ms) 
 block [1216/1648] : done (1939ms) 
 block [1217/1648] : done (1961ms) 
 block [1218/1648] : done (1909ms) 
 block [1219/1648] : done (1980ms) 
 block [1220/1648] : done (1929ms) 
 block [1221/1648] : done (1969ms) 
 block [1222/1648] : done (1929ms) 
 block [1223/1648] : done (1927ms) 
 block [1224/1648] : done (1935ms) 
 block [1225/1648] : done (1925ms) 
 block [1226/1648] : done (1977ms) 
 block [1227/1648] : done (2078ms) 
 block [1228/1648] : done (1954ms) 
 block [1229/1648] : done (2004ms) 
 block [1230/1648] : done (2042ms) 
 block [1231/1648] : done (2088ms) 
 block [1232/1648] : done (2058ms) 
 block [1233/1648] : done (1925ms) 
 block [1234/1648] : done (1978ms) 
 block [1235/1648] : done (2017ms) 
 block [1236/1648] : done (2045ms) 
 block [1237/1648] : done (1975ms) 
 block [1238/1648] : done (1972ms) 
 block [1239/1648] : done (1910ms) 
 block [1240/1648] : done (1967ms) 
 block [1241/1648] : done (1943ms) 
 block [1242/1648] : done (2031ms) 
 block [1243/1648] : done (1949ms) 
 block [1244/1648] : done (1894ms) 
 block [1245/1648] : done (1904ms) 
 block [1246/1648] : done (2000ms) 
 block [1247/1648] : done (1994ms) 
 block [1248/1648] : done (1996ms) 
 block [1249/1648] : done (1966ms) 
 block [1250/1648] : done (1981ms) 
 block [1251/1648] : done (1915ms) 
 block [1252/1648] : done (1926ms) 
 block [1253/1648] : done (1951ms) 
 block [1254/1648] : done (1917ms) 
 block [1255/1648] : done (1909ms) 
 block [1256/1648] : done (1892ms) 
 block [1257/1648] : done (1968ms) 
 block [1258/1648] : done (1962ms) 
 block [1259/1648] : done (1938ms) 
 block [1260/1648] : done (2026ms) 
 block [1261/1648] : done (1890ms) 
 block [1262/1648] : done (1991ms) 
 block [1263/1648] : done (1946ms) 
 block [1264/1648] : done (2014ms) 
 block [1265/1648] : done (1930ms) 
 block [1266/1648] : done (2000ms) 
 block [1267/1648] : done (1930ms) 
 block [1268/1648] : done (1957ms) 
 block [1269/1648] : done (1918ms) 
 block [1270/1648] : done (1910ms) 
 block [1271/1648] : done (1969ms) 
 block [1272/1648] : done (1946ms) 
 block [1273/1648] : done (1997ms) 
 block [1274/1648] : done (1961ms) 
 block [1275/1648] : done (1971ms) 
 block [1276/1648] : done (1895ms) 
 block [1277/1648] : done (1951ms) 
 block [1278/1648] : done (1916ms) 
 block [1279/1648] : done (1910ms) 
 block [1280/1648] : done (1958ms) 
 block [1281/1648] : done (1911ms) 
 block [1282/1648] : done (1914ms) 
 block [1283/1648] : done (1936ms) 
 block [1284/1648] : done (2017ms) 
 block [1285/1648] : done (2012ms) 
 block [1286/1648] : done (2012ms) 
 block [1287/1648] : done (1977ms) 
 block [1288/1648] : done (1954ms) 
 block [1289/1648] : done (1947ms) 
 block [1290/1648] : done (1929ms) 
 block [1291/1648] : done (1992ms) 
 block [1292/1648] : done (2049ms) 
 block [1293/1648] : done (2016ms) 
 block [1294/1648] : done (1972ms) 
 block [1295/1648] : done (1943ms) 
 block [1296/1648] : done (1945ms) 
 block [1297/1648] : done (1939ms) 
 block [1298/1648] : done (1950ms) 
 block [1299/1648] : done (2019ms) 
 block [1300/1648] : done (2042ms) 
 block [1301/1648] : done (1924ms) 
 block [1302/1648] : done (1992ms) 
 block [1303/1648] : done (1962ms) 
 block [1304/1648] : done (2058ms) 
 block [1305/1648] : done (1968ms) 
 block [1306/1648] : done (1928ms) 
 block [1307/1648] : done (1966ms) 
 block [1308/1648] : done (1921ms) 
 block [1309/1648] : done (1935ms) 
 block [1310/1648] : done (1947ms) 
 block [1311/1648] : done (1993ms) 
 block [1312/1648] : done (2025ms) 
 block [1313/1648] : done (2021ms) 
 block [1314/1648] : done (1950ms) 
 block [1315/1648] : done (1992ms) 
 block [1316/1648] : done (1952ms) 
 block [1317/1648] : done (1920ms) 
 block [1318/1648] : done (1971ms) 
 block [1319/1648] : done (2009ms) 
 block [1320/1648] : done (1982ms) 
 block [1321/1648] : done (2043ms) 
 block [1322/1648] : done (1958ms) 
 block [1323/1648] : done (1985ms) 
 block [1324/1648] : done (1941ms) 
 block [1325/1648] : done (2043ms) 
 block [1326/1648] : done (2041ms) 
 block [1327/1648] : done (2036ms) 
 block [1328/1648] : done (2008ms) 
 block [1329/1648] : done (1959ms) 
 block [1330/1648] : done (1959ms) 
 block [1331/1648] : done (1988ms) 
 block [1332/1648] : done (2011ms) 
 block [1333/1648] : done (1975ms) 
 block [1334/1648] : done (1976ms) 
 block [1335/1648] : done (2075ms) 
 block [1336/1648] : done (2023ms) 
 block [1337/1648] : done (1970ms) 
 block [1338/1648] : done (1953ms) 
 block [1339/1648] : done (2014ms) 
 block [1340/1648] : done (2018ms) 
 block [1341/1648] : done (1981ms) 
 block [1342/1648] : done (2045ms) 
 block [1343/1648] : done (1971ms) 
 block [1344/1648] : done (1965ms) 
 block [1345/1648] : done (2008ms) 
 block [1346/1648] : done (2028ms) 
 block [1347/1648] : done (1989ms) 
 block [1348/1648] : done (2000ms) 
 block [1349/1648] : done (1990ms) 
 block [1350/1648] : done (1977ms) 
 block [1351/1648] : done (2009ms) 
 block [1352/1648] : done (2018ms) 
 block [1353/1648] : done (1963ms) 
 block [1354/1648] : done (1898ms) 
 block [1355/1648] : done (1905ms) 
 block [1356/1648] : done (1978ms) 
 block [1357/1648] : done (2035ms) 
 block [1358/1648] : done (2075ms) 
 block [1359/1648] : done (2201ms) 
 block [1360/1648] : done (2010ms) 
 block [1361/1648] : done (1925ms) 
 block [1362/1648] : done (1935ms) 
 block [1363/1648] : done (1953ms) 
 block [1364/1648] : done (1936ms) 
 block [1365/1648] : done (1953ms) 
 block [1366/1648] : done (1974ms) 
 block [1367/1648] : done (1994ms) 
 block [1368/1648] : done (2003ms) 
 block [1369/1648] : done (1963ms) 
 block [1370/1648] : done (1942ms) 
 block [1371/1648] : done (2092ms) 
 block [1372/1648] : done (2132ms) 
 block [1373/1648] : done (1936ms) 
 block [1374/1648] : done (1916ms) 
 block [1375/1648] : done (1941ms) 
 block [1376/1648] : done (2140ms) 
 block [1377/1648] : done (2171ms) 
 block [1378/1648] : done (2037ms) 
 block [1379/1648] : done (1979ms) 
 block [1380/1648] : done (2011ms) 
 block [1381/1648] : done (2050ms) 
 block [1382/1648] : done (2179ms) 
 block [1383/1648] : done (2148ms) 
 block [1384/1648] : done (2073ms) 
 block [1385/1648] : done (2037ms) 
 block [1386/1648] : done (2108ms) 
 block [1387/1648] : done (2131ms) 
 block [1388/1648] : done (2079ms) 
 block [1389/1648] : done (2087ms) 
 block [1390/1648] : done (2093ms) 
 block [1391/1648] : done (2102ms) 
 block [1392/1648] : done (2098ms) 
 block [1393/1648] : done (2040ms) 
 block [1394/1648] : done (2074ms) 
 block [1395/1648] : done (2090ms) 
 block [1396/1648] : done (1968ms) 
 block [1397/1648] : done (1953ms) 
 block [1398/1648] : done (1995ms) 
 block [1399/1648] : done (2072ms) 
 block [1400/1648] : done (2102ms) 
 block [1401/1648] : done (2088ms) 
 block [1402/1648] : done (2020ms) 
 block [1403/1648] : done (2100ms) 
 block [1404/1648] : done (2001ms) 
 block [1405/1648] : done (1995ms) 
 block [1406/1648] : done (2096ms) 
 block [1407/1648] : done (2114ms) 
 block [1408/1648] : done (2005ms) 
 block [1409/1648] : done (1990ms) 
 block [1410/1648] : done (2034ms) 
 block [1411/1648] : done (1984ms) 
 block [1412/1648] : done (1997ms) 
 block [1413/1648] : done (2039ms) 
 block [1414/1648] : done (2029ms) 
 block [1415/1648] : done (2034ms) 
 block [1416/1648] : done (1997ms) 
 block [1417/1648] : done (1976ms) 
 block [1418/1648] : done (2028ms) 
 block [1419/1648] : done (1979ms) 
 block [1420/1648] : done (2089ms) 
 block [1421/1648] : done (1994ms) 
 block [1422/1648] : done (1985ms) 
 block [1423/1648] : done (1984ms) 
 block [1424/1648] : done (1994ms) 
 block [1425/1648] : done (2057ms) 
 block [1426/1648] : done (2016ms) 
 block [1427/1648] : done (1994ms) 
 block [1428/1648] : done (1953ms) 
 block [1429/1648] : done (1934ms) 
 block [1430/1648] : done (1974ms) 
 block [1431/1648] : done (1928ms) 
 block [1432/1648] : done (1907ms) 
 block [1433/1648] : done (1895ms) 
 block [1434/1648] : done (1922ms) 
 block [1435/1648] : done (1941ms) 
 block [1436/1648] : done (1925ms) 
 block [1437/1648] : done (1964ms) 
 block [1438/1648] : done (1987ms) 
 block [1439/1648] : done (2004ms) 
 block [1440/1648] : done (1981ms) 
 block [1441/1648] : done (1950ms) 
 block [1442/1648] : done (2015ms) 
 block [1443/1648] : done (1892ms) 
 block [1444/1648] : done (2006ms) 
 block [1445/1648] : done (2012ms) 
 block [1446/1648] : done (2012ms) 
 block [1447/1648] : done (1948ms) 
 block [1448/1648] : done (2037ms) 
 block [1449/1648] : done (1950ms) 
 block [1450/1648] : done (1925ms) 
 block [1451/1648] : done (1966ms) 
 block [1452/1648] : done (2017ms) 
 block [1453/1648] : done (2001ms) 
 block [1454/1648] : done (2004ms) 
 block [1455/1648] : done (2018ms) 
 block [1456/1648] : done (2021ms) 
 block [1457/1648] : done (2026ms) 
 block [1458/1648] : done (2018ms) 
 block [1459/1648] : done (2105ms) 
 block [1460/1648] : done (2051ms) 
 block [1461/1648] : done (2024ms) 
 block [1462/1648] : done (2041ms) 
 block [1463/1648] : done (1991ms) 
 block [1464/1648] : done (2005ms) 
 block [1465/1648] : done (1923ms) 
 block [1466/1648] : done (1969ms) 
 block [1467/1648] : done (1983ms) 
 block [1468/1648] : done (1923ms) 
 block [1469/1648] : done (1958ms) 
 block [1470/1648] : done (1956ms) 
 block [1471/1648] : done (1980ms) 
 block [1472/1648] : done (2032ms) 
 block [1473/1648] : done (2175ms) 
 block [1474/1648] : done (2005ms) 
 block [1475/1648] : done (1991ms) 
 block [1476/1648] : done (1970ms) 
 block [1477/1648] : done (1925ms) 
 block [1478/1648] : done (1978ms) 
 block [1479/1648] : done (1939ms) 
 block [1480/1648] : done (1971ms) 
 block [1481/1648] : done (1964ms) 
 block [1482/1648] : done (1989ms) 
 block [1483/1648] : done (1974ms) 
 block [1484/1648] : done (1963ms) 
 block [1485/1648] : done (1966ms) 
 block [1486/1648] : done (1964ms) 
 block [1487/1648] : done (2001ms) 
 block [1488/1648] : done (2116ms) 
 block [1489/1648] : done (2005ms) 
 block [1490/1648] : done (2026ms) 
 block [1491/1648] : done (2017ms) 
 block [1492/1648] : done (2038ms) 
 block [1493/1648] : done (1965ms) 
 block [1494/1648] : done (1972ms) 
 block [1495/1648] : done (2005ms) 
 block [1496/1648] : done (1919ms) 
 block [1497/1648] : done (1954ms) 
 block [1498/1648] : done (2054ms) 
 block [1499/1648] : done (2017ms) 
 block [1500/1648] : done (1970ms) 
 block [1501/1648] : done (2016ms) 
 block [1502/1648] : done (2016ms) 
 block [1503/1648] : done (1966ms) 
 block [1504/1648] : done (1970ms) 
 block [1505/1648] : done (1917ms) 
 block [1506/1648] : done (1943ms) 
 block [1507/1648] : done (1996ms) 
 block [1508/1648] : done (1935ms) 
 block [1509/1648] : done (1912ms) 
 block [1510/1648] : done (1955ms) 
 block [1511/1648] : done (1956ms) 
 block [1512/1648] : done (1976ms) 
 block [1513/1648] : done (1930ms) 
 block [1514/1648] : done (1928ms) 
 block [1515/1648] : done (1915ms) 
 block [1516/1648] : done (1935ms) 
 block [1517/1648] : done (1950ms) 
 block [1518/1648] : done (1997ms) 
 block [1519/1648] : done (1944ms) 
 block [1520/1648] : done (1982ms) 
 block [1521/1648] : done (2036ms) 
 block [1522/1648] : done (1993ms) 
 block [1523/1648] : done (1889ms) 
 block [1524/1648] : done (1881ms) 
 block [1525/1648] : done (1908ms) 
 block [1526/1648] : done (1956ms) 
 block [1527/1648] : done (1946ms) 
 block [1528/1648] : done (2085ms) 
 block [1529/1648] : done (1952ms) 
 block [1530/1648] : done (1922ms) 
 block [1531/1648] : done (1906ms) 
 block [1532/1648] : done (1929ms) 
 block [1533/1648] : done (1940ms) 
 block [1534/1648] : done (1921ms) 
 block [1535/1648] : done (1885ms) 
 block [1536/1648] : done (1937ms) 
 block [1537/1648] : done (1959ms) 
 block [1538/1648] : done (2013ms) 
 block [1539/1648] : done (2022ms) 
 block [1540/1648] : done (1969ms) 
 block [1541/1648] : done (2014ms) 
 block [1542/1648] : done (2029ms) 
 block [1543/1648] : done (2073ms) 
 block [1544/1648] : done (2013ms) 
 block [1545/1648] : done (2045ms) 
 block [1546/1648] : done (1946ms) 
 block [1547/1648] : done (1951ms) 
 block [1548/1648] : done (1934ms) 
 block [1549/1648] : done (1976ms) 
 block [1550/1648] : done (1925ms) 
 block [1551/1648] : done (1985ms) 
 block [1552/1648] : done (2031ms) 
 block [1553/1648] : done (1952ms) 
 block [1554/1648] : done (1952ms) 
 block [1555/1648] : done (1963ms) 
 block [1556/1648] : done (1946ms) 
 block [1557/1648] : done (1897ms) 
 block [1558/1648] : done (1917ms) 
 block [1559/1648] : done (1992ms) 
 block [1560/1648] : done (1962ms) 
 block [1561/1648] : done (1922ms) 
 block [1562/1648] : done (1943ms) 
 block [1563/1648] : done (1880ms) 
 block [1564/1648] : done (1982ms) 
 block [1565/1648] : done (1944ms) 
 block [1566/1648] : done (1995ms) 
 block [1567/1648] : done (2020ms) 
 block [1568/1648] : done (2074ms) 
 block [1569/1648] : done (2099ms) 
 block [1570/1648] : done (2079ms) 
 block [1571/1648] : done (2115ms) 
 block [1572/1648] : done (2036ms) 
 block [1573/1648] : done (2042ms) 
 block [1574/1648] : done (2032ms) 
 block [1575/1648] : done (1924ms) 
 block [1576/1648] : done (1974ms) 
 block [1577/1648] : done (1948ms) 
 block [1578/1648] : done (1945ms) 
 block [1579/1648] : done (2017ms) 
 block [1580/1648] : done (2091ms) 
 block [1581/1648] : done (2012ms) 
 block [1582/1648] : done (2053ms) 
 block [1583/1648] : done (2006ms) 
 block [1584/1648] : done (2018ms) 
 block [1585/1648] : done (1950ms) 
 block [1586/1648] : done (1941ms) 
 block [1587/1648] : done (2034ms) 
 block [1588/1648] : done (1980ms) 
 block [1589/1648] : done (1972ms) 
 block [1590/1648] : done (2018ms) 
 block [1591/1648] : done (2033ms) 
 block [1592/1648] : done (1966ms) 
 block [1593/1648] : done (1952ms) 
 block [1594/1648] : done (2028ms) 
 block [1595/1648] : done (2000ms) 
 block [1596/1648] : done (1991ms) 
 block [1597/1648] : done (1960ms) 
 block [1598/1648] : done (2039ms) 
 block [1599/1648] : done (1977ms) 
 block [1600/1648] : done (2043ms) 
 block [1601/1648] : done (2026ms) 
 block [1602/1648] : done (2068ms) 
 block [1603/1648] : done (2060ms) 
 block [1604/1648] : done (1985ms) 
 block [1605/1648] : done (2054ms) 
 block [1606/1648] : done (2060ms) 
 block [1607/1648] : done (2050ms) 
 block [1608/1648] : done (2023ms) 
 block [1609/1648] : done (1967ms) 
 block [1610/1648] : done (1997ms) 
 block [1611/1648] : done (1981ms) 
 block [1612/1648] : done (2048ms) 
 block [1613/1648] : done (2003ms) 
 block [1614/1648] : done (1963ms) 
 block [1615/1648] : done (1990ms) 
 block [1616/1648] : done (2064ms) 
 block [1617/1648] : done (1977ms) 
 block [1618/1648] : done (1969ms) 
 block [1619/1648] : done (2016ms) 
 block [1620/1648] : done (1981ms) 
 block [1621/1648] : done (1981ms) 
 block [1622/1648] : done (2052ms) 
 block [1623/1648] : done (1995ms) 
 block [1624/1648] : done (1973ms) 
 block [1625/1648] : done (1960ms) 
 block [1626/1648] : done (1940ms) 
 block [1627/1648] : done (1972ms) 
 block [1628/1648] : done (2043ms) 
 block [1629/1648] : done (1973ms) 
 block [1630/1648] : done (1955ms) 
 block [1631/1648] : done (2010ms) 
 block [1632/1648] : done (1926ms) 
 block [1633/1648] : done (1936ms) 
 block [1634/1648] : done (1967ms) 
 block [1635/1648] : done (1999ms) 
 block [1636/1648] : done (1963ms) 
 block [1637/1648] : done (1970ms) 
 block [1638/1648] : done (1913ms) 
 block [1639/1648] : done (1918ms) 
 block [1640/1648] : done (1930ms) 
 block [1641/1648] : done (1938ms) 
 block [1642/1648] : done (1951ms) 
 block [1643/1648] : done (1917ms) 
 block [1644/1648] : done (2019ms) 
 block [1645/1648] : done (1992ms) 
 block [1646/1648] : done (1936ms) 
 block [1647/1648] : done (1926ms) 
 block [1648/1648] : done (1681ms) 

Association results stored separately for each trait in files : 
* [result/06_step2/sig_weight_eur_step2.chr11_eur_SIG0_AUC.regenie]
* [result/06_step2/sig_weight_eur_step2.chr11_eur_SIG1_AUC.regenie]
* [result/06_step2/sig_weight_eur_step2.chr11_eur_SIG2_AUC.regenie]
* [result/06_step2/sig_weight_eur_step2.chr11_eur_SIG3_AUC.regenie]
* [result/06_step2/sig_weight_eur_step2.chr11_eur_SIG4_AUC.regenie]
* [result/06_step2/sig_weight_eur_step2.chr11_eur_SIG5_AUC.regenie]
* [result/06_step2/sig_weight_eur_step2.chr11_eur_SIG6_AUC.regenie]
* [result/06_step2/sig_weight_eur_step2.chr11_eur_SIG7_AUC.regenie]
* [result/06_step2/sig_weight_eur_step2.chr11_eur_SIG8_AUC.regenie]
* [result/06_step2/sig_weight_eur_step2.chr11_eur_SIG9_AUC.regenie]
* [result/06_step2/sig_weight_eur_step2.chr11_eur_SIG10_AUC.regenie]
* [result/06_step2/sig_weight_eur_step2.chr11_eur_SIG11_AUC.regenie]
* [result/06_step2/sig_weight_eur_step2.chr11_eur_SIG12_AUC.regenie]
* [result/06_step2/sig_weight_eur_step2.chr11_eur_SIG13_AUC.regenie]
* [result/06_step2/sig_weight_eur_step2.chr11_eur_SIG14_AUC.regenie]
* [result/06_step2/sig_weight_eur_step2.chr11_eur_SIG15_AUC.regenie]
* [result/06_step2/sig_weight_eur_step2.chr11_eur_SIG16_AUC.regenie]
* [result/06_step2/sig_weight_eur_step2.chr11_eur_SIG17_AUC.regenie]
* [result/06_step2/sig_weight_eur_step2.chr11_eur_SIG18_AUC.regenie]
* [result/06_step2/sig_weight_eur_step2.chr11_eur_SIG19_AUC.regenie]
* [result/06_step2/sig_weight_eur_step2.chr11_eur_SIG20_AUC.regenie]

Number of ignored tests due to low MAC or info score : 0

Elapsed time : 3326.47s
End time: Wed Dec 17 08:01:13 2025

