Start time: Wed Dec 17 07:05:48 2025

              |=============================|
              |      REGENIE v3.2.5.gz      |
              |=============================|

Copyright (c) 2020-2022 Joelle Mbatchou, Andrey Ziyatdinov and Jonathan Marchini.
Distributed under the MIT License.
Compiled with Boost Iostream library.
Using Intel MKL with Eigen.

Log of output saved in file : result/06_step2/sig_weight_eur_step2.chr12_eur.log

Options in effect:
  --step 2 \
  --bgen /broad/ukbb/imputed_v3/ukb_imp_chr12_v3.bgen \
  --sample /medpop/esp2/pradeep/UKBiobank/v3data/ukb7089_imp_chr3_v3_s487395.sample \
  --ref-first \
  --extract ../data/step2/var.chr12_eur.list.snplist \
  --keep ../data/sample_list_eur.txt \
  --covarFile ../data/sig_weight_cov_file.tsv \
  --phenoFile /medpop/esp2/tnakao/analyses/projects/collab/Sarah_signature_weights_GWAS/import/signature_auc_phenotypes_last.txt \
  --bsize 200 \
  --threads 4 \
  --qt \
  --catCovarList genotyping_array,Inferred_Gender \
  --pred result/04_step1/sig_weight_eur_step1_pred.list \
  --minINFO 0.7 \
  --out result/06_step2/sig_weight_eur_step2.chr12_eur

Association testing mode with fast multithreading using OpenMP
 * bgen             : [/broad/ukbb/imputed_v3/ukb_imp_chr12_v3.bgen]
   -summary : bgen file (v1.2 layout, zlib compressed) with 487409 anonymous samples and 4431052 variants with 8-bit encoding.
   -index bgi file [/broad/ukbb/imputed_v3/ukb_imp_chr12_v3.bgen.bgi]
   -keeping variants specified by --extract
   -number of variants remaining in the analysis = 311946
   -sample file: /medpop/esp2/pradeep/UKBiobank/v3data/ukb7089_imp_chr3_v3_s487395.sample
   -keeping only individuals specified by --keep
   -number of genotyped individuals remaining in the analysis = 361171
 * phenotypes       : [/medpop/esp2/tnakao/analyses/projects/collab/Sarah_signature_weights_GWAS/import/signature_auc_phenotypes_last.txt] n_pheno = 21
   -number of phenotyped individuals  = 361171
 * covariates       : [../data/sig_weight_cov_file.tsv] n_cov = 13
   -number of individuals with covariate data = 361171
 * number of individuals used in analysis = 361171
 * number of observations for each trait:
   - 'SIG0_AUC': 361171 observations
   - 'SIG1_AUC': 361171 observations
   - 'SIG2_AUC': 361171 observations
   - 'SIG3_AUC': 361171 observations
   - 'SIG4_AUC': 361171 observations
   - 'SIG5_AUC': 361171 observations
   - 'SIG6_AUC': 361171 observations
   - 'SIG7_AUC': 361171 observations
   - 'SIG8_AUC': 361171 observations
   - 'SIG9_AUC': 361171 observations
   - 'SIG10_AUC': 361171 observations
   - 'SIG11_AUC': 361171 observations
   - 'SIG12_AUC': 361171 observations
   - 'SIG13_AUC': 361171 observations
   - 'SIG14_AUC': 361171 observations
   - 'SIG15_AUC': 361171 observations
   - 'SIG16_AUC': 361171 observations
   - 'SIG17_AUC': 361171 observations
   - 'SIG18_AUC': 361171 observations
   - 'SIG19_AUC': 361171 observations
   - 'SIG20_AUC': 361171 observations
 * LOCO predictions : [result/04_step1/sig_weight_eur_step1_pred.list]
   -file [/medpop/esp2/tnakao/analyses/projects/collab/Sarah_signature_weights_GWAS/96_last_250319/result/04_step1/sig_weight_eur_step1_1.loco] for phenotype 'SIG0_AUC'
   -file [/medpop/esp2/tnakao/analyses/projects/collab/Sarah_signature_weights_GWAS/96_last_250319/result/04_step1/sig_weight_eur_step1_2.loco] for phenotype 'SIG1_AUC'
   -file [/medpop/esp2/tnakao/analyses/projects/collab/Sarah_signature_weights_GWAS/96_last_250319/result/04_step1/sig_weight_eur_step1_3.loco] for phenotype 'SIG2_AUC'
   -file [/medpop/esp2/tnakao/analyses/projects/collab/Sarah_signature_weights_GWAS/96_last_250319/result/04_step1/sig_weight_eur_step1_4.loco] for phenotype 'SIG3_AUC'
   -file [/medpop/esp2/tnakao/analyses/projects/collab/Sarah_signature_weights_GWAS/96_last_250319/result/04_step1/sig_weight_eur_step1_5.loco] for phenotype 'SIG4_AUC'
   -file [/medpop/esp2/tnakao/analyses/projects/collab/Sarah_signature_weights_GWAS/96_last_250319/result/04_step1/sig_weight_eur_step1_6.loco] for phenotype 'SIG5_AUC'
   -file [/medpop/esp2/tnakao/analyses/projects/collab/Sarah_signature_weights_GWAS/96_last_250319/result/04_step1/sig_weight_eur_step1_7.loco] for phenotype 'SIG6_AUC'
   -file [/medpop/esp2/tnakao/analyses/projects/collab/Sarah_signature_weights_GWAS/96_last_250319/result/04_step1/sig_weight_eur_step1_8.loco] for phenotype 'SIG7_AUC'
   -file [/medpop/esp2/tnakao/analyses/projects/collab/Sarah_signature_weights_GWAS/96_last_250319/result/04_step1/sig_weight_eur_step1_9.loco] for phenotype 'SIG8_AUC'
   -file [/medpop/esp2/tnakao/analyses/projects/collab/Sarah_signature_weights_GWAS/96_last_250319/result/04_step1/sig_weight_eur_step1_10.loco] for phenotype 'SIG9_AUC'
   -file [/medpop/esp2/tnakao/analyses/projects/collab/Sarah_signature_weights_GWAS/96_last_250319/result/04_step1/sig_weight_eur_step1_11.loco] for phenotype 'SIG10_AUC'
   -file [/medpop/esp2/tnakao/analyses/projects/collab/Sarah_signature_weights_GWAS/96_last_250319/result/04_step1/sig_weight_eur_step1_12.loco] for phenotype 'SIG11_AUC'
   -file [/medpop/esp2/tnakao/analyses/projects/collab/Sarah_signature_weights_GWAS/96_last_250319/result/04_step1/sig_weight_eur_step1_13.loco] for phenotype 'SIG12_AUC'
   -file [/medpop/esp2/tnakao/analyses/projects/collab/Sarah_signature_weights_GWAS/96_last_250319/result/04_step1/sig_weight_eur_step1_14.loco] for phenotype 'SIG13_AUC'
   -file [/medpop/esp2/tnakao/analyses/projects/collab/Sarah_signature_weights_GWAS/96_last_250319/result/04_step1/sig_weight_eur_step1_15.loco] for phenotype 'SIG14_AUC'
   -file [/medpop/esp2/tnakao/analyses/projects/collab/Sarah_signature_weights_GWAS/96_last_250319/result/04_step1/sig_weight_eur_step1_16.loco] for phenotype 'SIG15_AUC'
   -file [/medpop/esp2/tnakao/analyses/projects/collab/Sarah_signature_weights_GWAS/96_last_250319/result/04_step1/sig_weight_eur_step1_17.loco] for phenotype 'SIG16_AUC'
   -file [/medpop/esp2/tnakao/analyses/projects/collab/Sarah_signature_weights_GWAS/96_last_250319/result/04_step1/sig_weight_eur_step1_18.loco] for phenotype 'SIG17_AUC'
   -file [/medpop/esp2/tnakao/analyses/projects/collab/Sarah_signature_weights_GWAS/96_last_250319/result/04_step1/sig_weight_eur_step1_19.loco] for phenotype 'SIG18_AUC'
   -file [/medpop/esp2/tnakao/analyses/projects/collab/Sarah_signature_weights_GWAS/96_last_250319/result/04_step1/sig_weight_eur_step1_20.loco] for phenotype 'SIG19_AUC'
   -file [/medpop/esp2/tnakao/analyses/projects/collab/Sarah_signature_weights_GWAS/96_last_250319/result/04_step1/sig_weight_eur_step1_21.loco] for phenotype 'SIG20_AUC'
   -residualizing and scaling phenotypes...done (60ms) 
 * # threads        : [4]
 * block size       : [200]
 * # blocks         : [1560]
 * approximate memory usage : 2GB
 * using minimum MAC of 5 (variants with lower MAC are ignored)
 * using minimum imputation info score of 0.7 (variants with lower info score are ignored)

Chromosome 12 [1560 blocks in total]
   -reading loco predictions for the chromosome...done (10925ms) 
 block [1/1560] : done (2700ms) 
 block [2/1560] : done (2625ms) 
 block [3/1560] : done (2557ms) 
 block [4/1560] : done (2469ms) 
 block [5/1560] : done (2538ms) 
 block [6/1560] : done (2483ms) 
 block [7/1560] : done (2641ms) 
 block [8/1560] : done (2677ms) 
 block [9/1560] : done (2733ms) 
 block [10/1560] : done (2590ms) 
 block [11/1560] : done (2615ms) 
 block [12/1560] : done (2498ms) 
 block [13/1560] : done (2588ms) 
 block [14/1560] : done (2601ms) 
 block [15/1560] : done (2569ms) 
 block [16/1560] : done (2520ms) 
 block [17/1560] : done (2528ms) 
 block [18/1560] : done (2604ms) 
 block [19/1560] : done (2697ms) 
 block [20/1560] : done (2625ms) 
 block [21/1560] : done (2612ms) 
 block [22/1560] : done (2641ms) 
 block [23/1560] : done (2512ms) 
 block [24/1560] : done (2528ms) 
 block [25/1560] : done (2481ms) 
 block [26/1560] : done (2589ms) 
 block [27/1560] : done (2737ms) 
 block [28/1560] : done (2528ms) 
 block [29/1560] : done (2561ms) 
 block [30/1560] : done (2665ms) 
 block [31/1560] : done (2613ms) 
 block [32/1560] : done (2578ms) 
 block [33/1560] : done (2675ms) 
 block [34/1560] : done (2497ms) 
 block [35/1560] : done (2455ms) 
 block [36/1560] : done (2553ms) 
 block [37/1560] : done (2665ms) 
 block [38/1560] : done (2578ms) 
 block [39/1560] : done (2635ms) 
 block [40/1560] : done (2637ms) 
 block [41/1560] : done (2630ms) 
 block [42/1560] : done (2691ms) 
 block [43/1560] : done (2249ms) 
 block [44/1560] : done (2080ms) 
 block [45/1560] : done (2416ms) 
 block [46/1560] : done (2757ms) 
 block [47/1560] : done (2679ms) 
 block [48/1560] : done (2780ms) 
 block [49/1560] : done (2761ms) 
 block [50/1560] : done (2726ms) 
 block [51/1560] : done (2771ms) 
 block [52/1560] : done (2693ms) 
 block [53/1560] : done (2691ms) 
 block [54/1560] : done (2583ms) 
 block [55/1560] : done (2626ms) 
 block [56/1560] : done (2703ms) 
 block [57/1560] : done (2694ms) 
 block [58/1560] : done (2673ms) 
 block [59/1560] : done (2758ms) 
 block [60/1560] : done (2206ms) 
 block [61/1560] : done (2251ms) 
 block [62/1560] : done (2244ms) 
 block [63/1560] : done (2372ms) 
 block [64/1560] : done (2594ms) 
 block [65/1560] : done (2843ms) 
 block [66/1560] : done (2600ms) 
 block [67/1560] : done (2663ms) 
 block [68/1560] : done (2631ms) 
 block [69/1560] : done (2637ms) 
 block [70/1560] : done (2686ms) 
 block [71/1560] : done (2614ms) 
 block [72/1560] : done (2688ms) 
 block [73/1560] : done (2671ms) 
 block [74/1560] : done (2644ms) 
 block [75/1560] : done (2677ms) 
 block [76/1560] : done (2605ms) 
 block [77/1560] : done (2719ms) 
 block [78/1560] : done (2739ms) 
 block [79/1560] : done (2656ms) 
 block [80/1560] : done (2598ms) 
 block [81/1560] : done (2556ms) 
 block [82/1560] : done (2518ms) 
 block [83/1560] : done (2546ms) 
 block [84/1560] : done (2607ms) 
 block [85/1560] : done (2846ms) 
 block [86/1560] : done (2476ms) 
 block [87/1560] : done (2570ms) 
 block [88/1560] : done (2615ms) 
 block [89/1560] : done (2690ms) 
 block [90/1560] : done (2614ms) 
 block [91/1560] : done (2710ms) 
 block [92/1560] : done (2676ms) 
 block [93/1560] : done (2912ms) 
 block [94/1560] : done (2721ms) 
 block [95/1560] : done (2636ms) 
 block [96/1560] : done (2678ms) 
 block [97/1560] : done (2917ms) 
 block [98/1560] : done (2905ms) 
 block [99/1560] : done (2697ms) 
 block [100/1560] : done (2647ms) 
 block [101/1560] : done (2737ms) 
 block [102/1560] : done (2658ms) 
 block [103/1560] : done (2556ms) 
 block [104/1560] : done (2626ms) 
 block [105/1560] : done (2666ms) 
 block [106/1560] : done (2597ms) 
 block [107/1560] : done (2594ms) 
 block [108/1560] : done (2528ms) 
 block [109/1560] : done (2604ms) 
 block [110/1560] : done (2625ms) 
 block [111/1560] : done (2521ms) 
 block [112/1560] : done (2491ms) 
 block [113/1560] : done (2727ms) 
 block [114/1560] : done (2552ms) 
 block [115/1560] : done (2554ms) 
 block [116/1560] : done (2584ms) 
 block [117/1560] : done (2608ms) 
 block [118/1560] : done (2526ms) 
 block [119/1560] : done (2584ms) 
 block [120/1560] : done (2524ms) 
 block [121/1560] : done (2570ms) 
 block [122/1560] : done (2660ms) 
 block [123/1560] : done (2691ms) 
 block [124/1560] : done (2805ms) 
 block [125/1560] : done (2628ms) 
 block [126/1560] : done (2662ms) 
 block [127/1560] : done (2675ms) 
 block [128/1560] : done (2703ms) 
 block [129/1560] : done (2675ms) 
 block [130/1560] : done (2664ms) 
 block [131/1560] : done (2618ms) 
 block [132/1560] : done (2716ms) 
 block [133/1560] : done (2721ms) 
 block [134/1560] : done (2619ms) 
 block [135/1560] : done (2738ms) 
 block [136/1560] : done (2763ms) 
 block [137/1560] : done (2803ms) 
 block [138/1560] : done (2916ms) 
 block [139/1560] : done (2830ms) 
 block [140/1560] : done (2625ms) 
 block [141/1560] : done (2636ms) 
 block [142/1560] : done (2550ms) 
 block [143/1560] : done (2656ms) 
 block [144/1560] : done (2550ms) 
 block [145/1560] : done (2772ms) 
 block [146/1560] : done (2662ms) 
 block [147/1560] : done (2649ms) 
 block [148/1560] : done (2664ms) 
 block [149/1560] : done (2600ms) 
 block [150/1560] : done (2562ms) 
 block [151/1560] : done (2569ms) 
 block [152/1560] : done (2560ms) 
 block [153/1560] : done (2832ms) 
 block [154/1560] : done (2637ms) 
 block [155/1560] : done (2555ms) 
 block [156/1560] : done (2561ms) 
 block [157/1560] : done (2557ms) 
 block [158/1560] : done (2788ms) 
 block [159/1560] : done (2534ms) 
 block [160/1560] : done (2739ms) 
 block [161/1560] : done (2583ms) 
 block [162/1560] : done (2597ms) 
 block [163/1560] : done (2788ms) 
 block [164/1560] : done (2532ms) 
 block [165/1560] : done (2570ms) 
 block [166/1560] : done (2509ms) 
 block [167/1560] : done (2531ms) 
 block [168/1560] : done (2554ms) 
 block [169/1560] : done (2565ms) 
 block [170/1560] : done (2719ms) 
 block [171/1560] : done (2873ms) 
 block [172/1560] : done (2563ms) 
 block [173/1560] : done (2446ms) 
 block [174/1560] : done (2330ms) 
 block [175/1560] : done (2218ms) 
 block [176/1560] : done (2192ms) 
 block [177/1560] : done (2643ms) 
 block [178/1560] : done (2730ms) 
 block [179/1560] : done (2787ms) 
 block [180/1560] : done (2563ms) 
 block [181/1560] : done (2534ms) 
 block [182/1560] : done (2486ms) 
 block [183/1560] : done (2431ms) 
 block [184/1560] : done (2209ms) 
 block [185/1560] : done (2227ms) 
 block [186/1560] : done (2487ms) 
 block [187/1560] : done (2565ms) 
 block [188/1560] : done (2551ms) 
 block [189/1560] : done (2627ms) 
 block [190/1560] : done (2567ms) 
 block [191/1560] : done (2602ms) 
 block [192/1560] : done (2785ms) 
 block [193/1560] : done (2603ms) 
 block [194/1560] : done (2589ms) 
 block [195/1560] : done (2680ms) 
 block [196/1560] : done (2745ms) 
 block [197/1560] : done (2509ms) 
 block [198/1560] : done (2535ms) 
 block [199/1560] : done (2579ms) 
 block [200/1560] : done (2689ms) 
 block [201/1560] : done (2637ms) 
 block [202/1560] : done (2645ms) 
 block [203/1560] : done (2590ms) 
 block [204/1560] : done (2582ms) 
 block [205/1560] : done (2569ms) 
 block [206/1560] : done (2765ms) 
 block [207/1560] : done (2540ms) 
 block [208/1560] : done (2573ms) 
 block [209/1560] : done (2549ms) 
 block [210/1560] : done (2585ms) 
 block [211/1560] : done (2584ms) 
 block [212/1560] : done (2571ms) 
 block [213/1560] : done (2541ms) 
 block [214/1560] : done (2647ms) 
 block [215/1560] : done (2575ms) 
 block [216/1560] : done (2622ms) 
 block [217/1560] : done (2544ms) 
 block [218/1560] : done (2540ms) 
 block [219/1560] : done (2546ms) 
 block [220/1560] : done (2629ms) 
 block [221/1560] : done (2541ms) 
 block [222/1560] : done (2523ms) 
 block [223/1560] : done (2879ms) 
 block [224/1560] : done (2658ms) 
 block [225/1560] : done (2602ms) 
 block [226/1560] : done (2575ms) 
 block [227/1560] : done (2600ms) 
 block [228/1560] : done (2570ms) 
 block [229/1560] : done (2564ms) 
 block [230/1560] : done (2608ms) 
 block [231/1560] : done (2606ms) 
 block [232/1560] : done (2718ms) 
 block [233/1560] : done (2905ms) 
 block [234/1560] : done (2846ms) 
 block [235/1560] : done (2858ms) 
 block [236/1560] : done (2840ms) 
 block [237/1560] : done (2653ms) 
 block [238/1560] : done (2461ms) 
 block [239/1560] : done (2611ms) 
 block [240/1560] : done (2765ms) 
 block [241/1560] : done (2749ms) 
 block [242/1560] : done (2773ms) 
 block [243/1560] : done (2703ms) 
 block [244/1560] : done (2801ms) 
 block [245/1560] : done (2736ms) 
 block [246/1560] : done (2696ms) 
 block [247/1560] : done (2917ms) 
 block [248/1560] : done (2801ms) 
 block [249/1560] : done (2801ms) 
 block [250/1560] : done (2848ms) 
 block [251/1560] : done (2915ms) 
 block [252/1560] : done (2790ms) 
 block [253/1560] : done (2750ms) 
 block [254/1560] : done (2843ms) 
 block [255/1560] : done (2720ms) 
 block [256/1560] : done (2847ms) 
 block [257/1560] : done (2779ms) 
 block [258/1560] : done (2730ms) 
 block [259/1560] : done (2813ms) 
 block [260/1560] : done (2959ms) 
 block [261/1560] : done (2825ms) 
 block [262/1560] : done (2828ms) 
 block [263/1560] : done (2730ms) 
 block [264/1560] : done (2735ms) 
 block [265/1560] : done (2818ms) 
 block [266/1560] : done (2764ms) 
 block [267/1560] : done (2737ms) 
 block [268/1560] : done (2755ms) 
 block [269/1560] : done (2725ms) 
 block [270/1560] : done (2675ms) 
 block [271/1560] : done (2618ms) 
 block [272/1560] : done (2600ms) 
 block [273/1560] : done (2606ms) 
 block [274/1560] : done (2688ms) 
 block [275/1560] : done (2851ms) 
 block [276/1560] : done (2775ms) 
 block [277/1560] : done (2764ms) 
 block [278/1560] : done (2807ms) 
 block [279/1560] : done (2763ms) 
 block [280/1560] : done (2869ms) 
 block [281/1560] : done (2689ms) 
 block [282/1560] : done (2654ms) 
 block [283/1560] : done (2657ms) 
 block [284/1560] : done (2588ms) 
 block [285/1560] : done (2762ms) 
 block [286/1560] : done (2686ms) 
 block [287/1560] : done (2713ms) 
 block [288/1560] : done (2749ms) 
 block [289/1560] : done (2676ms) 
 block [290/1560] : done (2738ms) 
 block [291/1560] : done (2675ms) 
 block [292/1560] : done (2789ms) 
 block [293/1560] : done (2654ms) 
 block [294/1560] : done (2784ms) 
 block [295/1560] : done (2705ms) 
 block [296/1560] : done (2752ms) 
 block [297/1560] : done (2703ms) 
 block [298/1560] : done (2690ms) 
 block [299/1560] : done (2741ms) 
 block [300/1560] : done (2758ms) 
 block [301/1560] : done (2655ms) 
 block [302/1560] : done (2720ms) 
 block [303/1560] : done (2545ms) 
 block [304/1560] : done (2577ms) 
 block [305/1560] : done (2755ms) 
 block [306/1560] : done (2609ms) 
 block [307/1560] : done (2709ms) 
 block [308/1560] : done (2784ms) 
 block [309/1560] : done (2686ms) 
 block [310/1560] : done (2671ms) 
 block [311/1560] : done (2721ms) 
 block [312/1560] : done (2723ms) 
 block [313/1560] : done (2837ms) 
 block [314/1560] : done (2666ms) 
 block [315/1560] : done (2748ms) 
 block [316/1560] : done (2675ms) 
 block [317/1560] : done (2749ms) 
 block [318/1560] : done (2695ms) 
 block [319/1560] : done (2662ms) 
 block [320/1560] : done (2611ms) 
 block [321/1560] : done (2638ms) 
 block [322/1560] : done (2603ms) 
 block [323/1560] : done (2539ms) 
 block [324/1560] : done (2561ms) 
 block [325/1560] : done (2498ms) 
 block [326/1560] : done (2728ms) 
 block [327/1560] : done (2483ms) 
 block [328/1560] : done (2609ms) 
 block [329/1560] : done (2638ms) 
 block [330/1560] : done (2546ms) 
 block [331/1560] : done (2559ms) 
 block [332/1560] : done (2608ms) 
 block [333/1560] : done (2545ms) 
 block [334/1560] : done (2576ms) 
 block [335/1560] : done (2538ms) 
 block [336/1560] : done (2444ms) 
 block [337/1560] : done (2185ms) 
 block [338/1560] : done (2659ms) 
 block [339/1560] : done (2556ms) 
 block [340/1560] : done (2551ms) 
 block [341/1560] : done (2607ms) 
 block [342/1560] : done (2595ms) 
 block [343/1560] : done (2723ms) 
 block [344/1560] : done (2512ms) 
 block [345/1560] : done (2570ms) 
 block [346/1560] : done (2506ms) 
 block [347/1560] : done (2730ms) 
 block [348/1560] : done (2602ms) 
 block [349/1560] : done (2572ms) 
 block [350/1560] : done (2543ms) 
 block [351/1560] : done (2570ms) 
 block [352/1560] : done (2628ms) 
 block [353/1560] : done (2633ms) 
 block [354/1560] : done (2607ms) 
 block [355/1560] : done (2598ms) 
 block [356/1560] : done (2887ms) 
 block [357/1560] : done (2818ms) 
 block [358/1560] : done (1980ms) 
 block [359/1560] : done (1938ms) 
 block [360/1560] : done (2227ms) 
 block [361/1560] : done (2240ms) 
 block [362/1560] : done (2252ms) 
 block [363/1560] : done (2703ms) 
 block [364/1560] : done (2652ms) 
 block [365/1560] : done (2627ms) 
 block [366/1560] : done (2660ms) 
 block [367/1560] : done (2645ms) 
 block [368/1560] : done (2686ms) 
 block [369/1560] : done (2578ms) 
 block [370/1560] : done (2633ms) 
 block [371/1560] : done (2554ms) 
 block [372/1560] : done (2578ms) 
 block [373/1560] : done (2567ms) 
 block [374/1560] : done (2644ms) 
 block [375/1560] : done (2567ms) 
 block [376/1560] : done (2823ms) 
 block [377/1560] : done (2657ms) 
 block [378/1560] : done (2858ms) 
 block [379/1560] : done (2917ms) 
 block [380/1560] : done (2636ms) 
 block [381/1560] : done (2641ms) 
 block [382/1560] : done (2665ms) 
 block [383/1560] : done (2745ms) 
 block [384/1560] : done (2584ms) 
 block [385/1560] : done (2656ms) 
 block [386/1560] : done (2722ms) 
 block [387/1560] : done (2704ms) 
 block [388/1560] : done (2755ms) 
 block [389/1560] : done (2702ms) 
 block [390/1560] : done (2661ms) 
 block [391/1560] : done (2564ms) 
 block [392/1560] : done (2790ms) 
 block [393/1560] : done (2657ms) 
 block [394/1560] : done (2766ms) 
 block [395/1560] : done (2637ms) 
 block [396/1560] : done (2689ms) 
 block [397/1560] : done (2696ms) 
 block [398/1560] : done (2679ms) 
 block [399/1560] : done (2448ms) 
 block [400/1560] : done (2661ms) 
 block [401/1560] : done (2726ms) 
 block [402/1560] : done (2622ms) 
 block [403/1560] : done (2659ms) 
 block [404/1560] : done (2634ms) 
 block [405/1560] : done (2599ms) 
 block [406/1560] : done (2593ms) 
 block [407/1560] : done (2672ms) 
 block [408/1560] : done (2731ms) 
 block [409/1560] : done (2631ms) 
 block [410/1560] : done (2763ms) 
 block [411/1560] : done (2701ms) 
 block [412/1560] : done (2540ms) 
 block [413/1560] : done (2586ms) 
 block [414/1560] : done (2699ms) 
 block [415/1560] : done (2693ms) 
 block [416/1560] : done (2776ms) 
 block [417/1560] : done (2722ms) 
 block [418/1560] : done (2763ms) 
 block [419/1560] : done (2854ms) 
 block [420/1560] : done (2790ms) 
 block [421/1560] : done (2745ms) 
 block [422/1560] : done (2959ms) 
 block [423/1560] : done (2759ms) 
 block [424/1560] : done (2730ms) 
 block [425/1560] : done (2705ms) 
 block [426/1560] : done (2556ms) 
 block [427/1560] : done (2551ms) 
 block [428/1560] : done (2589ms) 
 block [429/1560] : done (2561ms) 
 block [430/1560] : done (2636ms) 
 block [431/1560] : done (2584ms) 
 block [432/1560] : done (2583ms) 
 block [433/1560] : done (2591ms) 
 block [434/1560] : done (2652ms) 
 block [435/1560] : done (2616ms) 
 block [436/1560] : done (2653ms) 
 block [437/1560] : done (2591ms) 
 block [438/1560] : done (2662ms) 
 block [439/1560] : done (2892ms) 
 block [440/1560] : done (2681ms) 
 block [441/1560] : done (2517ms) 
 block [442/1560] : done (2195ms) 
 block [443/1560] : done (2197ms) 
 block [444/1560] : done (2230ms) 
 block [445/1560] : done (2252ms) 
 block [446/1560] : done (2163ms) 
 block [447/1560] : done (2208ms) 
 block [448/1560] : done (2192ms) 
 block [449/1560] : done (2490ms) 
 block [450/1560] : done (2700ms) 
 block [451/1560] : done (2678ms) 
 block [452/1560] : done (2650ms) 
 block [453/1560] : done (2654ms) 
 block [454/1560] : done (2650ms) 
 block [455/1560] : done (2601ms) 
 block [456/1560] : done (2548ms) 
 block [457/1560] : done (2649ms) 
 block [458/1560] : done (2565ms) 
 block [459/1560] : done (2628ms) 
 block [460/1560] : done (2663ms) 
 block [461/1560] : done (2632ms) 
 block [462/1560] : done (2647ms) 
 block [463/1560] : done (2455ms) 
 block [464/1560] : done (2631ms) 
 block [465/1560] : done (2587ms) 
 block [466/1560] : done (2607ms) 
 block [467/1560] : done (2585ms) 
 block [468/1560] : done (2539ms) 
 block [469/1560] : done (2645ms) 
 block [470/1560] : done (2626ms) 
 block [471/1560] : done (2635ms) 
 block [472/1560] : done (2664ms) 
 block [473/1560] : done (2601ms) 
 block [474/1560] : done (2630ms) 
 block [475/1560] : done (2585ms) 
 block [476/1560] : done (2564ms) 
 block [477/1560] : done (2586ms) 
 block [478/1560] : done (2596ms) 
 block [479/1560] : done (2711ms) 
 block [480/1560] : done (2702ms) 
 block [481/1560] : done (2685ms) 
 block [482/1560] : done (2710ms) 
 block [483/1560] : done (2728ms) 
 block [484/1560] : done (2702ms) 
 block [485/1560] : done (2906ms) 
 block [486/1560] : done (2748ms) 
 block [487/1560] : done (2801ms) 
 block [488/1560] : done (2767ms) 
 block [489/1560] : done (2732ms) 
 block [490/1560] : done (2694ms) 
 block [491/1560] : done (2617ms) 
 block [492/1560] : done (2941ms) 
 block [493/1560] : done (2802ms) 
 block [494/1560] : done (2842ms) 
 block [495/1560] : done (3048ms) 
 block [496/1560] : done (2749ms) 
 block [497/1560] : done (2750ms) 
 block [498/1560] : done (2708ms) 
 block [499/1560] : done (2757ms) 
 block [500/1560] : done (2797ms) 
 block [501/1560] : done (2816ms) 
 block [502/1560] : done (2755ms) 
 block [503/1560] : done (2804ms) 
 block [504/1560] : done (2818ms) 
 block [505/1560] : done (2746ms) 
 block [506/1560] : done (2732ms) 
 block [507/1560] : done (2718ms) 
 block [508/1560] : done (2744ms) 
 block [509/1560] : done (2666ms) 
 block [510/1560] : done (2722ms) 
 block [511/1560] : done (2875ms) 
 block [512/1560] : done (2760ms) 
 block [513/1560] : done (2722ms) 
 block [514/1560] : done (2862ms) 
 block [515/1560] : done (2774ms) 
 block [516/1560] : done (2827ms) 
 block [517/1560] : done (2764ms) 
 block [518/1560] : done (2481ms) 
 block [519/1560] : done (2350ms) 
 block [520/1560] : done (2309ms) 
 block [521/1560] : done (2400ms) 
 block [522/1560] : done (2411ms) 
 block [523/1560] : done (2490ms) 
 block [524/1560] : done (2550ms) 
 block [525/1560] : done (2815ms) 
 block [526/1560] : done (2805ms) 
 block [527/1560] : done (2815ms) 
 block [528/1560] : done (2714ms) 
 block [529/1560] : done (2658ms) 
 block [530/1560] : done (2589ms) 
 block [531/1560] : done (2644ms) 
 block [532/1560] : done (2809ms) 
 block [533/1560] : done (2827ms) 
 block [534/1560] : done (2927ms) 
 block [535/1560] : done (2749ms) 
 block [536/1560] : done (2706ms) 
 block [537/1560] : done (3149ms) 
 block [538/1560] : done (2526ms) 
 block [539/1560] : done (2515ms) 
 block [540/1560] : done (2573ms) 
 block [541/1560] : done (2576ms) 
 block [542/1560] : done (2501ms) 
 block [543/1560] : done (2528ms) 
 block [544/1560] : done (2630ms) 
 block [545/1560] : done (2780ms) 
 block [546/1560] : done (2774ms) 
 block [547/1560] : done (2811ms) 
 block [548/1560] : done (2747ms) 
 block [549/1560] : done (2653ms) 
 block [550/1560] : done (2915ms) 
 block [551/1560] : done (2844ms) 
 block [552/1560] : done (2753ms) 
 block [553/1560] : done (2689ms) 
 block [554/1560] : done (2719ms) 
 block [555/1560] : done (2280ms) 
 block [556/1560] : done (2427ms) 
 block [557/1560] : done (2303ms) 
 block [558/1560] : done (2255ms) 
 block [559/1560] : done (2312ms) 
 block [560/1560] : done (2319ms) 
 block [561/1560] : done (2354ms) 
 block [562/1560] : done (2535ms) 
 block [563/1560] : done (2843ms) 
 block [564/1560] : done (2848ms) 
 block [565/1560] : done (2741ms) 
 block [566/1560] : done (2670ms) 
 block [567/1560] : done (2509ms) 
 block [568/1560] : done (2688ms) 
 block [569/1560] : done (2940ms) 
 block [570/1560] : done (2562ms) 
 block [571/1560] : done (2341ms) 
 block [572/1560] : done (2223ms) 
 block [573/1560] : done (2203ms) 
 block [574/1560] : done (2225ms) 
 block [575/1560] : done (2425ms) 
 block [576/1560] : done (2632ms) 
 block [577/1560] : done (2698ms) 
 block [578/1560] : done (2811ms) 
 block [579/1560] : done (2674ms) 
 block [580/1560] : done (2734ms) 
 block [581/1560] : done (2844ms) 
 block [582/1560] : done (3027ms) 
 block [583/1560] : done (3034ms) 
 block [584/1560] : done (2660ms) 
 block [585/1560] : done (2795ms) 
 block [586/1560] : done (2739ms) 
 block [587/1560] : done (2755ms) 
 block [588/1560] : done (2651ms) 
 block [589/1560] : done (2791ms) 
 block [590/1560] : done (2719ms) 
 block [591/1560] : done (2752ms) 
 block [592/1560] : done (2724ms) 
 block [593/1560] : done (2761ms) 
 block [594/1560] : done (2716ms) 
 block [595/1560] : done (2853ms) 
 block [596/1560] : done (2581ms) 
 block [597/1560] : done (2607ms) 
 block [598/1560] : done (2626ms) 
 block [599/1560] : done (2648ms) 
 block [600/1560] : done (2730ms) 
 block [601/1560] : done (2753ms) 
 block [602/1560] : done (2653ms) 
 block [603/1560] : done (2683ms) 
 block [604/1560] : done (2626ms) 
 block [605/1560] : done (2699ms) 
 block [606/1560] : done (2658ms) 
 block [607/1560] : done (2606ms) 
 block [608/1560] : done (2613ms) 
 block [609/1560] : done (2775ms) 
 block [610/1560] : done (2664ms) 
 block [611/1560] : done (2587ms) 
 block [612/1560] : done (2646ms) 
 block [613/1560] : done (2690ms) 
 block [614/1560] : done (2656ms) 
 block [615/1560] : done (2698ms) 
 block [616/1560] : done (2612ms) 
 block [617/1560] : done (2591ms) 
 block [618/1560] : done (2888ms) 
 block [619/1560] : done (2617ms) 
 block [620/1560] : done (2721ms) 
 block [621/1560] : done (2631ms) 
 block [622/1560] : done (2591ms) 
 block [623/1560] : done (2529ms) 
 block [624/1560] : done (2655ms) 
 block [625/1560] : done (2720ms) 
 block [626/1560] : done (2880ms) 
 block [627/1560] : done (2762ms) 
 block [628/1560] : done (2723ms) 
 block [629/1560] : done (2561ms) 
 block [630/1560] : done (2629ms) 
 block [631/1560] : done (2661ms) 
 block [632/1560] : done (2893ms) 
 block [633/1560] : done (2657ms) 
 block [634/1560] : done (2781ms) 
 block [635/1560] : done (2813ms) 
 block [636/1560] : done (2703ms) 
 block [637/1560] : done (2698ms) 
 block [638/1560] : done (2729ms) 
 block [639/1560] : done (2877ms) 
 block [640/1560] : done (2586ms) 
 block [641/1560] : done (2627ms) 
 block [642/1560] : done (2751ms) 
 block [643/1560] : done (2811ms) 
 block [644/1560] : done (2705ms) 
 block [645/1560] : done (2866ms) 
 block [646/1560] : done (2634ms) 
 block [647/1560] : done (2693ms) 
 block [648/1560] : done (2692ms) 
 block [649/1560] : done (2768ms) 
 block [650/1560] : done (2744ms) 
 block [651/1560] : done (2760ms) 
 block [652/1560] : done (2901ms) 
 block [653/1560] : done (2752ms) 
 block [654/1560] : done (2696ms) 
 block [655/1560] : done (2902ms) 
 block [656/1560] : done (2813ms) 
 block [657/1560] : done (2731ms) 
 block [658/1560] : done (2794ms) 
 block [659/1560] : done (2748ms) 
 block [660/1560] : done (2849ms) 
 block [661/1560] : done (2749ms) 
 block [662/1560] : done (2668ms) 
 block [663/1560] : done (2628ms) 
 block [664/1560] : done (2751ms) 
 block [665/1560] : done (2749ms) 
 block [666/1560] : done (2732ms) 
 block [667/1560] : done (2674ms) 
 block [668/1560] : done (2723ms) 
 block [669/1560] : done (2624ms) 
 block [670/1560] : done (2667ms) 
 block [671/1560] : done (2644ms) 
 block [672/1560] : done (2763ms) 
 block [673/1560] : done (2540ms) 
 block [674/1560] : done (2606ms) 
 block [675/1560] : done (2635ms) 
 block [676/1560] : done (2744ms) 
 block [677/1560] : done (2666ms) 
 block [678/1560] : done (2706ms) 
 block [679/1560] : done (2710ms) 
 block [680/1560] : done (2535ms) 
 block [681/1560] : done (2566ms) 
 block [682/1560] : done (2503ms) 
 block [683/1560] : done (2529ms) 
 block [684/1560] : done (2591ms) 
 block [685/1560] : done (2545ms) 
 block [686/1560] : done (2742ms) 
 block [687/1560] : done (2643ms) 
 block [688/1560] : done (2601ms) 
 block [689/1560] : done (2598ms) 
 block [690/1560] : done (2679ms) 
 block [691/1560] : done (2770ms) 
 block [692/1560] : done (2733ms) 
 block [693/1560] : done (2750ms) 
 block [694/1560] : done (2741ms) 
 block [695/1560] : done (2789ms) 
 block [696/1560] : done (2818ms) 
 block [697/1560] : done (2669ms) 
 block [698/1560] : done (2757ms) 
 block [699/1560] : done (2777ms) 
 block [700/1560] : done (2614ms) 
 block [701/1560] : done (2786ms) 
 block [702/1560] : done (2517ms) 
 block [703/1560] : done (2657ms) 
 block [704/1560] : done (2533ms) 
 block [705/1560] : done (2483ms) 
 block [706/1560] : done (2589ms) 
 block [707/1560] : done (2537ms) 
 block [708/1560] : done (2707ms) 
 block [709/1560] : done (2687ms) 
 block [710/1560] : done (2245ms) 
 block [711/1560] : done (2288ms) 
 block [712/1560] : done (2285ms) 
 block [713/1560] : done (2243ms) 
 block [714/1560] : done (2309ms) 
 block [715/1560] : done (2264ms) 
 block [716/1560] : done (2314ms) 
 block [717/1560] : done (2379ms) 
 block [718/1560] : done (2367ms) 
 block [719/1560] : done (2279ms) 
 block [720/1560] : done (2538ms) 
 block [721/1560] : done (2725ms) 
 block [722/1560] : done (2860ms) 
 block [723/1560] : done (2614ms) 
 block [724/1560] : done (2571ms) 
 block [725/1560] : done (2682ms) 
 block [726/1560] : done (2694ms) 
 block [727/1560] : done (2557ms) 
 block [728/1560] : done (2664ms) 
 block [729/1560] : done (2730ms) 
 block [730/1560] : done (2962ms) 
 block [731/1560] : done (2772ms) 
 block [732/1560] : done (2699ms) 
 block [733/1560] : done (2902ms) 
 block [734/1560] : done (2695ms) 
 block [735/1560] : done (2733ms) 
 block [736/1560] : done (2755ms) 
 block [737/1560] : done (2847ms) 
 block [738/1560] : done (2859ms) 
 block [739/1560] : done (2712ms) 
 block [740/1560] : done (2689ms) 
 block [741/1560] : done (2749ms) 
 block [742/1560] : done (2566ms) 
 block [743/1560] : done (2521ms) 
 block [744/1560] : done (2552ms) 
 block [745/1560] : done (2598ms) 
 block [746/1560] : done (2629ms) 
 block [747/1560] : done (2644ms) 
 block [748/1560] : done (2663ms) 
 block [749/1560] : done (2708ms) 
 block [750/1560] : done (2664ms) 
 block [751/1560] : done (2682ms) 
 block [752/1560] : done (2677ms) 
 block [753/1560] : done (2793ms) 
 block [754/1560] : done (2720ms) 
 block [755/1560] : done (2657ms) 
 block [756/1560] : done (2604ms) 
 block [757/1560] : done (2585ms) 
 block [758/1560] : done (2636ms) 
 block [759/1560] : done (2678ms) 
 block [760/1560] : done (2763ms) 
 block [761/1560] : done (2758ms) 
 block [762/1560] : done (2703ms) 
 block [763/1560] : done (2767ms) 
 block [764/1560] : done (2825ms) 
 block [765/1560] : done (2795ms) 
 block [766/1560] : done (2740ms) 
 block [767/1560] : done (2803ms) 
 block [768/1560] : done (2675ms) 
 block [769/1560] : done (2802ms) 
 block [770/1560] : done (2639ms) 
 block [771/1560] : done (2542ms) 
 block [772/1560] : done (2577ms) 
 block [773/1560] : done (2616ms) 
 block [774/1560] : done (2866ms) 
 block [775/1560] : done (2923ms) 
 block [776/1560] : done (2739ms) 
 block [777/1560] : done (2609ms) 
 block [778/1560] : done (2824ms) 
 block [779/1560] : done (2610ms) 
 block [780/1560] : done (2631ms) 
 block [781/1560] : done (2769ms) 
 block [782/1560] : done (2764ms) 
 block [783/1560] : done (2710ms) 
 block [784/1560] : done (2769ms) 
 block [785/1560] : done (2813ms) 
 block [786/1560] : done (3099ms) 
 block [787/1560] : done (2744ms) 
 block [788/1560] : done (2735ms) 
 block [789/1560] : done (2796ms) 
 block [790/1560] : done (2955ms) 
 block [791/1560] : done (2748ms) 
 block [792/1560] : done (2719ms) 
 block [793/1560] : done (2904ms) 
 block [794/1560] : done (2205ms) 
 block [795/1560] : done (2293ms) 
 block [796/1560] : done (2312ms) 
 block [797/1560] : done (2306ms) 
 block [798/1560] : done (2932ms) 
 block [799/1560] : done (3019ms) 
 block [800/1560] : done (2858ms) 
 block [801/1560] : done (2676ms) 
 block [802/1560] : done (2836ms) 
 block [803/1560] : done (2828ms) 
 block [804/1560] : done (2568ms) 
 block [805/1560] : done (2608ms) 
 block [806/1560] : done (2697ms) 
 block [807/1560] : done (2610ms) 
 block [808/1560] : done (2639ms) 
 block [809/1560] : done (2646ms) 
 block [810/1560] : done (2615ms) 
 block [811/1560] : done (2723ms) 
 block [812/1560] : done (2730ms) 
 block [813/1560] : done (2470ms) 
 block [814/1560] : done (2479ms) 
 block [815/1560] : done (2572ms) 
 block [816/1560] : done (2567ms) 
 block [817/1560] : done (2529ms) 
 block [818/1560] : done (2519ms) 
 block [819/1560] : done (2536ms) 
 block [820/1560] : done (2626ms) 
 block [821/1560] : done (2709ms) 
 block [822/1560] : done (2757ms) 
 block [823/1560] : done (2755ms) 
 block [824/1560] : done (2803ms) 
 block [825/1560] : done (2835ms) 
 block [826/1560] : done (2750ms) 
 block [827/1560] : done (2735ms) 
 block [828/1560] : done (2956ms) 
 block [829/1560] : done (2801ms) 
 block [830/1560] : done (2787ms) 
 block [831/1560] : done (2750ms) 
 block [832/1560] : done (2754ms) 
 block [833/1560] : done (2764ms) 
 block [834/1560] : done (2944ms) 
 block [835/1560] : done (2646ms) 
 block [836/1560] : done (2550ms) 
 block [837/1560] : done (2613ms) 
 block [838/1560] : done (2798ms) 
 block [839/1560] : done (2629ms) 
 block [840/1560] : done (2668ms) 
 block [841/1560] : done (2621ms) 
 block [842/1560] : done (2338ms) 
 block [843/1560] : done (2317ms) 
 block [844/1560] : done (2362ms) 
 block [845/1560] : done (2356ms) 
 block [846/1560] : done (2309ms) 
 block [847/1560] : done (2326ms) 
 block [848/1560] : done (2687ms) 
 block [849/1560] : done (2772ms) 
 block [850/1560] : done (2735ms) 
 block [851/1560] : done (2809ms) 
 block [852/1560] : done (2785ms) 
 block [853/1560] : done (2774ms) 
 block [854/1560] : done (2727ms) 
 block [855/1560] : done (2661ms) 
 block [856/1560] : done (2407ms) 
 block [857/1560] : done (2307ms) 
 block [858/1560] : done (2425ms) 
 block [859/1560] : done (2454ms) 
 block [860/1560] : done (2263ms) 
 block [861/1560] : done (2100ms) 
 block [862/1560] : done (2087ms) 
 block [863/1560] : done (2063ms) 
 block [864/1560] : done (2445ms) 
 block [865/1560] : done (2739ms) 
 block [866/1560] : done (2984ms) 
 block [867/1560] : done (2820ms) 
 block [868/1560] : done (2721ms) 
 block [869/1560] : done (2690ms) 
 block [870/1560] : done (2792ms) 
 block [871/1560] : done (2845ms) 
 block [872/1560] : done (2819ms) 
 block [873/1560] : done (2706ms) 
 block [874/1560] : done (2869ms) 
 block [875/1560] : done (2782ms) 
 block [876/1560] : done (2904ms) 
 block [877/1560] : done (2952ms) 
 block [878/1560] : done (2960ms) 
 block [879/1560] : done (2756ms) 
 block [880/1560] : done (2842ms) 
 block [881/1560] : done (2726ms) 
 block [882/1560] : done (2643ms) 
 block [883/1560] : done (2841ms) 
 block [884/1560] : done (2769ms) 
 block [885/1560] : done (2722ms) 
 block [886/1560] : done (2725ms) 
 block [887/1560] : done (2692ms) 
 block [888/1560] : done (2681ms) 
 block [889/1560] : done (2796ms) 
 block [890/1560] : done (2798ms) 
 block [891/1560] : done (2609ms) 
 block [892/1560] : done (2570ms) 
 block [893/1560] : done (2587ms) 
 block [894/1560] : done (2588ms) 
 block [895/1560] : done (2578ms) 
 block [896/1560] : done (2559ms) 
 block [897/1560] : done (2608ms) 
 block [898/1560] : done (2658ms) 
 block [899/1560] : done (2674ms) 
 block [900/1560] : done (2720ms) 
 block [901/1560] : done (2778ms) 
 block [902/1560] : done (2642ms) 
 block [903/1560] : done (2716ms) 
 block [904/1560] : done (2672ms) 
 block [905/1560] : done (2683ms) 
 block [906/1560] : done (2644ms) 
 block [907/1560] : done (2661ms) 
 block [908/1560] : done (2632ms) 
 block [909/1560] : done (2613ms) 
 block [910/1560] : done (2515ms) 
 block [911/1560] : done (2507ms) 
 block [912/1560] : done (2599ms) 
 block [913/1560] : done (2749ms) 
 block [914/1560] : done (2733ms) 
 block [915/1560] : done (2713ms) 
 block [916/1560] : done (2616ms) 
 block [917/1560] : done (2624ms) 
 block [918/1560] : done (2795ms) 
 block [919/1560] : done (2663ms) 
 block [920/1560] : done (2822ms) 
 block [921/1560] : done (2658ms) 
 block [922/1560] : done (2670ms) 
 block [923/1560] : done (2789ms) 
 block [924/1560] : done (2587ms) 
 block [925/1560] : done (2650ms) 
 block [926/1560] : done (2612ms) 
 block [927/1560] : done (2694ms) 
 block [928/1560] : done (2711ms) 
 block [929/1560] : done (2728ms) 
 block [930/1560] : done (2747ms) 
 block [931/1560] : done (2812ms) 
 block [932/1560] : done (2885ms) 
 block [933/1560] : done (2829ms) 
 block [934/1560] : done (3021ms) 
 block [935/1560] : done (2695ms) 
 block [936/1560] : done (2747ms) 
 block [937/1560] : done (2603ms) 
 block [938/1560] : done (2695ms) 
 block [939/1560] : done (2704ms) 
 block [940/1560] : done (2724ms) 
 block [941/1560] : done (2767ms) 
 block [942/1560] : done (2642ms) 
 block [943/1560] : done (2586ms) 
 block [944/1560] : done (2611ms) 
 block [945/1560] : done (2666ms) 
 block [946/1560] : done (2843ms) 
 block [947/1560] : done (2621ms) 
 block [948/1560] : done (2637ms) 
 block [949/1560] : done (2681ms) 
 block [950/1560] : done (2803ms) 
 block [951/1560] : done (2954ms) 
 block [952/1560] : done (2820ms) 
 block [953/1560] : done (2767ms) 
 block [954/1560] : done (2734ms) 
 block [955/1560] : done (2706ms) 
 block [956/1560] : done (2585ms) 
 block [957/1560] : done (2517ms) 
 block [958/1560] : done (2619ms) 
 block [959/1560] : done (2669ms) 
 block [960/1560] : done (2759ms) 
 block [961/1560] : done (2657ms) 
 block [962/1560] : done (2606ms) 
 block [963/1560] : done (2806ms) 
 block [964/1560] : done (2715ms) 
 block [965/1560] : done (2689ms) 
 block [966/1560] : done (2784ms) 
 block [967/1560] : done (2895ms) 
 block [968/1560] : done (2738ms) 
 block [969/1560] : done (2706ms) 
 block [970/1560] : done (2735ms) 
 block [971/1560] : done (2636ms) 
 block [972/1560] : done (2654ms) 
 block [973/1560] : done (2534ms) 
 block [974/1560] : done (2541ms) 
 block [975/1560] : done (2553ms) 
 block [976/1560] : done (2664ms) 
 block [977/1560] : done (2492ms) 
 block [978/1560] : done (2136ms) 
 block [979/1560] : done (2582ms) 
 block [980/1560] : done (2769ms) 
 block [981/1560] : done (2543ms) 
 block [982/1560] : done (2309ms) 
 block [983/1560] : done (2630ms) 
 block [984/1560] : done (2567ms) 
 block [985/1560] : done (2709ms) 
 block [986/1560] : done (2745ms) 
 block [987/1560] : done (2757ms) 
 block [988/1560] : done (2650ms) 
 block [989/1560] : done (2753ms) 
 block [990/1560] : done (2884ms) 
 block [991/1560] : done (2827ms) 
 block [992/1560] : done (2901ms) 
 block [993/1560] : done (2796ms) 
 block [994/1560] : done (2861ms) 
 block [995/1560] : done (3087ms) 
 block [996/1560] : done (2896ms) 
 block [997/1560] : done (2890ms) 
 block [998/1560] : done (2847ms) 
 block [999/1560] : done (2757ms) 
 block [1000/1560] : done (2770ms) 
 block [1001/1560] : done (2767ms) 
 block [1002/1560] : done (2747ms) 
 block [1003/1560] : done (2650ms) 
 block [1004/1560] : done (2700ms) 
 block [1005/1560] : done (2715ms) 
 block [1006/1560] : done (2640ms) 
 block [1007/1560] : done (2514ms) 
 block [1008/1560] : done (2527ms) 
 block [1009/1560] : done (2618ms) 
 block [1010/1560] : done (2531ms) 
 block [1011/1560] : done (2524ms) 
 block [1012/1560] : done (2555ms) 
 block [1013/1560] : done (2519ms) 
 block [1014/1560] : done (2507ms) 
 block [1015/1560] : done (2554ms) 
 block [1016/1560] : done (2537ms) 
 block [1017/1560] : done (2546ms) 
 block [1018/1560] : done (2768ms) 
 block [1019/1560] : done (2553ms) 
 block [1020/1560] : done (2615ms) 
 block [1021/1560] : done (2510ms) 
 block [1022/1560] : done (2505ms) 
 block [1023/1560] : done (2552ms) 
 block [1024/1560] : done (2498ms) 
 block [1025/1560] : done (2347ms) 
 block [1026/1560] : done (2624ms) 
 block [1027/1560] : done (2509ms) 
 block [1028/1560] : done (2612ms) 
 block [1029/1560] : done (2674ms) 
 block [1030/1560] : done (2546ms) 
 block [1031/1560] : done (2596ms) 
 block [1032/1560] : done (2618ms) 
 block [1033/1560] : done (2708ms) 
 block [1034/1560] : done (2680ms) 
 block [1035/1560] : done (2655ms) 
 block [1036/1560] : done (2664ms) 
 block [1037/1560] : done (2737ms) 
 block [1038/1560] : done (2636ms) 
 block [1039/1560] : done (2728ms) 
 block [1040/1560] : done (2637ms) 
 block [1041/1560] : done (2714ms) 
 block [1042/1560] : done (2702ms) 
 block [1043/1560] : done (2728ms) 
 block [1044/1560] : done (2670ms) 
 block [1045/1560] : done (2841ms) 
 block [1046/1560] : done (2525ms) 
 block [1047/1560] : done (2327ms) 
 block [1048/1560] : done (2430ms) 
 block [1049/1560] : done (2427ms) 
 block [1050/1560] : done (2382ms) 
 block [1051/1560] : done (2499ms) 
 block [1052/1560] : done (2979ms) 
 block [1053/1560] : done (2860ms) 
 block [1054/1560] : done (2681ms) 
 block [1055/1560] : done (2693ms) 
 block [1056/1560] : done (2893ms) 
 block [1057/1560] : done (2866ms) 
 block [1058/1560] : done (2728ms) 
 block [1059/1560] : done (2723ms) 
 block [1060/1560] : done (2611ms) 
 block [1061/1560] : done (2623ms) 
 block [1062/1560] : done (2552ms) 
 block [1063/1560] : done (2509ms) 
 block [1064/1560] : done (2513ms) 
 block [1065/1560] : done (2594ms) 
 block [1066/1560] : done (2532ms) 
 block [1067/1560] : done (2724ms) 
 block [1068/1560] : done (2231ms) 
 block [1069/1560] : done (2223ms) 
 block [1070/1560] : done (2238ms) 
 block [1071/1560] : done (2153ms) 
 block [1072/1560] : done (2137ms) 
 block [1073/1560] : done (2102ms) 
 block [1074/1560] : done (2133ms) 
 block [1075/1560] : done (2219ms) 
 block [1076/1560] : done (2202ms) 
 block [1077/1560] : done (2249ms) 
 block [1078/1560] : done (2377ms) 
 block [1079/1560] : done (2434ms) 
 block [1080/1560] : done (2341ms) 
 block [1081/1560] : done (2261ms) 
 block [1082/1560] : done (2314ms) 
 block [1083/1560] : done (2289ms) 
 block [1084/1560] : done (2264ms) 
 block [1085/1560] : done (2242ms) 
 block [1086/1560] : done (2407ms) 
 block [1087/1560] : done (2407ms) 
 block [1088/1560] : done (2233ms) 
 block [1089/1560] : done (2327ms) 
 block [1090/1560] : done (2417ms) 
 block [1091/1560] : done (2376ms) 
 block [1092/1560] : done (2421ms) 
 block [1093/1560] : done (2444ms) 
 block [1094/1560] : done (2483ms) 
 block [1095/1560] : done (2408ms) 
 block [1096/1560] : done (2556ms) 
 block [1097/1560] : done (2760ms) 
 block [1098/1560] : done (2792ms) 
 block [1099/1560] : done (2807ms) 
 block [1100/1560] : done (2745ms) 
 block [1101/1560] : done (2703ms) 
 block [1102/1560] : done (2751ms) 
 block [1103/1560] : done (2823ms) 
 block [1104/1560] : done (2770ms) 
 block [1105/1560] : done (2815ms) 
 block [1106/1560] : done (2780ms) 
 block [1107/1560] : done (2669ms) 
 block [1108/1560] : done (2588ms) 
 block [1109/1560] : done (2513ms) 
 block [1110/1560] : done (2543ms) 
 block [1111/1560] : done (2709ms) 
 block [1112/1560] : done (2600ms) 
 block [1113/1560] : done (2585ms) 
 block [1114/1560] : done (2568ms) 
 block [1115/1560] : done (2551ms) 
 block [1116/1560] : done (2678ms) 
 block [1117/1560] : done (2808ms) 
 block [1118/1560] : done (2721ms) 
 block [1119/1560] : done (2721ms) 
 block [1120/1560] : done (2748ms) 
 block [1121/1560] : done (2633ms) 
 block [1122/1560] : done (2755ms) 
 block [1123/1560] : done (2743ms) 
 block [1124/1560] : done (2934ms) 
 block [1125/1560] : done (2835ms) 
 block [1126/1560] : done (2715ms) 
 block [1127/1560] : done (2783ms) 
 block [1128/1560] : done (2773ms) 
 block [1129/1560] : done (2884ms) 
 block [1130/1560] : done (2382ms) 
 block [1131/1560] : done (2397ms) 
 block [1132/1560] : done (2240ms) 
 block [1133/1560] : done (2353ms) 
 block [1134/1560] : done (2762ms) 
 block [1135/1560] : done (2877ms) 
 block [1136/1560] : done (2598ms) 
 block [1137/1560] : done (2637ms) 
 block [1138/1560] : done (2662ms) 
 block [1139/1560] : done (2638ms) 
 block [1140/1560] : done (2712ms) 
 block [1141/1560] : done (2645ms) 
 block [1142/1560] : done (2571ms) 
 block [1143/1560] : done (2686ms) 
 block [1144/1560] : done (2553ms) 
 block [1145/1560] : done (2554ms) 
 block [1146/1560] : done (2507ms) 
 block [1147/1560] : done (2575ms) 
 block [1148/1560] : done (2621ms) 
 block [1149/1560] : done (2585ms) 
 block [1150/1560] : done (2599ms) 
 block [1151/1560] : done (2607ms) 
 block [1152/1560] : done (2672ms) 
 block [1153/1560] : done (2648ms) 
 block [1154/1560] : done (2749ms) 
 block [1155/1560] : done (2771ms) 
 block [1156/1560] : done (2796ms) 
 block [1157/1560] : done (2779ms) 
 block [1158/1560] : done (2836ms) 
 block [1159/1560] : done (2777ms) 
 block [1160/1560] : done (2763ms) 
 block [1161/1560] : done (2801ms) 
 block [1162/1560] : done (2851ms) 
 block [1163/1560] : done (2890ms) 
 block [1164/1560] : done (2923ms) 
 block [1165/1560] : done (2759ms) 
 block [1166/1560] : done (2716ms) 
 block [1167/1560] : done (2658ms) 
 block [1168/1560] : done (2684ms) 
 block [1169/1560] : done (2779ms) 
 block [1170/1560] : done (2778ms) 
 block [1171/1560] : done (2737ms) 
 block [1172/1560] : done (2760ms) 
 block [1173/1560] : done (2638ms) 
 block [1174/1560] : done (2448ms) 
 block [1175/1560] : done (2577ms) 
 block [1176/1560] : done (2505ms) 
 block [1177/1560] : done (2610ms) 
 block [1178/1560] : done (2756ms) 
 block [1179/1560] : done (2676ms) 
 block [1180/1560] : done (2555ms) 
 block [1181/1560] : done (2252ms) 
 block [1182/1560] : done (2253ms) 
 block [1183/1560] : done (2310ms) 
 block [1184/1560] : done (2685ms) 
 block [1185/1560] : done (2720ms) 
 block [1186/1560] : done (2813ms) 
 block [1187/1560] : done (2813ms) 
 block [1188/1560] : done (2793ms) 
 block [1189/1560] : done (2669ms) 
 block [1190/1560] : done (2782ms) 
 block [1191/1560] : done (2833ms) 
 block [1192/1560] : done (2883ms) 
 block [1193/1560] : done (2401ms) 
 block [1194/1560] : done (2709ms) 
 block [1195/1560] : done (2847ms) 
 block [1196/1560] : done (2864ms) 
 block [1197/1560] : done (3061ms) 
 block [1198/1560] : done (2904ms) 
 block [1199/1560] : done (2367ms) 
 block [1200/1560] : done (2131ms) 
 block [1201/1560] : done (2061ms) 
 block [1202/1560] : done (2146ms) 
 block [1203/1560] : done (1981ms) 
 block [1204/1560] : done (2065ms) 
 block [1205/1560] : done (2128ms) 
 block [1206/1560] : done (2191ms) 
 block [1207/1560] : done (2143ms) 
 block [1208/1560] : done (2170ms) 
 block [1209/1560] : done (2188ms) 
 block [1210/1560] : done (2126ms) 
 block [1211/1560] : done (1993ms) 
 block [1212/1560] : done (2068ms) 
 block [1213/1560] : done (2029ms) 
 block [1214/1560] : done (2072ms) 
 block [1215/1560] : done (2148ms) 
 block [1216/1560] : done (2083ms) 
 block [1217/1560] : done (2084ms) 
 block [1218/1560] : done (2420ms) 
 block [1219/1560] : done (2691ms) 
 block [1220/1560] : done (2948ms) 
 block [1221/1560] : done (2994ms) 
 block [1222/1560] : done (2807ms) 
 block [1223/1560] : done (2673ms) 
 block [1224/1560] : done (2689ms) 
 block [1225/1560] : done (2859ms) 
 block [1226/1560] : done (2790ms) 
 block [1227/1560] : done (2612ms) 
 block [1228/1560] : done (2610ms) 
 block [1229/1560] : done (2703ms) 
 block [1230/1560] : done (2717ms) 
 block [1231/1560] : done (2619ms) 
 block [1232/1560] : done (2664ms) 
 block [1233/1560] : done (2697ms) 
 block [1234/1560] : done (2667ms) 
 block [1235/1560] : done (2417ms) 
 block [1236/1560] : done (2363ms) 
 block [1237/1560] : done (2390ms) 
 block [1238/1560] : done (2332ms) 
 block [1239/1560] : done (2289ms) 
 block [1240/1560] : done (2433ms) 
 block [1241/1560] : done (2272ms) 
 block [1242/1560] : done (2259ms) 
 block [1243/1560] : done (2139ms) 
 block [1244/1560] : done (2243ms) 
 block [1245/1560] : done (2228ms) 
 block [1246/1560] : done (2294ms) 
 block [1247/1560] : done (2272ms) 
 block [1248/1560] : done (2502ms) 
 block [1249/1560] : done (2742ms) 
 block [1250/1560] : done (2772ms) 
 block [1251/1560] : done (2825ms) 
 block [1252/1560] : done (2710ms) 
 block [1253/1560] : done (2576ms) 
 block [1254/1560] : done (2612ms) 
 block [1255/1560] : done (2753ms) 
 block [1256/1560] : done (2798ms) 
 block [1257/1560] : done (2752ms) 
 block [1258/1560] : done (2715ms) 
 block [1259/1560] : done (2726ms) 
 block [1260/1560] : done (2930ms) 
 block [1261/1560] : done (2672ms) 
 block [1262/1560] : done (2639ms) 
 block [1263/1560] : done (2638ms) 
 block [1264/1560] : done (2775ms) 
 block [1265/1560] : done (2696ms) 
 block [1266/1560] : done (2726ms) 
 block [1267/1560] : done (2742ms) 
 block [1268/1560] : done (2776ms) 
 block [1269/1560] : done (2796ms) 
 block [1270/1560] : done (2714ms) 
 block [1271/1560] : done (2760ms) 
 block [1272/1560] : done (2921ms) 
 block [1273/1560] : done (3018ms) 
 block [1274/1560] : done (2702ms) 
 block [1275/1560] : done (2723ms) 
 block [1276/1560] : done (2697ms) 
 block [1277/1560] : done (2645ms) 
 block [1278/1560] : done (2656ms) 
 block [1279/1560] : done (2691ms) 
 block [1280/1560] : done (2885ms) 
 block [1281/1560] : done (2732ms) 
 block [1282/1560] : done (2740ms) 
 block [1283/1560] : done (2792ms) 
 block [1284/1560] : done (2803ms) 
 block [1285/1560] : done (2750ms) 
 block [1286/1560] : done (2799ms) 
 block [1287/1560] : done (2699ms) 
 block [1288/1560] : done (2711ms) 
 block [1289/1560] : done (2664ms) 
 block [1290/1560] : done (2662ms) 
 block [1291/1560] : done (2739ms) 
 block [1292/1560] : done (2687ms) 
 block [1293/1560] : done (2685ms) 
 block [1294/1560] : done (2738ms) 
 block [1295/1560] : done (2622ms) 
 block [1296/1560] : done (2622ms) 
 block [1297/1560] : done (2645ms) 
 block [1298/1560] : done (2660ms) 
 block [1299/1560] : done (2843ms) 
 block [1300/1560] : done (2667ms) 
 block [1301/1560] : done (2678ms) 
 block [1302/1560] : done (2621ms) 
 block [1303/1560] : done (2689ms) 
 block [1304/1560] : done (2345ms) 
 block [1305/1560] : done (2421ms) 
 block [1306/1560] : done (2457ms) 
 block [1307/1560] : done (2325ms) 
 block [1308/1560] : done (2562ms) 
 block [1309/1560] : done (2563ms) 
 block [1310/1560] : done (2494ms) 
 block [1311/1560] : done (2326ms) 
 block [1312/1560] : done (2330ms) 
 block [1313/1560] : done (2364ms) 
 block [1314/1560] : done (2343ms) 
 block [1315/1560] : done (2364ms) 
 block [1316/1560] : done (2289ms) 
 block [1317/1560] : done (2313ms) 
 block [1318/1560] : done (2501ms) 
 block [1319/1560] : done (2712ms) 
 block [1320/1560] : done (2700ms) 
 block [1321/1560] : done (2585ms) 
 block [1322/1560] : done (2626ms) 
 block [1323/1560] : done (2670ms) 
 block [1324/1560] : done (2681ms) 
 block [1325/1560] : done (2591ms) 
 block [1326/1560] : done (2567ms) 
 block [1327/1560] : done (2743ms) 
 block [1328/1560] : done (2667ms) 
 block [1329/1560] : done (2163ms) 
 block [1330/1560] : done (2151ms) 
 block [1331/1560] : done (2154ms) 
 block [1332/1560] : done (2276ms) 
 block [1333/1560] : done (2260ms) 
 block [1334/1560] : done (2286ms) 
 block [1335/1560] : done (2299ms) 
 block [1336/1560] : done (2285ms) 
 block [1337/1560] : done (2324ms) 
 block [1338/1560] : done (2391ms) 
 block [1339/1560] : done (2677ms) 
 block [1340/1560] : done (2785ms) 
 block [1341/1560] : done (2653ms) 
 block [1342/1560] : done (2447ms) 
 block [1343/1560] : done (2409ms) 
 block [1344/1560] : done (2393ms) 
 block [1345/1560] : done (2446ms) 
 block [1346/1560] : done (2375ms) 
 block [1347/1560] : done (2419ms) 
 block [1348/1560] : done (2401ms) 
 block [1349/1560] : done (2391ms) 
 block [1350/1560] : done (2373ms) 
 block [1351/1560] : done (2318ms) 
 block [1352/1560] : done (2322ms) 
 block [1353/1560] : done (2420ms) 
 block [1354/1560] : done (2430ms) 
 block [1355/1560] : done (2381ms) 
 block [1356/1560] : done (2303ms) 
 block [1357/1560] : done (2338ms) 
 block [1358/1560] : done (2256ms) 
 block [1359/1560] : done (2209ms) 
 block [1360/1560] : done (2268ms) 
 block [1361/1560] : done (2327ms) 
 block [1362/1560] : done (2362ms) 
 block [1363/1560] : done (2472ms) 
 block [1364/1560] : done (2379ms) 
 block [1365/1560] : done (2347ms) 
 block [1366/1560] : done (2289ms) 
 block [1367/1560] : done (2504ms) 
 block [1368/1560] : done (2672ms) 
 block [1369/1560] : done (2678ms) 
 block [1370/1560] : done (2602ms) 
 block [1371/1560] : done (2592ms) 
 block [1372/1560] : done (2671ms) 
 block [1373/1560] : done (2548ms) 
 block [1374/1560] : done (2557ms) 
 block [1375/1560] : done (2924ms) 
 block [1376/1560] : done (2699ms) 
 block [1377/1560] : done (2910ms) 
 block [1378/1560] : done (2757ms) 
 block [1379/1560] : done (2701ms) 
 block [1380/1560] : done (2622ms) 
 block [1381/1560] : done (2792ms) 
 block [1382/1560] : done (2586ms) 
 block [1383/1560] : done (2643ms) 
 block [1384/1560] : done (2610ms) 
 block [1385/1560] : done (2704ms) 
 block [1386/1560] : done (2680ms) 
 block [1387/1560] : done (2614ms) 
 block [1388/1560] : done (2617ms) 
 block [1389/1560] : done (2665ms) 
 block [1390/1560] : done (2741ms) 
 block [1391/1560] : done (2672ms) 
 block [1392/1560] : done (2568ms) 
 block [1393/1560] : done (2616ms) 
 block [1394/1560] : done (2674ms) 
 block [1395/1560] : done (2646ms) 
 block [1396/1560] : done (2639ms) 
 block [1397/1560] : done (2624ms) 
 block [1398/1560] : done (2741ms) 
 block [1399/1560] : done (2739ms) 
 block [1400/1560] : done (2696ms) 
 block [1401/1560] : done (2734ms) 
 block [1402/1560] : done (2962ms) 
 block [1403/1560] : done (2743ms) 
 block [1404/1560] : done (2861ms) 
 block [1405/1560] : done (2561ms) 
 block [1406/1560] : done (2593ms) 
 block [1407/1560] : done (2651ms) 
 block [1408/1560] : done (2624ms) 
 block [1409/1560] : done (2621ms) 
 block [1410/1560] : done (2612ms) 
 block [1411/1560] : done (2697ms) 
 block [1412/1560] : done (2545ms) 
 block [1413/1560] : done (2613ms) 
 block [1414/1560] : done (2590ms) 
 block [1415/1560] : done (2635ms) 
 block [1416/1560] : done (2697ms) 
 block [1417/1560] : done (2693ms) 
 block [1418/1560] : done (2622ms) 
 block [1419/1560] : done (2621ms) 
 block [1420/1560] : done (2907ms) 
 block [1421/1560] : done (2653ms) 
 block [1422/1560] : done (2794ms) 
 block [1423/1560] : done (2577ms) 
 block [1424/1560] : done (2709ms) 
 block [1425/1560] : done (2638ms) 
 block [1426/1560] : done (2640ms) 
 block [1427/1560] : done (2595ms) 
 block [1428/1560] : done (2769ms) 
 block [1429/1560] : done (2616ms) 
 block [1430/1560] : done (2674ms) 
 block [1431/1560] : done (2630ms) 
 block [1432/1560] : done (2535ms) 
 block [1433/1560] : done (2659ms) 
 block [1434/1560] : done (2699ms) 
 block [1435/1560] : done (2631ms) 
 block [1436/1560] : done (2713ms) 
 block [1437/1560] : done (2644ms) 
 block [1438/1560] : done (2757ms) 
 block [1439/1560] : done (2601ms) 
 block [1440/1560] : done (2301ms) 
 block [1441/1560] : done (2153ms) 
 block [1442/1560] : done (2267ms) 
 block [1443/1560] : done (2688ms) 
 block [1444/1560] : done (2739ms) 
 block [1445/1560] : done (2624ms) 
 block [1446/1560] : done (2651ms) 
 block [1447/1560] : done (2708ms) 
 block [1448/1560] : done (2554ms) 
 block [1449/1560] : done (2714ms) 
 block [1450/1560] : done (2623ms) 
 block [1451/1560] : done (2627ms) 
 block [1452/1560] : done (2596ms) 
 block [1453/1560] : done (2686ms) 
 block [1454/1560] : done (2686ms) 
 block [1455/1560] : done (2858ms) 
 block [1456/1560] : done (2908ms) 
 block [1457/1560] : done (2632ms) 
 block [1458/1560] : done (2610ms) 
 block [1459/1560] : done (2667ms) 
 block [1460/1560] : done (2877ms) 
 block [1461/1560] : done (2568ms) 
 block [1462/1560] : done (2568ms) 
 block [1463/1560] : done (2761ms) 
 block [1464/1560] : done (2672ms) 
 block [1465/1560] : done (2678ms) 
 block [1466/1560] : done (2538ms) 
 block [1467/1560] : done (2551ms) 
 block [1468/1560] : done (2569ms) 
 block [1469/1560] : done (2614ms) 
 block [1470/1560] : done (2530ms) 
 block [1471/1560] : done (2592ms) 
 block [1472/1560] : done (2643ms) 
 block [1473/1560] : done (2566ms) 
 block [1474/1560] : done (2650ms) 
 block [1475/1560] : done (2319ms) 
 block [1476/1560] : done (2724ms) 
 block [1477/1560] : done (2772ms) 
 block [1478/1560] : done (2614ms) 
 block [1479/1560] : done (2625ms) 
 block [1480/1560] : done (2406ms) 
 block [1481/1560] : done (2386ms) 
 block [1482/1560] : done (2504ms) 
 block [1483/1560] : done (2661ms) 
 block [1484/1560] : done (3068ms) 
 block [1485/1560] : done (2834ms) 
 block [1486/1560] : done (2869ms) 
 block [1487/1560] : done (2837ms) 
 block [1488/1560] : done (2873ms) 
 block [1489/1560] : done (2804ms) 
 block [1490/1560] : done (2760ms) 
 block [1491/1560] : done (2684ms) 
 block [1492/1560] : done (2694ms) 
 block [1493/1560] : done (2753ms) 
 block [1494/1560] : done (2596ms) 
 block [1495/1560] : done (2735ms) 
 block [1496/1560] : done (2615ms) 
 block [1497/1560] : done (2619ms) 
 block [1498/1560] : done (2701ms) 
 block [1499/1560] : done (2766ms) 
 block [1500/1560] : done (2408ms) 
 block [1501/1560] : done (2436ms) 
 block [1502/1560] : done (2175ms) 
 block [1503/1560] : done (2336ms) 
 block [1504/1560] : done (2476ms) 
 block [1505/1560] : done (2721ms) 
 block [1506/1560] : done (2848ms) 
 block [1507/1560] : done (2624ms) 
 block [1508/1560] : done (2635ms) 
 block [1509/1560] : done (2788ms) 
 block [1510/1560] : done (2643ms) 
 block [1511/1560] : done (2593ms) 
 block [1512/1560] : done (2723ms) 
 block [1513/1560] : done (2933ms) 
 block [1514/1560] : done (2811ms) 
 block [1515/1560] : done (2866ms) 
 block [1516/1560] : done (2701ms) 
 block [1517/1560] : done (2676ms) 
 block [1518/1560] : done (2795ms) 
 block [1519/1560] : done (2759ms) 
 block [1520/1560] : done (2752ms) 
 block [1521/1560] : done (2823ms) 
 block [1522/1560] : done (2830ms) 
 block [1523/1560] : done (2758ms) 
 block [1524/1560] : done (2748ms) 
 block [1525/1560] : done (2755ms) 
 block [1526/1560] : done (2679ms) 
 block [1527/1560] : done (2749ms) 
 block [1528/1560] : done (2806ms) 
 block [1529/1560] : done (2708ms) 
 block [1530/1560] : done (2779ms) 
 block [1531/1560] : done (2713ms) 
 block [1532/1560] : done (2771ms) 
 block [1533/1560] : done (2752ms) 
 block [1534/1560] : done (2733ms) 
 block [1535/1560] : done (2784ms) 
 block [1536/1560] : done (2759ms) 
 block [1537/1560] : done (2761ms) 
 block [1538/1560] : done (2590ms) 
 block [1539/1560] : done (2670ms) 
 block [1540/1560] : done (2284ms) 
 block [1541/1560] : done (2545ms) 
 block [1542/1560] : done (2731ms) 
 block [1543/1560] : done (2694ms) 
 block [1544/1560] : done (2610ms) 
 block [1545/1560] : done (2637ms) 
 block [1546/1560] : done (2670ms) 
 block [1547/1560] : done (2654ms) 
 block [1548/1560] : done (2801ms) 
 block [1549/1560] : done (2861ms) 
 block [1550/1560] : done (2830ms) 
 block [1551/1560] : done (2694ms) 
 block [1552/1560] : done (2927ms) 
 block [1553/1560] : done (2669ms) 
 block [1554/1560] : done (2741ms) 
 block [1555/1560] : done (2825ms) 
 block [1556/1560] : done (2720ms) 
 block [1557/1560] : done (2620ms) 
 block [1558/1560] : done (2666ms) 
 block [1559/1560] : done (2668ms) 
 block [1560/1560] : done (2044ms) 

Association results stored separately for each trait in files : 
* [result/06_step2/sig_weight_eur_step2.chr12_eur_SIG0_AUC.regenie]
* [result/06_step2/sig_weight_eur_step2.chr12_eur_SIG1_AUC.regenie]
* [result/06_step2/sig_weight_eur_step2.chr12_eur_SIG2_AUC.regenie]
* [result/06_step2/sig_weight_eur_step2.chr12_eur_SIG3_AUC.regenie]
* [result/06_step2/sig_weight_eur_step2.chr12_eur_SIG4_AUC.regenie]
* [result/06_step2/sig_weight_eur_step2.chr12_eur_SIG5_AUC.regenie]
* [result/06_step2/sig_weight_eur_step2.chr12_eur_SIG6_AUC.regenie]
* [result/06_step2/sig_weight_eur_step2.chr12_eur_SIG7_AUC.regenie]
* [result/06_step2/sig_weight_eur_step2.chr12_eur_SIG8_AUC.regenie]
* [result/06_step2/sig_weight_eur_step2.chr12_eur_SIG9_AUC.regenie]
* [result/06_step2/sig_weight_eur_step2.chr12_eur_SIG10_AUC.regenie]
* [result/06_step2/sig_weight_eur_step2.chr12_eur_SIG11_AUC.regenie]
* [result/06_step2/sig_weight_eur_step2.chr12_eur_SIG12_AUC.regenie]
* [result/06_step2/sig_weight_eur_step2.chr12_eur_SIG13_AUC.regenie]
* [result/06_step2/sig_weight_eur_step2.chr12_eur_SIG14_AUC.regenie]
* [result/06_step2/sig_weight_eur_step2.chr12_eur_SIG15_AUC.regenie]
* [result/06_step2/sig_weight_eur_step2.chr12_eur_SIG16_AUC.regenie]
* [result/06_step2/sig_weight_eur_step2.chr12_eur_SIG17_AUC.regenie]
* [result/06_step2/sig_weight_eur_step2.chr12_eur_SIG18_AUC.regenie]
* [result/06_step2/sig_weight_eur_step2.chr12_eur_SIG19_AUC.regenie]
* [result/06_step2/sig_weight_eur_step2.chr12_eur_SIG20_AUC.regenie]

Number of ignored tests due to low MAC or info score : 0

Elapsed time : 4165.06s
End time: Wed Dec 17 08:15:13 2025

