Start time: Wed Dec 17 07:05:46 2025

              |=============================|
              |      REGENIE v3.2.5.gz      |
              |=============================|

Copyright (c) 2020-2022 Joelle Mbatchou, Andrey Ziyatdinov and Jonathan Marchini.
Distributed under the MIT License.
Compiled with Boost Iostream library.
Using Intel MKL with Eigen.

Log of output saved in file : result/06_step2/sig_weight_eur_step2.chr13_eur.log

Options in effect:
  --step 2 \
  --bgen /broad/ukbb/imputed_v3/ukb_imp_chr13_v3.bgen \
  --sample /medpop/esp2/pradeep/UKBiobank/v3data/ukb7089_imp_chr3_v3_s487395.sample \
  --ref-first \
  --extract ../data/step2/var.chr13_eur.list.snplist \
  --keep ../data/sample_list_eur.txt \
  --covarFile ../data/sig_weight_cov_file.tsv \
  --phenoFile /medpop/esp2/tnakao/analyses/projects/collab/Sarah_signature_weights_GWAS/import/signature_auc_phenotypes_last.txt \
  --bsize 200 \
  --threads 4 \
  --qt \
  --catCovarList genotyping_array,Inferred_Gender \
  --pred result/04_step1/sig_weight_eur_step1_pred.list \
  --minINFO 0.7 \
  --out result/06_step2/sig_weight_eur_step2.chr13_eur

Association testing mode with fast multithreading using OpenMP
 * bgen             : [/broad/ukbb/imputed_v3/ukb_imp_chr13_v3.bgen]
   -summary : bgen file (v1.2 layout, zlib compressed) with 487409 anonymous samples and 3270217 variants with 8-bit encoding.
   -index bgi file [/broad/ukbb/imputed_v3/ukb_imp_chr13_v3.bgen.bgi]
   -keeping variants specified by --extract
   -number of variants remaining in the analysis = 239802
   -sample file: /medpop/esp2/pradeep/UKBiobank/v3data/ukb7089_imp_chr3_v3_s487395.sample
   -keeping only individuals specified by --keep
   -number of genotyped individuals remaining in the analysis = 361171
 * phenotypes       : [/medpop/esp2/tnakao/analyses/projects/collab/Sarah_signature_weights_GWAS/import/signature_auc_phenotypes_last.txt] n_pheno = 21
   -number of phenotyped individuals  = 361171
 * covariates       : [../data/sig_weight_cov_file.tsv] n_cov = 13
   -number of individuals with covariate data = 361171
 * number of individuals used in analysis = 361171
 * number of observations for each trait:
   - 'SIG0_AUC': 361171 observations
   - 'SIG1_AUC': 361171 observations
   - 'SIG2_AUC': 361171 observations
   - 'SIG3_AUC': 361171 observations
   - 'SIG4_AUC': 361171 observations
   - 'SIG5_AUC': 361171 observations
   - 'SIG6_AUC': 361171 observations
   - 'SIG7_AUC': 361171 observations
   - 'SIG8_AUC': 361171 observations
   - 'SIG9_AUC': 361171 observations
   - 'SIG10_AUC': 361171 observations
   - 'SIG11_AUC': 361171 observations
   - 'SIG12_AUC': 361171 observations
   - 'SIG13_AUC': 361171 observations
   - 'SIG14_AUC': 361171 observations
   - 'SIG15_AUC': 361171 observations
   - 'SIG16_AUC': 361171 observations
   - 'SIG17_AUC': 361171 observations
   - 'SIG18_AUC': 361171 observations
   - 'SIG19_AUC': 361171 observations
   - 'SIG20_AUC': 361171 observations
 * LOCO predictions : [result/04_step1/sig_weight_eur_step1_pred.list]
   -file [/medpop/esp2/tnakao/analyses/projects/collab/Sarah_signature_weights_GWAS/96_last_250319/result/04_step1/sig_weight_eur_step1_1.loco] for phenotype 'SIG0_AUC'
   -file [/medpop/esp2/tnakao/analyses/projects/collab/Sarah_signature_weights_GWAS/96_last_250319/result/04_step1/sig_weight_eur_step1_2.loco] for phenotype 'SIG1_AUC'
   -file [/medpop/esp2/tnakao/analyses/projects/collab/Sarah_signature_weights_GWAS/96_last_250319/result/04_step1/sig_weight_eur_step1_3.loco] for phenotype 'SIG2_AUC'
   -file [/medpop/esp2/tnakao/analyses/projects/collab/Sarah_signature_weights_GWAS/96_last_250319/result/04_step1/sig_weight_eur_step1_4.loco] for phenotype 'SIG3_AUC'
   -file [/medpop/esp2/tnakao/analyses/projects/collab/Sarah_signature_weights_GWAS/96_last_250319/result/04_step1/sig_weight_eur_step1_5.loco] for phenotype 'SIG4_AUC'
   -file [/medpop/esp2/tnakao/analyses/projects/collab/Sarah_signature_weights_GWAS/96_last_250319/result/04_step1/sig_weight_eur_step1_6.loco] for phenotype 'SIG5_AUC'
   -file [/medpop/esp2/tnakao/analyses/projects/collab/Sarah_signature_weights_GWAS/96_last_250319/result/04_step1/sig_weight_eur_step1_7.loco] for phenotype 'SIG6_AUC'
   -file [/medpop/esp2/tnakao/analyses/projects/collab/Sarah_signature_weights_GWAS/96_last_250319/result/04_step1/sig_weight_eur_step1_8.loco] for phenotype 'SIG7_AUC'
   -file [/medpop/esp2/tnakao/analyses/projects/collab/Sarah_signature_weights_GWAS/96_last_250319/result/04_step1/sig_weight_eur_step1_9.loco] for phenotype 'SIG8_AUC'
   -file [/medpop/esp2/tnakao/analyses/projects/collab/Sarah_signature_weights_GWAS/96_last_250319/result/04_step1/sig_weight_eur_step1_10.loco] for phenotype 'SIG9_AUC'
   -file [/medpop/esp2/tnakao/analyses/projects/collab/Sarah_signature_weights_GWAS/96_last_250319/result/04_step1/sig_weight_eur_step1_11.loco] for phenotype 'SIG10_AUC'
   -file [/medpop/esp2/tnakao/analyses/projects/collab/Sarah_signature_weights_GWAS/96_last_250319/result/04_step1/sig_weight_eur_step1_12.loco] for phenotype 'SIG11_AUC'
   -file [/medpop/esp2/tnakao/analyses/projects/collab/Sarah_signature_weights_GWAS/96_last_250319/result/04_step1/sig_weight_eur_step1_13.loco] for phenotype 'SIG12_AUC'
   -file [/medpop/esp2/tnakao/analyses/projects/collab/Sarah_signature_weights_GWAS/96_last_250319/result/04_step1/sig_weight_eur_step1_14.loco] for phenotype 'SIG13_AUC'
   -file [/medpop/esp2/tnakao/analyses/projects/collab/Sarah_signature_weights_GWAS/96_last_250319/result/04_step1/sig_weight_eur_step1_15.loco] for phenotype 'SIG14_AUC'
   -file [/medpop/esp2/tnakao/analyses/projects/collab/Sarah_signature_weights_GWAS/96_last_250319/result/04_step1/sig_weight_eur_step1_16.loco] for phenotype 'SIG15_AUC'
   -file [/medpop/esp2/tnakao/analyses/projects/collab/Sarah_signature_weights_GWAS/96_last_250319/result/04_step1/sig_weight_eur_step1_17.loco] for phenotype 'SIG16_AUC'
   -file [/medpop/esp2/tnakao/analyses/projects/collab/Sarah_signature_weights_GWAS/96_last_250319/result/04_step1/sig_weight_eur_step1_18.loco] for phenotype 'SIG17_AUC'
   -file [/medpop/esp2/tnakao/analyses/projects/collab/Sarah_signature_weights_GWAS/96_last_250319/result/04_step1/sig_weight_eur_step1_19.loco] for phenotype 'SIG18_AUC'
   -file [/medpop/esp2/tnakao/analyses/projects/collab/Sarah_signature_weights_GWAS/96_last_250319/result/04_step1/sig_weight_eur_step1_20.loco] for phenotype 'SIG19_AUC'
   -file [/medpop/esp2/tnakao/analyses/projects/collab/Sarah_signature_weights_GWAS/96_last_250319/result/04_step1/sig_weight_eur_step1_21.loco] for phenotype 'SIG20_AUC'
   -residualizing and scaling phenotypes...done (65ms) 
 * # threads        : [4]
 * block size       : [200]
 * # blocks         : [1200]
 * approximate memory usage : 2GB
 * using minimum MAC of 5 (variants with lower MAC are ignored)
 * using minimum imputation info score of 0.7 (variants with lower info score are ignored)

Chromosome 13 [1200 blocks in total]
   -reading loco predictions for the chromosome...done (12723ms) 
 block [1/1200] : done (2305ms) 
 block [2/1200] : done (2242ms) 
 block [3/1200] : done (2133ms) 
 block [4/1200] : done (2432ms) 
 block [5/1200] : done (2186ms) 
 block [6/1200] : done (2166ms) 
 block [7/1200] : done (2122ms) 
 block [8/1200] : done (2188ms) 
 block [9/1200] : done (2152ms) 
 block [10/1200] : done (2067ms) 
 block [11/1200] : done (2156ms) 
 block [12/1200] : done (2095ms) 
 block [13/1200] : done (2063ms) 
 block [14/1200] : done (2115ms) 
 block [15/1200] : done (2076ms) 
 block [16/1200] : done (2118ms) 
 block [17/1200] : done (2097ms) 
 block [18/1200] : done (2059ms) 
 block [19/1200] : done (2136ms) 
 block [20/1200] : done (2063ms) 
 block [21/1200] : done (2080ms) 
 block [22/1200] : done (2109ms) 
 block [23/1200] : done (2120ms) 
 block [24/1200] : done (2097ms) 
 block [25/1200] : done (2173ms) 
 block [26/1200] : done (2177ms) 
 block [27/1200] : done (2056ms) 
 block [28/1200] : done (2285ms) 
 block [29/1200] : done (2307ms) 
 block [30/1200] : done (2110ms) 
 block [31/1200] : done (2173ms) 
 block [32/1200] : done (2247ms) 
 block [33/1200] : done (2141ms) 
 block [34/1200] : done (2071ms) 
 block [35/1200] : done (2175ms) 
 block [36/1200] : done (2088ms) 
 block [37/1200] : done (2084ms) 
 block [38/1200] : done (2228ms) 
 block [39/1200] : done (2174ms) 
 block [40/1200] : done (2284ms) 
 block [41/1200] : done (2409ms) 
 block [42/1200] : done (2113ms) 
 block [43/1200] : done (2087ms) 
 block [44/1200] : done (2190ms) 
 block [45/1200] : done (2193ms) 
 block [46/1200] : done (2099ms) 
 block [47/1200] : done (2103ms) 
 block [48/1200] : done (2088ms) 
 block [49/1200] : done (2119ms) 
 block [50/1200] : done (2125ms) 
 block [51/1200] : done (2109ms) 
 block [52/1200] : done (2059ms) 
 block [53/1200] : done (1974ms) 
 block [54/1200] : done (2071ms) 
 block [55/1200] : done (1991ms) 
 block [56/1200] : done (1994ms) 
 block [57/1200] : done (2028ms) 
 block [58/1200] : done (2078ms) 
 block [59/1200] : done (2017ms) 
 block [60/1200] : done (2088ms) 
 block [61/1200] : done (2052ms) 
 block [62/1200] : done (2056ms) 
 block [63/1200] : done (2038ms) 
 block [64/1200] : done (2091ms) 
 block [65/1200] : done (2037ms) 
 block [66/1200] : done (2138ms) 
 block [67/1200] : done (2018ms) 
 block [68/1200] : done (2092ms) 
 block [69/1200] : done (2071ms) 
 block [70/1200] : done (2144ms) 
 block [71/1200] : done (2238ms) 
 block [72/1200] : done (2233ms) 
 block [73/1200] : done (2059ms) 
 block [74/1200] : done (2066ms) 
 block [75/1200] : done (2401ms) 
 block [76/1200] : done (2160ms) 
 block [77/1200] : done (2047ms) 
 block [78/1200] : done (2114ms) 
 block [79/1200] : done (2099ms) 
 block [80/1200] : done (2138ms) 
 block [81/1200] : done (2204ms) 
 block [82/1200] : done (2147ms) 
 block [83/1200] : done (2129ms) 
 block [84/1200] : done (2132ms) 
 block [85/1200] : done (2101ms) 
 block [86/1200] : done (2246ms) 
 block [87/1200] : done (2228ms) 
 block [88/1200] : done (2087ms) 
 block [89/1200] : done (2113ms) 
 block [90/1200] : done (2136ms) 
 block [91/1200] : done (2036ms) 
 block [92/1200] : done (2038ms) 
 block [93/1200] : done (1982ms) 
 block [94/1200] : done (2088ms) 
 block [95/1200] : done (2160ms) 
 block [96/1200] : done (2111ms) 
 block [97/1200] : done (2197ms) 
 block [98/1200] : done (2098ms) 
 block [99/1200] : done (2120ms) 
 block [100/1200] : done (2016ms) 
 block [101/1200] : done (2000ms) 
 block [102/1200] : done (1990ms) 
 block [103/1200] : done (1953ms) 
 block [104/1200] : done (2090ms) 
 block [105/1200] : done (2312ms) 
 block [106/1200] : done (2208ms) 
 block [107/1200] : done (2050ms) 
 block [108/1200] : done (2035ms) 
 block [109/1200] : done (2095ms) 
 block [110/1200] : done (2028ms) 
 block [111/1200] : done (2020ms) 
 block [112/1200] : done (2056ms) 
 block [113/1200] : done (2117ms) 
 block [114/1200] : done (2161ms) 
 block [115/1200] : done (2137ms) 
 block [116/1200] : done (2076ms) 
 block [117/1200] : done (2132ms) 
 block [118/1200] : done (2161ms) 
 block [119/1200] : done (2062ms) 
 block [120/1200] : done (2110ms) 
 block [121/1200] : done (2187ms) 
 block [122/1200] : done (2129ms) 
 block [123/1200] : done (2112ms) 
 block [124/1200] : done (2088ms) 
 block [125/1200] : done (2134ms) 
 block [126/1200] : done (2017ms) 
 block [127/1200] : done (2071ms) 
 block [128/1200] : done (2098ms) 
 block [129/1200] : done (2183ms) 
 block [130/1200] : done (2031ms) 
 block [131/1200] : done (2062ms) 
 block [132/1200] : done (2108ms) 
 block [133/1200] : done (2177ms) 
 block [134/1200] : done (2075ms) 
 block [135/1200] : done (2034ms) 
 block [136/1200] : done (2061ms) 
 block [137/1200] : done (2054ms) 
 block [138/1200] : done (2143ms) 
 block [139/1200] : done (2226ms) 
 block [140/1200] : done (2180ms) 
 block [141/1200] : done (2084ms) 
 block [142/1200] : done (2127ms) 
 block [143/1200] : done (2146ms) 
 block [144/1200] : done (2150ms) 
 block [145/1200] : done (2169ms) 
 block [146/1200] : done (2092ms) 
 block [147/1200] : done (2115ms) 
 block [148/1200] : done (2082ms) 
 block [149/1200] : done (2056ms) 
 block [150/1200] : done (2047ms) 
 block [151/1200] : done (2180ms) 
 block [152/1200] : done (2051ms) 
 block [153/1200] : done (2115ms) 
 block [154/1200] : done (2042ms) 
 block [155/1200] : done (2010ms) 
 block [156/1200] : done (2055ms) 
 block [157/1200] : done (2044ms) 
 block [158/1200] : done (2056ms) 
 block [159/1200] : done (2011ms) 
 block [160/1200] : done (2000ms) 
 block [161/1200] : done (1951ms) 
 block [162/1200] : done (1978ms) 
 block [163/1200] : done (1994ms) 
 block [164/1200] : done (2019ms) 
 block [165/1200] : done (2016ms) 
 block [166/1200] : done (2014ms) 
 block [167/1200] : done (2107ms) 
 block [168/1200] : done (2155ms) 
 block [169/1200] : done (2166ms) 
 block [170/1200] : done (2070ms) 
 block [171/1200] : done (2032ms) 
 block [172/1200] : done (2085ms) 
 block [173/1200] : done (2033ms) 
 block [174/1200] : done (2122ms) 
 block [175/1200] : done (2126ms) 
 block [176/1200] : done (2190ms) 
 block [177/1200] : done (2136ms) 
 block [178/1200] : done (2123ms) 
 block [179/1200] : done (2121ms) 
 block [180/1200] : done (2243ms) 
 block [181/1200] : done (2168ms) 
 block [182/1200] : done (2100ms) 
 block [183/1200] : done (2053ms) 
 block [184/1200] : done (1984ms) 
 block [185/1200] : done (2132ms) 
 block [186/1200] : done (2137ms) 
 block [187/1200] : done (2106ms) 
 block [188/1200] : done (2228ms) 
 block [189/1200] : done (2210ms) 
 block [190/1200] : done (2180ms) 
 block [191/1200] : done (2137ms) 
 block [192/1200] : done (2159ms) 
 block [193/1200] : done (2142ms) 
 block [194/1200] : done (2074ms) 
 block [195/1200] : done (2167ms) 
 block [196/1200] : done (2158ms) 
 block [197/1200] : done (2190ms) 
 block [198/1200] : done (2224ms) 
 block [199/1200] : done (2175ms) 
 block [200/1200] : done (1993ms) 
 block [201/1200] : done (2093ms) 
 block [202/1200] : done (2279ms) 
 block [203/1200] : done (2145ms) 
 block [204/1200] : done (2034ms) 
 block [205/1200] : done (2152ms) 
 block [206/1200] : done (2199ms) 
 block [207/1200] : done (2069ms) 
 block [208/1200] : done (2101ms) 
 block [209/1200] : done (2116ms) 
 block [210/1200] : done (2161ms) 
 block [211/1200] : done (2099ms) 
 block [212/1200] : done (2171ms) 
 block [213/1200] : done (2100ms) 
 block [214/1200] : done (2165ms) 
 block [215/1200] : done (2218ms) 
 block [216/1200] : done (2063ms) 
 block [217/1200] : done (2088ms) 
 block [218/1200] : done (2085ms) 
 block [219/1200] : done (2020ms) 
 block [220/1200] : done (2113ms) 
 block [221/1200] : done (2160ms) 
 block [222/1200] : done (2092ms) 
 block [223/1200] : done (2091ms) 
 block [224/1200] : done (2140ms) 
 block [225/1200] : done (2094ms) 
 block [226/1200] : done (2046ms) 
 block [227/1200] : done (2089ms) 
 block [228/1200] : done (2097ms) 
 block [229/1200] : done (2072ms) 
 block [230/1200] : done (2024ms) 
 block [231/1200] : done (2019ms) 
 block [232/1200] : done (2041ms) 
 block [233/1200] : done (2060ms) 
 block [234/1200] : done (2072ms) 
 block [235/1200] : done (2083ms) 
 block [236/1200] : done (2060ms) 
 block [237/1200] : done (2124ms) 
 block [238/1200] : done (2176ms) 
 block [239/1200] : done (2079ms) 
 block [240/1200] : done (2015ms) 
 block [241/1200] : done (2024ms) 
 block [242/1200] : done (2087ms) 
 block [243/1200] : done (2161ms) 
 block [244/1200] : done (2050ms) 
 block [245/1200] : done (2103ms) 
 block [246/1200] : done (2144ms) 
 block [247/1200] : done (2036ms) 
 block [248/1200] : done (2126ms) 
 block [249/1200] : done (2139ms) 
 block [250/1200] : done (2066ms) 
 block [251/1200] : done (2080ms) 
 block [252/1200] : done (2085ms) 
 block [253/1200] : done (2127ms) 
 block [254/1200] : done (2103ms) 
 block [255/1200] : done (2062ms) 
 block [256/1200] : done (2133ms) 
 block [257/1200] : done (2123ms) 
 block [258/1200] : done (2145ms) 
 block [259/1200] : done (2123ms) 
 block [260/1200] : done (2240ms) 
 block [261/1200] : done (2120ms) 
 block [262/1200] : done (2150ms) 
 block [263/1200] : done (2274ms) 
 block [264/1200] : done (2067ms) 
 block [265/1200] : done (2085ms) 
 block [266/1200] : done (2083ms) 
 block [267/1200] : done (2091ms) 
 block [268/1200] : done (2144ms) 
 block [269/1200] : done (2108ms) 
 block [270/1200] : done (2183ms) 
 block [271/1200] : done (2157ms) 
 block [272/1200] : done (2132ms) 
 block [273/1200] : done (2201ms) 
 block [274/1200] : done (2234ms) 
 block [275/1200] : done (2495ms) 
 block [276/1200] : done (2199ms) 
 block [277/1200] : done (2175ms) 
 block [278/1200] : done (2138ms) 
 block [279/1200] : done (2119ms) 
 block [280/1200] : done (2215ms) 
 block [281/1200] : done (2155ms) 
 block [282/1200] : done (2153ms) 
 block [283/1200] : done (2166ms) 
 block [284/1200] : done (2197ms) 
 block [285/1200] : done (2141ms) 
 block [286/1200] : done (2175ms) 
 block [287/1200] : done (2166ms) 
 block [288/1200] : done (2162ms) 
 block [289/1200] : done (2177ms) 
 block [290/1200] : done (2163ms) 
 block [291/1200] : done (2176ms) 
 block [292/1200] : done (2171ms) 
 block [293/1200] : done (2133ms) 
 block [294/1200] : done (2196ms) 
 block [295/1200] : done (2223ms) 
 block [296/1200] : done (2147ms) 
 block [297/1200] : done (2180ms) 
 block [298/1200] : done (2076ms) 
 block [299/1200] : done (2084ms) 
 block [300/1200] : done (2021ms) 
 block [301/1200] : done (2073ms) 
 block [302/1200] : done (2067ms) 
 block [303/1200] : done (2129ms) 
 block [304/1200] : done (2134ms) 
 block [305/1200] : done (2136ms) 
 block [306/1200] : done (2243ms) 
 block [307/1200] : done (2164ms) 
 block [308/1200] : done (2093ms) 
 block [309/1200] : done (2187ms) 
 block [310/1200] : done (2122ms) 
 block [311/1200] : done (2225ms) 
 block [312/1200] : done (2251ms) 
 block [313/1200] : done (2233ms) 
 block [314/1200] : done (2253ms) 
 block [315/1200] : done (2435ms) 
 block [316/1200] : done (2247ms) 
 block [317/1200] : done (2237ms) 
 block [318/1200] : done (2277ms) 
 block [319/1200] : done (2103ms) 
 block [320/1200] : done (2155ms) 
 block [321/1200] : done (2097ms) 
 block [322/1200] : done (2043ms) 
 block [323/1200] : done (2069ms) 
 block [324/1200] : done (2068ms) 
 block [325/1200] : done (2166ms) 
 block [326/1200] : done (2190ms) 
 block [327/1200] : done (2247ms) 
 block [328/1200] : done (2254ms) 
 block [329/1200] : done (2206ms) 
 block [330/1200] : done (2271ms) 
 block [331/1200] : done (2159ms) 
 block [332/1200] : done (2184ms) 
 block [333/1200] : done (2198ms) 
 block [334/1200] : done (2214ms) 
 block [335/1200] : done (2083ms) 
 block [336/1200] : done (2094ms) 
 block [337/1200] : done (2107ms) 
 block [338/1200] : done (2143ms) 
 block [339/1200] : done (2118ms) 
 block [340/1200] : done (2147ms) 
 block [341/1200] : done (2080ms) 
 block [342/1200] : done (2122ms) 
 block [343/1200] : done (2230ms) 
 block [344/1200] : done (2113ms) 
 block [345/1200] : done (2120ms) 
 block [346/1200] : done (2124ms) 
 block [347/1200] : done (2193ms) 
 block [348/1200] : done (2105ms) 
 block [349/1200] : done (2117ms) 
 block [350/1200] : done (2146ms) 
 block [351/1200] : done (2215ms) 
 block [352/1200] : done (2175ms) 
 block [353/1200] : done (2188ms) 
 block [354/1200] : done (2240ms) 
 block [355/1200] : done (2264ms) 
 block [356/1200] : done (2212ms) 
 block [357/1200] : done (2146ms) 
 block [358/1200] : done (2136ms) 
 block [359/1200] : done (2203ms) 
 block [360/1200] : done (2180ms) 
 block [361/1200] : done (2109ms) 
 block [362/1200] : done (2055ms) 
 block [363/1200] : done (2057ms) 
 block [364/1200] : done (2098ms) 
 block [365/1200] : done (2095ms) 
 block [366/1200] : done (2133ms) 
 block [367/1200] : done (2162ms) 
 block [368/1200] : done (2094ms) 
 block [369/1200] : done (2097ms) 
 block [370/1200] : done (2104ms) 
 block [371/1200] : done (2097ms) 
 block [372/1200] : done (2051ms) 
 block [373/1200] : done (2039ms) 
 block [374/1200] : done (2025ms) 
 block [375/1200] : done (2008ms) 
 block [376/1200] : done (2066ms) 
 block [377/1200] : done (2207ms) 
 block [378/1200] : done (2153ms) 
 block [379/1200] : done (2252ms) 
 block [380/1200] : done (2195ms) 
 block [381/1200] : done (2211ms) 
 block [382/1200] : done (2141ms) 
 block [383/1200] : done (2167ms) 
 block [384/1200] : done (2176ms) 
 block [385/1200] : done (2212ms) 
 block [386/1200] : done (2314ms) 
 block [387/1200] : done (2232ms) 
 block [388/1200] : done (2117ms) 
 block [389/1200] : done (2104ms) 
 block [390/1200] : done (2120ms) 
 block [391/1200] : done (2143ms) 
 block [392/1200] : done (2187ms) 
 block [393/1200] : done (2146ms) 
 block [394/1200] : done (2190ms) 
 block [395/1200] : done (2213ms) 
 block [396/1200] : done (2256ms) 
 block [397/1200] : done (2177ms) 
 block [398/1200] : done (2148ms) 
 block [399/1200] : done (2089ms) 
 block [400/1200] : done (2103ms) 
 block [401/1200] : done (2124ms) 
 block [402/1200] : done (2194ms) 
 block [403/1200] : done (2120ms) 
 block [404/1200] : done (2090ms) 
 block [405/1200] : done (2167ms) 
 block [406/1200] : done (2246ms) 
 block [407/1200] : done (2185ms) 
 block [408/1200] : done (2262ms) 
 block [409/1200] : done (2315ms) 
 block [410/1200] : done (2253ms) 
 block [411/1200] : done (2297ms) 
 block [412/1200] : done (2233ms) 
 block [413/1200] : done (2198ms) 
 block [414/1200] : done (2241ms) 
 block [415/1200] : done (2238ms) 
 block [416/1200] : done (2129ms) 
 block [417/1200] : done (2072ms) 
 block [418/1200] : done (2052ms) 
 block [419/1200] : done (2105ms) 
 block [420/1200] : done (2107ms) 
 block [421/1200] : done (2161ms) 
 block [422/1200] : done (2147ms) 
 block [423/1200] : done (2139ms) 
 block [424/1200] : done (2337ms) 
 block [425/1200] : done (2209ms) 
 block [426/1200] : done (2156ms) 
 block [427/1200] : done (2271ms) 
 block [428/1200] : done (2231ms) 
 block [429/1200] : done (2246ms) 
 block [430/1200] : done (2294ms) 
 block [431/1200] : done (2305ms) 
 block [432/1200] : done (2307ms) 
 block [433/1200] : done (2214ms) 
 block [434/1200] : done (2210ms) 
 block [435/1200] : done (2166ms) 
 block [436/1200] : done (2223ms) 
 block [437/1200] : done (2208ms) 
 block [438/1200] : done (2199ms) 
 block [439/1200] : done (2210ms) 
 block [440/1200] : done (2308ms) 
 block [441/1200] : done (2241ms) 
 block [442/1200] : done (2236ms) 
 block [443/1200] : done (2214ms) 
 block [444/1200] : done (2163ms) 
 block [445/1200] : done (2193ms) 
 block [446/1200] : done (2230ms) 
 block [447/1200] : done (2134ms) 
 block [448/1200] : done (2217ms) 
 block [449/1200] : done (2176ms) 
 block [450/1200] : done (2245ms) 
 block [451/1200] : done (2266ms) 
 block [452/1200] : done (2199ms) 
 block [453/1200] : done (2188ms) 
 block [454/1200] : done (2220ms) 
 block [455/1200] : done (2177ms) 
 block [456/1200] : done (2271ms) 
 block [457/1200] : done (2144ms) 
 block [458/1200] : done (2248ms) 
 block [459/1200] : done (2238ms) 
 block [460/1200] : done (2170ms) 
 block [461/1200] : done (2172ms) 
 block [462/1200] : done (2130ms) 
 block [463/1200] : done (2197ms) 
 block [464/1200] : done (2204ms) 
 block [465/1200] : done (2175ms) 
 block [466/1200] : done (2235ms) 
 block [467/1200] : done (2230ms) 
 block [468/1200] : done (2223ms) 
 block [469/1200] : done (2236ms) 
 block [470/1200] : done (2132ms) 
 block [471/1200] : done (2164ms) 
 block [472/1200] : done (2191ms) 
 block [473/1200] : done (2149ms) 
 block [474/1200] : done (2256ms) 
 block [475/1200] : done (2288ms) 
 block [476/1200] : done (2091ms) 
 block [477/1200] : done (2134ms) 
 block [478/1200] : done (2102ms) 
 block [479/1200] : done (2095ms) 
 block [480/1200] : done (2049ms) 
 block [481/1200] : done (2184ms) 
 block [482/1200] : done (2204ms) 
 block [483/1200] : done (2159ms) 
 block [484/1200] : done (2161ms) 
 block [485/1200] : done (2207ms) 
 block [486/1200] : done (2314ms) 
 block [487/1200] : done (2252ms) 
 block [488/1200] : done (2134ms) 
 block [489/1200] : done (2138ms) 
 block [490/1200] : done (2136ms) 
 block [491/1200] : done (2145ms) 
 block [492/1200] : done (2106ms) 
 block [493/1200] : done (2134ms) 
 block [494/1200] : done (2162ms) 
 block [495/1200] : done (2141ms) 
 block [496/1200] : done (2202ms) 
 block [497/1200] : done (2233ms) 
 block [498/1200] : done (2098ms) 
 block [499/1200] : done (2195ms) 
 block [500/1200] : done (2142ms) 
 block [501/1200] : done (2207ms) 
 block [502/1200] : done (2180ms) 
 block [503/1200] : done (2072ms) 
 block [504/1200] : done (2119ms) 
 block [505/1200] : done (2198ms) 
 block [506/1200] : done (2161ms) 
 block [507/1200] : done (2195ms) 
 block [508/1200] : done (2160ms) 
 block [509/1200] : done (2166ms) 
 block [510/1200] : done (2128ms) 
 block [511/1200] : done (2211ms) 
 block [512/1200] : done (2130ms) 
 block [513/1200] : done (2111ms) 
 block [514/1200] : done (2113ms) 
 block [515/1200] : done (2144ms) 
 block [516/1200] : done (2096ms) 
 block [517/1200] : done (2170ms) 
 block [518/1200] : done (2060ms) 
 block [519/1200] : done (2072ms) 
 block [520/1200] : done (2039ms) 
 block [521/1200] : done (2133ms) 
 block [522/1200] : done (2082ms) 
 block [523/1200] : done (2089ms) 
 block [524/1200] : done (2196ms) 
 block [525/1200] : done (2134ms) 
 block [526/1200] : done (2159ms) 
 block [527/1200] : done (2143ms) 
 block [528/1200] : done (2134ms) 
 block [529/1200] : done (2171ms) 
 block [530/1200] : done (2126ms) 
 block [531/1200] : done (2125ms) 
 block [532/1200] : done (2130ms) 
 block [533/1200] : done (2159ms) 
 block [534/1200] : done (2083ms) 
 block [535/1200] : done (2042ms) 
 block [536/1200] : done (2139ms) 
 block [537/1200] : done (2089ms) 
 block [538/1200] : done (2098ms) 
 block [539/1200] : done (2116ms) 
 block [540/1200] : done (2157ms) 
 block [541/1200] : done (2193ms) 
 block [542/1200] : done (2250ms) 
 block [543/1200] : done (2209ms) 
 block [544/1200] : done (2165ms) 
 block [545/1200] : done (2112ms) 
 block [546/1200] : done (2166ms) 
 block [547/1200] : done (2195ms) 
 block [548/1200] : done (2175ms) 
 block [549/1200] : done (2108ms) 
 block [550/1200] : done (2153ms) 
 block [551/1200] : done (2134ms) 
 block [552/1200] : done (2145ms) 
 block [553/1200] : done (2090ms) 
 block [554/1200] : done (2082ms) 
 block [555/1200] : done (2125ms) 
 block [556/1200] : done (2224ms) 
 block [557/1200] : done (2181ms) 
 block [558/1200] : done (2150ms) 
 block [559/1200] : done (2176ms) 
 block [560/1200] : done (2113ms) 
 block [561/1200] : done (2013ms) 
 block [562/1200] : done (2061ms) 
 block [563/1200] : done (2066ms) 
 block [564/1200] : done (2174ms) 
 block [565/1200] : done (2154ms) 
 block [566/1200] : done (2086ms) 
 block [567/1200] : done (2146ms) 
 block [568/1200] : done (2162ms) 
 block [569/1200] : done (2099ms) 
 block [570/1200] : done (2121ms) 
 block [571/1200] : done (2090ms) 
 block [572/1200] : done (2140ms) 
 block [573/1200] : done (2173ms) 
 block [574/1200] : done (2162ms) 
 block [575/1200] : done (2255ms) 
 block [576/1200] : done (2104ms) 
 block [577/1200] : done (2093ms) 
 block [578/1200] : done (2086ms) 
 block [579/1200] : done (2120ms) 
 block [580/1200] : done (2076ms) 
 block [581/1200] : done (2156ms) 
 block [582/1200] : done (2097ms) 
 block [583/1200] : done (2119ms) 
 block [584/1200] : done (2081ms) 
 block [585/1200] : done (2190ms) 
 block [586/1200] : done (2158ms) 
 block [587/1200] : done (2062ms) 
 block [588/1200] : done (2091ms) 
 block [589/1200] : done (2132ms) 
 block [590/1200] : done (2105ms) 
 block [591/1200] : done (2162ms) 
 block [592/1200] : done (2183ms) 
 block [593/1200] : done (2178ms) 
 block [594/1200] : done (2199ms) 
 block [595/1200] : done (2196ms) 
 block [596/1200] : done (2190ms) 
 block [597/1200] : done (2091ms) 
 block [598/1200] : done (2112ms) 
 block [599/1200] : done (2089ms) 
 block [600/1200] : done (2166ms) 
 block [601/1200] : done (2211ms) 
 block [602/1200] : done (2187ms) 
 block [603/1200] : done (2186ms) 
 block [604/1200] : done (2206ms) 
 block [605/1200] : done (2144ms) 
 block [606/1200] : done (2187ms) 
 block [607/1200] : done (2117ms) 
 block [608/1200] : done (2219ms) 
 block [609/1200] : done (2218ms) 
 block [610/1200] : done (2224ms) 
 block [611/1200] : done (2194ms) 
 block [612/1200] : done (2125ms) 
 block [613/1200] : done (2149ms) 
 block [614/1200] : done (2147ms) 
 block [615/1200] : done (2138ms) 
 block [616/1200] : done (2256ms) 
 block [617/1200] : done (2168ms) 
 block [618/1200] : done (2188ms) 
 block [619/1200] : done (2194ms) 
 block [620/1200] : done (2217ms) 
 block [621/1200] : done (2229ms) 
 block [622/1200] : done (2201ms) 
 block [623/1200] : done (2084ms) 
 block [624/1200] : done (2173ms) 
 block [625/1200] : done (2188ms) 
 block [626/1200] : done (2288ms) 
 block [627/1200] : done (2208ms) 
 block [628/1200] : done (2221ms) 
 block [629/1200] : done (2214ms) 
 block [630/1200] : done (2184ms) 
 block [631/1200] : done (2257ms) 
 block [632/1200] : done (2262ms) 
 block [633/1200] : done (2210ms) 
 block [634/1200] : done (2243ms) 
 block [635/1200] : done (2190ms) 
 block [636/1200] : done (2167ms) 
 block [637/1200] : done (2147ms) 
 block [638/1200] : done (2219ms) 
 block [639/1200] : done (2153ms) 
 block [640/1200] : done (2110ms) 
 block [641/1200] : done (2147ms) 
 block [642/1200] : done (2138ms) 
 block [643/1200] : done (2118ms) 
 block [644/1200] : done (2072ms) 
 block [645/1200] : done (2164ms) 
 block [646/1200] : done (2191ms) 
 block [647/1200] : done (2220ms) 
 block [648/1200] : done (2237ms) 
 block [649/1200] : done (2237ms) 
 block [650/1200] : done (2168ms) 
 block [651/1200] : done (2203ms) 
 block [652/1200] : done (2213ms) 
 block [653/1200] : done (2135ms) 
 block [654/1200] : done (2171ms) 
 block [655/1200] : done (2156ms) 
 block [656/1200] : done (2699ms) 
 block [657/1200] : done (2238ms) 
 block [658/1200] : done (2256ms) 
 block [659/1200] : done (2186ms) 
 block [660/1200] : done (2119ms) 
 block [661/1200] : done (2784ms) 
 block [662/1200] : done (2199ms) 
 block [663/1200] : done (2167ms) 
 block [664/1200] : done (2228ms) 
 block [665/1200] : done (2198ms) 
 block [666/1200] : done (2160ms) 
 block [667/1200] : done (2199ms) 
 block [668/1200] : done (2239ms) 
 block [669/1200] : done (2212ms) 
 block [670/1200] : done (2229ms) 
 block [671/1200] : done (2174ms) 
 block [672/1200] : done (2196ms) 
 block [673/1200] : done (2196ms) 
 block [674/1200] : done (2122ms) 
 block [675/1200] : done (2134ms) 
 block [676/1200] : done (2207ms) 
 block [677/1200] : done (2222ms) 
 block [678/1200] : done (2236ms) 
 block [679/1200] : done (2294ms) 
 block [680/1200] : done (2268ms) 
 block [681/1200] : done (2178ms) 
 block [682/1200] : done (2220ms) 
 block [683/1200] : done (2192ms) 
 block [684/1200] : done (2214ms) 
 block [685/1200] : done (2294ms) 
 block [686/1200] : done (2296ms) 
 block [687/1200] : done (2148ms) 
 block [688/1200] : done (2159ms) 
 block [689/1200] : done (2196ms) 
 block [690/1200] : done (2212ms) 
 block [691/1200] : done (2176ms) 
 block [692/1200] : done (2101ms) 
 block [693/1200] : done (2198ms) 
 block [694/1200] : done (2138ms) 
 block [695/1200] : done (2158ms) 
 block [696/1200] : done (2178ms) 
 block [697/1200] : done (2166ms) 
 block [698/1200] : done (2185ms) 
 block [699/1200] : done (2172ms) 
 block [700/1200] : done (2199ms) 
 block [701/1200] : done (2177ms) 
 block [702/1200] : done (2246ms) 
 block [703/1200] : done (2171ms) 
 block [704/1200] : done (2243ms) 
 block [705/1200] : done (2226ms) 
 block [706/1200] : done (2174ms) 
 block [707/1200] : done (2124ms) 
 block [708/1200] : done (2156ms) 
 block [709/1200] : done (2126ms) 
 block [710/1200] : done (2081ms) 
 block [711/1200] : done (2061ms) 
 block [712/1200] : done (2083ms) 
 block [713/1200] : done (2075ms) 
 block [714/1200] : done (2142ms) 
 block [715/1200] : done (2175ms) 
 block [716/1200] : done (2244ms) 
 block [717/1200] : done (2265ms) 
 block [718/1200] : done (2171ms) 
 block [719/1200] : done (2117ms) 
 block [720/1200] : done (2142ms) 
 block [721/1200] : done (2133ms) 
 block [722/1200] : done (2187ms) 
 block [723/1200] : done (2197ms) 
 block [724/1200] : done (2202ms) 
 block [725/1200] : done (2176ms) 
 block [726/1200] : done (2163ms) 
 block [727/1200] : done (2222ms) 
 block [728/1200] : done (2165ms) 
 block [729/1200] : done (2115ms) 
 block [730/1200] : done (2142ms) 
 block [731/1200] : done (2163ms) 
 block [732/1200] : done (2161ms) 
 block [733/1200] : done (2260ms) 
 block [734/1200] : done (2156ms) 
 block [735/1200] : done (2191ms) 
 block [736/1200] : done (2147ms) 
 block [737/1200] : done (2182ms) 
 block [738/1200] : done (2166ms) 
 block [739/1200] : done (2146ms) 
 block [740/1200] : done (2240ms) 
 block [741/1200] : done (2160ms) 
 block [742/1200] : done (2196ms) 
 block [743/1200] : done (2199ms) 
 block [744/1200] : done (2163ms) 
 block [745/1200] : done (2227ms) 
 block [746/1200] : done (2218ms) 
 block [747/1200] : done (2183ms) 
 block [748/1200] : done (2241ms) 
 block [749/1200] : done (2244ms) 
 block [750/1200] : done (2235ms) 
 block [751/1200] : done (2205ms) 
 block [752/1200] : done (2154ms) 
 block [753/1200] : done (2347ms) 
 block [754/1200] : done (2218ms) 
 block [755/1200] : done (2269ms) 
 block [756/1200] : done (2275ms) 
 block [757/1200] : done (2252ms) 
 block [758/1200] : done (2213ms) 
 block [759/1200] : done (2220ms) 
 block [760/1200] : done (2200ms) 
 block [761/1200] : done (2157ms) 
 block [762/1200] : done (2161ms) 
 block [763/1200] : done (2194ms) 
 block [764/1200] : done (2151ms) 
 block [765/1200] : done (2145ms) 
 block [766/1200] : done (2194ms) 
 block [767/1200] : done (2270ms) 
 block [768/1200] : done (2282ms) 
 block [769/1200] : done (2270ms) 
 block [770/1200] : done (2220ms) 
 block [771/1200] : done (2218ms) 
 block [772/1200] : done (2226ms) 
 block [773/1200] : done (2179ms) 
 block [774/1200] : done (2204ms) 
 block [775/1200] : done (2257ms) 
 block [776/1200] : done (2203ms) 
 block [777/1200] : done (2196ms) 
 block [778/1200] : done (2176ms) 
 block [779/1200] : done (2209ms) 
 block [780/1200] : done (2252ms) 
 block [781/1200] : done (2232ms) 
 block [782/1200] : done (2235ms) 
 block [783/1200] : done (2280ms) 
 block [784/1200] : done (2157ms) 
 block [785/1200] : done (2077ms) 
 block [786/1200] : done (2093ms) 
 block [787/1200] : done (2161ms) 
 block [788/1200] : done (2204ms) 
 block [789/1200] : done (2298ms) 
 block [790/1200] : done (2244ms) 
 block [791/1200] : done (2236ms) 
 block [792/1200] : done (2202ms) 
 block [793/1200] : done (2316ms) 
 block [794/1200] : done (2280ms) 
 block [795/1200] : done (2281ms) 
 block [796/1200] : done (2214ms) 
 block [797/1200] : done (2206ms) 
 block [798/1200] : done (2199ms) 
 block [799/1200] : done (2168ms) 
 block [800/1200] : done (2133ms) 
 block [801/1200] : done (2150ms) 
 block [802/1200] : done (2195ms) 
 block [803/1200] : done (2254ms) 
 block [804/1200] : done (2312ms) 
 block [805/1200] : done (2207ms) 
 block [806/1200] : done (2247ms) 
 block [807/1200] : done (2209ms) 
 block [808/1200] : done (2177ms) 
 block [809/1200] : done (2173ms) 
 block [810/1200] : done (2211ms) 
 block [811/1200] : done (2154ms) 
 block [812/1200] : done (2180ms) 
 block [813/1200] : done (2251ms) 
 block [814/1200] : done (2206ms) 
 block [815/1200] : done (2180ms) 
 block [816/1200] : done (2268ms) 
 block [817/1200] : done (2187ms) 
 block [818/1200] : done (2193ms) 
 block [819/1200] : done (2251ms) 
 block [820/1200] : done (2221ms) 
 block [821/1200] : done (2149ms) 
 block [822/1200] : done (2225ms) 
 block [823/1200] : done (2197ms) 
 block [824/1200] : done (2175ms) 
 block [825/1200] : done (2148ms) 
 block [826/1200] : done (2126ms) 
 block [827/1200] : done (2244ms) 
 block [828/1200] : done (2136ms) 
 block [829/1200] : done (2125ms) 
 block [830/1200] : done (2253ms) 
 block [831/1200] : done (2185ms) 
 block [832/1200] : done (2197ms) 
 block [833/1200] : done (2235ms) 
 block [834/1200] : done (2178ms) 
 block [835/1200] : done (2197ms) 
 block [836/1200] : done (2146ms) 
 block [837/1200] : done (2174ms) 
 block [838/1200] : done (2176ms) 
 block [839/1200] : done (2151ms) 
 block [840/1200] : done (2166ms) 
 block [841/1200] : done (2089ms) 
 block [842/1200] : done (2112ms) 
 block [843/1200] : done (2099ms) 
 block [844/1200] : done (2106ms) 
 block [845/1200] : done (2070ms) 
 block [846/1200] : done (2141ms) 
 block [847/1200] : done (2201ms) 
 block [848/1200] : done (2246ms) 
 block [849/1200] : done (2270ms) 
 block [850/1200] : done (2258ms) 
 block [851/1200] : done (2229ms) 
 block [852/1200] : done (2182ms) 
 block [853/1200] : done (2147ms) 
 block [854/1200] : done (2179ms) 
 block [855/1200] : done (2210ms) 
 block [856/1200] : done (2217ms) 
 block [857/1200] : done (2217ms) 
 block [858/1200] : done (2238ms) 
 block [859/1200] : done (2187ms) 
 block [860/1200] : done (2172ms) 
 block [861/1200] : done (2248ms) 
 block [862/1200] : done (2195ms) 
 block [863/1200] : done (2122ms) 
 block [864/1200] : done (2152ms) 
 block [865/1200] : done (2187ms) 
 block [866/1200] : done (2200ms) 
 block [867/1200] : done (2152ms) 
 block [868/1200] : done (2224ms) 
 block [869/1200] : done (2212ms) 
 block [870/1200] : done (2149ms) 
 block [871/1200] : done (2159ms) 
 block [872/1200] : done (2203ms) 
 block [873/1200] : done (2150ms) 
 block [874/1200] : done (2243ms) 
 block [875/1200] : done (2208ms) 
 block [876/1200] : done (2241ms) 
 block [877/1200] : done (2192ms) 
 block [878/1200] : done (2142ms) 
 block [879/1200] : done (2184ms) 
 block [880/1200] : done (2154ms) 
 block [881/1200] : done (2131ms) 
 block [882/1200] : done (2165ms) 
 block [883/1200] : done (2178ms) 
 block [884/1200] : done (2122ms) 
 block [885/1200] : done (2186ms) 
 block [886/1200] : done (2194ms) 
 block [887/1200] : done (2109ms) 
 block [888/1200] : done (2073ms) 
 block [889/1200] : done (2123ms) 
 block [890/1200] : done (2193ms) 
 block [891/1200] : done (2162ms) 
 block [892/1200] : done (2141ms) 
 block [893/1200] : done (2083ms) 
 block [894/1200] : done (2226ms) 
 block [895/1200] : done (2188ms) 
 block [896/1200] : done (2163ms) 
 block [897/1200] : done (2166ms) 
 block [898/1200] : done (2154ms) 
 block [899/1200] : done (2122ms) 
 block [900/1200] : done (2118ms) 
 block [901/1200] : done (2127ms) 
 block [902/1200] : done (2177ms) 
 block [903/1200] : done (2209ms) 
 block [904/1200] : done (2193ms) 
 block [905/1200] : done (2232ms) 
 block [906/1200] : done (2270ms) 
 block [907/1200] : done (2285ms) 
 block [908/1200] : done (2261ms) 
 block [909/1200] : done (2210ms) 
 block [910/1200] : done (2162ms) 
 block [911/1200] : done (2293ms) 
 block [912/1200] : done (2339ms) 
 block [913/1200] : done (2347ms) 
 block [914/1200] : done (2334ms) 
 block [915/1200] : done (2292ms) 
 block [916/1200] : done (2295ms) 
 block [917/1200] : done (2247ms) 
 block [918/1200] : done (2222ms) 
 block [919/1200] : done (2225ms) 
 block [920/1200] : done (2247ms) 
 block [921/1200] : done (2250ms) 
 block [922/1200] : done (2158ms) 
 block [923/1200] : done (2238ms) 
 block [924/1200] : done (2290ms) 
 block [925/1200] : done (2384ms) 
 block [926/1200] : done (2214ms) 
 block [927/1200] : done (2186ms) 
 block [928/1200] : done (2120ms) 
 block [929/1200] : done (2219ms) 
 block [930/1200] : done (2257ms) 
 block [931/1200] : done (2257ms) 
 block [932/1200] : done (2195ms) 
 block [933/1200] : done (2160ms) 
 block [934/1200] : done (2109ms) 
 block [935/1200] : done (2078ms) 
 block [936/1200] : done (2165ms) 
 block [937/1200] : done (2234ms) 
 block [938/1200] : done (2210ms) 
 block [939/1200] : done (2200ms) 
 block [940/1200] : done (2224ms) 
 block [941/1200] : done (2217ms) 
 block [942/1200] : done (2215ms) 
 block [943/1200] : done (2231ms) 
 block [944/1200] : done (2290ms) 
 block [945/1200] : done (2250ms) 
 block [946/1200] : done (2200ms) 
 block [947/1200] : done (2306ms) 
 block [948/1200] : done (2250ms) 
 block [949/1200] : done (2164ms) 
 block [950/1200] : done (2228ms) 
 block [951/1200] : done (2180ms) 
 block [952/1200] : done (2263ms) 
 block [953/1200] : done (2210ms) 
 block [954/1200] : done (2262ms) 
 block [955/1200] : done (2232ms) 
 block [956/1200] : done (2243ms) 
 block [957/1200] : done (2243ms) 
 block [958/1200] : done (2127ms) 
 block [959/1200] : done (2177ms) 
 block [960/1200] : done (2142ms) 
 block [961/1200] : done (2280ms) 
 block [962/1200] : done (2158ms) 
 block [963/1200] : done (2327ms) 
 block [964/1200] : done (2271ms) 
 block [965/1200] : done (2287ms) 
 block [966/1200] : done (2255ms) 
 block [967/1200] : done (2194ms) 
 block [968/1200] : done (2196ms) 
 block [969/1200] : done (2167ms) 
 block [970/1200] : done (2155ms) 
 block [971/1200] : done (2141ms) 
 block [972/1200] : done (2103ms) 
 block [973/1200] : done (2107ms) 
 block [974/1200] : done (2084ms) 
 block [975/1200] : done (2129ms) 
 block [976/1200] : done (2123ms) 
 block [977/1200] : done (2152ms) 
 block [978/1200] : done (2155ms) 
 block [979/1200] : done (2168ms) 
 block [980/1200] : done (2180ms) 
 block [981/1200] : done (2160ms) 
 block [982/1200] : done (2166ms) 
 block [983/1200] : done (2234ms) 
 block [984/1200] : done (2155ms) 
 block [985/1200] : done (2187ms) 
 block [986/1200] : done (2125ms) 
 block [987/1200] : done (2184ms) 
 block [988/1200] : done (2168ms) 
 block [989/1200] : done (2192ms) 
 block [990/1200] : done (2202ms) 
 block [991/1200] : done (2295ms) 
 block [992/1200] : done (2214ms) 
 block [993/1200] : done (2172ms) 
 block [994/1200] : done (2234ms) 
 block [995/1200] : done (2192ms) 
 block [996/1200] : done (2216ms) 
 block [997/1200] : done (2203ms) 
 block [998/1200] : done (2163ms) 
 block [999/1200] : done (2201ms) 
 block [1000/1200] : done (2121ms) 
 block [1001/1200] : done (2240ms) 
 block [1002/1200] : done (2116ms) 
 block [1003/1200] : done (2170ms) 
 block [1004/1200] : done (2111ms) 
 block [1005/1200] : done (2151ms) 
 block [1006/1200] : done (2117ms) 
 block [1007/1200] : done (2117ms) 
 block [1008/1200] : done (2154ms) 
 block [1009/1200] : done (2111ms) 
 block [1010/1200] : done (2129ms) 
 block [1011/1200] : done (2161ms) 
 block [1012/1200] : done (2159ms) 
 block [1013/1200] : done (2205ms) 
 block [1014/1200] : done (2173ms) 
 block [1015/1200] : done (2143ms) 
 block [1016/1200] : done (2208ms) 
 block [1017/1200] : done (2237ms) 
 block [1018/1200] : done (2188ms) 
 block [1019/1200] : done (2261ms) 
 block [1020/1200] : done (2205ms) 
 block [1021/1200] : done (2245ms) 
 block [1022/1200] : done (2143ms) 
 block [1023/1200] : done (2187ms) 
 block [1024/1200] : done (2151ms) 
 block [1025/1200] : done (2127ms) 
 block [1026/1200] : done (2118ms) 
 block [1027/1200] : done (2143ms) 
 block [1028/1200] : done (2131ms) 
 block [1029/1200] : done (2156ms) 
 block [1030/1200] : done (2203ms) 
 block [1031/1200] : done (2141ms) 
 block [1032/1200] : done (2187ms) 
 block [1033/1200] : done (2166ms) 
 block [1034/1200] : done (2175ms) 
 block [1035/1200] : done (2141ms) 
 block [1036/1200] : done (2162ms) 
 block [1037/1200] : done (2228ms) 
 block [1038/1200] : done (2275ms) 
 block [1039/1200] : done (2258ms) 
 block [1040/1200] : done (2278ms) 
 block [1041/1200] : done (2312ms) 
 block [1042/1200] : done (2206ms) 
 block [1043/1200] : done (2182ms) 
 block [1044/1200] : done (2261ms) 
 block [1045/1200] : done (2186ms) 
 block [1046/1200] : done (2176ms) 
 block [1047/1200] : done (2123ms) 
 block [1048/1200] : done (2171ms) 
 block [1049/1200] : done (2184ms) 
 block [1050/1200] : done (2310ms) 
 block [1051/1200] : done (2179ms) 
 block [1052/1200] : done (2162ms) 
 block [1053/1200] : done (2145ms) 
 block [1054/1200] : done (2331ms) 
 block [1055/1200] : done (2082ms) 
 block [1056/1200] : done (2180ms) 
 block [1057/1200] : done (2212ms) 
 block [1058/1200] : done (2213ms) 
 block [1059/1200] : done (2194ms) 
 block [1060/1200] : done (2158ms) 
 block [1061/1200] : done (2087ms) 
 block [1062/1200] : done (2109ms) 
 block [1063/1200] : done (2122ms) 
 block [1064/1200] : done (2150ms) 
 block [1065/1200] : done (2187ms) 
 block [1066/1200] : done (2203ms) 
 block [1067/1200] : done (2223ms) 
 block [1068/1200] : done (2201ms) 
 block [1069/1200] : done (2132ms) 
 block [1070/1200] : done (2174ms) 
 block [1071/1200] : done (2081ms) 
 block [1072/1200] : done (2106ms) 
 block [1073/1200] : done (2179ms) 
 block [1074/1200] : done (2217ms) 
 block [1075/1200] : done (2334ms) 
 block [1076/1200] : done (2263ms) 
 block [1077/1200] : done (2212ms) 
 block [1078/1200] : done (2245ms) 
 block [1079/1200] : done (2237ms) 
 block [1080/1200] : done (2129ms) 
 block [1081/1200] : done (2177ms) 
 block [1082/1200] : done (2196ms) 
 block [1083/1200] : done (2149ms) 
 block [1084/1200] : done (2234ms) 
 block [1085/1200] : done (2308ms) 
 block [1086/1200] : done (2215ms) 
 block [1087/1200] : done (2229ms) 
 block [1088/1200] : done (2178ms) 
 block [1089/1200] : done (2186ms) 
 block [1090/1200] : done (2215ms) 
 block [1091/1200] : done (2152ms) 
 block [1092/1200] : done (2201ms) 
 block [1093/1200] : done (2137ms) 
 block [1094/1200] : done (2229ms) 
 block [1095/1200] : done (2146ms) 
 block [1096/1200] : done (2140ms) 
 block [1097/1200] : done (2207ms) 
 block [1098/1200] : done (2261ms) 
 block [1099/1200] : done (2204ms) 
 block [1100/1200] : done (2191ms) 
 block [1101/1200] : done (2097ms) 
 block [1102/1200] : done (2213ms) 
 block [1103/1200] : done (2202ms) 
 block [1104/1200] : done (2190ms) 
 block [1105/1200] : done (2123ms) 
 block [1106/1200] : done (2127ms) 
 block [1107/1200] : done (2131ms) 
 block [1108/1200] : done (2128ms) 
 block [1109/1200] : done (2131ms) 
 block [1110/1200] : done (2249ms) 
 block [1111/1200] : done (2246ms) 
 block [1112/1200] : done (2173ms) 
 block [1113/1200] : done (2175ms) 
 block [1114/1200] : done (2135ms) 
 block [1115/1200] : done (2187ms) 
 block [1116/1200] : done (2199ms) 
 block [1117/1200] : done (2136ms) 
 block [1118/1200] : done (2138ms) 
 block [1119/1200] : done (2144ms) 
 block [1120/1200] : done (2169ms) 
 block [1121/1200] : done (2131ms) 
 block [1122/1200] : done (2154ms) 
 block [1123/1200] : done (2185ms) 
 block [1124/1200] : done (2113ms) 
 block [1125/1200] : done (2214ms) 
 block [1126/1200] : done (2137ms) 
 block [1127/1200] : done (2199ms) 
 block [1128/1200] : done (2174ms) 
 block [1129/1200] : done (2198ms) 
 block [1130/1200] : done (2199ms) 
 block [1131/1200] : done (2122ms) 
 block [1132/1200] : done (2150ms) 
 block [1133/1200] : done (2149ms) 
 block [1134/1200] : done (2121ms) 
 block [1135/1200] : done (2139ms) 
 block [1136/1200] : done (2127ms) 
 block [1137/1200] : done (2152ms) 
 block [1138/1200] : done (2119ms) 
 block [1139/1200] : done (2095ms) 
 block [1140/1200] : done (2180ms) 
 block [1141/1200] : done (2186ms) 
 block [1142/1200] : done (2108ms) 
 block [1143/1200] : done (2135ms) 
 block [1144/1200] : done (2124ms) 
 block [1145/1200] : done (2151ms) 
 block [1146/1200] : done (2138ms) 
 block [1147/1200] : done (2198ms) 
 block [1148/1200] : done (2250ms) 
 block [1149/1200] : done (2207ms) 
 block [1150/1200] : done (2198ms) 
 block [1151/1200] : done (2185ms) 
 block [1152/1200] : done (2191ms) 
 block [1153/1200] : done (2192ms) 
 block [1154/1200] : done (2115ms) 
 block [1155/1200] : done (2141ms) 
 block [1156/1200] : done (2214ms) 
 block [1157/1200] : done (2176ms) 
 block [1158/1200] : done (2127ms) 
 block [1159/1200] : done (2103ms) 
 block [1160/1200] : done (2146ms) 
 block [1161/1200] : done (2080ms) 
 block [1162/1200] : done (2077ms) 
 block [1163/1200] : done (2235ms) 
 block [1164/1200] : done (2203ms) 
 block [1165/1200] : done (2203ms) 
 block [1166/1200] : done (2136ms) 
 block [1167/1200] : done (2133ms) 
 block [1168/1200] : done (2141ms) 
 block [1169/1200] : done (2214ms) 
 block [1170/1200] : done (2187ms) 
 block [1171/1200] : done (2164ms) 
 block [1172/1200] : done (2144ms) 
 block [1173/1200] : done (2052ms) 
 block [1174/1200] : done (2159ms) 
 block [1175/1200] : done (2075ms) 
 block [1176/1200] : done (2074ms) 
 block [1177/1200] : done (2194ms) 
 block [1178/1200] : done (2096ms) 
 block [1179/1200] : done (2136ms) 
 block [1180/1200] : done (2175ms) 
 block [1181/1200] : done (2134ms) 
 block [1182/1200] : done (2209ms) 
 block [1183/1200] : done (2124ms) 
 block [1184/1200] : done (2255ms) 
 block [1185/1200] : done (2229ms) 
 block [1186/1200] : done (2167ms) 
 block [1187/1200] : done (2117ms) 
 block [1188/1200] : done (2105ms) 
 block [1189/1200] : done (2060ms) 
 block [1190/1200] : done (2040ms) 
 block [1191/1200] : done (2181ms) 
 block [1192/1200] : done (2196ms) 
 block [1193/1200] : done (2157ms) 
 block [1194/1200] : done (2136ms) 
 block [1195/1200] : done (2136ms) 
 block [1196/1200] : done (2124ms) 
 block [1197/1200] : done (2120ms) 
 block [1198/1200] : done (2071ms) 
 block [1199/1200] : done (2165ms) 
 block [1200/1200] : done (37ms) 

Association results stored separately for each trait in files : 
* [result/06_step2/sig_weight_eur_step2.chr13_eur_SIG0_AUC.regenie]
* [result/06_step2/sig_weight_eur_step2.chr13_eur_SIG1_AUC.regenie]
* [result/06_step2/sig_weight_eur_step2.chr13_eur_SIG2_AUC.regenie]
* [result/06_step2/sig_weight_eur_step2.chr13_eur_SIG3_AUC.regenie]
* [result/06_step2/sig_weight_eur_step2.chr13_eur_SIG4_AUC.regenie]
* [result/06_step2/sig_weight_eur_step2.chr13_eur_SIG5_AUC.regenie]
* [result/06_step2/sig_weight_eur_step2.chr13_eur_SIG6_AUC.regenie]
* [result/06_step2/sig_weight_eur_step2.chr13_eur_SIG7_AUC.regenie]
* [result/06_step2/sig_weight_eur_step2.chr13_eur_SIG8_AUC.regenie]
* [result/06_step2/sig_weight_eur_step2.chr13_eur_SIG9_AUC.regenie]
* [result/06_step2/sig_weight_eur_step2.chr13_eur_SIG10_AUC.regenie]
* [result/06_step2/sig_weight_eur_step2.chr13_eur_SIG11_AUC.regenie]
* [result/06_step2/sig_weight_eur_step2.chr13_eur_SIG12_AUC.regenie]
* [result/06_step2/sig_weight_eur_step2.chr13_eur_SIG13_AUC.regenie]
* [result/06_step2/sig_weight_eur_step2.chr13_eur_SIG14_AUC.regenie]
* [result/06_step2/sig_weight_eur_step2.chr13_eur_SIG15_AUC.regenie]
* [result/06_step2/sig_weight_eur_step2.chr13_eur_SIG16_AUC.regenie]
* [result/06_step2/sig_weight_eur_step2.chr13_eur_SIG17_AUC.regenie]
* [result/06_step2/sig_weight_eur_step2.chr13_eur_SIG18_AUC.regenie]
* [result/06_step2/sig_weight_eur_step2.chr13_eur_SIG19_AUC.regenie]
* [result/06_step2/sig_weight_eur_step2.chr13_eur_SIG20_AUC.regenie]

Number of ignored tests due to low MAC or info score : 0

Elapsed time : 2650.07s
End time: Wed Dec 17 07:49:56 2025

