Start time: Wed Dec 17 07:05:43 2025

              |=============================|
              |      REGENIE v3.2.5.gz      |
              |=============================|

Copyright (c) 2020-2022 Joelle Mbatchou, Andrey Ziyatdinov and Jonathan Marchini.
Distributed under the MIT License.
Compiled with Boost Iostream library.
Using Intel MKL with Eigen.

Log of output saved in file : result/06_step2/sig_weight_eur_step2.chr1_eur.log

Options in effect:
  --step 2 \
  --bgen /broad/ukbb/imputed_v3/ukb_imp_chr1_v3.bgen \
  --sample /medpop/esp2/pradeep/UKBiobank/v3data/ukb7089_imp_chr3_v3_s487395.sample \
  --ref-first \
  --extract ../data/step2/var.chr1_eur.list.snplist \
  --keep ../data/sample_list_eur.txt \
  --covarFile ../data/sig_weight_cov_file.tsv \
  --phenoFile /medpop/esp2/tnakao/analyses/projects/collab/Sarah_signature_weights_GWAS/import/signature_auc_phenotypes_last.txt \
  --bsize 200 \
  --threads 4 \
  --qt \
  --catCovarList genotyping_array,Inferred_Gender \
  --pred result/04_step1/sig_weight_eur_step1_pred.list \
  --minINFO 0.7 \
  --out result/06_step2/sig_weight_eur_step2.chr1_eur

Association testing mode with fast multithreading using OpenMP
 * bgen             : [/broad/ukbb/imputed_v3/ukb_imp_chr1_v3.bgen]
   -summary : bgen file (v1.2 layout, zlib compressed) with 487409 anonymous samples and 7402791 variants with 8-bit encoding.
   -index bgi file [/broad/ukbb/imputed_v3/ukb_imp_chr1_v3.bgen.bgi]
   -keeping variants specified by --extract
   -number of variants remaining in the analysis = 496098
   -sample file: /medpop/esp2/pradeep/UKBiobank/v3data/ukb7089_imp_chr3_v3_s487395.sample
   -keeping only individuals specified by --keep
   -number of genotyped individuals remaining in the analysis = 361171
 * phenotypes       : [/medpop/esp2/tnakao/analyses/projects/collab/Sarah_signature_weights_GWAS/import/signature_auc_phenotypes_last.txt] n_pheno = 21
   -number of phenotyped individuals  = 361171
 * covariates       : [../data/sig_weight_cov_file.tsv] n_cov = 13
   -number of individuals with covariate data = 361171
 * number of individuals used in analysis = 361171
 * number of observations for each trait:
   - 'SIG0_AUC': 361171 observations
   - 'SIG1_AUC': 361171 observations
   - 'SIG2_AUC': 361171 observations
   - 'SIG3_AUC': 361171 observations
   - 'SIG4_AUC': 361171 observations
   - 'SIG5_AUC': 361171 observations
   - 'SIG6_AUC': 361171 observations
   - 'SIG7_AUC': 361171 observations
   - 'SIG8_AUC': 361171 observations
   - 'SIG9_AUC': 361171 observations
   - 'SIG10_AUC': 361171 observations
   - 'SIG11_AUC': 361171 observations
   - 'SIG12_AUC': 361171 observations
   - 'SIG13_AUC': 361171 observations
   - 'SIG14_AUC': 361171 observations
   - 'SIG15_AUC': 361171 observations
   - 'SIG16_AUC': 361171 observations
   - 'SIG17_AUC': 361171 observations
   - 'SIG18_AUC': 361171 observations
   - 'SIG19_AUC': 361171 observations
   - 'SIG20_AUC': 361171 observations
 * LOCO predictions : [result/04_step1/sig_weight_eur_step1_pred.list]
   -file [/medpop/esp2/tnakao/analyses/projects/collab/Sarah_signature_weights_GWAS/96_last_250319/result/04_step1/sig_weight_eur_step1_1.loco] for phenotype 'SIG0_AUC'
   -file [/medpop/esp2/tnakao/analyses/projects/collab/Sarah_signature_weights_GWAS/96_last_250319/result/04_step1/sig_weight_eur_step1_2.loco] for phenotype 'SIG1_AUC'
   -file [/medpop/esp2/tnakao/analyses/projects/collab/Sarah_signature_weights_GWAS/96_last_250319/result/04_step1/sig_weight_eur_step1_3.loco] for phenotype 'SIG2_AUC'
   -file [/medpop/esp2/tnakao/analyses/projects/collab/Sarah_signature_weights_GWAS/96_last_250319/result/04_step1/sig_weight_eur_step1_4.loco] for phenotype 'SIG3_AUC'
   -file [/medpop/esp2/tnakao/analyses/projects/collab/Sarah_signature_weights_GWAS/96_last_250319/result/04_step1/sig_weight_eur_step1_5.loco] for phenotype 'SIG4_AUC'
   -file [/medpop/esp2/tnakao/analyses/projects/collab/Sarah_signature_weights_GWAS/96_last_250319/result/04_step1/sig_weight_eur_step1_6.loco] for phenotype 'SIG5_AUC'
   -file [/medpop/esp2/tnakao/analyses/projects/collab/Sarah_signature_weights_GWAS/96_last_250319/result/04_step1/sig_weight_eur_step1_7.loco] for phenotype 'SIG6_AUC'
   -file [/medpop/esp2/tnakao/analyses/projects/collab/Sarah_signature_weights_GWAS/96_last_250319/result/04_step1/sig_weight_eur_step1_8.loco] for phenotype 'SIG7_AUC'
   -file [/medpop/esp2/tnakao/analyses/projects/collab/Sarah_signature_weights_GWAS/96_last_250319/result/04_step1/sig_weight_eur_step1_9.loco] for phenotype 'SIG8_AUC'
   -file [/medpop/esp2/tnakao/analyses/projects/collab/Sarah_signature_weights_GWAS/96_last_250319/result/04_step1/sig_weight_eur_step1_10.loco] for phenotype 'SIG9_AUC'
   -file [/medpop/esp2/tnakao/analyses/projects/collab/Sarah_signature_weights_GWAS/96_last_250319/result/04_step1/sig_weight_eur_step1_11.loco] for phenotype 'SIG10_AUC'
   -file [/medpop/esp2/tnakao/analyses/projects/collab/Sarah_signature_weights_GWAS/96_last_250319/result/04_step1/sig_weight_eur_step1_12.loco] for phenotype 'SIG11_AUC'
   -file [/medpop/esp2/tnakao/analyses/projects/collab/Sarah_signature_weights_GWAS/96_last_250319/result/04_step1/sig_weight_eur_step1_13.loco] for phenotype 'SIG12_AUC'
   -file [/medpop/esp2/tnakao/analyses/projects/collab/Sarah_signature_weights_GWAS/96_last_250319/result/04_step1/sig_weight_eur_step1_14.loco] for phenotype 'SIG13_AUC'
   -file [/medpop/esp2/tnakao/analyses/projects/collab/Sarah_signature_weights_GWAS/96_last_250319/result/04_step1/sig_weight_eur_step1_15.loco] for phenotype 'SIG14_AUC'
   -file [/medpop/esp2/tnakao/analyses/projects/collab/Sarah_signature_weights_GWAS/96_last_250319/result/04_step1/sig_weight_eur_step1_16.loco] for phenotype 'SIG15_AUC'
   -file [/medpop/esp2/tnakao/analyses/projects/collab/Sarah_signature_weights_GWAS/96_last_250319/result/04_step1/sig_weight_eur_step1_17.loco] for phenotype 'SIG16_AUC'
   -file [/medpop/esp2/tnakao/analyses/projects/collab/Sarah_signature_weights_GWAS/96_last_250319/result/04_step1/sig_weight_eur_step1_18.loco] for phenotype 'SIG17_AUC'
   -file [/medpop/esp2/tnakao/analyses/projects/collab/Sarah_signature_weights_GWAS/96_last_250319/result/04_step1/sig_weight_eur_step1_19.loco] for phenotype 'SIG18_AUC'
   -file [/medpop/esp2/tnakao/analyses/projects/collab/Sarah_signature_weights_GWAS/96_last_250319/result/04_step1/sig_weight_eur_step1_20.loco] for phenotype 'SIG19_AUC'
   -file [/medpop/esp2/tnakao/analyses/projects/collab/Sarah_signature_weights_GWAS/96_last_250319/result/04_step1/sig_weight_eur_step1_21.loco] for phenotype 'SIG20_AUC'
   -residualizing and scaling phenotypes...done (55ms) 
 * # threads        : [4]
 * block size       : [200]
 * # blocks         : [2481]
 * approximate memory usage : 2GB
 * using minimum MAC of 5 (variants with lower MAC are ignored)
 * using minimum imputation info score of 0.7 (variants with lower info score are ignored)

Chromosome 1 [2481 blocks in total]
   -reading loco predictions for the chromosome...done (10163ms) 
 block [1/2481] : done (2185ms) 
 block [2/2481] : done (2074ms) 
 block [3/2481] : done (2100ms) 
 block [4/2481] : done (2085ms) 
 block [5/2481] : done (1942ms) 
 block [6/2481] : done (1968ms) 
 block [7/2481] : done (1997ms) 
 block [8/2481] : done (2096ms) 
 block [9/2481] : done (2277ms) 
 block [10/2481] : done (2056ms) 
 block [11/2481] : done (2299ms) 
 block [12/2481] : done (2002ms) 
 block [13/2481] : done (2039ms) 
 block [14/2481] : done (2010ms) 
 block [15/2481] : done (1991ms) 
 block [16/2481] : done (2093ms) 
 block [17/2481] : done (1933ms) 
 block [18/2481] : done (2000ms) 
 block [19/2481] : done (2007ms) 
 block [20/2481] : done (2097ms) 
 block [21/2481] : done (1994ms) 
 block [22/2481] : done (2012ms) 
 block [23/2481] : done (2055ms) 
 block [24/2481] : done (1996ms) 
 block [25/2481] : done (2033ms) 
 block [26/2481] : done (1929ms) 
 block [27/2481] : done (2023ms) 
 block [28/2481] : done (2068ms) 
 block [29/2481] : done (2068ms) 
 block [30/2481] : done (1956ms) 
 block [31/2481] : done (1942ms) 
 block [32/2481] : done (1954ms) 
 block [33/2481] : done (1997ms) 
 block [34/2481] : done (1996ms) 
 block [35/2481] : done (1970ms) 
 block [36/2481] : done (1909ms) 
 block [37/2481] : done (2013ms) 
 block [38/2481] : done (1959ms) 
 block [39/2481] : done (1971ms) 
 block [40/2481] : done (1889ms) 
 block [41/2481] : done (1942ms) 
 block [42/2481] : done (2026ms) 
 block [43/2481] : done (1975ms) 
 block [44/2481] : done (2008ms) 
 block [45/2481] : done (1936ms) 
 block [46/2481] : done (1951ms) 
 block [47/2481] : done (2012ms) 
 block [48/2481] : done (1965ms) 
 block [49/2481] : done (2012ms) 
 block [50/2481] : done (2032ms) 
 block [51/2481] : done (2010ms) 
 block [52/2481] : done (2000ms) 
 block [53/2481] : done (2058ms) 
 block [54/2481] : done (1986ms) 
 block [55/2481] : done (2069ms) 
 block [56/2481] : done (2067ms) 
 block [57/2481] : done (2017ms) 
 block [58/2481] : done (2053ms) 
 block [59/2481] : done (2011ms) 
 block [60/2481] : done (2032ms) 
 block [61/2481] : done (1931ms) 
 block [62/2481] : done (2018ms) 
 block [63/2481] : done (2015ms) 
 block [64/2481] : done (1995ms) 
 block [65/2481] : done (1928ms) 
 block [66/2481] : done (1945ms) 
 block [67/2481] : done (1984ms) 
 block [68/2481] : done (1993ms) 
 block [69/2481] : done (1966ms) 
 block [70/2481] : done (2008ms) 
 block [71/2481] : done (1987ms) 
 block [72/2481] : done (2056ms) 
 block [73/2481] : done (2005ms) 
 block [74/2481] : done (2084ms) 
 block [75/2481] : done (2131ms) 
 block [76/2481] : done (2085ms) 
 block [77/2481] : done (2102ms) 
 block [78/2481] : done (2082ms) 
 block [79/2481] : done (2039ms) 
 block [80/2481] : done (1970ms) 
 block [81/2481] : done (2000ms) 
 block [82/2481] : done (2100ms) 
 block [83/2481] : done (2035ms) 
 block [84/2481] : done (2056ms) 
 block [85/2481] : done (2073ms) 
 block [86/2481] : done (2028ms) 
 block [87/2481] : done (2012ms) 
 block [88/2481] : done (2047ms) 
 block [89/2481] : done (2065ms) 
 block [90/2481] : done (1992ms) 
 block [91/2481] : done (2003ms) 
 block [92/2481] : done (2008ms) 
 block [93/2481] : done (1990ms) 
 block [94/2481] : done (1962ms) 
 block [95/2481] : done (2025ms) 
 block [96/2481] : done (1971ms) 
 block [97/2481] : done (1946ms) 
 block [98/2481] : done (1975ms) 
 block [99/2481] : done (1865ms) 
 block [100/2481] : done (1917ms) 
 block [101/2481] : done (1889ms) 
 block [102/2481] : done (1896ms) 
 block [103/2481] : done (1938ms) 
 block [104/2481] : done (1970ms) 
 block [105/2481] : done (1978ms) 
 block [106/2481] : done (2003ms) 
 block [107/2481] : done (1989ms) 
 block [108/2481] : done (2018ms) 
 block [109/2481] : done (2009ms) 
 block [110/2481] : done (1915ms) 
 block [111/2481] : done (1938ms) 
 block [112/2481] : done (2009ms) 
 block [113/2481] : done (2006ms) 
 block [114/2481] : done (1972ms) 
 block [115/2481] : done (1992ms) 
 block [116/2481] : done (2047ms) 
 block [117/2481] : done (1919ms) 
 block [118/2481] : done (1963ms) 
 block [119/2481] : done (2044ms) 
 block [120/2481] : done (2020ms) 
 block [121/2481] : done (2034ms) 
 block [122/2481] : done (1985ms) 
 block [123/2481] : done (1906ms) 
 block [124/2481] : done (1953ms) 
 block [125/2481] : done (1951ms) 
 block [126/2481] : done (1976ms) 
 block [127/2481] : done (1994ms) 
 block [128/2481] : done (1966ms) 
 block [129/2481] : done (2056ms) 
 block [130/2481] : done (1998ms) 
 block [131/2481] : done (2023ms) 
 block [132/2481] : done (1910ms) 
 block [133/2481] : done (1897ms) 
 block [134/2481] : done (1960ms) 
 block [135/2481] : done (2021ms) 
 block [136/2481] : done (1956ms) 
 block [137/2481] : done (1959ms) 
 block [138/2481] : done (1966ms) 
 block [139/2481] : done (1956ms) 
 block [140/2481] : done (1948ms) 
 block [141/2481] : done (1994ms) 
 block [142/2481] : done (1990ms) 
 block [143/2481] : done (1982ms) 
 block [144/2481] : done (1993ms) 
 block [145/2481] : done (2023ms) 
 block [146/2481] : done (2002ms) 
 block [147/2481] : done (1954ms) 
 block [148/2481] : done (2031ms) 
 block [149/2481] : done (2016ms) 
 block [150/2481] : done (1985ms) 
 block [151/2481] : done (2016ms) 
 block [152/2481] : done (1974ms) 
 block [153/2481] : done (1995ms) 
 block [154/2481] : done (1995ms) 
 block [155/2481] : done (2006ms) 
 block [156/2481] : done (1971ms) 
 block [157/2481] : done (1939ms) 
 block [158/2481] : done (1966ms) 
 block [159/2481] : done (1988ms) 
 block [160/2481] : done (2018ms) 
 block [161/2481] : done (2003ms) 
 block [162/2481] : done (1986ms) 
 block [163/2481] : done (1904ms) 
 block [164/2481] : done (1979ms) 
 block [165/2481] : done (2037ms) 
 block [166/2481] : done (2000ms) 
 block [167/2481] : done (1955ms) 
 block [168/2481] : done (1968ms) 
 block [169/2481] : done (2015ms) 
 block [170/2481] : done (2034ms) 
 block [171/2481] : done (1915ms) 
 block [172/2481] : done (1980ms) 
 block [173/2481] : done (1962ms) 
 block [174/2481] : done (1965ms) 
 block [175/2481] : done (1968ms) 
 block [176/2481] : done (1922ms) 
 block [177/2481] : done (1939ms) 
 block [178/2481] : done (1960ms) 
 block [179/2481] : done (1974ms) 
 block [180/2481] : done (2039ms) 
 block [181/2481] : done (1979ms) 
 block [182/2481] : done (1968ms) 
 block [183/2481] : done (1995ms) 
 block [184/2481] : done (1942ms) 
 block [185/2481] : done (1916ms) 
 block [186/2481] : done (1989ms) 
 block [187/2481] : done (2000ms) 
 block [188/2481] : done (1967ms) 
 block [189/2481] : done (1922ms) 
 block [190/2481] : done (2003ms) 
 block [191/2481] : done (1979ms) 
 block [192/2481] : done (2000ms) 
 block [193/2481] : done (1951ms) 
 block [194/2481] : done (1935ms) 
 block [195/2481] : done (1966ms) 
 block [196/2481] : done (1970ms) 
 block [197/2481] : done (1988ms) 
 block [198/2481] : done (1912ms) 
 block [199/2481] : done (1901ms) 
 block [200/2481] : done (1962ms) 
 block [201/2481] : done (1972ms) 
 block [202/2481] : done (1963ms) 
 block [203/2481] : done (1937ms) 
 block [204/2481] : done (1915ms) 
 block [205/2481] : done (1919ms) 
 block [206/2481] : done (1974ms) 
 block [207/2481] : done (2002ms) 
 block [208/2481] : done (1945ms) 
 block [209/2481] : done (2004ms) 
 block [210/2481] : done (1966ms) 
 block [211/2481] : done (2000ms) 
 block [212/2481] : done (2001ms) 
 block [213/2481] : done (1971ms) 
 block [214/2481] : done (2032ms) 
 block [215/2481] : done (2045ms) 
 block [216/2481] : done (1977ms) 
 block [217/2481] : done (1951ms) 
 block [218/2481] : done (1985ms) 
 block [219/2481] : done (2001ms) 
 block [220/2481] : done (1955ms) 
 block [221/2481] : done (1990ms) 
 block [222/2481] : done (1991ms) 
 block [223/2481] : done (2025ms) 
 block [224/2481] : done (2072ms) 
 block [225/2481] : done (1994ms) 
 block [226/2481] : done (2019ms) 
 block [227/2481] : done (1945ms) 
 block [228/2481] : done (1945ms) 
 block [229/2481] : done (1920ms) 
 block [230/2481] : done (1902ms) 
 block [231/2481] : done (1941ms) 
 block [232/2481] : done (1936ms) 
 block [233/2481] : done (1969ms) 
 block [234/2481] : done (1948ms) 
 block [235/2481] : done (1957ms) 
 block [236/2481] : done (2004ms) 
 block [237/2481] : done (2007ms) 
 block [238/2481] : done (2033ms) 
 block [239/2481] : done (1964ms) 
 block [240/2481] : done (1974ms) 
 block [241/2481] : done (1978ms) 
 block [242/2481] : done (1986ms) 
 block [243/2481] : done (2038ms) 
 block [244/2481] : done (1963ms) 
 block [245/2481] : done (1953ms) 
 block [246/2481] : done (1950ms) 
 block [247/2481] : done (2243ms) 
 block [248/2481] : done (1875ms) 
 block [249/2481] : done (2020ms) 
 block [250/2481] : done (2047ms) 
 block [251/2481] : done (2039ms) 
 block [252/2481] : done (2017ms) 
 block [253/2481] : done (1970ms) 
 block [254/2481] : done (1949ms) 
 block [255/2481] : done (1985ms) 
 block [256/2481] : done (1950ms) 
 block [257/2481] : done (1953ms) 
 block [258/2481] : done (1960ms) 
 block [259/2481] : done (1968ms) 
 block [260/2481] : done (2038ms) 
 block [261/2481] : done (1949ms) 
 block [262/2481] : done (1927ms) 
 block [263/2481] : done (2005ms) 
 block [264/2481] : done (2083ms) 
 block [265/2481] : done (2005ms) 
 block [266/2481] : done (1988ms) 
 block [267/2481] : done (1973ms) 
 block [268/2481] : done (1968ms) 
 block [269/2481] : done (1946ms) 
 block [270/2481] : done (1944ms) 
 block [271/2481] : done (1936ms) 
 block [272/2481] : done (1917ms) 
 block [273/2481] : done (1946ms) 
 block [274/2481] : done (1950ms) 
 block [275/2481] : done (1983ms) 
 block [276/2481] : done (1914ms) 
 block [277/2481] : done (1965ms) 
 block [278/2481] : done (1971ms) 
 block [279/2481] : done (1965ms) 
 block [280/2481] : done (2038ms) 
 block [281/2481] : done (1945ms) 
 block [282/2481] : done (1938ms) 
 block [283/2481] : done (1957ms) 
 block [284/2481] : done (1946ms) 
 block [285/2481] : done (1959ms) 
 block [286/2481] : done (2019ms) 
 block [287/2481] : done (1943ms) 
 block [288/2481] : done (1958ms) 
 block [289/2481] : done (1929ms) 
 block [290/2481] : done (1902ms) 
 block [291/2481] : done (1925ms) 
 block [292/2481] : done (2000ms) 
 block [293/2481] : done (1981ms) 
 block [294/2481] : done (1942ms) 
 block [295/2481] : done (1967ms) 
 block [296/2481] : done (1930ms) 
 block [297/2481] : done (1959ms) 
 block [298/2481] : done (2050ms) 
 block [299/2481] : done (1970ms) 
 block [300/2481] : done (2034ms) 
 block [301/2481] : done (2022ms) 
 block [302/2481] : done (2004ms) 
 block [303/2481] : done (1972ms) 
 block [304/2481] : done (1971ms) 
 block [305/2481] : done (1972ms) 
 block [306/2481] : done (1988ms) 
 block [307/2481] : done (2008ms) 
 block [308/2481] : done (1918ms) 
 block [309/2481] : done (1996ms) 
 block [310/2481] : done (1978ms) 
 block [311/2481] : done (2027ms) 
 block [312/2481] : done (1910ms) 
 block [313/2481] : done (1955ms) 
 block [314/2481] : done (1974ms) 
 block [315/2481] : done (2053ms) 
 block [316/2481] : done (2007ms) 
 block [317/2481] : done (1955ms) 
 block [318/2481] : done (1968ms) 
 block [319/2481] : done (1991ms) 
 block [320/2481] : done (1937ms) 
 block [321/2481] : done (1948ms) 
 block [322/2481] : done (1962ms) 
 block [323/2481] : done (1962ms) 
 block [324/2481] : done (1973ms) 
 block [325/2481] : done (2041ms) 
 block [326/2481] : done (1961ms) 
 block [327/2481] : done (1945ms) 
 block [328/2481] : done (1967ms) 
 block [329/2481] : done (2032ms) 
 block [330/2481] : done (1926ms) 
 block [331/2481] : done (1929ms) 
 block [332/2481] : done (1985ms) 
 block [333/2481] : done (1946ms) 
 block [334/2481] : done (1948ms) 
 block [335/2481] : done (1962ms) 
 block [336/2481] : done (1944ms) 
 block [337/2481] : done (1913ms) 
 block [338/2481] : done (1897ms) 
 block [339/2481] : done (1989ms) 
 block [340/2481] : done (2031ms) 
 block [341/2481] : done (1990ms) 
 block [342/2481] : done (2014ms) 
 block [343/2481] : done (1948ms) 
 block [344/2481] : done (1982ms) 
 block [345/2481] : done (1961ms) 
 block [346/2481] : done (1945ms) 
 block [347/2481] : done (1960ms) 
 block [348/2481] : done (1982ms) 
 block [349/2481] : done (2019ms) 
 block [350/2481] : done (1975ms) 
 block [351/2481] : done (1942ms) 
 block [352/2481] : done (1933ms) 
 block [353/2481] : done (1969ms) 
 block [354/2481] : done (2053ms) 
 block [355/2481] : done (2021ms) 
 block [356/2481] : done (2006ms) 
 block [357/2481] : done (2019ms) 
 block [358/2481] : done (1963ms) 
 block [359/2481] : done (1964ms) 
 block [360/2481] : done (2061ms) 
 block [361/2481] : done (2031ms) 
 block [362/2481] : done (1878ms) 
 block [363/2481] : done (1945ms) 
 block [364/2481] : done (1965ms) 
 block [365/2481] : done (1978ms) 
 block [366/2481] : done (1985ms) 
 block [367/2481] : done (2001ms) 
 block [368/2481] : done (1982ms) 
 block [369/2481] : done (1958ms) 
 block [370/2481] : done (1979ms) 
 block [371/2481] : done (1901ms) 
 block [372/2481] : done (1986ms) 
 block [373/2481] : done (1963ms) 
 block [374/2481] : done (1925ms) 
 block [375/2481] : done (1953ms) 
 block [376/2481] : done (1951ms) 
 block [377/2481] : done (1938ms) 
 block [378/2481] : done (1963ms) 
 block [379/2481] : done (1966ms) 
 block [380/2481] : done (1953ms) 
 block [381/2481] : done (2023ms) 
 block [382/2481] : done (1970ms) 
 block [383/2481] : done (2026ms) 
 block [384/2481] : done (1975ms) 
 block [385/2481] : done (1941ms) 
 block [386/2481] : done (1951ms) 
 block [387/2481] : done (1944ms) 
 block [388/2481] : done (1980ms) 
 block [389/2481] : done (1933ms) 
 block [390/2481] : done (1946ms) 
 block [391/2481] : done (1904ms) 
 block [392/2481] : done (1900ms) 
 block [393/2481] : done (1950ms) 
 block [394/2481] : done (1910ms) 
 block [395/2481] : done (1946ms) 
 block [396/2481] : done (1948ms) 
 block [397/2481] : done (1968ms) 
 block [398/2481] : done (1937ms) 
 block [399/2481] : done (1966ms) 
 block [400/2481] : done (1921ms) 
 block [401/2481] : done (1987ms) 
 block [402/2481] : done (1955ms) 
 block [403/2481] : done (1935ms) 
 block [404/2481] : done (1897ms) 
 block [405/2481] : done (1917ms) 
 block [406/2481] : done (1996ms) 
 block [407/2481] : done (1920ms) 
 block [408/2481] : done (1981ms) 
 block [409/2481] : done (1957ms) 
 block [410/2481] : done (1972ms) 
 block [411/2481] : done (1953ms) 
 block [412/2481] : done (1926ms) 
 block [413/2481] : done (1947ms) 
 block [414/2481] : done (2202ms) 
 block [415/2481] : done (1966ms) 
 block [416/2481] : done (2006ms) 
 block [417/2481] : done (1979ms) 
 block [418/2481] : done (1983ms) 
 block [419/2481] : done (1956ms) 
 block [420/2481] : done (1891ms) 
 block [421/2481] : done (1998ms) 
 block [422/2481] : done (1945ms) 
 block [423/2481] : done (1941ms) 
 block [424/2481] : done (1974ms) 
 block [425/2481] : done (1927ms) 
 block [426/2481] : done (1949ms) 
 block [427/2481] : done (1975ms) 
 block [428/2481] : done (1925ms) 
 block [429/2481] : done (1925ms) 
 block [430/2481] : done (2161ms) 
 block [431/2481] : done (1917ms) 
 block [432/2481] : done (1978ms) 
 block [433/2481] : done (1938ms) 
 block [434/2481] : done (1996ms) 
 block [435/2481] : done (1935ms) 
 block [436/2481] : done (1899ms) 
 block [437/2481] : done (1932ms) 
 block [438/2481] : done (1933ms) 
 block [439/2481] : done (1942ms) 
 block [440/2481] : done (1930ms) 
 block [441/2481] : done (1960ms) 
 block [442/2481] : done (1942ms) 
 block [443/2481] : done (1908ms) 
 block [444/2481] : done (1971ms) 
 block [445/2481] : done (1973ms) 
 block [446/2481] : done (1940ms) 
 block [447/2481] : done (2006ms) 
 block [448/2481] : done (1991ms) 
 block [449/2481] : done (2000ms) 
 block [450/2481] : done (1987ms) 
 block [451/2481] : done (1975ms) 
 block [452/2481] : done (1965ms) 
 block [453/2481] : done (1929ms) 
 block [454/2481] : done (1897ms) 
 block [455/2481] : done (1956ms) 
 block [456/2481] : done (1957ms) 
 block [457/2481] : done (1974ms) 
 block [458/2481] : done (2011ms) 
 block [459/2481] : done (1949ms) 
 block [460/2481] : done (1991ms) 
 block [461/2481] : done (1945ms) 
 block [462/2481] : done (1957ms) 
 block [463/2481] : done (1957ms) 
 block [464/2481] : done (1926ms) 
 block [465/2481] : done (1958ms) 
 block [466/2481] : done (1980ms) 
 block [467/2481] : done (1996ms) 
 block [468/2481] : done (1990ms) 
 block [469/2481] : done (2012ms) 
 block [470/2481] : done (1959ms) 
 block [471/2481] : done (1982ms) 
 block [472/2481] : done (1968ms) 
 block [473/2481] : done (1925ms) 
 block [474/2481] : done (1977ms) 
 block [475/2481] : done (1973ms) 
 block [476/2481] : done (1963ms) 
 block [477/2481] : done (1978ms) 
 block [478/2481] : done (1921ms) 
 block [479/2481] : done (1970ms) 
 block [480/2481] : done (1983ms) 
 block [481/2481] : done (1985ms) 
 block [482/2481] : done (1939ms) 
 block [483/2481] : done (1925ms) 
 block [484/2481] : done (1916ms) 
 block [485/2481] : done (1923ms) 
 block [486/2481] : done (1949ms) 
 block [487/2481] : done (1947ms) 
 block [488/2481] : done (1943ms) 
 block [489/2481] : done (1910ms) 
 block [490/2481] : done (1922ms) 
 block [491/2481] : done (1959ms) 
 block [492/2481] : done (1990ms) 
 block [493/2481] : done (1992ms) 
 block [494/2481] : done (1994ms) 
 block [495/2481] : done (1965ms) 
 block [496/2481] : done (1998ms) 
 block [497/2481] : done (2006ms) 
 block [498/2481] : done (1925ms) 
 block [499/2481] : done (1930ms) 
 block [500/2481] : done (1929ms) 
 block [501/2481] : done (1895ms) 
 block [502/2481] : done (1928ms) 
 block [503/2481] : done (1891ms) 
 block [504/2481] : done (1963ms) 
 block [505/2481] : done (1935ms) 
 block [506/2481] : done (1882ms) 
 block [507/2481] : done (1863ms) 
 block [508/2481] : done (1887ms) 
 block [509/2481] : done (1958ms) 
 block [510/2481] : done (1942ms) 
 block [511/2481] : done (1943ms) 
 block [512/2481] : done (1966ms) 
 block [513/2481] : done (1964ms) 
 block [514/2481] : done (1999ms) 
 block [515/2481] : done (1971ms) 
 block [516/2481] : done (1996ms) 
 block [517/2481] : done (1957ms) 
 block [518/2481] : done (1982ms) 
 block [519/2481] : done (1953ms) 
 block [520/2481] : done (1858ms) 
 block [521/2481] : done (1874ms) 
 block [522/2481] : done (1931ms) 
 block [523/2481] : done (1938ms) 
 block [524/2481] : done (1930ms) 
 block [525/2481] : done (1961ms) 
 block [526/2481] : done (1932ms) 
 block [527/2481] : done (1975ms) 
 block [528/2481] : done (1936ms) 
 block [529/2481] : done (1985ms) 
 block [530/2481] : done (1915ms) 
 block [531/2481] : done (1943ms) 
 block [532/2481] : done (1930ms) 
 block [533/2481] : done (1944ms) 
 block [534/2481] : done (2000ms) 
 block [535/2481] : done (1973ms) 
 block [536/2481] : done (1961ms) 
 block [537/2481] : done (1994ms) 
 block [538/2481] : done (1957ms) 
 block [539/2481] : done (1967ms) 
 block [540/2481] : done (1945ms) 
 block [541/2481] : done (2056ms) 
 block [542/2481] : done (1976ms) 
 block [543/2481] : done (2005ms) 
 block [544/2481] : done (1968ms) 
 block [545/2481] : done (1894ms) 
 block [546/2481] : done (1934ms) 
 block [547/2481] : done (1966ms) 
 block [548/2481] : done (1887ms) 
 block [549/2481] : done (1900ms) 
 block [550/2481] : done (1890ms) 
 block [551/2481] : done (1916ms) 
 block [552/2481] : done (1949ms) 
 block [553/2481] : done (1953ms) 
 block [554/2481] : done (1953ms) 
 block [555/2481] : done (1935ms) 
 block [556/2481] : done (1938ms) 
 block [557/2481] : done (1925ms) 
 block [558/2481] : done (1957ms) 
 block [559/2481] : done (1937ms) 
 block [560/2481] : done (1944ms) 
 block [561/2481] : done (1986ms) 
 block [562/2481] : done (1988ms) 
 block [563/2481] : done (1948ms) 
 block [564/2481] : done (1985ms) 
 block [565/2481] : done (2039ms) 
 block [566/2481] : done (2010ms) 
 block [567/2481] : done (1958ms) 
 block [568/2481] : done (1919ms) 
 block [569/2481] : done (1921ms) 
 block [570/2481] : done (1918ms) 
 block [571/2481] : done (1907ms) 
 block [572/2481] : done (1900ms) 
 block [573/2481] : done (1907ms) 
 block [574/2481] : done (1917ms) 
 block [575/2481] : done (1878ms) 
 block [576/2481] : done (1925ms) 
 block [577/2481] : done (1952ms) 
 block [578/2481] : done (1928ms) 
 block [579/2481] : done (1968ms) 
 block [580/2481] : done (1981ms) 
 block [581/2481] : done (1945ms) 
 block [582/2481] : done (2006ms) 
 block [583/2481] : done (1929ms) 
 block [584/2481] : done (2037ms) 
 block [585/2481] : done (1965ms) 
 block [586/2481] : done (1961ms) 
 block [587/2481] : done (1953ms) 
 block [588/2481] : done (1867ms) 
 block [589/2481] : done (1865ms) 
 block [590/2481] : done (1906ms) 
 block [591/2481] : done (1926ms) 
 block [592/2481] : done (1940ms) 
 block [593/2481] : done (2000ms) 
 block [594/2481] : done (2016ms) 
 block [595/2481] : done (1990ms) 
 block [596/2481] : done (1939ms) 
 block [597/2481] : done (1954ms) 
 block [598/2481] : done (1980ms) 
 block [599/2481] : done (2006ms) 
 block [600/2481] : done (1990ms) 
 block [601/2481] : done (1985ms) 
 block [602/2481] : done (2022ms) 
 block [603/2481] : done (1890ms) 
 block [604/2481] : done (1958ms) 
 block [605/2481] : done (1921ms) 
 block [606/2481] : done (1917ms) 
 block [607/2481] : done (1948ms) 
 block [608/2481] : done (1993ms) 
 block [609/2481] : done (1932ms) 
 block [610/2481] : done (1921ms) 
 block [611/2481] : done (1949ms) 
 block [612/2481] : done (1931ms) 
 block [613/2481] : done (1938ms) 
 block [614/2481] : done (1948ms) 
 block [615/2481] : done (2017ms) 
 block [616/2481] : done (1975ms) 
 block [617/2481] : done (1896ms) 
 block [618/2481] : done (2061ms) 
 block [619/2481] : done (1968ms) 
 block [620/2481] : done (2016ms) 
 block [621/2481] : done (2001ms) 
 block [622/2481] : done (1984ms) 
 block [623/2481] : done (2007ms) 
 block [624/2481] : done (2037ms) 
 block [625/2481] : done (1937ms) 
 block [626/2481] : done (1954ms) 
 block [627/2481] : done (1921ms) 
 block [628/2481] : done (1943ms) 
 block [629/2481] : done (1947ms) 
 block [630/2481] : done (1947ms) 
 block [631/2481] : done (2038ms) 
 block [632/2481] : done (1982ms) 
 block [633/2481] : done (2003ms) 
 block [634/2481] : done (1986ms) 
 block [635/2481] : done (1992ms) 
 block [636/2481] : done (1988ms) 
 block [637/2481] : done (1942ms) 
 block [638/2481] : done (1922ms) 
 block [639/2481] : done (1937ms) 
 block [640/2481] : done (1951ms) 
 block [641/2481] : done (1933ms) 
 block [642/2481] : done (1940ms) 
 block [643/2481] : done (1960ms) 
 block [644/2481] : done (1925ms) 
 block [645/2481] : done (2017ms) 
 block [646/2481] : done (1975ms) 
 block [647/2481] : done (1976ms) 
 block [648/2481] : done (2007ms) 
 block [649/2481] : done (1952ms) 
 block [650/2481] : done (1993ms) 
 block [651/2481] : done (1977ms) 
 block [652/2481] : done (1946ms) 
 block [653/2481] : done (2026ms) 
 block [654/2481] : done (1935ms) 
 block [655/2481] : done (1929ms) 
 block [656/2481] : done (1944ms) 
 block [657/2481] : done (1932ms) 
 block [658/2481] : done (1938ms) 
 block [659/2481] : done (1953ms) 
 block [660/2481] : done (1928ms) 
 block [661/2481] : done (1911ms) 
 block [662/2481] : done (1912ms) 
 block [663/2481] : done (1969ms) 
 block [664/2481] : done (1884ms) 
 block [665/2481] : done (1888ms) 
 block [666/2481] : done (1923ms) 
 block [667/2481] : done (1932ms) 
 block [668/2481] : done (1997ms) 
 block [669/2481] : done (1942ms) 
 block [670/2481] : done (1951ms) 
 block [671/2481] : done (1930ms) 
 block [672/2481] : done (1969ms) 
 block [673/2481] : done (1947ms) 
 block [674/2481] : done (1952ms) 
 block [675/2481] : done (1928ms) 
 block [676/2481] : done (1908ms) 
 block [677/2481] : done (1931ms) 
 block [678/2481] : done (1942ms) 
 block [679/2481] : done (1984ms) 
 block [680/2481] : done (1911ms) 
 block [681/2481] : done (1911ms) 
 block [682/2481] : done (1885ms) 
 block [683/2481] : done (1913ms) 
 block [684/2481] : done (1954ms) 
 block [685/2481] : done (1943ms) 
 block [686/2481] : done (1988ms) 
 block [687/2481] : done (1988ms) 
 block [688/2481] : done (1974ms) 
 block [689/2481] : done (1965ms) 
 block [690/2481] : done (1943ms) 
 block [691/2481] : done (2009ms) 
 block [692/2481] : done (1999ms) 
 block [693/2481] : done (1947ms) 
 block [694/2481] : done (1929ms) 
 block [695/2481] : done (1942ms) 
 block [696/2481] : done (1982ms) 
 block [697/2481] : done (1975ms) 
 block [698/2481] : done (1941ms) 
 block [699/2481] : done (1914ms) 
 block [700/2481] : done (1930ms) 
 block [701/2481] : done (1923ms) 
 block [702/2481] : done (1913ms) 
 block [703/2481] : done (1914ms) 
 block [704/2481] : done (1952ms) 
 block [705/2481] : done (1960ms) 
 block [706/2481] : done (1942ms) 
 block [707/2481] : done (1978ms) 
 block [708/2481] : done (1984ms) 
 block [709/2481] : done (1994ms) 
 block [710/2481] : done (1932ms) 
 block [711/2481] : done (2005ms) 
 block [712/2481] : done (1962ms) 
 block [713/2481] : done (1983ms) 
 block [714/2481] : done (2167ms) 
 block [715/2481] : done (1884ms) 
 block [716/2481] : done (1936ms) 
 block [717/2481] : done (1997ms) 
 block [718/2481] : done (1937ms) 
 block [719/2481] : done (1976ms) 
 block [720/2481] : done (1918ms) 
 block [721/2481] : done (1934ms) 
 block [722/2481] : done (1940ms) 
 block [723/2481] : done (2001ms) 
 block [724/2481] : done (1968ms) 
 block [725/2481] : done (1921ms) 
 block [726/2481] : done (1948ms) 
 block [727/2481] : done (1950ms) 
 block [728/2481] : done (2000ms) 
 block [729/2481] : done (2016ms) 
 block [730/2481] : done (1927ms) 
 block [731/2481] : done (1963ms) 
 block [732/2481] : done (1927ms) 
 block [733/2481] : done (1994ms) 
 block [734/2481] : done (1912ms) 
 block [735/2481] : done (1948ms) 
 block [736/2481] : done (1941ms) 
 block [737/2481] : done (1914ms) 
 block [738/2481] : done (1914ms) 
 block [739/2481] : done (1911ms) 
 block [740/2481] : done (1975ms) 
 block [741/2481] : done (1975ms) 
 block [742/2481] : done (1944ms) 
 block [743/2481] : done (1920ms) 
 block [744/2481] : done (1897ms) 
 block [745/2481] : done (1940ms) 
 block [746/2481] : done (1981ms) 
 block [747/2481] : done (2004ms) 
 block [748/2481] : done (1920ms) 
 block [749/2481] : done (1925ms) 
 block [750/2481] : done (1907ms) 
 block [751/2481] : done (1943ms) 
 block [752/2481] : done (1935ms) 
 block [753/2481] : done (1979ms) 
 block [754/2481] : done (2001ms) 
 block [755/2481] : done (1964ms) 
 block [756/2481] : done (1999ms) 
 block [757/2481] : done (1966ms) 
 block [758/2481] : done (2011ms) 
 block [759/2481] : done (2049ms) 
 block [760/2481] : done (2020ms) 
 block [761/2481] : done (1980ms) 
 block [762/2481] : done (1873ms) 
 block [763/2481] : done (1936ms) 
 block [764/2481] : done (1905ms) 
 block [765/2481] : done (1936ms) 
 block [766/2481] : done (1939ms) 
 block [767/2481] : done (1902ms) 
 block [768/2481] : done (1971ms) 
 block [769/2481] : done (1915ms) 
 block [770/2481] : done (1965ms) 
 block [771/2481] : done (1956ms) 
 block [772/2481] : done (1934ms) 
 block [773/2481] : done (1899ms) 
 block [774/2481] : done (1917ms) 
 block [775/2481] : done (1899ms) 
 block [776/2481] : done (1885ms) 
 block [777/2481] : done (1944ms) 
 block [778/2481] : done (1943ms) 
 block [779/2481] : done (2010ms) 
 block [780/2481] : done (1959ms) 
 block [781/2481] : done (1933ms) 
 block [782/2481] : done (1985ms) 
 block [783/2481] : done (1960ms) 
 block [784/2481] : done (2018ms) 
 block [785/2481] : done (1935ms) 
 block [786/2481] : done (1901ms) 
 block [787/2481] : done (1927ms) 
 block [788/2481] : done (1917ms) 
 block [789/2481] : done (1953ms) 
 block [790/2481] : done (1920ms) 
 block [791/2481] : done (1941ms) 
 block [792/2481] : done (1976ms) 
 block [793/2481] : done (1935ms) 
 block [794/2481] : done (1939ms) 
 block [795/2481] : done (1912ms) 
 block [796/2481] : done (1929ms) 
 block [797/2481] : done (1955ms) 
 block [798/2481] : done (1880ms) 
 block [799/2481] : done (1895ms) 
 block [800/2481] : done (1939ms) 
 block [801/2481] : done (1916ms) 
 block [802/2481] : done (1916ms) 
 block [803/2481] : done (1900ms) 
 block [804/2481] : done (1976ms) 
 block [805/2481] : done (1931ms) 
 block [806/2481] : done (1954ms) 
 block [807/2481] : done (1950ms) 
 block [808/2481] : done (1960ms) 
 block [809/2481] : done (1934ms) 
 block [810/2481] : done (1970ms) 
 block [811/2481] : done (1929ms) 
 block [812/2481] : done (1917ms) 
 block [813/2481] : done (1939ms) 
 block [814/2481] : done (1909ms) 
 block [815/2481] : done (1907ms) 
 block [816/2481] : done (1995ms) 
 block [817/2481] : done (1972ms) 
 block [818/2481] : done (1959ms) 
 block [819/2481] : done (1908ms) 
 block [820/2481] : done (1940ms) 
 block [821/2481] : done (1880ms) 
 block [822/2481] : done (1907ms) 
 block [823/2481] : done (1910ms) 
 block [824/2481] : done (1925ms) 
 block [825/2481] : done (2010ms) 
 block [826/2481] : done (2043ms) 
 block [827/2481] : done (1948ms) 
 block [828/2481] : done (1961ms) 
 block [829/2481] : done (1926ms) 
 block [830/2481] : done (1881ms) 
 block [831/2481] : done (1929ms) 
 block [832/2481] : done (1917ms) 
 block [833/2481] : done (1906ms) 
 block [834/2481] : done (1903ms) 
 block [835/2481] : done (1941ms) 
 block [836/2481] : done (1949ms) 
 block [837/2481] : done (2016ms) 
 block [838/2481] : done (1930ms) 
 block [839/2481] : done (1900ms) 
 block [840/2481] : done (1926ms) 
 block [841/2481] : done (1902ms) 
 block [842/2481] : done (1919ms) 
 block [843/2481] : done (1878ms) 
 block [844/2481] : done (1932ms) 
 block [845/2481] : done (1913ms) 
 block [846/2481] : done (2057ms) 
 block [847/2481] : done (1952ms) 
 block [848/2481] : done (1908ms) 
 block [849/2481] : done (2020ms) 
 block [850/2481] : done (2016ms) 
 block [851/2481] : done (1971ms) 
 block [852/2481] : done (2016ms) 
 block [853/2481] : done (1934ms) 
 block [854/2481] : done (1935ms) 
 block [855/2481] : done (1962ms) 
 block [856/2481] : done (1931ms) 
 block [857/2481] : done (1924ms) 
 block [858/2481] : done (1960ms) 
 block [859/2481] : done (1904ms) 
 block [860/2481] : done (1915ms) 
 block [861/2481] : done (1978ms) 
 block [862/2481] : done (1940ms) 
 block [863/2481] : done (1928ms) 
 block [864/2481] : done (2000ms) 
 block [865/2481] : done (1962ms) 
 block [866/2481] : done (1996ms) 
 block [867/2481] : done (1947ms) 
 block [868/2481] : done (1961ms) 
 block [869/2481] : done (1944ms) 
 block [870/2481] : done (2000ms) 
 block [871/2481] : done (1969ms) 
 block [872/2481] : done (1960ms) 
 block [873/2481] : done (1940ms) 
 block [874/2481] : done (2006ms) 
 block [875/2481] : done (2017ms) 
 block [876/2481] : done (1994ms) 
 block [877/2481] : done (1948ms) 
 block [878/2481] : done (1985ms) 
 block [879/2481] : done (1963ms) 
 block [880/2481] : done (1957ms) 
 block [881/2481] : done (1899ms) 
 block [882/2481] : done (1928ms) 
 block [883/2481] : done (1945ms) 
 block [884/2481] : done (1996ms) 
 block [885/2481] : done (2002ms) 
 block [886/2481] : done (1947ms) 
 block [887/2481] : done (1892ms) 
 block [888/2481] : done (1889ms) 
 block [889/2481] : done (1947ms) 
 block [890/2481] : done (1937ms) 
 block [891/2481] : done (1954ms) 
 block [892/2481] : done (1922ms) 
 block [893/2481] : done (1932ms) 
 block [894/2481] : done (1974ms) 
 block [895/2481] : done (1968ms) 
 block [896/2481] : done (1933ms) 
 block [897/2481] : done (1921ms) 
 block [898/2481] : done (1922ms) 
 block [899/2481] : done (1909ms) 
 block [900/2481] : done (1980ms) 
 block [901/2481] : done (1965ms) 
 block [902/2481] : done (1901ms) 
 block [903/2481] : done (1913ms) 
 block [904/2481] : done (1925ms) 
 block [905/2481] : done (1928ms) 
 block [906/2481] : done (1960ms) 
 block [907/2481] : done (1913ms) 
 block [908/2481] : done (1929ms) 
 block [909/2481] : done (1949ms) 
 block [910/2481] : done (1898ms) 
 block [911/2481] : done (1941ms) 
 block [912/2481] : done (2004ms) 
 block [913/2481] : done (1937ms) 
 block [914/2481] : done (1997ms) 
 block [915/2481] : done (2005ms) 
 block [916/2481] : done (1958ms) 
 block [917/2481] : done (1947ms) 
 block [918/2481] : done (1892ms) 
 block [919/2481] : done (1921ms) 
 block [920/2481] : done (1900ms) 
 block [921/2481] : done (1932ms) 
 block [922/2481] : done (1997ms) 
 block [923/2481] : done (1985ms) 
 block [924/2481] : done (1977ms) 
 block [925/2481] : done (2064ms) 
 block [926/2481] : done (1989ms) 
 block [927/2481] : done (1947ms) 
 block [928/2481] : done (1944ms) 
 block [929/2481] : done (1982ms) 
 block [930/2481] : done (1967ms) 
 block [931/2481] : done (1983ms) 
 block [932/2481] : done (1946ms) 
 block [933/2481] : done (1910ms) 
 block [934/2481] : done (1893ms) 
 block [935/2481] : done (1892ms) 
 block [936/2481] : done (1927ms) 
 block [937/2481] : done (1904ms) 
 block [938/2481] : done (1915ms) 
 block [939/2481] : done (1905ms) 
 block [940/2481] : done (1930ms) 
 block [941/2481] : done (1979ms) 
 block [942/2481] : done (1966ms) 
 block [943/2481] : done (1915ms) 
 block [944/2481] : done (1911ms) 
 block [945/2481] : done (1987ms) 
 block [946/2481] : done (1895ms) 
 block [947/2481] : done (1841ms) 
 block [948/2481] : done (1869ms) 
 block [949/2481] : done (1918ms) 
 block [950/2481] : done (1959ms) 
 block [951/2481] : done (1912ms) 
 block [952/2481] : done (1961ms) 
 block [953/2481] : done (1932ms) 
 block [954/2481] : done (1947ms) 
 block [955/2481] : done (1888ms) 
 block [956/2481] : done (1930ms) 
 block [957/2481] : done (1986ms) 
 block [958/2481] : done (1976ms) 
 block [959/2481] : done (1931ms) 
 block [960/2481] : done (1906ms) 
 block [961/2481] : done (1935ms) 
 block [962/2481] : done (1917ms) 
 block [963/2481] : done (1943ms) 
 block [964/2481] : done (1945ms) 
 block [965/2481] : done (1972ms) 
 block [966/2481] : done (1964ms) 
 block [967/2481] : done (1947ms) 
 block [968/2481] : done (1970ms) 
 block [969/2481] : done (1943ms) 
 block [970/2481] : done (2003ms) 
 block [971/2481] : done (1960ms) 
 block [972/2481] : done (1964ms) 
 block [973/2481] : done (1941ms) 
 block [974/2481] : done (1965ms) 
 block [975/2481] : done (1910ms) 
 block [976/2481] : done (1959ms) 
 block [977/2481] : done (1942ms) 
 block [978/2481] : done (1963ms) 
 block [979/2481] : done (1983ms) 
 block [980/2481] : done (1907ms) 
 block [981/2481] : done (1943ms) 
 block [982/2481] : done (1964ms) 
 block [983/2481] : done (1965ms) 
 block [984/2481] : done (1965ms) 
 block [985/2481] : done (1897ms) 
 block [986/2481] : done (1902ms) 
 block [987/2481] : done (1922ms) 
 block [988/2481] : done (2012ms) 
 block [989/2481] : done (1947ms) 
 block [990/2481] : done (1955ms) 
 block [991/2481] : done (1925ms) 
 block [992/2481] : done (1968ms) 
 block [993/2481] : done (1961ms) 
 block [994/2481] : done (2100ms) 
 block [995/2481] : done (1979ms) 
 block [996/2481] : done (2000ms) 
 block [997/2481] : done (2085ms) 
 block [998/2481] : done (2024ms) 
 block [999/2481] : done (1997ms) 
 block [1000/2481] : done (1994ms) 
 block [1001/2481] : done (1968ms) 
 block [1002/2481] : done (2031ms) 
 block [1003/2481] : done (1949ms) 
 block [1004/2481] : done (1938ms) 
 block [1005/2481] : done (1911ms) 
 block [1006/2481] : done (1944ms) 
 block [1007/2481] : done (1947ms) 
 block [1008/2481] : done (1950ms) 
 block [1009/2481] : done (1979ms) 
 block [1010/2481] : done (1961ms) 
 block [1011/2481] : done (1945ms) 
 block [1012/2481] : done (1941ms) 
 block [1013/2481] : done (1987ms) 
 block [1014/2481] : done (1948ms) 
 block [1015/2481] : done (1929ms) 
 block [1016/2481] : done (1907ms) 
 block [1017/2481] : done (1926ms) 
 block [1018/2481] : done (1949ms) 
 block [1019/2481] : done (2012ms) 
 block [1020/2481] : done (1939ms) 
 block [1021/2481] : done (1953ms) 
 block [1022/2481] : done (1978ms) 
 block [1023/2481] : done (1995ms) 
 block [1024/2481] : done (2035ms) 
 block [1025/2481] : done (1942ms) 
 block [1026/2481] : done (2005ms) 
 block [1027/2481] : done (2027ms) 
 block [1028/2481] : done (1986ms) 
 block [1029/2481] : done (1962ms) 
 block [1030/2481] : done (2006ms) 
 block [1031/2481] : done (2016ms) 
 block [1032/2481] : done (1995ms) 
 block [1033/2481] : done (1919ms) 
 block [1034/2481] : done (1996ms) 
 block [1035/2481] : done (2005ms) 
 block [1036/2481] : done (1932ms) 
 block [1037/2481] : done (1979ms) 
 block [1038/2481] : done (2036ms) 
 block [1039/2481] : done (1976ms) 
 block [1040/2481] : done (2023ms) 
 block [1041/2481] : done (1994ms) 
 block [1042/2481] : done (2141ms) 
 block [1043/2481] : done (2049ms) 
 block [1044/2481] : done (2033ms) 
 block [1045/2481] : done (2042ms) 
 block [1046/2481] : done (2012ms) 
 block [1047/2481] : done (1977ms) 
 block [1048/2481] : done (1928ms) 
 block [1049/2481] : done (1949ms) 
 block [1050/2481] : done (1911ms) 
 block [1051/2481] : done (1903ms) 
 block [1052/2481] : done (1922ms) 
 block [1053/2481] : done (1872ms) 
 block [1054/2481] : done (1905ms) 
 block [1055/2481] : done (1921ms) 
 block [1056/2481] : done (1947ms) 
 block [1057/2481] : done (1878ms) 
 block [1058/2481] : done (1975ms) 
 block [1059/2481] : done (1990ms) 
 block [1060/2481] : done (1942ms) 
 block [1061/2481] : done (2086ms) 
 block [1062/2481] : done (1976ms) 
 block [1063/2481] : done (1998ms) 
 block [1064/2481] : done (2000ms) 
 block [1065/2481] : done (2007ms) 
 block [1066/2481] : done (1961ms) 
 block [1067/2481] : done (1920ms) 
 block [1068/2481] : done (1922ms) 
 block [1069/2481] : done (1919ms) 
 block [1070/2481] : done (2062ms) 
 block [1071/2481] : done (1976ms) 
 block [1072/2481] : done (2043ms) 
 block [1073/2481] : done (1954ms) 
 block [1074/2481] : done (1989ms) 
 block [1075/2481] : done (1981ms) 
 block [1076/2481] : done (1984ms) 
 block [1077/2481] : done (1965ms) 
 block [1078/2481] : done (1961ms) 
 block [1079/2481] : done (1964ms) 
 block [1080/2481] : done (1963ms) 
 block [1081/2481] : done (1914ms) 
 block [1082/2481] : done (2016ms) 
 block [1083/2481] : done (1937ms) 
 block [1084/2481] : done (1963ms) 
 block [1085/2481] : done (1966ms) 
 block [1086/2481] : done (1959ms) 
 block [1087/2481] : done (2004ms) 
 block [1088/2481] : done (1933ms) 
 block [1089/2481] : done (2061ms) 
 block [1090/2481] : done (2030ms) 
 block [1091/2481] : done (1974ms) 
 block [1092/2481] : done (1961ms) 
 block [1093/2481] : done (2008ms) 
 block [1094/2481] : done (1932ms) 
 block [1095/2481] : done (1966ms) 
 block [1096/2481] : done (1938ms) 
 block [1097/2481] : done (1954ms) 
 block [1098/2481] : done (1984ms) 
 block [1099/2481] : done (1986ms) 
 block [1100/2481] : done (1976ms) 
 block [1101/2481] : done (1973ms) 
 block [1102/2481] : done (1933ms) 
 block [1103/2481] : done (2023ms) 
 block [1104/2481] : done (1945ms) 
 block [1105/2481] : done (1936ms) 
 block [1106/2481] : done (1891ms) 
 block [1107/2481] : done (1933ms) 
 block [1108/2481] : done (1916ms) 
 block [1109/2481] : done (1893ms) 
 block [1110/2481] : done (1938ms) 
 block [1111/2481] : done (1903ms) 
 block [1112/2481] : done (1943ms) 
 block [1113/2481] : done (1942ms) 
 block [1114/2481] : done (1983ms) 
 block [1115/2481] : done (2026ms) 
 block [1116/2481] : done (1950ms) 
 block [1117/2481] : done (1992ms) 
 block [1118/2481] : done (1936ms) 
 block [1119/2481] : done (1905ms) 
 block [1120/2481] : done (1894ms) 
 block [1121/2481] : done (1919ms) 
 block [1122/2481] : done (2007ms) 
 block [1123/2481] : done (1979ms) 
 block [1124/2481] : done (1967ms) 
 block [1125/2481] : done (1980ms) 
 block [1126/2481] : done (1957ms) 
 block [1127/2481] : done (1936ms) 
 block [1128/2481] : done (1939ms) 
 block [1129/2481] : done (1951ms) 
 block [1130/2481] : done (2016ms) 
 block [1131/2481] : done (1939ms) 
 block [1132/2481] : done (1994ms) 
 block [1133/2481] : done (1942ms) 
 block [1134/2481] : done (1984ms) 
 block [1135/2481] : done (1939ms) 
 block [1136/2481] : done (1968ms) 
 block [1137/2481] : done (1973ms) 
 block [1138/2481] : done (1969ms) 
 block [1139/2481] : done (2034ms) 
 block [1140/2481] : done (1963ms) 
 block [1141/2481] : done (1979ms) 
 block [1142/2481] : done (1987ms) 
 block [1143/2481] : done (1989ms) 
 block [1144/2481] : done (1934ms) 
 block [1145/2481] : done (1933ms) 
 block [1146/2481] : done (1893ms) 
 block [1147/2481] : done (1952ms) 
 block [1148/2481] : done (1995ms) 
 block [1149/2481] : done (1978ms) 
 block [1150/2481] : done (1985ms) 
 block [1151/2481] : done (1947ms) 
 block [1152/2481] : done (1924ms) 
 block [1153/2481] : done (1880ms) 
 block [1154/2481] : done (1962ms) 
 block [1155/2481] : done (1948ms) 
 block [1156/2481] : done (1942ms) 
 block [1157/2481] : done (2026ms) 
 block [1158/2481] : done (1981ms) 
 block [1159/2481] : done (1980ms) 
 block [1160/2481] : done (1978ms) 
 block [1161/2481] : done (2037ms) 
 block [1162/2481] : done (2017ms) 
 block [1163/2481] : done (2030ms) 
 block [1164/2481] : done (2059ms) 
 block [1165/2481] : done (2001ms) 
 block [1166/2481] : done (2081ms) 
 block [1167/2481] : done (2026ms) 
 block [1168/2481] : done (1959ms) 
 block [1169/2481] : done (1978ms) 
 block [1170/2481] : done (1969ms) 
 block [1171/2481] : done (1949ms) 
 block [1172/2481] : done (1960ms) 
 block [1173/2481] : done (1915ms) 
 block [1174/2481] : done (1978ms) 
 block [1175/2481] : done (1971ms) 
 block [1176/2481] : done (2044ms) 
 block [1177/2481] : done (1960ms) 
 block [1178/2481] : done (1936ms) 
 block [1179/2481] : done (1963ms) 
 block [1180/2481] : done (1969ms) 
 block [1181/2481] : done (1984ms) 
 block [1182/2481] : done (1961ms) 
 block [1183/2481] : done (1897ms) 
 block [1184/2481] : done (1945ms) 
 block [1185/2481] : done (2029ms) 
 block [1186/2481] : done (1973ms) 
 block [1187/2481] : done (1982ms) 
 block [1188/2481] : done (1943ms) 
 block [1189/2481] : done (1938ms) 
 block [1190/2481] : done (2002ms) 
 block [1191/2481] : done (2015ms) 
 block [1192/2481] : done (1961ms) 
 block [1193/2481] : done (1972ms) 
 block [1194/2481] : done (2070ms) 
 block [1195/2481] : done (2042ms) 
 block [1196/2481] : done (1974ms) 
 block [1197/2481] : done (1988ms) 
 block [1198/2481] : done (1976ms) 
 block [1199/2481] : done (1950ms) 
 block [1200/2481] : done (1914ms) 
 block [1201/2481] : done (1932ms) 
 block [1202/2481] : done (1928ms) 
 block [1203/2481] : done (1899ms) 
 block [1204/2481] : done (1929ms) 
 block [1205/2481] : done (1958ms) 
 block [1206/2481] : done (1940ms) 
 block [1207/2481] : done (1957ms) 
 block [1208/2481] : done (1934ms) 
 block [1209/2481] : done (1952ms) 
 block [1210/2481] : done (1965ms) 
 block [1211/2481] : done (1952ms) 
 block [1212/2481] : done (2025ms) 
 block [1213/2481] : done (1947ms) 
 block [1214/2481] : done (1949ms) 
 block [1215/2481] : done (1898ms) 
 block [1216/2481] : done (1913ms) 
 block [1217/2481] : done (1970ms) 
 block [1218/2481] : done (1987ms) 
 block [1219/2481] : done (1974ms) 
 block [1220/2481] : done (1920ms) 
 block [1221/2481] : done (1970ms) 
 block [1222/2481] : done (1980ms) 
 block [1223/2481] : done (2000ms) 
 block [1224/2481] : done (1922ms) 
 block [1225/2481] : done (1971ms) 
 block [1226/2481] : done (1975ms) 
 block [1227/2481] : done (2024ms) 
 block [1228/2481] : done (2022ms) 
 block [1229/2481] : done (1928ms) 
 block [1230/2481] : done (1990ms) 
 block [1231/2481] : done (1938ms) 
 block [1232/2481] : done (1976ms) 
 block [1233/2481] : done (1948ms) 
 block [1234/2481] : done (1940ms) 
 block [1235/2481] : done (1960ms) 
 block [1236/2481] : done (1991ms) 
 block [1237/2481] : done (2001ms) 
 block [1238/2481] : done (2040ms) 
 block [1239/2481] : done (2016ms) 
 block [1240/2481] : done (2029ms) 
 block [1241/2481] : done (1935ms) 
 block [1242/2481] : done (1965ms) 
 block [1243/2481] : done (1940ms) 
 block [1244/2481] : done (1928ms) 
 block [1245/2481] : done (1934ms) 
 block [1246/2481] : done (1881ms) 
 block [1247/2481] : done (1898ms) 
 block [1248/2481] : done (1947ms) 
 block [1249/2481] : done (1950ms) 
 block [1250/2481] : done (1905ms) 
 block [1251/2481] : done (1946ms) 
 block [1252/2481] : done (1919ms) 
 block [1253/2481] : done (1948ms) 
 block [1254/2481] : done (1962ms) 
 block [1255/2481] : done (1914ms) 
 block [1256/2481] : done (1941ms) 
 block [1257/2481] : done (1983ms) 
 block [1258/2481] : done (1996ms) 
 block [1259/2481] : done (1965ms) 
 block [1260/2481] : done (1944ms) 
 block [1261/2481] : done (1938ms) 
 block [1262/2481] : done (1963ms) 
 block [1263/2481] : done (1967ms) 
 block [1264/2481] : done (1987ms) 
 block [1265/2481] : done (1959ms) 
 block [1266/2481] : done (2051ms) 
 block [1267/2481] : done (1990ms) 
 block [1268/2481] : done (1928ms) 
 block [1269/2481] : done (1916ms) 
 block [1270/2481] : done (1936ms) 
 block [1271/2481] : done (1957ms) 
 block [1272/2481] : done (1954ms) 
 block [1273/2481] : done (1937ms) 
 block [1274/2481] : done (1936ms) 
 block [1275/2481] : done (1893ms) 
 block [1276/2481] : done (1941ms) 
 block [1277/2481] : done (1950ms) 
 block [1278/2481] : done (1978ms) 
 block [1279/2481] : done (1970ms) 
 block [1280/2481] : done (1969ms) 
 block [1281/2481] : done (1888ms) 
 block [1282/2481] : done (1920ms) 
 block [1283/2481] : done (1975ms) 
 block [1284/2481] : done (1914ms) 
 block [1285/2481] : done (1983ms) 
 block [1286/2481] : done (1941ms) 
 block [1287/2481] : done (1893ms) 
 block [1288/2481] : done (1890ms) 
 block [1289/2481] : done (1909ms) 
 block [1290/2481] : done (1906ms) 
 block [1291/2481] : done (1955ms) 
 block [1292/2481] : done (1929ms) 
 block [1293/2481] : done (1907ms) 
 block [1294/2481] : done (1905ms) 
 block [1295/2481] : done (1912ms) 
 block [1296/2481] : done (1935ms) 
 block [1297/2481] : done (1960ms) 
 block [1298/2481] : done (1967ms) 
 block [1299/2481] : done (1972ms) 
 block [1300/2481] : done (2001ms) 
 block [1301/2481] : done (1988ms) 
 block [1302/2481] : done (1975ms) 
 block [1303/2481] : done (2022ms) 
 block [1304/2481] : done (1958ms) 
 block [1305/2481] : done (1966ms) 
 block [1306/2481] : done (1896ms) 
 block [1307/2481] : done (1886ms) 
 block [1308/2481] : done (1886ms) 
 block [1309/2481] : done (1946ms) 
 block [1310/2481] : done (1878ms) 
 block [1311/2481] : done (1912ms) 
 block [1312/2481] : done (1927ms) 
 block [1313/2481] : done (1903ms) 
 block [1314/2481] : done (1894ms) 
 block [1315/2481] : done (1984ms) 
 block [1316/2481] : done (1983ms) 
 block [1317/2481] : done (1958ms) 
 block [1318/2481] : done (1942ms) 
 block [1319/2481] : done (1913ms) 
 block [1320/2481] : done (1900ms) 
 block [1321/2481] : done (1853ms) 
 block [1322/2481] : done (1936ms) 
 block [1323/2481] : done (1890ms) 
 block [1324/2481] : done (1913ms) 
 block [1325/2481] : done (1924ms) 
 block [1326/2481] : done (1925ms) 
 block [1327/2481] : done (1928ms) 
 block [1328/2481] : done (1883ms) 
 block [1329/2481] : done (1927ms) 
 block [1330/2481] : done (1987ms) 
 block [1331/2481] : done (1931ms) 
 block [1332/2481] : done (1919ms) 
 block [1333/2481] : done (1969ms) 
 block [1334/2481] : done (1968ms) 
 block [1335/2481] : done (1949ms) 
 block [1336/2481] : done (1935ms) 
 block [1337/2481] : done (1965ms) 
 block [1338/2481] : done (1951ms) 
 block [1339/2481] : done (1955ms) 
 block [1340/2481] : done (1917ms) 
 block [1341/2481] : done (1928ms) 
 block [1342/2481] : done (1933ms) 
 block [1343/2481] : done (1941ms) 
 block [1344/2481] : done (1920ms) 
 block [1345/2481] : done (1946ms) 
 block [1346/2481] : done (1935ms) 
 block [1347/2481] : done (2005ms) 
 block [1348/2481] : done (1992ms) 
 block [1349/2481] : done (1949ms) 
 block [1350/2481] : done (1970ms) 
 block [1351/2481] : done (1946ms) 
 block [1352/2481] : done (1955ms) 
 block [1353/2481] : done (2008ms) 
 block [1354/2481] : done (1970ms) 
 block [1355/2481] : done (1981ms) 
 block [1356/2481] : done (1980ms) 
 block [1357/2481] : done (2038ms) 
 block [1358/2481] : done (1958ms) 
 block [1359/2481] : done (1975ms) 
 block [1360/2481] : done (1899ms) 
 block [1361/2481] : done (2003ms) 
 block [1362/2481] : done (1919ms) 
 block [1363/2481] : done (1936ms) 
 block [1364/2481] : done (1925ms) 
 block [1365/2481] : done (1914ms) 
 block [1366/2481] : done (1961ms) 
 block [1367/2481] : done (2032ms) 
 block [1368/2481] : done (1944ms) 
 block [1369/2481] : done (1911ms) 
 block [1370/2481] : done (1951ms) 
 block [1371/2481] : done (2023ms) 
 block [1372/2481] : done (2004ms) 
 block [1373/2481] : done (1938ms) 
 block [1374/2481] : done (1945ms) 
 block [1375/2481] : done (2010ms) 
 block [1376/2481] : done (1936ms) 
 block [1377/2481] : done (1938ms) 
 block [1378/2481] : done (1920ms) 
 block [1379/2481] : done (1950ms) 
 block [1380/2481] : done (1903ms) 
 block [1381/2481] : done (1874ms) 
 block [1382/2481] : done (1915ms) 
 block [1383/2481] : done (1876ms) 
 block [1384/2481] : done (1947ms) 
 block [1385/2481] : done (1939ms) 
 block [1386/2481] : done (1926ms) 
 block [1387/2481] : done (1900ms) 
 block [1388/2481] : done (1911ms) 
 block [1389/2481] : done (1967ms) 
 block [1390/2481] : done (1925ms) 
 block [1391/2481] : done (1959ms) 
 block [1392/2481] : done (1920ms) 
 block [1393/2481] : done (1956ms) 
 block [1394/2481] : done (1921ms) 
 block [1395/2481] : done (1909ms) 
 block [1396/2481] : done (2014ms) 
 block [1397/2481] : done (1944ms) 
 block [1398/2481] : done (1892ms) 
 block [1399/2481] : done (1897ms) 
 block [1400/2481] : done (1902ms) 
 block [1401/2481] : done (1953ms) 
 block [1402/2481] : done (1947ms) 
 block [1403/2481] : done (2003ms) 
 block [1404/2481] : done (1996ms) 
 block [1405/2481] : done (2012ms) 
 block [1406/2481] : done (1949ms) 
 block [1407/2481] : done (1954ms) 
 block [1408/2481] : done (1956ms) 
 block [1409/2481] : done (1986ms) 
 block [1410/2481] : done (1958ms) 
 block [1411/2481] : done (1960ms) 
 block [1412/2481] : done (1909ms) 
 block [1413/2481] : done (1942ms) 
 block [1414/2481] : done (1998ms) 
 block [1415/2481] : done (2005ms) 
 block [1416/2481] : done (1939ms) 
 block [1417/2481] : done (1942ms) 
 block [1418/2481] : done (1938ms) 
 block [1419/2481] : done (1908ms) 
 block [1420/2481] : done (1953ms) 
 block [1421/2481] : done (1920ms) 
 block [1422/2481] : done (1889ms) 
 block [1423/2481] : done (1935ms) 
 block [1424/2481] : done (2028ms) 
 block [1425/2481] : done (1920ms) 
 block [1426/2481] : done (1901ms) 
 block [1427/2481] : done (1902ms) 
 block [1428/2481] : done (1911ms) 
 block [1429/2481] : done (1994ms) 
 block [1430/2481] : done (1923ms) 
 block [1431/2481] : done (1970ms) 
 block [1432/2481] : done (1910ms) 
 block [1433/2481] : done (1941ms) 
 block [1434/2481] : done (1959ms) 
 block [1435/2481] : done (1994ms) 
 block [1436/2481] : done (2018ms) 
 block [1437/2481] : done (1935ms) 
 block [1438/2481] : done (1973ms) 
 block [1439/2481] : done (1955ms) 
 block [1440/2481] : done (1980ms) 
 block [1441/2481] : done (1923ms) 
 block [1442/2481] : done (1934ms) 
 block [1443/2481] : done (1938ms) 
 block [1444/2481] : done (1940ms) 
 block [1445/2481] : done (1899ms) 
 block [1446/2481] : done (1902ms) 
 block [1447/2481] : done (1880ms) 
 block [1448/2481] : done (1969ms) 
 block [1449/2481] : done (1955ms) 
 block [1450/2481] : done (1958ms) 
 block [1451/2481] : done (2053ms) 
 block [1452/2481] : done (1950ms) 
 block [1453/2481] : done (1973ms) 
 block [1454/2481] : done (1977ms) 
 block [1455/2481] : done (1929ms) 
 block [1456/2481] : done (1953ms) 
 block [1457/2481] : done (1958ms) 
 block [1458/2481] : done (1944ms) 
 block [1459/2481] : done (1931ms) 
 block [1460/2481] : done (1939ms) 
 block [1461/2481] : done (1987ms) 
 block [1462/2481] : done (1992ms) 
 block [1463/2481] : done (2027ms) 
 block [1464/2481] : done (1971ms) 
 block [1465/2481] : done (1959ms) 
 block [1466/2481] : done (1901ms) 
 block [1467/2481] : done (1912ms) 
 block [1468/2481] : done (1947ms) 
 block [1469/2481] : done (1933ms) 
 block [1470/2481] : done (1946ms) 
 block [1471/2481] : done (1922ms) 
 block [1472/2481] : done (1891ms) 
 block [1473/2481] : done (1922ms) 
 block [1474/2481] : done (1893ms) 
 block [1475/2481] : done (1950ms) 
 block [1476/2481] : done (1978ms) 
 block [1477/2481] : done (1975ms) 
 block [1478/2481] : done (2081ms) 
 block [1479/2481] : done (1985ms) 
 block [1480/2481] : done (1924ms) 
 block [1481/2481] : done (1903ms) 
 block [1482/2481] : done (1874ms) 
 block [1483/2481] : done (1908ms) 
 block [1484/2481] : done (1933ms) 
 block [1485/2481] : done (1972ms) 
 block [1486/2481] : done (1921ms) 
 block [1487/2481] : done (1886ms) 
 block [1488/2481] : done (1887ms) 
 block [1489/2481] : done (1934ms) 
 block [1490/2481] : done (1915ms) 
 block [1491/2481] : done (1935ms) 
 block [1492/2481] : done (2085ms) 
 block [1493/2481] : done (1921ms) 
 block [1494/2481] : done (1976ms) 
 block [1495/2481] : done (1930ms) 
 block [1496/2481] : done (1960ms) 
 block [1497/2481] : done (2001ms) 
 block [1498/2481] : done (2012ms) 
 block [1499/2481] : done (1965ms) 
 block [1500/2481] : done (1980ms) 
 block [1501/2481] : done (1900ms) 
 block [1502/2481] : done (1952ms) 
 block [1503/2481] : done (1899ms) 
 block [1504/2481] : done (1888ms) 
 block [1505/2481] : done (1905ms) 
 block [1506/2481] : done (1945ms) 
 block [1507/2481] : done (1891ms) 
 block [1508/2481] : done (2006ms) 
 block [1509/2481] : done (1941ms) 
 block [1510/2481] : done (1977ms) 
 block [1511/2481] : done (1940ms) 
 block [1512/2481] : done (1931ms) 
 block [1513/2481] : done (1942ms) 
 block [1514/2481] : done (1878ms) 
 block [1515/2481] : done (1895ms) 
 block [1516/2481] : done (1931ms) 
 block [1517/2481] : done (1941ms) 
 block [1518/2481] : done (1936ms) 
 block [1519/2481] : done (1897ms) 
 block [1520/2481] : done (1878ms) 
 block [1521/2481] : done (1939ms) 
 block [1522/2481] : done (1905ms) 
 block [1523/2481] : done (1881ms) 
 block [1524/2481] : done (1951ms) 
 block [1525/2481] : done (1922ms) 
 block [1526/2481] : done (1925ms) 
 block [1527/2481] : done (1933ms) 
 block [1528/2481] : done (1865ms) 
 block [1529/2481] : done (1881ms) 
 block [1530/2481] : done (1898ms) 
 block [1531/2481] : done (1946ms) 
 block [1532/2481] : done (1891ms) 
 block [1533/2481] : done (1908ms) 
 block [1534/2481] : done (1967ms) 
 block [1535/2481] : done (1926ms) 
 block [1536/2481] : done (1946ms) 
 block [1537/2481] : done (1994ms) 
 block [1538/2481] : done (1929ms) 
 block [1539/2481] : done (1921ms) 
 block [1540/2481] : done (1967ms) 
 block [1541/2481] : done (1942ms) 
 block [1542/2481] : done (1960ms) 
 block [1543/2481] : done (1968ms) 
 block [1544/2481] : done (1916ms) 
 block [1545/2481] : done (1916ms) 
 block [1546/2481] : done (1948ms) 
 block [1547/2481] : done (1909ms) 
 block [1548/2481] : done (1909ms) 
 block [1549/2481] : done (1889ms) 
 block [1550/2481] : done (1934ms) 
 block [1551/2481] : done (1997ms) 
 block [1552/2481] : done (1969ms) 
 block [1553/2481] : done (1949ms) 
 block [1554/2481] : done (1961ms) 
 block [1555/2481] : done (1929ms) 
 block [1556/2481] : done (1907ms) 
 block [1557/2481] : done (1886ms) 
 block [1558/2481] : done (1920ms) 
 block [1559/2481] : done (1925ms) 
 block [1560/2481] : done (1955ms) 
 block [1561/2481] : done (1939ms) 
 block [1562/2481] : done (1917ms) 
 block [1563/2481] : done (1941ms) 
 block [1564/2481] : done (1916ms) 
 block [1565/2481] : done (1915ms) 
 block [1566/2481] : done (1944ms) 
 block [1567/2481] : done (2049ms) 
 block [1568/2481] : done (1946ms) 
 block [1569/2481] : done (1960ms) 
 block [1570/2481] : done (1949ms) 
 block [1571/2481] : done (1994ms) 
 block [1572/2481] : done (1994ms) 
 block [1573/2481] : done (1948ms) 
 block [1574/2481] : done (1950ms) 
 block [1575/2481] : done (2030ms) 
 block [1576/2481] : done (1978ms) 
 block [1577/2481] : done (2020ms) 
 block [1578/2481] : done (1996ms) 
 block [1579/2481] : done (2000ms) 
 block [1580/2481] : done (1918ms) 
 block [1581/2481] : done (1892ms) 
 block [1582/2481] : done (1883ms) 
 block [1583/2481] : done (1854ms) 
 block [1584/2481] : done (1871ms) 
 block [1585/2481] : done (1897ms) 
 block [1586/2481] : done (1943ms) 
 block [1587/2481] : done (1924ms) 
 block [1588/2481] : done (1938ms) 
 block [1589/2481] : done (1939ms) 
 block [1590/2481] : done (1970ms) 
 block [1591/2481] : done (1891ms) 
 block [1592/2481] : done (1916ms) 
 block [1593/2481] : done (1957ms) 
 block [1594/2481] : done (1996ms) 
 block [1595/2481] : done (1947ms) 
 block [1596/2481] : done (1955ms) 
 block [1597/2481] : done (1945ms) 
 block [1598/2481] : done (1941ms) 
 block [1599/2481] : done (2000ms) 
 block [1600/2481] : done (1910ms) 
 block [1601/2481] : done (1902ms) 
 block [1602/2481] : done (1903ms) 
 block [1603/2481] : done (1905ms) 
 block [1604/2481] : done (1904ms) 
 block [1605/2481] : done (1981ms) 
 block [1606/2481] : done (1968ms) 
 block [1607/2481] : done (1931ms) 
 block [1608/2481] : done (1949ms) 
 block [1609/2481] : done (1936ms) 
 block [1610/2481] : done (2023ms) 
 block [1611/2481] : done (1921ms) 
 block [1612/2481] : done (1924ms) 
 block [1613/2481] : done (1925ms) 
 block [1614/2481] : done (1919ms) 
 block [1615/2481] : done (1919ms) 
 block [1616/2481] : done (1966ms) 
 block [1617/2481] : done (1996ms) 
 block [1618/2481] : done (1965ms) 
 block [1619/2481] : done (1960ms) 
 block [1620/2481] : done (1931ms) 
 block [1621/2481] : done (1909ms) 
 block [1622/2481] : done (1941ms) 
 block [1623/2481] : done (1917ms) 
 block [1624/2481] : done (1903ms) 
 block [1625/2481] : done (1962ms) 
 block [1626/2481] : done (1905ms) 
 block [1627/2481] : done (1933ms) 
 block [1628/2481] : done (1913ms) 
 block [1629/2481] : done (1890ms) 
 block [1630/2481] : done (1939ms) 
 block [1631/2481] : done (1911ms) 
 block [1632/2481] : done (1930ms) 
 block [1633/2481] : done (1928ms) 
 block [1634/2481] : done (1923ms) 
 block [1635/2481] : done (1920ms) 
 block [1636/2481] : done (1911ms) 
 block [1637/2481] : done (1895ms) 
 block [1638/2481] : done (1906ms) 
 block [1639/2481] : done (1923ms) 
 block [1640/2481] : done (1904ms) 
 block [1641/2481] : done (1973ms) 
 block [1642/2481] : done (1950ms) 
 block [1643/2481] : done (1946ms) 
 block [1644/2481] : done (1987ms) 
 block [1645/2481] : done (1960ms) 
 block [1646/2481] : done (1916ms) 
 block [1647/2481] : done (1930ms) 
 block [1648/2481] : done (1940ms) 
 block [1649/2481] : done (1981ms) 
 block [1650/2481] : done (2048ms) 
 block [1651/2481] : done (1929ms) 
 block [1652/2481] : done (1917ms) 
 block [1653/2481] : done (1949ms) 
 block [1654/2481] : done (1954ms) 
 block [1655/2481] : done (1961ms) 
 block [1656/2481] : done (1987ms) 
 block [1657/2481] : done (1992ms) 
 block [1658/2481] : done (1995ms) 
 block [1659/2481] : done (1968ms) 
 block [1660/2481] : done (1956ms) 
 block [1661/2481] : done (1957ms) 
 block [1662/2481] : done (1953ms) 
 block [1663/2481] : done (2009ms) 
 block [1664/2481] : done (2005ms) 
 block [1665/2481] : done (1962ms) 
 block [1666/2481] : done (1978ms) 
 block [1667/2481] : done (1967ms) 
 block [1668/2481] : done (1974ms) 
 block [1669/2481] : done (1968ms) 
 block [1670/2481] : done (1951ms) 
 block [1671/2481] : done (1946ms) 
 block [1672/2481] : done (1951ms) 
 block [1673/2481] : done (1891ms) 
 block [1674/2481] : done (1941ms) 
 block [1675/2481] : done (1951ms) 
 block [1676/2481] : done (1970ms) 
 block [1677/2481] : done (1936ms) 
 block [1678/2481] : done (1941ms) 
 block [1679/2481] : done (1946ms) 
 block [1680/2481] : done (1951ms) 
 block [1681/2481] : done (1963ms) 
 block [1682/2481] : done (1912ms) 
 block [1683/2481] : done (1927ms) 
 block [1684/2481] : done (1930ms) 
 block [1685/2481] : done (1954ms) 
 block [1686/2481] : done (1989ms) 
 block [1687/2481] : done (1999ms) 
 block [1688/2481] : done (1992ms) 
 block [1689/2481] : done (1951ms) 
 block [1690/2481] : done (1901ms) 
 block [1691/2481] : done (1905ms) 
 block [1692/2481] : done (1979ms) 
 block [1693/2481] : done (2022ms) 
 block [1694/2481] : done (2008ms) 
 block [1695/2481] : done (1969ms) 
 block [1696/2481] : done (2005ms) 
 block [1697/2481] : done (1953ms) 
 block [1698/2481] : done (2032ms) 
 block [1699/2481] : done (1940ms) 
 block [1700/2481] : done (1939ms) 
 block [1701/2481] : done (1905ms) 
 block [1702/2481] : done (1946ms) 
 block [1703/2481] : done (1931ms) 
 block [1704/2481] : done (1956ms) 
 block [1705/2481] : done (1924ms) 
 block [1706/2481] : done (1983ms) 
 block [1707/2481] : done (1985ms) 
 block [1708/2481] : done (1965ms) 
 block [1709/2481] : done (1932ms) 
 block [1710/2481] : done (1987ms) 
 block [1711/2481] : done (1986ms) 
 block [1712/2481] : done (1998ms) 
 block [1713/2481] : done (1943ms) 
 block [1714/2481] : done (1945ms) 
 block [1715/2481] : done (1991ms) 
 block [1716/2481] : done (1948ms) 
 block [1717/2481] : done (1929ms) 
 block [1718/2481] : done (1892ms) 
 block [1719/2481] : done (1942ms) 
 block [1720/2481] : done (1957ms) 
 block [1721/2481] : done (1998ms) 
 block [1722/2481] : done (2007ms) 
 block [1723/2481] : done (1959ms) 
 block [1724/2481] : done (1987ms) 
 block [1725/2481] : done (1954ms) 
 block [1726/2481] : done (1957ms) 
 block [1727/2481] : done (1945ms) 
 block [1728/2481] : done (1951ms) 
 block [1729/2481] : done (1924ms) 
 block [1730/2481] : done (1974ms) 
 block [1731/2481] : done (1964ms) 
 block [1732/2481] : done (1928ms) 
 block [1733/2481] : done (1968ms) 
 block [1734/2481] : done (1973ms) 
 block [1735/2481] : done (1937ms) 
 block [1736/2481] : done (1977ms) 
 block [1737/2481] : done (1964ms) 
 block [1738/2481] : done (1933ms) 
 block [1739/2481] : done (1918ms) 
 block [1740/2481] : done (1904ms) 
 block [1741/2481] : done (1924ms) 
 block [1742/2481] : done (1936ms) 
 block [1743/2481] : done (1947ms) 
 block [1744/2481] : done (1945ms) 
 block [1745/2481] : done (1900ms) 
 block [1746/2481] : done (1957ms) 
 block [1747/2481] : done (1923ms) 
 block [1748/2481] : done (1974ms) 
 block [1749/2481] : done (1953ms) 
 block [1750/2481] : done (1953ms) 
 block [1751/2481] : done (2032ms) 
 block [1752/2481] : done (2006ms) 
 block [1753/2481] : done (2031ms) 
 block [1754/2481] : done (1918ms) 
 block [1755/2481] : done (2031ms) 
 block [1756/2481] : done (1965ms) 
 block [1757/2481] : done (1975ms) 
 block [1758/2481] : done (1897ms) 
 block [1759/2481] : done (1947ms) 
 block [1760/2481] : done (1953ms) 
 block [1761/2481] : done (1927ms) 
 block [1762/2481] : done (1913ms) 
 block [1763/2481] : done (1915ms) 
 block [1764/2481] : done (1968ms) 
 block [1765/2481] : done (1946ms) 
 block [1766/2481] : done (2014ms) 
 block [1767/2481] : done (1943ms) 
 block [1768/2481] : done (1924ms) 
 block [1769/2481] : done (2025ms) 
 block [1770/2481] : done (1958ms) 
 block [1771/2481] : done (1977ms) 
 block [1772/2481] : done (1973ms) 
 block [1773/2481] : done (2009ms) 
 block [1774/2481] : done (1984ms) 
 block [1775/2481] : done (2023ms) 
 block [1776/2481] : done (1956ms) 
 block [1777/2481] : done (1932ms) 
 block [1778/2481] : done (1992ms) 
 block [1779/2481] : done (1959ms) 
 block [1780/2481] : done (1943ms) 
 block [1781/2481] : done (1949ms) 
 block [1782/2481] : done (1933ms) 
 block [1783/2481] : done (1981ms) 
 block [1784/2481] : done (1936ms) 
 block [1785/2481] : done (1946ms) 
 block [1786/2481] : done (1948ms) 
 block [1787/2481] : done (1941ms) 
 block [1788/2481] : done (1935ms) 
 block [1789/2481] : done (1947ms) 
 block [1790/2481] : done (2002ms) 
 block [1791/2481] : done (1973ms) 
 block [1792/2481] : done (1929ms) 
 block [1793/2481] : done (1976ms) 
 block [1794/2481] : done (1961ms) 
 block [1795/2481] : done (1939ms) 
 block [1796/2481] : done (1914ms) 
 block [1797/2481] : done (1928ms) 
 block [1798/2481] : done (1967ms) 
 block [1799/2481] : done (1968ms) 
 block [1800/2481] : done (1992ms) 
 block [1801/2481] : done (2002ms) 
 block [1802/2481] : done (2000ms) 
 block [1803/2481] : done (2000ms) 
 block [1804/2481] : done (1936ms) 
 block [1805/2481] : done (1983ms) 
 block [1806/2481] : done (1969ms) 
 block [1807/2481] : done (1973ms) 
 block [1808/2481] : done (1911ms) 
 block [1809/2481] : done (1885ms) 
 block [1810/2481] : done (1892ms) 
 block [1811/2481] : done (1949ms) 
 block [1812/2481] : done (1899ms) 
 block [1813/2481] : done (2021ms) 
 block [1814/2481] : done (1986ms) 
 block [1815/2481] : done (1965ms) 
 block [1816/2481] : done (1944ms) 
 block [1817/2481] : done (1936ms) 
 block [1818/2481] : done (1926ms) 
 block [1819/2481] : done (1927ms) 
 block [1820/2481] : done (1983ms) 
 block [1821/2481] : done (1951ms) 
 block [1822/2481] : done (1957ms) 
 block [1823/2481] : done (1953ms) 
 block [1824/2481] : done (1924ms) 
 block [1825/2481] : done (1923ms) 
 block [1826/2481] : done (1920ms) 
 block [1827/2481] : done (1936ms) 
 block [1828/2481] : done (1956ms) 
 block [1829/2481] : done (1946ms) 
 block [1830/2481] : done (1985ms) 
 block [1831/2481] : done (1908ms) 
 block [1832/2481] : done (1928ms) 
 block [1833/2481] : done (1924ms) 
 block [1834/2481] : done (1931ms) 
 block [1835/2481] : done (1944ms) 
 block [1836/2481] : done (1951ms) 
 block [1837/2481] : done (1949ms) 
 block [1838/2481] : done (1986ms) 
 block [1839/2481] : done (1936ms) 
 block [1840/2481] : done (1974ms) 
 block [1841/2481] : done (1972ms) 
 block [1842/2481] : done (1997ms) 
 block [1843/2481] : done (2002ms) 
 block [1844/2481] : done (1940ms) 
 block [1845/2481] : done (1956ms) 
 block [1846/2481] : done (2003ms) 
 block [1847/2481] : done (1997ms) 
 block [1848/2481] : done (1977ms) 
 block [1849/2481] : done (1978ms) 
 block [1850/2481] : done (2015ms) 
 block [1851/2481] : done (1999ms) 
 block [1852/2481] : done (1955ms) 
 block [1853/2481] : done (1930ms) 
 block [1854/2481] : done (1944ms) 
 block [1855/2481] : done (1948ms) 
 block [1856/2481] : done (2003ms) 
 block [1857/2481] : done (1976ms) 
 block [1858/2481] : done (1940ms) 
 block [1859/2481] : done (2072ms) 
 block [1860/2481] : done (1953ms) 
 block [1861/2481] : done (1956ms) 
 block [1862/2481] : done (1972ms) 
 block [1863/2481] : done (2005ms) 
 block [1864/2481] : done (1949ms) 
 block [1865/2481] : done (1963ms) 
 block [1866/2481] : done (1980ms) 
 block [1867/2481] : done (1945ms) 
 block [1868/2481] : done (1939ms) 
 block [1869/2481] : done (1911ms) 
 block [1870/2481] : done (1905ms) 
 block [1871/2481] : done (1897ms) 
 block [1872/2481] : done (1887ms) 
 block [1873/2481] : done (1910ms) 
 block [1874/2481] : done (1939ms) 
 block [1875/2481] : done (1921ms) 
 block [1876/2481] : done (1945ms) 
 block [1877/2481] : done (1947ms) 
 block [1878/2481] : done (1926ms) 
 block [1879/2481] : done (1996ms) 
 block [1880/2481] : done (2031ms) 
 block [1881/2481] : done (1999ms) 
 block [1882/2481] : done (2038ms) 
 block [1883/2481] : done (1979ms) 
 block [1884/2481] : done (1910ms) 
 block [1885/2481] : done (1962ms) 
 block [1886/2481] : done (1945ms) 
 block [1887/2481] : done (1952ms) 
 block [1888/2481] : done (1974ms) 
 block [1889/2481] : done (2003ms) 
 block [1890/2481] : done (1918ms) 
 block [1891/2481] : done (1913ms) 
 block [1892/2481] : done (1916ms) 
 block [1893/2481] : done (1899ms) 
 block [1894/2481] : done (1948ms) 
 block [1895/2481] : done (1964ms) 
 block [1896/2481] : done (1964ms) 
 block [1897/2481] : done (1993ms) 
 block [1898/2481] : done (2007ms) 
 block [1899/2481] : done (1980ms) 
 block [1900/2481] : done (1911ms) 
 block [1901/2481] : done (1965ms) 
 block [1902/2481] : done (1936ms) 
 block [1903/2481] : done (1957ms) 
 block [1904/2481] : done (1971ms) 
 block [1905/2481] : done (1939ms) 
 block [1906/2481] : done (1918ms) 
 block [1907/2481] : done (1985ms) 
 block [1908/2481] : done (1964ms) 
 block [1909/2481] : done (1955ms) 
 block [1910/2481] : done (1924ms) 
 block [1911/2481] : done (1923ms) 
 block [1912/2481] : done (1952ms) 
 block [1913/2481] : done (1990ms) 
 block [1914/2481] : done (1960ms) 
 block [1915/2481] : done (1993ms) 
 block [1916/2481] : done (1976ms) 
 block [1917/2481] : done (1966ms) 
 block [1918/2481] : done (1990ms) 
 block [1919/2481] : done (2024ms) 
 block [1920/2481] : done (1972ms) 
 block [1921/2481] : done (1974ms) 
 block [1922/2481] : done (1985ms) 
 block [1923/2481] : done (2003ms) 
 block [1924/2481] : done (1955ms) 
 block [1925/2481] : done (1949ms) 
 block [1926/2481] : done (1978ms) 
 block [1927/2481] : done (1983ms) 
 block [1928/2481] : done (1985ms) 
 block [1929/2481] : done (1961ms) 
 block [1930/2481] : done (2015ms) 
 block [1931/2481] : done (2030ms) 
 block [1932/2481] : done (1956ms) 
 block [1933/2481] : done (2047ms) 
 block [1934/2481] : done (2004ms) 
 block [1935/2481] : done (2002ms) 
 block [1936/2481] : done (1951ms) 
 block [1937/2481] : done (1943ms) 
 block [1938/2481] : done (1996ms) 
 block [1939/2481] : done (1993ms) 
 block [1940/2481] : done (1967ms) 
 block [1941/2481] : done (1950ms) 
 block [1942/2481] : done (1954ms) 
 block [1943/2481] : done (1925ms) 
 block [1944/2481] : done (1918ms) 
 block [1945/2481] : done (1931ms) 
 block [1946/2481] : done (1942ms) 
 block [1947/2481] : done (1938ms) 
 block [1948/2481] : done (1993ms) 
 block [1949/2481] : done (1948ms) 
 block [1950/2481] : done (1933ms) 
 block [1951/2481] : done (1953ms) 
 block [1952/2481] : done (2017ms) 
 block [1953/2481] : done (1994ms) 
 block [1954/2481] : done (2024ms) 
 block [1955/2481] : done (1951ms) 
 block [1956/2481] : done (1950ms) 
 block [1957/2481] : done (1988ms) 
 block [1958/2481] : done (1959ms) 
 block [1959/2481] : done (1928ms) 
 block [1960/2481] : done (2025ms) 
 block [1961/2481] : done (1980ms) 
 block [1962/2481] : done (1997ms) 
 block [1963/2481] : done (2025ms) 
 block [1964/2481] : done (1980ms) 
 block [1965/2481] : done (1921ms) 
 block [1966/2481] : done (1989ms) 
 block [1967/2481] : done (1975ms) 
 block [1968/2481] : done (2016ms) 
 block [1969/2481] : done (1992ms) 
 block [1970/2481] : done (1969ms) 
 block [1971/2481] : done (2007ms) 
 block [1972/2481] : done (2021ms) 
 block [1973/2481] : done (1965ms) 
 block [1974/2481] : done (1988ms) 
 block [1975/2481] : done (2006ms) 
 block [1976/2481] : done (1969ms) 
 block [1977/2481] : done (1988ms) 
 block [1978/2481] : done (1953ms) 
 block [1979/2481] : done (2010ms) 
 block [1980/2481] : done (1995ms) 
 block [1981/2481] : done (1979ms) 
 block [1982/2481] : done (1973ms) 
 block [1983/2481] : done (2007ms) 
 block [1984/2481] : done (1994ms) 
 block [1985/2481] : done (2028ms) 
 block [1986/2481] : done (2001ms) 
 block [1987/2481] : done (1899ms) 
 block [1988/2481] : done (1928ms) 
 block [1989/2481] : done (1958ms) 
 block [1990/2481] : done (2003ms) 
 block [1991/2481] : done (1984ms) 
 block [1992/2481] : done (1987ms) 
 block [1993/2481] : done (1952ms) 
 block [1994/2481] : done (1980ms) 
 block [1995/2481] : done (1929ms) 
 block [1996/2481] : done (2004ms) 
 block [1997/2481] : done (1980ms) 
 block [1998/2481] : done (1940ms) 
 block [1999/2481] : done (1917ms) 
 block [2000/2481] : done (2004ms) 
 block [2001/2481] : done (1972ms) 
 block [2002/2481] : done (1987ms) 
 block [2003/2481] : done (1972ms) 
 block [2004/2481] : done (1990ms) 
 block [2005/2481] : done (1976ms) 
 block [2006/2481] : done (2019ms) 
 block [2007/2481] : done (1983ms) 
 block [2008/2481] : done (1991ms) 
 block [2009/2481] : done (1945ms) 
 block [2010/2481] : done (1942ms) 
 block [2011/2481] : done (1951ms) 
 block [2012/2481] : done (2009ms) 
 block [2013/2481] : done (1955ms) 
 block [2014/2481] : done (1969ms) 
 block [2015/2481] : done (1976ms) 
 block [2016/2481] : done (1962ms) 
 block [2017/2481] : done (1952ms) 
 block [2018/2481] : done (1921ms) 
 block [2019/2481] : done (1895ms) 
 block [2020/2481] : done (1938ms) 
 block [2021/2481] : done (1932ms) 
 block [2022/2481] : done (1949ms) 
 block [2023/2481] : done (1955ms) 
 block [2024/2481] : done (1973ms) 
 block [2025/2481] : done (1902ms) 
 block [2026/2481] : done (1906ms) 
 block [2027/2481] : done (1936ms) 
 block [2028/2481] : done (1878ms) 
 block [2029/2481] : done (1876ms) 
 block [2030/2481] : done (1905ms) 
 block [2031/2481] : done (1958ms) 
 block [2032/2481] : done (2040ms) 
 block [2033/2481] : done (1995ms) 
 block [2034/2481] : done (1989ms) 
 block [2035/2481] : done (2007ms) 
 block [2036/2481] : done (2003ms) 
 block [2037/2481] : done (2021ms) 
 block [2038/2481] : done (1993ms) 
 block [2039/2481] : done (1943ms) 
 block [2040/2481] : done (1918ms) 
 block [2041/2481] : done (1896ms) 
 block [2042/2481] : done (1908ms) 
 block [2043/2481] : done (1934ms) 
 block [2044/2481] : done (1937ms) 
 block [2045/2481] : done (1919ms) 
 block [2046/2481] : done (1956ms) 
 block [2047/2481] : done (1972ms) 
 block [2048/2481] : done (1979ms) 
 block [2049/2481] : done (1922ms) 
 block [2050/2481] : done (2033ms) 
 block [2051/2481] : done (1948ms) 
 block [2052/2481] : done (1934ms) 
 block [2053/2481] : done (1942ms) 
 block [2054/2481] : done (1955ms) 
 block [2055/2481] : done (1989ms) 
 block [2056/2481] : done (1998ms) 
 block [2057/2481] : done (1977ms) 
 block [2058/2481] : done (1992ms) 
 block [2059/2481] : done (1963ms) 
 block [2060/2481] : done (1967ms) 
 block [2061/2481] : done (1925ms) 
 block [2062/2481] : done (1948ms) 
 block [2063/2481] : done (1997ms) 
 block [2064/2481] : done (1951ms) 
 block [2065/2481] : done (1960ms) 
 block [2066/2481] : done (1999ms) 
 block [2067/2481] : done (1990ms) 
 block [2068/2481] : done (2011ms) 
 block [2069/2481] : done (1964ms) 
 block [2070/2481] : done (1994ms) 
 block [2071/2481] : done (2014ms) 
 block [2072/2481] : done (2172ms) 
 block [2073/2481] : done (2021ms) 
 block [2074/2481] : done (2052ms) 
 block [2075/2481] : done (2002ms) 
 block [2076/2481] : done (1976ms) 
 block [2077/2481] : done (1938ms) 
 block [2078/2481] : done (2028ms) 
 block [2079/2481] : done (1963ms) 
 block [2080/2481] : done (1948ms) 
 block [2081/2481] : done (1962ms) 
 block [2082/2481] : done (2021ms) 
 block [2083/2481] : done (1994ms) 
 block [2084/2481] : done (1996ms) 
 block [2085/2481] : done (1958ms) 
 block [2086/2481] : done (2002ms) 
 block [2087/2481] : done (1986ms) 
 block [2088/2481] : done (1962ms) 
 block [2089/2481] : done (1995ms) 
 block [2090/2481] : done (1939ms) 
 block [2091/2481] : done (1972ms) 
 block [2092/2481] : done (1950ms) 
 block [2093/2481] : done (1986ms) 
 block [2094/2481] : done (2046ms) 
 block [2095/2481] : done (1947ms) 
 block [2096/2481] : done (2053ms) 
 block [2097/2481] : done (1940ms) 
 block [2098/2481] : done (1960ms) 
 block [2099/2481] : done (1961ms) 
 block [2100/2481] : done (1977ms) 
 block [2101/2481] : done (1959ms) 
 block [2102/2481] : done (1955ms) 
 block [2103/2481] : done (1948ms) 
 block [2104/2481] : done (1965ms) 
 block [2105/2481] : done (2006ms) 
 block [2106/2481] : done (2003ms) 
 block [2107/2481] : done (2007ms) 
 block [2108/2481] : done (2011ms) 
 block [2109/2481] : done (1979ms) 
 block [2110/2481] : done (1943ms) 
 block [2111/2481] : done (1963ms) 
 block [2112/2481] : done (1942ms) 
 block [2113/2481] : done (1928ms) 
 block [2114/2481] : done (1961ms) 
 block [2115/2481] : done (1976ms) 
 block [2116/2481] : done (1971ms) 
 block [2117/2481] : done (1990ms) 
 block [2118/2481] : done (1973ms) 
 block [2119/2481] : done (2037ms) 
 block [2120/2481] : done (2005ms) 
 block [2121/2481] : done (1995ms) 
 block [2122/2481] : done (1992ms) 
 block [2123/2481] : done (1989ms) 
 block [2124/2481] : done (2031ms) 
 block [2125/2481] : done (2008ms) 
 block [2126/2481] : done (2005ms) 
 block [2127/2481] : done (1944ms) 
 block [2128/2481] : done (1951ms) 
 block [2129/2481] : done (1978ms) 
 block [2130/2481] : done (2061ms) 
 block [2131/2481] : done (1967ms) 
 block [2132/2481] : done (1954ms) 
 block [2133/2481] : done (1952ms) 
 block [2134/2481] : done (1967ms) 
 block [2135/2481] : done (1985ms) 
 block [2136/2481] : done (1956ms) 
 block [2137/2481] : done (1939ms) 
 block [2138/2481] : done (1939ms) 
 block [2139/2481] : done (1947ms) 
 block [2140/2481] : done (1951ms) 
 block [2141/2481] : done (2019ms) 
 block [2142/2481] : done (1977ms) 
 block [2143/2481] : done (2001ms) 
 block [2144/2481] : done (1993ms) 
 block [2145/2481] : done (2015ms) 
 block [2146/2481] : done (2060ms) 
 block [2147/2481] : done (1977ms) 
 block [2148/2481] : done (1981ms) 
 block [2149/2481] : done (1992ms) 
 block [2150/2481] : done (1956ms) 
 block [2151/2481] : done (1967ms) 
 block [2152/2481] : done (2130ms) 
 block [2153/2481] : done (2019ms) 
 block [2154/2481] : done (2011ms) 
 block [2155/2481] : done (2020ms) 
 block [2156/2481] : done (1987ms) 
 block [2157/2481] : done (1983ms) 
 block [2158/2481] : done (2008ms) 
 block [2159/2481] : done (2001ms) 
 block [2160/2481] : done (1964ms) 
 block [2161/2481] : done (1988ms) 
 block [2162/2481] : done (1963ms) 
 block [2163/2481] : done (1967ms) 
 block [2164/2481] : done (2026ms) 
 block [2165/2481] : done (2120ms) 
 block [2166/2481] : done (1995ms) 
 block [2167/2481] : done (2119ms) 
 block [2168/2481] : done (2048ms) 
 block [2169/2481] : done (2108ms) 
 block [2170/2481] : done (2078ms) 
 block [2171/2481] : done (2001ms) 
 block [2172/2481] : done (1961ms) 
 block [2173/2481] : done (2044ms) 
 block [2174/2481] : done (2022ms) 
 block [2175/2481] : done (2000ms) 
 block [2176/2481] : done (2002ms) 
 block [2177/2481] : done (2015ms) 
 block [2178/2481] : done (2007ms) 
 block [2179/2481] : done (1993ms) 
 block [2180/2481] : done (1970ms) 
 block [2181/2481] : done (1929ms) 
 block [2182/2481] : done (1989ms) 
 block [2183/2481] : done (1911ms) 
 block [2184/2481] : done (1911ms) 
 block [2185/2481] : done (1923ms) 
 block [2186/2481] : done (1930ms) 
 block [2187/2481] : done (1927ms) 
 block [2188/2481] : done (1944ms) 
 block [2189/2481] : done (2003ms) 
 block [2190/2481] : done (1987ms) 
 block [2191/2481] : done (1949ms) 
 block [2192/2481] : done (1934ms) 
 block [2193/2481] : done (1959ms) 
 block [2194/2481] : done (2008ms) 
 block [2195/2481] : done (1996ms) 
 block [2196/2481] : done (1982ms) 
 block [2197/2481] : done (2009ms) 
 block [2198/2481] : done (2023ms) 
 block [2199/2481] : done (2017ms) 
 block [2200/2481] : done (1988ms) 
 block [2201/2481] : done (2022ms) 
 block [2202/2481] : done (2024ms) 
 block [2203/2481] : done (2033ms) 
 block [2204/2481] : done (2012ms) 
 block [2205/2481] : done (1978ms) 
 block [2206/2481] : done (1943ms) 
 block [2207/2481] : done (1945ms) 
 block [2208/2481] : done (1936ms) 
 block [2209/2481] : done (1957ms) 
 block [2210/2481] : done (1945ms) 
 block [2211/2481] : done (1913ms) 
 block [2212/2481] : done (1928ms) 
 block [2213/2481] : done (1920ms) 
 block [2214/2481] : done (1949ms) 
 block [2215/2481] : done (1964ms) 
 block [2216/2481] : done (1974ms) 
 block [2217/2481] : done (1968ms) 
 block [2218/2481] : done (1998ms) 
 block [2219/2481] : done (1979ms) 
 block [2220/2481] : done (1947ms) 
 block [2221/2481] : done (1979ms) 
 block [2222/2481] : done (1942ms) 
 block [2223/2481] : done (1942ms) 
 block [2224/2481] : done (1928ms) 
 block [2225/2481] : done (1966ms) 
 block [2226/2481] : done (1981ms) 
 block [2227/2481] : done (1997ms) 
 block [2228/2481] : done (1947ms) 
 block [2229/2481] : done (1985ms) 
 block [2230/2481] : done (1982ms) 
 block [2231/2481] : done (2003ms) 
 block [2232/2481] : done (1965ms) 
 block [2233/2481] : done (2051ms) 
 block [2234/2481] : done (1975ms) 
 block [2235/2481] : done (1992ms) 
 block [2236/2481] : done (1980ms) 
 block [2237/2481] : done (2033ms) 
 block [2238/2481] : done (2029ms) 
 block [2239/2481] : done (2008ms) 
 block [2240/2481] : done (2003ms) 
 block [2241/2481] : done (1979ms) 
 block [2242/2481] : done (1884ms) 
 block [2243/2481] : done (2006ms) 
 block [2244/2481] : done (1931ms) 
 block [2245/2481] : done (1946ms) 
 block [2246/2481] : done (1981ms) 
 block [2247/2481] : done (1974ms) 
 block [2248/2481] : done (1942ms) 
 block [2249/2481] : done (1911ms) 
 block [2250/2481] : done (1950ms) 
 block [2251/2481] : done (1986ms) 
 block [2252/2481] : done (1943ms) 
 block [2253/2481] : done (1930ms) 
 block [2254/2481] : done (2008ms) 
 block [2255/2481] : done (1960ms) 
 block [2256/2481] : done (1940ms) 
 block [2257/2481] : done (1942ms) 
 block [2258/2481] : done (1957ms) 
 block [2259/2481] : done (1951ms) 
 block [2260/2481] : done (1982ms) 
 block [2261/2481] : done (2028ms) 
 block [2262/2481] : done (2050ms) 
 block [2263/2481] : done (2009ms) 
 block [2264/2481] : done (2018ms) 
 block [2265/2481] : done (1991ms) 
 block [2266/2481] : done (1991ms) 
 block [2267/2481] : done (2000ms) 
 block [2268/2481] : done (2017ms) 
 block [2269/2481] : done (2040ms) 
 block [2270/2481] : done (1983ms) 
 block [2271/2481] : done (2007ms) 
 block [2272/2481] : done (1993ms) 
 block [2273/2481] : done (1939ms) 
 block [2274/2481] : done (1919ms) 
 block [2275/2481] : done (1924ms) 
 block [2276/2481] : done (1922ms) 
 block [2277/2481] : done (1934ms) 
 block [2278/2481] : done (1956ms) 
 block [2279/2481] : done (1949ms) 
 block [2280/2481] : done (1938ms) 
 block [2281/2481] : done (1917ms) 
 block [2282/2481] : done (1962ms) 
 block [2283/2481] : done (1975ms) 
 block [2284/2481] : done (1996ms) 
 block [2285/2481] : done (2018ms) 
 block [2286/2481] : done (2013ms) 
 block [2287/2481] : done (1977ms) 
 block [2288/2481] : done (2018ms) 
 block [2289/2481] : done (1999ms) 
 block [2290/2481] : done (2064ms) 
 block [2291/2481] : done (2011ms) 
 block [2292/2481] : done (1956ms) 
 block [2293/2481] : done (1991ms) 
 block [2294/2481] : done (2048ms) 
 block [2295/2481] : done (2029ms) 
 block [2296/2481] : done (1961ms) 
 block [2297/2481] : done (1989ms) 
 block [2298/2481] : done (1939ms) 
 block [2299/2481] : done (1971ms) 
 block [2300/2481] : done (2035ms) 
 block [2301/2481] : done (1988ms) 
 block [2302/2481] : done (2064ms) 
 block [2303/2481] : done (2253ms) 
 block [2304/2481] : done (1986ms) 
 block [2305/2481] : done (2048ms) 
 block [2306/2481] : done (2016ms) 
 block [2307/2481] : done (1955ms) 
 block [2308/2481] : done (1981ms) 
 block [2309/2481] : done (1957ms) 
 block [2310/2481] : done (1951ms) 
 block [2311/2481] : done (2045ms) 
 block [2312/2481] : done (2042ms) 
 block [2313/2481] : done (2009ms) 
 block [2314/2481] : done (2023ms) 
 block [2315/2481] : done (2072ms) 
 block [2316/2481] : done (1976ms) 
 block [2317/2481] : done (1939ms) 
 block [2318/2481] : done (2027ms) 
 block [2319/2481] : done (1992ms) 
 block [2320/2481] : done (2017ms) 
 block [2321/2481] : done (1997ms) 
 block [2322/2481] : done (1900ms) 
 block [2323/2481] : done (1905ms) 
 block [2324/2481] : done (1906ms) 
 block [2325/2481] : done (1880ms) 
 block [2326/2481] : done (1892ms) 
 block [2327/2481] : done (1902ms) 
 block [2328/2481] : done (1931ms) 
 block [2329/2481] : done (1873ms) 
 block [2330/2481] : done (1966ms) 
 block [2331/2481] : done (1977ms) 
 block [2332/2481] : done (1938ms) 
 block [2333/2481] : done (1893ms) 
 block [2334/2481] : done (1920ms) 
 block [2335/2481] : done (1936ms) 
 block [2336/2481] : done (1946ms) 
 block [2337/2481] : done (1923ms) 
 block [2338/2481] : done (1987ms) 
 block [2339/2481] : done (1894ms) 
 block [2340/2481] : done (1885ms) 
 block [2341/2481] : done (1832ms) 
 block [2342/2481] : done (1904ms) 
 block [2343/2481] : done (1839ms) 
 block [2344/2481] : done (1802ms) 
 block [2345/2481] : done (1806ms) 
 block [2346/2481] : done (1864ms) 
 block [2347/2481] : done (1866ms) 
 block [2348/2481] : done (1899ms) 
 block [2349/2481] : done (1852ms) 
 block [2350/2481] : done (1917ms) 
 block [2351/2481] : done (1856ms) 
 block [2352/2481] : done (1952ms) 
 block [2353/2481] : done (1940ms) 
 block [2354/2481] : done (1871ms) 
 block [2355/2481] : done (1895ms) 
 block [2356/2481] : done (1887ms) 
 block [2357/2481] : done (1826ms) 
 block [2358/2481] : done (1885ms) 
 block [2359/2481] : done (1875ms) 
 block [2360/2481] : done (1878ms) 
 block [2361/2481] : done (1873ms) 
 block [2362/2481] : done (1917ms) 
 block [2363/2481] : done (1939ms) 
 block [2364/2481] : done (1917ms) 
 block [2365/2481] : done (1962ms) 
 block [2366/2481] : done (1914ms) 
 block [2367/2481] : done (1901ms) 
 block [2368/2481] : done (1904ms) 
 block [2369/2481] : done (1982ms) 
 block [2370/2481] : done (1934ms) 
 block [2371/2481] : done (1933ms) 
 block [2372/2481] : done (1930ms) 
 block [2373/2481] : done (2001ms) 
 block [2374/2481] : done (1974ms) 
 block [2375/2481] : done (1927ms) 
 block [2376/2481] : done (2029ms) 
 block [2377/2481] : done (2015ms) 
 block [2378/2481] : done (2079ms) 
 block [2379/2481] : done (1984ms) 
 block [2380/2481] : done (1907ms) 
 block [2381/2481] : done (1898ms) 
 block [2382/2481] : done (1870ms) 
 block [2383/2481] : done (1895ms) 
 block [2384/2481] : done (1925ms) 
 block [2385/2481] : done (1915ms) 
 block [2386/2481] : done (1895ms) 
 block [2387/2481] : done (1873ms) 
 block [2388/2481] : done (1906ms) 
 block [2389/2481] : done (1942ms) 
 block [2390/2481] : done (1925ms) 
 block [2391/2481] : done (1896ms) 
 block [2392/2481] : done (1936ms) 
 block [2393/2481] : done (1876ms) 
 block [2394/2481] : done (1963ms) 
 block [2395/2481] : done (2014ms) 
 block [2396/2481] : done (1904ms) 
 block [2397/2481] : done (1931ms) 
 block [2398/2481] : done (1949ms) 
 block [2399/2481] : done (1922ms) 
 block [2400/2481] : done (1933ms) 
 block [2401/2481] : done (1946ms) 
 block [2402/2481] : done (1922ms) 
 block [2403/2481] : done (1897ms) 
 block [2404/2481] : done (1894ms) 
 block [2405/2481] : done (1899ms) 
 block [2406/2481] : done (1890ms) 
 block [2407/2481] : done (1977ms) 
 block [2408/2481] : done (2001ms) 
 block [2409/2481] : done (1892ms) 
 block [2410/2481] : done (1905ms) 
 block [2411/2481] : done (1923ms) 
 block [2412/2481] : done (1926ms) 
 block [2413/2481] : done (1972ms) 
 block [2414/2481] : done (1992ms) 
 block [2415/2481] : done (1943ms) 
 block [2416/2481] : done (1974ms) 
 block [2417/2481] : done (1913ms) 
 block [2418/2481] : done (1935ms) 
 block [2419/2481] : done (1911ms) 
 block [2420/2481] : done (1902ms) 
 block [2421/2481] : done (1903ms) 
 block [2422/2481] : done (1985ms) 
 block [2423/2481] : done (2061ms) 
 block [2424/2481] : done (2036ms) 
 block [2425/2481] : done (1962ms) 
 block [2426/2481] : done (2005ms) 
 block [2427/2481] : done (1928ms) 
 block [2428/2481] : done (1940ms) 
 block [2429/2481] : done (1918ms) 
 block [2430/2481] : done (1929ms) 
 block [2431/2481] : done (1890ms) 
 block [2432/2481] : done (1901ms) 
 block [2433/2481] : done (1924ms) 
 block [2434/2481] : done (1915ms) 
 block [2435/2481] : done (1897ms) 
 block [2436/2481] : done (1882ms) 
 block [2437/2481] : done (1871ms) 
 block [2438/2481] : done (1872ms) 
 block [2439/2481] : done (1857ms) 
 block [2440/2481] : done (1900ms) 
 block [2441/2481] : done (1912ms) 
 block [2442/2481] : done (1817ms) 
 block [2443/2481] : done (1843ms) 
 block [2444/2481] : done (1862ms) 
 block [2445/2481] : done (1866ms) 
 block [2446/2481] : done (1892ms) 
 block [2447/2481] : done (1869ms) 
 block [2448/2481] : done (1884ms) 
 block [2449/2481] : done (1872ms) 
 block [2450/2481] : done (1914ms) 
 block [2451/2481] : done (1902ms) 
 block [2452/2481] : done (1942ms) 
 block [2453/2481] : done (1933ms) 
 block [2454/2481] : done (1881ms) 
 block [2455/2481] : done (1880ms) 
 block [2456/2481] : done (1927ms) 
 block [2457/2481] : done (1938ms) 
 block [2458/2481] : done (1892ms) 
 block [2459/2481] : done (1921ms) 
 block [2460/2481] : done (1886ms) 
 block [2461/2481] : done (1889ms) 
 block [2462/2481] : done (1870ms) 
 block [2463/2481] : done (1886ms) 
 block [2464/2481] : done (1876ms) 
 block [2465/2481] : done (1861ms) 
 block [2466/2481] : done (1856ms) 
 block [2467/2481] : done (1847ms) 
 block [2468/2481] : done (1828ms) 
 block [2469/2481] : done (1892ms) 
 block [2470/2481] : done (1932ms) 
 block [2471/2481] : done (1880ms) 
 block [2472/2481] : done (1941ms) 
 block [2473/2481] : done (1908ms) 
 block [2474/2481] : done (1902ms) 
 block [2475/2481] : done (1957ms) 
 block [2476/2481] : done (1901ms) 
 block [2477/2481] : done (1892ms) 
 block [2478/2481] : done (1901ms) 
 block [2479/2481] : done (1967ms) 
 block [2480/2481] : done (1978ms) 
 block [2481/2481] : done (1019ms) 

Association results stored separately for each trait in files : 
* [result/06_step2/sig_weight_eur_step2.chr1_eur_SIG0_AUC.regenie]
* [result/06_step2/sig_weight_eur_step2.chr1_eur_SIG1_AUC.regenie]
* [result/06_step2/sig_weight_eur_step2.chr1_eur_SIG2_AUC.regenie]
* [result/06_step2/sig_weight_eur_step2.chr1_eur_SIG3_AUC.regenie]
* [result/06_step2/sig_weight_eur_step2.chr1_eur_SIG4_AUC.regenie]
* [result/06_step2/sig_weight_eur_step2.chr1_eur_SIG5_AUC.regenie]
* [result/06_step2/sig_weight_eur_step2.chr1_eur_SIG6_AUC.regenie]
* [result/06_step2/sig_weight_eur_step2.chr1_eur_SIG7_AUC.regenie]
* [result/06_step2/sig_weight_eur_step2.chr1_eur_SIG8_AUC.regenie]
* [result/06_step2/sig_weight_eur_step2.chr1_eur_SIG9_AUC.regenie]
* [result/06_step2/sig_weight_eur_step2.chr1_eur_SIG10_AUC.regenie]
* [result/06_step2/sig_weight_eur_step2.chr1_eur_SIG11_AUC.regenie]
* [result/06_step2/sig_weight_eur_step2.chr1_eur_SIG12_AUC.regenie]
* [result/06_step2/sig_weight_eur_step2.chr1_eur_SIG13_AUC.regenie]
* [result/06_step2/sig_weight_eur_step2.chr1_eur_SIG14_AUC.regenie]
* [result/06_step2/sig_weight_eur_step2.chr1_eur_SIG15_AUC.regenie]
* [result/06_step2/sig_weight_eur_step2.chr1_eur_SIG16_AUC.regenie]
* [result/06_step2/sig_weight_eur_step2.chr1_eur_SIG17_AUC.regenie]
* [result/06_step2/sig_weight_eur_step2.chr1_eur_SIG18_AUC.regenie]
* [result/06_step2/sig_weight_eur_step2.chr1_eur_SIG19_AUC.regenie]
* [result/06_step2/sig_weight_eur_step2.chr1_eur_SIG20_AUC.regenie]

Number of ignored tests due to low MAC or info score : 63

Elapsed time : 4931.16s
End time: Wed Dec 17 08:27:54 2025

