Start time: Wed Dec 17 07:05:45 2025

              |=============================|
              |      REGENIE v3.2.5.gz      |
              |=============================|

Copyright (c) 2020-2022 Joelle Mbatchou, Andrey Ziyatdinov and Jonathan Marchini.
Distributed under the MIT License.
Compiled with Boost Iostream library.
Using Intel MKL with Eigen.

Log of output saved in file : result/06_step2/sig_weight_eur_step2.chr7_eur.log

Options in effect:
  --step 2 \
  --bgen /broad/ukbb/imputed_v3/ukb_imp_chr7_v3.bgen \
  --sample /medpop/esp2/pradeep/UKBiobank/v3data/ukb7089_imp_chr3_v3_s487395.sample \
  --ref-first \
  --extract ../data/step2/var.chr7_eur.list.snplist \
  --keep ../data/sample_list_eur.txt \
  --covarFile ../data/sig_weight_cov_file.tsv \
  --phenoFile /medpop/esp2/tnakao/analyses/projects/collab/Sarah_signature_weights_GWAS/import/signature_auc_phenotypes_last.txt \
  --bsize 200 \
  --threads 4 \
  --qt \
  --catCovarList genotyping_array,Inferred_Gender \
  --pred result/04_step1/sig_weight_eur_step1_pred.list \
  --minINFO 0.7 \
  --out result/06_step2/sig_weight_eur_step2.chr7_eur

Association testing mode with fast multithreading using OpenMP
 * bgen             : [/broad/ukbb/imputed_v3/ukb_imp_chr7_v3.bgen]
   -summary : bgen file (v1.2 layout, zlib compressed) with 487409 anonymous samples and 5405524 variants with 8-bit encoding.
   -index bgi file [/broad/ukbb/imputed_v3/ukb_imp_chr7_v3.bgen.bgi]
   -keeping variants specified by --extract
   -number of variants remaining in the analysis = 375395
   -sample file: /medpop/esp2/pradeep/UKBiobank/v3data/ukb7089_imp_chr3_v3_s487395.sample
   -keeping only individuals specified by --keep
   -number of genotyped individuals remaining in the analysis = 361171
 * phenotypes       : [/medpop/esp2/tnakao/analyses/projects/collab/Sarah_signature_weights_GWAS/import/signature_auc_phenotypes_last.txt] n_pheno = 21
   -number of phenotyped individuals  = 361171
 * covariates       : [../data/sig_weight_cov_file.tsv] n_cov = 13
   -number of individuals with covariate data = 361171
 * number of individuals used in analysis = 361171
 * number of observations for each trait:
   - 'SIG0_AUC': 361171 observations
   - 'SIG1_AUC': 361171 observations
   - 'SIG2_AUC': 361171 observations
   - 'SIG3_AUC': 361171 observations
   - 'SIG4_AUC': 361171 observations
   - 'SIG5_AUC': 361171 observations
   - 'SIG6_AUC': 361171 observations
   - 'SIG7_AUC': 361171 observations
   - 'SIG8_AUC': 361171 observations
   - 'SIG9_AUC': 361171 observations
   - 'SIG10_AUC': 361171 observations
   - 'SIG11_AUC': 361171 observations
   - 'SIG12_AUC': 361171 observations
   - 'SIG13_AUC': 361171 observations
   - 'SIG14_AUC': 361171 observations
   - 'SIG15_AUC': 361171 observations
   - 'SIG16_AUC': 361171 observations
   - 'SIG17_AUC': 361171 observations
   - 'SIG18_AUC': 361171 observations
   - 'SIG19_AUC': 361171 observations
   - 'SIG20_AUC': 361171 observations
 * LOCO predictions : [result/04_step1/sig_weight_eur_step1_pred.list]
   -file [/medpop/esp2/tnakao/analyses/projects/collab/Sarah_signature_weights_GWAS/96_last_250319/result/04_step1/sig_weight_eur_step1_1.loco] for phenotype 'SIG0_AUC'
   -file [/medpop/esp2/tnakao/analyses/projects/collab/Sarah_signature_weights_GWAS/96_last_250319/result/04_step1/sig_weight_eur_step1_2.loco] for phenotype 'SIG1_AUC'
   -file [/medpop/esp2/tnakao/analyses/projects/collab/Sarah_signature_weights_GWAS/96_last_250319/result/04_step1/sig_weight_eur_step1_3.loco] for phenotype 'SIG2_AUC'
   -file [/medpop/esp2/tnakao/analyses/projects/collab/Sarah_signature_weights_GWAS/96_last_250319/result/04_step1/sig_weight_eur_step1_4.loco] for phenotype 'SIG3_AUC'
   -file [/medpop/esp2/tnakao/analyses/projects/collab/Sarah_signature_weights_GWAS/96_last_250319/result/04_step1/sig_weight_eur_step1_5.loco] for phenotype 'SIG4_AUC'
   -file [/medpop/esp2/tnakao/analyses/projects/collab/Sarah_signature_weights_GWAS/96_last_250319/result/04_step1/sig_weight_eur_step1_6.loco] for phenotype 'SIG5_AUC'
   -file [/medpop/esp2/tnakao/analyses/projects/collab/Sarah_signature_weights_GWAS/96_last_250319/result/04_step1/sig_weight_eur_step1_7.loco] for phenotype 'SIG6_AUC'
   -file [/medpop/esp2/tnakao/analyses/projects/collab/Sarah_signature_weights_GWAS/96_last_250319/result/04_step1/sig_weight_eur_step1_8.loco] for phenotype 'SIG7_AUC'
   -file [/medpop/esp2/tnakao/analyses/projects/collab/Sarah_signature_weights_GWAS/96_last_250319/result/04_step1/sig_weight_eur_step1_9.loco] for phenotype 'SIG8_AUC'
   -file [/medpop/esp2/tnakao/analyses/projects/collab/Sarah_signature_weights_GWAS/96_last_250319/result/04_step1/sig_weight_eur_step1_10.loco] for phenotype 'SIG9_AUC'
   -file [/medpop/esp2/tnakao/analyses/projects/collab/Sarah_signature_weights_GWAS/96_last_250319/result/04_step1/sig_weight_eur_step1_11.loco] for phenotype 'SIG10_AUC'
   -file [/medpop/esp2/tnakao/analyses/projects/collab/Sarah_signature_weights_GWAS/96_last_250319/result/04_step1/sig_weight_eur_step1_12.loco] for phenotype 'SIG11_AUC'
   -file [/medpop/esp2/tnakao/analyses/projects/collab/Sarah_signature_weights_GWAS/96_last_250319/result/04_step1/sig_weight_eur_step1_13.loco] for phenotype 'SIG12_AUC'
   -file [/medpop/esp2/tnakao/analyses/projects/collab/Sarah_signature_weights_GWAS/96_last_250319/result/04_step1/sig_weight_eur_step1_14.loco] for phenotype 'SIG13_AUC'
   -file [/medpop/esp2/tnakao/analyses/projects/collab/Sarah_signature_weights_GWAS/96_last_250319/result/04_step1/sig_weight_eur_step1_15.loco] for phenotype 'SIG14_AUC'
   -file [/medpop/esp2/tnakao/analyses/projects/collab/Sarah_signature_weights_GWAS/96_last_250319/result/04_step1/sig_weight_eur_step1_16.loco] for phenotype 'SIG15_AUC'
   -file [/medpop/esp2/tnakao/analyses/projects/collab/Sarah_signature_weights_GWAS/96_last_250319/result/04_step1/sig_weight_eur_step1_17.loco] for phenotype 'SIG16_AUC'
   -file [/medpop/esp2/tnakao/analyses/projects/collab/Sarah_signature_weights_GWAS/96_last_250319/result/04_step1/sig_weight_eur_step1_18.loco] for phenotype 'SIG17_AUC'
   -file [/medpop/esp2/tnakao/analyses/projects/collab/Sarah_signature_weights_GWAS/96_last_250319/result/04_step1/sig_weight_eur_step1_19.loco] for phenotype 'SIG18_AUC'
   -file [/medpop/esp2/tnakao/analyses/projects/collab/Sarah_signature_weights_GWAS/96_last_250319/result/04_step1/sig_weight_eur_step1_20.loco] for phenotype 'SIG19_AUC'
   -file [/medpop/esp2/tnakao/analyses/projects/collab/Sarah_signature_weights_GWAS/96_last_250319/result/04_step1/sig_weight_eur_step1_21.loco] for phenotype 'SIG20_AUC'
   -residualizing and scaling phenotypes...done (60ms) 
 * # threads        : [4]
 * block size       : [200]
 * # blocks         : [1877]
 * approximate memory usage : 2GB
 * using minimum MAC of 5 (variants with lower MAC are ignored)
 * using minimum imputation info score of 0.7 (variants with lower info score are ignored)

Chromosome 7 [1877 blocks in total]
   -reading loco predictions for the chromosome...done (13468ms) 
 block [1/1877] : done (2106ms) 
 block [2/1877] : done (2120ms) 
 block [3/1877] : done (2175ms) 
 block [4/1877] : done (2221ms) 
 block [5/1877] : done (2410ms) 
 block [6/1877] : done (2165ms) 
 block [7/1877] : done (2199ms) 
 block [8/1877] : done (2174ms) 
 block [9/1877] : done (2264ms) 
 block [10/1877] : done (2250ms) 
 block [11/1877] : done (2212ms) 
 block [12/1877] : done (2364ms) 
 block [13/1877] : done (2226ms) 
 block [14/1877] : done (2291ms) 
 block [15/1877] : done (2337ms) 
 block [16/1877] : done (2337ms) 
 block [17/1877] : done (2266ms) 
 block [18/1877] : done (2266ms) 
 block [19/1877] : done (2263ms) 
 block [20/1877] : done (2314ms) 
 block [21/1877] : done (2278ms) 
 block [22/1877] : done (2185ms) 
 block [23/1877] : done (2175ms) 
 block [24/1877] : done (2182ms) 
 block [25/1877] : done (2167ms) 
 block [26/1877] : done (2125ms) 
 block [27/1877] : done (2090ms) 
 block [28/1877] : done (2173ms) 
 block [29/1877] : done (2256ms) 
 block [30/1877] : done (2242ms) 
 block [31/1877] : done (2292ms) 
 block [32/1877] : done (2363ms) 
 block [33/1877] : done (2265ms) 
 block [34/1877] : done (2446ms) 
 block [35/1877] : done (2571ms) 
 block [36/1877] : done (2387ms) 
 block [37/1877] : done (2386ms) 
 block [38/1877] : done (2448ms) 
 block [39/1877] : done (2382ms) 
 block [40/1877] : done (2320ms) 
 block [41/1877] : done (2302ms) 
 block [42/1877] : done (2336ms) 
 block [43/1877] : done (2355ms) 
 block [44/1877] : done (2199ms) 
 block [45/1877] : done (2227ms) 
 block [46/1877] : done (2172ms) 
 block [47/1877] : done (2222ms) 
 block [48/1877] : done (2252ms) 
 block [49/1877] : done (2226ms) 
 block [50/1877] : done (2276ms) 
 block [51/1877] : done (2228ms) 
 block [52/1877] : done (2239ms) 
 block [53/1877] : done (2231ms) 
 block [54/1877] : done (2266ms) 
 block [55/1877] : done (2344ms) 
 block [56/1877] : done (2226ms) 
 block [57/1877] : done (2318ms) 
 block [58/1877] : done (2300ms) 
 block [59/1877] : done (2197ms) 
 block [60/1877] : done (2276ms) 
 block [61/1877] : done (2368ms) 
 block [62/1877] : done (2299ms) 
 block [63/1877] : done (2239ms) 
 block [64/1877] : done (2265ms) 
 block [65/1877] : done (2370ms) 
 block [66/1877] : done (2364ms) 
 block [67/1877] : done (2262ms) 
 block [68/1877] : done (2276ms) 
 block [69/1877] : done (2262ms) 
 block [70/1877] : done (2343ms) 
 block [71/1877] : done (2215ms) 
 block [72/1877] : done (2301ms) 
 block [73/1877] : done (2263ms) 
 block [74/1877] : done (2384ms) 
 block [75/1877] : done (2325ms) 
 block [76/1877] : done (2483ms) 
 block [77/1877] : done (2418ms) 
 block [78/1877] : done (2203ms) 
 block [79/1877] : done (2215ms) 
 block [80/1877] : done (2207ms) 
 block [81/1877] : done (2169ms) 
 block [82/1877] : done (2241ms) 
 block [83/1877] : done (2286ms) 
 block [84/1877] : done (2220ms) 
 block [85/1877] : done (2242ms) 
 block [86/1877] : done (2207ms) 
 block [87/1877] : done (2250ms) 
 block [88/1877] : done (2232ms) 
 block [89/1877] : done (2244ms) 
 block [90/1877] : done (2193ms) 
 block [91/1877] : done (2396ms) 
 block [92/1877] : done (2263ms) 
 block [93/1877] : done (2224ms) 
 block [94/1877] : done (2315ms) 
 block [95/1877] : done (2404ms) 
 block [96/1877] : done (2254ms) 
 block [97/1877] : done (2246ms) 
 block [98/1877] : done (2263ms) 
 block [99/1877] : done (2248ms) 
 block [100/1877] : done (2194ms) 
 block [101/1877] : done (2174ms) 
 block [102/1877] : done (2352ms) 
 block [103/1877] : done (2393ms) 
 block [104/1877] : done (2251ms) 
 block [105/1877] : done (2283ms) 
 block [106/1877] : done (2239ms) 
 block [107/1877] : done (2199ms) 
 block [108/1877] : done (2724ms) 
 block [109/1877] : done (2453ms) 
 block [110/1877] : done (2536ms) 
 block [111/1877] : done (2420ms) 
 block [112/1877] : done (2513ms) 
 block [113/1877] : done (2391ms) 
 block [114/1877] : done (2407ms) 
 block [115/1877] : done (2433ms) 
 block [116/1877] : done (2437ms) 
 block [117/1877] : done (2483ms) 
 block [118/1877] : done (2414ms) 
 block [119/1877] : done (2403ms) 
 block [120/1877] : done (2640ms) 
 block [121/1877] : done (2399ms) 
 block [122/1877] : done (2352ms) 
 block [123/1877] : done (2476ms) 
 block [124/1877] : done (2513ms) 
 block [125/1877] : done (2394ms) 
 block [126/1877] : done (2634ms) 
 block [127/1877] : done (2439ms) 
 block [128/1877] : done (2317ms) 
 block [129/1877] : done (2458ms) 
 block [130/1877] : done (2412ms) 
 block [131/1877] : done (2341ms) 
 block [132/1877] : done (2355ms) 
 block [133/1877] : done (2305ms) 
 block [134/1877] : done (2236ms) 
 block [135/1877] : done (2239ms) 
 block [136/1877] : done (2229ms) 
 block [137/1877] : done (2262ms) 
 block [138/1877] : done (2301ms) 
 block [139/1877] : done (2298ms) 
 block [140/1877] : done (2215ms) 
 block [141/1877] : done (2114ms) 
 block [142/1877] : done (2189ms) 
 block [143/1877] : done (2216ms) 
 block [144/1877] : done (2083ms) 
 block [145/1877] : done (2035ms) 
 block [146/1877] : done (2082ms) 
 block [147/1877] : done (2245ms) 
 block [148/1877] : done (2105ms) 
 block [149/1877] : done (2180ms) 
 block [150/1877] : done (2080ms) 
 block [151/1877] : done (2261ms) 
 block [152/1877] : done (2441ms) 
 block [153/1877] : done (2295ms) 
 block [154/1877] : done (2092ms) 
 block [155/1877] : done (2277ms) 
 block [156/1877] : done (2111ms) 
 block [157/1877] : done (2267ms) 
 block [158/1877] : done (2192ms) 
 block [159/1877] : done (2301ms) 
 block [160/1877] : done (2122ms) 
 block [161/1877] : done (2192ms) 
 block [162/1877] : done (2139ms) 
 block [163/1877] : done (2290ms) 
 block [164/1877] : done (2060ms) 
 block [165/1877] : done (2078ms) 
 block [166/1877] : done (2122ms) 
 block [167/1877] : done (2004ms) 
 block [168/1877] : done (2003ms) 
 block [169/1877] : done (2120ms) 
 block [170/1877] : done (2096ms) 
 block [171/1877] : done (2087ms) 
 block [172/1877] : done (2176ms) 
 block [173/1877] : done (2107ms) 
 block [174/1877] : done (2175ms) 
 block [175/1877] : done (2104ms) 
 block [176/1877] : done (2152ms) 
 block [177/1877] : done (2079ms) 
 block [178/1877] : done (2055ms) 
 block [179/1877] : done (2081ms) 
 block [180/1877] : done (2078ms) 
 block [181/1877] : done (2036ms) 
 block [182/1877] : done (2014ms) 
 block [183/1877] : done (2191ms) 
 block [184/1877] : done (2039ms) 
 block [185/1877] : done (2126ms) 
 block [186/1877] : done (2070ms) 
 block [187/1877] : done (2047ms) 
 block [188/1877] : done (2191ms) 
 block [189/1877] : done (2075ms) 
 block [190/1877] : done (2234ms) 
 block [191/1877] : done (2066ms) 
 block [192/1877] : done (2035ms) 
 block [193/1877] : done (2084ms) 
 block [194/1877] : done (2011ms) 
 block [195/1877] : done (2101ms) 
 block [196/1877] : done (2001ms) 
 block [197/1877] : done (2270ms) 
 block [198/1877] : done (2095ms) 
 block [199/1877] : done (2043ms) 
 block [200/1877] : done (2215ms) 
 block [201/1877] : done (2104ms) 
 block [202/1877] : done (2259ms) 
 block [203/1877] : done (2211ms) 
 block [204/1877] : done (2099ms) 
 block [205/1877] : done (2187ms) 
 block [206/1877] : done (2203ms) 
 block [207/1877] : done (2169ms) 
 block [208/1877] : done (2145ms) 
 block [209/1877] : done (2224ms) 
 block [210/1877] : done (2118ms) 
 block [211/1877] : done (2224ms) 
 block [212/1877] : done (2170ms) 
 block [213/1877] : done (2133ms) 
 block [214/1877] : done (2122ms) 
 block [215/1877] : done (2053ms) 
 block [216/1877] : done (2159ms) 
 block [217/1877] : done (2097ms) 
 block [218/1877] : done (2173ms) 
 block [219/1877] : done (2010ms) 
 block [220/1877] : done (2096ms) 
 block [221/1877] : done (2090ms) 
 block [222/1877] : done (2039ms) 
 block [223/1877] : done (2025ms) 
 block [224/1877] : done (2059ms) 
 block [225/1877] : done (2207ms) 
 block [226/1877] : done (2049ms) 
 block [227/1877] : done (2047ms) 
 block [228/1877] : done (2014ms) 
 block [229/1877] : done (2100ms) 
 block [230/1877] : done (2175ms) 
 block [231/1877] : done (2085ms) 
 block [232/1877] : done (2078ms) 
 block [233/1877] : done (2199ms) 
 block [234/1877] : done (2178ms) 
 block [235/1877] : done (2012ms) 
 block [236/1877] : done (2087ms) 
 block [237/1877] : done (2052ms) 
 block [238/1877] : done (2087ms) 
 block [239/1877] : done (2122ms) 
 block [240/1877] : done (2079ms) 
 block [241/1877] : done (2203ms) 
 block [242/1877] : done (2433ms) 
 block [243/1877] : done (2352ms) 
 block [244/1877] : done (2136ms) 
 block [245/1877] : done (2083ms) 
 block [246/1877] : done (2186ms) 
 block [247/1877] : done (2109ms) 
 block [248/1877] : done (2022ms) 
 block [249/1877] : done (2051ms) 
 block [250/1877] : done (2069ms) 
 block [251/1877] : done (2099ms) 
 block [252/1877] : done (2081ms) 
 block [253/1877] : done (2121ms) 
 block [254/1877] : done (2046ms) 
 block [255/1877] : done (2110ms) 
 block [256/1877] : done (2040ms) 
 block [257/1877] : done (2040ms) 
 block [258/1877] : done (2110ms) 
 block [259/1877] : done (2081ms) 
 block [260/1877] : done (2172ms) 
 block [261/1877] : done (2049ms) 
 block [262/1877] : done (2030ms) 
 block [263/1877] : done (1997ms) 
 block [264/1877] : done (2013ms) 
 block [265/1877] : done (2085ms) 
 block [266/1877] : done (2055ms) 
 block [267/1877] : done (2081ms) 
 block [268/1877] : done (2086ms) 
 block [269/1877] : done (2115ms) 
 block [270/1877] : done (1982ms) 
 block [271/1877] : done (1967ms) 
 block [272/1877] : done (1972ms) 
 block [273/1877] : done (2028ms) 
 block [274/1877] : done (2027ms) 
 block [275/1877] : done (1941ms) 
 block [276/1877] : done (1958ms) 
 block [277/1877] : done (2002ms) 
 block [278/1877] : done (2050ms) 
 block [279/1877] : done (1963ms) 
 block [280/1877] : done (1952ms) 
 block [281/1877] : done (1958ms) 
 block [282/1877] : done (1986ms) 
 block [283/1877] : done (2050ms) 
 block [284/1877] : done (1982ms) 
 block [285/1877] : done (1977ms) 
 block [286/1877] : done (1992ms) 
 block [287/1877] : done (2002ms) 
 block [288/1877] : done (2060ms) 
 block [289/1877] : done (2001ms) 
 block [290/1877] : done (1947ms) 
 block [291/1877] : done (2007ms) 
 block [292/1877] : done (2008ms) 
 block [293/1877] : done (1974ms) 
 block [294/1877] : done (2018ms) 
 block [295/1877] : done (1960ms) 
 block [296/1877] : done (1987ms) 
 block [297/1877] : done (2106ms) 
 block [298/1877] : done (2039ms) 
 block [299/1877] : done (2033ms) 
 block [300/1877] : done (2012ms) 
 block [301/1877] : done (2032ms) 
 block [302/1877] : done (1971ms) 
 block [303/1877] : done (1976ms) 
 block [304/1877] : done (2025ms) 
 block [305/1877] : done (1974ms) 
 block [306/1877] : done (1964ms) 
 block [307/1877] : done (1972ms) 
 block [308/1877] : done (1972ms) 
 block [309/1877] : done (2028ms) 
 block [310/1877] : done (1956ms) 
 block [311/1877] : done (1979ms) 
 block [312/1877] : done (2010ms) 
 block [313/1877] : done (2063ms) 
 block [314/1877] : done (2007ms) 
 block [315/1877] : done (2028ms) 
 block [316/1877] : done (2028ms) 
 block [317/1877] : done (1994ms) 
 block [318/1877] : done (1972ms) 
 block [319/1877] : done (2001ms) 
 block [320/1877] : done (2005ms) 
 block [321/1877] : done (2085ms) 
 block [322/1877] : done (2014ms) 
 block [323/1877] : done (2013ms) 
 block [324/1877] : done (2009ms) 
 block [325/1877] : done (2033ms) 
 block [326/1877] : done (1993ms) 
 block [327/1877] : done (1992ms) 
 block [328/1877] : done (2287ms) 
 block [329/1877] : done (1968ms) 
 block [330/1877] : done (2018ms) 
 block [331/1877] : done (1988ms) 
 block [332/1877] : done (2067ms) 
 block [333/1877] : done (2090ms) 
 block [334/1877] : done (2006ms) 
 block [335/1877] : done (2049ms) 
 block [336/1877] : done (2035ms) 
 block [337/1877] : done (2050ms) 
 block [338/1877] : done (2104ms) 
 block [339/1877] : done (2019ms) 
 block [340/1877] : done (2113ms) 
 block [341/1877] : done (2069ms) 
 block [342/1877] : done (2084ms) 
 block [343/1877] : done (2057ms) 
 block [344/1877] : done (2000ms) 
 block [345/1877] : done (2032ms) 
 block [346/1877] : done (2056ms) 
 block [347/1877] : done (2007ms) 
 block [348/1877] : done (2054ms) 
 block [349/1877] : done (2039ms) 
 block [350/1877] : done (2022ms) 
 block [351/1877] : done (2062ms) 
 block [352/1877] : done (2062ms) 
 block [353/1877] : done (2053ms) 
 block [354/1877] : done (2023ms) 
 block [355/1877] : done (2035ms) 
 block [356/1877] : done (1991ms) 
 block [357/1877] : done (2020ms) 
 block [358/1877] : done (2039ms) 
 block [359/1877] : done (2043ms) 
 block [360/1877] : done (2049ms) 
 block [361/1877] : done (2023ms) 
 block [362/1877] : done (1981ms) 
 block [363/1877] : done (2005ms) 
 block [364/1877] : done (1979ms) 
 block [365/1877] : done (2007ms) 
 block [366/1877] : done (1998ms) 
 block [367/1877] : done (2028ms) 
 block [368/1877] : done (2023ms) 
 block [369/1877] : done (1993ms) 
 block [370/1877] : done (2075ms) 
 block [371/1877] : done (2026ms) 
 block [372/1877] : done (2028ms) 
 block [373/1877] : done (1997ms) 
 block [374/1877] : done (2014ms) 
 block [375/1877] : done (2029ms) 
 block [376/1877] : done (1964ms) 
 block [377/1877] : done (2192ms) 
 block [378/1877] : done (1955ms) 
 block [379/1877] : done (2010ms) 
 block [380/1877] : done (1969ms) 
 block [381/1877] : done (1951ms) 
 block [382/1877] : done (2012ms) 
 block [383/1877] : done (2014ms) 
 block [384/1877] : done (1968ms) 
 block [385/1877] : done (1948ms) 
 block [386/1877] : done (1921ms) 
 block [387/1877] : done (1945ms) 
 block [388/1877] : done (1958ms) 
 block [389/1877] : done (2010ms) 
 block [390/1877] : done (2001ms) 
 block [391/1877] : done (1993ms) 
 block [392/1877] : done (1970ms) 
 block [393/1877] : done (2036ms) 
 block [394/1877] : done (2013ms) 
 block [395/1877] : done (2049ms) 
 block [396/1877] : done (2014ms) 
 block [397/1877] : done (2029ms) 
 block [398/1877] : done (2052ms) 
 block [399/1877] : done (2071ms) 
 block [400/1877] : done (1974ms) 
 block [401/1877] : done (1952ms) 
 block [402/1877] : done (1962ms) 
 block [403/1877] : done (2011ms) 
 block [404/1877] : done (2034ms) 
 block [405/1877] : done (2034ms) 
 block [406/1877] : done (2044ms) 
 block [407/1877] : done (2005ms) 
 block [408/1877] : done (2006ms) 
 block [409/1877] : done (1977ms) 
 block [410/1877] : done (1997ms) 
 block [411/1877] : done (1999ms) 
 block [412/1877] : done (2017ms) 
 block [413/1877] : done (1989ms) 
 block [414/1877] : done (1974ms) 
 block [415/1877] : done (1978ms) 
 block [416/1877] : done (1996ms) 
 block [417/1877] : done (1972ms) 
 block [418/1877] : done (2047ms) 
 block [419/1877] : done (2013ms) 
 block [420/1877] : done (2014ms) 
 block [421/1877] : done (1986ms) 
 block [422/1877] : done (2033ms) 
 block [423/1877] : done (2034ms) 
 block [424/1877] : done (1960ms) 
 block [425/1877] : done (2033ms) 
 block [426/1877] : done (1990ms) 
 block [427/1877] : done (2040ms) 
 block [428/1877] : done (2047ms) 
 block [429/1877] : done (2047ms) 
 block [430/1877] : done (2004ms) 
 block [431/1877] : done (1989ms) 
 block [432/1877] : done (1994ms) 
 block [433/1877] : done (2034ms) 
 block [434/1877] : done (2091ms) 
 block [435/1877] : done (2049ms) 
 block [436/1877] : done (2082ms) 
 block [437/1877] : done (2046ms) 
 block [438/1877] : done (2011ms) 
 block [439/1877] : done (2003ms) 
 block [440/1877] : done (2058ms) 
 block [441/1877] : done (2094ms) 
 block [442/1877] : done (2063ms) 
 block [443/1877] : done (2077ms) 
 block [444/1877] : done (2116ms) 
 block [445/1877] : done (2182ms) 
 block [446/1877] : done (2162ms) 
 block [447/1877] : done (2170ms) 
 block [448/1877] : done (2177ms) 
 block [449/1877] : done (2187ms) 
 block [450/1877] : done (2167ms) 
 block [451/1877] : done (2140ms) 
 block [452/1877] : done (2293ms) 
 block [453/1877] : done (2301ms) 
 block [454/1877] : done (2253ms) 
 block [455/1877] : done (2208ms) 
 block [456/1877] : done (2162ms) 
 block [457/1877] : done (2117ms) 
 block [458/1877] : done (2104ms) 
 block [459/1877] : done (2065ms) 
 block [460/1877] : done (2221ms) 
 block [461/1877] : done (2204ms) 
 block [462/1877] : done (2210ms) 
 block [463/1877] : done (2164ms) 
 block [464/1877] : done (2178ms) 
 block [465/1877] : done (2182ms) 
 block [466/1877] : done (2261ms) 
 block [467/1877] : done (2257ms) 
 block [468/1877] : done (2197ms) 
 block [469/1877] : done (2096ms) 
 block [470/1877] : done (2126ms) 
 block [471/1877] : done (2171ms) 
 block [472/1877] : done (2080ms) 
 block [473/1877] : done (2057ms) 
 block [474/1877] : done (2048ms) 
 block [475/1877] : done (2095ms) 
 block [476/1877] : done (2106ms) 
 block [477/1877] : done (2207ms) 
 block [478/1877] : done (2117ms) 
 block [479/1877] : done (2143ms) 
 block [480/1877] : done (2154ms) 
 block [481/1877] : done (2113ms) 
 block [482/1877] : done (2176ms) 
 block [483/1877] : done (2225ms) 
 block [484/1877] : done (2154ms) 
 block [485/1877] : done (2253ms) 
 block [486/1877] : done (2133ms) 
 block [487/1877] : done (2132ms) 
 block [488/1877] : done (2151ms) 
 block [489/1877] : done (2180ms) 
 block [490/1877] : done (2167ms) 
 block [491/1877] : done (2143ms) 
 block [492/1877] : done (2167ms) 
 block [493/1877] : done (2229ms) 
 block [494/1877] : done (2162ms) 
 block [495/1877] : done (2186ms) 
 block [496/1877] : done (2162ms) 
 block [497/1877] : done (2191ms) 
 block [498/1877] : done (2165ms) 
 block [499/1877] : done (2235ms) 
 block [500/1877] : done (2385ms) 
 block [501/1877] : done (2319ms) 
 block [502/1877] : done (2203ms) 
 block [503/1877] : done (2272ms) 
 block [504/1877] : done (2273ms) 
 block [505/1877] : done (2239ms) 
 block [506/1877] : done (2261ms) 
 block [507/1877] : done (2300ms) 
 block [508/1877] : done (2341ms) 
 block [509/1877] : done (2329ms) 
 block [510/1877] : done (2284ms) 
 block [511/1877] : done (2331ms) 
 block [512/1877] : done (2294ms) 
 block [513/1877] : done (2279ms) 
 block [514/1877] : done (2297ms) 
 block [515/1877] : done (2303ms) 
 block [516/1877] : done (2331ms) 
 block [517/1877] : done (2319ms) 
 block [518/1877] : done (2293ms) 
 block [519/1877] : done (2327ms) 
 block [520/1877] : done (2321ms) 
 block [521/1877] : done (2383ms) 
 block [522/1877] : done (2373ms) 
 block [523/1877] : done (2352ms) 
 block [524/1877] : done (2310ms) 
 block [525/1877] : done (2224ms) 
 block [526/1877] : done (2278ms) 
 block [527/1877] : done (2243ms) 
 block [528/1877] : done (2293ms) 
 block [529/1877] : done (2289ms) 
 block [530/1877] : done (2310ms) 
 block [531/1877] : done (2230ms) 
 block [532/1877] : done (2226ms) 
 block [533/1877] : done (2200ms) 
 block [534/1877] : done (2215ms) 
 block [535/1877] : done (2245ms) 
 block [536/1877] : done (2250ms) 
 block [537/1877] : done (2238ms) 
 block [538/1877] : done (2179ms) 
 block [539/1877] : done (2211ms) 
 block [540/1877] : done (2202ms) 
 block [541/1877] : done (2191ms) 
 block [542/1877] : done (2168ms) 
 block [543/1877] : done (2249ms) 
 block [544/1877] : done (2296ms) 
 block [545/1877] : done (2281ms) 
 block [546/1877] : done (2308ms) 
 block [547/1877] : done (2315ms) 
 block [548/1877] : done (2250ms) 
 block [549/1877] : done (2277ms) 
 block [550/1877] : done (2312ms) 
 block [551/1877] : done (2244ms) 
 block [552/1877] : done (2254ms) 
 block [553/1877] : done (2224ms) 
 block [554/1877] : done (2204ms) 
 block [555/1877] : done (2219ms) 
 block [556/1877] : done (2226ms) 
 block [557/1877] : done (2191ms) 
 block [558/1877] : done (2270ms) 
 block [559/1877] : done (2251ms) 
 block [560/1877] : done (2169ms) 
 block [561/1877] : done (2264ms) 
 block [562/1877] : done (2200ms) 
 block [563/1877] : done (2197ms) 
 block [564/1877] : done (2228ms) 
 block [565/1877] : done (2209ms) 
 block [566/1877] : done (2225ms) 
 block [567/1877] : done (2175ms) 
 block [568/1877] : done (2167ms) 
 block [569/1877] : done (2124ms) 
 block [570/1877] : done (2126ms) 
 block [571/1877] : done (2162ms) 
 block [572/1877] : done (2145ms) 
 block [573/1877] : done (2116ms) 
 block [574/1877] : done (2197ms) 
 block [575/1877] : done (2181ms) 
 block [576/1877] : done (2171ms) 
 block [577/1877] : done (2197ms) 
 block [578/1877] : done (2144ms) 
 block [579/1877] : done (2138ms) 
 block [580/1877] : done (2211ms) 
 block [581/1877] : done (2206ms) 
 block [582/1877] : done (2233ms) 
 block [583/1877] : done (2261ms) 
 block [584/1877] : done (2208ms) 
 block [585/1877] : done (2172ms) 
 block [586/1877] : done (2222ms) 
 block [587/1877] : done (2160ms) 
 block [588/1877] : done (2199ms) 
 block [589/1877] : done (2298ms) 
 block [590/1877] : done (2253ms) 
 block [591/1877] : done (2202ms) 
 block [592/1877] : done (2207ms) 
 block [593/1877] : done (2240ms) 
 block [594/1877] : done (2218ms) 
 block [595/1877] : done (2195ms) 
 block [596/1877] : done (2209ms) 
 block [597/1877] : done (2188ms) 
 block [598/1877] : done (2273ms) 
 block [599/1877] : done (2223ms) 
 block [600/1877] : done (2209ms) 
 block [601/1877] : done (2126ms) 
 block [602/1877] : done (2150ms) 
 block [603/1877] : done (2223ms) 
 block [604/1877] : done (2230ms) 
 block [605/1877] : done (2129ms) 
 block [606/1877] : done (2241ms) 
 block [607/1877] : done (2184ms) 
 block [608/1877] : done (2111ms) 
 block [609/1877] : done (2175ms) 
 block [610/1877] : done (2220ms) 
 block [611/1877] : done (2209ms) 
 block [612/1877] : done (2250ms) 
 block [613/1877] : done (2220ms) 
 block [614/1877] : done (2193ms) 
 block [615/1877] : done (2148ms) 
 block [616/1877] : done (2186ms) 
 block [617/1877] : done (2230ms) 
 block [618/1877] : done (2266ms) 
 block [619/1877] : done (2157ms) 
 block [620/1877] : done (2132ms) 
 block [621/1877] : done (2163ms) 
 block [622/1877] : done (2155ms) 
 block [623/1877] : done (2208ms) 
 block [624/1877] : done (2189ms) 
 block [625/1877] : done (2232ms) 
 block [626/1877] : done (2226ms) 
 block [627/1877] : done (2180ms) 
 block [628/1877] : done (2147ms) 
 block [629/1877] : done (2157ms) 
 block [630/1877] : done (2110ms) 
 block [631/1877] : done (2085ms) 
 block [632/1877] : done (2099ms) 
 block [633/1877] : done (2144ms) 
 block [634/1877] : done (2265ms) 
 block [635/1877] : done (2185ms) 
 block [636/1877] : done (2196ms) 
 block [637/1877] : done (2267ms) 
 block [638/1877] : done (2182ms) 
 block [639/1877] : done (2194ms) 
 block [640/1877] : done (2130ms) 
 block [641/1877] : done (2242ms) 
 block [642/1877] : done (2208ms) 
 block [643/1877] : done (2141ms) 
 block [644/1877] : done (2256ms) 
 block [645/1877] : done (2154ms) 
 block [646/1877] : done (2178ms) 
 block [647/1877] : done (2257ms) 
 block [648/1877] : done (2209ms) 
 block [649/1877] : done (2225ms) 
 block [650/1877] : done (2115ms) 
 block [651/1877] : done (3914ms) 
 block [652/1877] : done (2134ms) 
 block [653/1877] : done (2162ms) 
 block [654/1877] : done (2124ms) 
 block [655/1877] : done (2183ms) 
 block [656/1877] : done (2170ms) 
 block [657/1877] : done (2167ms) 
 block [658/1877] : done (2140ms) 
 block [659/1877] : done (2122ms) 
 block [660/1877] : done (2164ms) 
 block [661/1877] : done (2219ms) 
 block [662/1877] : done (2251ms) 
 block [663/1877] : done (2274ms) 
 block [664/1877] : done (2112ms) 
 block [665/1877] : done (2144ms) 
 block [666/1877] : done (2204ms) 
 block [667/1877] : done (2148ms) 
 block [668/1877] : done (2115ms) 
 block [669/1877] : done (2120ms) 
 block [670/1877] : done (2220ms) 
 block [671/1877] : done (2237ms) 
 block [672/1877] : done (2184ms) 
 block [673/1877] : done (2295ms) 
 block [674/1877] : done (2201ms) 
 block [675/1877] : done (2227ms) 
 block [676/1877] : done (2282ms) 
 block [677/1877] : done (2248ms) 
 block [678/1877] : done (2168ms) 
 block [679/1877] : done (2179ms) 
 block [680/1877] : done (2182ms) 
 block [681/1877] : done (2081ms) 
 block [682/1877] : done (2260ms) 
 block [683/1877] : done (2219ms) 
 block [684/1877] : done (2328ms) 
 block [685/1877] : done (2217ms) 
 block [686/1877] : done (2223ms) 
 block [687/1877] : done (2282ms) 
 block [688/1877] : done (2320ms) 
 block [689/1877] : done (2323ms) 
 block [690/1877] : done (2292ms) 
 block [691/1877] : done (2301ms) 
 block [692/1877] : done (2298ms) 
 block [693/1877] : done (2324ms) 
 block [694/1877] : done (2274ms) 
 block [695/1877] : done (2296ms) 
 block [696/1877] : done (2221ms) 
 block [697/1877] : done (2308ms) 
 block [698/1877] : done (2176ms) 
 block [699/1877] : done (2265ms) 
 block [700/1877] : done (2139ms) 
 block [701/1877] : done (2157ms) 
 block [702/1877] : done (2218ms) 
 block [703/1877] : done (2183ms) 
 block [704/1877] : done (2268ms) 
 block [705/1877] : done (2209ms) 
 block [706/1877] : done (2207ms) 
 block [707/1877] : done (2258ms) 
 block [708/1877] : done (2120ms) 
 block [709/1877] : done (2170ms) 
 block [710/1877] : done (2157ms) 
 block [711/1877] : done (2211ms) 
 block [712/1877] : done (2138ms) 
 block [713/1877] : done (2255ms) 
 block [714/1877] : done (2172ms) 
 block [715/1877] : done (2231ms) 
 block [716/1877] : done (2101ms) 
 block [717/1877] : done (2199ms) 
 block [718/1877] : done (2318ms) 
 block [719/1877] : done (2085ms) 
 block [720/1877] : done (2219ms) 
 block [721/1877] : done (2263ms) 
 block [722/1877] : done (2248ms) 
 block [723/1877] : done (2273ms) 
 block [724/1877] : done (2315ms) 
 block [725/1877] : done (2278ms) 
 block [726/1877] : done (2141ms) 
 block [727/1877] : done (2166ms) 
 block [728/1877] : done (2232ms) 
 block [729/1877] : done (2229ms) 
 block [730/1877] : done (2137ms) 
 block [731/1877] : done (2217ms) 
 block [732/1877] : done (2169ms) 
 block [733/1877] : done (2323ms) 
 block [734/1877] : done (2171ms) 
 block [735/1877] : done (2130ms) 
 block [736/1877] : done (2235ms) 
 block [737/1877] : done (2227ms) 
 block [738/1877] : done (2242ms) 
 block [739/1877] : done (2298ms) 
 block [740/1877] : done (2220ms) 
 block [741/1877] : done (2127ms) 
 block [742/1877] : done (2220ms) 
 block [743/1877] : done (2114ms) 
 block [744/1877] : done (2328ms) 
 block [745/1877] : done (2142ms) 
 block [746/1877] : done (2188ms) 
 block [747/1877] : done (2202ms) 
 block [748/1877] : done (2206ms) 
 block [749/1877] : done (2296ms) 
 block [750/1877] : done (2334ms) 
 block [751/1877] : done (2281ms) 
 block [752/1877] : done (2273ms) 
 block [753/1877] : done (2130ms) 
 block [754/1877] : done (2183ms) 
 block [755/1877] : done (2196ms) 
 block [756/1877] : done (2261ms) 
 block [757/1877] : done (2298ms) 
 block [758/1877] : done (2369ms) 
 block [759/1877] : done (2327ms) 
 block [760/1877] : done (2312ms) 
 block [761/1877] : done (2329ms) 
 block [762/1877] : done (2211ms) 
 block [763/1877] : done (2246ms) 
 block [764/1877] : done (2216ms) 
 block [765/1877] : done (2137ms) 
 block [766/1877] : done (2104ms) 
 block [767/1877] : done (2136ms) 
 block [768/1877] : done (2332ms) 
 block [769/1877] : done (2288ms) 
 block [770/1877] : done (2239ms) 
 block [771/1877] : done (2265ms) 
 block [772/1877] : done (2194ms) 
 block [773/1877] : done (2260ms) 
 block [774/1877] : done (2214ms) 
 block [775/1877] : done (2156ms) 
 block [776/1877] : done (2128ms) 
 block [777/1877] : done (2156ms) 
 block [778/1877] : done (2173ms) 
 block [779/1877] : done (2249ms) 
 block [780/1877] : done (2236ms) 
 block [781/1877] : done (2143ms) 
 block [782/1877] : done (2235ms) 
 block [783/1877] : done (2183ms) 
 block [784/1877] : done (2317ms) 
 block [785/1877] : done (2230ms) 
 block [786/1877] : done (2406ms) 
 block [787/1877] : done (2370ms) 
 block [788/1877] : done (2308ms) 
 block [789/1877] : done (2291ms) 
 block [790/1877] : done (2201ms) 
 block [791/1877] : done (2333ms) 
 block [792/1877] : done (2338ms) 
 block [793/1877] : done (2308ms) 
 block [794/1877] : done (2524ms) 
 block [795/1877] : done (2531ms) 
 block [796/1877] : done (2785ms) 
 block [797/1877] : done (2541ms) 
 block [798/1877] : done (2536ms) 
 block [799/1877] : done (2329ms) 
 block [800/1877] : done (2319ms) 
 block [801/1877] : done (2109ms) 
 block [802/1877] : done (2164ms) 
 block [803/1877] : done (2121ms) 
 block [804/1877] : done (2194ms) 
 block [805/1877] : done (2246ms) 
 block [806/1877] : done (2139ms) 
 block [807/1877] : done (2186ms) 
 block [808/1877] : done (2202ms) 
 block [809/1877] : done (2162ms) 
 block [810/1877] : done (2102ms) 
 block [811/1877] : done (2082ms) 
 block [812/1877] : done (2119ms) 
 block [813/1877] : done (2136ms) 
 block [814/1877] : done (2120ms) 
 block [815/1877] : done (2146ms) 
 block [816/1877] : done (2228ms) 
 block [817/1877] : done (2268ms) 
 block [818/1877] : done (2119ms) 
 block [819/1877] : done (2165ms) 
 block [820/1877] : done (2131ms) 
 block [821/1877] : done (2174ms) 
 block [822/1877] : done (2171ms) 
 block [823/1877] : done (2183ms) 
 block [824/1877] : done (2126ms) 
 block [825/1877] : done (2126ms) 
 block [826/1877] : done (2195ms) 
 block [827/1877] : done (2271ms) 
 block [828/1877] : done (2311ms) 
 block [829/1877] : done (2227ms) 
 block [830/1877] : done (2307ms) 
 block [831/1877] : done (2271ms) 
 block [832/1877] : done (2197ms) 
 block [833/1877] : done (2184ms) 
 block [834/1877] : done (2220ms) 
 block [835/1877] : done (2207ms) 
 block [836/1877] : done (2222ms) 
 block [837/1877] : done (2193ms) 
 block [838/1877] : done (2202ms) 
 block [839/1877] : done (2208ms) 
 block [840/1877] : done (2217ms) 
 block [841/1877] : done (2165ms) 
 block [842/1877] : done (2153ms) 
 block [843/1877] : done (2157ms) 
 block [844/1877] : done (2198ms) 
 block [845/1877] : done (2180ms) 
 block [846/1877] : done (2245ms) 
 block [847/1877] : done (2148ms) 
 block [848/1877] : done (2159ms) 
 block [849/1877] : done (2169ms) 
 block [850/1877] : done (2198ms) 
 block [851/1877] : done (2173ms) 
 block [852/1877] : done (2191ms) 
 block [853/1877] : done (2204ms) 
 block [854/1877] : done (2198ms) 
 block [855/1877] : done (2190ms) 
 block [856/1877] : done (2206ms) 
 block [857/1877] : done (2179ms) 
 block [858/1877] : done (2191ms) 
 block [859/1877] : done (2205ms) 
 block [860/1877] : done (2186ms) 
 block [861/1877] : done (2226ms) 
 block [862/1877] : done (2197ms) 
 block [863/1877] : done (2193ms) 
 block [864/1877] : done (2188ms) 
 block [865/1877] : done (2197ms) 
 block [866/1877] : done (2185ms) 
 block [867/1877] : done (2328ms) 
 block [868/1877] : done (2211ms) 
 block [869/1877] : done (2207ms) 
 block [870/1877] : done (2194ms) 
 block [871/1877] : done (2190ms) 
 block [872/1877] : done (2247ms) 
 block [873/1877] : done (2178ms) 
 block [874/1877] : done (2252ms) 
 block [875/1877] : done (2185ms) 
 block [876/1877] : done (2206ms) 
 block [877/1877] : done (2221ms) 
 block [878/1877] : done (2182ms) 
 block [879/1877] : done (2184ms) 
 block [880/1877] : done (2217ms) 
 block [881/1877] : done (2215ms) 
 block [882/1877] : done (2248ms) 
 block [883/1877] : done (2165ms) 
 block [884/1877] : done (2167ms) 
 block [885/1877] : done (2210ms) 
 block [886/1877] : done (2249ms) 
 block [887/1877] : done (2209ms) 
 block [888/1877] : done (2193ms) 
 block [889/1877] : done (2214ms) 
 block [890/1877] : done (2182ms) 
 block [891/1877] : done (2176ms) 
 block [892/1877] : done (2156ms) 
 block [893/1877] : done (2167ms) 
 block [894/1877] : done (2185ms) 
 block [895/1877] : done (2168ms) 
 block [896/1877] : done (2211ms) 
 block [897/1877] : done (2218ms) 
 block [898/1877] : done (2204ms) 
 block [899/1877] : done (2193ms) 
 block [900/1877] : done (2195ms) 
 block [901/1877] : done (2247ms) 
 block [902/1877] : done (2268ms) 
 block [903/1877] : done (2183ms) 
 block [904/1877] : done (2224ms) 
 block [905/1877] : done (2185ms) 
 block [906/1877] : done (2197ms) 
 block [907/1877] : done (2173ms) 
 block [908/1877] : done (2185ms) 
 block [909/1877] : done (2161ms) 
 block [910/1877] : done (2187ms) 
 block [911/1877] : done (2260ms) 
 block [912/1877] : done (2208ms) 
 block [913/1877] : done (2203ms) 
 block [914/1877] : done (2246ms) 
 block [915/1877] : done (2245ms) 
 block [916/1877] : done (2274ms) 
 block [917/1877] : done (2213ms) 
 block [918/1877] : done (2226ms) 
 block [919/1877] : done (2220ms) 
 block [920/1877] : done (2269ms) 
 block [921/1877] : done (2222ms) 
 block [922/1877] : done (2209ms) 
 block [923/1877] : done (2229ms) 
 block [924/1877] : done (2333ms) 
 block [925/1877] : done (2316ms) 
 block [926/1877] : done (2226ms) 
 block [927/1877] : done (2280ms) 
 block [928/1877] : done (2277ms) 
 block [929/1877] : done (2211ms) 
 block [930/1877] : done (2225ms) 
 block [931/1877] : done (2231ms) 
 block [932/1877] : done (2253ms) 
 block [933/1877] : done (2226ms) 
 block [934/1877] : done (2271ms) 
 block [935/1877] : done (2248ms) 
 block [936/1877] : done (2281ms) 
 block [937/1877] : done (2309ms) 
 block [938/1877] : done (2311ms) 
 block [939/1877] : done (2275ms) 
 block [940/1877] : done (2267ms) 
 block [941/1877] : done (2193ms) 
 block [942/1877] : done (2255ms) 
 block [943/1877] : done (2205ms) 
 block [944/1877] : done (2297ms) 
 block [945/1877] : done (2220ms) 
 block [946/1877] : done (2192ms) 
 block [947/1877] : done (2224ms) 
 block [948/1877] : done (2248ms) 
 block [949/1877] : done (2278ms) 
 block [950/1877] : done (2263ms) 
 block [951/1877] : done (2202ms) 
 block [952/1877] : done (2176ms) 
 block [953/1877] : done (2314ms) 
 block [954/1877] : done (2337ms) 
 block [955/1877] : done (2201ms) 
 block [956/1877] : done (2198ms) 
 block [957/1877] : done (2159ms) 
 block [958/1877] : done (2211ms) 
 block [959/1877] : done (2213ms) 
 block [960/1877] : done (2174ms) 
 block [961/1877] : done (2203ms) 
 block [962/1877] : done (2179ms) 
 block [963/1877] : done (2158ms) 
 block [964/1877] : done (2200ms) 
 block [965/1877] : done (2259ms) 
 block [966/1877] : done (2201ms) 
 block [967/1877] : done (2196ms) 
 block [968/1877] : done (2202ms) 
 block [969/1877] : done (2283ms) 
 block [970/1877] : done (2223ms) 
 block [971/1877] : done (2208ms) 
 block [972/1877] : done (2225ms) 
 block [973/1877] : done (2216ms) 
 block [974/1877] : done (2208ms) 
 block [975/1877] : done (2291ms) 
 block [976/1877] : done (2251ms) 
 block [977/1877] : done (2220ms) 
 block [978/1877] : done (2231ms) 
 block [979/1877] : done (2363ms) 
 block [980/1877] : done (2252ms) 
 block [981/1877] : done (2283ms) 
 block [982/1877] : done (2277ms) 
 block [983/1877] : done (2163ms) 
 block [984/1877] : done (2215ms) 
 block [985/1877] : done (2227ms) 
 block [986/1877] : done (2220ms) 
 block [987/1877] : done (2266ms) 
 block [988/1877] : done (2227ms) 
 block [989/1877] : done (2296ms) 
 block [990/1877] : done (2234ms) 
 block [991/1877] : done (2220ms) 
 block [992/1877] : done (2287ms) 
 block [993/1877] : done (2251ms) 
 block [994/1877] : done (2312ms) 
 block [995/1877] : done (2367ms) 
 block [996/1877] : done (2302ms) 
 block [997/1877] : done (2307ms) 
 block [998/1877] : done (2273ms) 
 block [999/1877] : done (2332ms) 
 block [1000/1877] : done (2345ms) 
 block [1001/1877] : done (2277ms) 
 block [1002/1877] : done (2355ms) 
 block [1003/1877] : done (2315ms) 
 block [1004/1877] : done (2310ms) 
 block [1005/1877] : done (2353ms) 
 block [1006/1877] : done (2262ms) 
 block [1007/1877] : done (2311ms) 
 block [1008/1877] : done (2234ms) 
 block [1009/1877] : done (2196ms) 
 block [1010/1877] : done (2203ms) 
 block [1011/1877] : done (2262ms) 
 block [1012/1877] : done (2276ms) 
 block [1013/1877] : done (2297ms) 
 block [1014/1877] : done (2267ms) 
 block [1015/1877] : done (2297ms) 
 block [1016/1877] : done (2276ms) 
 block [1017/1877] : done (2262ms) 
 block [1018/1877] : done (2242ms) 
 block [1019/1877] : done (2305ms) 
 block [1020/1877] : done (2254ms) 
 block [1021/1877] : done (2193ms) 
 block [1022/1877] : done (2243ms) 
 block [1023/1877] : done (2289ms) 
 block [1024/1877] : done (2215ms) 
 block [1025/1877] : done (2220ms) 
 block [1026/1877] : done (2261ms) 
 block [1027/1877] : done (2287ms) 
 block [1028/1877] : done (2222ms) 
 block [1029/1877] : done (2240ms) 
 block [1030/1877] : done (2216ms) 
 block [1031/1877] : done (2239ms) 
 block [1032/1877] : done (2233ms) 
 block [1033/1877] : done (2276ms) 
 block [1034/1877] : done (2337ms) 
 block [1035/1877] : done (2245ms) 
 block [1036/1877] : done (2313ms) 
 block [1037/1877] : done (2312ms) 
 block [1038/1877] : done (2273ms) 
 block [1039/1877] : done (2285ms) 
 block [1040/1877] : done (2277ms) 
 block [1041/1877] : done (2258ms) 
 block [1042/1877] : done (2281ms) 
 block [1043/1877] : done (2251ms) 
 block [1044/1877] : done (2227ms) 
 block [1045/1877] : done (2284ms) 
 block [1046/1877] : done (2285ms) 
 block [1047/1877] : done (2318ms) 
 block [1048/1877] : done (2226ms) 
 block [1049/1877] : done (2231ms) 
 block [1050/1877] : done (2316ms) 
 block [1051/1877] : done (2197ms) 
 block [1052/1877] : done (2198ms) 
 block [1053/1877] : done (2241ms) 
 block [1054/1877] : done (2265ms) 
 block [1055/1877] : done (2251ms) 
 block [1056/1877] : done (2298ms) 
 block [1057/1877] : done (2209ms) 
 block [1058/1877] : done (2345ms) 
 block [1059/1877] : done (2327ms) 
 block [1060/1877] : done (2453ms) 
 block [1061/1877] : done (2312ms) 
 block [1062/1877] : done (2349ms) 
 block [1063/1877] : done (2329ms) 
 block [1064/1877] : done (2323ms) 
 block [1065/1877] : done (2344ms) 
 block [1066/1877] : done (2296ms) 
 block [1067/1877] : done (2248ms) 
 block [1068/1877] : done (2237ms) 
 block [1069/1877] : done (2302ms) 
 block [1070/1877] : done (2292ms) 
 block [1071/1877] : done (2228ms) 
 block [1072/1877] : done (2299ms) 
 block [1073/1877] : done (2240ms) 
 block [1074/1877] : done (2274ms) 
 block [1075/1877] : done (2229ms) 
 block [1076/1877] : done (2286ms) 
 block [1077/1877] : done (2279ms) 
 block [1078/1877] : done (2207ms) 
 block [1079/1877] : done (2246ms) 
 block [1080/1877] : done (2151ms) 
 block [1081/1877] : done (2202ms) 
 block [1082/1877] : done (2208ms) 
 block [1083/1877] : done (2155ms) 
 block [1084/1877] : done (2255ms) 
 block [1085/1877] : done (2295ms) 
 block [1086/1877] : done (2274ms) 
 block [1087/1877] : done (2253ms) 
 block [1088/1877] : done (2254ms) 
 block [1089/1877] : done (2221ms) 
 block [1090/1877] : done (2283ms) 
 block [1091/1877] : done (2228ms) 
 block [1092/1877] : done (2219ms) 
 block [1093/1877] : done (2269ms) 
 block [1094/1877] : done (2228ms) 
 block [1095/1877] : done (2225ms) 
 block [1096/1877] : done (2283ms) 
 block [1097/1877] : done (2258ms) 
 block [1098/1877] : done (2259ms) 
 block [1099/1877] : done (2217ms) 
 block [1100/1877] : done (2231ms) 
 block [1101/1877] : done (2229ms) 
 block [1102/1877] : done (2247ms) 
 block [1103/1877] : done (2189ms) 
 block [1104/1877] : done (2276ms) 
 block [1105/1877] : done (2280ms) 
 block [1106/1877] : done (2185ms) 
 block [1107/1877] : done (2246ms) 
 block [1108/1877] : done (2240ms) 
 block [1109/1877] : done (2224ms) 
 block [1110/1877] : done (2239ms) 
 block [1111/1877] : done (2298ms) 
 block [1112/1877] : done (2273ms) 
 block [1113/1877] : done (2211ms) 
 block [1114/1877] : done (2206ms) 
 block [1115/1877] : done (2217ms) 
 block [1116/1877] : done (2283ms) 
 block [1117/1877] : done (2249ms) 
 block [1118/1877] : done (2255ms) 
 block [1119/1877] : done (2217ms) 
 block [1120/1877] : done (2184ms) 
 block [1121/1877] : done (2181ms) 
 block [1122/1877] : done (2170ms) 
 block [1123/1877] : done (2421ms) 
 block [1124/1877] : done (2314ms) 
 block [1125/1877] : done (2327ms) 
 block [1126/1877] : done (2359ms) 
 block [1127/1877] : done (2359ms) 
 block [1128/1877] : done (2404ms) 
 block [1129/1877] : done (2367ms) 
 block [1130/1877] : done (2423ms) 
 block [1131/1877] : done (2340ms) 
 block [1132/1877] : done (2328ms) 
 block [1133/1877] : done (2192ms) 
 block [1134/1877] : done (2269ms) 
 block [1135/1877] : done (2287ms) 
 block [1136/1877] : done (2334ms) 
 block [1137/1877] : done (2249ms) 
 block [1138/1877] : done (2213ms) 
 block [1139/1877] : done (2291ms) 
 block [1140/1877] : done (2304ms) 
 block [1141/1877] : done (2239ms) 
 block [1142/1877] : done (2301ms) 
 block [1143/1877] : done (2204ms) 
 block [1144/1877] : done (2233ms) 
 block [1145/1877] : done (2237ms) 
 block [1146/1877] : done (2256ms) 
 block [1147/1877] : done (2186ms) 
 block [1148/1877] : done (2192ms) 
 block [1149/1877] : done (2203ms) 
 block [1150/1877] : done (2179ms) 
 block [1151/1877] : done (2195ms) 
 block [1152/1877] : done (2186ms) 
 block [1153/1877] : done (2338ms) 
 block [1154/1877] : done (2221ms) 
 block [1155/1877] : done (2249ms) 
 block [1156/1877] : done (2265ms) 
 block [1157/1877] : done (2224ms) 
 block [1158/1877] : done (2227ms) 
 block [1159/1877] : done (2219ms) 
 block [1160/1877] : done (2254ms) 
 block [1161/1877] : done (2278ms) 
 block [1162/1877] : done (2328ms) 
 block [1163/1877] : done (2231ms) 
 block [1164/1877] : done (2203ms) 
 block [1165/1877] : done (2183ms) 
 block [1166/1877] : done (2217ms) 
 block [1167/1877] : done (2260ms) 
 block [1168/1877] : done (2213ms) 
 block [1169/1877] : done (2215ms) 
 block [1170/1877] : done (2245ms) 
 block [1171/1877] : done (2280ms) 
 block [1172/1877] : done (2293ms) 
 block [1173/1877] : done (2271ms) 
 block [1174/1877] : done (2178ms) 
 block [1175/1877] : done (2196ms) 
 block [1176/1877] : done (2189ms) 
 block [1177/1877] : done (2173ms) 
 block [1178/1877] : done (2213ms) 
 block [1179/1877] : done (2231ms) 
 block [1180/1877] : done (2276ms) 
 block [1181/1877] : done (2264ms) 
 block [1182/1877] : done (2263ms) 
 block [1183/1877] : done (2156ms) 
 block [1184/1877] : done (2186ms) 
 block [1185/1877] : done (2210ms) 
 block [1186/1877] : done (2205ms) 
 block [1187/1877] : done (2219ms) 
 block [1188/1877] : done (2247ms) 
 block [1189/1877] : done (2270ms) 
 block [1190/1877] : done (2195ms) 
 block [1191/1877] : done (2239ms) 
 block [1192/1877] : done (2256ms) 
 block [1193/1877] : done (2179ms) 
 block [1194/1877] : done (2175ms) 
 block [1195/1877] : done (2240ms) 
 block [1196/1877] : done (2260ms) 
 block [1197/1877] : done (2282ms) 
 block [1198/1877] : done (2274ms) 
 block [1199/1877] : done (2215ms) 
 block [1200/1877] : done (2256ms) 
 block [1201/1877] : done (2214ms) 
 block [1202/1877] : done (2297ms) 
 block [1203/1877] : done (2247ms) 
 block [1204/1877] : done (2276ms) 
 block [1205/1877] : done (2247ms) 
 block [1206/1877] : done (2185ms) 
 block [1207/1877] : done (2304ms) 
 block [1208/1877] : done (2207ms) 
 block [1209/1877] : done (2216ms) 
 block [1210/1877] : done (2213ms) 
 block [1211/1877] : done (2262ms) 
 block [1212/1877] : done (2248ms) 
 block [1213/1877] : done (2234ms) 
 block [1214/1877] : done (2248ms) 
 block [1215/1877] : done (2253ms) 
 block [1216/1877] : done (2284ms) 
 block [1217/1877] : done (2289ms) 
 block [1218/1877] : done (2256ms) 
 block [1219/1877] : done (2217ms) 
 block [1220/1877] : done (2299ms) 
 block [1221/1877] : done (2251ms) 
 block [1222/1877] : done (2304ms) 
 block [1223/1877] : done (2215ms) 
 block [1224/1877] : done (2230ms) 
 block [1225/1877] : done (2214ms) 
 block [1226/1877] : done (2190ms) 
 block [1227/1877] : done (2245ms) 
 block [1228/1877] : done (2190ms) 
 block [1229/1877] : done (2251ms) 
 block [1230/1877] : done (2221ms) 
 block [1231/1877] : done (2231ms) 
 block [1232/1877] : done (2334ms) 
 block [1233/1877] : done (2284ms) 
 block [1234/1877] : done (2280ms) 
 block [1235/1877] : done (2202ms) 
 block [1236/1877] : done (2231ms) 
 block [1237/1877] : done (2306ms) 
 block [1238/1877] : done (2267ms) 
 block [1239/1877] : done (2289ms) 
 block [1240/1877] : done (2190ms) 
 block [1241/1877] : done (2215ms) 
 block [1242/1877] : done (2249ms) 
 block [1243/1877] : done (2139ms) 
 block [1244/1877] : done (2193ms) 
 block [1245/1877] : done (2249ms) 
 block [1246/1877] : done (2230ms) 
 block [1247/1877] : done (2174ms) 
 block [1248/1877] : done (2245ms) 
 block [1249/1877] : done (2181ms) 
 block [1250/1877] : done (2215ms) 
 block [1251/1877] : done (2232ms) 
 block [1252/1877] : done (2217ms) 
 block [1253/1877] : done (2234ms) 
 block [1254/1877] : done (2234ms) 
 block [1255/1877] : done (2224ms) 
 block [1256/1877] : done (2257ms) 
 block [1257/1877] : done (2217ms) 
 block [1258/1877] : done (2251ms) 
 block [1259/1877] : done (2231ms) 
 block [1260/1877] : done (2259ms) 
 block [1261/1877] : done (2288ms) 
 block [1262/1877] : done (2262ms) 
 block [1263/1877] : done (2219ms) 
 block [1264/1877] : done (2172ms) 
 block [1265/1877] : done (2245ms) 
 block [1266/1877] : done (2261ms) 
 block [1267/1877] : done (2291ms) 
 block [1268/1877] : done (2205ms) 
 block [1269/1877] : done (2255ms) 
 block [1270/1877] : done (2250ms) 
 block [1271/1877] : done (2256ms) 
 block [1272/1877] : done (2204ms) 
 block [1273/1877] : done (2275ms) 
 block [1274/1877] : done (2294ms) 
 block [1275/1877] : done (2237ms) 
 block [1276/1877] : done (2217ms) 
 block [1277/1877] : done (2258ms) 
 block [1278/1877] : done (2267ms) 
 block [1279/1877] : done (2226ms) 
 block [1280/1877] : done (2269ms) 
 block [1281/1877] : done (2281ms) 
 block [1282/1877] : done (2279ms) 
 block [1283/1877] : done (2224ms) 
 block [1284/1877] : done (2231ms) 
 block [1285/1877] : done (2262ms) 
 block [1286/1877] : done (2261ms) 
 block [1287/1877] : done (2245ms) 
 block [1288/1877] : done (2249ms) 
 block [1289/1877] : done (2265ms) 
 block [1290/1877] : done (2202ms) 
 block [1291/1877] : done (2245ms) 
 block [1292/1877] : done (2185ms) 
 block [1293/1877] : done (2221ms) 
 block [1294/1877] : done (2240ms) 
 block [1295/1877] : done (2300ms) 
 block [1296/1877] : done (2278ms) 
 block [1297/1877] : done (2273ms) 
 block [1298/1877] : done (2336ms) 
 block [1299/1877] : done (2288ms) 
 block [1300/1877] : done (2230ms) 
 block [1301/1877] : done (2209ms) 
 block [1302/1877] : done (2238ms) 
 block [1303/1877] : done (2311ms) 
 block [1304/1877] : done (2374ms) 
 block [1305/1877] : done (2228ms) 
 block [1306/1877] : done (2189ms) 
 block [1307/1877] : done (2217ms) 
 block [1308/1877] : done (2193ms) 
 block [1309/1877] : done (2187ms) 
 block [1310/1877] : done (2193ms) 
 block [1311/1877] : done (2212ms) 
 block [1312/1877] : done (2241ms) 
 block [1313/1877] : done (2207ms) 
 block [1314/1877] : done (2175ms) 
 block [1315/1877] : done (2204ms) 
 block [1316/1877] : done (2171ms) 
 block [1317/1877] : done (2226ms) 
 block [1318/1877] : done (2200ms) 
 block [1319/1877] : done (2265ms) 
 block [1320/1877] : done (2214ms) 
 block [1321/1877] : done (2255ms) 
 block [1322/1877] : done (2269ms) 
 block [1323/1877] : done (2177ms) 
 block [1324/1877] : done (2185ms) 
 block [1325/1877] : done (2280ms) 
 block [1326/1877] : done (2320ms) 
 block [1327/1877] : done (2204ms) 
 block [1328/1877] : done (2168ms) 
 block [1329/1877] : done (2227ms) 
 block [1330/1877] : done (2315ms) 
 block [1331/1877] : done (2302ms) 
 block [1332/1877] : done (2135ms) 
 block [1333/1877] : done (2051ms) 
 block [1334/1877] : done (2020ms) 
 block [1335/1877] : done (1975ms) 
 block [1336/1877] : done (2020ms) 
 block [1337/1877] : done (2109ms) 
 block [1338/1877] : done (2155ms) 
 block [1339/1877] : done (2101ms) 
 block [1340/1877] : done (2162ms) 
 block [1341/1877] : done (2213ms) 
 block [1342/1877] : done (2227ms) 
 block [1343/1877] : done (2245ms) 
 block [1344/1877] : done (2228ms) 
 block [1345/1877] : done (2186ms) 
 block [1346/1877] : done (2106ms) 
 block [1347/1877] : done (2153ms) 
 block [1348/1877] : done (2177ms) 
 block [1349/1877] : done (2175ms) 
 block [1350/1877] : done (2135ms) 
 block [1351/1877] : done (2154ms) 
 block [1352/1877] : done (2163ms) 
 block [1353/1877] : done (2148ms) 
 block [1354/1877] : done (2178ms) 
 block [1355/1877] : done (2151ms) 
 block [1356/1877] : done (2225ms) 
 block [1357/1877] : done (2089ms) 
 block [1358/1877] : done (2094ms) 
 block [1359/1877] : done (2148ms) 
 block [1360/1877] : done (2363ms) 
 block [1361/1877] : done (2140ms) 
 block [1362/1877] : done (2163ms) 
 block [1363/1877] : done (2263ms) 
 block [1364/1877] : done (2202ms) 
 block [1365/1877] : done (2279ms) 
 block [1366/1877] : done (2193ms) 
 block [1367/1877] : done (2178ms) 
 block [1368/1877] : done (2105ms) 
 block [1369/1877] : done (2143ms) 
 block [1370/1877] : done (2125ms) 
 block [1371/1877] : done (2158ms) 
 block [1372/1877] : done (2184ms) 
 block [1373/1877] : done (2191ms) 
 block [1374/1877] : done (2147ms) 
 block [1375/1877] : done (2262ms) 
 block [1376/1877] : done (2212ms) 
 block [1377/1877] : done (2205ms) 
 block [1378/1877] : done (2176ms) 
 block [1379/1877] : done (2195ms) 
 block [1380/1877] : done (2131ms) 
 block [1381/1877] : done (2125ms) 
 block [1382/1877] : done (2126ms) 
 block [1383/1877] : done (2117ms) 
 block [1384/1877] : done (2135ms) 
 block [1385/1877] : done (2210ms) 
 block [1386/1877] : done (2102ms) 
 block [1387/1877] : done (2187ms) 
 block [1388/1877] : done (2142ms) 
 block [1389/1877] : done (2161ms) 
 block [1390/1877] : done (2174ms) 
 block [1391/1877] : done (2142ms) 
 block [1392/1877] : done (2135ms) 
 block [1393/1877] : done (2210ms) 
 block [1394/1877] : done (2115ms) 
 block [1395/1877] : done (2156ms) 
 block [1396/1877] : done (2309ms) 
 block [1397/1877] : done (2169ms) 
 block [1398/1877] : done (2119ms) 
 block [1399/1877] : done (2088ms) 
 block [1400/1877] : done (2076ms) 
 block [1401/1877] : done (2165ms) 
 block [1402/1877] : done (2143ms) 
 block [1403/1877] : done (2144ms) 
 block [1404/1877] : done (2150ms) 
 block [1405/1877] : done (2164ms) 
 block [1406/1877] : done (2241ms) 
 block [1407/1877] : done (2184ms) 
 block [1408/1877] : done (2153ms) 
 block [1409/1877] : done (2108ms) 
 block [1410/1877] : done (2140ms) 
 block [1411/1877] : done (2157ms) 
 block [1412/1877] : done (2132ms) 
 block [1413/1877] : done (2102ms) 
 block [1414/1877] : done (2156ms) 
 block [1415/1877] : done (2202ms) 
 block [1416/1877] : done (2146ms) 
 block [1417/1877] : done (2148ms) 
 block [1418/1877] : done (2245ms) 
 block [1419/1877] : done (2115ms) 
 block [1420/1877] : done (2163ms) 
 block [1421/1877] : done (2100ms) 
 block [1422/1877] : done (2132ms) 
 block [1423/1877] : done (2132ms) 
 block [1424/1877] : done (2175ms) 
 block [1425/1877] : done (2119ms) 
 block [1426/1877] : done (2018ms) 
 block [1427/1877] : done (2076ms) 
 block [1428/1877] : done (2115ms) 
 block [1429/1877] : done (2104ms) 
 block [1430/1877] : done (2126ms) 
 block [1431/1877] : done (2076ms) 
 block [1432/1877] : done (2096ms) 
 block [1433/1877] : done (2106ms) 
 block [1434/1877] : done (2121ms) 
 block [1435/1877] : done (2149ms) 
 block [1436/1877] : done (2146ms) 
 block [1437/1877] : done (2059ms) 
 block [1438/1877] : done (2161ms) 
 block [1439/1877] : done (2164ms) 
 block [1440/1877] : done (2160ms) 
 block [1441/1877] : done (2197ms) 
 block [1442/1877] : done (2162ms) 
 block [1443/1877] : done (2201ms) 
 block [1444/1877] : done (2125ms) 
 block [1445/1877] : done (2118ms) 
 block [1446/1877] : done (2120ms) 
 block [1447/1877] : done (2116ms) 
 block [1448/1877] : done (2156ms) 
 block [1449/1877] : done (2214ms) 
 block [1450/1877] : done (2114ms) 
 block [1451/1877] : done (2088ms) 
 block [1452/1877] : done (2062ms) 
 block [1453/1877] : done (2149ms) 
 block [1454/1877] : done (2124ms) 
 block [1455/1877] : done (2185ms) 
 block [1456/1877] : done (2099ms) 
 block [1457/1877] : done (2084ms) 
 block [1458/1877] : done (2106ms) 
 block [1459/1877] : done (2110ms) 
 block [1460/1877] : done (2154ms) 
 block [1461/1877] : done (2156ms) 
 block [1462/1877] : done (2139ms) 
 block [1463/1877] : done (2162ms) 
 block [1464/1877] : done (2168ms) 
 block [1465/1877] : done (2152ms) 
 block [1466/1877] : done (2129ms) 
 block [1467/1877] : done (2123ms) 
 block [1468/1877] : done (2112ms) 
 block [1469/1877] : done (2080ms) 
 block [1470/1877] : done (2176ms) 
 block [1471/1877] : done (2205ms) 
 block [1472/1877] : done (2192ms) 
 block [1473/1877] : done (2210ms) 
 block [1474/1877] : done (2225ms) 
 block [1475/1877] : done (2164ms) 
 block [1476/1877] : done (2186ms) 
 block [1477/1877] : done (2193ms) 
 block [1478/1877] : done (2249ms) 
 block [1479/1877] : done (2321ms) 
 block [1480/1877] : done (2349ms) 
 block [1481/1877] : done (2128ms) 
 block [1482/1877] : done (2137ms) 
 block [1483/1877] : done (2194ms) 
 block [1484/1877] : done (2163ms) 
 block [1485/1877] : done (2414ms) 
 block [1486/1877] : done (2107ms) 
 block [1487/1877] : done (2164ms) 
 block [1488/1877] : done (2108ms) 
 block [1489/1877] : done (2162ms) 
 block [1490/1877] : done (2143ms) 
 block [1491/1877] : done (2105ms) 
 block [1492/1877] : done (2098ms) 
 block [1493/1877] : done (2081ms) 
 block [1494/1877] : done (2091ms) 
 block [1495/1877] : done (2065ms) 
 block [1496/1877] : done (2090ms) 
 block [1497/1877] : done (2109ms) 
 block [1498/1877] : done (2216ms) 
 block [1499/1877] : done (2112ms) 
 block [1500/1877] : done (2094ms) 
 block [1501/1877] : done (2108ms) 
 block [1502/1877] : done (2142ms) 
 block [1503/1877] : done (2117ms) 
 block [1504/1877] : done (2104ms) 
 block [1505/1877] : done (2127ms) 
 block [1506/1877] : done (2093ms) 
 block [1507/1877] : done (2096ms) 
 block [1508/1877] : done (2083ms) 
 block [1509/1877] : done (2101ms) 
 block [1510/1877] : done (2121ms) 
 block [1511/1877] : done (2084ms) 
 block [1512/1877] : done (2121ms) 
 block [1513/1877] : done (2088ms) 
 block [1514/1877] : done (2114ms) 
 block [1515/1877] : done (2106ms) 
 block [1516/1877] : done (2102ms) 
 block [1517/1877] : done (2180ms) 
 block [1518/1877] : done (2147ms) 
 block [1519/1877] : done (2047ms) 
 block [1520/1877] : done (2100ms) 
 block [1521/1877] : done (2116ms) 
 block [1522/1877] : done (2087ms) 
 block [1523/1877] : done (2075ms) 
 block [1524/1877] : done (2081ms) 
 block [1525/1877] : done (2076ms) 
 block [1526/1877] : done (2092ms) 
 block [1527/1877] : done (2067ms) 
 block [1528/1877] : done (2064ms) 
 block [1529/1877] : done (2083ms) 
 block [1530/1877] : done (2129ms) 
 block [1531/1877] : done (2113ms) 
 block [1532/1877] : done (2096ms) 
 block [1533/1877] : done (2170ms) 
 block [1534/1877] : done (2146ms) 
 block [1535/1877] : done (2076ms) 
 block [1536/1877] : done (2111ms) 
 block [1537/1877] : done (2128ms) 
 block [1538/1877] : done (2049ms) 
 block [1539/1877] : done (2056ms) 
 block [1540/1877] : done (2083ms) 
 block [1541/1877] : done (2131ms) 
 block [1542/1877] : done (2159ms) 
 block [1543/1877] : done (2151ms) 
 block [1544/1877] : done (2125ms) 
 block [1545/1877] : done (2133ms) 
 block [1546/1877] : done (2071ms) 
 block [1547/1877] : done (2097ms) 
 block [1548/1877] : done (2192ms) 
 block [1549/1877] : done (2207ms) 
 block [1550/1877] : done (2159ms) 
 block [1551/1877] : done (2151ms) 
 block [1552/1877] : done (2098ms) 
 block [1553/1877] : done (2092ms) 
 block [1554/1877] : done (2137ms) 
 block [1555/1877] : done (2144ms) 
 block [1556/1877] : done (2212ms) 
 block [1557/1877] : done (2190ms) 
 block [1558/1877] : done (2179ms) 
 block [1559/1877] : done (2145ms) 
 block [1560/1877] : done (2144ms) 
 block [1561/1877] : done (2137ms) 
 block [1562/1877] : done (2105ms) 
 block [1563/1877] : done (2132ms) 
 block [1564/1877] : done (2110ms) 
 block [1565/1877] : done (2120ms) 
 block [1566/1877] : done (2112ms) 
 block [1567/1877] : done (2236ms) 
 block [1568/1877] : done (2202ms) 
 block [1569/1877] : done (2168ms) 
 block [1570/1877] : done (2135ms) 
 block [1571/1877] : done (2147ms) 
 block [1572/1877] : done (2166ms) 
 block [1573/1877] : done (2228ms) 
 block [1574/1877] : done (2153ms) 
 block [1575/1877] : done (2125ms) 
 block [1576/1877] : done (2114ms) 
 block [1577/1877] : done (2121ms) 
 block [1578/1877] : done (2169ms) 
 block [1579/1877] : done (2091ms) 
 block [1580/1877] : done (2100ms) 
 block [1581/1877] : done (2127ms) 
 block [1582/1877] : done (2100ms) 
 block [1583/1877] : done (2099ms) 
 block [1584/1877] : done (2072ms) 
 block [1585/1877] : done (2128ms) 
 block [1586/1877] : done (2134ms) 
 block [1587/1877] : done (2116ms) 
 block [1588/1877] : done (2224ms) 
 block [1589/1877] : done (2183ms) 
 block [1590/1877] : done (2113ms) 
 block [1591/1877] : done (2095ms) 
 block [1592/1877] : done (2098ms) 
 block [1593/1877] : done (2115ms) 
 block [1594/1877] : done (2083ms) 
 block [1595/1877] : done (2129ms) 
 block [1596/1877] : done (2079ms) 
 block [1597/1877] : done (2028ms) 
 block [1598/1877] : done (2074ms) 
 block [1599/1877] : done (2159ms) 
 block [1600/1877] : done (2165ms) 
 block [1601/1877] : done (2097ms) 
 block [1602/1877] : done (2063ms) 
 block [1603/1877] : done (2099ms) 
 block [1604/1877] : done (2114ms) 
 block [1605/1877] : done (2082ms) 
 block [1606/1877] : done (2102ms) 
 block [1607/1877] : done (2175ms) 
 block [1608/1877] : done (2161ms) 
 block [1609/1877] : done (2105ms) 
 block [1610/1877] : done (2128ms) 
 block [1611/1877] : done (2146ms) 
 block [1612/1877] : done (2108ms) 
 block [1613/1877] : done (2124ms) 
 block [1614/1877] : done (2104ms) 
 block [1615/1877] : done (2086ms) 
 block [1616/1877] : done (2112ms) 
 block [1617/1877] : done (2120ms) 
 block [1618/1877] : done (2094ms) 
 block [1619/1877] : done (2163ms) 
 block [1620/1877] : done (2443ms) 
 block [1621/1877] : done (2230ms) 
 block [1622/1877] : done (2185ms) 
 block [1623/1877] : done (2139ms) 
 block [1624/1877] : done (2198ms) 
 block [1625/1877] : done (2188ms) 
 block [1626/1877] : done (2231ms) 
 block [1627/1877] : done (2211ms) 
 block [1628/1877] : done (2199ms) 
 block [1629/1877] : done (2271ms) 
 block [1630/1877] : done (2237ms) 
 block [1631/1877] : done (2222ms) 
 block [1632/1877] : done (2223ms) 
 block [1633/1877] : done (2124ms) 
 block [1634/1877] : done (2211ms) 
 block [1635/1877] : done (2153ms) 
 block [1636/1877] : done (2150ms) 
 block [1637/1877] : done (2175ms) 
 block [1638/1877] : done (2125ms) 
 block [1639/1877] : done (2141ms) 
 block [1640/1877] : done (2219ms) 
 block [1641/1877] : done (2167ms) 
 block [1642/1877] : done (2147ms) 
 block [1643/1877] : done (2221ms) 
 block [1644/1877] : done (2110ms) 
 block [1645/1877] : done (2134ms) 
 block [1646/1877] : done (2161ms) 
 block [1647/1877] : done (2183ms) 
 block [1648/1877] : done (2153ms) 
 block [1649/1877] : done (2176ms) 
 block [1650/1877] : done (2180ms) 
 block [1651/1877] : done (2158ms) 
 block [1652/1877] : done (2127ms) 
 block [1653/1877] : done (2110ms) 
 block [1654/1877] : done (2109ms) 
 block [1655/1877] : done (2148ms) 
 block [1656/1877] : done (2177ms) 
 block [1657/1877] : done (2138ms) 
 block [1658/1877] : done (2143ms) 
 block [1659/1877] : done (2182ms) 
 block [1660/1877] : done (2138ms) 
 block [1661/1877] : done (2168ms) 
 block [1662/1877] : done (2166ms) 
 block [1663/1877] : done (2271ms) 
 block [1664/1877] : done (2304ms) 
 block [1665/1877] : done (2255ms) 
 block [1666/1877] : done (2150ms) 
 block [1667/1877] : done (2232ms) 
 block [1668/1877] : done (2185ms) 
 block [1669/1877] : done (2178ms) 
 block [1670/1877] : done (2196ms) 
 block [1671/1877] : done (2285ms) 
 block [1672/1877] : done (2246ms) 
 block [1673/1877] : done (2065ms) 
 block [1674/1877] : done (2083ms) 
 block [1675/1877] : done (2104ms) 
 block [1676/1877] : done (2165ms) 
 block [1677/1877] : done (2190ms) 
 block [1678/1877] : done (2138ms) 
 block [1679/1877] : done (2158ms) 
 block [1680/1877] : done (2112ms) 
 block [1681/1877] : done (2121ms) 
 block [1682/1877] : done (2374ms) 
 block [1683/1877] : done (2130ms) 
 block [1684/1877] : done (2150ms) 
 block [1685/1877] : done (2166ms) 
 block [1686/1877] : done (2124ms) 
 block [1687/1877] : done (2113ms) 
 block [1688/1877] : done (2160ms) 
 block [1689/1877] : done (2144ms) 
 block [1690/1877] : done (2211ms) 
 block [1691/1877] : done (2198ms) 
 block [1692/1877] : done (2160ms) 
 block [1693/1877] : done (2135ms) 
 block [1694/1877] : done (2211ms) 
 block [1695/1877] : done (2192ms) 
 block [1696/1877] : done (2211ms) 
 block [1697/1877] : done (2150ms) 
 block [1698/1877] : done (2161ms) 
 block [1699/1877] : done (2204ms) 
 block [1700/1877] : done (2154ms) 
 block [1701/1877] : done (2139ms) 
 block [1702/1877] : done (2084ms) 
 block [1703/1877] : done (2072ms) 
 block [1704/1877] : done (2111ms) 
 block [1705/1877] : done (2289ms) 
 block [1706/1877] : done (2224ms) 
 block [1707/1877] : done (2204ms) 
 block [1708/1877] : done (2202ms) 
 block [1709/1877] : done (2202ms) 
 block [1710/1877] : done (2375ms) 
 block [1711/1877] : done (2190ms) 
 block [1712/1877] : done (2132ms) 
 block [1713/1877] : done (2148ms) 
 block [1714/1877] : done (2223ms) 
 block [1715/1877] : done (2248ms) 
 block [1716/1877] : done (2174ms) 
 block [1717/1877] : done (2186ms) 
 block [1718/1877] : done (2215ms) 
 block [1719/1877] : done (2209ms) 
 block [1720/1877] : done (2218ms) 
 block [1721/1877] : done (2132ms) 
 block [1722/1877] : done (2159ms) 
 block [1723/1877] : done (2146ms) 
 block [1724/1877] : done (2224ms) 
 block [1725/1877] : done (2202ms) 
 block [1726/1877] : done (2204ms) 
 block [1727/1877] : done (2193ms) 
 block [1728/1877] : done (2149ms) 
 block [1729/1877] : done (2134ms) 
 block [1730/1877] : done (2151ms) 
 block [1731/1877] : done (2137ms) 
 block [1732/1877] : done (2090ms) 
 block [1733/1877] : done (2148ms) 
 block [1734/1877] : done (2181ms) 
 block [1735/1877] : done (2224ms) 
 block [1736/1877] : done (2165ms) 
 block [1737/1877] : done (2232ms) 
 block [1738/1877] : done (2214ms) 
 block [1739/1877] : done (2159ms) 
 block [1740/1877] : done (2191ms) 
 block [1741/1877] : done (2243ms) 
 block [1742/1877] : done (2187ms) 
 block [1743/1877] : done (2199ms) 
 block [1744/1877] : done (2199ms) 
 block [1745/1877] : done (2128ms) 
 block [1746/1877] : done (2137ms) 
 block [1747/1877] : done (2117ms) 
 block [1748/1877] : done (2182ms) 
 block [1749/1877] : done (2183ms) 
 block [1750/1877] : done (2168ms) 
 block [1751/1877] : done (2123ms) 
 block [1752/1877] : done (2127ms) 
 block [1753/1877] : done (2125ms) 
 block [1754/1877] : done (2182ms) 
 block [1755/1877] : done (2194ms) 
 block [1756/1877] : done (2352ms) 
 block [1757/1877] : done (2145ms) 
 block [1758/1877] : done (2222ms) 
 block [1759/1877] : done (2261ms) 
 block [1760/1877] : done (2240ms) 
 block [1761/1877] : done (2123ms) 
 block [1762/1877] : done (2135ms) 
 block [1763/1877] : done (2207ms) 
 block [1764/1877] : done (2118ms) 
 block [1765/1877] : done (2184ms) 
 block [1766/1877] : done (2147ms) 
 block [1767/1877] : done (2167ms) 
 block [1768/1877] : done (2237ms) 
 block [1769/1877] : done (2272ms) 
 block [1770/1877] : done (2235ms) 
 block [1771/1877] : done (2265ms) 
 block [1772/1877] : done (2221ms) 
 block [1773/1877] : done (2226ms) 
 block [1774/1877] : done (2183ms) 
 block [1775/1877] : done (2157ms) 
 block [1776/1877] : done (2218ms) 
 block [1777/1877] : done (2211ms) 
 block [1778/1877] : done (2210ms) 
 block [1779/1877] : done (2242ms) 
 block [1780/1877] : done (2227ms) 
 block [1781/1877] : done (2240ms) 
 block [1782/1877] : done (2130ms) 
 block [1783/1877] : done (2093ms) 
 block [1784/1877] : done (2194ms) 
 block [1785/1877] : done (2137ms) 
 block [1786/1877] : done (2079ms) 
 block [1787/1877] : done (2153ms) 
 block [1788/1877] : done (2068ms) 
 block [1789/1877] : done (2119ms) 
 block [1790/1877] : done (2154ms) 
 block [1791/1877] : done (2091ms) 
 block [1792/1877] : done (2197ms) 
 block [1793/1877] : done (2209ms) 
 block [1794/1877] : done (2165ms) 
 block [1795/1877] : done (2146ms) 
 block [1796/1877] : done (2160ms) 
 block [1797/1877] : done (2169ms) 
 block [1798/1877] : done (2119ms) 
 block [1799/1877] : done (2097ms) 
 block [1800/1877] : done (2233ms) 
 block [1801/1877] : done (2261ms) 
 block [1802/1877] : done (2252ms) 
 block [1803/1877] : done (2245ms) 
 block [1804/1877] : done (2270ms) 
 block [1805/1877] : done (2284ms) 
 block [1806/1877] : done (2182ms) 
 block [1807/1877] : done (2256ms) 
 block [1808/1877] : done (2127ms) 
 block [1809/1877] : done (2218ms) 
 block [1810/1877] : done (2161ms) 
 block [1811/1877] : done (2090ms) 
 block [1812/1877] : done (2176ms) 
 block [1813/1877] : done (2136ms) 
 block [1814/1877] : done (2142ms) 
 block [1815/1877] : done (2100ms) 
 block [1816/1877] : done (2085ms) 
 block [1817/1877] : done (2090ms) 
 block [1818/1877] : done (2113ms) 
 block [1819/1877] : done (2031ms) 
 block [1820/1877] : done (2058ms) 
 block [1821/1877] : done (2068ms) 
 block [1822/1877] : done (2214ms) 
 block [1823/1877] : done (2158ms) 
 block [1824/1877] : done (2094ms) 
 block [1825/1877] : done (2137ms) 
 block [1826/1877] : done (2219ms) 
 block [1827/1877] : done (2119ms) 
 block [1828/1877] : done (2253ms) 
 block [1829/1877] : done (2195ms) 
 block [1830/1877] : done (2171ms) 
 block [1831/1877] : done (2207ms) 
 block [1832/1877] : done (2179ms) 
 block [1833/1877] : done (2178ms) 
 block [1834/1877] : done (2151ms) 
 block [1835/1877] : done (2174ms) 
 block [1836/1877] : done (2183ms) 
 block [1837/1877] : done (2205ms) 
 block [1838/1877] : done (2093ms) 
 block [1839/1877] : done (2079ms) 
 block [1840/1877] : done (2018ms) 
 block [1841/1877] : done (2081ms) 
 block [1842/1877] : done (2122ms) 
 block [1843/1877] : done (2136ms) 
 block [1844/1877] : done (2116ms) 
 block [1845/1877] : done (2163ms) 
 block [1846/1877] : done (2135ms) 
 block [1847/1877] : done (2121ms) 
 block [1848/1877] : done (2149ms) 
 block [1849/1877] : done (2191ms) 
 block [1850/1877] : done (2117ms) 
 block [1851/1877] : done (2101ms) 
 block [1852/1877] : done (2078ms) 
 block [1853/1877] : done (2087ms) 
 block [1854/1877] : done (2086ms) 
 block [1855/1877] : done (2109ms) 
 block [1856/1877] : done (2175ms) 
 block [1857/1877] : done (2202ms) 
 block [1858/1877] : done (2179ms) 
 block [1859/1877] : done (2165ms) 
 block [1860/1877] : done (2121ms) 
 block [1861/1877] : done (2141ms) 
 block [1862/1877] : done (2169ms) 
 block [1863/1877] : done (2132ms) 
 block [1864/1877] : done (2060ms) 
 block [1865/1877] : done (2100ms) 
 block [1866/1877] : done (2101ms) 
 block [1867/1877] : done (2073ms) 
 block [1868/1877] : done (2039ms) 
 block [1869/1877] : done (2015ms) 
 block [1870/1877] : done (1980ms) 
 block [1871/1877] : done (2046ms) 
 block [1872/1877] : done (2056ms) 
 block [1873/1877] : done (2098ms) 
 block [1874/1877] : done (2045ms) 
 block [1875/1877] : done (2022ms) 
 block [1876/1877] : done (2118ms) 
 block [1877/1877] : done (2061ms) 

Association results stored separately for each trait in files : 
* [result/06_step2/sig_weight_eur_step2.chr7_eur_SIG0_AUC.regenie]
* [result/06_step2/sig_weight_eur_step2.chr7_eur_SIG1_AUC.regenie]
* [result/06_step2/sig_weight_eur_step2.chr7_eur_SIG2_AUC.regenie]
* [result/06_step2/sig_weight_eur_step2.chr7_eur_SIG3_AUC.regenie]
* [result/06_step2/sig_weight_eur_step2.chr7_eur_SIG4_AUC.regenie]
* [result/06_step2/sig_weight_eur_step2.chr7_eur_SIG5_AUC.regenie]
* [result/06_step2/sig_weight_eur_step2.chr7_eur_SIG6_AUC.regenie]
* [result/06_step2/sig_weight_eur_step2.chr7_eur_SIG7_AUC.regenie]
* [result/06_step2/sig_weight_eur_step2.chr7_eur_SIG8_AUC.regenie]
* [result/06_step2/sig_weight_eur_step2.chr7_eur_SIG9_AUC.regenie]
* [result/06_step2/sig_weight_eur_step2.chr7_eur_SIG10_AUC.regenie]
* [result/06_step2/sig_weight_eur_step2.chr7_eur_SIG11_AUC.regenie]
* [result/06_step2/sig_weight_eur_step2.chr7_eur_SIG12_AUC.regenie]
* [result/06_step2/sig_weight_eur_step2.chr7_eur_SIG13_AUC.regenie]
* [result/06_step2/sig_weight_eur_step2.chr7_eur_SIG14_AUC.regenie]
* [result/06_step2/sig_weight_eur_step2.chr7_eur_SIG15_AUC.regenie]
* [result/06_step2/sig_weight_eur_step2.chr7_eur_SIG16_AUC.regenie]
* [result/06_step2/sig_weight_eur_step2.chr7_eur_SIG17_AUC.regenie]
* [result/06_step2/sig_weight_eur_step2.chr7_eur_SIG18_AUC.regenie]
* [result/06_step2/sig_weight_eur_step2.chr7_eur_SIG19_AUC.regenie]
* [result/06_step2/sig_weight_eur_step2.chr7_eur_SIG20_AUC.regenie]

Number of ignored tests due to low MAC or info score : 0

Elapsed time : 4171.86s
End time: Wed Dec 17 08:15:17 2025

