Start time: Wed Dec 17 07:05:46 2025

              |=============================|
              |      REGENIE v3.2.5.gz      |
              |=============================|

Copyright (c) 2020-2022 Joelle Mbatchou, Andrey Ziyatdinov and Jonathan Marchini.
Distributed under the MIT License.
Compiled with Boost Iostream library.
Using Intel MKL with Eigen.

Log of output saved in file : result/06_step2/sig_weight_eur_step2.chr17_eur.log

Options in effect:
  --step 2 \
  --bgen /broad/ukbb/imputed_v3/ukb_imp_chr17_v3.bgen \
  --sample /medpop/esp2/pradeep/UKBiobank/v3data/ukb7089_imp_chr3_v3_s487395.sample \
  --ref-first \
  --extract ../data/step2/var.chr17_eur.list.snplist \
  --keep ../data/sample_list_eur.txt \
  --covarFile ../data/sig_weight_cov_file.tsv \
  --phenoFile /medpop/esp2/tnakao/analyses/projects/collab/Sarah_signature_weights_GWAS/import/signature_auc_phenotypes_last.txt \
  --bsize 200 \
  --threads 4 \
  --qt \
  --catCovarList genotyping_array,Inferred_Gender \
  --pred result/04_step1/sig_weight_eur_step1_pred.list \
  --minINFO 0.7 \
  --out result/06_step2/sig_weight_eur_step2.chr17_eur

Association testing mode with fast multithreading using OpenMP
 * bgen             : [/broad/ukbb/imputed_v3/ukb_imp_chr17_v3.bgen]
   -summary : bgen file (v1.2 layout, zlib compressed) with 487409 anonymous samples and 2660711 variants with 8-bit encoding.
   -index bgi file [/broad/ukbb/imputed_v3/ukb_imp_chr17_v3.bgen.bgi]
   -keeping variants specified by --extract
   -number of variants remaining in the analysis = 160182
   -sample file: /medpop/esp2/pradeep/UKBiobank/v3data/ukb7089_imp_chr3_v3_s487395.sample
   -keeping only individuals specified by --keep
   -number of genotyped individuals remaining in the analysis = 361171
 * phenotypes       : [/medpop/esp2/tnakao/analyses/projects/collab/Sarah_signature_weights_GWAS/import/signature_auc_phenotypes_last.txt] n_pheno = 21
   -number of phenotyped individuals  = 361171
 * covariates       : [../data/sig_weight_cov_file.tsv] n_cov = 13
   -number of individuals with covariate data = 361171
 * number of individuals used in analysis = 361171
 * number of observations for each trait:
   - 'SIG0_AUC': 361171 observations
   - 'SIG1_AUC': 361171 observations
   - 'SIG2_AUC': 361171 observations
   - 'SIG3_AUC': 361171 observations
   - 'SIG4_AUC': 361171 observations
   - 'SIG5_AUC': 361171 observations
   - 'SIG6_AUC': 361171 observations
   - 'SIG7_AUC': 361171 observations
   - 'SIG8_AUC': 361171 observations
   - 'SIG9_AUC': 361171 observations
   - 'SIG10_AUC': 361171 observations
   - 'SIG11_AUC': 361171 observations
   - 'SIG12_AUC': 361171 observations
   - 'SIG13_AUC': 361171 observations
   - 'SIG14_AUC': 361171 observations
   - 'SIG15_AUC': 361171 observations
   - 'SIG16_AUC': 361171 observations
   - 'SIG17_AUC': 361171 observations
   - 'SIG18_AUC': 361171 observations
   - 'SIG19_AUC': 361171 observations
   - 'SIG20_AUC': 361171 observations
 * LOCO predictions : [result/04_step1/sig_weight_eur_step1_pred.list]
   -file [/medpop/esp2/tnakao/analyses/projects/collab/Sarah_signature_weights_GWAS/96_last_250319/result/04_step1/sig_weight_eur_step1_1.loco] for phenotype 'SIG0_AUC'
   -file [/medpop/esp2/tnakao/analyses/projects/collab/Sarah_signature_weights_GWAS/96_last_250319/result/04_step1/sig_weight_eur_step1_2.loco] for phenotype 'SIG1_AUC'
   -file [/medpop/esp2/tnakao/analyses/projects/collab/Sarah_signature_weights_GWAS/96_last_250319/result/04_step1/sig_weight_eur_step1_3.loco] for phenotype 'SIG2_AUC'
   -file [/medpop/esp2/tnakao/analyses/projects/collab/Sarah_signature_weights_GWAS/96_last_250319/result/04_step1/sig_weight_eur_step1_4.loco] for phenotype 'SIG3_AUC'
   -file [/medpop/esp2/tnakao/analyses/projects/collab/Sarah_signature_weights_GWAS/96_last_250319/result/04_step1/sig_weight_eur_step1_5.loco] for phenotype 'SIG4_AUC'
   -file [/medpop/esp2/tnakao/analyses/projects/collab/Sarah_signature_weights_GWAS/96_last_250319/result/04_step1/sig_weight_eur_step1_6.loco] for phenotype 'SIG5_AUC'
   -file [/medpop/esp2/tnakao/analyses/projects/collab/Sarah_signature_weights_GWAS/96_last_250319/result/04_step1/sig_weight_eur_step1_7.loco] for phenotype 'SIG6_AUC'
   -file [/medpop/esp2/tnakao/analyses/projects/collab/Sarah_signature_weights_GWAS/96_last_250319/result/04_step1/sig_weight_eur_step1_8.loco] for phenotype 'SIG7_AUC'
   -file [/medpop/esp2/tnakao/analyses/projects/collab/Sarah_signature_weights_GWAS/96_last_250319/result/04_step1/sig_weight_eur_step1_9.loco] for phenotype 'SIG8_AUC'
   -file [/medpop/esp2/tnakao/analyses/projects/collab/Sarah_signature_weights_GWAS/96_last_250319/result/04_step1/sig_weight_eur_step1_10.loco] for phenotype 'SIG9_AUC'
   -file [/medpop/esp2/tnakao/analyses/projects/collab/Sarah_signature_weights_GWAS/96_last_250319/result/04_step1/sig_weight_eur_step1_11.loco] for phenotype 'SIG10_AUC'
   -file [/medpop/esp2/tnakao/analyses/projects/collab/Sarah_signature_weights_GWAS/96_last_250319/result/04_step1/sig_weight_eur_step1_12.loco] for phenotype 'SIG11_AUC'
   -file [/medpop/esp2/tnakao/analyses/projects/collab/Sarah_signature_weights_GWAS/96_last_250319/result/04_step1/sig_weight_eur_step1_13.loco] for phenotype 'SIG12_AUC'
   -file [/medpop/esp2/tnakao/analyses/projects/collab/Sarah_signature_weights_GWAS/96_last_250319/result/04_step1/sig_weight_eur_step1_14.loco] for phenotype 'SIG13_AUC'
   -file [/medpop/esp2/tnakao/analyses/projects/collab/Sarah_signature_weights_GWAS/96_last_250319/result/04_step1/sig_weight_eur_step1_15.loco] for phenotype 'SIG14_AUC'
   -file [/medpop/esp2/tnakao/analyses/projects/collab/Sarah_signature_weights_GWAS/96_last_250319/result/04_step1/sig_weight_eur_step1_16.loco] for phenotype 'SIG15_AUC'
   -file [/medpop/esp2/tnakao/analyses/projects/collab/Sarah_signature_weights_GWAS/96_last_250319/result/04_step1/sig_weight_eur_step1_17.loco] for phenotype 'SIG16_AUC'
   -file [/medpop/esp2/tnakao/analyses/projects/collab/Sarah_signature_weights_GWAS/96_last_250319/result/04_step1/sig_weight_eur_step1_18.loco] for phenotype 'SIG17_AUC'
   -file [/medpop/esp2/tnakao/analyses/projects/collab/Sarah_signature_weights_GWAS/96_last_250319/result/04_step1/sig_weight_eur_step1_19.loco] for phenotype 'SIG18_AUC'
   -file [/medpop/esp2/tnakao/analyses/projects/collab/Sarah_signature_weights_GWAS/96_last_250319/result/04_step1/sig_weight_eur_step1_20.loco] for phenotype 'SIG19_AUC'
   -file [/medpop/esp2/tnakao/analyses/projects/collab/Sarah_signature_weights_GWAS/96_last_250319/result/04_step1/sig_weight_eur_step1_21.loco] for phenotype 'SIG20_AUC'
   -residualizing and scaling phenotypes...done (62ms) 
 * # threads        : [4]
 * block size       : [200]
 * # blocks         : [801]
 * approximate memory usage : 2GB
 * using minimum MAC of 5 (variants with lower MAC are ignored)
 * using minimum imputation info score of 0.7 (variants with lower info score are ignored)

Chromosome 17 [801 blocks in total]
   -reading loco predictions for the chromosome...done (9442ms) 
 block [1/801] : done (2119ms) 
 block [2/801] : done (2034ms) 
 block [3/801] : done (2093ms) 
 block [4/801] : done (2000ms) 
 block [5/801] : done (1943ms) 
 block [6/801] : done (1922ms) 
 block [7/801] : done (1922ms) 
 block [8/801] : done (1942ms) 
 block [9/801] : done (1999ms) 
 block [10/801] : done (1992ms) 
 block [11/801] : done (2036ms) 
 block [12/801] : done (2134ms) 
 block [13/801] : done (2036ms) 
 block [14/801] : done (2029ms) 
 block [15/801] : done (2042ms) 
 block [16/801] : done (2000ms) 
 block [17/801] : done (2043ms) 
 block [18/801] : done (2008ms) 
 block [19/801] : done (2046ms) 
 block [20/801] : done (2015ms) 
 block [21/801] : done (2019ms) 
 block [22/801] : done (2007ms) 
 block [23/801] : done (2141ms) 
 block [24/801] : done (2088ms) 
 block [25/801] : done (2021ms) 
 block [26/801] : done (2028ms) 
 block [27/801] : done (1967ms) 
 block [28/801] : done (2013ms) 
 block [29/801] : done (2092ms) 
 block [30/801] : done (2012ms) 
 block [31/801] : done (2084ms) 
 block [32/801] : done (2118ms) 
 block [33/801] : done (2120ms) 
 block [34/801] : done (2047ms) 
 block [35/801] : done (2059ms) 
 block [36/801] : done (2058ms) 
 block [37/801] : done (2041ms) 
 block [38/801] : done (1973ms) 
 block [39/801] : done (1960ms) 
 block [40/801] : done (2000ms) 
 block [41/801] : done (2113ms) 
 block [42/801] : done (2172ms) 
 block [43/801] : done (2056ms) 
 block [44/801] : done (2061ms) 
 block [45/801] : done (2072ms) 
 block [46/801] : done (2108ms) 
 block [47/801] : done (2029ms) 
 block [48/801] : done (2094ms) 
 block [49/801] : done (1963ms) 
 block [50/801] : done (1991ms) 
 block [51/801] : done (2025ms) 
 block [52/801] : done (2069ms) 
 block [53/801] : done (2065ms) 
 block [54/801] : done (2073ms) 
 block [55/801] : done (2078ms) 
 block [56/801] : done (2077ms) 
 block [57/801] : done (2108ms) 
 block [58/801] : done (1999ms) 
 block [59/801] : done (2008ms) 
 block [60/801] : done (2043ms) 
 block [61/801] : done (2004ms) 
 block [62/801] : done (2025ms) 
 block [63/801] : done (2042ms) 
 block [64/801] : done (2055ms) 
 block [65/801] : done (2063ms) 
 block [66/801] : done (2043ms) 
 block [67/801] : done (1967ms) 
 block [68/801] : done (1936ms) 
 block [69/801] : done (1957ms) 
 block [70/801] : done (2003ms) 
 block [71/801] : done (2000ms) 
 block [72/801] : done (2059ms) 
 block [73/801] : done (2101ms) 
 block [74/801] : done (2075ms) 
 block [75/801] : done (2075ms) 
 block [76/801] : done (2135ms) 
 block [77/801] : done (2051ms) 
 block [78/801] : done (2024ms) 
 block [79/801] : done (2103ms) 
 block [80/801] : done (2051ms) 
 block [81/801] : done (2115ms) 
 block [82/801] : done (2041ms) 
 block [83/801] : done (2048ms) 
 block [84/801] : done (2137ms) 
 block [85/801] : done (1990ms) 
 block [86/801] : done (2060ms) 
 block [87/801] : done (2100ms) 
 block [88/801] : done (2074ms) 
 block [89/801] : done (2071ms) 
 block [90/801] : done (2083ms) 
 block [91/801] : done (2010ms) 
 block [92/801] : done (2079ms) 
 block [93/801] : done (2083ms) 
 block [94/801] : done (2108ms) 
 block [95/801] : done (1995ms) 
 block [96/801] : done (1949ms) 
 block [97/801] : done (2080ms) 
 block [98/801] : done (2064ms) 
 block [99/801] : done (1990ms) 
 block [100/801] : done (2004ms) 
 block [101/801] : done (2074ms) 
 block [102/801] : done (2047ms) 
 block [103/801] : done (2093ms) 
 block [104/801] : done (2032ms) 
 block [105/801] : done (2059ms) 
 block [106/801] : done (2050ms) 
 block [107/801] : done (2020ms) 
 block [108/801] : done (2005ms) 
 block [109/801] : done (2090ms) 
 block [110/801] : done (2062ms) 
 block [111/801] : done (2083ms) 
 block [112/801] : done (2132ms) 
 block [113/801] : done (2058ms) 
 block [114/801] : done (2048ms) 
 block [115/801] : done (2084ms) 
 block [116/801] : done (2150ms) 
 block [117/801] : done (2028ms) 
 block [118/801] : done (2072ms) 
 block [119/801] : done (2060ms) 
 block [120/801] : done (2036ms) 
 block [121/801] : done (2105ms) 
 block [122/801] : done (2043ms) 
 block [123/801] : done (2026ms) 
 block [124/801] : done (2050ms) 
 block [125/801] : done (2064ms) 
 block [126/801] : done (2055ms) 
 block [127/801] : done (2050ms) 
 block [128/801] : done (2116ms) 
 block [129/801] : done (2013ms) 
 block [130/801] : done (2111ms) 
 block [131/801] : done (2068ms) 
 block [132/801] : done (2020ms) 
 block [133/801] : done (2042ms) 
 block [134/801] : done (2027ms) 
 block [135/801] : done (2042ms) 
 block [136/801] : done (2085ms) 
 block [137/801] : done (2128ms) 
 block [138/801] : done (2020ms) 
 block [139/801] : done (2048ms) 
 block [140/801] : done (2057ms) 
 block [141/801] : done (2096ms) 
 block [142/801] : done (2054ms) 
 block [143/801] : done (2017ms) 
 block [144/801] : done (2025ms) 
 block [145/801] : done (2068ms) 
 block [146/801] : done (2145ms) 
 block [147/801] : done (2034ms) 
 block [148/801] : done (2052ms) 
 block [149/801] : done (2007ms) 
 block [150/801] : done (2018ms) 
 block [151/801] : done (2013ms) 
 block [152/801] : done (1984ms) 
 block [153/801] : done (2005ms) 
 block [154/801] : done (2031ms) 
 block [155/801] : done (2020ms) 
 block [156/801] : done (2064ms) 
 block [157/801] : done (2052ms) 
 block [158/801] : done (2022ms) 
 block [159/801] : done (2038ms) 
 block [160/801] : done (2002ms) 
 block [161/801] : done (2002ms) 
 block [162/801] : done (2023ms) 
 block [163/801] : done (2012ms) 
 block [164/801] : done (2024ms) 
 block [165/801] : done (1991ms) 
 block [166/801] : done (2018ms) 
 block [167/801] : done (2027ms) 
 block [168/801] : done (2045ms) 
 block [169/801] : done (2146ms) 
 block [170/801] : done (2081ms) 
 block [171/801] : done (2117ms) 
 block [172/801] : done (2063ms) 
 block [173/801] : done (2024ms) 
 block [174/801] : done (2075ms) 
 block [175/801] : done (2014ms) 
 block [176/801] : done (2056ms) 
 block [177/801] : done (1969ms) 
 block [178/801] : done (2009ms) 
 block [179/801] : done (2032ms) 
 block [180/801] : done (1999ms) 
 block [181/801] : done (2048ms) 
 block [182/801] : done (2067ms) 
 block [183/801] : done (2030ms) 
 block [184/801] : done (2026ms) 
 block [185/801] : done (2034ms) 
 block [186/801] : done (2067ms) 
 block [187/801] : done (2209ms) 
 block [188/801] : done (2081ms) 
 block [189/801] : done (2013ms) 
 block [190/801] : done (2011ms) 
 block [191/801] : done (2014ms) 
 block [192/801] : done (2092ms) 
 block [193/801] : done (2016ms) 
 block [194/801] : done (2061ms) 
 block [195/801] : done (2102ms) 
 block [196/801] : done (2018ms) 
 block [197/801] : done (2111ms) 
 block [198/801] : done (1966ms) 
 block [199/801] : done (2001ms) 
 block [200/801] : done (2058ms) 
 block [201/801] : done (2078ms) 
 block [202/801] : done (2038ms) 
 block [203/801] : done (2037ms) 
 block [204/801] : done (2061ms) 
 block [205/801] : done (2085ms) 
 block [206/801] : done (2033ms) 
 block [207/801] : done (2122ms) 
 block [208/801] : done (2042ms) 
 block [209/801] : done (2020ms) 
 block [210/801] : done (2186ms) 
 block [211/801] : done (2082ms) 
 block [212/801] : done (2028ms) 
 block [213/801] : done (2094ms) 
 block [214/801] : done (2122ms) 
 block [215/801] : done (2078ms) 
 block [216/801] : done (2149ms) 
 block [217/801] : done (2068ms) 
 block [218/801] : done (1976ms) 
 block [219/801] : done (2060ms) 
 block [220/801] : done (2003ms) 
 block [221/801] : done (2064ms) 
 block [222/801] : done (2139ms) 
 block [223/801] : done (2101ms) 
 block [224/801] : done (2102ms) 
 block [225/801] : done (2012ms) 
 block [226/801] : done (2109ms) 
 block [227/801] : done (2148ms) 
 block [228/801] : done (2128ms) 
 block [229/801] : done (2033ms) 
 block [230/801] : done (2039ms) 
 block [231/801] : done (1968ms) 
 block [232/801] : done (2013ms) 
 block [233/801] : done (2058ms) 
 block [234/801] : done (1969ms) 
 block [235/801] : done (2153ms) 
 block [236/801] : done (1955ms) 
 block [237/801] : done (1976ms) 
 block [238/801] : done (1997ms) 
 block [239/801] : done (1979ms) 
 block [240/801] : done (1997ms) 
 block [241/801] : done (2033ms) 
 block [242/801] : done (1997ms) 
 block [243/801] : done (2005ms) 
 block [244/801] : done (2083ms) 
 block [245/801] : done (2118ms) 
 block [246/801] : done (2236ms) 
 block [247/801] : done (2170ms) 
 block [248/801] : done (2158ms) 
 block [249/801] : done (2140ms) 
 block [250/801] : done (2183ms) 
 block [251/801] : done (2148ms) 
 block [252/801] : done (2149ms) 
 block [253/801] : done (2153ms) 
 block [254/801] : done (2159ms) 
 block [255/801] : done (2218ms) 
 block [256/801] : done (2164ms) 
 block [257/801] : done (2139ms) 
 block [258/801] : done (1924ms) 
 block [259/801] : done (1931ms) 
 block [260/801] : done (1924ms) 
 block [261/801] : done (1927ms) 
 block [262/801] : done (1944ms) 
 block [263/801] : done (1887ms) 
 block [264/801] : done (1896ms) 
 block [265/801] : done (1937ms) 
 block [266/801] : done (2012ms) 
 block [267/801] : done (1951ms) 
 block [268/801] : done (2029ms) 
 block [269/801] : done (1900ms) 
 block [270/801] : done (1927ms) 
 block [271/801] : done (1934ms) 
 block [272/801] : done (1921ms) 
 block [273/801] : done (1870ms) 
 block [274/801] : done (1862ms) 
 block [275/801] : done (1908ms) 
 block [276/801] : done (1995ms) 
 block [277/801] : done (1901ms) 
 block [278/801] : done (1931ms) 
 block [279/801] : done (1962ms) 
 block [280/801] : done (1995ms) 
 block [281/801] : done (1919ms) 
 block [282/801] : done (1893ms) 
 block [283/801] : done (1922ms) 
 block [284/801] : done (1954ms) 
 block [285/801] : done (1901ms) 
 block [286/801] : done (1956ms) 
 block [287/801] : done (1974ms) 
 block [288/801] : done (1887ms) 
 block [289/801] : done (1926ms) 
 block [290/801] : done (1880ms) 
 block [291/801] : done (1991ms) 
 block [292/801] : done (1927ms) 
 block [293/801] : done (1919ms) 
 block [294/801] : done (1945ms) 
 block [295/801] : done (1912ms) 
 block [296/801] : done (1946ms) 
 block [297/801] : done (1985ms) 
 block [298/801] : done (1970ms) 
 block [299/801] : done (1947ms) 
 block [300/801] : done (1916ms) 
 block [301/801] : done (1863ms) 
 block [302/801] : done (1916ms) 
 block [303/801] : done (1923ms) 
 block [304/801] : done (1938ms) 
 block [305/801] : done (1883ms) 
 block [306/801] : done (1975ms) 
 block [307/801] : done (1843ms) 
 block [308/801] : done (1957ms) 
 block [309/801] : done (1947ms) 
 block [310/801] : done (1880ms) 
 block [311/801] : done (1952ms) 
 block [312/801] : done (1912ms) 
 block [313/801] : done (1898ms) 
 block [314/801] : done (1865ms) 
 block [315/801] : done (1842ms) 
 block [316/801] : done (1869ms) 
 block [317/801] : done (1876ms) 
 block [318/801] : done (1867ms) 
 block [319/801] : done (1857ms) 
 block [320/801] : done (1853ms) 
 block [321/801] : done (1937ms) 
 block [322/801] : done (1996ms) 
 block [323/801] : done (1973ms) 
 block [324/801] : done (1983ms) 
 block [325/801] : done (1903ms) 
 block [326/801] : done (1994ms) 
 block [327/801] : done (1968ms) 
 block [328/801] : done (1947ms) 
 block [329/801] : done (1936ms) 
 block [330/801] : done (1896ms) 
 block [331/801] : done (1914ms) 
 block [332/801] : done (2037ms) 
 block [333/801] : done (1950ms) 
 block [334/801] : done (2032ms) 
 block [335/801] : done (1978ms) 
 block [336/801] : done (1965ms) 
 block [337/801] : done (2005ms) 
 block [338/801] : done (1898ms) 
 block [339/801] : done (1959ms) 
 block [340/801] : done (1905ms) 
 block [341/801] : done (1900ms) 
 block [342/801] : done (1965ms) 
 block [343/801] : done (1951ms) 
 block [344/801] : done (1912ms) 
 block [345/801] : done (1879ms) 
 block [346/801] : done (1877ms) 
 block [347/801] : done (1891ms) 
 block [348/801] : done (1862ms) 
 block [349/801] : done (1897ms) 
 block [350/801] : done (1917ms) 
 block [351/801] : done (1921ms) 
 block [352/801] : done (1889ms) 
 block [353/801] : done (1894ms) 
 block [354/801] : done (1905ms) 
 block [355/801] : done (1935ms) 
 block [356/801] : done (1891ms) 
 block [357/801] : done (1888ms) 
 block [358/801] : done (1869ms) 
 block [359/801] : done (1901ms) 
 block [360/801] : done (1861ms) 
 block [361/801] : done (1855ms) 
 block [362/801] : done (1831ms) 
 block [363/801] : done (1927ms) 
 block [364/801] : done (1807ms) 
 block [365/801] : done (1859ms) 
 block [366/801] : done (1927ms) 
 block [367/801] : done (1856ms) 
 block [368/801] : done (1922ms) 
 block [369/801] : done (1871ms) 
 block [370/801] : done (1927ms) 
 block [371/801] : done (1947ms) 
 block [372/801] : done (1879ms) 
 block [373/801] : done (1975ms) 
 block [374/801] : done (1897ms) 
 block [375/801] : done (2007ms) 
 block [376/801] : done (1945ms) 
 block [377/801] : done (2000ms) 
 block [378/801] : done (2036ms) 
 block [379/801] : done (2046ms) 
 block [380/801] : done (2105ms) 
 block [381/801] : done (2199ms) 
 block [382/801] : done (2117ms) 
 block [383/801] : done (2138ms) 
 block [384/801] : done (2157ms) 
 block [385/801] : done (2126ms) 
 block [386/801] : done (2152ms) 
 block [387/801] : done (2119ms) 
 block [388/801] : done (2116ms) 
 block [389/801] : done (2130ms) 
 block [390/801] : done (2116ms) 
 block [391/801] : done (2104ms) 
 block [392/801] : done (2157ms) 
 block [393/801] : done (1921ms) 
 block [394/801] : done (1851ms) 
 block [395/801] : done (1852ms) 
 block [396/801] : done (1850ms) 
 block [397/801] : done (1806ms) 
 block [398/801] : done (1835ms) 
 block [399/801] : done (1882ms) 
 block [400/801] : done (1872ms) 
 block [401/801] : done (1918ms) 
 block [402/801] : done (1896ms) 
 block [403/801] : done (1903ms) 
 block [404/801] : done (1866ms) 
 block [405/801] : done (1826ms) 
 block [406/801] : done (1815ms) 
 block [407/801] : done (1866ms) 
 block [408/801] : done (1903ms) 
 block [409/801] : done (1841ms) 
 block [410/801] : done (1816ms) 
 block [411/801] : done (1832ms) 
 block [412/801] : done (1867ms) 
 block [413/801] : done (1821ms) 
 block [414/801] : done (1832ms) 
 block [415/801] : done (1884ms) 
 block [416/801] : done (1893ms) 
 block [417/801] : done (2051ms) 
 block [418/801] : done (1897ms) 
 block [419/801] : done (1869ms) 
 block [420/801] : done (1817ms) 
 block [421/801] : done (1835ms) 
 block [422/801] : done (1850ms) 
 block [423/801] : done (1862ms) 
 block [424/801] : done (1820ms) 
 block [425/801] : done (1799ms) 
 block [426/801] : done (1816ms) 
 block [427/801] : done (1881ms) 
 block [428/801] : done (1882ms) 
 block [429/801] : done (1833ms) 
 block [430/801] : done (1849ms) 
 block [431/801] : done (1836ms) 
 block [432/801] : done (1828ms) 
 block [433/801] : done (1803ms) 
 block [434/801] : done (1806ms) 
 block [435/801] : done (1804ms) 
 block [436/801] : done (1805ms) 
 block [437/801] : done (1819ms) 
 block [438/801] : done (1811ms) 
 block [439/801] : done (1820ms) 
 block [440/801] : done (1799ms) 
 block [441/801] : done (1882ms) 
 block [442/801] : done (1841ms) 
 block [443/801] : done (1828ms) 
 block [444/801] : done (1857ms) 
 block [445/801] : done (1916ms) 
 block [446/801] : done (1870ms) 
 block [447/801] : done (1862ms) 
 block [448/801] : done (1857ms) 
 block [449/801] : done (1914ms) 
 block [450/801] : done (1903ms) 
 block [451/801] : done (1875ms) 
 block [452/801] : done (1925ms) 
 block [453/801] : done (1908ms) 
 block [454/801] : done (1861ms) 
 block [455/801] : done (1898ms) 
 block [456/801] : done (1886ms) 
 block [457/801] : done (1795ms) 
 block [458/801] : done (1904ms) 
 block [459/801] : done (1836ms) 
 block [460/801] : done (1901ms) 
 block [461/801] : done (1889ms) 
 block [462/801] : done (1920ms) 
 block [463/801] : done (1887ms) 
 block [464/801] : done (1827ms) 
 block [465/801] : done (1853ms) 
 block [466/801] : done (1843ms) 
 block [467/801] : done (1846ms) 
 block [468/801] : done (1824ms) 
 block [469/801] : done (1897ms) 
 block [470/801] : done (1937ms) 
 block [471/801] : done (1884ms) 
 block [472/801] : done (1828ms) 
 block [473/801] : done (1828ms) 
 block [474/801] : done (1900ms) 
 block [475/801] : done (1903ms) 
 block [476/801] : done (1866ms) 
 block [477/801] : done (1864ms) 
 block [478/801] : done (1816ms) 
 block [479/801] : done (1806ms) 
 block [480/801] : done (1818ms) 
 block [481/801] : done (1798ms) 
 block [482/801] : done (1858ms) 
 block [483/801] : done (1804ms) 
 block [484/801] : done (1798ms) 
 block [485/801] : done (1835ms) 
 block [486/801] : done (1854ms) 
 block [487/801] : done (1898ms) 
 block [488/801] : done (1884ms) 
 block [489/801] : done (1888ms) 
 block [490/801] : done (1928ms) 
 block [491/801] : done (1875ms) 
 block [492/801] : done (1899ms) 
 block [493/801] : done (1813ms) 
 block [494/801] : done (1845ms) 
 block [495/801] : done (1831ms) 
 block [496/801] : done (1839ms) 
 block [497/801] : done (1874ms) 
 block [498/801] : done (1896ms) 
 block [499/801] : done (1827ms) 
 block [500/801] : done (1872ms) 
 block [501/801] : done (1813ms) 
 block [502/801] : done (1833ms) 
 block [503/801] : done (1841ms) 
 block [504/801] : done (1828ms) 
 block [505/801] : done (1800ms) 
 block [506/801] : done (1871ms) 
 block [507/801] : done (1895ms) 
 block [508/801] : done (1894ms) 
 block [509/801] : done (1836ms) 
 block [510/801] : done (1851ms) 
 block [511/801] : done (1872ms) 
 block [512/801] : done (1889ms) 
 block [513/801] : done (1883ms) 
 block [514/801] : done (1954ms) 
 block [515/801] : done (1887ms) 
 block [516/801] : done (1842ms) 
 block [517/801] : done (1839ms) 
 block [518/801] : done (1825ms) 
 block [519/801] : done (1859ms) 
 block [520/801] : done (1806ms) 
 block [521/801] : done (1872ms) 
 block [522/801] : done (1896ms) 
 block [523/801] : done (1908ms) 
 block [524/801] : done (1798ms) 
 block [525/801] : done (1851ms) 
 block [526/801] : done (1903ms) 
 block [527/801] : done (1958ms) 
 block [528/801] : done (1894ms) 
 block [529/801] : done (1911ms) 
 block [530/801] : done (1933ms) 
 block [531/801] : done (1870ms) 
 block [532/801] : done (1926ms) 
 block [533/801] : done (1890ms) 
 block [534/801] : done (1848ms) 
 block [535/801] : done (1988ms) 
 block [536/801] : done (1905ms) 
 block [537/801] : done (1865ms) 
 block [538/801] : done (1887ms) 
 block [539/801] : done (1900ms) 
 block [540/801] : done (1847ms) 
 block [541/801] : done (1869ms) 
 block [542/801] : done (1849ms) 
 block [543/801] : done (1822ms) 
 block [544/801] : done (1880ms) 
 block [545/801] : done (1857ms) 
 block [546/801] : done (1824ms) 
 block [547/801] : done (1852ms) 
 block [548/801] : done (1847ms) 
 block [549/801] : done (1862ms) 
 block [550/801] : done (1889ms) 
 block [551/801] : done (1906ms) 
 block [552/801] : done (1964ms) 
 block [553/801] : done (1871ms) 
 block [554/801] : done (1853ms) 
 block [555/801] : done (1923ms) 
 block [556/801] : done (1842ms) 
 block [557/801] : done (1857ms) 
 block [558/801] : done (1888ms) 
 block [559/801] : done (1795ms) 
 block [560/801] : done (1843ms) 
 block [561/801] : done (1940ms) 
 block [562/801] : done (1958ms) 
 block [563/801] : done (1987ms) 
 block [564/801] : done (1874ms) 
 block [565/801] : done (1876ms) 
 block [566/801] : done (1858ms) 
 block [567/801] : done (1932ms) 
 block [568/801] : done (1842ms) 
 block [569/801] : done (1896ms) 
 block [570/801] : done (1919ms) 
 block [571/801] : done (2035ms) 
 block [572/801] : done (1954ms) 
 block [573/801] : done (1875ms) 
 block [574/801] : done (1794ms) 
 block [575/801] : done (1823ms) 
 block [576/801] : done (1871ms) 
 block [577/801] : done (1949ms) 
 block [578/801] : done (1969ms) 
 block [579/801] : done (1882ms) 
 block [580/801] : done (2008ms) 
 block [581/801] : done (2015ms) 
 block [582/801] : done (1972ms) 
 block [583/801] : done (1990ms) 
 block [584/801] : done (2002ms) 
 block [585/801] : done (2079ms) 
 block [586/801] : done (2143ms) 
 block [587/801] : done (2137ms) 
 block [588/801] : done (2064ms) 
 block [589/801] : done (2030ms) 
 block [590/801] : done (2069ms) 
 block [591/801] : done (2091ms) 
 block [592/801] : done (2035ms) 
 block [593/801] : done (2090ms) 
 block [594/801] : done (2144ms) 
 block [595/801] : done (2088ms) 
 block [596/801] : done (2097ms) 
 block [597/801] : done (2035ms) 
 block [598/801] : done (2033ms) 
 block [599/801] : done (2039ms) 
 block [600/801] : done (2023ms) 
 block [601/801] : done (2060ms) 
 block [602/801] : done (2035ms) 
 block [603/801] : done (2063ms) 
 block [604/801] : done (2061ms) 
 block [605/801] : done (2076ms) 
 block [606/801] : done (2028ms) 
 block [607/801] : done (2111ms) 
 block [608/801] : done (2051ms) 
 block [609/801] : done (2096ms) 
 block [610/801] : done (2081ms) 
 block [611/801] : done (2043ms) 
 block [612/801] : done (2100ms) 
 block [613/801] : done (2118ms) 
 block [614/801] : done (2080ms) 
 block [615/801] : done (2034ms) 
 block [616/801] : done (2081ms) 
 block [617/801] : done (2119ms) 
 block [618/801] : done (2138ms) 
 block [619/801] : done (2124ms) 
 block [620/801] : done (2124ms) 
 block [621/801] : done (2052ms) 
 block [622/801] : done (2123ms) 
 block [623/801] : done (2091ms) 
 block [624/801] : done (2081ms) 
 block [625/801] : done (2068ms) 
 block [626/801] : done (2033ms) 
 block [627/801] : done (2039ms) 
 block [628/801] : done (2112ms) 
 block [629/801] : done (2066ms) 
 block [630/801] : done (2036ms) 
 block [631/801] : done (2096ms) 
 block [632/801] : done (2046ms) 
 block [633/801] : done (2005ms) 
 block [634/801] : done (2040ms) 
 block [635/801] : done (2059ms) 
 block [636/801] : done (2043ms) 
 block [637/801] : done (2035ms) 
 block [638/801] : done (2091ms) 
 block [639/801] : done (2031ms) 
 block [640/801] : done (2060ms) 
 block [641/801] : done (2024ms) 
 block [642/801] : done (2039ms) 
 block [643/801] : done (2124ms) 
 block [644/801] : done (2053ms) 
 block [645/801] : done (2087ms) 
 block [646/801] : done (2025ms) 
 block [647/801] : done (2077ms) 
 block [648/801] : done (2037ms) 
 block [649/801] : done (2045ms) 
 block [650/801] : done (2000ms) 
 block [651/801] : done (1989ms) 
 block [652/801] : done (1998ms) 
 block [653/801] : done (2030ms) 
 block [654/801] : done (2074ms) 
 block [655/801] : done (2086ms) 
 block [656/801] : done (2034ms) 
 block [657/801] : done (2000ms) 
 block [658/801] : done (2018ms) 
 block [659/801] : done (2039ms) 
 block [660/801] : done (2027ms) 
 block [661/801] : done (2073ms) 
 block [662/801] : done (2022ms) 
 block [663/801] : done (1993ms) 
 block [664/801] : done (2080ms) 
 block [665/801] : done (2086ms) 
 block [666/801] : done (2041ms) 
 block [667/801] : done (2082ms) 
 block [668/801] : done (2099ms) 
 block [669/801] : done (2072ms) 
 block [670/801] : done (2134ms) 
 block [671/801] : done (2010ms) 
 block [672/801] : done (2040ms) 
 block [673/801] : done (2028ms) 
 block [674/801] : done (2047ms) 
 block [675/801] : done (2084ms) 
 block [676/801] : done (2080ms) 
 block [677/801] : done (2064ms) 
 block [678/801] : done (2036ms) 
 block [679/801] : done (2096ms) 
 block [680/801] : done (2081ms) 
 block [681/801] : done (2045ms) 
 block [682/801] : done (2035ms) 
 block [683/801] : done (2049ms) 
 block [684/801] : done (2012ms) 
 block [685/801] : done (2015ms) 
 block [686/801] : done (2073ms) 
 block [687/801] : done (2113ms) 
 block [688/801] : done (2077ms) 
 block [689/801] : done (2020ms) 
 block [690/801] : done (2044ms) 
 block [691/801] : done (2098ms) 
 block [692/801] : done (2001ms) 
 block [693/801] : done (1996ms) 
 block [694/801] : done (2020ms) 
 block [695/801] : done (2003ms) 
 block [696/801] : done (2057ms) 
 block [697/801] : done (2030ms) 
 block [698/801] : done (2032ms) 
 block [699/801] : done (1984ms) 
 block [700/801] : done (2051ms) 
 block [701/801] : done (2079ms) 
 block [702/801] : done (2000ms) 
 block [703/801] : done (1997ms) 
 block [704/801] : done (1958ms) 
 block [705/801] : done (2010ms) 
 block [706/801] : done (2013ms) 
 block [707/801] : done (2105ms) 
 block [708/801] : done (2029ms) 
 block [709/801] : done (1999ms) 
 block [710/801] : done (2030ms) 
 block [711/801] : done (2038ms) 
 block [712/801] : done (1999ms) 
 block [713/801] : done (2029ms) 
 block [714/801] : done (2007ms) 
 block [715/801] : done (2067ms) 
 block [716/801] : done (2079ms) 
 block [717/801] : done (2080ms) 
 block [718/801] : done (2080ms) 
 block [719/801] : done (2050ms) 
 block [720/801] : done (2073ms) 
 block [721/801] : done (2118ms) 
 block [722/801] : done (2734ms) 
 block [723/801] : done (2109ms) 
 block [724/801] : done (2001ms) 
 block [725/801] : done (2089ms) 
 block [726/801] : done (2074ms) 
 block [727/801] : done (2083ms) 
 block [728/801] : done (2080ms) 
 block [729/801] : done (2104ms) 
 block [730/801] : done (2062ms) 
 block [731/801] : done (2059ms) 
 block [732/801] : done (2084ms) 
 block [733/801] : done (2020ms) 
 block [734/801] : done (2082ms) 
 block [735/801] : done (2080ms) 
 block [736/801] : done (2039ms) 
 block [737/801] : done (2062ms) 
 block [738/801] : done (2089ms) 
 block [739/801] : done (2077ms) 
 block [740/801] : done (2056ms) 
 block [741/801] : done (2014ms) 
 block [742/801] : done (2001ms) 
 block [743/801] : done (2129ms) 
 block [744/801] : done (2066ms) 
 block [745/801] : done (2084ms) 
 block [746/801] : done (2022ms) 
 block [747/801] : done (2030ms) 
 block [748/801] : done (2050ms) 
 block [749/801] : done (2087ms) 
 block [750/801] : done (2075ms) 
 block [751/801] : done (2141ms) 
 block [752/801] : done (2041ms) 
 block [753/801] : done (2089ms) 
 block [754/801] : done (2121ms) 
 block [755/801] : done (2144ms) 
 block [756/801] : done (2127ms) 
 block [757/801] : done (2108ms) 
 block [758/801] : done (2044ms) 
 block [759/801] : done (1982ms) 
 block [760/801] : done (2023ms) 
 block [761/801] : done (2071ms) 
 block [762/801] : done (2053ms) 
 block [763/801] : done (2010ms) 
 block [764/801] : done (2085ms) 
 block [765/801] : done (2021ms) 
 block [766/801] : done (2027ms) 
 block [767/801] : done (1994ms) 
 block [768/801] : done (2027ms) 
 block [769/801] : done (2004ms) 
 block [770/801] : done (2071ms) 
 block [771/801] : done (2086ms) 
 block [772/801] : done (2045ms) 
 block [773/801] : done (2050ms) 
 block [774/801] : done (2092ms) 
 block [775/801] : done (2035ms) 
 block [776/801] : done (2050ms) 
 block [777/801] : done (2085ms) 
 block [778/801] : done (2138ms) 
 block [779/801] : done (2038ms) 
 block [780/801] : done (2035ms) 
 block [781/801] : done (2000ms) 
 block [782/801] : done (2002ms) 
 block [783/801] : done (1988ms) 
 block [784/801] : done (2168ms) 
 block [785/801] : done (2085ms) 
 block [786/801] : done (2017ms) 
 block [787/801] : done (2054ms) 
 block [788/801] : done (2094ms) 
 block [789/801] : done (2067ms) 
 block [790/801] : done (2094ms) 
 block [791/801] : done (2041ms) 
 block [792/801] : done (2080ms) 
 block [793/801] : done (2096ms) 
 block [794/801] : done (2123ms) 
 block [795/801] : done (2078ms) 
 block [796/801] : done (2033ms) 
 block [797/801] : done (2058ms) 
 block [798/801] : done (2077ms) 
 block [799/801] : done (2081ms) 
 block [800/801] : done (2113ms) 
 block [801/801] : done (1938ms) 

Association results stored separately for each trait in files : 
* [result/06_step2/sig_weight_eur_step2.chr17_eur_SIG0_AUC.regenie]
* [result/06_step2/sig_weight_eur_step2.chr17_eur_SIG1_AUC.regenie]
* [result/06_step2/sig_weight_eur_step2.chr17_eur_SIG2_AUC.regenie]
* [result/06_step2/sig_weight_eur_step2.chr17_eur_SIG3_AUC.regenie]
* [result/06_step2/sig_weight_eur_step2.chr17_eur_SIG4_AUC.regenie]
* [result/06_step2/sig_weight_eur_step2.chr17_eur_SIG5_AUC.regenie]
* [result/06_step2/sig_weight_eur_step2.chr17_eur_SIG6_AUC.regenie]
* [result/06_step2/sig_weight_eur_step2.chr17_eur_SIG7_AUC.regenie]
* [result/06_step2/sig_weight_eur_step2.chr17_eur_SIG8_AUC.regenie]
* [result/06_step2/sig_weight_eur_step2.chr17_eur_SIG9_AUC.regenie]
* [result/06_step2/sig_weight_eur_step2.chr17_eur_SIG10_AUC.regenie]
* [result/06_step2/sig_weight_eur_step2.chr17_eur_SIG11_AUC.regenie]
* [result/06_step2/sig_weight_eur_step2.chr17_eur_SIG12_AUC.regenie]
* [result/06_step2/sig_weight_eur_step2.chr17_eur_SIG13_AUC.regenie]
* [result/06_step2/sig_weight_eur_step2.chr17_eur_SIG14_AUC.regenie]
* [result/06_step2/sig_weight_eur_step2.chr17_eur_SIG15_AUC.regenie]
* [result/06_step2/sig_weight_eur_step2.chr17_eur_SIG16_AUC.regenie]
* [result/06_step2/sig_weight_eur_step2.chr17_eur_SIG17_AUC.regenie]
* [result/06_step2/sig_weight_eur_step2.chr17_eur_SIG18_AUC.regenie]
* [result/06_step2/sig_weight_eur_step2.chr17_eur_SIG19_AUC.regenie]
* [result/06_step2/sig_weight_eur_step2.chr17_eur_SIG20_AUC.regenie]

Number of ignored tests due to low MAC or info score : 0

Elapsed time : 1636.48s
End time: Wed Dec 17 07:33:03 2025

