Start time: Wed Dec 17 07:05:49 2025

              |=============================|
              |      REGENIE v3.2.5.gz      |
              |=============================|

Copyright (c) 2020-2022 Joelle Mbatchou, Andrey Ziyatdinov and Jonathan Marchini.
Distributed under the MIT License.
Compiled with Boost Iostream library.
Using Intel MKL with Eigen.

Log of output saved in file : result/06_step2/sig_weight_eur_step2.chr20_eur.log

Options in effect:
  --step 2 \
  --bgen /broad/ukbb/imputed_v3/ukb_imp_chr20_v3.bgen \
  --sample /medpop/esp2/pradeep/UKBiobank/v3data/ukb7089_imp_chr3_v3_s487395.sample \
  --ref-first \
  --extract ../data/step2/var.chr20_eur.list.snplist \
  --keep ../data/sample_list_eur.txt \
  --covarFile ../data/sig_weight_cov_file.tsv \
  --phenoFile /medpop/esp2/tnakao/analyses/projects/collab/Sarah_signature_weights_GWAS/import/signature_auc_phenotypes_last.txt \
  --bsize 200 \
  --threads 4 \
  --qt \
  --catCovarList genotyping_array,Inferred_Gender \
  --pred result/04_step1/sig_weight_eur_step1_pred.list \
  --minINFO 0.7 \
  --out result/06_step2/sig_weight_eur_step2.chr20_eur

Association testing mode with fast multithreading using OpenMP
 * bgen             : [/broad/ukbb/imputed_v3/ukb_imp_chr20_v3.bgen]
   -summary : bgen file (v1.2 layout, zlib compressed) with 487409 anonymous samples and 2082571 variants with 8-bit encoding.
   -index bgi file [/broad/ukbb/imputed_v3/ukb_imp_chr20_v3.bgen.bgi]
   -keeping variants specified by --extract
   -number of variants remaining in the analysis = 138556
   -sample file: /medpop/esp2/pradeep/UKBiobank/v3data/ukb7089_imp_chr3_v3_s487395.sample
   -keeping only individuals specified by --keep
   -number of genotyped individuals remaining in the analysis = 361171
 * phenotypes       : [/medpop/esp2/tnakao/analyses/projects/collab/Sarah_signature_weights_GWAS/import/signature_auc_phenotypes_last.txt] n_pheno = 21
   -number of phenotyped individuals  = 361171
 * covariates       : [../data/sig_weight_cov_file.tsv] n_cov = 13
   -number of individuals with covariate data = 361171
 * number of individuals used in analysis = 361171
 * number of observations for each trait:
   - 'SIG0_AUC': 361171 observations
   - 'SIG1_AUC': 361171 observations
   - 'SIG2_AUC': 361171 observations
   - 'SIG3_AUC': 361171 observations
   - 'SIG4_AUC': 361171 observations
   - 'SIG5_AUC': 361171 observations
   - 'SIG6_AUC': 361171 observations
   - 'SIG7_AUC': 361171 observations
   - 'SIG8_AUC': 361171 observations
   - 'SIG9_AUC': 361171 observations
   - 'SIG10_AUC': 361171 observations
   - 'SIG11_AUC': 361171 observations
   - 'SIG12_AUC': 361171 observations
   - 'SIG13_AUC': 361171 observations
   - 'SIG14_AUC': 361171 observations
   - 'SIG15_AUC': 361171 observations
   - 'SIG16_AUC': 361171 observations
   - 'SIG17_AUC': 361171 observations
   - 'SIG18_AUC': 361171 observations
   - 'SIG19_AUC': 361171 observations
   - 'SIG20_AUC': 361171 observations
 * LOCO predictions : [result/04_step1/sig_weight_eur_step1_pred.list]
   -file [/medpop/esp2/tnakao/analyses/projects/collab/Sarah_signature_weights_GWAS/96_last_250319/result/04_step1/sig_weight_eur_step1_1.loco] for phenotype 'SIG0_AUC'
   -file [/medpop/esp2/tnakao/analyses/projects/collab/Sarah_signature_weights_GWAS/96_last_250319/result/04_step1/sig_weight_eur_step1_2.loco] for phenotype 'SIG1_AUC'
   -file [/medpop/esp2/tnakao/analyses/projects/collab/Sarah_signature_weights_GWAS/96_last_250319/result/04_step1/sig_weight_eur_step1_3.loco] for phenotype 'SIG2_AUC'
   -file [/medpop/esp2/tnakao/analyses/projects/collab/Sarah_signature_weights_GWAS/96_last_250319/result/04_step1/sig_weight_eur_step1_4.loco] for phenotype 'SIG3_AUC'
   -file [/medpop/esp2/tnakao/analyses/projects/collab/Sarah_signature_weights_GWAS/96_last_250319/result/04_step1/sig_weight_eur_step1_5.loco] for phenotype 'SIG4_AUC'
   -file [/medpop/esp2/tnakao/analyses/projects/collab/Sarah_signature_weights_GWAS/96_last_250319/result/04_step1/sig_weight_eur_step1_6.loco] for phenotype 'SIG5_AUC'
   -file [/medpop/esp2/tnakao/analyses/projects/collab/Sarah_signature_weights_GWAS/96_last_250319/result/04_step1/sig_weight_eur_step1_7.loco] for phenotype 'SIG6_AUC'
   -file [/medpop/esp2/tnakao/analyses/projects/collab/Sarah_signature_weights_GWAS/96_last_250319/result/04_step1/sig_weight_eur_step1_8.loco] for phenotype 'SIG7_AUC'
   -file [/medpop/esp2/tnakao/analyses/projects/collab/Sarah_signature_weights_GWAS/96_last_250319/result/04_step1/sig_weight_eur_step1_9.loco] for phenotype 'SIG8_AUC'
   -file [/medpop/esp2/tnakao/analyses/projects/collab/Sarah_signature_weights_GWAS/96_last_250319/result/04_step1/sig_weight_eur_step1_10.loco] for phenotype 'SIG9_AUC'
   -file [/medpop/esp2/tnakao/analyses/projects/collab/Sarah_signature_weights_GWAS/96_last_250319/result/04_step1/sig_weight_eur_step1_11.loco] for phenotype 'SIG10_AUC'
   -file [/medpop/esp2/tnakao/analyses/projects/collab/Sarah_signature_weights_GWAS/96_last_250319/result/04_step1/sig_weight_eur_step1_12.loco] for phenotype 'SIG11_AUC'
   -file [/medpop/esp2/tnakao/analyses/projects/collab/Sarah_signature_weights_GWAS/96_last_250319/result/04_step1/sig_weight_eur_step1_13.loco] for phenotype 'SIG12_AUC'
   -file [/medpop/esp2/tnakao/analyses/projects/collab/Sarah_signature_weights_GWAS/96_last_250319/result/04_step1/sig_weight_eur_step1_14.loco] for phenotype 'SIG13_AUC'
   -file [/medpop/esp2/tnakao/analyses/projects/collab/Sarah_signature_weights_GWAS/96_last_250319/result/04_step1/sig_weight_eur_step1_15.loco] for phenotype 'SIG14_AUC'
   -file [/medpop/esp2/tnakao/analyses/projects/collab/Sarah_signature_weights_GWAS/96_last_250319/result/04_step1/sig_weight_eur_step1_16.loco] for phenotype 'SIG15_AUC'
   -file [/medpop/esp2/tnakao/analyses/projects/collab/Sarah_signature_weights_GWAS/96_last_250319/result/04_step1/sig_weight_eur_step1_17.loco] for phenotype 'SIG16_AUC'
   -file [/medpop/esp2/tnakao/analyses/projects/collab/Sarah_signature_weights_GWAS/96_last_250319/result/04_step1/sig_weight_eur_step1_18.loco] for phenotype 'SIG17_AUC'
   -file [/medpop/esp2/tnakao/analyses/projects/collab/Sarah_signature_weights_GWAS/96_last_250319/result/04_step1/sig_weight_eur_step1_19.loco] for phenotype 'SIG18_AUC'
   -file [/medpop/esp2/tnakao/analyses/projects/collab/Sarah_signature_weights_GWAS/96_last_250319/result/04_step1/sig_weight_eur_step1_20.loco] for phenotype 'SIG19_AUC'
   -file [/medpop/esp2/tnakao/analyses/projects/collab/Sarah_signature_weights_GWAS/96_last_250319/result/04_step1/sig_weight_eur_step1_21.loco] for phenotype 'SIG20_AUC'
   -residualizing and scaling phenotypes...done (68ms) 
 * # threads        : [4]
 * block size       : [200]
 * # blocks         : [693]
 * approximate memory usage : 2GB
 * using minimum MAC of 5 (variants with lower MAC are ignored)
 * using minimum imputation info score of 0.7 (variants with lower info score are ignored)

Chromosome 20 [693 blocks in total]
   -reading loco predictions for the chromosome...done (11945ms) 
 block [1/693] : done (2258ms) 
 block [2/693] : done (2176ms) 
 block [3/693] : done (2242ms) 
 block [4/693] : done (2204ms) 
 block [5/693] : done (2263ms) 
 block [6/693] : done (2255ms) 
 block [7/693] : done (2246ms) 
 block [8/693] : done (2168ms) 
 block [9/693] : done (2211ms) 
 block [10/693] : done (2179ms) 
 block [11/693] : done (2144ms) 
 block [12/693] : done (2201ms) 
 block [13/693] : done (2175ms) 
 block [14/693] : done (2163ms) 
 block [15/693] : done (2123ms) 
 block [16/693] : done (2159ms) 
 block [17/693] : done (2131ms) 
 block [18/693] : done (2157ms) 
 block [19/693] : done (2107ms) 
 block [20/693] : done (2107ms) 
 block [21/693] : done (2187ms) 
 block [22/693] : done (2286ms) 
 block [23/693] : done (2165ms) 
 block [24/693] : done (2123ms) 
 block [25/693] : done (2137ms) 
 block [26/693] : done (2207ms) 
 block [27/693] : done (2156ms) 
 block [28/693] : done (2197ms) 
 block [29/693] : done (2240ms) 
 block [30/693] : done (2234ms) 
 block [31/693] : done (2216ms) 
 block [32/693] : done (2230ms) 
 block [33/693] : done (2232ms) 
 block [34/693] : done (2258ms) 
 block [35/693] : done (2265ms) 
 block [36/693] : done (2257ms) 
 block [37/693] : done (2193ms) 
 block [38/693] : done (2215ms) 
 block [39/693] : done (2181ms) 
 block [40/693] : done (2217ms) 
 block [41/693] : done (2218ms) 
 block [42/693] : done (2217ms) 
 block [43/693] : done (2249ms) 
 block [44/693] : done (2282ms) 
 block [45/693] : done (2284ms) 
 block [46/693] : done (2181ms) 
 block [47/693] : done (2197ms) 
 block [48/693] : done (2171ms) 
 block [49/693] : done (2216ms) 
 block [50/693] : done (2182ms) 
 block [51/693] : done (2153ms) 
 block [52/693] : done (2232ms) 
 block [53/693] : done (2218ms) 
 block [54/693] : done (2198ms) 
 block [55/693] : done (2162ms) 
 block [56/693] : done (2123ms) 
 block [57/693] : done (2145ms) 
 block [58/693] : done (2280ms) 
 block [59/693] : done (2167ms) 
 block [60/693] : done (2210ms) 
 block [61/693] : done (2177ms) 
 block [62/693] : done (2177ms) 
 block [63/693] : done (2158ms) 
 block [64/693] : done (2202ms) 
 block [65/693] : done (2173ms) 
 block [66/693] : done (2173ms) 
 block [67/693] : done (2223ms) 
 block [68/693] : done (2314ms) 
 block [69/693] : done (2196ms) 
 block [70/693] : done (2185ms) 
 block [71/693] : done (2156ms) 
 block [72/693] : done (2083ms) 
 block [73/693] : done (2142ms) 
 block [74/693] : done (2167ms) 
 block [75/693] : done (2276ms) 
 block [76/693] : done (2178ms) 
 block [77/693] : done (2138ms) 
 block [78/693] : done (2135ms) 
 block [79/693] : done (2167ms) 
 block [80/693] : done (2228ms) 
 block [81/693] : done (2212ms) 
 block [82/693] : done (2245ms) 
 block [83/693] : done (2192ms) 
 block [84/693] : done (2191ms) 
 block [85/693] : done (2175ms) 
 block [86/693] : done (2200ms) 
 block [87/693] : done (2201ms) 
 block [88/693] : done (2158ms) 
 block [89/693] : done (2148ms) 
 block [90/693] : done (2199ms) 
 block [91/693] : done (2194ms) 
 block [92/693] : done (2177ms) 
 block [93/693] : done (2179ms) 
 block [94/693] : done (2149ms) 
 block [95/693] : done (2166ms) 
 block [96/693] : done (2159ms) 
 block [97/693] : done (2144ms) 
 block [98/693] : done (2174ms) 
 block [99/693] : done (2186ms) 
 block [100/693] : done (2214ms) 
 block [101/693] : done (2199ms) 
 block [102/693] : done (2183ms) 
 block [103/693] : done (2121ms) 
 block [104/693] : done (2220ms) 
 block [105/693] : done (2088ms) 
 block [106/693] : done (2144ms) 
 block [107/693] : done (2128ms) 
 block [108/693] : done (2191ms) 
 block [109/693] : done (2174ms) 
 block [110/693] : done (2168ms) 
 block [111/693] : done (2226ms) 
 block [112/693] : done (2109ms) 
 block [113/693] : done (2194ms) 
 block [114/693] : done (2129ms) 
 block [115/693] : done (2177ms) 
 block [116/693] : done (2206ms) 
 block [117/693] : done (2165ms) 
 block [118/693] : done (2126ms) 
 block [119/693] : done (2175ms) 
 block [120/693] : done (2153ms) 
 block [121/693] : done (2236ms) 
 block [122/693] : done (2204ms) 
 block [123/693] : done (2206ms) 
 block [124/693] : done (2128ms) 
 block [125/693] : done (2236ms) 
 block [126/693] : done (2116ms) 
 block [127/693] : done (2190ms) 
 block [128/693] : done (2244ms) 
 block [129/693] : done (2216ms) 
 block [130/693] : done (2158ms) 
 block [131/693] : done (2205ms) 
 block [132/693] : done (2236ms) 
 block [133/693] : done (2211ms) 
 block [134/693] : done (2224ms) 
 block [135/693] : done (2172ms) 
 block [136/693] : done (2163ms) 
 block [137/693] : done (2158ms) 
 block [138/693] : done (2170ms) 
 block [139/693] : done (2166ms) 
 block [140/693] : done (2134ms) 
 block [141/693] : done (2151ms) 
 block [142/693] : done (2208ms) 
 block [143/693] : done (2151ms) 
 block [144/693] : done (2168ms) 
 block [145/693] : done (2180ms) 
 block [146/693] : done (2152ms) 
 block [147/693] : done (2217ms) 
 block [148/693] : done (2184ms) 
 block [149/693] : done (2150ms) 
 block [150/693] : done (2120ms) 
 block [151/693] : done (2185ms) 
 block [152/693] : done (2125ms) 
 block [153/693] : done (2175ms) 
 block [154/693] : done (2138ms) 
 block [155/693] : done (2160ms) 
 block [156/693] : done (2114ms) 
 block [157/693] : done (2183ms) 
 block [158/693] : done (2126ms) 
 block [159/693] : done (2121ms) 
 block [160/693] : done (2052ms) 
 block [161/693] : done (2136ms) 
 block [162/693] : done (2207ms) 
 block [163/693] : done (2133ms) 
 block [164/693] : done (2055ms) 
 block [165/693] : done (2176ms) 
 block [166/693] : done (2183ms) 
 block [167/693] : done (2057ms) 
 block [168/693] : done (2069ms) 
 block [169/693] : done (2081ms) 
 block [170/693] : done (2065ms) 
 block [171/693] : done (2091ms) 
 block [172/693] : done (2045ms) 
 block [173/693] : done (2077ms) 
 block [174/693] : done (2056ms) 
 block [175/693] : done (2118ms) 
 block [176/693] : done (2121ms) 
 block [177/693] : done (2122ms) 
 block [178/693] : done (2081ms) 
 block [179/693] : done (2151ms) 
 block [180/693] : done (2145ms) 
 block [181/693] : done (2136ms) 
 block [182/693] : done (2122ms) 
 block [183/693] : done (2133ms) 
 block [184/693] : done (2077ms) 
 block [185/693] : done (2173ms) 
 block [186/693] : done (2199ms) 
 block [187/693] : done (2118ms) 
 block [188/693] : done (2204ms) 
 block [189/693] : done (2154ms) 
 block [190/693] : done (2186ms) 
 block [191/693] : done (2098ms) 
 block [192/693] : done (2120ms) 
 block [193/693] : done (2115ms) 
 block [194/693] : done (2149ms) 
 block [195/693] : done (2117ms) 
 block [196/693] : done (2151ms) 
 block [197/693] : done (2090ms) 
 block [198/693] : done (2066ms) 
 block [199/693] : done (2102ms) 
 block [200/693] : done (2065ms) 
 block [201/693] : done (2077ms) 
 block [202/693] : done (2094ms) 
 block [203/693] : done (2095ms) 
 block [204/693] : done (2081ms) 
 block [205/693] : done (2135ms) 
 block [206/693] : done (2099ms) 
 block [207/693] : done (2097ms) 
 block [208/693] : done (2135ms) 
 block [209/693] : done (2067ms) 
 block [210/693] : done (2065ms) 
 block [211/693] : done (2108ms) 
 block [212/693] : done (2076ms) 
 block [213/693] : done (2100ms) 
 block [214/693] : done (2057ms) 
 block [215/693] : done (2061ms) 
 block [216/693] : done (2074ms) 
 block [217/693] : done (2094ms) 
 block [218/693] : done (2076ms) 
 block [219/693] : done (2060ms) 
 block [220/693] : done (2073ms) 
 block [221/693] : done (2106ms) 
 block [222/693] : done (2128ms) 
 block [223/693] : done (2168ms) 
 block [224/693] : done (2167ms) 
 block [225/693] : done (2139ms) 
 block [226/693] : done (2080ms) 
 block [227/693] : done (2192ms) 
 block [228/693] : done (2093ms) 
 block [229/693] : done (2061ms) 
 block [230/693] : done (2132ms) 
 block [231/693] : done (2140ms) 
 block [232/693] : done (2095ms) 
 block [233/693] : done (2065ms) 
 block [234/693] : done (2062ms) 
 block [235/693] : done (2065ms) 
 block [236/693] : done (2069ms) 
 block [237/693] : done (2047ms) 
 block [238/693] : done (2098ms) 
 block [239/693] : done (2166ms) 
 block [240/693] : done (2145ms) 
 block [241/693] : done (2175ms) 
 block [242/693] : done (2161ms) 
 block [243/693] : done (2102ms) 
 block [244/693] : done (2095ms) 
 block [245/693] : done (2055ms) 
 block [246/693] : done (2122ms) 
 block [247/693] : done (2147ms) 
 block [248/693] : done (2089ms) 
 block [249/693] : done (2117ms) 
 block [250/693] : done (2130ms) 
 block [251/693] : done (2145ms) 
 block [252/693] : done (2109ms) 
 block [253/693] : done (2183ms) 
 block [254/693] : done (2123ms) 
 block [255/693] : done (2071ms) 
 block [256/693] : done (2019ms) 
 block [257/693] : done (2010ms) 
 block [258/693] : done (2077ms) 
 block [259/693] : done (2189ms) 
 block [260/693] : done (2166ms) 
 block [261/693] : done (2042ms) 
 block [262/693] : done (2125ms) 
 block [263/693] : done (2151ms) 
 block [264/693] : done (2143ms) 
 block [265/693] : done (2116ms) 
 block [266/693] : done (2113ms) 
 block [267/693] : done (2064ms) 
 block [268/693] : done (2095ms) 
 block [269/693] : done (2065ms) 
 block [270/693] : done (2106ms) 
 block [271/693] : done (2098ms) 
 block [272/693] : done (2135ms) 
 block [273/693] : done (2083ms) 
 block [274/693] : done (2073ms) 
 block [275/693] : done (2158ms) 
 block [276/693] : done (2071ms) 
 block [277/693] : done (2052ms) 
 block [278/693] : done (2095ms) 
 block [279/693] : done (2069ms) 
 block [280/693] : done (2050ms) 
 block [281/693] : done (2182ms) 
 block [282/693] : done (2063ms) 
 block [283/693] : done (2064ms) 
 block [284/693] : done (2053ms) 
 block [285/693] : done (2078ms) 
 block [286/693] : done (2067ms) 
 block [287/693] : done (1993ms) 
 block [288/693] : done (1987ms) 
 block [289/693] : done (2026ms) 
 block [290/693] : done (2052ms) 
 block [291/693] : done (2099ms) 
 block [292/693] : done (2043ms) 
 block [293/693] : done (2030ms) 
 block [294/693] : done (1987ms) 
 block [295/693] : done (2040ms) 
 block [296/693] : done (2187ms) 
 block [297/693] : done (2077ms) 
 block [298/693] : done (2050ms) 
 block [299/693] : done (2028ms) 
 block [300/693] : done (2034ms) 
 block [301/693] : done (1980ms) 
 block [302/693] : done (1947ms) 
 block [303/693] : done (2034ms) 
 block [304/693] : done (2008ms) 
 block [305/693] : done (2117ms) 
 block [306/693] : done (2095ms) 
 block [307/693] : done (2104ms) 
 block [308/693] : done (2095ms) 
 block [309/693] : done (2126ms) 
 block [310/693] : done (2065ms) 
 block [311/693] : done (2055ms) 
 block [312/693] : done (2061ms) 
 block [313/693] : done (2087ms) 
 block [314/693] : done (2072ms) 
 block [315/693] : done (2064ms) 
 block [316/693] : done (2071ms) 
 block [317/693] : done (2052ms) 
 block [318/693] : done (2048ms) 
 block [319/693] : done (2057ms) 
 block [320/693] : done (2051ms) 
 block [321/693] : done (2018ms) 
 block [322/693] : done (2035ms) 
 block [323/693] : done (2082ms) 
 block [324/693] : done (2111ms) 
 block [325/693] : done (2202ms) 
 block [326/693] : done (2204ms) 
 block [327/693] : done (2104ms) 
 block [328/693] : done (2214ms) 
 block [329/693] : done (2067ms) 
 block [330/693] : done (2065ms) 
 block [331/693] : done (2085ms) 
 block [332/693] : done (2072ms) 
 block [333/693] : done (2134ms) 
 block [334/693] : done (2168ms) 
 block [335/693] : done (2143ms) 
 block [336/693] : done (2122ms) 
 block [337/693] : done (2123ms) 
 block [338/693] : done (2152ms) 
 block [339/693] : done (2147ms) 
 block [340/693] : done (2135ms) 
 block [341/693] : done (2069ms) 
 block [342/693] : done (2076ms) 
 block [343/693] : done (2111ms) 
 block [344/693] : done (2103ms) 
 block [345/693] : done (2090ms) 
 block [346/693] : done (2112ms) 
 block [347/693] : done (2115ms) 
 block [348/693] : done (2179ms) 
 block [349/693] : done (2217ms) 
 block [350/693] : done (2110ms) 
 block [351/693] : done (2144ms) 
 block [352/693] : done (2117ms) 
 block [353/693] : done (2158ms) 
 block [354/693] : done (2169ms) 
 block [355/693] : done (2134ms) 
 block [356/693] : done (2121ms) 
 block [357/693] : done (2072ms) 
 block [358/693] : done (2093ms) 
 block [359/693] : done (2095ms) 
 block [360/693] : done (2101ms) 
 block [361/693] : done (2056ms) 
 block [362/693] : done (2060ms) 
 block [363/693] : done (2051ms) 
 block [364/693] : done (2020ms) 
 block [365/693] : done (2015ms) 
 block [366/693] : done (1997ms) 
 block [367/693] : done (2014ms) 
 block [368/693] : done (2111ms) 
 block [369/693] : done (2148ms) 
 block [370/693] : done (2203ms) 
 block [371/693] : done (2286ms) 
 block [372/693] : done (2111ms) 
 block [373/693] : done (2133ms) 
 block [374/693] : done (2061ms) 
 block [375/693] : done (2045ms) 
 block [376/693] : done (2054ms) 
 block [377/693] : done (2183ms) 
 block [378/693] : done (2170ms) 
 block [379/693] : done (2109ms) 
 block [380/693] : done (2059ms) 
 block [381/693] : done (2066ms) 
 block [382/693] : done (2102ms) 
 block [383/693] : done (2120ms) 
 block [384/693] : done (2134ms) 
 block [385/693] : done (2124ms) 
 block [386/693] : done (2085ms) 
 block [387/693] : done (2053ms) 
 block [388/693] : done (2087ms) 
 block [389/693] : done (2109ms) 
 block [390/693] : done (2059ms) 
 block [391/693] : done (2023ms) 
 block [392/693] : done (2083ms) 
 block [393/693] : done (2062ms) 
 block [394/693] : done (2040ms) 
 block [395/693] : done (2069ms) 
 block [396/693] : done (2205ms) 
 block [397/693] : done (2051ms) 
 block [398/693] : done (2038ms) 
 block [399/693] : done (2015ms) 
 block [400/693] : done (2016ms) 
 block [401/693] : done (2064ms) 
 block [402/693] : done (2089ms) 
 block [403/693] : done (2083ms) 
 block [404/693] : done (2086ms) 
 block [405/693] : done (2109ms) 
 block [406/693] : done (2122ms) 
 block [407/693] : done (2113ms) 
 block [408/693] : done (2093ms) 
 block [409/693] : done (2303ms) 
 block [410/693] : done (2102ms) 
 block [411/693] : done (2145ms) 
 block [412/693] : done (2059ms) 
 block [413/693] : done (2056ms) 
 block [414/693] : done (2039ms) 
 block [415/693] : done (2081ms) 
 block [416/693] : done (2051ms) 
 block [417/693] : done (2070ms) 
 block [418/693] : done (2009ms) 
 block [419/693] : done (2030ms) 
 block [420/693] : done (2125ms) 
 block [421/693] : done (2099ms) 
 block [422/693] : done (2093ms) 
 block [423/693] : done (2133ms) 
 block [424/693] : done (2118ms) 
 block [425/693] : done (2110ms) 
 block [426/693] : done (2185ms) 
 block [427/693] : done (2103ms) 
 block [428/693] : done (2136ms) 
 block [429/693] : done (2199ms) 
 block [430/693] : done (2163ms) 
 block [431/693] : done (2089ms) 
 block [432/693] : done (2157ms) 
 block [433/693] : done (2177ms) 
 block [434/693] : done (2116ms) 
 block [435/693] : done (2205ms) 
 block [436/693] : done (2197ms) 
 block [437/693] : done (2134ms) 
 block [438/693] : done (2083ms) 
 block [439/693] : done (2111ms) 
 block [440/693] : done (2185ms) 
 block [441/693] : done (2090ms) 
 block [442/693] : done (2136ms) 
 block [443/693] : done (2131ms) 
 block [444/693] : done (2139ms) 
 block [445/693] : done (2153ms) 
 block [446/693] : done (2200ms) 
 block [447/693] : done (2118ms) 
 block [448/693] : done (2214ms) 
 block [449/693] : done (2218ms) 
 block [450/693] : done (2136ms) 
 block [451/693] : done (2081ms) 
 block [452/693] : done (2220ms) 
 block [453/693] : done (2111ms) 
 block [454/693] : done (2131ms) 
 block [455/693] : done (2139ms) 
 block [456/693] : done (2233ms) 
 block [457/693] : done (2141ms) 
 block [458/693] : done (2114ms) 
 block [459/693] : done (2077ms) 
 block [460/693] : done (2074ms) 
 block [461/693] : done (2122ms) 
 block [462/693] : done (2148ms) 
 block [463/693] : done (2098ms) 
 block [464/693] : done (2120ms) 
 block [465/693] : done (2057ms) 
 block [466/693] : done (2081ms) 
 block [467/693] : done (2117ms) 
 block [468/693] : done (2089ms) 
 block [469/693] : done (2085ms) 
 block [470/693] : done (2114ms) 
 block [471/693] : done (2157ms) 
 block [472/693] : done (2112ms) 
 block [473/693] : done (2188ms) 
 block [474/693] : done (2212ms) 
 block [475/693] : done (2133ms) 
 block [476/693] : done (2170ms) 
 block [477/693] : done (2119ms) 
 block [478/693] : done (2153ms) 
 block [479/693] : done (2157ms) 
 block [480/693] : done (2188ms) 
 block [481/693] : done (2175ms) 
 block [482/693] : done (2170ms) 
 block [483/693] : done (2244ms) 
 block [484/693] : done (2225ms) 
 block [485/693] : done (2131ms) 
 block [486/693] : done (2092ms) 
 block [487/693] : done (2191ms) 
 block [488/693] : done (2116ms) 
 block [489/693] : done (2145ms) 
 block [490/693] : done (2164ms) 
 block [491/693] : done (2161ms) 
 block [492/693] : done (2205ms) 
 block [493/693] : done (2264ms) 
 block [494/693] : done (2215ms) 
 block [495/693] : done (2226ms) 
 block [496/693] : done (2223ms) 
 block [497/693] : done (2234ms) 
 block [498/693] : done (2325ms) 
 block [499/693] : done (2193ms) 
 block [500/693] : done (2164ms) 
 block [501/693] : done (2200ms) 
 block [502/693] : done (2170ms) 
 block [503/693] : done (2170ms) 
 block [504/693] : done (2146ms) 
 block [505/693] : done (2129ms) 
 block [506/693] : done (2179ms) 
 block [507/693] : done (2168ms) 
 block [508/693] : done (2161ms) 
 block [509/693] : done (2156ms) 
 block [510/693] : done (2149ms) 
 block [511/693] : done (2187ms) 
 block [512/693] : done (2244ms) 
 block [513/693] : done (2157ms) 
 block [514/693] : done (2246ms) 
 block [515/693] : done (2176ms) 
 block [516/693] : done (2173ms) 
 block [517/693] : done (2200ms) 
 block [518/693] : done (2248ms) 
 block [519/693] : done (2235ms) 
 block [520/693] : done (2286ms) 
 block [521/693] : done (2273ms) 
 block [522/693] : done (2186ms) 
 block [523/693] : done (2126ms) 
 block [524/693] : done (2209ms) 
 block [525/693] : done (2179ms) 
 block [526/693] : done (2257ms) 
 block [527/693] : done (2191ms) 
 block [528/693] : done (2257ms) 
 block [529/693] : done (2313ms) 
 block [530/693] : done (2247ms) 
 block [531/693] : done (2212ms) 
 block [532/693] : done (2267ms) 
 block [533/693] : done (2232ms) 
 block [534/693] : done (2212ms) 
 block [535/693] : done (2180ms) 
 block [536/693] : done (2123ms) 
 block [537/693] : done (2140ms) 
 block [538/693] : done (2175ms) 
 block [539/693] : done (2175ms) 
 block [540/693] : done (2242ms) 
 block [541/693] : done (2231ms) 
 block [542/693] : done (2174ms) 
 block [543/693] : done (2198ms) 
 block [544/693] : done (2143ms) 
 block [545/693] : done (2119ms) 
 block [546/693] : done (2151ms) 
 block [547/693] : done (2154ms) 
 block [548/693] : done (2174ms) 
 block [549/693] : done (2220ms) 
 block [550/693] : done (2219ms) 
 block [551/693] : done (2196ms) 
 block [552/693] : done (2193ms) 
 block [553/693] : done (2149ms) 
 block [554/693] : done (2242ms) 
 block [555/693] : done (2266ms) 
 block [556/693] : done (2248ms) 
 block [557/693] : done (2198ms) 
 block [558/693] : done (2227ms) 
 block [559/693] : done (2255ms) 
 block [560/693] : done (2274ms) 
 block [561/693] : done (2172ms) 
 block [562/693] : done (2162ms) 
 block [563/693] : done (2116ms) 
 block [564/693] : done (2150ms) 
 block [565/693] : done (2147ms) 
 block [566/693] : done (2246ms) 
 block [567/693] : done (2197ms) 
 block [568/693] : done (2216ms) 
 block [569/693] : done (2189ms) 
 block [570/693] : done (2280ms) 
 block [571/693] : done (2204ms) 
 block [572/693] : done (2180ms) 
 block [573/693] : done (2184ms) 
 block [574/693] : done (2190ms) 
 block [575/693] : done (2075ms) 
 block [576/693] : done (2056ms) 
 block [577/693] : done (2254ms) 
 block [578/693] : done (2319ms) 
 block [579/693] : done (2193ms) 
 block [580/693] : done (2188ms) 
 block [581/693] : done (2217ms) 
 block [582/693] : done (2157ms) 
 block [583/693] : done (2192ms) 
 block [584/693] : done (2130ms) 
 block [585/693] : done (2152ms) 
 block [586/693] : done (2175ms) 
 block [587/693] : done (2118ms) 
 block [588/693] : done (2161ms) 
 block [589/693] : done (2101ms) 
 block [590/693] : done (2111ms) 
 block [591/693] : done (2134ms) 
 block [592/693] : done (2193ms) 
 block [593/693] : done (2200ms) 
 block [594/693] : done (2280ms) 
 block [595/693] : done (2168ms) 
 block [596/693] : done (2175ms) 
 block [597/693] : done (2186ms) 
 block [598/693] : done (2151ms) 
 block [599/693] : done (2171ms) 
 block [600/693] : done (2144ms) 
 block [601/693] : done (2151ms) 
 block [602/693] : done (2165ms) 
 block [603/693] : done (2086ms) 
 block [604/693] : done (2103ms) 
 block [605/693] : done (2215ms) 
 block [606/693] : done (2130ms) 
 block [607/693] : done (2270ms) 
 block [608/693] : done (2234ms) 
 block [609/693] : done (2198ms) 
 block [610/693] : done (2142ms) 
 block [611/693] : done (2121ms) 
 block [612/693] : done (2175ms) 
 block [613/693] : done (2138ms) 
 block [614/693] : done (2082ms) 
 block [615/693] : done (2240ms) 
 block [616/693] : done (2138ms) 
 block [617/693] : done (2096ms) 
 block [618/693] : done (2163ms) 
 block [619/693] : done (2177ms) 
 block [620/693] : done (2187ms) 
 block [621/693] : done (2140ms) 
 block [622/693] : done (2166ms) 
 block [623/693] : done (2202ms) 
 block [624/693] : done (2197ms) 
 block [625/693] : done (2177ms) 
 block [626/693] : done (2095ms) 
 block [627/693] : done (2121ms) 
 block [628/693] : done (2191ms) 
 block [629/693] : done (2348ms) 
 block [630/693] : done (2208ms) 
 block [631/693] : done (2233ms) 
 block [632/693] : done (2142ms) 
 block [633/693] : done (2174ms) 
 block [634/693] : done (2163ms) 
 block [635/693] : done (2150ms) 
 block [636/693] : done (2153ms) 
 block [637/693] : done (2215ms) 
 block [638/693] : done (2148ms) 
 block [639/693] : done (2120ms) 
 block [640/693] : done (2173ms) 
 block [641/693] : done (2203ms) 
 block [642/693] : done (2145ms) 
 block [643/693] : done (2119ms) 
 block [644/693] : done (2201ms) 
 block [645/693] : done (2213ms) 
 block [646/693] : done (2232ms) 
 block [647/693] : done (2288ms) 
 block [648/693] : done (2207ms) 
 block [649/693] : done (2152ms) 
 block [650/693] : done (2243ms) 
 block [651/693] : done (2290ms) 
 block [652/693] : done (2298ms) 
 block [653/693] : done (2220ms) 
 block [654/693] : done (2224ms) 
 block [655/693] : done (2272ms) 
 block [656/693] : done (2205ms) 
 block [657/693] : done (2203ms) 
 block [658/693] : done (2249ms) 
 block [659/693] : done (2242ms) 
 block [660/693] : done (2223ms) 
 block [661/693] : done (2212ms) 
 block [662/693] : done (2191ms) 
 block [663/693] : done (2212ms) 
 block [664/693] : done (2136ms) 
 block [665/693] : done (2140ms) 
 block [666/693] : done (2201ms) 
 block [667/693] : done (2174ms) 
 block [668/693] : done (2166ms) 
 block [669/693] : done (2236ms) 
 block [670/693] : done (2268ms) 
 block [671/693] : done (2212ms) 
 block [672/693] : done (2175ms) 
 block [673/693] : done (2167ms) 
 block [674/693] : done (2130ms) 
 block [675/693] : done (2159ms) 
 block [676/693] : done (2225ms) 
 block [677/693] : done (2185ms) 
 block [678/693] : done (2174ms) 
 block [679/693] : done (2146ms) 
 block [680/693] : done (2125ms) 
 block [681/693] : done (2176ms) 
 block [682/693] : done (2260ms) 
 block [683/693] : done (2244ms) 
 block [684/693] : done (2208ms) 
 block [685/693] : done (2172ms) 
 block [686/693] : done (2151ms) 
 block [687/693] : done (2181ms) 
 block [688/693] : done (2110ms) 
 block [689/693] : done (2178ms) 
 block [690/693] : done (2182ms) 
 block [691/693] : done (2207ms) 
 block [692/693] : done (2228ms) 
 block [693/693] : done (1758ms) 

Association results stored separately for each trait in files : 
* [result/06_step2/sig_weight_eur_step2.chr20_eur_SIG0_AUC.regenie]
* [result/06_step2/sig_weight_eur_step2.chr20_eur_SIG1_AUC.regenie]
* [result/06_step2/sig_weight_eur_step2.chr20_eur_SIG2_AUC.regenie]
* [result/06_step2/sig_weight_eur_step2.chr20_eur_SIG3_AUC.regenie]
* [result/06_step2/sig_weight_eur_step2.chr20_eur_SIG4_AUC.regenie]
* [result/06_step2/sig_weight_eur_step2.chr20_eur_SIG5_AUC.regenie]
* [result/06_step2/sig_weight_eur_step2.chr20_eur_SIG6_AUC.regenie]
* [result/06_step2/sig_weight_eur_step2.chr20_eur_SIG7_AUC.regenie]
* [result/06_step2/sig_weight_eur_step2.chr20_eur_SIG8_AUC.regenie]
* [result/06_step2/sig_weight_eur_step2.chr20_eur_SIG9_AUC.regenie]
* [result/06_step2/sig_weight_eur_step2.chr20_eur_SIG10_AUC.regenie]
* [result/06_step2/sig_weight_eur_step2.chr20_eur_SIG11_AUC.regenie]
* [result/06_step2/sig_weight_eur_step2.chr20_eur_SIG12_AUC.regenie]
* [result/06_step2/sig_weight_eur_step2.chr20_eur_SIG13_AUC.regenie]
* [result/06_step2/sig_weight_eur_step2.chr20_eur_SIG14_AUC.regenie]
* [result/06_step2/sig_weight_eur_step2.chr20_eur_SIG15_AUC.regenie]
* [result/06_step2/sig_weight_eur_step2.chr20_eur_SIG16_AUC.regenie]
* [result/06_step2/sig_weight_eur_step2.chr20_eur_SIG17_AUC.regenie]
* [result/06_step2/sig_weight_eur_step2.chr20_eur_SIG18_AUC.regenie]
* [result/06_step2/sig_weight_eur_step2.chr20_eur_SIG19_AUC.regenie]
* [result/06_step2/sig_weight_eur_step2.chr20_eur_SIG20_AUC.regenie]

Number of ignored tests due to low MAC or info score : 0

Elapsed time : 1533.02s
End time: Wed Dec 17 07:31:22 2025

