Start time: Wed Dec 17 07:05:46 2025

              |=============================|
              |      REGENIE v3.2.5.gz      |
              |=============================|

Copyright (c) 2020-2022 Joelle Mbatchou, Andrey Ziyatdinov and Jonathan Marchini.
Distributed under the MIT License.
Compiled with Boost Iostream library.
Using Intel MKL with Eigen.

Log of output saved in file : result/06_step2/sig_weight_eur_step2.chr14_eur.log

Options in effect:
  --step 2 \
  --bgen /broad/ukbb/imputed_v3/ukb_imp_chr14_v3.bgen \
  --sample /medpop/esp2/pradeep/UKBiobank/v3data/ukb7089_imp_chr3_v3_s487395.sample \
  --ref-first \
  --extract ../data/step2/var.chr14_eur.list.snplist \
  --keep ../data/sample_list_eur.txt \
  --covarFile ../data/sig_weight_cov_file.tsv \
  --phenoFile /medpop/esp2/tnakao/analyses/projects/collab/Sarah_signature_weights_GWAS/import/signature_auc_phenotypes_last.txt \
  --bsize 200 \
  --threads 4 \
  --qt \
  --catCovarList genotyping_array,Inferred_Gender \
  --pred result/04_step1/sig_weight_eur_step1_pred.list \
  --minINFO 0.7 \
  --out result/06_step2/sig_weight_eur_step2.chr14_eur

Association testing mode with fast multithreading using OpenMP
 * bgen             : [/broad/ukbb/imputed_v3/ukb_imp_chr14_v3.bgen]
   -summary : bgen file (v1.2 layout, zlib compressed) with 487409 anonymous samples and 3037521 variants with 8-bit encoding.
   -index bgi file [/broad/ukbb/imputed_v3/ukb_imp_chr14_v3.bgen.bgi]
   -keeping variants specified by --extract
   -number of variants remaining in the analysis = 210481
   -sample file: /medpop/esp2/pradeep/UKBiobank/v3data/ukb7089_imp_chr3_v3_s487395.sample
   -keeping only individuals specified by --keep
   -number of genotyped individuals remaining in the analysis = 361171
 * phenotypes       : [/medpop/esp2/tnakao/analyses/projects/collab/Sarah_signature_weights_GWAS/import/signature_auc_phenotypes_last.txt] n_pheno = 21
   -number of phenotyped individuals  = 361171
 * covariates       : [../data/sig_weight_cov_file.tsv] n_cov = 13
   -number of individuals with covariate data = 361171
 * number of individuals used in analysis = 361171
 * number of observations for each trait:
   - 'SIG0_AUC': 361171 observations
   - 'SIG1_AUC': 361171 observations
   - 'SIG2_AUC': 361171 observations
   - 'SIG3_AUC': 361171 observations
   - 'SIG4_AUC': 361171 observations
   - 'SIG5_AUC': 361171 observations
   - 'SIG6_AUC': 361171 observations
   - 'SIG7_AUC': 361171 observations
   - 'SIG8_AUC': 361171 observations
   - 'SIG9_AUC': 361171 observations
   - 'SIG10_AUC': 361171 observations
   - 'SIG11_AUC': 361171 observations
   - 'SIG12_AUC': 361171 observations
   - 'SIG13_AUC': 361171 observations
   - 'SIG14_AUC': 361171 observations
   - 'SIG15_AUC': 361171 observations
   - 'SIG16_AUC': 361171 observations
   - 'SIG17_AUC': 361171 observations
   - 'SIG18_AUC': 361171 observations
   - 'SIG19_AUC': 361171 observations
   - 'SIG20_AUC': 361171 observations
 * LOCO predictions : [result/04_step1/sig_weight_eur_step1_pred.list]
   -file [/medpop/esp2/tnakao/analyses/projects/collab/Sarah_signature_weights_GWAS/96_last_250319/result/04_step1/sig_weight_eur_step1_1.loco] for phenotype 'SIG0_AUC'
   -file [/medpop/esp2/tnakao/analyses/projects/collab/Sarah_signature_weights_GWAS/96_last_250319/result/04_step1/sig_weight_eur_step1_2.loco] for phenotype 'SIG1_AUC'
   -file [/medpop/esp2/tnakao/analyses/projects/collab/Sarah_signature_weights_GWAS/96_last_250319/result/04_step1/sig_weight_eur_step1_3.loco] for phenotype 'SIG2_AUC'
   -file [/medpop/esp2/tnakao/analyses/projects/collab/Sarah_signature_weights_GWAS/96_last_250319/result/04_step1/sig_weight_eur_step1_4.loco] for phenotype 'SIG3_AUC'
   -file [/medpop/esp2/tnakao/analyses/projects/collab/Sarah_signature_weights_GWAS/96_last_250319/result/04_step1/sig_weight_eur_step1_5.loco] for phenotype 'SIG4_AUC'
   -file [/medpop/esp2/tnakao/analyses/projects/collab/Sarah_signature_weights_GWAS/96_last_250319/result/04_step1/sig_weight_eur_step1_6.loco] for phenotype 'SIG5_AUC'
   -file [/medpop/esp2/tnakao/analyses/projects/collab/Sarah_signature_weights_GWAS/96_last_250319/result/04_step1/sig_weight_eur_step1_7.loco] for phenotype 'SIG6_AUC'
   -file [/medpop/esp2/tnakao/analyses/projects/collab/Sarah_signature_weights_GWAS/96_last_250319/result/04_step1/sig_weight_eur_step1_8.loco] for phenotype 'SIG7_AUC'
   -file [/medpop/esp2/tnakao/analyses/projects/collab/Sarah_signature_weights_GWAS/96_last_250319/result/04_step1/sig_weight_eur_step1_9.loco] for phenotype 'SIG8_AUC'
   -file [/medpop/esp2/tnakao/analyses/projects/collab/Sarah_signature_weights_GWAS/96_last_250319/result/04_step1/sig_weight_eur_step1_10.loco] for phenotype 'SIG9_AUC'
   -file [/medpop/esp2/tnakao/analyses/projects/collab/Sarah_signature_weights_GWAS/96_last_250319/result/04_step1/sig_weight_eur_step1_11.loco] for phenotype 'SIG10_AUC'
   -file [/medpop/esp2/tnakao/analyses/projects/collab/Sarah_signature_weights_GWAS/96_last_250319/result/04_step1/sig_weight_eur_step1_12.loco] for phenotype 'SIG11_AUC'
   -file [/medpop/esp2/tnakao/analyses/projects/collab/Sarah_signature_weights_GWAS/96_last_250319/result/04_step1/sig_weight_eur_step1_13.loco] for phenotype 'SIG12_AUC'
   -file [/medpop/esp2/tnakao/analyses/projects/collab/Sarah_signature_weights_GWAS/96_last_250319/result/04_step1/sig_weight_eur_step1_14.loco] for phenotype 'SIG13_AUC'
   -file [/medpop/esp2/tnakao/analyses/projects/collab/Sarah_signature_weights_GWAS/96_last_250319/result/04_step1/sig_weight_eur_step1_15.loco] for phenotype 'SIG14_AUC'
   -file [/medpop/esp2/tnakao/analyses/projects/collab/Sarah_signature_weights_GWAS/96_last_250319/result/04_step1/sig_weight_eur_step1_16.loco] for phenotype 'SIG15_AUC'
   -file [/medpop/esp2/tnakao/analyses/projects/collab/Sarah_signature_weights_GWAS/96_last_250319/result/04_step1/sig_weight_eur_step1_17.loco] for phenotype 'SIG16_AUC'
   -file [/medpop/esp2/tnakao/analyses/projects/collab/Sarah_signature_weights_GWAS/96_last_250319/result/04_step1/sig_weight_eur_step1_18.loco] for phenotype 'SIG17_AUC'
   -file [/medpop/esp2/tnakao/analyses/projects/collab/Sarah_signature_weights_GWAS/96_last_250319/result/04_step1/sig_weight_eur_step1_19.loco] for phenotype 'SIG18_AUC'
   -file [/medpop/esp2/tnakao/analyses/projects/collab/Sarah_signature_weights_GWAS/96_last_250319/result/04_step1/sig_weight_eur_step1_20.loco] for phenotype 'SIG19_AUC'
   -file [/medpop/esp2/tnakao/analyses/projects/collab/Sarah_signature_weights_GWAS/96_last_250319/result/04_step1/sig_weight_eur_step1_21.loco] for phenotype 'SIG20_AUC'
   -residualizing and scaling phenotypes...done (60ms) 
 * # threads        : [4]
 * block size       : [200]
 * # blocks         : [1053]
 * approximate memory usage : 2GB
 * using minimum MAC of 5 (variants with lower MAC are ignored)
 * using minimum imputation info score of 0.7 (variants with lower info score are ignored)

Chromosome 14 [1053 blocks in total]
   -reading loco predictions for the chromosome...done (10590ms) 
 block [1/1053] : done (2230ms) 
 block [2/1053] : done (1973ms) 
 block [3/1053] : done (1920ms) 
 block [4/1053] : done (2106ms) 
 block [5/1053] : done (1956ms) 
 block [6/1053] : done (2043ms) 
 block [7/1053] : done (2121ms) 
 block [8/1053] : done (2091ms) 
 block [9/1053] : done (2222ms) 
 block [10/1053] : done (2244ms) 
 block [11/1053] : done (2266ms) 
 block [12/1053] : done (2212ms) 
 block [13/1053] : done (2161ms) 
 block [14/1053] : done (2160ms) 
 block [15/1053] : done (2257ms) 
 block [16/1053] : done (2245ms) 
 block [17/1053] : done (2247ms) 
 block [18/1053] : done (2288ms) 
 block [19/1053] : done (2254ms) 
 block [20/1053] : done (2154ms) 
 block [21/1053] : done (2155ms) 
 block [22/1053] : done (2124ms) 
 block [23/1053] : done (1997ms) 
 block [24/1053] : done (1976ms) 
 block [25/1053] : done (1963ms) 
 block [26/1053] : done (1972ms) 
 block [27/1053] : done (1963ms) 
 block [28/1053] : done (2000ms) 
 block [29/1053] : done (1956ms) 
 block [30/1053] : done (2001ms) 
 block [31/1053] : done (1996ms) 
 block [32/1053] : done (1901ms) 
 block [33/1053] : done (1843ms) 
 block [34/1053] : done (1919ms) 
 block [35/1053] : done (1957ms) 
 block [36/1053] : done (1990ms) 
 block [37/1053] : done (1930ms) 
 block [38/1053] : done (2086ms) 
 block [39/1053] : done (2089ms) 
 block [40/1053] : done (1882ms) 
 block [41/1053] : done (2081ms) 
 block [42/1053] : done (2025ms) 
 block [43/1053] : done (2089ms) 
 block [44/1053] : done (2072ms) 
 block [45/1053] : done (2104ms) 
 block [46/1053] : done (2149ms) 
 block [47/1053] : done (2109ms) 
 block [48/1053] : done (2181ms) 
 block [49/1053] : done (2052ms) 
 block [50/1053] : done (2113ms) 
 block [51/1053] : done (2091ms) 
 block [52/1053] : done (2029ms) 
 block [53/1053] : done (1986ms) 
 block [54/1053] : done (1950ms) 
 block [55/1053] : done (2041ms) 
 block [56/1053] : done (2135ms) 
 block [57/1053] : done (2055ms) 
 block [58/1053] : done (1963ms) 
 block [59/1053] : done (1964ms) 
 block [60/1053] : done (1871ms) 
 block [61/1053] : done (1876ms) 
 block [62/1053] : done (1921ms) 
 block [63/1053] : done (1950ms) 
 block [64/1053] : done (1876ms) 
 block [65/1053] : done (1872ms) 
 block [66/1053] : done (1855ms) 
 block [67/1053] : done (1860ms) 
 block [68/1053] : done (1841ms) 
 block [69/1053] : done (1861ms) 
 block [70/1053] : done (1928ms) 
 block [71/1053] : done (1901ms) 
 block [72/1053] : done (1957ms) 
 block [73/1053] : done (1958ms) 
 block [74/1053] : done (1991ms) 
 block [75/1053] : done (1896ms) 
 block [76/1053] : done (1995ms) 
 block [77/1053] : done (2143ms) 
 block [78/1053] : done (2161ms) 
 block [79/1053] : done (2190ms) 
 block [80/1053] : done (2169ms) 
 block [81/1053] : done (1988ms) 
 block [82/1053] : done (1950ms) 
 block [83/1053] : done (2018ms) 
 block [84/1053] : done (1958ms) 
 block [85/1053] : done (1956ms) 
 block [86/1053] : done (1976ms) 
 block [87/1053] : done (1936ms) 
 block [88/1053] : done (1941ms) 
 block [89/1053] : done (1934ms) 
 block [90/1053] : done (1946ms) 
 block [91/1053] : done (1976ms) 
 block [92/1053] : done (1880ms) 
 block [93/1053] : done (1910ms) 
 block [94/1053] : done (2065ms) 
 block [95/1053] : done (1988ms) 
 block [96/1053] : done (1956ms) 
 block [97/1053] : done (2029ms) 
 block [98/1053] : done (1998ms) 
 block [99/1053] : done (2051ms) 
 block [100/1053] : done (1882ms) 
 block [101/1053] : done (1948ms) 
 block [102/1053] : done (1910ms) 
 block [103/1053] : done (1926ms) 
 block [104/1053] : done (1973ms) 
 block [105/1053] : done (1995ms) 
 block [106/1053] : done (1953ms) 
 block [107/1053] : done (2004ms) 
 block [108/1053] : done (1953ms) 
 block [109/1053] : done (1961ms) 
 block [110/1053] : done (1980ms) 
 block [111/1053] : done (1915ms) 
 block [112/1053] : done (1915ms) 
 block [113/1053] : done (1922ms) 
 block [114/1053] : done (2049ms) 
 block [115/1053] : done (2129ms) 
 block [116/1053] : done (2027ms) 
 block [117/1053] : done (1901ms) 
 block [118/1053] : done (1985ms) 
 block [119/1053] : done (2237ms) 
 block [120/1053] : done (2111ms) 
 block [121/1053] : done (2029ms) 
 block [122/1053] : done (2022ms) 
 block [123/1053] : done (1991ms) 
 block [124/1053] : done (1953ms) 
 block [125/1053] : done (2024ms) 
 block [126/1053] : done (2010ms) 
 block [127/1053] : done (1981ms) 
 block [128/1053] : done (1964ms) 
 block [129/1053] : done (2057ms) 
 block [130/1053] : done (2012ms) 
 block [131/1053] : done (1875ms) 
 block [132/1053] : done (1979ms) 
 block [133/1053] : done (1933ms) 
 block [134/1053] : done (1975ms) 
 block [135/1053] : done (2081ms) 
 block [136/1053] : done (2029ms) 
 block [137/1053] : done (2054ms) 
 block [138/1053] : done (1975ms) 
 block [139/1053] : done (1972ms) 
 block [140/1053] : done (1923ms) 
 block [141/1053] : done (1950ms) 
 block [142/1053] : done (1960ms) 
 block [143/1053] : done (1988ms) 
 block [144/1053] : done (2005ms) 
 block [145/1053] : done (2049ms) 
 block [146/1053] : done (1929ms) 
 block [147/1053] : done (1907ms) 
 block [148/1053] : done (1979ms) 
 block [149/1053] : done (2039ms) 
 block [150/1053] : done (2012ms) 
 block [151/1053] : done (2071ms) 
 block [152/1053] : done (2053ms) 
 block [153/1053] : done (2052ms) 
 block [154/1053] : done (2018ms) 
 block [155/1053] : done (1922ms) 
 block [156/1053] : done (1966ms) 
 block [157/1053] : done (1991ms) 
 block [158/1053] : done (2010ms) 
 block [159/1053] : done (2029ms) 
 block [160/1053] : done (2026ms) 
 block [161/1053] : done (2023ms) 
 block [162/1053] : done (1980ms) 
 block [163/1053] : done (1925ms) 
 block [164/1053] : done (2033ms) 
 block [165/1053] : done (1931ms) 
 block [166/1053] : done (2034ms) 
 block [167/1053] : done (1985ms) 
 block [168/1053] : done (2025ms) 
 block [169/1053] : done (2062ms) 
 block [170/1053] : done (2027ms) 
 block [171/1053] : done (2054ms) 
 block [172/1053] : done (1949ms) 
 block [173/1053] : done (1906ms) 
 block [174/1053] : done (1915ms) 
 block [175/1053] : done (1886ms) 
 block [176/1053] : done (1936ms) 
 block [177/1053] : done (1961ms) 
 block [178/1053] : done (1961ms) 
 block [179/1053] : done (1907ms) 
 block [180/1053] : done (1983ms) 
 block [181/1053] : done (1926ms) 
 block [182/1053] : done (1962ms) 
 block [183/1053] : done (1980ms) 
 block [184/1053] : done (2032ms) 
 block [185/1053] : done (2109ms) 
 block [186/1053] : done (2114ms) 
 block [187/1053] : done (2139ms) 
 block [188/1053] : done (2105ms) 
 block [189/1053] : done (2147ms) 
 block [190/1053] : done (2030ms) 
 block [191/1053] : done (1955ms) 
 block [192/1053] : done (1973ms) 
 block [193/1053] : done (1973ms) 
 block [194/1053] : done (1999ms) 
 block [195/1053] : done (1956ms) 
 block [196/1053] : done (1936ms) 
 block [197/1053] : done (1988ms) 
 block [198/1053] : done (1943ms) 
 block [199/1053] : done (1916ms) 
 block [200/1053] : done (1938ms) 
 block [201/1053] : done (1880ms) 
 block [202/1053] : done (1881ms) 
 block [203/1053] : done (1935ms) 
 block [204/1053] : done (1903ms) 
 block [205/1053] : done (1903ms) 
 block [206/1053] : done (1918ms) 
 block [207/1053] : done (1948ms) 
 block [208/1053] : done (1958ms) 
 block [209/1053] : done (1943ms) 
 block [210/1053] : done (2040ms) 
 block [211/1053] : done (2073ms) 
 block [212/1053] : done (2012ms) 
 block [213/1053] : done (1959ms) 
 block [214/1053] : done (2050ms) 
 block [215/1053] : done (2029ms) 
 block [216/1053] : done (1972ms) 
 block [217/1053] : done (1950ms) 
 block [218/1053] : done (1999ms) 
 block [219/1053] : done (2072ms) 
 block [220/1053] : done (1946ms) 
 block [221/1053] : done (1984ms) 
 block [222/1053] : done (1992ms) 
 block [223/1053] : done (1951ms) 
 block [224/1053] : done (1974ms) 
 block [225/1053] : done (2077ms) 
 block [226/1053] : done (2095ms) 
 block [227/1053] : done (2047ms) 
 block [228/1053] : done (1974ms) 
 block [229/1053] : done (1945ms) 
 block [230/1053] : done (1948ms) 
 block [231/1053] : done (2235ms) 
 block [232/1053] : done (2189ms) 
 block [233/1053] : done (2047ms) 
 block [234/1053] : done (1992ms) 
 block [235/1053] : done (1980ms) 
 block [236/1053] : done (1946ms) 
 block [237/1053] : done (2061ms) 
 block [238/1053] : done (2104ms) 
 block [239/1053] : done (2087ms) 
 block [240/1053] : done (2079ms) 
 block [241/1053] : done (2114ms) 
 block [242/1053] : done (2139ms) 
 block [243/1053] : done (2048ms) 
 block [244/1053] : done (2074ms) 
 block [245/1053] : done (1975ms) 
 block [246/1053] : done (1946ms) 
 block [247/1053] : done (1975ms) 
 block [248/1053] : done (2034ms) 
 block [249/1053] : done (2034ms) 
 block [250/1053] : done (1996ms) 
 block [251/1053] : done (1887ms) 
 block [252/1053] : done (1865ms) 
 block [253/1053] : done (1898ms) 
 block [254/1053] : done (1883ms) 
 block [255/1053] : done (1885ms) 
 block [256/1053] : done (1852ms) 
 block [257/1053] : done (1888ms) 
 block [258/1053] : done (1946ms) 
 block [259/1053] : done (1975ms) 
 block [260/1053] : done (2082ms) 
 block [261/1053] : done (2111ms) 
 block [262/1053] : done (2134ms) 
 block [263/1053] : done (2069ms) 
 block [264/1053] : done (2054ms) 
 block [265/1053] : done (2021ms) 
 block [266/1053] : done (2066ms) 
 block [267/1053] : done (2055ms) 
 block [268/1053] : done (1936ms) 
 block [269/1053] : done (1959ms) 
 block [270/1053] : done (1947ms) 
 block [271/1053] : done (1965ms) 
 block [272/1053] : done (1992ms) 
 block [273/1053] : done (1977ms) 
 block [274/1053] : done (1958ms) 
 block [275/1053] : done (1978ms) 
 block [276/1053] : done (2010ms) 
 block [277/1053] : done (1996ms) 
 block [278/1053] : done (2006ms) 
 block [279/1053] : done (2119ms) 
 block [280/1053] : done (2046ms) 
 block [281/1053] : done (1973ms) 
 block [282/1053] : done (1953ms) 
 block [283/1053] : done (1909ms) 
 block [284/1053] : done (1966ms) 
 block [285/1053] : done (1932ms) 
 block [286/1053] : done (1895ms) 
 block [287/1053] : done (1882ms) 
 block [288/1053] : done (1907ms) 
 block [289/1053] : done (1950ms) 
 block [290/1053] : done (1858ms) 
 block [291/1053] : done (1952ms) 
 block [292/1053] : done (1917ms) 
 block [293/1053] : done (1925ms) 
 block [294/1053] : done (1956ms) 
 block [295/1053] : done (1927ms) 
 block [296/1053] : done (1969ms) 
 block [297/1053] : done (1993ms) 
 block [298/1053] : done (1980ms) 
 block [299/1053] : done (1987ms) 
 block [300/1053] : done (1995ms) 
 block [301/1053] : done (1983ms) 
 block [302/1053] : done (1970ms) 
 block [303/1053] : done (1974ms) 
 block [304/1053] : done (2059ms) 
 block [305/1053] : done (1980ms) 
 block [306/1053] : done (1948ms) 
 block [307/1053] : done (1904ms) 
 block [308/1053] : done (2012ms) 
 block [309/1053] : done (1974ms) 
 block [310/1053] : done (1944ms) 
 block [311/1053] : done (1895ms) 
 block [312/1053] : done (1900ms) 
 block [313/1053] : done (1862ms) 
 block [314/1053] : done (1955ms) 
 block [315/1053] : done (1967ms) 
 block [316/1053] : done (2016ms) 
 block [317/1053] : done (1999ms) 
 block [318/1053] : done (2050ms) 
 block [319/1053] : done (2120ms) 
 block [320/1053] : done (2049ms) 
 block [321/1053] : done (2003ms) 
 block [322/1053] : done (2025ms) 
 block [323/1053] : done (2038ms) 
 block [324/1053] : done (2051ms) 
 block [325/1053] : done (2023ms) 
 block [326/1053] : done (2038ms) 
 block [327/1053] : done (2103ms) 
 block [328/1053] : done (2174ms) 
 block [329/1053] : done (2032ms) 
 block [330/1053] : done (1966ms) 
 block [331/1053] : done (1966ms) 
 block [332/1053] : done (1962ms) 
 block [333/1053] : done (1991ms) 
 block [334/1053] : done (1963ms) 
 block [335/1053] : done (1976ms) 
 block [336/1053] : done (2013ms) 
 block [337/1053] : done (1951ms) 
 block [338/1053] : done (2006ms) 
 block [339/1053] : done (2006ms) 
 block [340/1053] : done (1952ms) 
 block [341/1053] : done (1926ms) 
 block [342/1053] : done (1901ms) 
 block [343/1053] : done (1939ms) 
 block [344/1053] : done (1875ms) 
 block [345/1053] : done (1858ms) 
 block [346/1053] : done (1876ms) 
 block [347/1053] : done (1914ms) 
 block [348/1053] : done (1904ms) 
 block [349/1053] : done (1972ms) 
 block [350/1053] : done (1943ms) 
 block [351/1053] : done (1885ms) 
 block [352/1053] : done (1915ms) 
 block [353/1053] : done (1921ms) 
 block [354/1053] : done (1961ms) 
 block [355/1053] : done (1925ms) 
 block [356/1053] : done (1965ms) 
 block [357/1053] : done (1953ms) 
 block [358/1053] : done (1911ms) 
 block [359/1053] : done (1895ms) 
 block [360/1053] : done (1954ms) 
 block [361/1053] : done (1984ms) 
 block [362/1053] : done (1901ms) 
 block [363/1053] : done (1942ms) 
 block [364/1053] : done (1906ms) 
 block [365/1053] : done (2017ms) 
 block [366/1053] : done (1997ms) 
 block [367/1053] : done (2073ms) 
 block [368/1053] : done (2077ms) 
 block [369/1053] : done (2110ms) 
 block [370/1053] : done (2127ms) 
 block [371/1053] : done (1972ms) 
 block [372/1053] : done (2011ms) 
 block [373/1053] : done (2055ms) 
 block [374/1053] : done (1950ms) 
 block [375/1053] : done (1940ms) 
 block [376/1053] : done (1996ms) 
 block [377/1053] : done (1883ms) 
 block [378/1053] : done (2024ms) 
 block [379/1053] : done (2030ms) 
 block [380/1053] : done (1995ms) 
 block [381/1053] : done (1981ms) 
 block [382/1053] : done (2015ms) 
 block [383/1053] : done (2128ms) 
 block [384/1053] : done (2013ms) 
 block [385/1053] : done (2023ms) 
 block [386/1053] : done (1933ms) 
 block [387/1053] : done (2024ms) 
 block [388/1053] : done (1973ms) 
 block [389/1053] : done (2059ms) 
 block [390/1053] : done (2161ms) 
 block [391/1053] : done (2191ms) 
 block [392/1053] : done (2170ms) 
 block [393/1053] : done (2292ms) 
 block [394/1053] : done (2290ms) 
 block [395/1053] : done (1947ms) 
 block [396/1053] : done (1991ms) 
 block [397/1053] : done (1953ms) 
 block [398/1053] : done (1925ms) 
 block [399/1053] : done (1896ms) 
 block [400/1053] : done (1952ms) 
 block [401/1053] : done (1897ms) 
 block [402/1053] : done (1955ms) 
 block [403/1053] : done (1965ms) 
 block [404/1053] : done (1888ms) 
 block [405/1053] : done (1879ms) 
 block [406/1053] : done (1953ms) 
 block [407/1053] : done (1881ms) 
 block [408/1053] : done (1913ms) 
 block [409/1053] : done (1999ms) 
 block [410/1053] : done (1981ms) 
 block [411/1053] : done (2085ms) 
 block [412/1053] : done (1965ms) 
 block [413/1053] : done (1968ms) 
 block [414/1053] : done (2034ms) 
 block [415/1053] : done (1975ms) 
 block [416/1053] : done (2041ms) 
 block [417/1053] : done (2013ms) 
 block [418/1053] : done (1961ms) 
 block [419/1053] : done (2062ms) 
 block [420/1053] : done (2039ms) 
 block [421/1053] : done (1949ms) 
 block [422/1053] : done (1941ms) 
 block [423/1053] : done (1876ms) 
 block [424/1053] : done (1979ms) 
 block [425/1053] : done (2102ms) 
 block [426/1053] : done (2201ms) 
 block [427/1053] : done (2206ms) 
 block [428/1053] : done (2171ms) 
 block [429/1053] : done (2070ms) 
 block [430/1053] : done (2087ms) 
 block [431/1053] : done (1962ms) 
 block [432/1053] : done (2115ms) 
 block [433/1053] : done (1970ms) 
 block [434/1053] : done (2009ms) 
 block [435/1053] : done (1929ms) 
 block [436/1053] : done (1952ms) 
 block [437/1053] : done (1955ms) 
 block [438/1053] : done (1959ms) 
 block [439/1053] : done (1898ms) 
 block [440/1053] : done (1928ms) 
 block [441/1053] : done (1974ms) 
 block [442/1053] : done (1990ms) 
 block [443/1053] : done (1990ms) 
 block [444/1053] : done (2007ms) 
 block [445/1053] : done (1993ms) 
 block [446/1053] : done (1955ms) 
 block [447/1053] : done (1910ms) 
 block [448/1053] : done (1981ms) 
 block [449/1053] : done (1953ms) 
 block [450/1053] : done (1957ms) 
 block [451/1053] : done (1944ms) 
 block [452/1053] : done (1928ms) 
 block [453/1053] : done (1966ms) 
 block [454/1053] : done (1982ms) 
 block [455/1053] : done (1978ms) 
 block [456/1053] : done (2042ms) 
 block [457/1053] : done (2108ms) 
 block [458/1053] : done (2065ms) 
 block [459/1053] : done (1943ms) 
 block [460/1053] : done (1919ms) 
 block [461/1053] : done (1974ms) 
 block [462/1053] : done (1970ms) 
 block [463/1053] : done (1960ms) 
 block [464/1053] : done (1997ms) 
 block [465/1053] : done (2050ms) 
 block [466/1053] : done (1934ms) 
 block [467/1053] : done (1974ms) 
 block [468/1053] : done (1988ms) 
 block [469/1053] : done (1999ms) 
 block [470/1053] : done (2046ms) 
 block [471/1053] : done (1965ms) 
 block [472/1053] : done (2000ms) 
 block [473/1053] : done (1920ms) 
 block [474/1053] : done (1941ms) 
 block [475/1053] : done (1966ms) 
 block [476/1053] : done (2003ms) 
 block [477/1053] : done (1924ms) 
 block [478/1053] : done (1924ms) 
 block [479/1053] : done (1903ms) 
 block [480/1053] : done (1958ms) 
 block [481/1053] : done (1953ms) 
 block [482/1053] : done (1916ms) 
 block [483/1053] : done (1929ms) 
 block [484/1053] : done (1909ms) 
 block [485/1053] : done (1845ms) 
 block [486/1053] : done (1859ms) 
 block [487/1053] : done (1881ms) 
 block [488/1053] : done (1975ms) 
 block [489/1053] : done (1900ms) 
 block [490/1053] : done (1873ms) 
 block [491/1053] : done (1863ms) 
 block [492/1053] : done (1879ms) 
 block [493/1053] : done (2022ms) 
 block [494/1053] : done (2121ms) 
 block [495/1053] : done (1928ms) 
 block [496/1053] : done (2007ms) 
 block [497/1053] : done (2138ms) 
 block [498/1053] : done (1976ms) 
 block [499/1053] : done (1919ms) 
 block [500/1053] : done (1898ms) 
 block [501/1053] : done (1976ms) 
 block [502/1053] : done (2218ms) 
 block [503/1053] : done (2061ms) 
 block [504/1053] : done (2063ms) 
 block [505/1053] : done (2102ms) 
 block [506/1053] : done (2249ms) 
 block [507/1053] : done (2190ms) 
 block [508/1053] : done (2219ms) 
 block [509/1053] : done (2107ms) 
 block [510/1053] : done (2059ms) 
 block [511/1053] : done (2058ms) 
 block [512/1053] : done (2067ms) 
 block [513/1053] : done (2067ms) 
 block [514/1053] : done (2003ms) 
 block [515/1053] : done (2013ms) 
 block [516/1053] : done (2017ms) 
 block [517/1053] : done (1960ms) 
 block [518/1053] : done (1971ms) 
 block [519/1053] : done (1908ms) 
 block [520/1053] : done (1950ms) 
 block [521/1053] : done (1983ms) 
 block [522/1053] : done (2023ms) 
 block [523/1053] : done (1955ms) 
 block [524/1053] : done (2002ms) 
 block [525/1053] : done (1927ms) 
 block [526/1053] : done (2023ms) 
 block [527/1053] : done (1915ms) 
 block [528/1053] : done (1953ms) 
 block [529/1053] : done (1992ms) 
 block [530/1053] : done (2012ms) 
 block [531/1053] : done (2071ms) 
 block [532/1053] : done (1980ms) 
 block [533/1053] : done (1990ms) 
 block [534/1053] : done (1986ms) 
 block [535/1053] : done (1959ms) 
 block [536/1053] : done (2002ms) 
 block [537/1053] : done (1999ms) 
 block [538/1053] : done (1991ms) 
 block [539/1053] : done (1954ms) 
 block [540/1053] : done (1984ms) 
 block [541/1053] : done (1914ms) 
 block [542/1053] : done (1924ms) 
 block [543/1053] : done (2083ms) 
 block [544/1053] : done (1960ms) 
 block [545/1053] : done (1997ms) 
 block [546/1053] : done (1978ms) 
 block [547/1053] : done (1910ms) 
 block [548/1053] : done (1960ms) 
 block [549/1053] : done (1965ms) 
 block [550/1053] : done (2071ms) 
 block [551/1053] : done (1977ms) 
 block [552/1053] : done (1943ms) 
 block [553/1053] : done (1886ms) 
 block [554/1053] : done (1862ms) 
 block [555/1053] : done (1837ms) 
 block [556/1053] : done (1871ms) 
 block [557/1053] : done (1894ms) 
 block [558/1053] : done (2020ms) 
 block [559/1053] : done (1994ms) 
 block [560/1053] : done (1898ms) 
 block [561/1053] : done (1918ms) 
 block [562/1053] : done (1933ms) 
 block [563/1053] : done (1965ms) 
 block [564/1053] : done (2074ms) 
 block [565/1053] : done (2043ms) 
 block [566/1053] : done (1954ms) 
 block [567/1053] : done (2028ms) 
 block [568/1053] : done (1996ms) 
 block [569/1053] : done (1943ms) 
 block [570/1053] : done (1964ms) 
 block [571/1053] : done (1927ms) 
 block [572/1053] : done (1866ms) 
 block [573/1053] : done (1861ms) 
 block [574/1053] : done (1845ms) 
 block [575/1053] : done (1856ms) 
 block [576/1053] : done (1834ms) 
 block [577/1053] : done (1839ms) 
 block [578/1053] : done (1888ms) 
 block [579/1053] : done (1839ms) 
 block [580/1053] : done (1901ms) 
 block [581/1053] : done (1876ms) 
 block [582/1053] : done (1967ms) 
 block [583/1053] : done (1925ms) 
 block [584/1053] : done (1981ms) 
 block [585/1053] : done (2037ms) 
 block [586/1053] : done (2088ms) 
 block [587/1053] : done (2078ms) 
 block [588/1053] : done (1987ms) 
 block [589/1053] : done (2008ms) 
 block [590/1053] : done (1938ms) 
 block [591/1053] : done (1983ms) 
 block [592/1053] : done (1942ms) 
 block [593/1053] : done (2001ms) 
 block [594/1053] : done (1984ms) 
 block [595/1053] : done (1939ms) 
 block [596/1053] : done (1923ms) 
 block [597/1053] : done (1954ms) 
 block [598/1053] : done (1912ms) 
 block [599/1053] : done (1943ms) 
 block [600/1053] : done (1923ms) 
 block [601/1053] : done (2016ms) 
 block [602/1053] : done (2099ms) 
 block [603/1053] : done (2041ms) 
 block [604/1053] : done (2061ms) 
 block [605/1053] : done (1975ms) 
 block [606/1053] : done (1972ms) 
 block [607/1053] : done (1985ms) 
 block [608/1053] : done (1946ms) 
 block [609/1053] : done (1923ms) 
 block [610/1053] : done (1978ms) 
 block [611/1053] : done (1976ms) 
 block [612/1053] : done (2066ms) 
 block [613/1053] : done (2058ms) 
 block [614/1053] : done (2065ms) 
 block [615/1053] : done (2078ms) 
 block [616/1053] : done (1914ms) 
 block [617/1053] : done (1883ms) 
 block [618/1053] : done (1873ms) 
 block [619/1053] : done (1969ms) 
 block [620/1053] : done (1972ms) 
 block [621/1053] : done (1941ms) 
 block [622/1053] : done (1947ms) 
 block [623/1053] : done (2011ms) 
 block [624/1053] : done (1936ms) 
 block [625/1053] : done (1851ms) 
 block [626/1053] : done (1863ms) 
 block [627/1053] : done (1885ms) 
 block [628/1053] : done (1923ms) 
 block [629/1053] : done (1934ms) 
 block [630/1053] : done (1971ms) 
 block [631/1053] : done (2088ms) 
 block [632/1053] : done (1963ms) 
 block [633/1053] : done (1926ms) 
 block [634/1053] : done (1945ms) 
 block [635/1053] : done (1884ms) 
 block [636/1053] : done (1928ms) 
 block [637/1053] : done (1939ms) 
 block [638/1053] : done (1854ms) 
 block [639/1053] : done (1870ms) 
 block [640/1053] : done (1979ms) 
 block [641/1053] : done (2037ms) 
 block [642/1053] : done (2142ms) 
 block [643/1053] : done (2021ms) 
 block [644/1053] : done (2119ms) 
 block [645/1053] : done (1979ms) 
 block [646/1053] : done (1947ms) 
 block [647/1053] : done (1942ms) 
 block [648/1053] : done (1946ms) 
 block [649/1053] : done (1941ms) 
 block [650/1053] : done (2090ms) 
 block [651/1053] : done (2110ms) 
 block [652/1053] : done (2161ms) 
 block [653/1053] : done (2097ms) 
 block [654/1053] : done (2153ms) 
 block [655/1053] : done (2153ms) 
 block [656/1053] : done (2138ms) 
 block [657/1053] : done (2166ms) 
 block [658/1053] : done (2163ms) 
 block [659/1053] : done (2118ms) 
 block [660/1053] : done (2057ms) 
 block [661/1053] : done (1979ms) 
 block [662/1053] : done (2014ms) 
 block [663/1053] : done (1892ms) 
 block [664/1053] : done (1930ms) 
 block [665/1053] : done (1946ms) 
 block [666/1053] : done (2021ms) 
 block [667/1053] : done (1964ms) 
 block [668/1053] : done (2018ms) 
 block [669/1053] : done (2026ms) 
 block [670/1053] : done (2081ms) 
 block [671/1053] : done (2091ms) 
 block [672/1053] : done (2071ms) 
 block [673/1053] : done (2036ms) 
 block [674/1053] : done (1919ms) 
 block [675/1053] : done (1963ms) 
 block [676/1053] : done (2068ms) 
 block [677/1053] : done (1919ms) 
 block [678/1053] : done (1907ms) 
 block [679/1053] : done (1933ms) 
 block [680/1053] : done (1943ms) 
 block [681/1053] : done (1954ms) 
 block [682/1053] : done (1940ms) 
 block [683/1053] : done (1926ms) 
 block [684/1053] : done (1955ms) 
 block [685/1053] : done (1992ms) 
 block [686/1053] : done (1911ms) 
 block [687/1053] : done (1981ms) 
 block [688/1053] : done (1930ms) 
 block [689/1053] : done (1975ms) 
 block [690/1053] : done (1893ms) 
 block [691/1053] : done (1922ms) 
 block [692/1053] : done (1954ms) 
 block [693/1053] : done (1962ms) 
 block [694/1053] : done (1948ms) 
 block [695/1053] : done (1994ms) 
 block [696/1053] : done (1976ms) 
 block [697/1053] : done (2005ms) 
 block [698/1053] : done (2046ms) 
 block [699/1053] : done (2059ms) 
 block [700/1053] : done (2096ms) 
 block [701/1053] : done (2078ms) 
 block [702/1053] : done (2092ms) 
 block [703/1053] : done (2089ms) 
 block [704/1053] : done (2000ms) 
 block [705/1053] : done (1887ms) 
 block [706/1053] : done (1859ms) 
 block [707/1053] : done (1893ms) 
 block [708/1053] : done (1900ms) 
 block [709/1053] : done (2043ms) 
 block [710/1053] : done (2041ms) 
 block [711/1053] : done (3116ms) 
 block [712/1053] : done (2126ms) 
 block [713/1053] : done (2123ms) 
 block [714/1053] : done (2015ms) 
 block [715/1053] : done (1958ms) 
 block [716/1053] : done (2479ms) 
 block [717/1053] : done (1997ms) 
 block [718/1053] : done (1949ms) 
 block [719/1053] : done (1993ms) 
 block [720/1053] : done (1914ms) 
 block [721/1053] : done (1957ms) 
 block [722/1053] : done (1992ms) 
 block [723/1053] : done (2058ms) 
 block [724/1053] : done (2003ms) 
 block [725/1053] : done (1953ms) 
 block [726/1053] : done (1949ms) 
 block [727/1053] : done (1953ms) 
 block [728/1053] : done (1997ms) 
 block [729/1053] : done (2057ms) 
 block [730/1053] : done (1977ms) 
 block [731/1053] : done (1938ms) 
 block [732/1053] : done (1949ms) 
 block [733/1053] : done (1980ms) 
 block [734/1053] : done (1893ms) 
 block [735/1053] : done (1983ms) 
 block [736/1053] : done (1969ms) 
 block [737/1053] : done (1967ms) 
 block [738/1053] : done (1938ms) 
 block [739/1053] : done (1915ms) 
 block [740/1053] : done (1896ms) 
 block [741/1053] : done (1929ms) 
 block [742/1053] : done (1947ms) 
 block [743/1053] : done (1990ms) 
 block [744/1053] : done (2042ms) 
 block [745/1053] : done (1952ms) 
 block [746/1053] : done (1947ms) 
 block [747/1053] : done (1930ms) 
 block [748/1053] : done (1915ms) 
 block [749/1053] : done (1920ms) 
 block [750/1053] : done (1934ms) 
 block [751/1053] : done (1892ms) 
 block [752/1053] : done (1906ms) 
 block [753/1053] : done (1894ms) 
 block [754/1053] : done (1894ms) 
 block [755/1053] : done (1909ms) 
 block [756/1053] : done (1894ms) 
 block [757/1053] : done (1884ms) 
 block [758/1053] : done (1858ms) 
 block [759/1053] : done (1884ms) 
 block [760/1053] : done (1860ms) 
 block [761/1053] : done (1884ms) 
 block [762/1053] : done (1879ms) 
 block [763/1053] : done (1906ms) 
 block [764/1053] : done (1879ms) 
 block [765/1053] : done (1858ms) 
 block [766/1053] : done (1871ms) 
 block [767/1053] : done (1851ms) 
 block [768/1053] : done (1846ms) 
 block [769/1053] : done (1854ms) 
 block [770/1053] : done (1868ms) 
 block [771/1053] : done (1887ms) 
 block [772/1053] : done (1884ms) 
 block [773/1053] : done (1912ms) 
 block [774/1053] : done (1879ms) 
 block [775/1053] : done (1994ms) 
 block [776/1053] : done (1937ms) 
 block [777/1053] : done (1938ms) 
 block [778/1053] : done (1958ms) 
 block [779/1053] : done (1955ms) 
 block [780/1053] : done (1864ms) 
 block [781/1053] : done (1837ms) 
 block [782/1053] : done (1858ms) 
 block [783/1053] : done (1968ms) 
 block [784/1053] : done (1907ms) 
 block [785/1053] : done (1859ms) 
 block [786/1053] : done (1939ms) 
 block [787/1053] : done (1967ms) 
 block [788/1053] : done (1915ms) 
 block [789/1053] : done (1883ms) 
 block [790/1053] : done (1941ms) 
 block [791/1053] : done (1948ms) 
 block [792/1053] : done (1952ms) 
 block [793/1053] : done (1886ms) 
 block [794/1053] : done (2059ms) 
 block [795/1053] : done (2161ms) 
 block [796/1053] : done (2058ms) 
 block [797/1053] : done (1988ms) 
 block [798/1053] : done (2093ms) 
 block [799/1053] : done (2090ms) 
 block [800/1053] : done (1977ms) 
 block [801/1053] : done (2004ms) 
 block [802/1053] : done (2030ms) 
 block [803/1053] : done (2050ms) 
 block [804/1053] : done (2089ms) 
 block [805/1053] : done (2156ms) 
 block [806/1053] : done (2029ms) 
 block [807/1053] : done (2020ms) 
 block [808/1053] : done (1906ms) 
 block [809/1053] : done (1903ms) 
 block [810/1053] : done (1950ms) 
 block [811/1053] : done (1886ms) 
 block [812/1053] : done (1912ms) 
 block [813/1053] : done (1931ms) 
 block [814/1053] : done (1944ms) 
 block [815/1053] : done (1872ms) 
 block [816/1053] : done (1901ms) 
 block [817/1053] : done (1912ms) 
 block [818/1053] : done (1913ms) 
 block [819/1053] : done (2083ms) 
 block [820/1053] : done (2202ms) 
 block [821/1053] : done (2060ms) 
 block [822/1053] : done (2207ms) 
 block [823/1053] : done (2212ms) 
 block [824/1053] : done (2135ms) 
 block [825/1053] : done (1994ms) 
 block [826/1053] : done (2060ms) 
 block [827/1053] : done (1901ms) 
 block [828/1053] : done (1826ms) 
 block [829/1053] : done (1879ms) 
 block [830/1053] : done (1871ms) 
 block [831/1053] : done (1868ms) 
 block [832/1053] : done (1875ms) 
 block [833/1053] : done (1909ms) 
 block [834/1053] : done (1956ms) 
 block [835/1053] : done (2147ms) 
 block [836/1053] : done (2233ms) 
 block [837/1053] : done (2201ms) 
 block [838/1053] : done (2231ms) 
 block [839/1053] : done (2134ms) 
 block [840/1053] : done (2234ms) 
 block [841/1053] : done (2133ms) 
 block [842/1053] : done (2226ms) 
 block [843/1053] : done (2208ms) 
 block [844/1053] : done (1912ms) 
 block [845/1053] : done (1969ms) 
 block [846/1053] : done (2059ms) 
 block [847/1053] : done (1990ms) 
 block [848/1053] : done (2161ms) 
 block [849/1053] : done (2211ms) 
 block [850/1053] : done (2275ms) 
 block [851/1053] : done (2262ms) 
 block [852/1053] : done (2069ms) 
 block [853/1053] : done (1911ms) 
 block [854/1053] : done (1925ms) 
 block [855/1053] : done (1848ms) 
 block [856/1053] : done (1871ms) 
 block [857/1053] : done (1912ms) 
 block [858/1053] : done (1915ms) 
 block [859/1053] : done (1987ms) 
 block [860/1053] : done (1956ms) 
 block [861/1053] : done (2089ms) 
 block [862/1053] : done (2079ms) 
 block [863/1053] : done (1991ms) 
 block [864/1053] : done (1941ms) 
 block [865/1053] : done (1925ms) 
 block [866/1053] : done (1951ms) 
 block [867/1053] : done (1968ms) 
 block [868/1053] : done (1965ms) 
 block [869/1053] : done (2002ms) 
 block [870/1053] : done (1906ms) 
 block [871/1053] : done (1900ms) 
 block [872/1053] : done (1955ms) 
 block [873/1053] : done (2021ms) 
 block [874/1053] : done (2119ms) 
 block [875/1053] : done (2095ms) 
 block [876/1053] : done (2177ms) 
 block [877/1053] : done (2173ms) 
 block [878/1053] : done (2028ms) 
 block [879/1053] : done (1919ms) 
 block [880/1053] : done (1931ms) 
 block [881/1053] : done (2023ms) 
 block [882/1053] : done (2032ms) 
 block [883/1053] : done (2096ms) 
 block [884/1053] : done (2007ms) 
 block [885/1053] : done (2020ms) 
 block [886/1053] : done (2062ms) 
 block [887/1053] : done (2121ms) 
 block [888/1053] : done (1987ms) 
 block [889/1053] : done (1877ms) 
 block [890/1053] : done (1935ms) 
 block [891/1053] : done (2003ms) 
 block [892/1053] : done (2085ms) 
 block [893/1053] : done (1937ms) 
 block [894/1053] : done (1963ms) 
 block [895/1053] : done (1939ms) 
 block [896/1053] : done (1875ms) 
 block [897/1053] : done (2007ms) 
 block [898/1053] : done (2039ms) 
 block [899/1053] : done (2125ms) 
 block [900/1053] : done (2052ms) 
 block [901/1053] : done (1999ms) 
 block [902/1053] : done (1943ms) 
 block [903/1053] : done (1960ms) 
 block [904/1053] : done (2052ms) 
 block [905/1053] : done (1970ms) 
 block [906/1053] : done (2056ms) 
 block [907/1053] : done (1949ms) 
 block [908/1053] : done (1935ms) 
 block [909/1053] : done (1903ms) 
 block [910/1053] : done (1887ms) 
 block [911/1053] : done (1892ms) 
 block [912/1053] : done (1881ms) 
 block [913/1053] : done (1917ms) 
 block [914/1053] : done (1956ms) 
 block [915/1053] : done (1919ms) 
 block [916/1053] : done (1960ms) 
 block [917/1053] : done (1941ms) 
 block [918/1053] : done (1926ms) 
 block [919/1053] : done (1917ms) 
 block [920/1053] : done (1936ms) 
 block [921/1053] : done (1901ms) 
 block [922/1053] : done (1889ms) 
 block [923/1053] : done (1960ms) 
 block [924/1053] : done (1992ms) 
 block [925/1053] : done (2045ms) 
 block [926/1053] : done (2020ms) 
 block [927/1053] : done (1972ms) 
 block [928/1053] : done (1942ms) 
 block [929/1053] : done (1921ms) 
 block [930/1053] : done (1951ms) 
 block [931/1053] : done (1973ms) 
 block [932/1053] : done (2040ms) 
 block [933/1053] : done (2001ms) 
 block [934/1053] : done (2068ms) 
 block [935/1053] : done (2109ms) 
 block [936/1053] : done (2134ms) 
 block [937/1053] : done (2029ms) 
 block [938/1053] : done (2001ms) 
 block [939/1053] : done (1944ms) 
 block [940/1053] : done (2058ms) 
 block [941/1053] : done (2039ms) 
 block [942/1053] : done (1896ms) 
 block [943/1053] : done (1904ms) 
 block [944/1053] : done (1872ms) 
 block [945/1053] : done (1922ms) 
 block [946/1053] : done (1981ms) 
 block [947/1053] : done (1891ms) 
 block [948/1053] : done (1876ms) 
 block [949/1053] : done (1927ms) 
 block [950/1053] : done (1906ms) 
 block [951/1053] : done (1912ms) 
 block [952/1053] : done (2082ms) 
 block [953/1053] : done (2111ms) 
 block [954/1053] : done (2052ms) 
 block [955/1053] : done (2012ms) 
 block [956/1053] : done (2093ms) 
 block [957/1053] : done (1974ms) 
 block [958/1053] : done (1879ms) 
 block [959/1053] : done (1955ms) 
 block [960/1053] : done (1910ms) 
 block [961/1053] : done (1895ms) 
 block [962/1053] : done (1901ms) 
 block [963/1053] : done (1898ms) 
 block [964/1053] : done (1889ms) 
 block [965/1053] : done (1889ms) 
 block [966/1053] : done (1909ms) 
 block [967/1053] : done (1909ms) 
 block [968/1053] : done (1880ms) 
 block [969/1053] : done (1929ms) 
 block [970/1053] : done (1858ms) 
 block [971/1053] : done (1870ms) 
 block [972/1053] : done (1903ms) 
 block [973/1053] : done (1906ms) 
 block [974/1053] : done (1886ms) 
 block [975/1053] : done (1892ms) 
 block [976/1053] : done (1934ms) 
 block [977/1053] : done (1969ms) 
 block [978/1053] : done (1955ms) 
 block [979/1053] : done (1896ms) 
 block [980/1053] : done (1930ms) 
 block [981/1053] : done (1943ms) 
 block [982/1053] : done (2080ms) 
 block [983/1053] : done (2094ms) 
 block [984/1053] : done (2017ms) 
 block [985/1053] : done (2052ms) 
 block [986/1053] : done (2075ms) 
 block [987/1053] : done (1972ms) 
 block [988/1053] : done (1968ms) 
 block [989/1053] : done (2019ms) 
 block [990/1053] : done (1938ms) 
 block [991/1053] : done (1978ms) 
 block [992/1053] : done (1972ms) 
 block [993/1053] : done (1974ms) 
 block [994/1053] : done (1983ms) 
 block [995/1053] : done (2068ms) 
 block [996/1053] : done (2073ms) 
 block [997/1053] : done (2053ms) 
 block [998/1053] : done (2042ms) 
 block [999/1053] : done (1960ms) 
 block [1000/1053] : done (1930ms) 
 block [1001/1053] : done (1882ms) 
 block [1002/1053] : done (1863ms) 
 block [1003/1053] : done (1849ms) 
 block [1004/1053] : done (1860ms) 
 block [1005/1053] : done (1876ms) 
 block [1006/1053] : done (1883ms) 
 block [1007/1053] : done (1922ms) 
 block [1008/1053] : done (1979ms) 
 block [1009/1053] : done (2166ms) 
 block [1010/1053] : done (2226ms) 
 block [1011/1053] : done (2108ms) 
 block [1012/1053] : done (2038ms) 
 block [1013/1053] : done (1978ms) 
 block [1014/1053] : done (2030ms) 
 block [1015/1053] : done (1958ms) 
 block [1016/1053] : done (1915ms) 
 block [1017/1053] : done (1960ms) 
 block [1018/1053] : done (1959ms) 
 block [1019/1053] : done (1846ms) 
 block [1020/1053] : done (1874ms) 
 block [1021/1053] : done (1903ms) 
 block [1022/1053] : done (1943ms) 
 block [1023/1053] : done (1948ms) 
 block [1024/1053] : done (1961ms) 
 block [1025/1053] : done (2005ms) 
 block [1026/1053] : done (2086ms) 
 block [1027/1053] : done (2147ms) 
 block [1028/1053] : done (2163ms) 
 block [1029/1053] : done (2028ms) 
 block [1030/1053] : done (2051ms) 
 block [1031/1053] : done (2189ms) 
 block [1032/1053] : done (2088ms) 
 block [1033/1053] : done (2101ms) 
 block [1034/1053] : done (2115ms) 
 block [1035/1053] : done (2016ms) 
 block [1036/1053] : done (2031ms) 
 block [1037/1053] : done (2029ms) 
 block [1038/1053] : done (2118ms) 
 block [1039/1053] : done (2181ms) 
 block [1040/1053] : done (2161ms) 
 block [1041/1053] : done (2171ms) 
 block [1042/1053] : done (2051ms) 
 block [1043/1053] : done (2172ms) 
 block [1044/1053] : done (2201ms) 
 block [1045/1053] : done (2081ms) 
 block [1046/1053] : done (2098ms) 
 block [1047/1053] : done (2087ms) 
 block [1048/1053] : done (1976ms) 
 block [1049/1053] : done (2048ms) 
 block [1050/1053] : done (2123ms) 
 block [1051/1053] : done (2136ms) 
 block [1052/1053] : done (2012ms) 
 block [1053/1053] : done (865ms) 

Association results stored separately for each trait in files : 
* [result/06_step2/sig_weight_eur_step2.chr14_eur_SIG0_AUC.regenie]
* [result/06_step2/sig_weight_eur_step2.chr14_eur_SIG1_AUC.regenie]
* [result/06_step2/sig_weight_eur_step2.chr14_eur_SIG2_AUC.regenie]
* [result/06_step2/sig_weight_eur_step2.chr14_eur_SIG3_AUC.regenie]
* [result/06_step2/sig_weight_eur_step2.chr14_eur_SIG4_AUC.regenie]
* [result/06_step2/sig_weight_eur_step2.chr14_eur_SIG5_AUC.regenie]
* [result/06_step2/sig_weight_eur_step2.chr14_eur_SIG6_AUC.regenie]
* [result/06_step2/sig_weight_eur_step2.chr14_eur_SIG7_AUC.regenie]
* [result/06_step2/sig_weight_eur_step2.chr14_eur_SIG8_AUC.regenie]
* [result/06_step2/sig_weight_eur_step2.chr14_eur_SIG9_AUC.regenie]
* [result/06_step2/sig_weight_eur_step2.chr14_eur_SIG10_AUC.regenie]
* [result/06_step2/sig_weight_eur_step2.chr14_eur_SIG11_AUC.regenie]
* [result/06_step2/sig_weight_eur_step2.chr14_eur_SIG12_AUC.regenie]
* [result/06_step2/sig_weight_eur_step2.chr14_eur_SIG13_AUC.regenie]
* [result/06_step2/sig_weight_eur_step2.chr14_eur_SIG14_AUC.regenie]
* [result/06_step2/sig_weight_eur_step2.chr14_eur_SIG15_AUC.regenie]
* [result/06_step2/sig_weight_eur_step2.chr14_eur_SIG16_AUC.regenie]
* [result/06_step2/sig_weight_eur_step2.chr14_eur_SIG17_AUC.regenie]
* [result/06_step2/sig_weight_eur_step2.chr14_eur_SIG18_AUC.regenie]
* [result/06_step2/sig_weight_eur_step2.chr14_eur_SIG19_AUC.regenie]
* [result/06_step2/sig_weight_eur_step2.chr14_eur_SIG20_AUC.regenie]

Number of ignored tests due to low MAC or info score : 0

Elapsed time : 2140.67s
End time: Wed Dec 17 07:41:27 2025

