Start time: Wed Dec 17 07:05:45 2025

              |=============================|
              |      REGENIE v3.2.5.gz      |
              |=============================|

Copyright (c) 2020-2022 Joelle Mbatchou, Andrey Ziyatdinov and Jonathan Marchini.
Distributed under the MIT License.
Compiled with Boost Iostream library.
Using Intel MKL with Eigen.

Log of output saved in file : result/06_step2/sig_weight_eur_step2.chr4_eur.log

Options in effect:
  --step 2 \
  --bgen /broad/ukbb/imputed_v3/ukb_imp_chr4_v3.bgen \
  --sample /medpop/esp2/pradeep/UKBiobank/v3data/ukb7089_imp_chr3_v3_s487395.sample \
  --ref-first \
  --extract ../data/step2/var.chr4_eur.list.snplist \
  --keep ../data/sample_list_eur.txt \
  --covarFile ../data/sig_weight_cov_file.tsv \
  --phenoFile /medpop/esp2/tnakao/analyses/projects/collab/Sarah_signature_weights_GWAS/import/signature_auc_phenotypes_last.txt \
  --bsize 200 \
  --threads 4 \
  --qt \
  --catCovarList genotyping_array,Inferred_Gender \
  --pred result/04_step1/sig_weight_eur_step1_pred.list \
  --minINFO 0.7 \
  --out result/06_step2/sig_weight_eur_step2.chr4_eur

Association testing mode with fast multithreading using OpenMP
 * bgen             : [/broad/ukbb/imputed_v3/ukb_imp_chr4_v3.bgen]
   -summary : bgen file (v1.2 layout, zlib compressed) with 487409 anonymous samples and 6555871 variants with 8-bit encoding.
   -index bgi file [/broad/ukbb/imputed_v3/ukb_imp_chr4_v3.bgen.bgi]
   -keeping variants specified by --extract
   -number of variants remaining in the analysis = 482989
   -sample file: /medpop/esp2/pradeep/UKBiobank/v3data/ukb7089_imp_chr3_v3_s487395.sample
   -keeping only individuals specified by --keep
   -number of genotyped individuals remaining in the analysis = 361171
 * phenotypes       : [/medpop/esp2/tnakao/analyses/projects/collab/Sarah_signature_weights_GWAS/import/signature_auc_phenotypes_last.txt] n_pheno = 21
   -number of phenotyped individuals  = 361171
 * covariates       : [../data/sig_weight_cov_file.tsv] n_cov = 13
   -number of individuals with covariate data = 361171
 * number of individuals used in analysis = 361171
 * number of observations for each trait:
   - 'SIG0_AUC': 361171 observations
   - 'SIG1_AUC': 361171 observations
   - 'SIG2_AUC': 361171 observations
   - 'SIG3_AUC': 361171 observations
   - 'SIG4_AUC': 361171 observations
   - 'SIG5_AUC': 361171 observations
   - 'SIG6_AUC': 361171 observations
   - 'SIG7_AUC': 361171 observations
   - 'SIG8_AUC': 361171 observations
   - 'SIG9_AUC': 361171 observations
   - 'SIG10_AUC': 361171 observations
   - 'SIG11_AUC': 361171 observations
   - 'SIG12_AUC': 361171 observations
   - 'SIG13_AUC': 361171 observations
   - 'SIG14_AUC': 361171 observations
   - 'SIG15_AUC': 361171 observations
   - 'SIG16_AUC': 361171 observations
   - 'SIG17_AUC': 361171 observations
   - 'SIG18_AUC': 361171 observations
   - 'SIG19_AUC': 361171 observations
   - 'SIG20_AUC': 361171 observations
 * LOCO predictions : [result/04_step1/sig_weight_eur_step1_pred.list]
   -file [/medpop/esp2/tnakao/analyses/projects/collab/Sarah_signature_weights_GWAS/96_last_250319/result/04_step1/sig_weight_eur_step1_1.loco] for phenotype 'SIG0_AUC'
   -file [/medpop/esp2/tnakao/analyses/projects/collab/Sarah_signature_weights_GWAS/96_last_250319/result/04_step1/sig_weight_eur_step1_2.loco] for phenotype 'SIG1_AUC'
   -file [/medpop/esp2/tnakao/analyses/projects/collab/Sarah_signature_weights_GWAS/96_last_250319/result/04_step1/sig_weight_eur_step1_3.loco] for phenotype 'SIG2_AUC'
   -file [/medpop/esp2/tnakao/analyses/projects/collab/Sarah_signature_weights_GWAS/96_last_250319/result/04_step1/sig_weight_eur_step1_4.loco] for phenotype 'SIG3_AUC'
   -file [/medpop/esp2/tnakao/analyses/projects/collab/Sarah_signature_weights_GWAS/96_last_250319/result/04_step1/sig_weight_eur_step1_5.loco] for phenotype 'SIG4_AUC'
   -file [/medpop/esp2/tnakao/analyses/projects/collab/Sarah_signature_weights_GWAS/96_last_250319/result/04_step1/sig_weight_eur_step1_6.loco] for phenotype 'SIG5_AUC'
   -file [/medpop/esp2/tnakao/analyses/projects/collab/Sarah_signature_weights_GWAS/96_last_250319/result/04_step1/sig_weight_eur_step1_7.loco] for phenotype 'SIG6_AUC'
   -file [/medpop/esp2/tnakao/analyses/projects/collab/Sarah_signature_weights_GWAS/96_last_250319/result/04_step1/sig_weight_eur_step1_8.loco] for phenotype 'SIG7_AUC'
   -file [/medpop/esp2/tnakao/analyses/projects/collab/Sarah_signature_weights_GWAS/96_last_250319/result/04_step1/sig_weight_eur_step1_9.loco] for phenotype 'SIG8_AUC'
   -file [/medpop/esp2/tnakao/analyses/projects/collab/Sarah_signature_weights_GWAS/96_last_250319/result/04_step1/sig_weight_eur_step1_10.loco] for phenotype 'SIG9_AUC'
   -file [/medpop/esp2/tnakao/analyses/projects/collab/Sarah_signature_weights_GWAS/96_last_250319/result/04_step1/sig_weight_eur_step1_11.loco] for phenotype 'SIG10_AUC'
   -file [/medpop/esp2/tnakao/analyses/projects/collab/Sarah_signature_weights_GWAS/96_last_250319/result/04_step1/sig_weight_eur_step1_12.loco] for phenotype 'SIG11_AUC'
   -file [/medpop/esp2/tnakao/analyses/projects/collab/Sarah_signature_weights_GWAS/96_last_250319/result/04_step1/sig_weight_eur_step1_13.loco] for phenotype 'SIG12_AUC'
   -file [/medpop/esp2/tnakao/analyses/projects/collab/Sarah_signature_weights_GWAS/96_last_250319/result/04_step1/sig_weight_eur_step1_14.loco] for phenotype 'SIG13_AUC'
   -file [/medpop/esp2/tnakao/analyses/projects/collab/Sarah_signature_weights_GWAS/96_last_250319/result/04_step1/sig_weight_eur_step1_15.loco] for phenotype 'SIG14_AUC'
   -file [/medpop/esp2/tnakao/analyses/projects/collab/Sarah_signature_weights_GWAS/96_last_250319/result/04_step1/sig_weight_eur_step1_16.loco] for phenotype 'SIG15_AUC'
   -file [/medpop/esp2/tnakao/analyses/projects/collab/Sarah_signature_weights_GWAS/96_last_250319/result/04_step1/sig_weight_eur_step1_17.loco] for phenotype 'SIG16_AUC'
   -file [/medpop/esp2/tnakao/analyses/projects/collab/Sarah_signature_weights_GWAS/96_last_250319/result/04_step1/sig_weight_eur_step1_18.loco] for phenotype 'SIG17_AUC'
   -file [/medpop/esp2/tnakao/analyses/projects/collab/Sarah_signature_weights_GWAS/96_last_250319/result/04_step1/sig_weight_eur_step1_19.loco] for phenotype 'SIG18_AUC'
   -file [/medpop/esp2/tnakao/analyses/projects/collab/Sarah_signature_weights_GWAS/96_last_250319/result/04_step1/sig_weight_eur_step1_20.loco] for phenotype 'SIG19_AUC'
   -file [/medpop/esp2/tnakao/analyses/projects/collab/Sarah_signature_weights_GWAS/96_last_250319/result/04_step1/sig_weight_eur_step1_21.loco] for phenotype 'SIG20_AUC'
   -residualizing and scaling phenotypes...done (54ms) 
 * # threads        : [4]
 * block size       : [200]
 * # blocks         : [2415]
 * approximate memory usage : 2GB
 * using minimum MAC of 5 (variants with lower MAC are ignored)
 * using minimum imputation info score of 0.7 (variants with lower info score are ignored)

Chromosome 4 [2415 blocks in total]
   -reading loco predictions for the chromosome...done (10292ms) 
 block [1/2415] : done (2063ms) 
 block [2/2415] : done (1960ms) 
 block [3/2415] : done (1979ms) 
 block [4/2415] : done (1906ms) 
 block [5/2415] : done (1943ms) 
 block [6/2415] : done (1957ms) 
 block [7/2415] : done (1965ms) 
 block [8/2415] : done (1966ms) 
 block [9/2415] : done (1961ms) 
 block [10/2415] : done (1892ms) 
 block [11/2415] : done (1945ms) 
 block [12/2415] : done (1921ms) 
 block [13/2415] : done (1945ms) 
 block [14/2415] : done (1945ms) 
 block [15/2415] : done (1903ms) 
 block [16/2415] : done (1911ms) 
 block [17/2415] : done (1918ms) 
 block [18/2415] : done (1884ms) 
 block [19/2415] : done (1913ms) 
 block [20/2415] : done (1974ms) 
 block [21/2415] : done (1973ms) 
 block [22/2415] : done (2001ms) 
 block [23/2415] : done (1968ms) 
 block [24/2415] : done (1915ms) 
 block [25/2415] : done (2120ms) 
 block [26/2415] : done (2027ms) 
 block [27/2415] : done (1904ms) 
 block [28/2415] : done (1989ms) 
 block [29/2415] : done (2032ms) 
 block [30/2415] : done (1999ms) 
 block [31/2415] : done (2046ms) 
 block [32/2415] : done (1947ms) 
 block [33/2415] : done (1966ms) 
 block [34/2415] : done (1976ms) 
 block [35/2415] : done (1955ms) 
 block [36/2415] : done (2038ms) 
 block [37/2415] : done (1943ms) 
 block [38/2415] : done (1892ms) 
 block [39/2415] : done (1943ms) 
 block [40/2415] : done (1970ms) 
 block [41/2415] : done (1950ms) 
 block [42/2415] : done (2015ms) 
 block [43/2415] : done (1927ms) 
 block [44/2415] : done (1982ms) 
 block [45/2415] : done (2092ms) 
 block [46/2415] : done (2047ms) 
 block [47/2415] : done (2049ms) 
 block [48/2415] : done (2080ms) 
 block [49/2415] : done (2124ms) 
 block [50/2415] : done (1972ms) 
 block [51/2415] : done (2025ms) 
 block [52/2415] : done (1980ms) 
 block [53/2415] : done (2011ms) 
 block [54/2415] : done (2000ms) 
 block [55/2415] : done (2029ms) 
 block [56/2415] : done (2014ms) 
 block [57/2415] : done (2007ms) 
 block [58/2415] : done (1973ms) 
 block [59/2415] : done (1924ms) 
 block [60/2415] : done (1919ms) 
 block [61/2415] : done (1968ms) 
 block [62/2415] : done (2065ms) 
 block [63/2415] : done (1940ms) 
 block [64/2415] : done (1934ms) 
 block [65/2415] : done (1939ms) 
 block [66/2415] : done (1859ms) 
 block [67/2415] : done (1891ms) 
 block [68/2415] : done (1903ms) 
 block [69/2415] : done (1935ms) 
 block [70/2415] : done (1939ms) 
 block [71/2415] : done (1997ms) 
 block [72/2415] : done (1956ms) 
 block [73/2415] : done (1932ms) 
 block [74/2415] : done (1995ms) 
 block [75/2415] : done (1938ms) 
 block [76/2415] : done (1963ms) 
 block [77/2415] : done (1969ms) 
 block [78/2415] : done (1970ms) 
 block [79/2415] : done (1946ms) 
 block [80/2415] : done (2040ms) 
 block [81/2415] : done (1955ms) 
 block [82/2415] : done (1948ms) 
 block [83/2415] : done (2008ms) 
 block [84/2415] : done (1958ms) 
 block [85/2415] : done (1998ms) 
 block [86/2415] : done (1975ms) 
 block [87/2415] : done (2013ms) 
 block [88/2415] : done (2020ms) 
 block [89/2415] : done (1884ms) 
 block [90/2415] : done (1907ms) 
 block [91/2415] : done (1923ms) 
 block [92/2415] : done (1963ms) 
 block [93/2415] : done (1941ms) 
 block [94/2415] : done (2026ms) 
 block [95/2415] : done (1998ms) 
 block [96/2415] : done (1915ms) 
 block [97/2415] : done (1972ms) 
 block [98/2415] : done (1879ms) 
 block [99/2415] : done (1905ms) 
 block [100/2415] : done (1929ms) 
 block [101/2415] : done (1951ms) 
 block [102/2415] : done (1987ms) 
 block [103/2415] : done (1896ms) 
 block [104/2415] : done (1908ms) 
 block [105/2415] : done (1915ms) 
 block [106/2415] : done (1900ms) 
 block [107/2415] : done (1933ms) 
 block [108/2415] : done (1964ms) 
 block [109/2415] : done (1987ms) 
 block [110/2415] : done (1963ms) 
 block [111/2415] : done (1944ms) 
 block [112/2415] : done (1919ms) 
 block [113/2415] : done (1878ms) 
 block [114/2415] : done (1881ms) 
 block [115/2415] : done (2013ms) 
 block [116/2415] : done (1966ms) 
 block [117/2415] : done (1996ms) 
 block [118/2415] : done (2077ms) 
 block [119/2415] : done (2038ms) 
 block [120/2415] : done (1876ms) 
 block [121/2415] : done (1954ms) 
 block [122/2415] : done (1899ms) 
 block [123/2415] : done (1913ms) 
 block [124/2415] : done (1947ms) 
 block [125/2415] : done (1898ms) 
 block [126/2415] : done (1901ms) 
 block [127/2415] : done (1901ms) 
 block [128/2415] : done (1905ms) 
 block [129/2415] : done (1910ms) 
 block [130/2415] : done (1924ms) 
 block [131/2415] : done (1981ms) 
 block [132/2415] : done (1971ms) 
 block [133/2415] : done (1983ms) 
 block [134/2415] : done (1970ms) 
 block [135/2415] : done (1941ms) 
 block [136/2415] : done (1957ms) 
 block [137/2415] : done (2010ms) 
 block [138/2415] : done (1944ms) 
 block [139/2415] : done (1943ms) 
 block [140/2415] : done (1955ms) 
 block [141/2415] : done (2003ms) 
 block [142/2415] : done (1942ms) 
 block [143/2415] : done (1914ms) 
 block [144/2415] : done (1992ms) 
 block [145/2415] : done (1942ms) 
 block [146/2415] : done (2006ms) 
 block [147/2415] : done (1915ms) 
 block [148/2415] : done (1930ms) 
 block [149/2415] : done (1935ms) 
 block [150/2415] : done (1970ms) 
 block [151/2415] : done (1963ms) 
 block [152/2415] : done (1945ms) 
 block [153/2415] : done (1973ms) 
 block [154/2415] : done (1946ms) 
 block [155/2415] : done (1990ms) 
 block [156/2415] : done (2010ms) 
 block [157/2415] : done (1963ms) 
 block [158/2415] : done (1994ms) 
 block [159/2415] : done (2004ms) 
 block [160/2415] : done (1934ms) 
 block [161/2415] : done (1975ms) 
 block [162/2415] : done (1959ms) 
 block [163/2415] : done (1964ms) 
 block [164/2415] : done (1958ms) 
 block [165/2415] : done (1955ms) 
 block [166/2415] : done (1938ms) 
 block [167/2415] : done (1991ms) 
 block [168/2415] : done (2008ms) 
 block [169/2415] : done (1934ms) 
 block [170/2415] : done (1928ms) 
 block [171/2415] : done (1959ms) 
 block [172/2415] : done (1947ms) 
 block [173/2415] : done (1934ms) 
 block [174/2415] : done (1943ms) 
 block [175/2415] : done (1936ms) 
 block [176/2415] : done (1970ms) 
 block [177/2415] : done (1941ms) 
 block [178/2415] : done (1937ms) 
 block [179/2415] : done (1955ms) 
 block [180/2415] : done (1947ms) 
 block [181/2415] : done (1943ms) 
 block [182/2415] : done (1911ms) 
 block [183/2415] : done (1897ms) 
 block [184/2415] : done (1863ms) 
 block [185/2415] : done (1850ms) 
 block [186/2415] : done (1857ms) 
 block [187/2415] : done (1933ms) 
 block [188/2415] : done (1960ms) 
 block [189/2415] : done (1926ms) 
 block [190/2415] : done (1956ms) 
 block [191/2415] : done (1942ms) 
 block [192/2415] : done (1971ms) 
 block [193/2415] : done (2011ms) 
 block [194/2415] : done (1929ms) 
 block [195/2415] : done (1921ms) 
 block [196/2415] : done (1881ms) 
 block [197/2415] : done (1886ms) 
 block [198/2415] : done (1912ms) 
 block [199/2415] : done (1942ms) 
 block [200/2415] : done (1949ms) 
 block [201/2415] : done (1903ms) 
 block [202/2415] : done (1918ms) 
 block [203/2415] : done (1912ms) 
 block [204/2415] : done (1950ms) 
 block [205/2415] : done (1921ms) 
 block [206/2415] : done (1877ms) 
 block [207/2415] : done (1947ms) 
 block [208/2415] : done (1967ms) 
 block [209/2415] : done (1926ms) 
 block [210/2415] : done (1992ms) 
 block [211/2415] : done (1935ms) 
 block [212/2415] : done (1969ms) 
 block [213/2415] : done (1988ms) 
 block [214/2415] : done (1968ms) 
 block [215/2415] : done (1918ms) 
 block [216/2415] : done (1984ms) 
 block [217/2415] : done (1984ms) 
 block [218/2415] : done (1947ms) 
 block [219/2415] : done (1915ms) 
 block [220/2415] : done (1911ms) 
 block [221/2415] : done (1900ms) 
 block [222/2415] : done (1957ms) 
 block [223/2415] : done (1978ms) 
 block [224/2415] : done (1964ms) 
 block [225/2415] : done (1967ms) 
 block [226/2415] : done (1921ms) 
 block [227/2415] : done (1983ms) 
 block [228/2415] : done (1892ms) 
 block [229/2415] : done (1955ms) 
 block [230/2415] : done (1992ms) 
 block [231/2415] : done (1991ms) 
 block [232/2415] : done (1958ms) 
 block [233/2415] : done (1937ms) 
 block [234/2415] : done (1965ms) 
 block [235/2415] : done (1939ms) 
 block [236/2415] : done (1949ms) 
 block [237/2415] : done (1965ms) 
 block [238/2415] : done (1946ms) 
 block [239/2415] : done (2063ms) 
 block [240/2415] : done (1973ms) 
 block [241/2415] : done (2018ms) 
 block [242/2415] : done (1975ms) 
 block [243/2415] : done (1995ms) 
 block [244/2415] : done (1973ms) 
 block [245/2415] : done (2008ms) 
 block [246/2415] : done (1927ms) 
 block [247/2415] : done (1948ms) 
 block [248/2415] : done (2007ms) 
 block [249/2415] : done (1965ms) 
 block [250/2415] : done (1975ms) 
 block [251/2415] : done (1955ms) 
 block [252/2415] : done (1948ms) 
 block [253/2415] : done (1948ms) 
 block [254/2415] : done (1941ms) 
 block [255/2415] : done (1965ms) 
 block [256/2415] : done (1946ms) 
 block [257/2415] : done (1938ms) 
 block [258/2415] : done (1964ms) 
 block [259/2415] : done (1996ms) 
 block [260/2415] : done (1940ms) 
 block [261/2415] : done (1897ms) 
 block [262/2415] : done (1951ms) 
 block [263/2415] : done (1914ms) 
 block [264/2415] : done (1916ms) 
 block [265/2415] : done (1913ms) 
 block [266/2415] : done (1913ms) 
 block [267/2415] : done (1855ms) 
 block [268/2415] : done (1852ms) 
 block [269/2415] : done (1871ms) 
 block [270/2415] : done (1891ms) 
 block [271/2415] : done (1928ms) 
 block [272/2415] : done (1962ms) 
 block [273/2415] : done (1969ms) 
 block [274/2415] : done (1998ms) 
 block [275/2415] : done (2000ms) 
 block [276/2415] : done (2023ms) 
 block [277/2415] : done (1958ms) 
 block [278/2415] : done (2009ms) 
 block [279/2415] : done (1971ms) 
 block [280/2415] : done (1956ms) 
 block [281/2415] : done (1972ms) 
 block [282/2415] : done (1975ms) 
 block [283/2415] : done (1981ms) 
 block [284/2415] : done (1988ms) 
 block [285/2415] : done (1994ms) 
 block [286/2415] : done (1985ms) 
 block [287/2415] : done (1975ms) 
 block [288/2415] : done (1952ms) 
 block [289/2415] : done (1972ms) 
 block [290/2415] : done (1961ms) 
 block [291/2415] : done (1964ms) 
 block [292/2415] : done (1962ms) 
 block [293/2415] : done (1943ms) 
 block [294/2415] : done (1970ms) 
 block [295/2415] : done (1959ms) 
 block [296/2415] : done (1907ms) 
 block [297/2415] : done (1961ms) 
 block [298/2415] : done (1960ms) 
 block [299/2415] : done (1916ms) 
 block [300/2415] : done (1942ms) 
 block [301/2415] : done (1914ms) 
 block [302/2415] : done (2013ms) 
 block [303/2415] : done (1953ms) 
 block [304/2415] : done (1931ms) 
 block [305/2415] : done (1925ms) 
 block [306/2415] : done (1965ms) 
 block [307/2415] : done (1993ms) 
 block [308/2415] : done (1980ms) 
 block [309/2415] : done (2028ms) 
 block [310/2415] : done (1965ms) 
 block [311/2415] : done (1934ms) 
 block [312/2415] : done (1955ms) 
 block [313/2415] : done (1933ms) 
 block [314/2415] : done (1970ms) 
 block [315/2415] : done (1952ms) 
 block [316/2415] : done (1998ms) 
 block [317/2415] : done (2021ms) 
 block [318/2415] : done (2048ms) 
 block [319/2415] : done (1999ms) 
 block [320/2415] : done (2028ms) 
 block [321/2415] : done (1990ms) 
 block [322/2415] : done (2002ms) 
 block [323/2415] : done (1920ms) 
 block [324/2415] : done (1945ms) 
 block [325/2415] : done (1941ms) 
 block [326/2415] : done (1955ms) 
 block [327/2415] : done (1979ms) 
 block [328/2415] : done (1972ms) 
 block [329/2415] : done (1999ms) 
 block [330/2415] : done (1948ms) 
 block [331/2415] : done (2001ms) 
 block [332/2415] : done (1950ms) 
 block [333/2415] : done (2038ms) 
 block [334/2415] : done (1981ms) 
 block [335/2415] : done (2018ms) 
 block [336/2415] : done (1950ms) 
 block [337/2415] : done (1994ms) 
 block [338/2415] : done (1959ms) 
 block [339/2415] : done (1963ms) 
 block [340/2415] : done (1932ms) 
 block [341/2415] : done (1916ms) 
 block [342/2415] : done (1929ms) 
 block [343/2415] : done (1942ms) 
 block [344/2415] : done (1899ms) 
 block [345/2415] : done (1922ms) 
 block [346/2415] : done (1921ms) 
 block [347/2415] : done (1929ms) 
 block [348/2415] : done (1995ms) 
 block [349/2415] : done (1990ms) 
 block [350/2415] : done (2023ms) 
 block [351/2415] : done (2008ms) 
 block [352/2415] : done (2007ms) 
 block [353/2415] : done (2039ms) 
 block [354/2415] : done (1989ms) 
 block [355/2415] : done (2080ms) 
 block [356/2415] : done (2033ms) 
 block [357/2415] : done (1974ms) 
 block [358/2415] : done (2008ms) 
 block [359/2415] : done (2039ms) 
 block [360/2415] : done (1973ms) 
 block [361/2415] : done (2024ms) 
 block [362/2415] : done (1994ms) 
 block [363/2415] : done (1945ms) 
 block [364/2415] : done (1948ms) 
 block [365/2415] : done (2022ms) 
 block [366/2415] : done (1956ms) 
 block [367/2415] : done (1976ms) 
 block [368/2415] : done (1931ms) 
 block [369/2415] : done (1932ms) 
 block [370/2415] : done (1938ms) 
 block [371/2415] : done (1956ms) 
 block [372/2415] : done (1967ms) 
 block [373/2415] : done (1933ms) 
 block [374/2415] : done (1976ms) 
 block [375/2415] : done (1959ms) 
 block [376/2415] : done (1956ms) 
 block [377/2415] : done (1924ms) 
 block [378/2415] : done (1984ms) 
 block [379/2415] : done (1978ms) 
 block [380/2415] : done (1980ms) 
 block [381/2415] : done (1916ms) 
 block [382/2415] : done (1933ms) 
 block [383/2415] : done (1956ms) 
 block [384/2415] : done (1939ms) 
 block [385/2415] : done (1932ms) 
 block [386/2415] : done (1927ms) 
 block [387/2415] : done (1926ms) 
 block [388/2415] : done (1947ms) 
 block [389/2415] : done (1955ms) 
 block [390/2415] : done (2030ms) 
 block [391/2415] : done (2041ms) 
 block [392/2415] : done (1935ms) 
 block [393/2415] : done (1986ms) 
 block [394/2415] : done (1976ms) 
 block [395/2415] : done (2052ms) 
 block [396/2415] : done (2036ms) 
 block [397/2415] : done (1972ms) 
 block [398/2415] : done (2015ms) 
 block [399/2415] : done (1988ms) 
 block [400/2415] : done (1965ms) 
 block [401/2415] : done (1930ms) 
 block [402/2415] : done (1955ms) 
 block [403/2415] : done (1937ms) 
 block [404/2415] : done (1987ms) 
 block [405/2415] : done (1974ms) 
 block [406/2415] : done (1941ms) 
 block [407/2415] : done (1974ms) 
 block [408/2415] : done (1977ms) 
 block [409/2415] : done (1961ms) 
 block [410/2415] : done (1936ms) 
 block [411/2415] : done (1925ms) 
 block [412/2415] : done (1936ms) 
 block [413/2415] : done (1911ms) 
 block [414/2415] : done (1900ms) 
 block [415/2415] : done (1937ms) 
 block [416/2415] : done (1911ms) 
 block [417/2415] : done (1923ms) 
 block [418/2415] : done (1916ms) 
 block [419/2415] : done (1906ms) 
 block [420/2415] : done (1920ms) 
 block [421/2415] : done (1899ms) 
 block [422/2415] : done (1910ms) 
 block [423/2415] : done (1936ms) 
 block [424/2415] : done (1943ms) 
 block [425/2415] : done (1955ms) 
 block [426/2415] : done (1942ms) 
 block [427/2415] : done (1903ms) 
 block [428/2415] : done (2036ms) 
 block [429/2415] : done (2012ms) 
 block [430/2415] : done (1967ms) 
 block [431/2415] : done (1958ms) 
 block [432/2415] : done (1938ms) 
 block [433/2415] : done (1943ms) 
 block [434/2415] : done (2009ms) 
 block [435/2415] : done (1980ms) 
 block [436/2415] : done (1922ms) 
 block [437/2415] : done (1959ms) 
 block [438/2415] : done (1934ms) 
 block [439/2415] : done (1901ms) 
 block [440/2415] : done (1959ms) 
 block [441/2415] : done (1960ms) 
 block [442/2415] : done (1964ms) 
 block [443/2415] : done (1984ms) 
 block [444/2415] : done (2033ms) 
 block [445/2415] : done (2025ms) 
 block [446/2415] : done (1984ms) 
 block [447/2415] : done (1954ms) 
 block [448/2415] : done (1974ms) 
 block [449/2415] : done (2028ms) 
 block [450/2415] : done (1945ms) 
 block [451/2415] : done (1959ms) 
 block [452/2415] : done (1955ms) 
 block [453/2415] : done (1992ms) 
 block [454/2415] : done (1930ms) 
 block [455/2415] : done (1905ms) 
 block [456/2415] : done (1963ms) 
 block [457/2415] : done (1939ms) 
 block [458/2415] : done (2003ms) 
 block [459/2415] : done (1953ms) 
 block [460/2415] : done (1942ms) 
 block [461/2415] : done (1985ms) 
 block [462/2415] : done (1942ms) 
 block [463/2415] : done (1977ms) 
 block [464/2415] : done (2017ms) 
 block [465/2415] : done (1911ms) 
 block [466/2415] : done (1888ms) 
 block [467/2415] : done (1896ms) 
 block [468/2415] : done (1953ms) 
 block [469/2415] : done (2005ms) 
 block [470/2415] : done (1938ms) 
 block [471/2415] : done (1898ms) 
 block [472/2415] : done (1882ms) 
 block [473/2415] : done (1955ms) 
 block [474/2415] : done (1933ms) 
 block [475/2415] : done (1957ms) 
 block [476/2415] : done (1952ms) 
 block [477/2415] : done (1937ms) 
 block [478/2415] : done (1883ms) 
 block [479/2415] : done (1931ms) 
 block [480/2415] : done (2031ms) 
 block [481/2415] : done (1957ms) 
 block [482/2415] : done (1929ms) 
 block [483/2415] : done (1927ms) 
 block [484/2415] : done (1941ms) 
 block [485/2415] : done (1927ms) 
 block [486/2415] : done (1963ms) 
 block [487/2415] : done (1945ms) 
 block [488/2415] : done (1938ms) 
 block [489/2415] : done (1928ms) 
 block [490/2415] : done (1913ms) 
 block [491/2415] : done (1911ms) 
 block [492/2415] : done (1924ms) 
 block [493/2415] : done (1944ms) 
 block [494/2415] : done (1978ms) 
 block [495/2415] : done (1952ms) 
 block [496/2415] : done (1952ms) 
 block [497/2415] : done (1971ms) 
 block [498/2415] : done (1921ms) 
 block [499/2415] : done (1918ms) 
 block [500/2415] : done (1895ms) 
 block [501/2415] : done (1905ms) 
 block [502/2415] : done (1963ms) 
 block [503/2415] : done (1899ms) 
 block [504/2415] : done (1912ms) 
 block [505/2415] : done (2020ms) 
 block [506/2415] : done (1939ms) 
 block [507/2415] : done (1942ms) 
 block [508/2415] : done (1979ms) 
 block [509/2415] : done (1940ms) 
 block [510/2415] : done (1926ms) 
 block [511/2415] : done (1967ms) 
 block [512/2415] : done (1911ms) 
 block [513/2415] : done (1940ms) 
 block [514/2415] : done (1939ms) 
 block [515/2415] : done (1997ms) 
 block [516/2415] : done (2035ms) 
 block [517/2415] : done (1950ms) 
 block [518/2415] : done (1968ms) 
 block [519/2415] : done (2007ms) 
 block [520/2415] : done (1964ms) 
 block [521/2415] : done (1937ms) 
 block [522/2415] : done (1951ms) 
 block [523/2415] : done (1965ms) 
 block [524/2415] : done (1937ms) 
 block [525/2415] : done (1978ms) 
 block [526/2415] : done (1950ms) 
 block [527/2415] : done (1897ms) 
 block [528/2415] : done (1947ms) 
 block [529/2415] : done (1937ms) 
 block [530/2415] : done (1973ms) 
 block [531/2415] : done (1973ms) 
 block [532/2415] : done (1927ms) 
 block [533/2415] : done (1938ms) 
 block [534/2415] : done (1967ms) 
 block [535/2415] : done (2021ms) 
 block [536/2415] : done (1954ms) 
 block [537/2415] : done (1924ms) 
 block [538/2415] : done (1930ms) 
 block [539/2415] : done (2016ms) 
 block [540/2415] : done (2014ms) 
 block [541/2415] : done (1970ms) 
 block [542/2415] : done (1959ms) 
 block [543/2415] : done (2077ms) 
 block [544/2415] : done (2033ms) 
 block [545/2415] : done (1972ms) 
 block [546/2415] : done (1986ms) 
 block [547/2415] : done (2027ms) 
 block [548/2415] : done (1989ms) 
 block [549/2415] : done (1973ms) 
 block [550/2415] : done (1944ms) 
 block [551/2415] : done (1935ms) 
 block [552/2415] : done (1948ms) 
 block [553/2415] : done (1950ms) 
 block [554/2415] : done (1991ms) 
 block [555/2415] : done (1999ms) 
 block [556/2415] : done (1964ms) 
 block [557/2415] : done (2025ms) 
 block [558/2415] : done (2008ms) 
 block [559/2415] : done (2025ms) 
 block [560/2415] : done (2029ms) 
 block [561/2415] : done (1985ms) 
 block [562/2415] : done (1875ms) 
 block [563/2415] : done (1913ms) 
 block [564/2415] : done (1938ms) 
 block [565/2415] : done (1903ms) 
 block [566/2415] : done (1970ms) 
 block [567/2415] : done (1946ms) 
 block [568/2415] : done (1953ms) 
 block [569/2415] : done (1968ms) 
 block [570/2415] : done (1987ms) 
 block [571/2415] : done (2015ms) 
 block [572/2415] : done (1983ms) 
 block [573/2415] : done (1963ms) 
 block [574/2415] : done (1959ms) 
 block [575/2415] : done (1915ms) 
 block [576/2415] : done (1899ms) 
 block [577/2415] : done (1929ms) 
 block [578/2415] : done (1961ms) 
 block [579/2415] : done (1991ms) 
 block [580/2415] : done (2000ms) 
 block [581/2415] : done (1957ms) 
 block [582/2415] : done (1980ms) 
 block [583/2415] : done (1964ms) 
 block [584/2415] : done (2014ms) 
 block [585/2415] : done (1887ms) 
 block [586/2415] : done (1931ms) 
 block [587/2415] : done (1942ms) 
 block [588/2415] : done (1959ms) 
 block [589/2415] : done (1936ms) 
 block [590/2415] : done (1954ms) 
 block [591/2415] : done (1928ms) 
 block [592/2415] : done (1916ms) 
 block [593/2415] : done (1942ms) 
 block [594/2415] : done (1998ms) 
 block [595/2415] : done (2018ms) 
 block [596/2415] : done (1936ms) 
 block [597/2415] : done (1929ms) 
 block [598/2415] : done (1903ms) 
 block [599/2415] : done (1936ms) 
 block [600/2415] : done (1984ms) 
 block [601/2415] : done (1935ms) 
 block [602/2415] : done (1936ms) 
 block [603/2415] : done (1965ms) 
 block [604/2415] : done (1935ms) 
 block [605/2415] : done (1911ms) 
 block [606/2415] : done (1961ms) 
 block [607/2415] : done (1986ms) 
 block [608/2415] : done (1931ms) 
 block [609/2415] : done (1919ms) 
 block [610/2415] : done (1930ms) 
 block [611/2415] : done (1933ms) 
 block [612/2415] : done (1958ms) 
 block [613/2415] : done (1931ms) 
 block [614/2415] : done (1924ms) 
 block [615/2415] : done (1908ms) 
 block [616/2415] : done (1900ms) 
 block [617/2415] : done (1933ms) 
 block [618/2415] : done (1948ms) 
 block [619/2415] : done (1943ms) 
 block [620/2415] : done (1937ms) 
 block [621/2415] : done (1887ms) 
 block [622/2415] : done (1920ms) 
 block [623/2415] : done (1934ms) 
 block [624/2415] : done (1989ms) 
 block [625/2415] : done (1939ms) 
 block [626/2415] : done (1957ms) 
 block [627/2415] : done (1975ms) 
 block [628/2415] : done (2018ms) 
 block [629/2415] : done (1988ms) 
 block [630/2415] : done (1963ms) 
 block [631/2415] : done (1964ms) 
 block [632/2415] : done (1984ms) 
 block [633/2415] : done (1956ms) 
 block [634/2415] : done (2032ms) 
 block [635/2415] : done (2018ms) 
 block [636/2415] : done (2016ms) 
 block [637/2415] : done (1962ms) 
 block [638/2415] : done (2008ms) 
 block [639/2415] : done (1996ms) 
 block [640/2415] : done (1994ms) 
 block [641/2415] : done (1978ms) 
 block [642/2415] : done (2045ms) 
 block [643/2415] : done (1993ms) 
 block [644/2415] : done (1954ms) 
 block [645/2415] : done (1989ms) 
 block [646/2415] : done (2014ms) 
 block [647/2415] : done (1947ms) 
 block [648/2415] : done (1952ms) 
 block [649/2415] : done (1957ms) 
 block [650/2415] : done (1990ms) 
 block [651/2415] : done (1945ms) 
 block [652/2415] : done (1910ms) 
 block [653/2415] : done (1905ms) 
 block [654/2415] : done (1960ms) 
 block [655/2415] : done (2007ms) 
 block [656/2415] : done (1955ms) 
 block [657/2415] : done (1977ms) 
 block [658/2415] : done (2033ms) 
 block [659/2415] : done (1998ms) 
 block [660/2415] : done (1987ms) 
 block [661/2415] : done (1938ms) 
 block [662/2415] : done (1944ms) 
 block [663/2415] : done (1953ms) 
 block [664/2415] : done (1953ms) 
 block [665/2415] : done (1939ms) 
 block [666/2415] : done (2080ms) 
 block [667/2415] : done (2010ms) 
 block [668/2415] : done (1995ms) 
 block [669/2415] : done (1944ms) 
 block [670/2415] : done (1978ms) 
 block [671/2415] : done (1979ms) 
 block [672/2415] : done (1962ms) 
 block [673/2415] : done (2007ms) 
 block [674/2415] : done (2018ms) 
 block [675/2415] : done (2003ms) 
 block [676/2415] : done (1979ms) 
 block [677/2415] : done (1976ms) 
 block [678/2415] : done (1956ms) 
 block [679/2415] : done (1966ms) 
 block [680/2415] : done (1921ms) 
 block [681/2415] : done (1932ms) 
 block [682/2415] : done (1941ms) 
 block [683/2415] : done (1932ms) 
 block [684/2415] : done (2013ms) 
 block [685/2415] : done (1996ms) 
 block [686/2415] : done (1966ms) 
 block [687/2415] : done (1963ms) 
 block [688/2415] : done (1986ms) 
 block [689/2415] : done (2012ms) 
 block [690/2415] : done (2075ms) 
 block [691/2415] : done (2008ms) 
 block [692/2415] : done (1989ms) 
 block [693/2415] : done (2026ms) 
 block [694/2415] : done (1988ms) 
 block [695/2415] : done (1938ms) 
 block [696/2415] : done (1974ms) 
 block [697/2415] : done (1998ms) 
 block [698/2415] : done (1999ms) 
 block [699/2415] : done (1974ms) 
 block [700/2415] : done (1998ms) 
 block [701/2415] : done (2034ms) 
 block [702/2415] : done (1978ms) 
 block [703/2415] : done (1880ms) 
 block [704/2415] : done (1942ms) 
 block [705/2415] : done (1892ms) 
 block [706/2415] : done (1967ms) 
 block [707/2415] : done (1929ms) 
 block [708/2415] : done (1908ms) 
 block [709/2415] : done (1928ms) 
 block [710/2415] : done (1958ms) 
 block [711/2415] : done (1958ms) 
 block [712/2415] : done (1932ms) 
 block [713/2415] : done (1953ms) 
 block [714/2415] : done (2122ms) 
 block [715/2415] : done (1917ms) 
 block [716/2415] : done (1969ms) 
 block [717/2415] : done (1968ms) 
 block [718/2415] : done (2046ms) 
 block [719/2415] : done (1938ms) 
 block [720/2415] : done (4496ms) 
 block [721/2415] : done (1938ms) 
 block [722/2415] : done (1925ms) 
 block [723/2415] : done (2004ms) 
 block [724/2415] : done (2004ms) 
 block [725/2415] : done (2001ms) 
 block [726/2415] : done (1993ms) 
 block [727/2415] : done (2023ms) 
 block [728/2415] : done (1959ms) 
 block [729/2415] : done (1950ms) 
 block [730/2415] : done (1958ms) 
 block [731/2415] : done (1995ms) 
 block [732/2415] : done (1977ms) 
 block [733/2415] : done (1893ms) 
 block [734/2415] : done (1920ms) 
 block [735/2415] : done (1927ms) 
 block [736/2415] : done (1982ms) 
 block [737/2415] : done (2000ms) 
 block [738/2415] : done (1963ms) 
 block [739/2415] : done (1979ms) 
 block [740/2415] : done (2007ms) 
 block [741/2415] : done (1989ms) 
 block [742/2415] : done (1950ms) 
 block [743/2415] : done (1959ms) 
 block [744/2415] : done (2005ms) 
 block [745/2415] : done (2004ms) 
 block [746/2415] : done (2020ms) 
 block [747/2415] : done (2004ms) 
 block [748/2415] : done (2004ms) 
 block [749/2415] : done (2023ms) 
 block [750/2415] : done (1999ms) 
 block [751/2415] : done (1956ms) 
 block [752/2415] : done (1932ms) 
 block [753/2415] : done (2025ms) 
 block [754/2415] : done (1991ms) 
 block [755/2415] : done (1972ms) 
 block [756/2415] : done (1973ms) 
 block [757/2415] : done (2012ms) 
 block [758/2415] : done (2016ms) 
 block [759/2415] : done (1964ms) 
 block [760/2415] : done (1943ms) 
 block [761/2415] : done (2008ms) 
 block [762/2415] : done (2007ms) 
 block [763/2415] : done (1966ms) 
 block [764/2415] : done (1977ms) 
 block [765/2415] : done (1982ms) 
 block [766/2415] : done (1987ms) 
 block [767/2415] : done (1996ms) 
 block [768/2415] : done (2001ms) 
 block [769/2415] : done (1977ms) 
 block [770/2415] : done (1952ms) 
 block [771/2415] : done (1960ms) 
 block [772/2415] : done (1961ms) 
 block [773/2415] : done (1967ms) 
 block [774/2415] : done (2033ms) 
 block [775/2415] : done (1990ms) 
 block [776/2415] : done (1889ms) 
 block [777/2415] : done (1918ms) 
 block [778/2415] : done (1899ms) 
 block [779/2415] : done (1925ms) 
 block [780/2415] : done (1937ms) 
 block [781/2415] : done (1947ms) 
 block [782/2415] : done (1930ms) 
 block [783/2415] : done (1942ms) 
 block [784/2415] : done (1943ms) 
 block [785/2415] : done (1912ms) 
 block [786/2415] : done (1984ms) 
 block [787/2415] : done (1917ms) 
 block [788/2415] : done (1894ms) 
 block [789/2415] : done (1970ms) 
 block [790/2415] : done (1932ms) 
 block [791/2415] : done (1944ms) 
 block [792/2415] : done (1936ms) 
 block [793/2415] : done (1956ms) 
 block [794/2415] : done (1939ms) 
 block [795/2415] : done (1963ms) 
 block [796/2415] : done (2018ms) 
 block [797/2415] : done (1971ms) 
 block [798/2415] : done (1997ms) 
 block [799/2415] : done (1998ms) 
 block [800/2415] : done (2002ms) 
 block [801/2415] : done (2005ms) 
 block [802/2415] : done (1956ms) 
 block [803/2415] : done (1876ms) 
 block [804/2415] : done (1943ms) 
 block [805/2415] : done (1954ms) 
 block [806/2415] : done (2049ms) 
 block [807/2415] : done (1948ms) 
 block [808/2415] : done (1974ms) 
 block [809/2415] : done (2047ms) 
 block [810/2415] : done (2008ms) 
 block [811/2415] : done (2030ms) 
 block [812/2415] : done (1982ms) 
 block [813/2415] : done (1948ms) 
 block [814/2415] : done (1990ms) 
 block [815/2415] : done (1963ms) 
 block [816/2415] : done (1938ms) 
 block [817/2415] : done (2037ms) 
 block [818/2415] : done (1968ms) 
 block [819/2415] : done (1983ms) 
 block [820/2415] : done (1917ms) 
 block [821/2415] : done (1937ms) 
 block [822/2415] : done (1922ms) 
 block [823/2415] : done (1944ms) 
 block [824/2415] : done (1982ms) 
 block [825/2415] : done (1931ms) 
 block [826/2415] : done (1939ms) 
 block [827/2415] : done (1953ms) 
 block [828/2415] : done (2004ms) 
 block [829/2415] : done (1942ms) 
 block [830/2415] : done (1907ms) 
 block [831/2415] : done (1922ms) 
 block [832/2415] : done (1960ms) 
 block [833/2415] : done (2019ms) 
 block [834/2415] : done (2032ms) 
 block [835/2415] : done (1974ms) 
 block [836/2415] : done (1979ms) 
 block [837/2415] : done (1981ms) 
 block [838/2415] : done (1923ms) 
 block [839/2415] : done (1927ms) 
 block [840/2415] : done (1939ms) 
 block [841/2415] : done (1889ms) 
 block [842/2415] : done (1915ms) 
 block [843/2415] : done (1955ms) 
 block [844/2415] : done (1977ms) 
 block [845/2415] : done (1959ms) 
 block [846/2415] : done (1999ms) 
 block [847/2415] : done (2043ms) 
 block [848/2415] : done (2034ms) 
 block [849/2415] : done (1938ms) 
 block [850/2415] : done (1964ms) 
 block [851/2415] : done (1899ms) 
 block [852/2415] : done (1960ms) 
 block [853/2415] : done (1932ms) 
 block [854/2415] : done (1919ms) 
 block [855/2415] : done (1953ms) 
 block [856/2415] : done (1948ms) 
 block [857/2415] : done (1972ms) 
 block [858/2415] : done (1989ms) 
 block [859/2415] : done (1949ms) 
 block [860/2415] : done (1986ms) 
 block [861/2415] : done (2016ms) 
 block [862/2415] : done (1981ms) 
 block [863/2415] : done (1916ms) 
 block [864/2415] : done (1966ms) 
 block [865/2415] : done (1979ms) 
 block [866/2415] : done (1990ms) 
 block [867/2415] : done (2032ms) 
 block [868/2415] : done (1932ms) 
 block [869/2415] : done (1957ms) 
 block [870/2415] : done (1948ms) 
 block [871/2415] : done (1981ms) 
 block [872/2415] : done (1972ms) 
 block [873/2415] : done (1971ms) 
 block [874/2415] : done (2022ms) 
 block [875/2415] : done (2000ms) 
 block [876/2415] : done (1976ms) 
 block [877/2415] : done (1965ms) 
 block [878/2415] : done (1984ms) 
 block [879/2415] : done (1971ms) 
 block [880/2415] : done (1927ms) 
 block [881/2415] : done (1971ms) 
 block [882/2415] : done (1983ms) 
 block [883/2415] : done (1921ms) 
 block [884/2415] : done (1926ms) 
 block [885/2415] : done (1963ms) 
 block [886/2415] : done (1942ms) 
 block [887/2415] : done (1940ms) 
 block [888/2415] : done (1964ms) 
 block [889/2415] : done (1971ms) 
 block [890/2415] : done (1930ms) 
 block [891/2415] : done (1956ms) 
 block [892/2415] : done (1969ms) 
 block [893/2415] : done (1978ms) 
 block [894/2415] : done (2027ms) 
 block [895/2415] : done (2049ms) 
 block [896/2415] : done (2030ms) 
 block [897/2415] : done (1926ms) 
 block [898/2415] : done (1950ms) 
 block [899/2415] : done (1940ms) 
 block [900/2415] : done (1922ms) 
 block [901/2415] : done (1910ms) 
 block [902/2415] : done (1918ms) 
 block [903/2415] : done (1946ms) 
 block [904/2415] : done (1938ms) 
 block [905/2415] : done (1934ms) 
 block [906/2415] : done (1981ms) 
 block [907/2415] : done (1948ms) 
 block [908/2415] : done (2020ms) 
 block [909/2415] : done (1967ms) 
 block [910/2415] : done (1947ms) 
 block [911/2415] : done (2023ms) 
 block [912/2415] : done (1985ms) 
 block [913/2415] : done (1977ms) 
 block [914/2415] : done (1987ms) 
 block [915/2415] : done (1983ms) 
 block [916/2415] : done (1969ms) 
 block [917/2415] : done (1953ms) 
 block [918/2415] : done (1947ms) 
 block [919/2415] : done (2006ms) 
 block [920/2415] : done (1961ms) 
 block [921/2415] : done (1926ms) 
 block [922/2415] : done (2000ms) 
 block [923/2415] : done (1919ms) 
 block [924/2415] : done (1944ms) 
 block [925/2415] : done (1931ms) 
 block [926/2415] : done (1941ms) 
 block [927/2415] : done (1932ms) 
 block [928/2415] : done (1909ms) 
 block [929/2415] : done (1898ms) 
 block [930/2415] : done (1920ms) 
 block [931/2415] : done (1920ms) 
 block [932/2415] : done (1952ms) 
 block [933/2415] : done (1909ms) 
 block [934/2415] : done (1851ms) 
 block [935/2415] : done (1908ms) 
 block [936/2415] : done (1934ms) 
 block [937/2415] : done (1931ms) 
 block [938/2415] : done (1965ms) 
 block [939/2415] : done (2038ms) 
 block [940/2415] : done (1977ms) 
 block [941/2415] : done (1995ms) 
 block [942/2415] : done (2018ms) 
 block [943/2415] : done (1979ms) 
 block [944/2415] : done (1972ms) 
 block [945/2415] : done (1944ms) 
 block [946/2415] : done (2001ms) 
 block [947/2415] : done (1929ms) 
 block [948/2415] : done (1982ms) 
 block [949/2415] : done (2001ms) 
 block [950/2415] : done (2044ms) 
 block [951/2415] : done (2010ms) 
 block [952/2415] : done (2006ms) 
 block [953/2415] : done (1950ms) 
 block [954/2415] : done (1992ms) 
 block [955/2415] : done (1923ms) 
 block [956/2415] : done (1908ms) 
 block [957/2415] : done (1947ms) 
 block [958/2415] : done (1974ms) 
 block [959/2415] : done (1988ms) 
 block [960/2415] : done (1869ms) 
 block [961/2415] : done (1890ms) 
 block [962/2415] : done (1869ms) 
 block [963/2415] : done (1912ms) 
 block [964/2415] : done (1935ms) 
 block [965/2415] : done (1959ms) 
 block [966/2415] : done (1947ms) 
 block [967/2415] : done (1991ms) 
 block [968/2415] : done (1981ms) 
 block [969/2415] : done (1938ms) 
 block [970/2415] : done (1921ms) 
 block [971/2415] : done (1934ms) 
 block [972/2415] : done (1937ms) 
 block [973/2415] : done (1958ms) 
 block [974/2415] : done (1976ms) 
 block [975/2415] : done (1932ms) 
 block [976/2415] : done (1958ms) 
 block [977/2415] : done (1957ms) 
 block [978/2415] : done (1885ms) 
 block [979/2415] : done (1895ms) 
 block [980/2415] : done (1926ms) 
 block [981/2415] : done (1923ms) 
 block [982/2415] : done (1953ms) 
 block [983/2415] : done (1969ms) 
 block [984/2415] : done (1964ms) 
 block [985/2415] : done (1949ms) 
 block [986/2415] : done (1933ms) 
 block [987/2415] : done (1977ms) 
 block [988/2415] : done (1956ms) 
 block [989/2415] : done (1957ms) 
 block [990/2415] : done (1995ms) 
 block [991/2415] : done (1947ms) 
 block [992/2415] : done (1932ms) 
 block [993/2415] : done (1950ms) 
 block [994/2415] : done (1933ms) 
 block [995/2415] : done (1897ms) 
 block [996/2415] : done (1949ms) 
 block [997/2415] : done (1946ms) 
 block [998/2415] : done (1950ms) 
 block [999/2415] : done (1988ms) 
 block [1000/2415] : done (1938ms) 
 block [1001/2415] : done (1946ms) 
 block [1002/2415] : done (2010ms) 
 block [1003/2415] : done (1996ms) 
 block [1004/2415] : done (2015ms) 
 block [1005/2415] : done (1969ms) 
 block [1006/2415] : done (1966ms) 
 block [1007/2415] : done (1998ms) 
 block [1008/2415] : done (1963ms) 
 block [1009/2415] : done (1947ms) 
 block [1010/2415] : done (1937ms) 
 block [1011/2415] : done (1928ms) 
 block [1012/2415] : done (1945ms) 
 block [1013/2415] : done (1972ms) 
 block [1014/2415] : done (1929ms) 
 block [1015/2415] : done (1958ms) 
 block [1016/2415] : done (1999ms) 
 block [1017/2415] : done (2057ms) 
 block [1018/2415] : done (1929ms) 
 block [1019/2415] : done (2132ms) 
 block [1020/2415] : done (1940ms) 
 block [1021/2415] : done (1965ms) 
 block [1022/2415] : done (1997ms) 
 block [1023/2415] : done (1987ms) 
 block [1024/2415] : done (2001ms) 
 block [1025/2415] : done (1946ms) 
 block [1026/2415] : done (1928ms) 
 block [1027/2415] : done (2003ms) 
 block [1028/2415] : done (1939ms) 
 block [1029/2415] : done (1937ms) 
 block [1030/2415] : done (1988ms) 
 block [1031/2415] : done (1993ms) 
 block [1032/2415] : done (1954ms) 
 block [1033/2415] : done (1971ms) 
 block [1034/2415] : done (1914ms) 
 block [1035/2415] : done (1946ms) 
 block [1036/2415] : done (2015ms) 
 block [1037/2415] : done (1998ms) 
 block [1038/2415] : done (1987ms) 
 block [1039/2415] : done (1979ms) 
 block [1040/2415] : done (2000ms) 
 block [1041/2415] : done (1940ms) 
 block [1042/2415] : done (1983ms) 
 block [1043/2415] : done (1990ms) 
 block [1044/2415] : done (1945ms) 
 block [1045/2415] : done (1974ms) 
 block [1046/2415] : done (1989ms) 
 block [1047/2415] : done (2012ms) 
 block [1048/2415] : done (2039ms) 
 block [1049/2415] : done (2038ms) 
 block [1050/2415] : done (1946ms) 
 block [1051/2415] : done (1965ms) 
 block [1052/2415] : done (1978ms) 
 block [1053/2415] : done (1946ms) 
 block [1054/2415] : done (1945ms) 
 block [1055/2415] : done (2007ms) 
 block [1056/2415] : done (2013ms) 
 block [1057/2415] : done (1959ms) 
 block [1058/2415] : done (2000ms) 
 block [1059/2415] : done (1984ms) 
 block [1060/2415] : done (1998ms) 
 block [1061/2415] : done (1969ms) 
 block [1062/2415] : done (1906ms) 
 block [1063/2415] : done (1921ms) 
 block [1064/2415] : done (1971ms) 
 block [1065/2415] : done (1959ms) 
 block [1066/2415] : done (1961ms) 
 block [1067/2415] : done (1989ms) 
 block [1068/2415] : done (1975ms) 
 block [1069/2415] : done (1985ms) 
 block [1070/2415] : done (1959ms) 
 block [1071/2415] : done (1975ms) 
 block [1072/2415] : done (1961ms) 
 block [1073/2415] : done (1949ms) 
 block [1074/2415] : done (2011ms) 
 block [1075/2415] : done (1933ms) 
 block [1076/2415] : done (1900ms) 
 block [1077/2415] : done (1899ms) 
 block [1078/2415] : done (1953ms) 
 block [1079/2415] : done (2028ms) 
 block [1080/2415] : done (2001ms) 
 block [1081/2415] : done (2000ms) 
 block [1082/2415] : done (1980ms) 
 block [1083/2415] : done (1936ms) 
 block [1084/2415] : done (1971ms) 
 block [1085/2415] : done (1985ms) 
 block [1086/2415] : done (1958ms) 
 block [1087/2415] : done (1953ms) 
 block [1088/2415] : done (1975ms) 
 block [1089/2415] : done (1996ms) 
 block [1090/2415] : done (1998ms) 
 block [1091/2415] : done (1994ms) 
 block [1092/2415] : done (2005ms) 
 block [1093/2415] : done (2002ms) 
 block [1094/2415] : done (1930ms) 
 block [1095/2415] : done (2028ms) 
 block [1096/2415] : done (1968ms) 
 block [1097/2415] : done (1956ms) 
 block [1098/2415] : done (1984ms) 
 block [1099/2415] : done (1916ms) 
 block [1100/2415] : done (1927ms) 
 block [1101/2415] : done (1934ms) 
 block [1102/2415] : done (1939ms) 
 block [1103/2415] : done (1928ms) 
 block [1104/2415] : done (1957ms) 
 block [1105/2415] : done (2014ms) 
 block [1106/2415] : done (2005ms) 
 block [1107/2415] : done (1935ms) 
 block [1108/2415] : done (1991ms) 
 block [1109/2415] : done (1974ms) 
 block [1110/2415] : done (1938ms) 
 block [1111/2415] : done (1948ms) 
 block [1112/2415] : done (1947ms) 
 block [1113/2415] : done (1956ms) 
 block [1114/2415] : done (1996ms) 
 block [1115/2415] : done (1886ms) 
 block [1116/2415] : done (1865ms) 
 block [1117/2415] : done (1938ms) 
 block [1118/2415] : done (1934ms) 
 block [1119/2415] : done (1926ms) 
 block [1120/2415] : done (1882ms) 
 block [1121/2415] : done (1903ms) 
 block [1122/2415] : done (1924ms) 
 block [1123/2415] : done (1915ms) 
 block [1124/2415] : done (1979ms) 
 block [1125/2415] : done (1955ms) 
 block [1126/2415] : done (1959ms) 
 block [1127/2415] : done (1994ms) 
 block [1128/2415] : done (1974ms) 
 block [1129/2415] : done (1976ms) 
 block [1130/2415] : done (1978ms) 
 block [1131/2415] : done (1976ms) 
 block [1132/2415] : done (2011ms) 
 block [1133/2415] : done (1955ms) 
 block [1134/2415] : done (1944ms) 
 block [1135/2415] : done (1969ms) 
 block [1136/2415] : done (1989ms) 
 block [1137/2415] : done (1926ms) 
 block [1138/2415] : done (1956ms) 
 block [1139/2415] : done (2006ms) 
 block [1140/2415] : done (1987ms) 
 block [1141/2415] : done (1967ms) 
 block [1142/2415] : done (2009ms) 
 block [1143/2415] : done (2006ms) 
 block [1144/2415] : done (1982ms) 
 block [1145/2415] : done (1920ms) 
 block [1146/2415] : done (1939ms) 
 block [1147/2415] : done (1928ms) 
 block [1148/2415] : done (1984ms) 
 block [1149/2415] : done (1948ms) 
 block [1150/2415] : done (1950ms) 
 block [1151/2415] : done (1939ms) 
 block [1152/2415] : done (1959ms) 
 block [1153/2415] : done (1988ms) 
 block [1154/2415] : done (2012ms) 
 block [1155/2415] : done (1942ms) 
 block [1156/2415] : done (1939ms) 
 block [1157/2415] : done (1959ms) 
 block [1158/2415] : done (1874ms) 
 block [1159/2415] : done (1882ms) 
 block [1160/2415] : done (1894ms) 
 block [1161/2415] : done (1907ms) 
 block [1162/2415] : done (1926ms) 
 block [1163/2415] : done (1968ms) 
 block [1164/2415] : done (1948ms) 
 block [1165/2415] : done (1932ms) 
 block [1166/2415] : done (1987ms) 
 block [1167/2415] : done (1923ms) 
 block [1168/2415] : done (1872ms) 
 block [1169/2415] : done (1982ms) 
 block [1170/2415] : done (1990ms) 
 block [1171/2415] : done (1907ms) 
 block [1172/2415] : done (1927ms) 
 block [1173/2415] : done (1923ms) 
 block [1174/2415] : done (1943ms) 
 block [1175/2415] : done (1964ms) 
 block [1176/2415] : done (1944ms) 
 block [1177/2415] : done (1937ms) 
 block [1178/2415] : done (1949ms) 
 block [1179/2415] : done (1920ms) 
 block [1180/2415] : done (1994ms) 
 block [1181/2415] : done (2010ms) 
 block [1182/2415] : done (1973ms) 
 block [1183/2415] : done (1911ms) 
 block [1184/2415] : done (1928ms) 
 block [1185/2415] : done (1985ms) 
 block [1186/2415] : done (2003ms) 
 block [1187/2415] : done (1891ms) 
 block [1188/2415] : done (1909ms) 
 block [1189/2415] : done (1875ms) 
 block [1190/2415] : done (1999ms) 
 block [1191/2415] : done (1974ms) 
 block [1192/2415] : done (1940ms) 
 block [1193/2415] : done (1957ms) 
 block [1194/2415] : done (1902ms) 
 block [1195/2415] : done (1937ms) 
 block [1196/2415] : done (1965ms) 
 block [1197/2415] : done (1899ms) 
 block [1198/2415] : done (2026ms) 
 block [1199/2415] : done (1974ms) 
 block [1200/2415] : done (1982ms) 
 block [1201/2415] : done (1909ms) 
 block [1202/2415] : done (1921ms) 
 block [1203/2415] : done (1972ms) 
 block [1204/2415] : done (1946ms) 
 block [1205/2415] : done (1896ms) 
 block [1206/2415] : done (1972ms) 
 block [1207/2415] : done (1996ms) 
 block [1208/2415] : done (1956ms) 
 block [1209/2415] : done (1972ms) 
 block [1210/2415] : done (1937ms) 
 block [1211/2415] : done (1930ms) 
 block [1212/2415] : done (1955ms) 
 block [1213/2415] : done (1992ms) 
 block [1214/2415] : done (1993ms) 
 block [1215/2415] : done (2027ms) 
 block [1216/2415] : done (2042ms) 
 block [1217/2415] : done (1993ms) 
 block [1218/2415] : done (1995ms) 
 block [1219/2415] : done (1920ms) 
 block [1220/2415] : done (1962ms) 
 block [1221/2415] : done (1953ms) 
 block [1222/2415] : done (1986ms) 
 block [1223/2415] : done (2017ms) 
 block [1224/2415] : done (1949ms) 
 block [1225/2415] : done (1951ms) 
 block [1226/2415] : done (1962ms) 
 block [1227/2415] : done (1976ms) 
 block [1228/2415] : done (1911ms) 
 block [1229/2415] : done (1902ms) 
 block [1230/2415] : done (1861ms) 
 block [1231/2415] : done (1886ms) 
 block [1232/2415] : done (1873ms) 
 block [1233/2415] : done (1898ms) 
 block [1234/2415] : done (1893ms) 
 block [1235/2415] : done (1972ms) 
 block [1236/2415] : done (1973ms) 
 block [1237/2415] : done (1979ms) 
 block [1238/2415] : done (1912ms) 
 block [1239/2415] : done (1933ms) 
 block [1240/2415] : done (1927ms) 
 block [1241/2415] : done (1928ms) 
 block [1242/2415] : done (1965ms) 
 block [1243/2415] : done (2015ms) 
 block [1244/2415] : done (1951ms) 
 block [1245/2415] : done (1956ms) 
 block [1246/2415] : done (1928ms) 
 block [1247/2415] : done (1937ms) 
 block [1248/2415] : done (1900ms) 
 block [1249/2415] : done (1940ms) 
 block [1250/2415] : done (1942ms) 
 block [1251/2415] : done (1952ms) 
 block [1252/2415] : done (1952ms) 
 block [1253/2415] : done (1995ms) 
 block [1254/2415] : done (1980ms) 
 block [1255/2415] : done (1958ms) 
 block [1256/2415] : done (1948ms) 
 block [1257/2415] : done (1936ms) 
 block [1258/2415] : done (1947ms) 
 block [1259/2415] : done (1936ms) 
 block [1260/2415] : done (1938ms) 
 block [1261/2415] : done (1930ms) 
 block [1262/2415] : done (1924ms) 
 block [1263/2415] : done (1953ms) 
 block [1264/2415] : done (2003ms) 
 block [1265/2415] : done (1954ms) 
 block [1266/2415] : done (1991ms) 
 block [1267/2415] : done (2047ms) 
 block [1268/2415] : done (1970ms) 
 block [1269/2415] : done (1950ms) 
 block [1270/2415] : done (1958ms) 
 block [1271/2415] : done (1944ms) 
 block [1272/2415] : done (1949ms) 
 block [1273/2415] : done (1918ms) 
 block [1274/2415] : done (1943ms) 
 block [1275/2415] : done (1946ms) 
 block [1276/2415] : done (1945ms) 
 block [1277/2415] : done (1938ms) 
 block [1278/2415] : done (1979ms) 
 block [1279/2415] : done (2029ms) 
 block [1280/2415] : done (1935ms) 
 block [1281/2415] : done (1925ms) 
 block [1282/2415] : done (1893ms) 
 block [1283/2415] : done (1891ms) 
 block [1284/2415] : done (1932ms) 
 block [1285/2415] : done (1963ms) 
 block [1286/2415] : done (1954ms) 
 block [1287/2415] : done (1941ms) 
 block [1288/2415] : done (1947ms) 
 block [1289/2415] : done (1953ms) 
 block [1290/2415] : done (1969ms) 
 block [1291/2415] : done (1990ms) 
 block [1292/2415] : done (1974ms) 
 block [1293/2415] : done (1966ms) 
 block [1294/2415] : done (1971ms) 
 block [1295/2415] : done (2039ms) 
 block [1296/2415] : done (1944ms) 
 block [1297/2415] : done (1972ms) 
 block [1298/2415] : done (1961ms) 
 block [1299/2415] : done (1940ms) 
 block [1300/2415] : done (1973ms) 
 block [1301/2415] : done (1959ms) 
 block [1302/2415] : done (2013ms) 
 block [1303/2415] : done (1967ms) 
 block [1304/2415] : done (1993ms) 
 block [1305/2415] : done (1960ms) 
 block [1306/2415] : done (2019ms) 
 block [1307/2415] : done (1999ms) 
 block [1308/2415] : done (1990ms) 
 block [1309/2415] : done (2065ms) 
 block [1310/2415] : done (2070ms) 
 block [1311/2415] : done (1979ms) 
 block [1312/2415] : done (1999ms) 
 block [1313/2415] : done (2001ms) 
 block [1314/2415] : done (2025ms) 
 block [1315/2415] : done (1998ms) 
 block [1316/2415] : done (2021ms) 
 block [1317/2415] : done (1980ms) 
 block [1318/2415] : done (2022ms) 
 block [1319/2415] : done (1966ms) 
 block [1320/2415] : done (2007ms) 
 block [1321/2415] : done (1977ms) 
 block [1322/2415] : done (1955ms) 
 block [1323/2415] : done (1970ms) 
 block [1324/2415] : done (1949ms) 
 block [1325/2415] : done (1994ms) 
 block [1326/2415] : done (1938ms) 
 block [1327/2415] : done (1955ms) 
 block [1328/2415] : done (1913ms) 
 block [1329/2415] : done (1922ms) 
 block [1330/2415] : done (1972ms) 
 block [1331/2415] : done (1888ms) 
 block [1332/2415] : done (1935ms) 
 block [1333/2415] : done (1987ms) 
 block [1334/2415] : done (2002ms) 
 block [1335/2415] : done (1992ms) 
 block [1336/2415] : done (1976ms) 
 block [1337/2415] : done (2007ms) 
 block [1338/2415] : done (1974ms) 
 block [1339/2415] : done (1955ms) 
 block [1340/2415] : done (1933ms) 
 block [1341/2415] : done (1970ms) 
 block [1342/2415] : done (1955ms) 
 block [1343/2415] : done (1989ms) 
 block [1344/2415] : done (1939ms) 
 block [1345/2415] : done (1931ms) 
 block [1346/2415] : done (1956ms) 
 block [1347/2415] : done (1910ms) 
 block [1348/2415] : done (1959ms) 
 block [1349/2415] : done (1936ms) 
 block [1350/2415] : done (1960ms) 
 block [1351/2415] : done (1955ms) 
 block [1352/2415] : done (1961ms) 
 block [1353/2415] : done (1956ms) 
 block [1354/2415] : done (1983ms) 
 block [1355/2415] : done (1932ms) 
 block [1356/2415] : done (1975ms) 
 block [1357/2415] : done (1979ms) 
 block [1358/2415] : done (1963ms) 
 block [1359/2415] : done (1962ms) 
 block [1360/2415] : done (1987ms) 
 block [1361/2415] : done (2010ms) 
 block [1362/2415] : done (1949ms) 
 block [1363/2415] : done (1959ms) 
 block [1364/2415] : done (1993ms) 
 block [1365/2415] : done (1932ms) 
 block [1366/2415] : done (1932ms) 
 block [1367/2415] : done (1956ms) 
 block [1368/2415] : done (1972ms) 
 block [1369/2415] : done (2058ms) 
 block [1370/2415] : done (2001ms) 
 block [1371/2415] : done (1982ms) 
 block [1372/2415] : done (1952ms) 
 block [1373/2415] : done (1978ms) 
 block [1374/2415] : done (1982ms) 
 block [1375/2415] : done (1956ms) 
 block [1376/2415] : done (1991ms) 
 block [1377/2415] : done (2034ms) 
 block [1378/2415] : done (1961ms) 
 block [1379/2415] : done (1939ms) 
 block [1380/2415] : done (2010ms) 
 block [1381/2415] : done (1966ms) 
 block [1382/2415] : done (1994ms) 
 block [1383/2415] : done (2005ms) 
 block [1384/2415] : done (1983ms) 
 block [1385/2415] : done (1981ms) 
 block [1386/2415] : done (1995ms) 
 block [1387/2415] : done (1973ms) 
 block [1388/2415] : done (1969ms) 
 block [1389/2415] : done (1949ms) 
 block [1390/2415] : done (1933ms) 
 block [1391/2415] : done (1961ms) 
 block [1392/2415] : done (1990ms) 
 block [1393/2415] : done (1998ms) 
 block [1394/2415] : done (2071ms) 
 block [1395/2415] : done (1997ms) 
 block [1396/2415] : done (2053ms) 
 block [1397/2415] : done (2011ms) 
 block [1398/2415] : done (2011ms) 
 block [1399/2415] : done (1987ms) 
 block [1400/2415] : done (2002ms) 
 block [1401/2415] : done (1993ms) 
 block [1402/2415] : done (1980ms) 
 block [1403/2415] : done (1976ms) 
 block [1404/2415] : done (1962ms) 
 block [1405/2415] : done (1956ms) 
 block [1406/2415] : done (1954ms) 
 block [1407/2415] : done (1981ms) 
 block [1408/2415] : done (2068ms) 
 block [1409/2415] : done (2051ms) 
 block [1410/2415] : done (1936ms) 
 block [1411/2415] : done (1995ms) 
 block [1412/2415] : done (1963ms) 
 block [1413/2415] : done (1964ms) 
 block [1414/2415] : done (1930ms) 
 block [1415/2415] : done (1975ms) 
 block [1416/2415] : done (2003ms) 
 block [1417/2415] : done (1936ms) 
 block [1418/2415] : done (1946ms) 
 block [1419/2415] : done (1962ms) 
 block [1420/2415] : done (1934ms) 
 block [1421/2415] : done (1969ms) 
 block [1422/2415] : done (1955ms) 
 block [1423/2415] : done (1985ms) 
 block [1424/2415] : done (1947ms) 
 block [1425/2415] : done (1959ms) 
 block [1426/2415] : done (2020ms) 
 block [1427/2415] : done (2003ms) 
 block [1428/2415] : done (1961ms) 
 block [1429/2415] : done (1942ms) 
 block [1430/2415] : done (1969ms) 
 block [1431/2415] : done (1969ms) 
 block [1432/2415] : done (1935ms) 
 block [1433/2415] : done (1948ms) 
 block [1434/2415] : done (1992ms) 
 block [1435/2415] : done (1962ms) 
 block [1436/2415] : done (1978ms) 
 block [1437/2415] : done (1920ms) 
 block [1438/2415] : done (2002ms) 
 block [1439/2415] : done (2034ms) 
 block [1440/2415] : done (1983ms) 
 block [1441/2415] : done (1966ms) 
 block [1442/2415] : done (1995ms) 
 block [1443/2415] : done (2031ms) 
 block [1444/2415] : done (1984ms) 
 block [1445/2415] : done (2020ms) 
 block [1446/2415] : done (2011ms) 
 block [1447/2415] : done (1963ms) 
 block [1448/2415] : done (1959ms) 
 block [1449/2415] : done (2032ms) 
 block [1450/2415] : done (1954ms) 
 block [1451/2415] : done (1945ms) 
 block [1452/2415] : done (1931ms) 
 block [1453/2415] : done (1937ms) 
 block [1454/2415] : done (1937ms) 
 block [1455/2415] : done (1954ms) 
 block [1456/2415] : done (1924ms) 
 block [1457/2415] : done (2010ms) 
 block [1458/2415] : done (2014ms) 
 block [1459/2415] : done (1980ms) 
 block [1460/2415] : done (1988ms) 
 block [1461/2415] : done (1977ms) 
 block [1462/2415] : done (1950ms) 
 block [1463/2415] : done (1961ms) 
 block [1464/2415] : done (1996ms) 
 block [1465/2415] : done (1947ms) 
 block [1466/2415] : done (1998ms) 
 block [1467/2415] : done (1933ms) 
 block [1468/2415] : done (1984ms) 
 block [1469/2415] : done (1964ms) 
 block [1470/2415] : done (2000ms) 
 block [1471/2415] : done (1945ms) 
 block [1472/2415] : done (1958ms) 
 block [1473/2415] : done (1969ms) 
 block [1474/2415] : done (1931ms) 
 block [1475/2415] : done (1917ms) 
 block [1476/2415] : done (1909ms) 
 block [1477/2415] : done (1961ms) 
 block [1478/2415] : done (1958ms) 
 block [1479/2415] : done (1943ms) 
 block [1480/2415] : done (2007ms) 
 block [1481/2415] : done (1975ms) 
 block [1482/2415] : done (1932ms) 
 block [1483/2415] : done (1978ms) 
 block [1484/2415] : done (1923ms) 
 block [1485/2415] : done (1946ms) 
 block [1486/2415] : done (1999ms) 
 block [1487/2415] : done (1965ms) 
 block [1488/2415] : done (1972ms) 
 block [1489/2415] : done (1965ms) 
 block [1490/2415] : done (2014ms) 
 block [1491/2415] : done (1956ms) 
 block [1492/2415] : done (1980ms) 
 block [1493/2415] : done (1949ms) 
 block [1494/2415] : done (1947ms) 
 block [1495/2415] : done (1958ms) 
 block [1496/2415] : done (1969ms) 
 block [1497/2415] : done (2001ms) 
 block [1498/2415] : done (1965ms) 
 block [1499/2415] : done (1925ms) 
 block [1500/2415] : done (1909ms) 
 block [1501/2415] : done (1903ms) 
 block [1502/2415] : done (1913ms) 
 block [1503/2415] : done (1958ms) 
 block [1504/2415] : done (1991ms) 
 block [1505/2415] : done (1968ms) 
 block [1506/2415] : done (2005ms) 
 block [1507/2415] : done (1960ms) 
 block [1508/2415] : done (1925ms) 
 block [1509/2415] : done (1988ms) 
 block [1510/2415] : done (2050ms) 
 block [1511/2415] : done (2062ms) 
 block [1512/2415] : done (1940ms) 
 block [1513/2415] : done (1940ms) 
 block [1514/2415] : done (1962ms) 
 block [1515/2415] : done (1942ms) 
 block [1516/2415] : done (1965ms) 
 block [1517/2415] : done (1934ms) 
 block [1518/2415] : done (1979ms) 
 block [1519/2415] : done (1935ms) 
 block [1520/2415] : done (1949ms) 
 block [1521/2415] : done (1907ms) 
 block [1522/2415] : done (1919ms) 
 block [1523/2415] : done (1911ms) 
 block [1524/2415] : done (1999ms) 
 block [1525/2415] : done (1965ms) 
 block [1526/2415] : done (1943ms) 
 block [1527/2415] : done (1960ms) 
 block [1528/2415] : done (1999ms) 
 block [1529/2415] : done (1957ms) 
 block [1530/2415] : done (1965ms) 
 block [1531/2415] : done (1970ms) 
 block [1532/2415] : done (2026ms) 
 block [1533/2415] : done (1918ms) 
 block [1534/2415] : done (1956ms) 
 block [1535/2415] : done (1975ms) 
 block [1536/2415] : done (1931ms) 
 block [1537/2415] : done (1951ms) 
 block [1538/2415] : done (1957ms) 
 block [1539/2415] : done (1947ms) 
 block [1540/2415] : done (1955ms) 
 block [1541/2415] : done (1921ms) 
 block [1542/2415] : done (1940ms) 
 block [1543/2415] : done (1912ms) 
 block [1544/2415] : done (1937ms) 
 block [1545/2415] : done (1888ms) 
 block [1546/2415] : done (1977ms) 
 block [1547/2415] : done (1957ms) 
 block [1548/2415] : done (1937ms) 
 block [1549/2415] : done (1948ms) 
 block [1550/2415] : done (1948ms) 
 block [1551/2415] : done (1953ms) 
 block [1552/2415] : done (1987ms) 
 block [1553/2415] : done (1971ms) 
 block [1554/2415] : done (1931ms) 
 block [1555/2415] : done (1947ms) 
 block [1556/2415] : done (1997ms) 
 block [1557/2415] : done (2023ms) 
 block [1558/2415] : done (2011ms) 
 block [1559/2415] : done (1940ms) 
 block [1560/2415] : done (1984ms) 
 block [1561/2415] : done (1920ms) 
 block [1562/2415] : done (1963ms) 
 block [1563/2415] : done (1978ms) 
 block [1564/2415] : done (1968ms) 
 block [1565/2415] : done (1980ms) 
 block [1566/2415] : done (2019ms) 
 block [1567/2415] : done (1949ms) 
 block [1568/2415] : done (1923ms) 
 block [1569/2415] : done (1940ms) 
 block [1570/2415] : done (1965ms) 
 block [1571/2415] : done (1934ms) 
 block [1572/2415] : done (1930ms) 
 block [1573/2415] : done (1955ms) 
 block [1574/2415] : done (1921ms) 
 block [1575/2415] : done (1944ms) 
 block [1576/2415] : done (1941ms) 
 block [1577/2415] : done (2053ms) 
 block [1578/2415] : done (1940ms) 
 block [1579/2415] : done (1991ms) 
 block [1580/2415] : done (1985ms) 
 block [1581/2415] : done (1992ms) 
 block [1582/2415] : done (1953ms) 
 block [1583/2415] : done (1923ms) 
 block [1584/2415] : done (1934ms) 
 block [1585/2415] : done (1931ms) 
 block [1586/2415] : done (1937ms) 
 block [1587/2415] : done (1934ms) 
 block [1588/2415] : done (1922ms) 
 block [1589/2415] : done (1927ms) 
 block [1590/2415] : done (1945ms) 
 block [1591/2415] : done (2000ms) 
 block [1592/2415] : done (2000ms) 
 block [1593/2415] : done (2023ms) 
 block [1594/2415] : done (1993ms) 
 block [1595/2415] : done (1984ms) 
 block [1596/2415] : done (1952ms) 
 block [1597/2415] : done (1955ms) 
 block [1598/2415] : done (1952ms) 
 block [1599/2415] : done (1939ms) 
 block [1600/2415] : done (1950ms) 
 block [1601/2415] : done (1981ms) 
 block [1602/2415] : done (1999ms) 
 block [1603/2415] : done (1966ms) 
 block [1604/2415] : done (1948ms) 
 block [1605/2415] : done (1954ms) 
 block [1606/2415] : done (1931ms) 
 block [1607/2415] : done (1998ms) 
 block [1608/2415] : done (2012ms) 
 block [1609/2415] : done (1999ms) 
 block [1610/2415] : done (1949ms) 
 block [1611/2415] : done (1940ms) 
 block [1612/2415] : done (1955ms) 
 block [1613/2415] : done (1940ms) 
 block [1614/2415] : done (1942ms) 
 block [1615/2415] : done (1985ms) 
 block [1616/2415] : done (1964ms) 
 block [1617/2415] : done (2014ms) 
 block [1618/2415] : done (1978ms) 
 block [1619/2415] : done (1971ms) 
 block [1620/2415] : done (1908ms) 
 block [1621/2415] : done (1894ms) 
 block [1622/2415] : done (1892ms) 
 block [1623/2415] : done (1904ms) 
 block [1624/2415] : done (1956ms) 
 block [1625/2415] : done (1961ms) 
 block [1626/2415] : done (1957ms) 
 block [1627/2415] : done (1973ms) 
 block [1628/2415] : done (1995ms) 
 block [1629/2415] : done (2028ms) 
 block [1630/2415] : done (1989ms) 
 block [1631/2415] : done (2069ms) 
 block [1632/2415] : done (1985ms) 
 block [1633/2415] : done (1925ms) 
 block [1634/2415] : done (1979ms) 
 block [1635/2415] : done (1968ms) 
 block [1636/2415] : done (2010ms) 
 block [1637/2415] : done (1981ms) 
 block [1638/2415] : done (2002ms) 
 block [1639/2415] : done (1965ms) 
 block [1640/2415] : done (2003ms) 
 block [1641/2415] : done (1996ms) 
 block [1642/2415] : done (1957ms) 
 block [1643/2415] : done (2034ms) 
 block [1644/2415] : done (1956ms) 
 block [1645/2415] : done (1937ms) 
 block [1646/2415] : done (1924ms) 
 block [1647/2415] : done (1942ms) 
 block [1648/2415] : done (1931ms) 
 block [1649/2415] : done (1969ms) 
 block [1650/2415] : done (2034ms) 
 block [1651/2415] : done (2019ms) 
 block [1652/2415] : done (1954ms) 
 block [1653/2415] : done (2020ms) 
 block [1654/2415] : done (1947ms) 
 block [1655/2415] : done (1938ms) 
 block [1656/2415] : done (1956ms) 
 block [1657/2415] : done (1959ms) 
 block [1658/2415] : done (1938ms) 
 block [1659/2415] : done (1929ms) 
 block [1660/2415] : done (1991ms) 
 block [1661/2415] : done (2009ms) 
 block [1662/2415] : done (1927ms) 
 block [1663/2415] : done (1934ms) 
 block [1664/2415] : done (2015ms) 
 block [1665/2415] : done (1955ms) 
 block [1666/2415] : done (1959ms) 
 block [1667/2415] : done (1962ms) 
 block [1668/2415] : done (1917ms) 
 block [1669/2415] : done (2007ms) 
 block [1670/2415] : done (1955ms) 
 block [1671/2415] : done (1967ms) 
 block [1672/2415] : done (1997ms) 
 block [1673/2415] : done (1898ms) 
 block [1674/2415] : done (1997ms) 
 block [1675/2415] : done (2020ms) 
 block [1676/2415] : done (2057ms) 
 block [1677/2415] : done (2005ms) 
 block [1678/2415] : done (1975ms) 
 block [1679/2415] : done (2045ms) 
 block [1680/2415] : done (1993ms) 
 block [1681/2415] : done (1977ms) 
 block [1682/2415] : done (1989ms) 
 block [1683/2415] : done (1959ms) 
 block [1684/2415] : done (1991ms) 
 block [1685/2415] : done (1952ms) 
 block [1686/2415] : done (1942ms) 
 block [1687/2415] : done (1958ms) 
 block [1688/2415] : done (1969ms) 
 block [1689/2415] : done (1927ms) 
 block [1690/2415] : done (1950ms) 
 block [1691/2415] : done (1914ms) 
 block [1692/2415] : done (1930ms) 
 block [1693/2415] : done (1981ms) 
 block [1694/2415] : done (1965ms) 
 block [1695/2415] : done (1973ms) 
 block [1696/2415] : done (1906ms) 
 block [1697/2415] : done (1982ms) 
 block [1698/2415] : done (1935ms) 
 block [1699/2415] : done (1964ms) 
 block [1700/2415] : done (1967ms) 
 block [1701/2415] : done (1955ms) 
 block [1702/2415] : done (1965ms) 
 block [1703/2415] : done (1964ms) 
 block [1704/2415] : done (2014ms) 
 block [1705/2415] : done (2070ms) 
 block [1706/2415] : done (1998ms) 
 block [1707/2415] : done (1981ms) 
 block [1708/2415] : done (2004ms) 
 block [1709/2415] : done (1997ms) 
 block [1710/2415] : done (1995ms) 
 block [1711/2415] : done (1946ms) 
 block [1712/2415] : done (1977ms) 
 block [1713/2415] : done (2013ms) 
 block [1714/2415] : done (2036ms) 
 block [1715/2415] : done (1962ms) 
 block [1716/2415] : done (2018ms) 
 block [1717/2415] : done (2005ms) 
 block [1718/2415] : done (1952ms) 
 block [1719/2415] : done (2027ms) 
 block [1720/2415] : done (2023ms) 
 block [1721/2415] : done (2017ms) 
 block [1722/2415] : done (1987ms) 
 block [1723/2415] : done (1995ms) 
 block [1724/2415] : done (2048ms) 
 block [1725/2415] : done (2012ms) 
 block [1726/2415] : done (1928ms) 
 block [1727/2415] : done (1997ms) 
 block [1728/2415] : done (1975ms) 
 block [1729/2415] : done (1922ms) 
 block [1730/2415] : done (1997ms) 
 block [1731/2415] : done (2019ms) 
 block [1732/2415] : done (2002ms) 
 block [1733/2415] : done (1977ms) 
 block [1734/2415] : done (1941ms) 
 block [1735/2415] : done (1963ms) 
 block [1736/2415] : done (2005ms) 
 block [1737/2415] : done (1968ms) 
 block [1738/2415] : done (2005ms) 
 block [1739/2415] : done (1984ms) 
 block [1740/2415] : done (1966ms) 
 block [1741/2415] : done (1962ms) 
 block [1742/2415] : done (2027ms) 
 block [1743/2415] : done (1958ms) 
 block [1744/2415] : done (2033ms) 
 block [1745/2415] : done (1980ms) 
 block [1746/2415] : done (1973ms) 
 block [1747/2415] : done (1963ms) 
 block [1748/2415] : done (2024ms) 
 block [1749/2415] : done (1948ms) 
 block [1750/2415] : done (2027ms) 
 block [1751/2415] : done (1962ms) 
 block [1752/2415] : done (1979ms) 
 block [1753/2415] : done (2011ms) 
 block [1754/2415] : done (2008ms) 
 block [1755/2415] : done (1935ms) 
 block [1756/2415] : done (1945ms) 
 block [1757/2415] : done (1953ms) 
 block [1758/2415] : done (1947ms) 
 block [1759/2415] : done (2006ms) 
 block [1760/2415] : done (1979ms) 
 block [1761/2415] : done (2013ms) 
 block [1762/2415] : done (1952ms) 
 block [1763/2415] : done (1979ms) 
 block [1764/2415] : done (1955ms) 
 block [1765/2415] : done (1984ms) 
 block [1766/2415] : done (1959ms) 
 block [1767/2415] : done (2023ms) 
 block [1768/2415] : done (2003ms) 
 block [1769/2415] : done (2067ms) 
 block [1770/2415] : done (1963ms) 
 block [1771/2415] : done (2017ms) 
 block [1772/2415] : done (1960ms) 
 block [1773/2415] : done (2021ms) 
 block [1774/2415] : done (1953ms) 
 block [1775/2415] : done (1956ms) 
 block [1776/2415] : done (2003ms) 
 block [1777/2415] : done (1980ms) 
 block [1778/2415] : done (1969ms) 
 block [1779/2415] : done (1985ms) 
 block [1780/2415] : done (2031ms) 
 block [1781/2415] : done (1997ms) 
 block [1782/2415] : done (2035ms) 
 block [1783/2415] : done (1963ms) 
 block [1784/2415] : done (1893ms) 
 block [1785/2415] : done (1888ms) 
 block [1786/2415] : done (1898ms) 
 block [1787/2415] : done (1976ms) 
 block [1788/2415] : done (1986ms) 
 block [1789/2415] : done (1969ms) 
 block [1790/2415] : done (2058ms) 
 block [1791/2415] : done (2028ms) 
 block [1792/2415] : done (2045ms) 
 block [1793/2415] : done (1960ms) 
 block [1794/2415] : done (1942ms) 
 block [1795/2415] : done (1952ms) 
 block [1796/2415] : done (1952ms) 
 block [1797/2415] : done (1932ms) 
 block [1798/2415] : done (1958ms) 
 block [1799/2415] : done (1989ms) 
 block [1800/2415] : done (1979ms) 
 block [1801/2415] : done (1935ms) 
 block [1802/2415] : done (1919ms) 
 block [1803/2415] : done (1903ms) 
 block [1804/2415] : done (1921ms) 
 block [1805/2415] : done (1932ms) 
 block [1806/2415] : done (1982ms) 
 block [1807/2415] : done (2029ms) 
 block [1808/2415] : done (1963ms) 
 block [1809/2415] : done (1940ms) 
 block [1810/2415] : done (1945ms) 
 block [1811/2415] : done (1990ms) 
 block [1812/2415] : done (1971ms) 
 block [1813/2415] : done (1973ms) 
 block [1814/2415] : done (1994ms) 
 block [1815/2415] : done (1968ms) 
 block [1816/2415] : done (2011ms) 
 block [1817/2415] : done (1977ms) 
 block [1818/2415] : done (2023ms) 
 block [1819/2415] : done (2045ms) 
 block [1820/2415] : done (1986ms) 
 block [1821/2415] : done (1941ms) 
 block [1822/2415] : done (1969ms) 
 block [1823/2415] : done (2018ms) 
 block [1824/2415] : done (1965ms) 
 block [1825/2415] : done (2025ms) 
 block [1826/2415] : done (1989ms) 
 block [1827/2415] : done (1942ms) 
 block [1828/2415] : done (1965ms) 
 block [1829/2415] : done (1982ms) 
 block [1830/2415] : done (1965ms) 
 block [1831/2415] : done (1966ms) 
 block [1832/2415] : done (1955ms) 
 block [1833/2415] : done (1979ms) 
 block [1834/2415] : done (1988ms) 
 block [1835/2415] : done (2045ms) 
 block [1836/2415] : done (2002ms) 
 block [1837/2415] : done (1983ms) 
 block [1838/2415] : done (1957ms) 
 block [1839/2415] : done (1989ms) 
 block [1840/2415] : done (2006ms) 
 block [1841/2415] : done (2019ms) 
 block [1842/2415] : done (1965ms) 
 block [1843/2415] : done (1932ms) 
 block [1844/2415] : done (1956ms) 
 block [1845/2415] : done (1994ms) 
 block [1846/2415] : done (2012ms) 
 block [1847/2415] : done (1925ms) 
 block [1848/2415] : done (1911ms) 
 block [1849/2415] : done (1965ms) 
 block [1850/2415] : done (1924ms) 
 block [1851/2415] : done (1928ms) 
 block [1852/2415] : done (1915ms) 
 block [1853/2415] : done (1952ms) 
 block [1854/2415] : done (1940ms) 
 block [1855/2415] : done (1905ms) 
 block [1856/2415] : done (1913ms) 
 block [1857/2415] : done (2003ms) 
 block [1858/2415] : done (2049ms) 
 block [1859/2415] : done (2024ms) 
 block [1860/2415] : done (1982ms) 
 block [1861/2415] : done (1982ms) 
 block [1862/2415] : done (1986ms) 
 block [1863/2415] : done (2000ms) 
 block [1864/2415] : done (2033ms) 
 block [1865/2415] : done (1986ms) 
 block [1866/2415] : done (2014ms) 
 block [1867/2415] : done (1975ms) 
 block [1868/2415] : done (1895ms) 
 block [1869/2415] : done (1977ms) 
 block [1870/2415] : done (2020ms) 
 block [1871/2415] : done (1962ms) 
 block [1872/2415] : done (1963ms) 
 block [1873/2415] : done (2011ms) 
 block [1874/2415] : done (1945ms) 
 block [1875/2415] : done (1962ms) 
 block [1876/2415] : done (1955ms) 
 block [1877/2415] : done (2068ms) 
 block [1878/2415] : done (2022ms) 
 block [1879/2415] : done (2009ms) 
 block [1880/2415] : done (1957ms) 
 block [1881/2415] : done (1945ms) 
 block [1882/2415] : done (1980ms) 
 block [1883/2415] : done (1978ms) 
 block [1884/2415] : done (1951ms) 
 block [1885/2415] : done (1938ms) 
 block [1886/2415] : done (1936ms) 
 block [1887/2415] : done (1928ms) 
 block [1888/2415] : done (1943ms) 
 block [1889/2415] : done (1939ms) 
 block [1890/2415] : done (1968ms) 
 block [1891/2415] : done (1971ms) 
 block [1892/2415] : done (1996ms) 
 block [1893/2415] : done (1937ms) 
 block [1894/2415] : done (1933ms) 
 block [1895/2415] : done (1957ms) 
 block [1896/2415] : done (1986ms) 
 block [1897/2415] : done (1980ms) 
 block [1898/2415] : done (1983ms) 
 block [1899/2415] : done (1964ms) 
 block [1900/2415] : done (1990ms) 
 block [1901/2415] : done (2015ms) 
 block [1902/2415] : done (2015ms) 
 block [1903/2415] : done (2000ms) 
 block [1904/2415] : done (2038ms) 
 block [1905/2415] : done (2006ms) 
 block [1906/2415] : done (1931ms) 
 block [1907/2415] : done (1980ms) 
 block [1908/2415] : done (1912ms) 
 block [1909/2415] : done (1986ms) 
 block [1910/2415] : done (1992ms) 
 block [1911/2415] : done (1943ms) 
 block [1912/2415] : done (1951ms) 
 block [1913/2415] : done (2006ms) 
 block [1914/2415] : done (1939ms) 
 block [1915/2415] : done (2019ms) 
 block [1916/2415] : done (2051ms) 
 block [1917/2415] : done (2014ms) 
 block [1918/2415] : done (1923ms) 
 block [1919/2415] : done (1935ms) 
 block [1920/2415] : done (1989ms) 
 block [1921/2415] : done (1987ms) 
 block [1922/2415] : done (1976ms) 
 block [1923/2415] : done (1929ms) 
 block [1924/2415] : done (1952ms) 
 block [1925/2415] : done (1970ms) 
 block [1926/2415] : done (1966ms) 
 block [1927/2415] : done (2007ms) 
 block [1928/2415] : done (1984ms) 
 block [1929/2415] : done (1991ms) 
 block [1930/2415] : done (1968ms) 
 block [1931/2415] : done (1985ms) 
 block [1932/2415] : done (1999ms) 
 block [1933/2415] : done (1985ms) 
 block [1934/2415] : done (2029ms) 
 block [1935/2415] : done (2015ms) 
 block [1936/2415] : done (2018ms) 
 block [1937/2415] : done (1983ms) 
 block [1938/2415] : done (1944ms) 
 block [1939/2415] : done (1951ms) 
 block [1940/2415] : done (1926ms) 
 block [1941/2415] : done (1946ms) 
 block [1942/2415] : done (2013ms) 
 block [1943/2415] : done (1976ms) 
 block [1944/2415] : done (1969ms) 
 block [1945/2415] : done (1953ms) 
 block [1946/2415] : done (1956ms) 
 block [1947/2415] : done (1909ms) 
 block [1948/2415] : done (1969ms) 
 block [1949/2415] : done (1964ms) 
 block [1950/2415] : done (2004ms) 
 block [1951/2415] : done (1987ms) 
 block [1952/2415] : done (1930ms) 
 block [1953/2415] : done (1993ms) 
 block [1954/2415] : done (1979ms) 
 block [1955/2415] : done (1957ms) 
 block [1956/2415] : done (2036ms) 
 block [1957/2415] : done (1918ms) 
 block [1958/2415] : done (1972ms) 
 block [1959/2415] : done (1963ms) 
 block [1960/2415] : done (2006ms) 
 block [1961/2415] : done (1963ms) 
 block [1962/2415] : done (2018ms) 
 block [1963/2415] : done (1985ms) 
 block [1964/2415] : done (1933ms) 
 block [1965/2415] : done (1893ms) 
 block [1966/2415] : done (1927ms) 
 block [1967/2415] : done (1992ms) 
 block [1968/2415] : done (1965ms) 
 block [1969/2415] : done (2044ms) 
 block [1970/2415] : done (2009ms) 
 block [1971/2415] : done (2030ms) 
 block [1972/2415] : done (1944ms) 
 block [1973/2415] : done (1986ms) 
 block [1974/2415] : done (2043ms) 
 block [1975/2415] : done (1955ms) 
 block [1976/2415] : done (1947ms) 
 block [1977/2415] : done (1992ms) 
 block [1978/2415] : done (1992ms) 
 block [1979/2415] : done (1897ms) 
 block [1980/2415] : done (1939ms) 
 block [1981/2415] : done (1916ms) 
 block [1982/2415] : done (1918ms) 
 block [1983/2415] : done (1943ms) 
 block [1984/2415] : done (2010ms) 
 block [1985/2415] : done (1948ms) 
 block [1986/2415] : done (1974ms) 
 block [1987/2415] : done (2032ms) 
 block [1988/2415] : done (1974ms) 
 block [1989/2415] : done (1978ms) 
 block [1990/2415] : done (1991ms) 
 block [1991/2415] : done (1965ms) 
 block [1992/2415] : done (1935ms) 
 block [1993/2415] : done (1929ms) 
 block [1994/2415] : done (1959ms) 
 block [1995/2415] : done (1973ms) 
 block [1996/2415] : done (1943ms) 
 block [1997/2415] : done (1950ms) 
 block [1998/2415] : done (2015ms) 
 block [1999/2415] : done (1981ms) 
 block [2000/2415] : done (1971ms) 
 block [2001/2415] : done (2002ms) 
 block [2002/2415] : done (2008ms) 
 block [2003/2415] : done (2000ms) 
 block [2004/2415] : done (1910ms) 
 block [2005/2415] : done (1977ms) 
 block [2006/2415] : done (1935ms) 
 block [2007/2415] : done (1935ms) 
 block [2008/2415] : done (1932ms) 
 block [2009/2415] : done (1955ms) 
 block [2010/2415] : done (1938ms) 
 block [2011/2415] : done (1950ms) 
 block [2012/2415] : done (2010ms) 
 block [2013/2415] : done (1973ms) 
 block [2014/2415] : done (1940ms) 
 block [2015/2415] : done (1933ms) 
 block [2016/2415] : done (1968ms) 
 block [2017/2415] : done (1968ms) 
 block [2018/2415] : done (2001ms) 
 block [2019/2415] : done (2022ms) 
 block [2020/2415] : done (1978ms) 
 block [2021/2415] : done (1966ms) 
 block [2022/2415] : done (1953ms) 
 block [2023/2415] : done (2014ms) 
 block [2024/2415] : done (1972ms) 
 block [2025/2415] : done (2113ms) 
 block [2026/2415] : done (1928ms) 
 block [2027/2415] : done (1926ms) 
 block [2028/2415] : done (1896ms) 
 block [2029/2415] : done (1936ms) 
 block [2030/2415] : done (1901ms) 
 block [2031/2415] : done (1927ms) 
 block [2032/2415] : done (1913ms) 
 block [2033/2415] : done (1934ms) 
 block [2034/2415] : done (1929ms) 
 block [2035/2415] : done (1882ms) 
 block [2036/2415] : done (1918ms) 
 block [2037/2415] : done (1903ms) 
 block [2038/2415] : done (1918ms) 
 block [2039/2415] : done (1954ms) 
 block [2040/2415] : done (1934ms) 
 block [2041/2415] : done (1897ms) 
 block [2042/2415] : done (1882ms) 
 block [2043/2415] : done (1907ms) 
 block [2044/2415] : done (1925ms) 
 block [2045/2415] : done (1976ms) 
 block [2046/2415] : done (2049ms) 
 block [2047/2415] : done (1967ms) 
 block [2048/2415] : done (1979ms) 
 block [2049/2415] : done (1954ms) 
 block [2050/2415] : done (1910ms) 
 block [2051/2415] : done (1936ms) 
 block [2052/2415] : done (1971ms) 
 block [2053/2415] : done (1961ms) 
 block [2054/2415] : done (1914ms) 
 block [2055/2415] : done (1893ms) 
 block [2056/2415] : done (1874ms) 
 block [2057/2415] : done (1980ms) 
 block [2058/2415] : done (1931ms) 
 block [2059/2415] : done (1950ms) 
 block [2060/2415] : done (1923ms) 
 block [2061/2415] : done (1874ms) 
 block [2062/2415] : done (1903ms) 
 block [2063/2415] : done (1898ms) 
 block [2064/2415] : done (1915ms) 
 block [2065/2415] : done (1927ms) 
 block [2066/2415] : done (1934ms) 
 block [2067/2415] : done (1964ms) 
 block [2068/2415] : done (1927ms) 
 block [2069/2415] : done (1921ms) 
 block [2070/2415] : done (1864ms) 
 block [2071/2415] : done (1885ms) 
 block [2072/2415] : done (1947ms) 
 block [2073/2415] : done (1938ms) 
 block [2074/2415] : done (1982ms) 
 block [2075/2415] : done (1942ms) 
 block [2076/2415] : done (1973ms) 
 block [2077/2415] : done (1914ms) 
 block [2078/2415] : done (1953ms) 
 block [2079/2415] : done (1940ms) 
 block [2080/2415] : done (1951ms) 
 block [2081/2415] : done (1921ms) 
 block [2082/2415] : done (1918ms) 
 block [2083/2415] : done (1915ms) 
 block [2084/2415] : done (1931ms) 
 block [2085/2415] : done (1918ms) 
 block [2086/2415] : done (1914ms) 
 block [2087/2415] : done (1952ms) 
 block [2088/2415] : done (2021ms) 
 block [2089/2415] : done (1925ms) 
 block [2090/2415] : done (1903ms) 
 block [2091/2415] : done (1935ms) 
 block [2092/2415] : done (1898ms) 
 block [2093/2415] : done (1851ms) 
 block [2094/2415] : done (1878ms) 
 block [2095/2415] : done (1884ms) 
 block [2096/2415] : done (1882ms) 
 block [2097/2415] : done (1942ms) 
 block [2098/2415] : done (1910ms) 
 block [2099/2415] : done (1978ms) 
 block [2100/2415] : done (2014ms) 
 block [2101/2415] : done (1916ms) 
 block [2102/2415] : done (1907ms) 
 block [2103/2415] : done (1953ms) 
 block [2104/2415] : done (1911ms) 
 block [2105/2415] : done (1891ms) 
 block [2106/2415] : done (2095ms) 
 block [2107/2415] : done (1887ms) 
 block [2108/2415] : done (1879ms) 
 block [2109/2415] : done (1896ms) 
 block [2110/2415] : done (1889ms) 
 block [2111/2415] : done (1936ms) 
 block [2112/2415] : done (1905ms) 
 block [2113/2415] : done (1947ms) 
 block [2114/2415] : done (1935ms) 
 block [2115/2415] : done (1928ms) 
 block [2116/2415] : done (1899ms) 
 block [2117/2415] : done (1925ms) 
 block [2118/2415] : done (1902ms) 
 block [2119/2415] : done (1889ms) 
 block [2120/2415] : done (1883ms) 
 block [2121/2415] : done (1909ms) 
 block [2122/2415] : done (1906ms) 
 block [2123/2415] : done (1891ms) 
 block [2124/2415] : done (1940ms) 
 block [2125/2415] : done (1890ms) 
 block [2126/2415] : done (1980ms) 
 block [2127/2415] : done (1966ms) 
 block [2128/2415] : done (1950ms) 
 block [2129/2415] : done (2040ms) 
 block [2130/2415] : done (2000ms) 
 block [2131/2415] : done (2044ms) 
 block [2132/2415] : done (1968ms) 
 block [2133/2415] : done (2069ms) 
 block [2134/2415] : done (1973ms) 
 block [2135/2415] : done (1991ms) 
 block [2136/2415] : done (2041ms) 
 block [2137/2415] : done (1956ms) 
 block [2138/2415] : done (1977ms) 
 block [2139/2415] : done (1930ms) 
 block [2140/2415] : done (2016ms) 
 block [2141/2415] : done (2014ms) 
 block [2142/2415] : done (2002ms) 
 block [2143/2415] : done (1942ms) 
 block [2144/2415] : done (1985ms) 
 block [2145/2415] : done (1963ms) 
 block [2146/2415] : done (1965ms) 
 block [2147/2415] : done (1957ms) 
 block [2148/2415] : done (1964ms) 
 block [2149/2415] : done (1922ms) 
 block [2150/2415] : done (1929ms) 
 block [2151/2415] : done (1874ms) 
 block [2152/2415] : done (1928ms) 
 block [2153/2415] : done (1895ms) 
 block [2154/2415] : done (1952ms) 
 block [2155/2415] : done (1929ms) 
 block [2156/2415] : done (1911ms) 
 block [2157/2415] : done (1910ms) 
 block [2158/2415] : done (1893ms) 
 block [2159/2415] : done (1886ms) 
 block [2160/2415] : done (1916ms) 
 block [2161/2415] : done (1933ms) 
 block [2162/2415] : done (1891ms) 
 block [2163/2415] : done (1932ms) 
 block [2164/2415] : done (1898ms) 
 block [2165/2415] : done (2006ms) 
 block [2166/2415] : done (1977ms) 
 block [2167/2415] : done (1935ms) 
 block [2168/2415] : done (2020ms) 
 block [2169/2415] : done (1898ms) 
 block [2170/2415] : done (1987ms) 
 block [2171/2415] : done (2065ms) 
 block [2172/2415] : done (1945ms) 
 block [2173/2415] : done (1909ms) 
 block [2174/2415] : done (1913ms) 
 block [2175/2415] : done (1976ms) 
 block [2176/2415] : done (1892ms) 
 block [2177/2415] : done (1992ms) 
 block [2178/2415] : done (1926ms) 
 block [2179/2415] : done (1897ms) 
 block [2180/2415] : done (1956ms) 
 block [2181/2415] : done (1963ms) 
 block [2182/2415] : done (1956ms) 
 block [2183/2415] : done (1915ms) 
 block [2184/2415] : done (1906ms) 
 block [2185/2415] : done (1957ms) 
 block [2186/2415] : done (1968ms) 
 block [2187/2415] : done (1894ms) 
 block [2188/2415] : done (1905ms) 
 block [2189/2415] : done (1963ms) 
 block [2190/2415] : done (1979ms) 
 block [2191/2415] : done (1951ms) 
 block [2192/2415] : done (1981ms) 
 block [2193/2415] : done (1936ms) 
 block [2194/2415] : done (1923ms) 
 block [2195/2415] : done (1918ms) 
 block [2196/2415] : done (1909ms) 
 block [2197/2415] : done (1943ms) 
 block [2198/2415] : done (1938ms) 
 block [2199/2415] : done (1943ms) 
 block [2200/2415] : done (1971ms) 
 block [2201/2415] : done (1908ms) 
 block [2202/2415] : done (1956ms) 
 block [2203/2415] : done (1984ms) 
 block [2204/2415] : done (1905ms) 
 block [2205/2415] : done (1901ms) 
 block [2206/2415] : done (1909ms) 
 block [2207/2415] : done (1946ms) 
 block [2208/2415] : done (1896ms) 
 block [2209/2415] : done (1962ms) 
 block [2210/2415] : done (1969ms) 
 block [2211/2415] : done (1869ms) 
 block [2212/2415] : done (1909ms) 
 block [2213/2415] : done (1965ms) 
 block [2214/2415] : done (1976ms) 
 block [2215/2415] : done (1933ms) 
 block [2216/2415] : done (1915ms) 
 block [2217/2415] : done (1936ms) 
 block [2218/2415] : done (1971ms) 
 block [2219/2415] : done (1920ms) 
 block [2220/2415] : done (1929ms) 
 block [2221/2415] : done (1932ms) 
 block [2222/2415] : done (1934ms) 
 block [2223/2415] : done (1930ms) 
 block [2224/2415] : done (1925ms) 
 block [2225/2415] : done (1953ms) 
 block [2226/2415] : done (1923ms) 
 block [2227/2415] : done (1918ms) 
 block [2228/2415] : done (1930ms) 
 block [2229/2415] : done (1932ms) 
 block [2230/2415] : done (1938ms) 
 block [2231/2415] : done (1956ms) 
 block [2232/2415] : done (1953ms) 
 block [2233/2415] : done (1925ms) 
 block [2234/2415] : done (1958ms) 
 block [2235/2415] : done (1946ms) 
 block [2236/2415] : done (1948ms) 
 block [2237/2415] : done (1908ms) 
 block [2238/2415] : done (1901ms) 
 block [2239/2415] : done (1918ms) 
 block [2240/2415] : done (1964ms) 
 block [2241/2415] : done (1920ms) 
 block [2242/2415] : done (1913ms) 
 block [2243/2415] : done (1915ms) 
 block [2244/2415] : done (1961ms) 
 block [2245/2415] : done (1903ms) 
 block [2246/2415] : done (1996ms) 
 block [2247/2415] : done (1930ms) 
 block [2248/2415] : done (1873ms) 
 block [2249/2415] : done (1877ms) 
 block [2250/2415] : done (1963ms) 
 block [2251/2415] : done (1869ms) 
 block [2252/2415] : done (1981ms) 
 block [2253/2415] : done (1912ms) 
 block [2254/2415] : done (1982ms) 
 block [2255/2415] : done (1932ms) 
 block [2256/2415] : done (1897ms) 
 block [2257/2415] : done (1907ms) 
 block [2258/2415] : done (1860ms) 
 block [2259/2415] : done (1829ms) 
 block [2260/2415] : done (1844ms) 
 block [2261/2415] : done (1869ms) 
 block [2262/2415] : done (1842ms) 
 block [2263/2415] : done (1842ms) 
 block [2264/2415] : done (1838ms) 
 block [2265/2415] : done (1894ms) 
 block [2266/2415] : done (1841ms) 
 block [2267/2415] : done (1843ms) 
 block [2268/2415] : done (1849ms) 
 block [2269/2415] : done (1847ms) 
 block [2270/2415] : done (1836ms) 
 block [2271/2415] : done (1826ms) 
 block [2272/2415] : done (1818ms) 
 block [2273/2415] : done (1850ms) 
 block [2274/2415] : done (1899ms) 
 block [2275/2415] : done (1844ms) 
 block [2276/2415] : done (1887ms) 
 block [2277/2415] : done (1906ms) 
 block [2278/2415] : done (1873ms) 
 block [2279/2415] : done (1892ms) 
 block [2280/2415] : done (1887ms) 
 block [2281/2415] : done (1909ms) 
 block [2282/2415] : done (1904ms) 
 block [2283/2415] : done (1919ms) 
 block [2284/2415] : done (1837ms) 
 block [2285/2415] : done (1911ms) 
 block [2286/2415] : done (1843ms) 
 block [2287/2415] : done (1880ms) 
 block [2288/2415] : done (1933ms) 
 block [2289/2415] : done (1858ms) 
 block [2290/2415] : done (1883ms) 
 block [2291/2415] : done (1907ms) 
 block [2292/2415] : done (1870ms) 
 block [2293/2415] : done (1907ms) 
 block [2294/2415] : done (1842ms) 
 block [2295/2415] : done (1871ms) 
 block [2296/2415] : done (1851ms) 
 block [2297/2415] : done (1863ms) 
 block [2298/2415] : done (1839ms) 
 block [2299/2415] : done (1864ms) 
 block [2300/2415] : done (1872ms) 
 block [2301/2415] : done (1896ms) 
 block [2302/2415] : done (1908ms) 
 block [2303/2415] : done (1934ms) 
 block [2304/2415] : done (1923ms) 
 block [2305/2415] : done (1921ms) 
 block [2306/2415] : done (1876ms) 
 block [2307/2415] : done (1901ms) 
 block [2308/2415] : done (1857ms) 
 block [2309/2415] : done (1840ms) 
 block [2310/2415] : done (1910ms) 
 block [2311/2415] : done (1867ms) 
 block [2312/2415] : done (1887ms) 
 block [2313/2415] : done (1922ms) 
 block [2314/2415] : done (1886ms) 
 block [2315/2415] : done (1883ms) 
 block [2316/2415] : done (1888ms) 
 block [2317/2415] : done (1861ms) 
 block [2318/2415] : done (1857ms) 
 block [2319/2415] : done (1884ms) 
 block [2320/2415] : done (1937ms) 
 block [2321/2415] : done (1861ms) 
 block [2322/2415] : done (1832ms) 
 block [2323/2415] : done (1871ms) 
 block [2324/2415] : done (1856ms) 
 block [2325/2415] : done (1913ms) 
 block [2326/2415] : done (1873ms) 
 block [2327/2415] : done (1892ms) 
 block [2328/2415] : done (1945ms) 
 block [2329/2415] : done (1959ms) 
 block [2330/2415] : done (1961ms) 
 block [2331/2415] : done (1901ms) 
 block [2332/2415] : done (1896ms) 
 block [2333/2415] : done (1891ms) 
 block [2334/2415] : done (1937ms) 
 block [2335/2415] : done (1938ms) 
 block [2336/2415] : done (1901ms) 
 block [2337/2415] : done (1819ms) 
 block [2338/2415] : done (1845ms) 
 block [2339/2415] : done (1876ms) 
 block [2340/2415] : done (1920ms) 
 block [2341/2415] : done (1909ms) 
 block [2342/2415] : done (1909ms) 
 block [2343/2415] : done (1957ms) 
 block [2344/2415] : done (1866ms) 
 block [2345/2415] : done (1885ms) 
 block [2346/2415] : done (1895ms) 
 block [2347/2415] : done (1852ms) 
 block [2348/2415] : done (1935ms) 
 block [2349/2415] : done (1952ms) 
 block [2350/2415] : done (1864ms) 
 block [2351/2415] : done (1883ms) 
 block [2352/2415] : done (1918ms) 
 block [2353/2415] : done (1934ms) 
 block [2354/2415] : done (1940ms) 
 block [2355/2415] : done (1955ms) 
 block [2356/2415] : done (1896ms) 
 block [2357/2415] : done (1896ms) 
 block [2358/2415] : done (1917ms) 
 block [2359/2415] : done (1885ms) 
 block [2360/2415] : done (1864ms) 
 block [2361/2415] : done (1879ms) 
 block [2362/2415] : done (1885ms) 
 block [2363/2415] : done (1866ms) 
 block [2364/2415] : done (1940ms) 
 block [2365/2415] : done (1883ms) 
 block [2366/2415] : done (1827ms) 
 block [2367/2415] : done (1896ms) 
 block [2368/2415] : done (1900ms) 
 block [2369/2415] : done (1842ms) 
 block [2370/2415] : done (1875ms) 
 block [2371/2415] : done (1906ms) 
 block [2372/2415] : done (1884ms) 
 block [2373/2415] : done (1910ms) 
 block [2374/2415] : done (1899ms) 
 block [2375/2415] : done (1896ms) 
 block [2376/2415] : done (1851ms) 
 block [2377/2415] : done (1922ms) 
 block [2378/2415] : done (1884ms) 
 block [2379/2415] : done (1930ms) 
 block [2380/2415] : done (1941ms) 
 block [2381/2415] : done (1846ms) 
 block [2382/2415] : done (1847ms) 
 block [2383/2415] : done (1868ms) 
 block [2384/2415] : done (1928ms) 
 block [2385/2415] : done (1871ms) 
 block [2386/2415] : done (1870ms) 
 block [2387/2415] : done (1830ms) 
 block [2388/2415] : done (1861ms) 
 block [2389/2415] : done (1863ms) 
 block [2390/2415] : done (1875ms) 
 block [2391/2415] : done (1828ms) 
 block [2392/2415] : done (1857ms) 
 block [2393/2415] : done (1884ms) 
 block [2394/2415] : done (1897ms) 
 block [2395/2415] : done (1831ms) 
 block [2396/2415] : done (1823ms) 
 block [2397/2415] : done (1847ms) 
 block [2398/2415] : done (1829ms) 
 block [2399/2415] : done (1847ms) 
 block [2400/2415] : done (1829ms) 
 block [2401/2415] : done (1838ms) 
 block [2402/2415] : done (1866ms) 
 block [2403/2415] : done (1835ms) 
 block [2404/2415] : done (1853ms) 
 block [2405/2415] : done (1878ms) 
 block [2406/2415] : done (1891ms) 
 block [2407/2415] : done (1869ms) 
 block [2408/2415] : done (1868ms) 
 block [2409/2415] : done (1830ms) 
 block [2410/2415] : done (1866ms) 
 block [2411/2415] : done (1871ms) 
 block [2412/2415] : done (1891ms) 
 block [2413/2415] : done (1966ms) 
 block [2414/2415] : done (1897ms) 
 block [2415/2415] : done (1929ms) 

Association results stored separately for each trait in files : 
* [result/06_step2/sig_weight_eur_step2.chr4_eur_SIG0_AUC.regenie]
* [result/06_step2/sig_weight_eur_step2.chr4_eur_SIG1_AUC.regenie]
* [result/06_step2/sig_weight_eur_step2.chr4_eur_SIG2_AUC.regenie]
* [result/06_step2/sig_weight_eur_step2.chr4_eur_SIG3_AUC.regenie]
* [result/06_step2/sig_weight_eur_step2.chr4_eur_SIG4_AUC.regenie]
* [result/06_step2/sig_weight_eur_step2.chr4_eur_SIG5_AUC.regenie]
* [result/06_step2/sig_weight_eur_step2.chr4_eur_SIG6_AUC.regenie]
* [result/06_step2/sig_weight_eur_step2.chr4_eur_SIG7_AUC.regenie]
* [result/06_step2/sig_weight_eur_step2.chr4_eur_SIG8_AUC.regenie]
* [result/06_step2/sig_weight_eur_step2.chr4_eur_SIG9_AUC.regenie]
* [result/06_step2/sig_weight_eur_step2.chr4_eur_SIG10_AUC.regenie]
* [result/06_step2/sig_weight_eur_step2.chr4_eur_SIG11_AUC.regenie]
* [result/06_step2/sig_weight_eur_step2.chr4_eur_SIG12_AUC.regenie]
* [result/06_step2/sig_weight_eur_step2.chr4_eur_SIG13_AUC.regenie]
* [result/06_step2/sig_weight_eur_step2.chr4_eur_SIG14_AUC.regenie]
* [result/06_step2/sig_weight_eur_step2.chr4_eur_SIG15_AUC.regenie]
* [result/06_step2/sig_weight_eur_step2.chr4_eur_SIG16_AUC.regenie]
* [result/06_step2/sig_weight_eur_step2.chr4_eur_SIG17_AUC.regenie]
* [result/06_step2/sig_weight_eur_step2.chr4_eur_SIG18_AUC.regenie]
* [result/06_step2/sig_weight_eur_step2.chr4_eur_SIG19_AUC.regenie]
* [result/06_step2/sig_weight_eur_step2.chr4_eur_SIG20_AUC.regenie]

Number of ignored tests due to low MAC or info score : 0

Elapsed time : 4792.33s
End time: Wed Dec 17 08:25:37 2025

