Start time: Wed Dec 17 07:05:47 2025

              |=============================|
              |      REGENIE v3.2.5.gz      |
              |=============================|

Copyright (c) 2020-2022 Joelle Mbatchou, Andrey Ziyatdinov and Jonathan Marchini.
Distributed under the MIT License.
Compiled with Boost Iostream library.
Using Intel MKL with Eigen.

Log of output saved in file : result/06_step2/sig_weight_eur_step2.chr15_eur.log

Options in effect:
  --step 2 \
  --bgen /broad/ukbb/imputed_v3/ukb_imp_chr15_v3.bgen \
  --sample /medpop/esp2/pradeep/UKBiobank/v3data/ukb7089_imp_chr3_v3_s487395.sample \
  --ref-first \
  --extract ../data/step2/var.chr15_eur.list.snplist \
  --keep ../data/sample_list_eur.txt \
  --covarFile ../data/sig_weight_cov_file.tsv \
  --phenoFile /medpop/esp2/tnakao/analyses/projects/collab/Sarah_signature_weights_GWAS/import/signature_auc_phenotypes_last.txt \
  --bsize 200 \
  --threads 4 \
  --qt \
  --catCovarList genotyping_array,Inferred_Gender \
  --pred result/04_step1/sig_weight_eur_step1_pred.list \
  --minINFO 0.7 \
  --out result/06_step2/sig_weight_eur_step2.chr15_eur

Association testing mode with fast multithreading using OpenMP
 * bgen             : [/broad/ukbb/imputed_v3/ukb_imp_chr15_v3.bgen]
   -summary : bgen file (v1.2 layout, zlib compressed) with 487409 anonymous samples and 2767971 variants with 8-bit encoding.
   -index bgi file [/broad/ukbb/imputed_v3/ukb_imp_chr15_v3.bgen.bgi]
   -keeping variants specified by --extract
   -number of variants remaining in the analysis = 172770
   -sample file: /medpop/esp2/pradeep/UKBiobank/v3data/ukb7089_imp_chr3_v3_s487395.sample
   -keeping only individuals specified by --keep
   -number of genotyped individuals remaining in the analysis = 361171
 * phenotypes       : [/medpop/esp2/tnakao/analyses/projects/collab/Sarah_signature_weights_GWAS/import/signature_auc_phenotypes_last.txt] n_pheno = 21
   -number of phenotyped individuals  = 361171
 * covariates       : [../data/sig_weight_cov_file.tsv] n_cov = 13
   -number of individuals with covariate data = 361171
 * number of individuals used in analysis = 361171
 * number of observations for each trait:
   - 'SIG0_AUC': 361171 observations
   - 'SIG1_AUC': 361171 observations
   - 'SIG2_AUC': 361171 observations
   - 'SIG3_AUC': 361171 observations
   - 'SIG4_AUC': 361171 observations
   - 'SIG5_AUC': 361171 observations
   - 'SIG6_AUC': 361171 observations
   - 'SIG7_AUC': 361171 observations
   - 'SIG8_AUC': 361171 observations
   - 'SIG9_AUC': 361171 observations
   - 'SIG10_AUC': 361171 observations
   - 'SIG11_AUC': 361171 observations
   - 'SIG12_AUC': 361171 observations
   - 'SIG13_AUC': 361171 observations
   - 'SIG14_AUC': 361171 observations
   - 'SIG15_AUC': 361171 observations
   - 'SIG16_AUC': 361171 observations
   - 'SIG17_AUC': 361171 observations
   - 'SIG18_AUC': 361171 observations
   - 'SIG19_AUC': 361171 observations
   - 'SIG20_AUC': 361171 observations
 * LOCO predictions : [result/04_step1/sig_weight_eur_step1_pred.list]
   -file [/medpop/esp2/tnakao/analyses/projects/collab/Sarah_signature_weights_GWAS/96_last_250319/result/04_step1/sig_weight_eur_step1_1.loco] for phenotype 'SIG0_AUC'
   -file [/medpop/esp2/tnakao/analyses/projects/collab/Sarah_signature_weights_GWAS/96_last_250319/result/04_step1/sig_weight_eur_step1_2.loco] for phenotype 'SIG1_AUC'
   -file [/medpop/esp2/tnakao/analyses/projects/collab/Sarah_signature_weights_GWAS/96_last_250319/result/04_step1/sig_weight_eur_step1_3.loco] for phenotype 'SIG2_AUC'
   -file [/medpop/esp2/tnakao/analyses/projects/collab/Sarah_signature_weights_GWAS/96_last_250319/result/04_step1/sig_weight_eur_step1_4.loco] for phenotype 'SIG3_AUC'
   -file [/medpop/esp2/tnakao/analyses/projects/collab/Sarah_signature_weights_GWAS/96_last_250319/result/04_step1/sig_weight_eur_step1_5.loco] for phenotype 'SIG4_AUC'
   -file [/medpop/esp2/tnakao/analyses/projects/collab/Sarah_signature_weights_GWAS/96_last_250319/result/04_step1/sig_weight_eur_step1_6.loco] for phenotype 'SIG5_AUC'
   -file [/medpop/esp2/tnakao/analyses/projects/collab/Sarah_signature_weights_GWAS/96_last_250319/result/04_step1/sig_weight_eur_step1_7.loco] for phenotype 'SIG6_AUC'
   -file [/medpop/esp2/tnakao/analyses/projects/collab/Sarah_signature_weights_GWAS/96_last_250319/result/04_step1/sig_weight_eur_step1_8.loco] for phenotype 'SIG7_AUC'
   -file [/medpop/esp2/tnakao/analyses/projects/collab/Sarah_signature_weights_GWAS/96_last_250319/result/04_step1/sig_weight_eur_step1_9.loco] for phenotype 'SIG8_AUC'
   -file [/medpop/esp2/tnakao/analyses/projects/collab/Sarah_signature_weights_GWAS/96_last_250319/result/04_step1/sig_weight_eur_step1_10.loco] for phenotype 'SIG9_AUC'
   -file [/medpop/esp2/tnakao/analyses/projects/collab/Sarah_signature_weights_GWAS/96_last_250319/result/04_step1/sig_weight_eur_step1_11.loco] for phenotype 'SIG10_AUC'
   -file [/medpop/esp2/tnakao/analyses/projects/collab/Sarah_signature_weights_GWAS/96_last_250319/result/04_step1/sig_weight_eur_step1_12.loco] for phenotype 'SIG11_AUC'
   -file [/medpop/esp2/tnakao/analyses/projects/collab/Sarah_signature_weights_GWAS/96_last_250319/result/04_step1/sig_weight_eur_step1_13.loco] for phenotype 'SIG12_AUC'
   -file [/medpop/esp2/tnakao/analyses/projects/collab/Sarah_signature_weights_GWAS/96_last_250319/result/04_step1/sig_weight_eur_step1_14.loco] for phenotype 'SIG13_AUC'
   -file [/medpop/esp2/tnakao/analyses/projects/collab/Sarah_signature_weights_GWAS/96_last_250319/result/04_step1/sig_weight_eur_step1_15.loco] for phenotype 'SIG14_AUC'
   -file [/medpop/esp2/tnakao/analyses/projects/collab/Sarah_signature_weights_GWAS/96_last_250319/result/04_step1/sig_weight_eur_step1_16.loco] for phenotype 'SIG15_AUC'
   -file [/medpop/esp2/tnakao/analyses/projects/collab/Sarah_signature_weights_GWAS/96_last_250319/result/04_step1/sig_weight_eur_step1_17.loco] for phenotype 'SIG16_AUC'
   -file [/medpop/esp2/tnakao/analyses/projects/collab/Sarah_signature_weights_GWAS/96_last_250319/result/04_step1/sig_weight_eur_step1_18.loco] for phenotype 'SIG17_AUC'
   -file [/medpop/esp2/tnakao/analyses/projects/collab/Sarah_signature_weights_GWAS/96_last_250319/result/04_step1/sig_weight_eur_step1_19.loco] for phenotype 'SIG18_AUC'
   -file [/medpop/esp2/tnakao/analyses/projects/collab/Sarah_signature_weights_GWAS/96_last_250319/result/04_step1/sig_weight_eur_step1_20.loco] for phenotype 'SIG19_AUC'
   -file [/medpop/esp2/tnakao/analyses/projects/collab/Sarah_signature_weights_GWAS/96_last_250319/result/04_step1/sig_weight_eur_step1_21.loco] for phenotype 'SIG20_AUC'
   -residualizing and scaling phenotypes...done (83ms) 
 * # threads        : [4]
 * block size       : [200]
 * # blocks         : [864]
 * approximate memory usage : 2GB
 * using minimum MAC of 5 (variants with lower MAC are ignored)
 * using minimum imputation info score of 0.7 (variants with lower info score are ignored)

Chromosome 15 [864 blocks in total]
   -reading loco predictions for the chromosome...done (14842ms) 
 block [1/864] : done (2811ms) 
 block [2/864] : done (2640ms) 
 block [3/864] : done (2545ms) 
 block [4/864] : done (2582ms) 
 block [5/864] : done (2583ms) 
 block [6/864] : done (2488ms) 
 block [7/864] : done (2493ms) 
 block [8/864] : done (2489ms) 
 block [9/864] : done (2503ms) 
 block [10/864] : done (2501ms) 
 block [11/864] : done (2437ms) 
 block [12/864] : done (2441ms) 
 block [13/864] : done (2430ms) 
 block [14/864] : done (2427ms) 
 block [15/864] : done (2582ms) 
 block [16/864] : done (2418ms) 
 block [17/864] : done (2382ms) 
 block [18/864] : done (2376ms) 
 block [19/864] : done (2375ms) 
 block [20/864] : done (2442ms) 
 block [21/864] : done (2351ms) 
 block [22/864] : done (2344ms) 
 block [23/864] : done (2272ms) 
 block [24/864] : done (2311ms) 
 block [25/864] : done (2310ms) 
 block [26/864] : done (2398ms) 
 block [27/864] : done (2403ms) 
 block [28/864] : done (2516ms) 
 block [29/864] : done (2417ms) 
 block [30/864] : done (2404ms) 
 block [31/864] : done (2431ms) 
 block [32/864] : done (2391ms) 
 block [33/864] : done (2485ms) 
 block [34/864] : done (2473ms) 
 block [35/864] : done (2544ms) 
 block [36/864] : done (2589ms) 
 block [37/864] : done (2437ms) 
 block [38/864] : done (2531ms) 
 block [39/864] : done (2554ms) 
 block [40/864] : done (2517ms) 
 block [41/864] : done (2544ms) 
 block [42/864] : done (2685ms) 
 block [43/864] : done (2478ms) 
 block [44/864] : done (2736ms) 
 block [45/864] : done (2677ms) 
 block [46/864] : done (2501ms) 
 block [47/864] : done (2537ms) 
 block [48/864] : done (2423ms) 
 block [49/864] : done (2420ms) 
 block [50/864] : done (2653ms) 
 block [51/864] : done (2524ms) 
 block [52/864] : done (2398ms) 
 block [53/864] : done (2393ms) 
 block [54/864] : done (2537ms) 
 block [55/864] : done (2364ms) 
 block [56/864] : done (2465ms) 
 block [57/864] : done (2404ms) 
 block [58/864] : done (2327ms) 
 block [59/864] : done (2382ms) 
 block [60/864] : done (2351ms) 
 block [61/864] : done (2355ms) 
 block [62/864] : done (2341ms) 
 block [63/864] : done (2336ms) 
 block [64/864] : done (2350ms) 
 block [65/864] : done (2378ms) 
 block [66/864] : done (2411ms) 
 block [67/864] : done (2489ms) 
 block [68/864] : done (2326ms) 
 block [69/864] : done (2301ms) 
 block [70/864] : done (2411ms) 
 block [71/864] : done (2406ms) 
 block [72/864] : done (2336ms) 
 block [73/864] : done (2372ms) 
 block [74/864] : done (2361ms) 
 block [75/864] : done (2396ms) 
 block [76/864] : done (2384ms) 
 block [77/864] : done (2325ms) 
 block [78/864] : done (2356ms) 
 block [79/864] : done (2453ms) 
 block [80/864] : done (2437ms) 
 block [81/864] : done (2447ms) 
 block [82/864] : done (2539ms) 
 block [83/864] : done (2296ms) 
 block [84/864] : done (2556ms) 
 block [85/864] : done (2635ms) 
 block [86/864] : done (2629ms) 
 block [87/864] : done (2560ms) 
 block [88/864] : done (2604ms) 
 block [89/864] : done (2514ms) 
 block [90/864] : done (2418ms) 
 block [91/864] : done (2377ms) 
 block [92/864] : done (2398ms) 
 block [93/864] : done (2506ms) 
 block [94/864] : done (2416ms) 
 block [95/864] : done (2349ms) 
 block [96/864] : done (2452ms) 
 block [97/864] : done (2336ms) 
 block [98/864] : done (2337ms) 
 block [99/864] : done (2375ms) 
 block [100/864] : done (2499ms) 
 block [101/864] : done (2477ms) 
 block [102/864] : done (2520ms) 
 block [103/864] : done (2501ms) 
 block [104/864] : done (2647ms) 
 block [105/864] : done (2371ms) 
 block [106/864] : done (2479ms) 
 block [107/864] : done (2341ms) 
 block [108/864] : done (2521ms) 
 block [109/864] : done (2430ms) 
 block [110/864] : done (2356ms) 
 block [111/864] : done (2410ms) 
 block [112/864] : done (2376ms) 
 block [113/864] : done (2359ms) 
 block [114/864] : done (2450ms) 
 block [115/864] : done (2315ms) 
 block [116/864] : done (2367ms) 
 block [117/864] : done (2489ms) 
 block [118/864] : done (2419ms) 
 block [119/864] : done (2481ms) 
 block [120/864] : done (2381ms) 
 block [121/864] : done (2344ms) 
 block [122/864] : done (2325ms) 
 block [123/864] : done (2396ms) 
 block [124/864] : done (2412ms) 
 block [125/864] : done (2475ms) 
 block [126/864] : done (2398ms) 
 block [127/864] : done (2350ms) 
 block [128/864] : done (2278ms) 
 block [129/864] : done (2279ms) 
 block [130/864] : done (2238ms) 
 block [131/864] : done (2228ms) 
 block [132/864] : done (2190ms) 
 block [133/864] : done (2181ms) 
 block [134/864] : done (2224ms) 
 block [135/864] : done (2345ms) 
 block [136/864] : done (2264ms) 
 block [137/864] : done (2329ms) 
 block [138/864] : done (2236ms) 
 block [139/864] : done (2207ms) 
 block [140/864] : done (2165ms) 
 block [141/864] : done (2167ms) 
 block [142/864] : done (2197ms) 
 block [143/864] : done (2263ms) 
 block [144/864] : done (2179ms) 
 block [145/864] : done (2330ms) 
 block [146/864] : done (2367ms) 
 block [147/864] : done (2376ms) 
 block [148/864] : done (2347ms) 
 block [149/864] : done (2443ms) 
 block [150/864] : done (2371ms) 
 block [151/864] : done (2328ms) 
 block [152/864] : done (2280ms) 
 block [153/864] : done (2268ms) 
 block [154/864] : done (2201ms) 
 block [155/864] : done (2148ms) 
 block [156/864] : done (2235ms) 
 block [157/864] : done (2247ms) 
 block [158/864] : done (2256ms) 
 block [159/864] : done (2246ms) 
 block [160/864] : done (2228ms) 
 block [161/864] : done (2193ms) 
 block [162/864] : done (2231ms) 
 block [163/864] : done (2239ms) 
 block [164/864] : done (2154ms) 
 block [165/864] : done (2331ms) 
 block [166/864] : done (2346ms) 
 block [167/864] : done (2333ms) 
 block [168/864] : done (2268ms) 
 block [169/864] : done (2290ms) 
 block [170/864] : done (2197ms) 
 block [171/864] : done (2272ms) 
 block [172/864] : done (2198ms) 
 block [173/864] : done (2199ms) 
 block [174/864] : done (2177ms) 
 block [175/864] : done (2248ms) 
 block [176/864] : done (2375ms) 
 block [177/864] : done (2276ms) 
 block [178/864] : done (2225ms) 
 block [179/864] : done (2227ms) 
 block [180/864] : done (2150ms) 
 block [181/864] : done (2174ms) 
 block [182/864] : done (2182ms) 
 block [183/864] : done (2151ms) 
 block [184/864] : done (2162ms) 
 block [185/864] : done (2193ms) 
 block [186/864] : done (2166ms) 
 block [187/864] : done (2157ms) 
 block [188/864] : done (2111ms) 
 block [189/864] : done (2130ms) 
 block [190/864] : done (2272ms) 
 block [191/864] : done (2338ms) 
 block [192/864] : done (2314ms) 
 block [193/864] : done (2269ms) 
 block [194/864] : done (2220ms) 
 block [195/864] : done (2226ms) 
 block [196/864] : done (2155ms) 
 block [197/864] : done (2162ms) 
 block [198/864] : done (2113ms) 
 block [199/864] : done (2205ms) 
 block [200/864] : done (2146ms) 
 block [201/864] : done (2159ms) 
 block [202/864] : done (2219ms) 
 block [203/864] : done (2046ms) 
 block [204/864] : done (2063ms) 
 block [205/864] : done (2126ms) 
 block [206/864] : done (2148ms) 
 block [207/864] : done (2100ms) 
 block [208/864] : done (2085ms) 
 block [209/864] : done (2160ms) 
 block [210/864] : done (2198ms) 
 block [211/864] : done (2106ms) 
 block [212/864] : done (2100ms) 
 block [213/864] : done (2126ms) 
 block [214/864] : done (2125ms) 
 block [215/864] : done (2150ms) 
 block [216/864] : done (2111ms) 
 block [217/864] : done (2089ms) 
 block [218/864] : done (2111ms) 
 block [219/864] : done (2078ms) 
 block [220/864] : done (2105ms) 
 block [221/864] : done (2134ms) 
 block [222/864] : done (2066ms) 
 block [223/864] : done (2092ms) 
 block [224/864] : done (2051ms) 
 block [225/864] : done (2136ms) 
 block [226/864] : done (2085ms) 
 block [227/864] : done (2112ms) 
 block [228/864] : done (2115ms) 
 block [229/864] : done (2112ms) 
 block [230/864] : done (2122ms) 
 block [231/864] : done (2121ms) 
 block [232/864] : done (2106ms) 
 block [233/864] : done (2133ms) 
 block [234/864] : done (2162ms) 
 block [235/864] : done (2202ms) 
 block [236/864] : done (2154ms) 
 block [237/864] : done (2185ms) 
 block [238/864] : done (2145ms) 
 block [239/864] : done (2139ms) 
 block [240/864] : done (2120ms) 
 block [241/864] : done (2142ms) 
 block [242/864] : done (2119ms) 
 block [243/864] : done (2149ms) 
 block [244/864] : done (2235ms) 
 block [245/864] : done (2109ms) 
 block [246/864] : done (2108ms) 
 block [247/864] : done (2121ms) 
 block [248/864] : done (2087ms) 
 block [249/864] : done (2037ms) 
 block [250/864] : done (2053ms) 
 block [251/864] : done (2081ms) 
 block [252/864] : done (2141ms) 
 block [253/864] : done (2069ms) 
 block [254/864] : done (2104ms) 
 block [255/864] : done (2155ms) 
 block [256/864] : done (2185ms) 
 block [257/864] : done (2224ms) 
 block [258/864] : done (2176ms) 
 block [259/864] : done (2116ms) 
 block [260/864] : done (2152ms) 
 block [261/864] : done (2197ms) 
 block [262/864] : done (2163ms) 
 block [263/864] : done (2166ms) 
 block [264/864] : done (2135ms) 
 block [265/864] : done (2098ms) 
 block [266/864] : done (2086ms) 
 block [267/864] : done (2145ms) 
 block [268/864] : done (2132ms) 
 block [269/864] : done (2115ms) 
 block [270/864] : done (2085ms) 
 block [271/864] : done (2099ms) 
 block [272/864] : done (2100ms) 
 block [273/864] : done (2154ms) 
 block [274/864] : done (2161ms) 
 block [275/864] : done (2115ms) 
 block [276/864] : done (2117ms) 
 block [277/864] : done (2165ms) 
 block [278/864] : done (2140ms) 
 block [279/864] : done (2087ms) 
 block [280/864] : done (2099ms) 
 block [281/864] : done (2108ms) 
 block [282/864] : done (2064ms) 
 block [283/864] : done (2051ms) 
 block [284/864] : done (2044ms) 
 block [285/864] : done (2049ms) 
 block [286/864] : done (2116ms) 
 block [287/864] : done (2085ms) 
 block [288/864] : done (2102ms) 
 block [289/864] : done (2116ms) 
 block [290/864] : done (2113ms) 
 block [291/864] : done (2147ms) 
 block [292/864] : done (2134ms) 
 block [293/864] : done (2143ms) 
 block [294/864] : done (2111ms) 
 block [295/864] : done (2110ms) 
 block [296/864] : done (2153ms) 
 block [297/864] : done (2164ms) 
 block [298/864] : done (2089ms) 
 block [299/864] : done (2166ms) 
 block [300/864] : done (2145ms) 
 block [301/864] : done (2104ms) 
 block [302/864] : done (2111ms) 
 block [303/864] : done (2112ms) 
 block [304/864] : done (2083ms) 
 block [305/864] : done (2168ms) 
 block [306/864] : done (2157ms) 
 block [307/864] : done (2204ms) 
 block [308/864] : done (2182ms) 
 block [309/864] : done (2120ms) 
 block [310/864] : done (2140ms) 
 block [311/864] : done (2111ms) 
 block [312/864] : done (2100ms) 
 block [313/864] : done (2100ms) 
 block [314/864] : done (2125ms) 
 block [315/864] : done (2209ms) 
 block [316/864] : done (2228ms) 
 block [317/864] : done (2174ms) 
 block [318/864] : done (2120ms) 
 block [319/864] : done (2078ms) 
 block [320/864] : done (2116ms) 
 block [321/864] : done (2111ms) 
 block [322/864] : done (2127ms) 
 block [323/864] : done (2119ms) 
 block [324/864] : done (2177ms) 
 block [325/864] : done (2142ms) 
 block [326/864] : done (2158ms) 
 block [327/864] : done (2186ms) 
 block [328/864] : done (2185ms) 
 block [329/864] : done (2135ms) 
 block [330/864] : done (2208ms) 
 block [331/864] : done (2148ms) 
 block [332/864] : done (2131ms) 
 block [333/864] : done (2118ms) 
 block [334/864] : done (2149ms) 
 block [335/864] : done (2133ms) 
 block [336/864] : done (2122ms) 
 block [337/864] : done (2105ms) 
 block [338/864] : done (2109ms) 
 block [339/864] : done (2126ms) 
 block [340/864] : done (2155ms) 
 block [341/864] : done (2116ms) 
 block [342/864] : done (2124ms) 
 block [343/864] : done (2114ms) 
 block [344/864] : done (2131ms) 
 block [345/864] : done (2076ms) 
 block [346/864] : done (2056ms) 
 block [347/864] : done (2083ms) 
 block [348/864] : done (2107ms) 
 block [349/864] : done (2065ms) 
 block [350/864] : done (2071ms) 
 block [351/864] : done (2067ms) 
 block [352/864] : done (2074ms) 
 block [353/864] : done (2105ms) 
 block [354/864] : done (2203ms) 
 block [355/864] : done (2200ms) 
 block [356/864] : done (2184ms) 
 block [357/864] : done (2178ms) 
 block [358/864] : done (2156ms) 
 block [359/864] : done (2146ms) 
 block [360/864] : done (2135ms) 
 block [361/864] : done (2214ms) 
 block [362/864] : done (2146ms) 
 block [363/864] : done (2159ms) 
 block [364/864] : done (2216ms) 
 block [365/864] : done (2155ms) 
 block [366/864] : done (2182ms) 
 block [367/864] : done (2259ms) 
 block [368/864] : done (2181ms) 
 block [369/864] : done (2184ms) 
 block [370/864] : done (2205ms) 
 block [371/864] : done (2200ms) 
 block [372/864] : done (2177ms) 
 block [373/864] : done (2173ms) 
 block [374/864] : done (2161ms) 
 block [375/864] : done (2168ms) 
 block [376/864] : done (2199ms) 
 block [377/864] : done (2193ms) 
 block [378/864] : done (2177ms) 
 block [379/864] : done (2117ms) 
 block [380/864] : done (2092ms) 
 block [381/864] : done (2107ms) 
 block [382/864] : done (2172ms) 
 block [383/864] : done (2243ms) 
 block [384/864] : done (2206ms) 
 block [385/864] : done (2169ms) 
 block [386/864] : done (2165ms) 
 block [387/864] : done (2164ms) 
 block [388/864] : done (2205ms) 
 block [389/864] : done (2148ms) 
 block [390/864] : done (2168ms) 
 block [391/864] : done (2234ms) 
 block [392/864] : done (2214ms) 
 block [393/864] : done (2210ms) 
 block [394/864] : done (2168ms) 
 block [395/864] : done (2202ms) 
 block [396/864] : done (2195ms) 
 block [397/864] : done (2160ms) 
 block [398/864] : done (2131ms) 
 block [399/864] : done (2162ms) 
 block [400/864] : done (2162ms) 
 block [401/864] : done (2186ms) 
 block [402/864] : done (2191ms) 
 block [403/864] : done (2207ms) 
 block [404/864] : done (2143ms) 
 block [405/864] : done (2184ms) 
 block [406/864] : done (2138ms) 
 block [407/864] : done (2175ms) 
 block [408/864] : done (2184ms) 
 block [409/864] : done (2149ms) 
 block [410/864] : done (2127ms) 
 block [411/864] : done (2157ms) 
 block [412/864] : done (2162ms) 
 block [413/864] : done (2260ms) 
 block [414/864] : done (2240ms) 
 block [415/864] : done (2211ms) 
 block [416/864] : done (2204ms) 
 block [417/864] : done (2163ms) 
 block [418/864] : done (2170ms) 
 block [419/864] : done (2152ms) 
 block [420/864] : done (2144ms) 
 block [421/864] : done (2130ms) 
 block [422/864] : done (2147ms) 
 block [423/864] : done (2085ms) 
 block [424/864] : done (2142ms) 
 block [425/864] : done (2160ms) 
 block [426/864] : done (2121ms) 
 block [427/864] : done (2076ms) 
 block [428/864] : done (2081ms) 
 block [429/864] : done (2124ms) 
 block [430/864] : done (2149ms) 
 block [431/864] : done (2155ms) 
 block [432/864] : done (2104ms) 
 block [433/864] : done (2205ms) 
 block [434/864] : done (2173ms) 
 block [435/864] : done (2179ms) 
 block [436/864] : done (2183ms) 
 block [437/864] : done (2167ms) 
 block [438/864] : done (2146ms) 
 block [439/864] : done (2191ms) 
 block [440/864] : done (2130ms) 
 block [441/864] : done (2204ms) 
 block [442/864] : done (2139ms) 
 block [443/864] : done (2141ms) 
 block [444/864] : done (2154ms) 
 block [445/864] : done (2176ms) 
 block [446/864] : done (2158ms) 
 block [447/864] : done (2147ms) 
 block [448/864] : done (2121ms) 
 block [449/864] : done (2115ms) 
 block [450/864] : done (2119ms) 
 block [451/864] : done (2140ms) 
 block [452/864] : done (2134ms) 
 block [453/864] : done (2105ms) 
 block [454/864] : done (2111ms) 
 block [455/864] : done (2111ms) 
 block [456/864] : done (2084ms) 
 block [457/864] : done (2117ms) 
 block [458/864] : done (2087ms) 
 block [459/864] : done (2096ms) 
 block [460/864] : done (2076ms) 
 block [461/864] : done (2103ms) 
 block [462/864] : done (2092ms) 
 block [463/864] : done (2098ms) 
 block [464/864] : done (2133ms) 
 block [465/864] : done (2172ms) 
 block [466/864] : done (2151ms) 
 block [467/864] : done (2164ms) 
 block [468/864] : done (2103ms) 
 block [469/864] : done (2112ms) 
 block [470/864] : done (2089ms) 
 block [471/864] : done (2095ms) 
 block [472/864] : done (2082ms) 
 block [473/864] : done (2122ms) 
 block [474/864] : done (2141ms) 
 block [475/864] : done (2154ms) 
 block [476/864] : done (2220ms) 
 block [477/864] : done (2106ms) 
 block [478/864] : done (2080ms) 
 block [479/864] : done (2087ms) 
 block [480/864] : done (2097ms) 
 block [481/864] : done (2151ms) 
 block [482/864] : done (2185ms) 
 block [483/864] : done (2169ms) 
 block [484/864] : done (2149ms) 
 block [485/864] : done (2179ms) 
 block [486/864] : done (2131ms) 
 block [487/864] : done (2192ms) 
 block [488/864] : done (2172ms) 
 block [489/864] : done (2133ms) 
 block [490/864] : done (2127ms) 
 block [491/864] : done (2086ms) 
 block [492/864] : done (2094ms) 
 block [493/864] : done (2100ms) 
 block [494/864] : done (2146ms) 
 block [495/864] : done (2093ms) 
 block [496/864] : done (2130ms) 
 block [497/864] : done (2125ms) 
 block [498/864] : done (2147ms) 
 block [499/864] : done (2143ms) 
 block [500/864] : done (2162ms) 
 block [501/864] : done (2152ms) 
 block [502/864] : done (2173ms) 
 block [503/864] : done (2136ms) 
 block [504/864] : done (2183ms) 
 block [505/864] : done (2201ms) 
 block [506/864] : done (2169ms) 
 block [507/864] : done (2208ms) 
 block [508/864] : done (2152ms) 
 block [509/864] : done (2228ms) 
 block [510/864] : done (2163ms) 
 block [511/864] : done (2196ms) 
 block [512/864] : done (2178ms) 
 block [513/864] : done (2165ms) 
 block [514/864] : done (2136ms) 
 block [515/864] : done (2216ms) 
 block [516/864] : done (2237ms) 
 block [517/864] : done (2196ms) 
 block [518/864] : done (2185ms) 
 block [519/864] : done (2185ms) 
 block [520/864] : done (2179ms) 
 block [521/864] : done (2347ms) 
 block [522/864] : done (2174ms) 
 block [523/864] : done (2129ms) 
 block [524/864] : done (2178ms) 
 block [525/864] : done (2169ms) 
 block [526/864] : done (2235ms) 
 block [527/864] : done (2112ms) 
 block [528/864] : done (2160ms) 
 block [529/864] : done (2192ms) 
 block [530/864] : done (2161ms) 
 block [531/864] : done (2173ms) 
 block [532/864] : done (2198ms) 
 block [533/864] : done (2215ms) 
 block [534/864] : done (2150ms) 
 block [535/864] : done (2140ms) 
 block [536/864] : done (2152ms) 
 block [537/864] : done (2115ms) 
 block [538/864] : done (2123ms) 
 block [539/864] : done (2128ms) 
 block [540/864] : done (2151ms) 
 block [541/864] : done (2136ms) 
 block [542/864] : done (2176ms) 
 block [543/864] : done (2078ms) 
 block [544/864] : done (2141ms) 
 block [545/864] : done (2086ms) 
 block [546/864] : done (2140ms) 
 block [547/864] : done (2138ms) 
 block [548/864] : done (2113ms) 
 block [549/864] : done (2097ms) 
 block [550/864] : done (2121ms) 
 block [551/864] : done (2180ms) 
 block [552/864] : done (2179ms) 
 block [553/864] : done (2117ms) 
 block [554/864] : done (2138ms) 
 block [555/864] : done (2251ms) 
 block [556/864] : done (2181ms) 
 block [557/864] : done (2114ms) 
 block [558/864] : done (2150ms) 
 block [559/864] : done (2194ms) 
 block [560/864] : done (2141ms) 
 block [561/864] : done (2199ms) 
 block [562/864] : done (2126ms) 
 block [563/864] : done (2111ms) 
 block [564/864] : done (2193ms) 
 block [565/864] : done (2152ms) 
 block [566/864] : done (2185ms) 
 block [567/864] : done (2154ms) 
 block [568/864] : done (2112ms) 
 block [569/864] : done (2059ms) 
 block [570/864] : done (2121ms) 
 block [571/864] : done (2126ms) 
 block [572/864] : done (2147ms) 
 block [573/864] : done (2101ms) 
 block [574/864] : done (2075ms) 
 block [575/864] : done (2100ms) 
 block [576/864] : done (2105ms) 
 block [577/864] : done (2107ms) 
 block [578/864] : done (2094ms) 
 block [579/864] : done (2211ms) 
 block [580/864] : done (2143ms) 
 block [581/864] : done (2163ms) 
 block [582/864] : done (2144ms) 
 block [583/864] : done (2186ms) 
 block [584/864] : done (2182ms) 
 block [585/864] : done (2178ms) 
 block [586/864] : done (2188ms) 
 block [587/864] : done (2225ms) 
 block [588/864] : done (2272ms) 
 block [589/864] : done (2163ms) 
 block [590/864] : done (2129ms) 
 block [591/864] : done (2106ms) 
 block [592/864] : done (2188ms) 
 block [593/864] : done (2157ms) 
 block [594/864] : done (2207ms) 
 block [595/864] : done (2215ms) 
 block [596/864] : done (2161ms) 
 block [597/864] : done (2162ms) 
 block [598/864] : done (2212ms) 
 block [599/864] : done (2198ms) 
 block [600/864] : done (2161ms) 
 block [601/864] : done (2164ms) 
 block [602/864] : done (2244ms) 
 block [603/864] : done (2226ms) 
 block [604/864] : done (2155ms) 
 block [605/864] : done (2166ms) 
 block [606/864] : done (2136ms) 
 block [607/864] : done (2141ms) 
 block [608/864] : done (2181ms) 
 block [609/864] : done (2117ms) 
 block [610/864] : done (2180ms) 
 block [611/864] : done (2157ms) 
 block [612/864] : done (2167ms) 
 block [613/864] : done (2136ms) 
 block [614/864] : done (2246ms) 
 block [615/864] : done (2172ms) 
 block [616/864] : done (2186ms) 
 block [617/864] : done (2185ms) 
 block [618/864] : done (2117ms) 
 block [619/864] : done (2187ms) 
 block [620/864] : done (2157ms) 
 block [621/864] : done (2160ms) 
 block [622/864] : done (2172ms) 
 block [623/864] : done (2167ms) 
 block [624/864] : done (2254ms) 
 block [625/864] : done (2175ms) 
 block [626/864] : done (2198ms) 
 block [627/864] : done (2114ms) 
 block [628/864] : done (2111ms) 
 block [629/864] : done (2244ms) 
 block [630/864] : done (2186ms) 
 block [631/864] : done (2203ms) 
 block [632/864] : done (2206ms) 
 block [633/864] : done (2220ms) 
 block [634/864] : done (2163ms) 
 block [635/864] : done (2223ms) 
 block [636/864] : done (2164ms) 
 block [637/864] : done (5329ms) 
 block [638/864] : done (2201ms) 
 block [639/864] : done (2179ms) 
 block [640/864] : done (2221ms) 
 block [641/864] : done (2180ms) 
 block [642/864] : done (2204ms) 
 block [643/864] : done (2207ms) 
 block [644/864] : done (2239ms) 
 block [645/864] : done (2275ms) 
 block [646/864] : done (2308ms) 
 block [647/864] : done (2279ms) 
 block [648/864] : done (2199ms) 
 block [649/864] : done (2181ms) 
 block [650/864] : done (2203ms) 
 block [651/864] : done (2180ms) 
 block [652/864] : done (2223ms) 
 block [653/864] : done (2218ms) 
 block [654/864] : done (2173ms) 
 block [655/864] : done (2189ms) 
 block [656/864] : done (2150ms) 
 block [657/864] : done (2128ms) 
 block [658/864] : done (2143ms) 
 block [659/864] : done (2199ms) 
 block [660/864] : done (2137ms) 
 block [661/864] : done (2106ms) 
 block [662/864] : done (2128ms) 
 block [663/864] : done (2177ms) 
 block [664/864] : done (2196ms) 
 block [665/864] : done (2139ms) 
 block [666/864] : done (2148ms) 
 block [667/864] : done (2237ms) 
 block [668/864] : done (2195ms) 
 block [669/864] : done (2144ms) 
 block [670/864] : done (2130ms) 
 block [671/864] : done (2122ms) 
 block [672/864] : done (2137ms) 
 block [673/864] : done (2136ms) 
 block [674/864] : done (2150ms) 
 block [675/864] : done (2218ms) 
 block [676/864] : done (2177ms) 
 block [677/864] : done (2121ms) 
 block [678/864] : done (2115ms) 
 block [679/864] : done (2110ms) 
 block [680/864] : done (2120ms) 
 block [681/864] : done (2142ms) 
 block [682/864] : done (2123ms) 
 block [683/864] : done (2120ms) 
 block [684/864] : done (2112ms) 
 block [685/864] : done (2144ms) 
 block [686/864] : done (2143ms) 
 block [687/864] : done (2121ms) 
 block [688/864] : done (2153ms) 
 block [689/864] : done (2124ms) 
 block [690/864] : done (2149ms) 
 block [691/864] : done (2153ms) 
 block [692/864] : done (2109ms) 
 block [693/864] : done (2110ms) 
 block [694/864] : done (2211ms) 
 block [695/864] : done (2182ms) 
 block [696/864] : done (2230ms) 
 block [697/864] : done (2229ms) 
 block [698/864] : done (2171ms) 
 block [699/864] : done (2172ms) 
 block [700/864] : done (2256ms) 
 block [701/864] : done (2300ms) 
 block [702/864] : done (2202ms) 
 block [703/864] : done (2159ms) 
 block [704/864] : done (2162ms) 
 block [705/864] : done (2179ms) 
 block [706/864] : done (2191ms) 
 block [707/864] : done (2162ms) 
 block [708/864] : done (2124ms) 
 block [709/864] : done (2101ms) 
 block [710/864] : done (2240ms) 
 block [711/864] : done (2096ms) 
 block [712/864] : done (2140ms) 
 block [713/864] : done (2120ms) 
 block [714/864] : done (2149ms) 
 block [715/864] : done (2236ms) 
 block [716/864] : done (2206ms) 
 block [717/864] : done (2263ms) 
 block [718/864] : done (2230ms) 
 block [719/864] : done (2183ms) 
 block [720/864] : done (2168ms) 
 block [721/864] : done (2206ms) 
 block [722/864] : done (2247ms) 
 block [723/864] : done (2275ms) 
 block [724/864] : done (2261ms) 
 block [725/864] : done (2213ms) 
 block [726/864] : done (2155ms) 
 block [727/864] : done (2148ms) 
 block [728/864] : done (2165ms) 
 block [729/864] : done (2179ms) 
 block [730/864] : done (2201ms) 
 block [731/864] : done (2158ms) 
 block [732/864] : done (2153ms) 
 block [733/864] : done (2150ms) 
 block [734/864] : done (2179ms) 
 block [735/864] : done (2161ms) 
 block [736/864] : done (2163ms) 
 block [737/864] : done (2156ms) 
 block [738/864] : done (2275ms) 
 block [739/864] : done (2247ms) 
 block [740/864] : done (2187ms) 
 block [741/864] : done (2172ms) 
 block [742/864] : done (2221ms) 
 block [743/864] : done (2170ms) 
 block [744/864] : done (2198ms) 
 block [745/864] : done (2159ms) 
 block [746/864] : done (2162ms) 
 block [747/864] : done (2155ms) 
 block [748/864] : done (2166ms) 
 block [749/864] : done (2189ms) 
 block [750/864] : done (2114ms) 
 block [751/864] : done (2172ms) 
 block [752/864] : done (2271ms) 
 block [753/864] : done (2213ms) 
 block [754/864] : done (2242ms) 
 block [755/864] : done (2278ms) 
 block [756/864] : done (2268ms) 
 block [757/864] : done (2203ms) 
 block [758/864] : done (2243ms) 
 block [759/864] : done (2222ms) 
 block [760/864] : done (2210ms) 
 block [761/864] : done (2185ms) 
 block [762/864] : done (2158ms) 
 block [763/864] : done (2173ms) 
 block [764/864] : done (2142ms) 
 block [765/864] : done (2176ms) 
 block [766/864] : done (2191ms) 
 block [767/864] : done (2241ms) 
 block [768/864] : done (2195ms) 
 block [769/864] : done (2185ms) 
 block [770/864] : done (2155ms) 
 block [771/864] : done (2187ms) 
 block [772/864] : done (2214ms) 
 block [773/864] : done (2231ms) 
 block [774/864] : done (2256ms) 
 block [775/864] : done (2198ms) 
 block [776/864] : done (2203ms) 
 block [777/864] : done (2208ms) 
 block [778/864] : done (2218ms) 
 block [779/864] : done (2182ms) 
 block [780/864] : done (2181ms) 
 block [781/864] : done (2156ms) 
 block [782/864] : done (2201ms) 
 block [783/864] : done (2188ms) 
 block [784/864] : done (2166ms) 
 block [785/864] : done (2249ms) 
 block [786/864] : done (2261ms) 
 block [787/864] : done (2236ms) 
 block [788/864] : done (2206ms) 
 block [789/864] : done (2184ms) 
 block [790/864] : done (2142ms) 
 block [791/864] : done (2237ms) 
 block [792/864] : done (2208ms) 
 block [793/864] : done (2218ms) 
 block [794/864] : done (2206ms) 
 block [795/864] : done (2343ms) 
 block [796/864] : done (2251ms) 
 block [797/864] : done (2203ms) 
 block [798/864] : done (2259ms) 
 block [799/864] : done (2273ms) 
 block [800/864] : done (2199ms) 
 block [801/864] : done (2165ms) 
 block [802/864] : done (2211ms) 
 block [803/864] : done (2251ms) 
 block [804/864] : done (2209ms) 
 block [805/864] : done (2197ms) 
 block [806/864] : done (2213ms) 
 block [807/864] : done (2222ms) 
 block [808/864] : done (2147ms) 
 block [809/864] : done (2208ms) 
 block [810/864] : done (2188ms) 
 block [811/864] : done (2286ms) 
 block [812/864] : done (2219ms) 
 block [813/864] : done (2232ms) 
 block [814/864] : done (2260ms) 
 block [815/864] : done (2298ms) 
 block [816/864] : done (2300ms) 
 block [817/864] : done (2314ms) 
 block [818/864] : done (2366ms) 
 block [819/864] : done (2380ms) 
 block [820/864] : done (2354ms) 
 block [821/864] : done (2393ms) 
 block [822/864] : done (2310ms) 
 block [823/864] : done (2363ms) 
 block [824/864] : done (2306ms) 
 block [825/864] : done (2281ms) 
 block [826/864] : done (2271ms) 
 block [827/864] : done (2280ms) 
 block [828/864] : done (2272ms) 
 block [829/864] : done (2192ms) 
 block [830/864] : done (2212ms) 
 block [831/864] : done (2257ms) 
 block [832/864] : done (2303ms) 
 block [833/864] : done (2322ms) 
 block [834/864] : done (2219ms) 
 block [835/864] : done (2246ms) 
 block [836/864] : done (2183ms) 
 block [837/864] : done (2200ms) 
 block [838/864] : done (2301ms) 
 block [839/864] : done (2157ms) 
 block [840/864] : done (2204ms) 
 block [841/864] : done (2220ms) 
 block [842/864] : done (2217ms) 
 block [843/864] : done (2241ms) 
 block [844/864] : done (2115ms) 
 block [845/864] : done (2110ms) 
 block [846/864] : done (2309ms) 
 block [847/864] : done (2153ms) 
 block [848/864] : done (2233ms) 
 block [849/864] : done (2210ms) 
 block [850/864] : done (2215ms) 
 block [851/864] : done (2272ms) 
 block [852/864] : done (2285ms) 
 block [853/864] : done (2181ms) 
 block [854/864] : done (2119ms) 
 block [855/864] : done (2227ms) 
 block [856/864] : done (2170ms) 
 block [857/864] : done (2129ms) 
 block [858/864] : done (2157ms) 
 block [859/864] : done (2190ms) 
 block [860/864] : done (2241ms) 
 block [861/864] : done (2250ms) 
 block [862/864] : done (2227ms) 
 block [863/864] : done (2247ms) 
 block [864/864] : done (1996ms) 

Association results stored separately for each trait in files : 
* [result/06_step2/sig_weight_eur_step2.chr15_eur_SIG0_AUC.regenie]
* [result/06_step2/sig_weight_eur_step2.chr15_eur_SIG1_AUC.regenie]
* [result/06_step2/sig_weight_eur_step2.chr15_eur_SIG2_AUC.regenie]
* [result/06_step2/sig_weight_eur_step2.chr15_eur_SIG3_AUC.regenie]
* [result/06_step2/sig_weight_eur_step2.chr15_eur_SIG4_AUC.regenie]
* [result/06_step2/sig_weight_eur_step2.chr15_eur_SIG5_AUC.regenie]
* [result/06_step2/sig_weight_eur_step2.chr15_eur_SIG6_AUC.regenie]
* [result/06_step2/sig_weight_eur_step2.chr15_eur_SIG7_AUC.regenie]
* [result/06_step2/sig_weight_eur_step2.chr15_eur_SIG8_AUC.regenie]
* [result/06_step2/sig_weight_eur_step2.chr15_eur_SIG9_AUC.regenie]
* [result/06_step2/sig_weight_eur_step2.chr15_eur_SIG10_AUC.regenie]
* [result/06_step2/sig_weight_eur_step2.chr15_eur_SIG11_AUC.regenie]
* [result/06_step2/sig_weight_eur_step2.chr15_eur_SIG12_AUC.regenie]
* [result/06_step2/sig_weight_eur_step2.chr15_eur_SIG13_AUC.regenie]
* [result/06_step2/sig_weight_eur_step2.chr15_eur_SIG14_AUC.regenie]
* [result/06_step2/sig_weight_eur_step2.chr15_eur_SIG15_AUC.regenie]
* [result/06_step2/sig_weight_eur_step2.chr15_eur_SIG16_AUC.regenie]
* [result/06_step2/sig_weight_eur_step2.chr15_eur_SIG17_AUC.regenie]
* [result/06_step2/sig_weight_eur_step2.chr15_eur_SIG18_AUC.regenie]
* [result/06_step2/sig_weight_eur_step2.chr15_eur_SIG19_AUC.regenie]
* [result/06_step2/sig_weight_eur_step2.chr15_eur_SIG20_AUC.regenie]

Number of ignored tests due to low MAC or info score : 126

Elapsed time : 1972.81s
End time: Wed Dec 17 07:38:40 2025

