Start time: Wed Dec 17 07:05:46 2025

              |=============================|
              |      REGENIE v3.2.5.gz      |
              |=============================|

Copyright (c) 2020-2022 Joelle Mbatchou, Andrey Ziyatdinov and Jonathan Marchini.
Distributed under the MIT License.
Compiled with Boost Iostream library.
Using Intel MKL with Eigen.

Log of output saved in file : result/06_step2/sig_weight_eur_step2.chr16_eur.log

Options in effect:
  --step 2 \
  --bgen /broad/ukbb/imputed_v3/ukb_imp_chr16_v3.bgen \
  --sample /medpop/esp2/pradeep/UKBiobank/v3data/ukb7089_imp_chr3_v3_s487395.sample \
  --ref-first \
  --extract ../data/step2/var.chr16_eur.list.snplist \
  --keep ../data/sample_list_eur.txt \
  --covarFile ../data/sig_weight_cov_file.tsv \
  --phenoFile /medpop/esp2/tnakao/analyses/projects/collab/Sarah_signature_weights_GWAS/import/signature_auc_phenotypes_last.txt \
  --bsize 200 \
  --threads 4 \
  --qt \
  --catCovarList genotyping_array,Inferred_Gender \
  --pred result/04_step1/sig_weight_eur_step1_pred.list \
  --minINFO 0.7 \
  --out result/06_step2/sig_weight_eur_step2.chr16_eur

Association testing mode with fast multithreading using OpenMP
 * bgen             : [/broad/ukbb/imputed_v3/ukb_imp_chr16_v3.bgen]
   -summary : bgen file (v1.2 layout, zlib compressed) with 487409 anonymous samples and 3089612 variants with 8-bit encoding.
   -index bgi file [/broad/ukbb/imputed_v3/ukb_imp_chr16_v3.bgen.bgi]
   -keeping variants specified by --extract
   -number of variants remaining in the analysis = 180288
   -sample file: /medpop/esp2/pradeep/UKBiobank/v3data/ukb7089_imp_chr3_v3_s487395.sample
   -keeping only individuals specified by --keep
   -number of genotyped individuals remaining in the analysis = 361171
 * phenotypes       : [/medpop/esp2/tnakao/analyses/projects/collab/Sarah_signature_weights_GWAS/import/signature_auc_phenotypes_last.txt] n_pheno = 21
   -number of phenotyped individuals  = 361171
 * covariates       : [../data/sig_weight_cov_file.tsv] n_cov = 13
   -number of individuals with covariate data = 361171
 * number of individuals used in analysis = 361171
 * number of observations for each trait:
   - 'SIG0_AUC': 361171 observations
   - 'SIG1_AUC': 361171 observations
   - 'SIG2_AUC': 361171 observations
   - 'SIG3_AUC': 361171 observations
   - 'SIG4_AUC': 361171 observations
   - 'SIG5_AUC': 361171 observations
   - 'SIG6_AUC': 361171 observations
   - 'SIG7_AUC': 361171 observations
   - 'SIG8_AUC': 361171 observations
   - 'SIG9_AUC': 361171 observations
   - 'SIG10_AUC': 361171 observations
   - 'SIG11_AUC': 361171 observations
   - 'SIG12_AUC': 361171 observations
   - 'SIG13_AUC': 361171 observations
   - 'SIG14_AUC': 361171 observations
   - 'SIG15_AUC': 361171 observations
   - 'SIG16_AUC': 361171 observations
   - 'SIG17_AUC': 361171 observations
   - 'SIG18_AUC': 361171 observations
   - 'SIG19_AUC': 361171 observations
   - 'SIG20_AUC': 361171 observations
 * LOCO predictions : [result/04_step1/sig_weight_eur_step1_pred.list]
   -file [/medpop/esp2/tnakao/analyses/projects/collab/Sarah_signature_weights_GWAS/96_last_250319/result/04_step1/sig_weight_eur_step1_1.loco] for phenotype 'SIG0_AUC'
   -file [/medpop/esp2/tnakao/analyses/projects/collab/Sarah_signature_weights_GWAS/96_last_250319/result/04_step1/sig_weight_eur_step1_2.loco] for phenotype 'SIG1_AUC'
   -file [/medpop/esp2/tnakao/analyses/projects/collab/Sarah_signature_weights_GWAS/96_last_250319/result/04_step1/sig_weight_eur_step1_3.loco] for phenotype 'SIG2_AUC'
   -file [/medpop/esp2/tnakao/analyses/projects/collab/Sarah_signature_weights_GWAS/96_last_250319/result/04_step1/sig_weight_eur_step1_4.loco] for phenotype 'SIG3_AUC'
   -file [/medpop/esp2/tnakao/analyses/projects/collab/Sarah_signature_weights_GWAS/96_last_250319/result/04_step1/sig_weight_eur_step1_5.loco] for phenotype 'SIG4_AUC'
   -file [/medpop/esp2/tnakao/analyses/projects/collab/Sarah_signature_weights_GWAS/96_last_250319/result/04_step1/sig_weight_eur_step1_6.loco] for phenotype 'SIG5_AUC'
   -file [/medpop/esp2/tnakao/analyses/projects/collab/Sarah_signature_weights_GWAS/96_last_250319/result/04_step1/sig_weight_eur_step1_7.loco] for phenotype 'SIG6_AUC'
   -file [/medpop/esp2/tnakao/analyses/projects/collab/Sarah_signature_weights_GWAS/96_last_250319/result/04_step1/sig_weight_eur_step1_8.loco] for phenotype 'SIG7_AUC'
   -file [/medpop/esp2/tnakao/analyses/projects/collab/Sarah_signature_weights_GWAS/96_last_250319/result/04_step1/sig_weight_eur_step1_9.loco] for phenotype 'SIG8_AUC'
   -file [/medpop/esp2/tnakao/analyses/projects/collab/Sarah_signature_weights_GWAS/96_last_250319/result/04_step1/sig_weight_eur_step1_10.loco] for phenotype 'SIG9_AUC'
   -file [/medpop/esp2/tnakao/analyses/projects/collab/Sarah_signature_weights_GWAS/96_last_250319/result/04_step1/sig_weight_eur_step1_11.loco] for phenotype 'SIG10_AUC'
   -file [/medpop/esp2/tnakao/analyses/projects/collab/Sarah_signature_weights_GWAS/96_last_250319/result/04_step1/sig_weight_eur_step1_12.loco] for phenotype 'SIG11_AUC'
   -file [/medpop/esp2/tnakao/analyses/projects/collab/Sarah_signature_weights_GWAS/96_last_250319/result/04_step1/sig_weight_eur_step1_13.loco] for phenotype 'SIG12_AUC'
   -file [/medpop/esp2/tnakao/analyses/projects/collab/Sarah_signature_weights_GWAS/96_last_250319/result/04_step1/sig_weight_eur_step1_14.loco] for phenotype 'SIG13_AUC'
   -file [/medpop/esp2/tnakao/analyses/projects/collab/Sarah_signature_weights_GWAS/96_last_250319/result/04_step1/sig_weight_eur_step1_15.loco] for phenotype 'SIG14_AUC'
   -file [/medpop/esp2/tnakao/analyses/projects/collab/Sarah_signature_weights_GWAS/96_last_250319/result/04_step1/sig_weight_eur_step1_16.loco] for phenotype 'SIG15_AUC'
   -file [/medpop/esp2/tnakao/analyses/projects/collab/Sarah_signature_weights_GWAS/96_last_250319/result/04_step1/sig_weight_eur_step1_17.loco] for phenotype 'SIG16_AUC'
   -file [/medpop/esp2/tnakao/analyses/projects/collab/Sarah_signature_weights_GWAS/96_last_250319/result/04_step1/sig_weight_eur_step1_18.loco] for phenotype 'SIG17_AUC'
   -file [/medpop/esp2/tnakao/analyses/projects/collab/Sarah_signature_weights_GWAS/96_last_250319/result/04_step1/sig_weight_eur_step1_19.loco] for phenotype 'SIG18_AUC'
   -file [/medpop/esp2/tnakao/analyses/projects/collab/Sarah_signature_weights_GWAS/96_last_250319/result/04_step1/sig_weight_eur_step1_20.loco] for phenotype 'SIG19_AUC'
   -file [/medpop/esp2/tnakao/analyses/projects/collab/Sarah_signature_weights_GWAS/96_last_250319/result/04_step1/sig_weight_eur_step1_21.loco] for phenotype 'SIG20_AUC'
   -residualizing and scaling phenotypes...done (72ms) 
 * # threads        : [4]
 * block size       : [200]
 * # blocks         : [902]
 * approximate memory usage : 2GB
 * using minimum MAC of 5 (variants with lower MAC are ignored)
 * using minimum imputation info score of 0.7 (variants with lower info score are ignored)

Chromosome 16 [902 blocks in total]
   -reading loco predictions for the chromosome...done (11694ms) 
 block [1/902] : done (2301ms) 
 block [2/902] : done (2237ms) 
 block [3/902] : done (2227ms) 
 block [4/902] : done (2184ms) 
 block [5/902] : done (2171ms) 
 block [6/902] : done (2150ms) 
 block [7/902] : done (2150ms) 
 block [8/902] : done (2180ms) 
 block [9/902] : done (2215ms) 
 block [10/902] : done (1927ms) 
 block [11/902] : done (1843ms) 
 block [12/902] : done (1912ms) 
 block [13/902] : done (2020ms) 
 block [14/902] : done (2088ms) 
 block [15/902] : done (2188ms) 
 block [16/902] : done (2194ms) 
 block [17/902] : done (2180ms) 
 block [18/902] : done (2180ms) 
 block [19/902] : done (2112ms) 
 block [20/902] : done (2123ms) 
 block [21/902] : done (2084ms) 
 block [22/902] : done (2125ms) 
 block [23/902] : done (2159ms) 
 block [24/902] : done (2116ms) 
 block [25/902] : done (2086ms) 
 block [26/902] : done (2109ms) 
 block [27/902] : done (2124ms) 
 block [28/902] : done (2223ms) 
 block [29/902] : done (2154ms) 
 block [30/902] : done (2263ms) 
 block [31/902] : done (2249ms) 
 block [32/902] : done (2240ms) 
 block [33/902] : done (1934ms) 
 block [34/902] : done (1830ms) 
 block [35/902] : done (1826ms) 
 block [36/902] : done (1903ms) 
 block [37/902] : done (1985ms) 
 block [38/902] : done (1975ms) 
 block [39/902] : done (1917ms) 
 block [40/902] : done (1922ms) 
 block [41/902] : done (1980ms) 
 block [42/902] : done (1877ms) 
 block [43/902] : done (2023ms) 
 block [44/902] : done (2087ms) 
 block [45/902] : done (2042ms) 
 block [46/902] : done (2056ms) 
 block [47/902] : done (2103ms) 
 block [48/902] : done (1947ms) 
 block [49/902] : done (1844ms) 
 block [50/902] : done (1817ms) 
 block [51/902] : done (1888ms) 
 block [52/902] : done (1913ms) 
 block [53/902] : done (1807ms) 
 block [54/902] : done (1847ms) 
 block [55/902] : done (1824ms) 
 block [56/902] : done (1868ms) 
 block [57/902] : done (1875ms) 
 block [58/902] : done (1934ms) 
 block [59/902] : done (1893ms) 
 block [60/902] : done (1874ms) 
 block [61/902] : done (1829ms) 
 block [62/902] : done (1842ms) 
 block [63/902] : done (1848ms) 
 block [64/902] : done (1860ms) 
 block [65/902] : done (1855ms) 
 block [66/902] : done (1868ms) 
 block [67/902] : done (1863ms) 
 block [68/902] : done (1848ms) 
 block [69/902] : done (1878ms) 
 block [70/902] : done (1860ms) 
 block [71/902] : done (1859ms) 
 block [72/902] : done (1931ms) 
 block [73/902] : done (1879ms) 
 block [74/902] : done (1874ms) 
 block [75/902] : done (1894ms) 
 block [76/902] : done (1866ms) 
 block [77/902] : done (1897ms) 
 block [78/902] : done (1915ms) 
 block [79/902] : done (1843ms) 
 block [80/902] : done (1918ms) 
 block [81/902] : done (1884ms) 
 block [82/902] : done (1842ms) 
 block [83/902] : done (1827ms) 
 block [84/902] : done (1823ms) 
 block [85/902] : done (1841ms) 
 block [86/902] : done (1864ms) 
 block [87/902] : done (1809ms) 
 block [88/902] : done (1835ms) 
 block [89/902] : done (1940ms) 
 block [90/902] : done (1907ms) 
 block [91/902] : done (1772ms) 
 block [92/902] : done (1800ms) 
 block [93/902] : done (1823ms) 
 block [94/902] : done (1898ms) 
 block [95/902] : done (1824ms) 
 block [96/902] : done (1838ms) 
 block [97/902] : done (1867ms) 
 block [98/902] : done (1836ms) 
 block [99/902] : done (1808ms) 
 block [100/902] : done (1916ms) 
 block [101/902] : done (1881ms) 
 block [102/902] : done (1803ms) 
 block [103/902] : done (1822ms) 
 block [104/902] : done (1840ms) 
 block [105/902] : done (1888ms) 
 block [106/902] : done (1821ms) 
 block [107/902] : done (1803ms) 
 block [108/902] : done (1814ms) 
 block [109/902] : done (1780ms) 
 block [110/902] : done (1858ms) 
 block [111/902] : done (1812ms) 
 block [112/902] : done (1835ms) 
 block [113/902] : done (1867ms) 
 block [114/902] : done (1864ms) 
 block [115/902] : done (1860ms) 
 block [116/902] : done (1800ms) 
 block [117/902] : done (1836ms) 
 block [118/902] : done (1842ms) 
 block [119/902] : done (1790ms) 
 block [120/902] : done (1808ms) 
 block [121/902] : done (1786ms) 
 block [122/902] : done (1838ms) 
 block [123/902] : done (1857ms) 
 block [124/902] : done (1832ms) 
 block [125/902] : done (1873ms) 
 block [126/902] : done (1824ms) 
 block [127/902] : done (1884ms) 
 block [128/902] : done (1878ms) 
 block [129/902] : done (1851ms) 
 block [130/902] : done (1880ms) 
 block [131/902] : done (1879ms) 
 block [132/902] : done (1938ms) 
 block [133/902] : done (1898ms) 
 block [134/902] : done (1924ms) 
 block [135/902] : done (1901ms) 
 block [136/902] : done (1862ms) 
 block [137/902] : done (1877ms) 
 block [138/902] : done (1832ms) 
 block [139/902] : done (1862ms) 
 block [140/902] : done (1884ms) 
 block [141/902] : done (1850ms) 
 block [142/902] : done (1864ms) 
 block [143/902] : done (1874ms) 
 block [144/902] : done (1875ms) 
 block [145/902] : done (1861ms) 
 block [146/902] : done (1838ms) 
 block [147/902] : done (1836ms) 
 block [148/902] : done (1836ms) 
 block [149/902] : done (1813ms) 
 block [150/902] : done (1854ms) 
 block [151/902] : done (1902ms) 
 block [152/902] : done (1892ms) 
 block [153/902] : done (1871ms) 
 block [154/902] : done (1854ms) 
 block [155/902] : done (1912ms) 
 block [156/902] : done (1921ms) 
 block [157/902] : done (1841ms) 
 block [158/902] : done (1942ms) 
 block [159/902] : done (1926ms) 
 block [160/902] : done (1824ms) 
 block [161/902] : done (1847ms) 
 block [162/902] : done (1899ms) 
 block [163/902] : done (1911ms) 
 block [164/902] : done (1819ms) 
 block [165/902] : done (1855ms) 
 block [166/902] : done (1898ms) 
 block [167/902] : done (1874ms) 
 block [168/902] : done (1915ms) 
 block [169/902] : done (1904ms) 
 block [170/902] : done (1905ms) 
 block [171/902] : done (1908ms) 
 block [172/902] : done (1878ms) 
 block [173/902] : done (1830ms) 
 block [174/902] : done (1915ms) 
 block [175/902] : done (1913ms) 
 block [176/902] : done (1848ms) 
 block [177/902] : done (1853ms) 
 block [178/902] : done (1820ms) 
 block [179/902] : done (1849ms) 
 block [180/902] : done (1852ms) 
 block [181/902] : done (1876ms) 
 block [182/902] : done (1844ms) 
 block [183/902] : done (1843ms) 
 block [184/902] : done (1903ms) 
 block [185/902] : done (1919ms) 
 block [186/902] : done (1860ms) 
 block [187/902] : done (1981ms) 
 block [188/902] : done (1941ms) 
 block [189/902] : done (1853ms) 
 block [190/902] : done (1884ms) 
 block [191/902] : done (1859ms) 
 block [192/902] : done (1838ms) 
 block [193/902] : done (1859ms) 
 block [194/902] : done (1820ms) 
 block [195/902] : done (1913ms) 
 block [196/902] : done (1862ms) 
 block [197/902] : done (1887ms) 
 block [198/902] : done (1842ms) 
 block [199/902] : done (1852ms) 
 block [200/902] : done (1862ms) 
 block [201/902] : done (1856ms) 
 block [202/902] : done (1826ms) 
 block [203/902] : done (1876ms) 
 block [204/902] : done (1873ms) 
 block [205/902] : done (1835ms) 
 block [206/902] : done (1890ms) 
 block [207/902] : done (1909ms) 
 block [208/902] : done (1919ms) 
 block [209/902] : done (1859ms) 
 block [210/902] : done (1829ms) 
 block [211/902] : done (1848ms) 
 block [212/902] : done (1992ms) 
 block [213/902] : done (1882ms) 
 block [214/902] : done (1938ms) 
 block [215/902] : done (2089ms) 
 block [216/902] : done (2119ms) 
 block [217/902] : done (2036ms) 
 block [218/902] : done (2040ms) 
 block [219/902] : done (2109ms) 
 block [220/902] : done (2088ms) 
 block [221/902] : done (2118ms) 
 block [222/902] : done (2078ms) 
 block [223/902] : done (2112ms) 
 block [224/902] : done (2174ms) 
 block [225/902] : done (2163ms) 
 block [226/902] : done (2161ms) 
 block [227/902] : done (2093ms) 
 block [228/902] : done (2038ms) 
 block [229/902] : done (2038ms) 
 block [230/902] : done (2096ms) 
 block [231/902] : done (2105ms) 
 block [232/902] : done (2148ms) 
 block [233/902] : done (2153ms) 
 block [234/902] : done (2115ms) 
 block [235/902] : done (2104ms) 
 block [236/902] : done (2136ms) 
 block [237/902] : done (2115ms) 
 block [238/902] : done (2060ms) 
 block [239/902] : done (2048ms) 
 block [240/902] : done (2205ms) 
 block [241/902] : done (2180ms) 
 block [242/902] : done (2098ms) 
 block [243/902] : done (2162ms) 
 block [244/902] : done (2121ms) 
 block [245/902] : done (2179ms) 
 block [246/902] : done (2155ms) 
 block [247/902] : done (2083ms) 
 block [248/902] : done (2071ms) 
 block [249/902] : done (2046ms) 
 block [250/902] : done (2052ms) 
 block [251/902] : done (2097ms) 
 block [252/902] : done (2065ms) 
 block [253/902] : done (2110ms) 
 block [254/902] : done (2139ms) 
 block [255/902] : done (2089ms) 
 block [256/902] : done (2106ms) 
 block [257/902] : done (2103ms) 
 block [258/902] : done (2099ms) 
 block [259/902] : done (2141ms) 
 block [260/902] : done (2111ms) 
 block [261/902] : done (2133ms) 
 block [262/902] : done (2108ms) 
 block [263/902] : done (2129ms) 
 block [264/902] : done (2088ms) 
 block [265/902] : done (2088ms) 
 block [266/902] : done (2088ms) 
 block [267/902] : done (2087ms) 
 block [268/902] : done (2186ms) 
 block [269/902] : done (2203ms) 
 block [270/902] : done (2182ms) 
 block [271/902] : done (2140ms) 
 block [272/902] : done (2144ms) 
 block [273/902] : done (2181ms) 
 block [274/902] : done (2144ms) 
 block [275/902] : done (2085ms) 
 block [276/902] : done (2112ms) 
 block [277/902] : done (2076ms) 
 block [278/902] : done (2086ms) 
 block [279/902] : done (2076ms) 
 block [280/902] : done (2212ms) 
 block [281/902] : done (2173ms) 
 block [282/902] : done (2066ms) 
 block [283/902] : done (2039ms) 
 block [284/902] : done (2143ms) 
 block [285/902] : done (2156ms) 
 block [286/902] : done (2111ms) 
 block [287/902] : done (2090ms) 
 block [288/902] : done (2165ms) 
 block [289/902] : done (2204ms) 
 block [290/902] : done (2143ms) 
 block [291/902] : done (2110ms) 
 block [292/902] : done (2131ms) 
 block [293/902] : done (2147ms) 
 block [294/902] : done (2099ms) 
 block [295/902] : done (2179ms) 
 block [296/902] : done (2101ms) 
 block [297/902] : done (2104ms) 
 block [298/902] : done (2166ms) 
 block [299/902] : done (2197ms) 
 block [300/902] : done (2157ms) 
 block [301/902] : done (2059ms) 
 block [302/902] : done (2077ms) 
 block [303/902] : done (2057ms) 
 block [304/902] : done (2084ms) 
 block [305/902] : done (2110ms) 
 block [306/902] : done (2088ms) 
 block [307/902] : done (2047ms) 
 block [308/902] : done (2102ms) 
 block [309/902] : done (2090ms) 
 block [310/902] : done (2132ms) 
 block [311/902] : done (2077ms) 
 block [312/902] : done (2073ms) 
 block [313/902] : done (2072ms) 
 block [314/902] : done (2171ms) 
 block [315/902] : done (2100ms) 
 block [316/902] : done (2152ms) 
 block [317/902] : done (2116ms) 
 block [318/902] : done (2076ms) 
 block [319/902] : done (2101ms) 
 block [320/902] : done (2116ms) 
 block [321/902] : done (2103ms) 
 block [322/902] : done (2066ms) 
 block [323/902] : done (2119ms) 
 block [324/902] : done (2095ms) 
 block [325/902] : done (2119ms) 
 block [326/902] : done (2101ms) 
 block [327/902] : done (2094ms) 
 block [328/902] : done (2141ms) 
 block [329/902] : done (2136ms) 
 block [330/902] : done (2124ms) 
 block [331/902] : done (2161ms) 
 block [332/902] : done (2134ms) 
 block [333/902] : done (2095ms) 
 block [334/902] : done (2117ms) 
 block [335/902] : done (2101ms) 
 block [336/902] : done (2151ms) 
 block [337/902] : done (2224ms) 
 block [338/902] : done (2170ms) 
 block [339/902] : done (2153ms) 
 block [340/902] : done (2217ms) 
 block [341/902] : done (2172ms) 
 block [342/902] : done (2156ms) 
 block [343/902] : done (2202ms) 
 block [344/902] : done (2183ms) 
 block [345/902] : done (2131ms) 
 block [346/902] : done (2197ms) 
 block [347/902] : done (2233ms) 
 block [348/902] : done (2167ms) 
 block [349/902] : done (2143ms) 
 block [350/902] : done (2131ms) 
 block [351/902] : done (2139ms) 
 block [352/902] : done (2105ms) 
 block [353/902] : done (2086ms) 
 block [354/902] : done (2069ms) 
 block [355/902] : done (2123ms) 
 block [356/902] : done (2274ms) 
 block [357/902] : done (2262ms) 
 block [358/902] : done (2257ms) 
 block [359/902] : done (2290ms) 
 block [360/902] : done (2274ms) 
 block [361/902] : done (2178ms) 
 block [362/902] : done (2113ms) 
 block [363/902] : done (2170ms) 
 block [364/902] : done (2062ms) 
 block [365/902] : done (2026ms) 
 block [366/902] : done (2109ms) 
 block [367/902] : done (2147ms) 
 block [368/902] : done (2038ms) 
 block [369/902] : done (2121ms) 
 block [370/902] : done (2115ms) 
 block [371/902] : done (2066ms) 
 block [372/902] : done (2094ms) 
 block [373/902] : done (2151ms) 
 block [374/902] : done (2066ms) 
 block [375/902] : done (2123ms) 
 block [376/902] : done (2066ms) 
 block [377/902] : done (2094ms) 
 block [378/902] : done (2103ms) 
 block [379/902] : done (2119ms) 
 block [380/902] : done (2094ms) 
 block [381/902] : done (2071ms) 
 block [382/902] : done (2088ms) 
 block [383/902] : done (2118ms) 
 block [384/902] : done (2124ms) 
 block [385/902] : done (2111ms) 
 block [386/902] : done (2080ms) 
 block [387/902] : done (2108ms) 
 block [388/902] : done (2129ms) 
 block [389/902] : done (2124ms) 
 block [390/902] : done (2085ms) 
 block [391/902] : done (2156ms) 
 block [392/902] : done (2137ms) 
 block [393/902] : done (2095ms) 
 block [394/902] : done (2095ms) 
 block [395/902] : done (2158ms) 
 block [396/902] : done (2144ms) 
 block [397/902] : done (2085ms) 
 block [398/902] : done (2119ms) 
 block [399/902] : done (2145ms) 
 block [400/902] : done (2099ms) 
 block [401/902] : done (2104ms) 
 block [402/902] : done (2092ms) 
 block [403/902] : done (2185ms) 
 block [404/902] : done (2148ms) 
 block [405/902] : done (2092ms) 
 block [406/902] : done (2143ms) 
 block [407/902] : done (2075ms) 
 block [408/902] : done (2087ms) 
 block [409/902] : done (2110ms) 
 block [410/902] : done (2173ms) 
 block [411/902] : done (2124ms) 
 block [412/902] : done (2110ms) 
 block [413/902] : done (2043ms) 
 block [414/902] : done (2085ms) 
 block [415/902] : done (2096ms) 
 block [416/902] : done (2087ms) 
 block [417/902] : done (2099ms) 
 block [418/902] : done (2130ms) 
 block [419/902] : done (2068ms) 
 block [420/902] : done (2054ms) 
 block [421/902] : done (2166ms) 
 block [422/902] : done (2119ms) 
 block [423/902] : done (2042ms) 
 block [424/902] : done (2088ms) 
 block [425/902] : done (2078ms) 
 block [426/902] : done (2095ms) 
 block [427/902] : done (2205ms) 
 block [428/902] : done (2130ms) 
 block [429/902] : done (2200ms) 
 block [430/902] : done (2167ms) 
 block [431/902] : done (2211ms) 
 block [432/902] : done (2198ms) 
 block [433/902] : done (2190ms) 
 block [434/902] : done (2136ms) 
 block [435/902] : done (2176ms) 
 block [436/902] : done (2177ms) 
 block [437/902] : done (2217ms) 
 block [438/902] : done (2178ms) 
 block [439/902] : done (2188ms) 
 block [440/902] : done (2155ms) 
 block [441/902] : done (2183ms) 
 block [442/902] : done (2143ms) 
 block [443/902] : done (2130ms) 
 block [444/902] : done (2118ms) 
 block [445/902] : done (2097ms) 
 block [446/902] : done (2100ms) 
 block [447/902] : done (2195ms) 
 block [448/902] : done (2090ms) 
 block [449/902] : done (2120ms) 
 block [450/902] : done (2164ms) 
 block [451/902] : done (2145ms) 
 block [452/902] : done (2094ms) 
 block [453/902] : done (2078ms) 
 block [454/902] : done (2079ms) 
 block [455/902] : done (2088ms) 
 block [456/902] : done (2069ms) 
 block [457/902] : done (2106ms) 
 block [458/902] : done (2076ms) 
 block [459/902] : done (2082ms) 
 block [460/902] : done (2117ms) 
 block [461/902] : done (2094ms) 
 block [462/902] : done (2127ms) 
 block [463/902] : done (2127ms) 
 block [464/902] : done (2135ms) 
 block [465/902] : done (2167ms) 
 block [466/902] : done (2146ms) 
 block [467/902] : done (2117ms) 
 block [468/902] : done (2119ms) 
 block [469/902] : done (2102ms) 
 block [470/902] : done (2148ms) 
 block [471/902] : done (2102ms) 
 block [472/902] : done (2086ms) 
 block [473/902] : done (2109ms) 
 block [474/902] : done (2109ms) 
 block [475/902] : done (2217ms) 
 block [476/902] : done (2104ms) 
 block [477/902] : done (2190ms) 
 block [478/902] : done (2193ms) 
 block [479/902] : done (2187ms) 
 block [480/902] : done (2101ms) 
 block [481/902] : done (2082ms) 
 block [482/902] : done (2087ms) 
 block [483/902] : done (2083ms) 
 block [484/902] : done (2137ms) 
 block [485/902] : done (2201ms) 
 block [486/902] : done (2154ms) 
 block [487/902] : done (2129ms) 
 block [488/902] : done (2133ms) 
 block [489/902] : done (2064ms) 
 block [490/902] : done (2061ms) 
 block [491/902] : done (2064ms) 
 block [492/902] : done (2073ms) 
 block [493/902] : done (2096ms) 
 block [494/902] : done (2092ms) 
 block [495/902] : done (2134ms) 
 block [496/902] : done (2121ms) 
 block [497/902] : done (2127ms) 
 block [498/902] : done (2112ms) 
 block [499/902] : done (2125ms) 
 block [500/902] : done (2159ms) 
 block [501/902] : done (2121ms) 
 block [502/902] : done (2176ms) 
 block [503/902] : done (2152ms) 
 block [504/902] : done (2106ms) 
 block [505/902] : done (2222ms) 
 block [506/902] : done (2150ms) 
 block [507/902] : done (2072ms) 
 block [508/902] : done (2166ms) 
 block [509/902] : done (2132ms) 
 block [510/902] : done (2123ms) 
 block [511/902] : done (2107ms) 
 block [512/902] : done (2143ms) 
 block [513/902] : done (2124ms) 
 block [514/902] : done (2140ms) 
 block [515/902] : done (2123ms) 
 block [516/902] : done (2147ms) 
 block [517/902] : done (2191ms) 
 block [518/902] : done (2116ms) 
 block [519/902] : done (2127ms) 
 block [520/902] : done (2194ms) 
 block [521/902] : done (2253ms) 
 block [522/902] : done (2151ms) 
 block [523/902] : done (2123ms) 
 block [524/902] : done (2147ms) 
 block [525/902] : done (2121ms) 
 block [526/902] : done (2118ms) 
 block [527/902] : done (2148ms) 
 block [528/902] : done (2127ms) 
 block [529/902] : done (2129ms) 
 block [530/902] : done (2112ms) 
 block [531/902] : done (2176ms) 
 block [532/902] : done (2146ms) 
 block [533/902] : done (2170ms) 
 block [534/902] : done (2104ms) 
 block [535/902] : done (2101ms) 
 block [536/902] : done (2121ms) 
 block [537/902] : done (2165ms) 
 block [538/902] : done (2198ms) 
 block [539/902] : done (2154ms) 
 block [540/902] : done (2111ms) 
 block [541/902] : done (2139ms) 
 block [542/902] : done (2118ms) 
 block [543/902] : done (2262ms) 
 block [544/902] : done (2182ms) 
 block [545/902] : done (2204ms) 
 block [546/902] : done (2196ms) 
 block [547/902] : done (2172ms) 
 block [548/902] : done (2135ms) 
 block [549/902] : done (2145ms) 
 block [550/902] : done (2122ms) 
 block [551/902] : done (2155ms) 
 block [552/902] : done (2119ms) 
 block [553/902] : done (2059ms) 
 block [554/902] : done (2137ms) 
 block [555/902] : done (2093ms) 
 block [556/902] : done (2081ms) 
 block [557/902] : done (2158ms) 
 block [558/902] : done (2131ms) 
 block [559/902] : done (2076ms) 
 block [560/902] : done (2066ms) 
 block [561/902] : done (2102ms) 
 block [562/902] : done (2099ms) 
 block [563/902] : done (2085ms) 
 block [564/902] : done (2064ms) 
 block [565/902] : done (2092ms) 
 block [566/902] : done (2086ms) 
 block [567/902] : done (2079ms) 
 block [568/902] : done (2065ms) 
 block [569/902] : done (2086ms) 
 block [570/902] : done (2153ms) 
 block [571/902] : done (2099ms) 
 block [572/902] : done (2130ms) 
 block [573/902] : done (2184ms) 
 block [574/902] : done (2142ms) 
 block [575/902] : done (2176ms) 
 block [576/902] : done (2075ms) 
 block [577/902] : done (2129ms) 
 block [578/902] : done (2108ms) 
 block [579/902] : done (2129ms) 
 block [580/902] : done (2157ms) 
 block [581/902] : done (2056ms) 
 block [582/902] : done (2116ms) 
 block [583/902] : done (2119ms) 
 block [584/902] : done (2128ms) 
 block [585/902] : done (2134ms) 
 block [586/902] : done (2112ms) 
 block [587/902] : done (2102ms) 
 block [588/902] : done (2157ms) 
 block [589/902] : done (2152ms) 
 block [590/902] : done (2139ms) 
 block [591/902] : done (2148ms) 
 block [592/902] : done (2147ms) 
 block [593/902] : done (2110ms) 
 block [594/902] : done (2154ms) 
 block [595/902] : done (2151ms) 
 block [596/902] : done (2168ms) 
 block [597/902] : done (2130ms) 
 block [598/902] : done (2099ms) 
 block [599/902] : done (2146ms) 
 block [600/902] : done (2125ms) 
 block [601/902] : done (2092ms) 
 block [602/902] : done (2088ms) 
 block [603/902] : done (2100ms) 
 block [604/902] : done (2124ms) 
 block [605/902] : done (2158ms) 
 block [606/902] : done (2143ms) 
 block [607/902] : done (2116ms) 
 block [608/902] : done (2134ms) 
 block [609/902] : done (2125ms) 
 block [610/902] : done (2160ms) 
 block [611/902] : done (2198ms) 
 block [612/902] : done (2269ms) 
 block [613/902] : done (2183ms) 
 block [614/902] : done (2144ms) 
 block [615/902] : done (2132ms) 
 block [616/902] : done (2283ms) 
 block [617/902] : done (2136ms) 
 block [618/902] : done (2179ms) 
 block [619/902] : done (2168ms) 
 block [620/902] : done (2131ms) 
 block [621/902] : done (2118ms) 
 block [622/902] : done (2108ms) 
 block [623/902] : done (2135ms) 
 block [624/902] : done (2126ms) 
 block [625/902] : done (2176ms) 
 block [626/902] : done (2110ms) 
 block [627/902] : done (2107ms) 
 block [628/902] : done (2118ms) 
 block [629/902] : done (2077ms) 
 block [630/902] : done (2109ms) 
 block [631/902] : done (2094ms) 
 block [632/902] : done (2130ms) 
 block [633/902] : done (2225ms) 
 block [634/902] : done (2123ms) 
 block [635/902] : done (2132ms) 
 block [636/902] : done (2185ms) 
 block [637/902] : done (2201ms) 
 block [638/902] : done (2168ms) 
 block [639/902] : done (2186ms) 
 block [640/902] : done (2247ms) 
 block [641/902] : done (2142ms) 
 block [642/902] : done (2110ms) 
 block [643/902] : done (2155ms) 
 block [644/902] : done (2189ms) 
 block [645/902] : done (2195ms) 
 block [646/902] : done (2122ms) 
 block [647/902] : done (2132ms) 
 block [648/902] : done (2159ms) 
 block [649/902] : done (2072ms) 
 block [650/902] : done (2063ms) 
 block [651/902] : done (2072ms) 
 block [652/902] : done (2112ms) 
 block [653/902] : done (2110ms) 
 block [654/902] : done (2125ms) 
 block [655/902] : done (2238ms) 
 block [656/902] : done (2167ms) 
 block [657/902] : done (2134ms) 
 block [658/902] : done (2154ms) 
 block [659/902] : done (2140ms) 
 block [660/902] : done (2140ms) 
 block [661/902] : done (2103ms) 
 block [662/902] : done (2200ms) 
 block [663/902] : done (2119ms) 
 block [664/902] : done (2114ms) 
 block [665/902] : done (2074ms) 
 block [666/902] : done (2106ms) 
 block [667/902] : done (2119ms) 
 block [668/902] : done (2136ms) 
 block [669/902] : done (2142ms) 
 block [670/902] : done (2171ms) 
 block [671/902] : done (2085ms) 
 block [672/902] : done (2078ms) 
 block [673/902] : done (2163ms) 
 block [674/902] : done (2256ms) 
 block [675/902] : done (2161ms) 
 block [676/902] : done (2150ms) 
 block [677/902] : done (2144ms) 
 block [678/902] : done (2168ms) 
 block [679/902] : done (2088ms) 
 block [680/902] : done (2106ms) 
 block [681/902] : done (2175ms) 
 block [682/902] : done (2096ms) 
 block [683/902] : done (2128ms) 
 block [684/902] : done (4012ms) 
 block [685/902] : done (2092ms) 
 block [686/902] : done (2108ms) 
 block [687/902] : done (2065ms) 
 block [688/902] : done (2073ms) 
 block [689/902] : done (2738ms) 
 block [690/902] : done (2146ms) 
 block [691/902] : done (2234ms) 
 block [692/902] : done (2177ms) 
 block [693/902] : done (2172ms) 
 block [694/902] : done (2113ms) 
 block [695/902] : done (2153ms) 
 block [696/902] : done (2141ms) 
 block [697/902] : done (2114ms) 
 block [698/902] : done (2218ms) 
 block [699/902] : done (2170ms) 
 block [700/902] : done (2184ms) 
 block [701/902] : done (2158ms) 
 block [702/902] : done (2140ms) 
 block [703/902] : done (2110ms) 
 block [704/902] : done (2101ms) 
 block [705/902] : done (2119ms) 
 block [706/902] : done (2095ms) 
 block [707/902] : done (2157ms) 
 block [708/902] : done (2128ms) 
 block [709/902] : done (2141ms) 
 block [710/902] : done (2139ms) 
 block [711/902] : done (2091ms) 
 block [712/902] : done (2083ms) 
 block [713/902] : done (2063ms) 
 block [714/902] : done (2065ms) 
 block [715/902] : done (2075ms) 
 block [716/902] : done (2095ms) 
 block [717/902] : done (2103ms) 
 block [718/902] : done (2141ms) 
 block [719/902] : done (2123ms) 
 block [720/902] : done (2278ms) 
 block [721/902] : done (2465ms) 
 block [722/902] : done (2399ms) 
 block [723/902] : done (2166ms) 
 block [724/902] : done (2236ms) 
 block [725/902] : done (2150ms) 
 block [726/902] : done (2163ms) 
 block [727/902] : done (2190ms) 
 block [728/902] : done (2188ms) 
 block [729/902] : done (2174ms) 
 block [730/902] : done (2146ms) 
 block [731/902] : done (2196ms) 
 block [732/902] : done (2205ms) 
 block [733/902] : done (2183ms) 
 block [734/902] : done (2234ms) 
 block [735/902] : done (2175ms) 
 block [736/902] : done (2128ms) 
 block [737/902] : done (2114ms) 
 block [738/902] : done (2121ms) 
 block [739/902] : done (2091ms) 
 block [740/902] : done (2111ms) 
 block [741/902] : done (2180ms) 
 block [742/902] : done (2156ms) 
 block [743/902] : done (2280ms) 
 block [744/902] : done (2288ms) 
 block [745/902] : done (2148ms) 
 block [746/902] : done (2149ms) 
 block [747/902] : done (2221ms) 
 block [748/902] : done (2094ms) 
 block [749/902] : done (2131ms) 
 block [750/902] : done (2098ms) 
 block [751/902] : done (2125ms) 
 block [752/902] : done (2178ms) 
 block [753/902] : done (2150ms) 
 block [754/902] : done (2116ms) 
 block [755/902] : done (2130ms) 
 block [756/902] : done (2132ms) 
 block [757/902] : done (2079ms) 
 block [758/902] : done (2089ms) 
 block [759/902] : done (2091ms) 
 block [760/902] : done (2121ms) 
 block [761/902] : done (2154ms) 
 block [762/902] : done (2162ms) 
 block [763/902] : done (2185ms) 
 block [764/902] : done (2145ms) 
 block [765/902] : done (2127ms) 
 block [766/902] : done (2182ms) 
 block [767/902] : done (2202ms) 
 block [768/902] : done (2188ms) 
 block [769/902] : done (2213ms) 
 block [770/902] : done (2203ms) 
 block [771/902] : done (2163ms) 
 block [772/902] : done (2178ms) 
 block [773/902] : done (2125ms) 
 block [774/902] : done (2213ms) 
 block [775/902] : done (2109ms) 
 block [776/902] : done (2068ms) 
 block [777/902] : done (2096ms) 
 block [778/902] : done (2086ms) 
 block [779/902] : done (2142ms) 
 block [780/902] : done (2092ms) 
 block [781/902] : done (2133ms) 
 block [782/902] : done (2099ms) 
 block [783/902] : done (2122ms) 
 block [784/902] : done (2143ms) 
 block [785/902] : done (2210ms) 
 block [786/902] : done (2147ms) 
 block [787/902] : done (2078ms) 
 block [788/902] : done (2141ms) 
 block [789/902] : done (2195ms) 
 block [790/902] : done (2124ms) 
 block [791/902] : done (2224ms) 
 block [792/902] : done (2113ms) 
 block [793/902] : done (2084ms) 
 block [794/902] : done (2179ms) 
 block [795/902] : done (2188ms) 
 block [796/902] : done (2156ms) 
 block [797/902] : done (2139ms) 
 block [798/902] : done (2174ms) 
 block [799/902] : done (2112ms) 
 block [800/902] : done (2117ms) 
 block [801/902] : done (2165ms) 
 block [802/902] : done (2133ms) 
 block [803/902] : done (2224ms) 
 block [804/902] : done (2144ms) 
 block [805/902] : done (2114ms) 
 block [806/902] : done (2182ms) 
 block [807/902] : done (2144ms) 
 block [808/902] : done (2125ms) 
 block [809/902] : done (2140ms) 
 block [810/902] : done (2167ms) 
 block [811/902] : done (2102ms) 
 block [812/902] : done (2139ms) 
 block [813/902] : done (2133ms) 
 block [814/902] : done (2110ms) 
 block [815/902] : done (2121ms) 
 block [816/902] : done (2165ms) 
 block [817/902] : done (2169ms) 
 block [818/902] : done (2142ms) 
 block [819/902] : done (2168ms) 
 block [820/902] : done (2159ms) 
 block [821/902] : done (2180ms) 
 block [822/902] : done (2207ms) 
 block [823/902] : done (2173ms) 
 block [824/902] : done (2170ms) 
 block [825/902] : done (2129ms) 
 block [826/902] : done (2155ms) 
 block [827/902] : done (2206ms) 
 block [828/902] : done (2178ms) 
 block [829/902] : done (2114ms) 
 block [830/902] : done (2101ms) 
 block [831/902] : done (2113ms) 
 block [832/902] : done (2162ms) 
 block [833/902] : done (2202ms) 
 block [834/902] : done (2176ms) 
 block [835/902] : done (2257ms) 
 block [836/902] : done (2199ms) 
 block [837/902] : done (2401ms) 
 block [838/902] : done (2148ms) 
 block [839/902] : done (2183ms) 
 block [840/902] : done (2263ms) 
 block [841/902] : done (2162ms) 
 block [842/902] : done (2186ms) 
 block [843/902] : done (2176ms) 
 block [844/902] : done (2127ms) 
 block [845/902] : done (2187ms) 
 block [846/902] : done (2151ms) 
 block [847/902] : done (2120ms) 
 block [848/902] : done (2227ms) 
 block [849/902] : done (2166ms) 
 block [850/902] : done (2179ms) 
 block [851/902] : done (2127ms) 
 block [852/902] : done (2146ms) 
 block [853/902] : done (2187ms) 
 block [854/902] : done (2139ms) 
 block [855/902] : done (2138ms) 
 block [856/902] : done (2134ms) 
 block [857/902] : done (2211ms) 
 block [858/902] : done (2187ms) 
 block [859/902] : done (2131ms) 
 block [860/902] : done (2084ms) 
 block [861/902] : done (2142ms) 
 block [862/902] : done (2111ms) 
 block [863/902] : done (2084ms) 
 block [864/902] : done (2079ms) 
 block [865/902] : done (2226ms) 
 block [866/902] : done (2156ms) 
 block [867/902] : done (2079ms) 
 block [868/902] : done (2137ms) 
 block [869/902] : done (2140ms) 
 block [870/902] : done (2187ms) 
 block [871/902] : done (2127ms) 
 block [872/902] : done (2199ms) 
 block [873/902] : done (2121ms) 
 block [874/902] : done (2144ms) 
 block [875/902] : done (2232ms) 
 block [876/902] : done (2160ms) 
 block [877/902] : done (2222ms) 
 block [878/902] : done (2173ms) 
 block [879/902] : done (2199ms) 
 block [880/902] : done (2202ms) 
 block [881/902] : done (2130ms) 
 block [882/902] : done (2196ms) 
 block [883/902] : done (2097ms) 
 block [884/902] : done (2102ms) 
 block [885/902] : done (2122ms) 
 block [886/902] : done (2168ms) 
 block [887/902] : done (2098ms) 
 block [888/902] : done (2089ms) 
 block [889/902] : done (2085ms) 
 block [890/902] : done (2083ms) 
 block [891/902] : done (2186ms) 
 block [892/902] : done (2187ms) 
 block [893/902] : done (2160ms) 
 block [894/902] : done (2223ms) 
 block [895/902] : done (2188ms) 
 block [896/902] : done (2074ms) 
 block [897/902] : done (2087ms) 
 block [898/902] : done (2148ms) 
 block [899/902] : done (2135ms) 
 block [900/902] : done (2115ms) 
 block [901/902] : done (2173ms) 
 block [902/902] : done (1045ms) 

Association results stored separately for each trait in files : 
* [result/06_step2/sig_weight_eur_step2.chr16_eur_SIG0_AUC.regenie]
* [result/06_step2/sig_weight_eur_step2.chr16_eur_SIG1_AUC.regenie]
* [result/06_step2/sig_weight_eur_step2.chr16_eur_SIG2_AUC.regenie]
* [result/06_step2/sig_weight_eur_step2.chr16_eur_SIG3_AUC.regenie]
* [result/06_step2/sig_weight_eur_step2.chr16_eur_SIG4_AUC.regenie]
* [result/06_step2/sig_weight_eur_step2.chr16_eur_SIG5_AUC.regenie]
* [result/06_step2/sig_weight_eur_step2.chr16_eur_SIG6_AUC.regenie]
* [result/06_step2/sig_weight_eur_step2.chr16_eur_SIG7_AUC.regenie]
* [result/06_step2/sig_weight_eur_step2.chr16_eur_SIG8_AUC.regenie]
* [result/06_step2/sig_weight_eur_step2.chr16_eur_SIG9_AUC.regenie]
* [result/06_step2/sig_weight_eur_step2.chr16_eur_SIG10_AUC.regenie]
* [result/06_step2/sig_weight_eur_step2.chr16_eur_SIG11_AUC.regenie]
* [result/06_step2/sig_weight_eur_step2.chr16_eur_SIG12_AUC.regenie]
* [result/06_step2/sig_weight_eur_step2.chr16_eur_SIG13_AUC.regenie]
* [result/06_step2/sig_weight_eur_step2.chr16_eur_SIG14_AUC.regenie]
* [result/06_step2/sig_weight_eur_step2.chr16_eur_SIG15_AUC.regenie]
* [result/06_step2/sig_weight_eur_step2.chr16_eur_SIG16_AUC.regenie]
* [result/06_step2/sig_weight_eur_step2.chr16_eur_SIG17_AUC.regenie]
* [result/06_step2/sig_weight_eur_step2.chr16_eur_SIG18_AUC.regenie]
* [result/06_step2/sig_weight_eur_step2.chr16_eur_SIG19_AUC.regenie]
* [result/06_step2/sig_weight_eur_step2.chr16_eur_SIG20_AUC.regenie]

Number of ignored tests due to low MAC or info score : 0

Elapsed time : 1931.55s
End time: Wed Dec 17 07:37:58 2025

