Start time: Wed Dec 17 07:05:45 2025

              |=============================|
              |      REGENIE v3.2.5.gz      |
              |=============================|

Copyright (c) 2020-2022 Joelle Mbatchou, Andrey Ziyatdinov and Jonathan Marchini.
Distributed under the MIT License.
Compiled with Boost Iostream library.
Using Intel MKL with Eigen.

Log of output saved in file : result/06_step2/sig_weight_eur_step2.chr6_eur.log

Options in effect:
  --step 2 \
  --bgen /broad/ukbb/imputed_v3/ukb_imp_chr6_v3.bgen \
  --sample /medpop/esp2/pradeep/UKBiobank/v3data/ukb7089_imp_chr3_v3_s487395.sample \
  --ref-first \
  --extract ../data/step2/var.chr6_eur.list.snplist \
  --keep ../data/sample_list_eur.txt \
  --covarFile ../data/sig_weight_cov_file.tsv \
  --phenoFile /medpop/esp2/tnakao/analyses/projects/collab/Sarah_signature_weights_GWAS/import/signature_auc_phenotypes_last.txt \
  --bsize 200 \
  --threads 4 \
  --qt \
  --catCovarList genotyping_array,Inferred_Gender \
  --pred result/04_step1/sig_weight_eur_step1_pred.list \
  --minINFO 0.7 \
  --out result/06_step2/sig_weight_eur_step2.chr6_eur

Association testing mode with fast multithreading using OpenMP
 * bgen             : [/broad/ukbb/imputed_v3/ukb_imp_chr6_v3.bgen]
   -summary : bgen file (v1.2 layout, zlib compressed) with 487409 anonymous samples and 5751712 variants with 8-bit encoding.
   -index bgi file [/broad/ukbb/imputed_v3/ukb_imp_chr6_v3.bgen.bgi]
   -keeping variants specified by --extract
   -number of variants remaining in the analysis = 453037
   -sample file: /medpop/esp2/pradeep/UKBiobank/v3data/ukb7089_imp_chr3_v3_s487395.sample
   -keeping only individuals specified by --keep
   -number of genotyped individuals remaining in the analysis = 361171
 * phenotypes       : [/medpop/esp2/tnakao/analyses/projects/collab/Sarah_signature_weights_GWAS/import/signature_auc_phenotypes_last.txt] n_pheno = 21
   -number of phenotyped individuals  = 361171
 * covariates       : [../data/sig_weight_cov_file.tsv] n_cov = 13
   -number of individuals with covariate data = 361171
 * number of individuals used in analysis = 361171
 * number of observations for each trait:
   - 'SIG0_AUC': 361171 observations
   - 'SIG1_AUC': 361171 observations
   - 'SIG2_AUC': 361171 observations
   - 'SIG3_AUC': 361171 observations
   - 'SIG4_AUC': 361171 observations
   - 'SIG5_AUC': 361171 observations
   - 'SIG6_AUC': 361171 observations
   - 'SIG7_AUC': 361171 observations
   - 'SIG8_AUC': 361171 observations
   - 'SIG9_AUC': 361171 observations
   - 'SIG10_AUC': 361171 observations
   - 'SIG11_AUC': 361171 observations
   - 'SIG12_AUC': 361171 observations
   - 'SIG13_AUC': 361171 observations
   - 'SIG14_AUC': 361171 observations
   - 'SIG15_AUC': 361171 observations
   - 'SIG16_AUC': 361171 observations
   - 'SIG17_AUC': 361171 observations
   - 'SIG18_AUC': 361171 observations
   - 'SIG19_AUC': 361171 observations
   - 'SIG20_AUC': 361171 observations
 * LOCO predictions : [result/04_step1/sig_weight_eur_step1_pred.list]
   -file [/medpop/esp2/tnakao/analyses/projects/collab/Sarah_signature_weights_GWAS/96_last_250319/result/04_step1/sig_weight_eur_step1_1.loco] for phenotype 'SIG0_AUC'
   -file [/medpop/esp2/tnakao/analyses/projects/collab/Sarah_signature_weights_GWAS/96_last_250319/result/04_step1/sig_weight_eur_step1_2.loco] for phenotype 'SIG1_AUC'
   -file [/medpop/esp2/tnakao/analyses/projects/collab/Sarah_signature_weights_GWAS/96_last_250319/result/04_step1/sig_weight_eur_step1_3.loco] for phenotype 'SIG2_AUC'
   -file [/medpop/esp2/tnakao/analyses/projects/collab/Sarah_signature_weights_GWAS/96_last_250319/result/04_step1/sig_weight_eur_step1_4.loco] for phenotype 'SIG3_AUC'
   -file [/medpop/esp2/tnakao/analyses/projects/collab/Sarah_signature_weights_GWAS/96_last_250319/result/04_step1/sig_weight_eur_step1_5.loco] for phenotype 'SIG4_AUC'
   -file [/medpop/esp2/tnakao/analyses/projects/collab/Sarah_signature_weights_GWAS/96_last_250319/result/04_step1/sig_weight_eur_step1_6.loco] for phenotype 'SIG5_AUC'
   -file [/medpop/esp2/tnakao/analyses/projects/collab/Sarah_signature_weights_GWAS/96_last_250319/result/04_step1/sig_weight_eur_step1_7.loco] for phenotype 'SIG6_AUC'
   -file [/medpop/esp2/tnakao/analyses/projects/collab/Sarah_signature_weights_GWAS/96_last_250319/result/04_step1/sig_weight_eur_step1_8.loco] for phenotype 'SIG7_AUC'
   -file [/medpop/esp2/tnakao/analyses/projects/collab/Sarah_signature_weights_GWAS/96_last_250319/result/04_step1/sig_weight_eur_step1_9.loco] for phenotype 'SIG8_AUC'
   -file [/medpop/esp2/tnakao/analyses/projects/collab/Sarah_signature_weights_GWAS/96_last_250319/result/04_step1/sig_weight_eur_step1_10.loco] for phenotype 'SIG9_AUC'
   -file [/medpop/esp2/tnakao/analyses/projects/collab/Sarah_signature_weights_GWAS/96_last_250319/result/04_step1/sig_weight_eur_step1_11.loco] for phenotype 'SIG10_AUC'
   -file [/medpop/esp2/tnakao/analyses/projects/collab/Sarah_signature_weights_GWAS/96_last_250319/result/04_step1/sig_weight_eur_step1_12.loco] for phenotype 'SIG11_AUC'
   -file [/medpop/esp2/tnakao/analyses/projects/collab/Sarah_signature_weights_GWAS/96_last_250319/result/04_step1/sig_weight_eur_step1_13.loco] for phenotype 'SIG12_AUC'
   -file [/medpop/esp2/tnakao/analyses/projects/collab/Sarah_signature_weights_GWAS/96_last_250319/result/04_step1/sig_weight_eur_step1_14.loco] for phenotype 'SIG13_AUC'
   -file [/medpop/esp2/tnakao/analyses/projects/collab/Sarah_signature_weights_GWAS/96_last_250319/result/04_step1/sig_weight_eur_step1_15.loco] for phenotype 'SIG14_AUC'
   -file [/medpop/esp2/tnakao/analyses/projects/collab/Sarah_signature_weights_GWAS/96_last_250319/result/04_step1/sig_weight_eur_step1_16.loco] for phenotype 'SIG15_AUC'
   -file [/medpop/esp2/tnakao/analyses/projects/collab/Sarah_signature_weights_GWAS/96_last_250319/result/04_step1/sig_weight_eur_step1_17.loco] for phenotype 'SIG16_AUC'
   -file [/medpop/esp2/tnakao/analyses/projects/collab/Sarah_signature_weights_GWAS/96_last_250319/result/04_step1/sig_weight_eur_step1_18.loco] for phenotype 'SIG17_AUC'
   -file [/medpop/esp2/tnakao/analyses/projects/collab/Sarah_signature_weights_GWAS/96_last_250319/result/04_step1/sig_weight_eur_step1_19.loco] for phenotype 'SIG18_AUC'
   -file [/medpop/esp2/tnakao/analyses/projects/collab/Sarah_signature_weights_GWAS/96_last_250319/result/04_step1/sig_weight_eur_step1_20.loco] for phenotype 'SIG19_AUC'
   -file [/medpop/esp2/tnakao/analyses/projects/collab/Sarah_signature_weights_GWAS/96_last_250319/result/04_step1/sig_weight_eur_step1_21.loco] for phenotype 'SIG20_AUC'
   -residualizing and scaling phenotypes...done (60ms) 
 * # threads        : [4]
 * block size       : [200]
 * # blocks         : [2266]
 * approximate memory usage : 2GB
 * using minimum MAC of 5 (variants with lower MAC are ignored)
 * using minimum imputation info score of 0.7 (variants with lower info score are ignored)

Chromosome 6 [2266 blocks in total]
   -reading loco predictions for the chromosome...done (9890ms) 
 block [1/2266] : done (2036ms) 
 block [2/2266] : done (1923ms) 
 block [3/2266] : done (1952ms) 
 block [4/2266] : done (1910ms) 
 block [5/2266] : done (1918ms) 
 block [6/2266] : done (1942ms) 
 block [7/2266] : done (1931ms) 
 block [8/2266] : done (1931ms) 
 block [9/2266] : done (1934ms) 
 block [10/2266] : done (1909ms) 
 block [11/2266] : done (1920ms) 
 block [12/2266] : done (1942ms) 
 block [13/2266] : done (1935ms) 
 block [14/2266] : done (1943ms) 
 block [15/2266] : done (1950ms) 
 block [16/2266] : done (1948ms) 
 block [17/2266] : done (1960ms) 
 block [18/2266] : done (1942ms) 
 block [19/2266] : done (1982ms) 
 block [20/2266] : done (1936ms) 
 block [21/2266] : done (2043ms) 
 block [22/2266] : done (1943ms) 
 block [23/2266] : done (2005ms) 
 block [24/2266] : done (1996ms) 
 block [25/2266] : done (1877ms) 
 block [26/2266] : done (1921ms) 
 block [27/2266] : done (1947ms) 
 block [28/2266] : done (1959ms) 
 block [29/2266] : done (1988ms) 
 block [30/2266] : done (1988ms) 
 block [31/2266] : done (1925ms) 
 block [32/2266] : done (1954ms) 
 block [33/2266] : done (2023ms) 
 block [34/2266] : done (1986ms) 
 block [35/2266] : done (1942ms) 
 block [36/2266] : done (1984ms) 
 block [37/2266] : done (2006ms) 
 block [38/2266] : done (1950ms) 
 block [39/2266] : done (1978ms) 
 block [40/2266] : done (1994ms) 
 block [41/2266] : done (1980ms) 
 block [42/2266] : done (1952ms) 
 block [43/2266] : done (1961ms) 
 block [44/2266] : done (1972ms) 
 block [45/2266] : done (1963ms) 
 block [46/2266] : done (2032ms) 
 block [47/2266] : done (2063ms) 
 block [48/2266] : done (1992ms) 
 block [49/2266] : done (1943ms) 
 block [50/2266] : done (1979ms) 
 block [51/2266] : done (1981ms) 
 block [52/2266] : done (2036ms) 
 block [53/2266] : done (2057ms) 
 block [54/2266] : done (1986ms) 
 block [55/2266] : done (2032ms) 
 block [56/2266] : done (2040ms) 
 block [57/2266] : done (2095ms) 
 block [58/2266] : done (2029ms) 
 block [59/2266] : done (2039ms) 
 block [60/2266] : done (1992ms) 
 block [61/2266] : done (1930ms) 
 block [62/2266] : done (2003ms) 
 block [63/2266] : done (1936ms) 
 block [64/2266] : done (2002ms) 
 block [65/2266] : done (1959ms) 
 block [66/2266] : done (1936ms) 
 block [67/2266] : done (1946ms) 
 block [68/2266] : done (1974ms) 
 block [69/2266] : done (1931ms) 
 block [70/2266] : done (1939ms) 
 block [71/2266] : done (1964ms) 
 block [72/2266] : done (1983ms) 
 block [73/2266] : done (1962ms) 
 block [74/2266] : done (1906ms) 
 block [75/2266] : done (1933ms) 
 block [76/2266] : done (1900ms) 
 block [77/2266] : done (1994ms) 
 block [78/2266] : done (1964ms) 
 block [79/2266] : done (1904ms) 
 block [80/2266] : done (1929ms) 
 block [81/2266] : done (1956ms) 
 block [82/2266] : done (1940ms) 
 block [83/2266] : done (1956ms) 
 block [84/2266] : done (1994ms) 
 block [85/2266] : done (1982ms) 
 block [86/2266] : done (1948ms) 
 block [87/2266] : done (1977ms) 
 block [88/2266] : done (1993ms) 
 block [89/2266] : done (1938ms) 
 block [90/2266] : done (1923ms) 
 block [91/2266] : done (1956ms) 
 block [92/2266] : done (1956ms) 
 block [93/2266] : done (1934ms) 
 block [94/2266] : done (1943ms) 
 block [95/2266] : done (1980ms) 
 block [96/2266] : done (1934ms) 
 block [97/2266] : done (1966ms) 
 block [98/2266] : done (1955ms) 
 block [99/2266] : done (1934ms) 
 block [100/2266] : done (1939ms) 
 block [101/2266] : done (1936ms) 
 block [102/2266] : done (1920ms) 
 block [103/2266] : done (1949ms) 
 block [104/2266] : done (1928ms) 
 block [105/2266] : done (1990ms) 
 block [106/2266] : done (1951ms) 
 block [107/2266] : done (1898ms) 
 block [108/2266] : done (1900ms) 
 block [109/2266] : done (1893ms) 
 block [110/2266] : done (1897ms) 
 block [111/2266] : done (1910ms) 
 block [112/2266] : done (1903ms) 
 block [113/2266] : done (1915ms) 
 block [114/2266] : done (1914ms) 
 block [115/2266] : done (1939ms) 
 block [116/2266] : done (1997ms) 
 block [117/2266] : done (1979ms) 
 block [118/2266] : done (2058ms) 
 block [119/2266] : done (1980ms) 
 block [120/2266] : done (1958ms) 
 block [121/2266] : done (1963ms) 
 block [122/2266] : done (1922ms) 
 block [123/2266] : done (1900ms) 
 block [124/2266] : done (1948ms) 
 block [125/2266] : done (1907ms) 
 block [126/2266] : done (1897ms) 
 block [127/2266] : done (1955ms) 
 block [128/2266] : done (1980ms) 
 block [129/2266] : done (1986ms) 
 block [130/2266] : done (1941ms) 
 block [131/2266] : done (1932ms) 
 block [132/2266] : done (1982ms) 
 block [133/2266] : done (1983ms) 
 block [134/2266] : done (1989ms) 
 block [135/2266] : done (2014ms) 
 block [136/2266] : done (1943ms) 
 block [137/2266] : done (1991ms) 
 block [138/2266] : done (1967ms) 
 block [139/2266] : done (1995ms) 
 block [140/2266] : done (1955ms) 
 block [141/2266] : done (1967ms) 
 block [142/2266] : done (1976ms) 
 block [143/2266] : done (1994ms) 
 block [144/2266] : done (1917ms) 
 block [145/2266] : done (1932ms) 
 block [146/2266] : done (1921ms) 
 block [147/2266] : done (1912ms) 
 block [148/2266] : done (1939ms) 
 block [149/2266] : done (1987ms) 
 block [150/2266] : done (1967ms) 
 block [151/2266] : done (1973ms) 
 block [152/2266] : done (1949ms) 
 block [153/2266] : done (1902ms) 
 block [154/2266] : done (1908ms) 
 block [155/2266] : done (1973ms) 
 block [156/2266] : done (1969ms) 
 block [157/2266] : done (2012ms) 
 block [158/2266] : done (1945ms) 
 block [159/2266] : done (1971ms) 
 block [160/2266] : done (1979ms) 
 block [161/2266] : done (1951ms) 
 block [162/2266] : done (1976ms) 
 block [163/2266] : done (1954ms) 
 block [164/2266] : done (1935ms) 
 block [165/2266] : done (1952ms) 
 block [166/2266] : done (1950ms) 
 block [167/2266] : done (1977ms) 
 block [168/2266] : done (1932ms) 
 block [169/2266] : done (1975ms) 
 block [170/2266] : done (1983ms) 
 block [171/2266] : done (1971ms) 
 block [172/2266] : done (1993ms) 
 block [173/2266] : done (1963ms) 
 block [174/2266] : done (1994ms) 
 block [175/2266] : done (2003ms) 
 block [176/2266] : done (1961ms) 
 block [177/2266] : done (1942ms) 
 block [178/2266] : done (1956ms) 
 block [179/2266] : done (2035ms) 
 block [180/2266] : done (1996ms) 
 block [181/2266] : done (1905ms) 
 block [182/2266] : done (2018ms) 
 block [183/2266] : done (1929ms) 
 block [184/2266] : done (1993ms) 
 block [185/2266] : done (2032ms) 
 block [186/2266] : done (1983ms) 
 block [187/2266] : done (1891ms) 
 block [188/2266] : done (1942ms) 
 block [189/2266] : done (1934ms) 
 block [190/2266] : done (1983ms) 
 block [191/2266] : done (1984ms) 
 block [192/2266] : done (1949ms) 
 block [193/2266] : done (1975ms) 
 block [194/2266] : done (1927ms) 
 block [195/2266] : done (1949ms) 
 block [196/2266] : done (1880ms) 
 block [197/2266] : done (1923ms) 
 block [198/2266] : done (1925ms) 
 block [199/2266] : done (1949ms) 
 block [200/2266] : done (1958ms) 
 block [201/2266] : done (1931ms) 
 block [202/2266] : done (1920ms) 
 block [203/2266] : done (1937ms) 
 block [204/2266] : done (1986ms) 
 block [205/2266] : done (1955ms) 
 block [206/2266] : done (1998ms) 
 block [207/2266] : done (1987ms) 
 block [208/2266] : done (1973ms) 
 block [209/2266] : done (1970ms) 
 block [210/2266] : done (2014ms) 
 block [211/2266] : done (1913ms) 
 block [212/2266] : done (1929ms) 
 block [213/2266] : done (1996ms) 
 block [214/2266] : done (1949ms) 
 block [215/2266] : done (1970ms) 
 block [216/2266] : done (1922ms) 
 block [217/2266] : done (1969ms) 
 block [218/2266] : done (1951ms) 
 block [219/2266] : done (1998ms) 
 block [220/2266] : done (1975ms) 
 block [221/2266] : done (1953ms) 
 block [222/2266] : done (1942ms) 
 block [223/2266] : done (1913ms) 
 block [224/2266] : done (1935ms) 
 block [225/2266] : done (1913ms) 
 block [226/2266] : done (1923ms) 
 block [227/2266] : done (1920ms) 
 block [228/2266] : done (1951ms) 
 block [229/2266] : done (1933ms) 
 block [230/2266] : done (1925ms) 
 block [231/2266] : done (1882ms) 
 block [232/2266] : done (1920ms) 
 block [233/2266] : done (1921ms) 
 block [234/2266] : done (1888ms) 
 block [235/2266] : done (1938ms) 
 block [236/2266] : done (1905ms) 
 block [237/2266] : done (1939ms) 
 block [238/2266] : done (1911ms) 
 block [239/2266] : done (1922ms) 
 block [240/2266] : done (1946ms) 
 block [241/2266] : done (1905ms) 
 block [242/2266] : done (1953ms) 
 block [243/2266] : done (1897ms) 
 block [244/2266] : done (1943ms) 
 block [245/2266] : done (1964ms) 
 block [246/2266] : done (1972ms) 
 block [247/2266] : done (1995ms) 
 block [248/2266] : done (1964ms) 
 block [249/2266] : done (2003ms) 
 block [250/2266] : done (1982ms) 
 block [251/2266] : done (1978ms) 
 block [252/2266] : done (2025ms) 
 block [253/2266] : done (1989ms) 
 block [254/2266] : done (1989ms) 
 block [255/2266] : done (2021ms) 
 block [256/2266] : done (1984ms) 
 block [257/2266] : done (1923ms) 
 block [258/2266] : done (2044ms) 
 block [259/2266] : done (2022ms) 
 block [260/2266] : done (1948ms) 
 block [261/2266] : done (1935ms) 
 block [262/2266] : done (1896ms) 
 block [263/2266] : done (1941ms) 
 block [264/2266] : done (2010ms) 
 block [265/2266] : done (1992ms) 
 block [266/2266] : done (2056ms) 
 block [267/2266] : done (2017ms) 
 block [268/2266] : done (2025ms) 
 block [269/2266] : done (2094ms) 
 block [270/2266] : done (2047ms) 
 block [271/2266] : done (2049ms) 
 block [272/2266] : done (1988ms) 
 block [273/2266] : done (2008ms) 
 block [274/2266] : done (2007ms) 
 block [275/2266] : done (2052ms) 
 block [276/2266] : done (1944ms) 
 block [277/2266] : done (1990ms) 
 block [278/2266] : done (1989ms) 
 block [279/2266] : done (1941ms) 
 block [280/2266] : done (1940ms) 
 block [281/2266] : done (1968ms) 
 block [282/2266] : done (1946ms) 
 block [283/2266] : done (1986ms) 
 block [284/2266] : done (2021ms) 
 block [285/2266] : done (1973ms) 
 block [286/2266] : done (1989ms) 
 block [287/2266] : done (1969ms) 
 block [288/2266] : done (1993ms) 
 block [289/2266] : done (1947ms) 
 block [290/2266] : done (1972ms) 
 block [291/2266] : done (2005ms) 
 block [292/2266] : done (1990ms) 
 block [293/2266] : done (2024ms) 
 block [294/2266] : done (2020ms) 
 block [295/2266] : done (2005ms) 
 block [296/2266] : done (2003ms) 
 block [297/2266] : done (1953ms) 
 block [298/2266] : done (1939ms) 
 block [299/2266] : done (1945ms) 
 block [300/2266] : done (1951ms) 
 block [301/2266] : done (1939ms) 
 block [302/2266] : done (1934ms) 
 block [303/2266] : done (1907ms) 
 block [304/2266] : done (1920ms) 
 block [305/2266] : done (1940ms) 
 block [306/2266] : done (1951ms) 
 block [307/2266] : done (1908ms) 
 block [308/2266] : done (1908ms) 
 block [309/2266] : done (1942ms) 
 block [310/2266] : done (1946ms) 
 block [311/2266] : done (1915ms) 
 block [312/2266] : done (1955ms) 
 block [313/2266] : done (1932ms) 
 block [314/2266] : done (1936ms) 
 block [315/2266] : done (1967ms) 
 block [316/2266] : done (1969ms) 
 block [317/2266] : done (1925ms) 
 block [318/2266] : done (1938ms) 
 block [319/2266] : done (1931ms) 
 block [320/2266] : done (1955ms) 
 block [321/2266] : done (1955ms) 
 block [322/2266] : done (1901ms) 
 block [323/2266] : done (1978ms) 
 block [324/2266] : done (1973ms) 
 block [325/2266] : done (1921ms) 
 block [326/2266] : done (1999ms) 
 block [327/2266] : done (1951ms) 
 block [328/2266] : done (1955ms) 
 block [329/2266] : done (1950ms) 
 block [330/2266] : done (1925ms) 
 block [331/2266] : done (1939ms) 
 block [332/2266] : done (1958ms) 
 block [333/2266] : done (1922ms) 
 block [334/2266] : done (1934ms) 
 block [335/2266] : done (1926ms) 
 block [336/2266] : done (1909ms) 
 block [337/2266] : done (1930ms) 
 block [338/2266] : done (1924ms) 
 block [339/2266] : done (1908ms) 
 block [340/2266] : done (1897ms) 
 block [341/2266] : done (1911ms) 
 block [342/2266] : done (1907ms) 
 block [343/2266] : done (1905ms) 
 block [344/2266] : done (1866ms) 
 block [345/2266] : done (1932ms) 
 block [346/2266] : done (1943ms) 
 block [347/2266] : done (1968ms) 
 block [348/2266] : done (1996ms) 
 block [349/2266] : done (1963ms) 
 block [350/2266] : done (1915ms) 
 block [351/2266] : done (1942ms) 
 block [352/2266] : done (1928ms) 
 block [353/2266] : done (1949ms) 
 block [354/2266] : done (1918ms) 
 block [355/2266] : done (1895ms) 
 block [356/2266] : done (1899ms) 
 block [357/2266] : done (1922ms) 
 block [358/2266] : done (1987ms) 
 block [359/2266] : done (1950ms) 
 block [360/2266] : done (2003ms) 
 block [361/2266] : done (1952ms) 
 block [362/2266] : done (1964ms) 
 block [363/2266] : done (1915ms) 
 block [364/2266] : done (1939ms) 
 block [365/2266] : done (1954ms) 
 block [366/2266] : done (1932ms) 
 block [367/2266] : done (1926ms) 
 block [368/2266] : done (1930ms) 
 block [369/2266] : done (1937ms) 
 block [370/2266] : done (1917ms) 
 block [371/2266] : done (1933ms) 
 block [372/2266] : done (1937ms) 
 block [373/2266] : done (1948ms) 
 block [374/2266] : done (1912ms) 
 block [375/2266] : done (1918ms) 
 block [376/2266] : done (1923ms) 
 block [377/2266] : done (1958ms) 
 block [378/2266] : done (1947ms) 
 block [379/2266] : done (1881ms) 
 block [380/2266] : done (1880ms) 
 block [381/2266] : done (1909ms) 
 block [382/2266] : done (1894ms) 
 block [383/2266] : done (1876ms) 
 block [384/2266] : done (1926ms) 
 block [385/2266] : done (1860ms) 
 block [386/2266] : done (1905ms) 
 block [387/2266] : done (1890ms) 
 block [388/2266] : done (1921ms) 
 block [389/2266] : done (1912ms) 
 block [390/2266] : done (1892ms) 
 block [391/2266] : done (1907ms) 
 block [392/2266] : done (1886ms) 
 block [393/2266] : done (1911ms) 
 block [394/2266] : done (1888ms) 
 block [395/2266] : done (1931ms) 
 block [396/2266] : done (1869ms) 
 block [397/2266] : done (1906ms) 
 block [398/2266] : done (1910ms) 
 block [399/2266] : done (1930ms) 
 block [400/2266] : done (1922ms) 
 block [401/2266] : done (1921ms) 
 block [402/2266] : done (1936ms) 
 block [403/2266] : done (1920ms) 
 block [404/2266] : done (1936ms) 
 block [405/2266] : done (1932ms) 
 block [406/2266] : done (1954ms) 
 block [407/2266] : done (2108ms) 
 block [408/2266] : done (2043ms) 
 block [409/2266] : done (2021ms) 
 block [410/2266] : done (1978ms) 
 block [411/2266] : done (1922ms) 
 block [412/2266] : done (1915ms) 
 block [413/2266] : done (1906ms) 
 block [414/2266] : done (1881ms) 
 block [415/2266] : done (1877ms) 
 block [416/2266] : done (1881ms) 
 block [417/2266] : done (1876ms) 
 block [418/2266] : done (1915ms) 
 block [419/2266] : done (1901ms) 
 block [420/2266] : done (1892ms) 
 block [421/2266] : done (1936ms) 
 block [422/2266] : done (1920ms) 
 block [423/2266] : done (1906ms) 
 block [424/2266] : done (1918ms) 
 block [425/2266] : done (1934ms) 
 block [426/2266] : done (1940ms) 
 block [427/2266] : done (1917ms) 
 block [428/2266] : done (1903ms) 
 block [429/2266] : done (1898ms) 
 block [430/2266] : done (1913ms) 
 block [431/2266] : done (1933ms) 
 block [432/2266] : done (1919ms) 
 block [433/2266] : done (1865ms) 
 block [434/2266] : done (1890ms) 
 block [435/2266] : done (1891ms) 
 block [436/2266] : done (1906ms) 
 block [437/2266] : done (1914ms) 
 block [438/2266] : done (1926ms) 
 block [439/2266] : done (1888ms) 
 block [440/2266] : done (1889ms) 
 block [441/2266] : done (1902ms) 
 block [442/2266] : done (1885ms) 
 block [443/2266] : done (1905ms) 
 block [444/2266] : done (1933ms) 
 block [445/2266] : done (1948ms) 
 block [446/2266] : done (1938ms) 
 block [447/2266] : done (1935ms) 
 block [448/2266] : done (1925ms) 
 block [449/2266] : done (1886ms) 
 block [450/2266] : done (1889ms) 
 block [451/2266] : done (1902ms) 
 block [452/2266] : done (1893ms) 
 block [453/2266] : done (1903ms) 
 block [454/2266] : done (1904ms) 
 block [455/2266] : done (1884ms) 
 block [456/2266] : done (1887ms) 
 block [457/2266] : done (1923ms) 
 block [458/2266] : done (1924ms) 
 block [459/2266] : done (1941ms) 
 block [460/2266] : done (1909ms) 
 block [461/2266] : done (1881ms) 
 block [462/2266] : done (1838ms) 
 block [463/2266] : done (1886ms) 
 block [464/2266] : done (1917ms) 
 block [465/2266] : done (2033ms) 
 block [466/2266] : done (2039ms) 
 block [467/2266] : done (1974ms) 
 block [468/2266] : done (1916ms) 
 block [469/2266] : done (1940ms) 
 block [470/2266] : done (1877ms) 
 block [471/2266] : done (1878ms) 
 block [472/2266] : done (1890ms) 
 block [473/2266] : done (1881ms) 
 block [474/2266] : done (1912ms) 
 block [475/2266] : done (1844ms) 
 block [476/2266] : done (1870ms) 
 block [477/2266] : done (1886ms) 
 block [478/2266] : done (1871ms) 
 block [479/2266] : done (1892ms) 
 block [480/2266] : done (1920ms) 
 block [481/2266] : done (1872ms) 
 block [482/2266] : done (1871ms) 
 block [483/2266] : done (1867ms) 
 block [484/2266] : done (1887ms) 
 block [485/2266] : done (1841ms) 
 block [486/2266] : done (1851ms) 
 block [487/2266] : done (1843ms) 
 block [488/2266] : done (1880ms) 
 block [489/2266] : done (1869ms) 
 block [490/2266] : done (1907ms) 
 block [491/2266] : done (1877ms) 
 block [492/2266] : done (1899ms) 
 block [493/2266] : done (1900ms) 
 block [494/2266] : done (1909ms) 
 block [495/2266] : done (1894ms) 
 block [496/2266] : done (1914ms) 
 block [497/2266] : done (1920ms) 
 block [498/2266] : done (1920ms) 
 block [499/2266] : done (1904ms) 
 block [500/2266] : done (1898ms) 
 block [501/2266] : done (1886ms) 
 block [502/2266] : done (1880ms) 
 block [503/2266] : done (1913ms) 
 block [504/2266] : done (1935ms) 
 block [505/2266] : done (1928ms) 
 block [506/2266] : done (1951ms) 
 block [507/2266] : done (2099ms) 
 block [508/2266] : done (2126ms) 
 block [509/2266] : done (2003ms) 
 block [510/2266] : done (1954ms) 
 block [511/2266] : done (1894ms) 
 block [512/2266] : done (1897ms) 
 block [513/2266] : done (1925ms) 
 block [514/2266] : done (1908ms) 
 block [515/2266] : done (1930ms) 
 block [516/2266] : done (1934ms) 
 block [517/2266] : done (1947ms) 
 block [518/2266] : done (2007ms) 
 block [519/2266] : done (2078ms) 
 block [520/2266] : done (1974ms) 
 block [521/2266] : done (1995ms) 
 block [522/2266] : done (2033ms) 
 block [523/2266] : done (1974ms) 
 block [524/2266] : done (1938ms) 
 block [525/2266] : done (1906ms) 
 block [526/2266] : done (1888ms) 
 block [527/2266] : done (1900ms) 
 block [528/2266] : done (1927ms) 
 block [529/2266] : done (1927ms) 
 block [530/2266] : done (1936ms) 
 block [531/2266] : done (1887ms) 
 block [532/2266] : done (1893ms) 
 block [533/2266] : done (1878ms) 
 block [534/2266] : done (1884ms) 
 block [535/2266] : done (1863ms) 
 block [536/2266] : done (1874ms) 
 block [537/2266] : done (1857ms) 
 block [538/2266] : done (1868ms) 
 block [539/2266] : done (1843ms) 
 block [540/2266] : done (1888ms) 
 block [541/2266] : done (1902ms) 
 block [542/2266] : done (1881ms) 
 block [543/2266] : done (1892ms) 
 block [544/2266] : done (1870ms) 
 block [545/2266] : done (1905ms) 
 block [546/2266] : done (1969ms) 
 block [547/2266] : done (1893ms) 
 block [548/2266] : done (1901ms) 
 block [549/2266] : done (1897ms) 
 block [550/2266] : done (1875ms) 
 block [551/2266] : done (1887ms) 
 block [552/2266] : done (1929ms) 
 block [553/2266] : done (1922ms) 
 block [554/2266] : done (1948ms) 
 block [555/2266] : done (1924ms) 
 block [556/2266] : done (1939ms) 
 block [557/2266] : done (1950ms) 
 block [558/2266] : done (1962ms) 
 block [559/2266] : done (1980ms) 
 block [560/2266] : done (1953ms) 
 block [561/2266] : done (1918ms) 
 block [562/2266] : done (1931ms) 
 block [563/2266] : done (1962ms) 
 block [564/2266] : done (1951ms) 
 block [565/2266] : done (2013ms) 
 block [566/2266] : done (1961ms) 
 block [567/2266] : done (1970ms) 
 block [568/2266] : done (2026ms) 
 block [569/2266] : done (2007ms) 
 block [570/2266] : done (1967ms) 
 block [571/2266] : done (2019ms) 
 block [572/2266] : done (2003ms) 
 block [573/2266] : done (1970ms) 
 block [574/2266] : done (1959ms) 
 block [575/2266] : done (1939ms) 
 block [576/2266] : done (1949ms) 
 block [577/2266] : done (1962ms) 
 block [578/2266] : done (1977ms) 
 block [579/2266] : done (1957ms) 
 block [580/2266] : done (1932ms) 
 block [581/2266] : done (1944ms) 
 block [582/2266] : done (1929ms) 
 block [583/2266] : done (1927ms) 
 block [584/2266] : done (1916ms) 
 block [585/2266] : done (1954ms) 
 block [586/2266] : done (1986ms) 
 block [587/2266] : done (2024ms) 
 block [588/2266] : done (1963ms) 
 block [589/2266] : done (1962ms) 
 block [590/2266] : done (1935ms) 
 block [591/2266] : done (1988ms) 
 block [592/2266] : done (1998ms) 
 block [593/2266] : done (1983ms) 
 block [594/2266] : done (1937ms) 
 block [595/2266] : done (1933ms) 
 block [596/2266] : done (1929ms) 
 block [597/2266] : done (1933ms) 
 block [598/2266] : done (1983ms) 
 block [599/2266] : done (1982ms) 
 block [600/2266] : done (1955ms) 
 block [601/2266] : done (1982ms) 
 block [602/2266] : done (1969ms) 
 block [603/2266] : done (1984ms) 
 block [604/2266] : done (1983ms) 
 block [605/2266] : done (1950ms) 
 block [606/2266] : done (1999ms) 
 block [607/2266] : done (1938ms) 
 block [608/2266] : done (1981ms) 
 block [609/2266] : done (1963ms) 
 block [610/2266] : done (1946ms) 
 block [611/2266] : done (1968ms) 
 block [612/2266] : done (1922ms) 
 block [613/2266] : done (1932ms) 
 block [614/2266] : done (1932ms) 
 block [615/2266] : done (1917ms) 
 block [616/2266] : done (1965ms) 
 block [617/2266] : done (1937ms) 
 block [618/2266] : done (1985ms) 
 block [619/2266] : done (1977ms) 
 block [620/2266] : done (1929ms) 
 block [621/2266] : done (1914ms) 
 block [622/2266] : done (1956ms) 
 block [623/2266] : done (1897ms) 
 block [624/2266] : done (1902ms) 
 block [625/2266] : done (1903ms) 
 block [626/2266] : done (1921ms) 
 block [627/2266] : done (1917ms) 
 block [628/2266] : done (1949ms) 
 block [629/2266] : done (1943ms) 
 block [630/2266] : done (1956ms) 
 block [631/2266] : done (1927ms) 
 block [632/2266] : done (1965ms) 
 block [633/2266] : done (1936ms) 
 block [634/2266] : done (1933ms) 
 block [635/2266] : done (1951ms) 
 block [636/2266] : done (1997ms) 
 block [637/2266] : done (1977ms) 
 block [638/2266] : done (2034ms) 
 block [639/2266] : done (1984ms) 
 block [640/2266] : done (1926ms) 
 block [641/2266] : done (1926ms) 
 block [642/2266] : done (1914ms) 
 block [643/2266] : done (1941ms) 
 block [644/2266] : done (1978ms) 
 block [645/2266] : done (1984ms) 
 block [646/2266] : done (2001ms) 
 block [647/2266] : done (1987ms) 
 block [648/2266] : done (1983ms) 
 block [649/2266] : done (1969ms) 
 block [650/2266] : done (1956ms) 
 block [651/2266] : done (2013ms) 
 block [652/2266] : done (1988ms) 
 block [653/2266] : done (1962ms) 
 block [654/2266] : done (2056ms) 
 block [655/2266] : done (1971ms) 
 block [656/2266] : done (1931ms) 
 block [657/2266] : done (1957ms) 
 block [658/2266] : done (1961ms) 
 block [659/2266] : done (1960ms) 
 block [660/2266] : done (1978ms) 
 block [661/2266] : done (2039ms) 
 block [662/2266] : done (2019ms) 
 block [663/2266] : done (2052ms) 
 block [664/2266] : done (1972ms) 
 block [665/2266] : done (1954ms) 
 block [666/2266] : done (1984ms) 
 block [667/2266] : done (2006ms) 
 block [668/2266] : done (2034ms) 
 block [669/2266] : done (2030ms) 
 block [670/2266] : done (1982ms) 
 block [671/2266] : done (1983ms) 
 block [672/2266] : done (2122ms) 
 block [673/2266] : done (2038ms) 
 block [674/2266] : done (1996ms) 
 block [675/2266] : done (2050ms) 
 block [676/2266] : done (1954ms) 
 block [677/2266] : done (1908ms) 
 block [678/2266] : done (1930ms) 
 block [679/2266] : done (1936ms) 
 block [680/2266] : done (1965ms) 
 block [681/2266] : done (2006ms) 
 block [682/2266] : done (1952ms) 
 block [683/2266] : done (1980ms) 
 block [684/2266] : done (1939ms) 
 block [685/2266] : done (2019ms) 
 block [686/2266] : done (2011ms) 
 block [687/2266] : done (1951ms) 
 block [688/2266] : done (1997ms) 
 block [689/2266] : done (1950ms) 
 block [690/2266] : done (2022ms) 
 block [691/2266] : done (1917ms) 
 block [692/2266] : done (1915ms) 
 block [693/2266] : done (2016ms) 
 block [694/2266] : done (1911ms) 
 block [695/2266] : done (1951ms) 
 block [696/2266] : done (1910ms) 
 block [697/2266] : done (1925ms) 
 block [698/2266] : done (1914ms) 
 block [699/2266] : done (1926ms) 
 block [700/2266] : done (1924ms) 
 block [701/2266] : done (1905ms) 
 block [702/2266] : done (1907ms) 
 block [703/2266] : done (1898ms) 
 block [704/2266] : done (1926ms) 
 block [705/2266] : done (1911ms) 
 block [706/2266] : done (1873ms) 
 block [707/2266] : done (1882ms) 
 block [708/2266] : done (1932ms) 
 block [709/2266] : done (2007ms) 
 block [710/2266] : done (1959ms) 
 block [711/2266] : done (2012ms) 
 block [712/2266] : done (1925ms) 
 block [713/2266] : done (1999ms) 
 block [714/2266] : done (1960ms) 
 block [715/2266] : done (1989ms) 
 block [716/2266] : done (1942ms) 
 block [717/2266] : done (2007ms) 
 block [718/2266] : done (2026ms) 
 block [719/2266] : done (1994ms) 
 block [720/2266] : done (1951ms) 
 block [721/2266] : done (1928ms) 
 block [722/2266] : done (2356ms) 
 block [723/2266] : done (1976ms) 
 block [724/2266] : done (1925ms) 
 block [725/2266] : done (1956ms) 
 block [726/2266] : done (5664ms) 
 block [727/2266] : done (1941ms) 
 block [728/2266] : done (2032ms) 
 block [729/2266] : done (2017ms) 
 block [730/2266] : done (1960ms) 
 block [731/2266] : done (1980ms) 
 block [732/2266] : done (1954ms) 
 block [733/2266] : done (1990ms) 
 block [734/2266] : done (1945ms) 
 block [735/2266] : done (1974ms) 
 block [736/2266] : done (1942ms) 
 block [737/2266] : done (1924ms) 
 block [738/2266] : done (1915ms) 
 block [739/2266] : done (1903ms) 
 block [740/2266] : done (1925ms) 
 block [741/2266] : done (1933ms) 
 block [742/2266] : done (1963ms) 
 block [743/2266] : done (1964ms) 
 block [744/2266] : done (1896ms) 
 block [745/2266] : done (1973ms) 
 block [746/2266] : done (1963ms) 
 block [747/2266] : done (1945ms) 
 block [748/2266] : done (1934ms) 
 block [749/2266] : done (1937ms) 
 block [750/2266] : done (2003ms) 
 block [751/2266] : done (1975ms) 
 block [752/2266] : done (1972ms) 
 block [753/2266] : done (1987ms) 
 block [754/2266] : done (1951ms) 
 block [755/2266] : done (2001ms) 
 block [756/2266] : done (1983ms) 
 block [757/2266] : done (1948ms) 
 block [758/2266] : done (1945ms) 
 block [759/2266] : done (1929ms) 
 block [760/2266] : done (1953ms) 
 block [761/2266] : done (1909ms) 
 block [762/2266] : done (1956ms) 
 block [763/2266] : done (1948ms) 
 block [764/2266] : done (2004ms) 
 block [765/2266] : done (2006ms) 
 block [766/2266] : done (1970ms) 
 block [767/2266] : done (1934ms) 
 block [768/2266] : done (1949ms) 
 block [769/2266] : done (1941ms) 
 block [770/2266] : done (1947ms) 
 block [771/2266] : done (1969ms) 
 block [772/2266] : done (1902ms) 
 block [773/2266] : done (1946ms) 
 block [774/2266] : done (1926ms) 
 block [775/2266] : done (2005ms) 
 block [776/2266] : done (1961ms) 
 block [777/2266] : done (1973ms) 
 block [778/2266] : done (1983ms) 
 block [779/2266] : done (1965ms) 
 block [780/2266] : done (1979ms) 
 block [781/2266] : done (1969ms) 
 block [782/2266] : done (1935ms) 
 block [783/2266] : done (1985ms) 
 block [784/2266] : done (1945ms) 
 block [785/2266] : done (1923ms) 
 block [786/2266] : done (1924ms) 
 block [787/2266] : done (1894ms) 
 block [788/2266] : done (1970ms) 
 block [789/2266] : done (1964ms) 
 block [790/2266] : done (1955ms) 
 block [791/2266] : done (1997ms) 
 block [792/2266] : done (1949ms) 
 block [793/2266] : done (1953ms) 
 block [794/2266] : done (1912ms) 
 block [795/2266] : done (1924ms) 
 block [796/2266] : done (1957ms) 
 block [797/2266] : done (1960ms) 
 block [798/2266] : done (1904ms) 
 block [799/2266] : done (1921ms) 
 block [800/2266] : done (1945ms) 
 block [801/2266] : done (1977ms) 
 block [802/2266] : done (1950ms) 
 block [803/2266] : done (2025ms) 
 block [804/2266] : done (2017ms) 
 block [805/2266] : done (1984ms) 
 block [806/2266] : done (2025ms) 
 block [807/2266] : done (2004ms) 
 block [808/2266] : done (1919ms) 
 block [809/2266] : done (1954ms) 
 block [810/2266] : done (1958ms) 
 block [811/2266] : done (1949ms) 
 block [812/2266] : done (2002ms) 
 block [813/2266] : done (1942ms) 
 block [814/2266] : done (2014ms) 
 block [815/2266] : done (1994ms) 
 block [816/2266] : done (1961ms) 
 block [817/2266] : done (2017ms) 
 block [818/2266] : done (1936ms) 
 block [819/2266] : done (1970ms) 
 block [820/2266] : done (1992ms) 
 block [821/2266] : done (2019ms) 
 block [822/2266] : done (1959ms) 
 block [823/2266] : done (1941ms) 
 block [824/2266] : done (1957ms) 
 block [825/2266] : done (1989ms) 
 block [826/2266] : done (1945ms) 
 block [827/2266] : done (1953ms) 
 block [828/2266] : done (1931ms) 
 block [829/2266] : done (1927ms) 
 block [830/2266] : done (1986ms) 
 block [831/2266] : done (1975ms) 
 block [832/2266] : done (1954ms) 
 block [833/2266] : done (1996ms) 
 block [834/2266] : done (1970ms) 
 block [835/2266] : done (1993ms) 
 block [836/2266] : done (1950ms) 
 block [837/2266] : done (1959ms) 
 block [838/2266] : done (1964ms) 
 block [839/2266] : done (1938ms) 
 block [840/2266] : done (1879ms) 
 block [841/2266] : done (1905ms) 
 block [842/2266] : done (1915ms) 
 block [843/2266] : done (1934ms) 
 block [844/2266] : done (1956ms) 
 block [845/2266] : done (1951ms) 
 block [846/2266] : done (2016ms) 
 block [847/2266] : done (1945ms) 
 block [848/2266] : done (1951ms) 
 block [849/2266] : done (2011ms) 
 block [850/2266] : done (1936ms) 
 block [851/2266] : done (1947ms) 
 block [852/2266] : done (1937ms) 
 block [853/2266] : done (1937ms) 
 block [854/2266] : done (1933ms) 
 block [855/2266] : done (1968ms) 
 block [856/2266] : done (1959ms) 
 block [857/2266] : done (1944ms) 
 block [858/2266] : done (1919ms) 
 block [859/2266] : done (1963ms) 
 block [860/2266] : done (1932ms) 
 block [861/2266] : done (1951ms) 
 block [862/2266] : done (1992ms) 
 block [863/2266] : done (1991ms) 
 block [864/2266] : done (1993ms) 
 block [865/2266] : done (1988ms) 
 block [866/2266] : done (2032ms) 
 block [867/2266] : done (1983ms) 
 block [868/2266] : done (2129ms) 
 block [869/2266] : done (2023ms) 
 block [870/2266] : done (1944ms) 
 block [871/2266] : done (1998ms) 
 block [872/2266] : done (1971ms) 
 block [873/2266] : done (1945ms) 
 block [874/2266] : done (1938ms) 
 block [875/2266] : done (1934ms) 
 block [876/2266] : done (1929ms) 
 block [877/2266] : done (1919ms) 
 block [878/2266] : done (1974ms) 
 block [879/2266] : done (1965ms) 
 block [880/2266] : done (1974ms) 
 block [881/2266] : done (1976ms) 
 block [882/2266] : done (1949ms) 
 block [883/2266] : done (1929ms) 
 block [884/2266] : done (1963ms) 
 block [885/2266] : done (1975ms) 
 block [886/2266] : done (1970ms) 
 block [887/2266] : done (2038ms) 
 block [888/2266] : done (1992ms) 
 block [889/2266] : done (1970ms) 
 block [890/2266] : done (1959ms) 
 block [891/2266] : done (1952ms) 
 block [892/2266] : done (2000ms) 
 block [893/2266] : done (1995ms) 
 block [894/2266] : done (1974ms) 
 block [895/2266] : done (1915ms) 
 block [896/2266] : done (1897ms) 
 block [897/2266] : done (1912ms) 
 block [898/2266] : done (1935ms) 
 block [899/2266] : done (1929ms) 
 block [900/2266] : done (1933ms) 
 block [901/2266] : done (1953ms) 
 block [902/2266] : done (1959ms) 
 block [903/2266] : done (2028ms) 
 block [904/2266] : done (2002ms) 
 block [905/2266] : done (2012ms) 
 block [906/2266] : done (1967ms) 
 block [907/2266] : done (1967ms) 
 block [908/2266] : done (1985ms) 
 block [909/2266] : done (1956ms) 
 block [910/2266] : done (1934ms) 
 block [911/2266] : done (1921ms) 
 block [912/2266] : done (1931ms) 
 block [913/2266] : done (1921ms) 
 block [914/2266] : done (1968ms) 
 block [915/2266] : done (1971ms) 
 block [916/2266] : done (1977ms) 
 block [917/2266] : done (1963ms) 
 block [918/2266] : done (1926ms) 
 block [919/2266] : done (1915ms) 
 block [920/2266] : done (1993ms) 
 block [921/2266] : done (2022ms) 
 block [922/2266] : done (2019ms) 
 block [923/2266] : done (1976ms) 
 block [924/2266] : done (1988ms) 
 block [925/2266] : done (1952ms) 
 block [926/2266] : done (2011ms) 
 block [927/2266] : done (1962ms) 
 block [928/2266] : done (1982ms) 
 block [929/2266] : done (2006ms) 
 block [930/2266] : done (1993ms) 
 block [931/2266] : done (1955ms) 
 block [932/2266] : done (1957ms) 
 block [933/2266] : done (1942ms) 
 block [934/2266] : done (1936ms) 
 block [935/2266] : done (1954ms) 
 block [936/2266] : done (1916ms) 
 block [937/2266] : done (1926ms) 
 block [938/2266] : done (1917ms) 
 block [939/2266] : done (1945ms) 
 block [940/2266] : done (1888ms) 
 block [941/2266] : done (1890ms) 
 block [942/2266] : done (1945ms) 
 block [943/2266] : done (1963ms) 
 block [944/2266] : done (1923ms) 
 block [945/2266] : done (1943ms) 
 block [946/2266] : done (1993ms) 
 block [947/2266] : done (1955ms) 
 block [948/2266] : done (1963ms) 
 block [949/2266] : done (1988ms) 
 block [950/2266] : done (1985ms) 
 block [951/2266] : done (1951ms) 
 block [952/2266] : done (1913ms) 
 block [953/2266] : done (1940ms) 
 block [954/2266] : done (1949ms) 
 block [955/2266] : done (1969ms) 
 block [956/2266] : done (1918ms) 
 block [957/2266] : done (1928ms) 
 block [958/2266] : done (1936ms) 
 block [959/2266] : done (1946ms) 
 block [960/2266] : done (1963ms) 
 block [961/2266] : done (1928ms) 
 block [962/2266] : done (1941ms) 
 block [963/2266] : done (1933ms) 
 block [964/2266] : done (1918ms) 
 block [965/2266] : done (1954ms) 
 block [966/2266] : done (1921ms) 
 block [967/2266] : done (1909ms) 
 block [968/2266] : done (1933ms) 
 block [969/2266] : done (1924ms) 
 block [970/2266] : done (2018ms) 
 block [971/2266] : done (2016ms) 
 block [972/2266] : done (1985ms) 
 block [973/2266] : done (1957ms) 
 block [974/2266] : done (1960ms) 
 block [975/2266] : done (1990ms) 
 block [976/2266] : done (1926ms) 
 block [977/2266] : done (1955ms) 
 block [978/2266] : done (2025ms) 
 block [979/2266] : done (1921ms) 
 block [980/2266] : done (1917ms) 
 block [981/2266] : done (1932ms) 
 block [982/2266] : done (1936ms) 
 block [983/2266] : done (1945ms) 
 block [984/2266] : done (1928ms) 
 block [985/2266] : done (1935ms) 
 block [986/2266] : done (1935ms) 
 block [987/2266] : done (1990ms) 
 block [988/2266] : done (1876ms) 
 block [989/2266] : done (1932ms) 
 block [990/2266] : done (1978ms) 
 block [991/2266] : done (1914ms) 
 block [992/2266] : done (1929ms) 
 block [993/2266] : done (1909ms) 
 block [994/2266] : done (1984ms) 
 block [995/2266] : done (1980ms) 
 block [996/2266] : done (1964ms) 
 block [997/2266] : done (1958ms) 
 block [998/2266] : done (1982ms) 
 block [999/2266] : done (1972ms) 
 block [1000/2266] : done (1980ms) 
 block [1001/2266] : done (1936ms) 
 block [1002/2266] : done (1933ms) 
 block [1003/2266] : done (1981ms) 
 block [1004/2266] : done (1970ms) 
 block [1005/2266] : done (1978ms) 
 block [1006/2266] : done (1978ms) 
 block [1007/2266] : done (1952ms) 
 block [1008/2266] : done (1935ms) 
 block [1009/2266] : done (1982ms) 
 block [1010/2266] : done (1946ms) 
 block [1011/2266] : done (1925ms) 
 block [1012/2266] : done (1956ms) 
 block [1013/2266] : done (1951ms) 
 block [1014/2266] : done (1961ms) 
 block [1015/2266] : done (1976ms) 
 block [1016/2266] : done (1968ms) 
 block [1017/2266] : done (1974ms) 
 block [1018/2266] : done (1955ms) 
 block [1019/2266] : done (1946ms) 
 block [1020/2266] : done (1948ms) 
 block [1021/2266] : done (1920ms) 
 block [1022/2266] : done (1921ms) 
 block [1023/2266] : done (1948ms) 
 block [1024/2266] : done (1947ms) 
 block [1025/2266] : done (1913ms) 
 block [1026/2266] : done (1844ms) 
 block [1027/2266] : done (2451ms) 
 block [1028/2266] : done (1982ms) 
 block [1029/2266] : done (1983ms) 
 block [1030/2266] : done (1980ms) 
 block [1031/2266] : done (1958ms) 
 block [1032/2266] : done (1942ms) 
 block [1033/2266] : done (1946ms) 
 block [1034/2266] : done (1998ms) 
 block [1035/2266] : done (2017ms) 
 block [1036/2266] : done (1970ms) 
 block [1037/2266] : done (1986ms) 
 block [1038/2266] : done (1933ms) 
 block [1039/2266] : done (1928ms) 
 block [1040/2266] : done (1979ms) 
 block [1041/2266] : done (1957ms) 
 block [1042/2266] : done (2015ms) 
 block [1043/2266] : done (1879ms) 
 block [1044/2266] : done (1901ms) 
 block [1045/2266] : done (1869ms) 
 block [1046/2266] : done (1865ms) 
 block [1047/2266] : done (1837ms) 
 block [1048/2266] : done (1850ms) 
 block [1049/2266] : done (1939ms) 
 block [1050/2266] : done (1972ms) 
 block [1051/2266] : done (1952ms) 
 block [1052/2266] : done (1955ms) 
 block [1053/2266] : done (1956ms) 
 block [1054/2266] : done (1999ms) 
 block [1055/2266] : done (1950ms) 
 block [1056/2266] : done (1961ms) 
 block [1057/2266] : done (1975ms) 
 block [1058/2266] : done (1947ms) 
 block [1059/2266] : done (1969ms) 
 block [1060/2266] : done (1942ms) 
 block [1061/2266] : done (1953ms) 
 block [1062/2266] : done (1980ms) 
 block [1063/2266] : done (1942ms) 
 block [1064/2266] : done (1910ms) 
 block [1065/2266] : done (1944ms) 
 block [1066/2266] : done (1943ms) 
 block [1067/2266] : done (1988ms) 
 block [1068/2266] : done (2011ms) 
 block [1069/2266] : done (1962ms) 
 block [1070/2266] : done (1912ms) 
 block [1071/2266] : done (1943ms) 
 block [1072/2266] : done (1948ms) 
 block [1073/2266] : done (1950ms) 
 block [1074/2266] : done (1988ms) 
 block [1075/2266] : done (1985ms) 
 block [1076/2266] : done (1986ms) 
 block [1077/2266] : done (1952ms) 
 block [1078/2266] : done (2019ms) 
 block [1079/2266] : done (1970ms) 
 block [1080/2266] : done (1974ms) 
 block [1081/2266] : done (2026ms) 
 block [1082/2266] : done (2006ms) 
 block [1083/2266] : done (1929ms) 
 block [1084/2266] : done (1941ms) 
 block [1085/2266] : done (1928ms) 
 block [1086/2266] : done (1933ms) 
 block [1087/2266] : done (1939ms) 
 block [1088/2266] : done (1953ms) 
 block [1089/2266] : done (1959ms) 
 block [1090/2266] : done (1970ms) 
 block [1091/2266] : done (1939ms) 
 block [1092/2266] : done (1942ms) 
 block [1093/2266] : done (1960ms) 
 block [1094/2266] : done (1987ms) 
 block [1095/2266] : done (1962ms) 
 block [1096/2266] : done (1960ms) 
 block [1097/2266] : done (1967ms) 
 block [1098/2266] : done (2075ms) 
 block [1099/2266] : done (2054ms) 
 block [1100/2266] : done (1993ms) 
 block [1101/2266] : done (1982ms) 
 block [1102/2266] : done (1976ms) 
 block [1103/2266] : done (1948ms) 
 block [1104/2266] : done (1931ms) 
 block [1105/2266] : done (1965ms) 
 block [1106/2266] : done (1964ms) 
 block [1107/2266] : done (1996ms) 
 block [1108/2266] : done (1967ms) 
 block [1109/2266] : done (1932ms) 
 block [1110/2266] : done (1961ms) 
 block [1111/2266] : done (1965ms) 
 block [1112/2266] : done (1971ms) 
 block [1113/2266] : done (1931ms) 
 block [1114/2266] : done (2010ms) 
 block [1115/2266] : done (1980ms) 
 block [1116/2266] : done (1997ms) 
 block [1117/2266] : done (1922ms) 
 block [1118/2266] : done (1945ms) 
 block [1119/2266] : done (1912ms) 
 block [1120/2266] : done (1903ms) 
 block [1121/2266] : done (1915ms) 
 block [1122/2266] : done (1937ms) 
 block [1123/2266] : done (1954ms) 
 block [1124/2266] : done (1939ms) 
 block [1125/2266] : done (1930ms) 
 block [1126/2266] : done (1949ms) 
 block [1127/2266] : done (1973ms) 
 block [1128/2266] : done (1945ms) 
 block [1129/2266] : done (1956ms) 
 block [1130/2266] : done (1966ms) 
 block [1131/2266] : done (1951ms) 
 block [1132/2266] : done (1924ms) 
 block [1133/2266] : done (1935ms) 
 block [1134/2266] : done (1953ms) 
 block [1135/2266] : done (1948ms) 
 block [1136/2266] : done (1972ms) 
 block [1137/2266] : done (1959ms) 
 block [1138/2266] : done (1963ms) 
 block [1139/2266] : done (1973ms) 
 block [1140/2266] : done (1997ms) 
 block [1141/2266] : done (2017ms) 
 block [1142/2266] : done (1985ms) 
 block [1143/2266] : done (1964ms) 
 block [1144/2266] : done (1971ms) 
 block [1145/2266] : done (1960ms) 
 block [1146/2266] : done (1950ms) 
 block [1147/2266] : done (1959ms) 
 block [1148/2266] : done (1956ms) 
 block [1149/2266] : done (1920ms) 
 block [1150/2266] : done (1943ms) 
 block [1151/2266] : done (1917ms) 
 block [1152/2266] : done (1923ms) 
 block [1153/2266] : done (1957ms) 
 block [1154/2266] : done (1979ms) 
 block [1155/2266] : done (1995ms) 
 block [1156/2266] : done (2003ms) 
 block [1157/2266] : done (1939ms) 
 block [1158/2266] : done (1964ms) 
 block [1159/2266] : done (1929ms) 
 block [1160/2266] : done (1862ms) 
 block [1161/2266] : done (1904ms) 
 block [1162/2266] : done (1956ms) 
 block [1163/2266] : done (1907ms) 
 block [1164/2266] : done (1941ms) 
 block [1165/2266] : done (1939ms) 
 block [1166/2266] : done (1952ms) 
 block [1167/2266] : done (1951ms) 
 block [1168/2266] : done (1930ms) 
 block [1169/2266] : done (1937ms) 
 block [1170/2266] : done (2007ms) 
 block [1171/2266] : done (1972ms) 
 block [1172/2266] : done (1965ms) 
 block [1173/2266] : done (2055ms) 
 block [1174/2266] : done (1919ms) 
 block [1175/2266] : done (1918ms) 
 block [1176/2266] : done (1906ms) 
 block [1177/2266] : done (1898ms) 
 block [1178/2266] : done (1895ms) 
 block [1179/2266] : done (1910ms) 
 block [1180/2266] : done (1926ms) 
 block [1181/2266] : done (1941ms) 
 block [1182/2266] : done (1936ms) 
 block [1183/2266] : done (1929ms) 
 block [1184/2266] : done (1953ms) 
 block [1185/2266] : done (1920ms) 
 block [1186/2266] : done (1943ms) 
 block [1187/2266] : done (1965ms) 
 block [1188/2266] : done (1939ms) 
 block [1189/2266] : done (1933ms) 
 block [1190/2266] : done (1926ms) 
 block [1191/2266] : done (1899ms) 
 block [1192/2266] : done (1880ms) 
 block [1193/2266] : done (1906ms) 
 block [1194/2266] : done (1907ms) 
 block [1195/2266] : done (1947ms) 
 block [1196/2266] : done (1956ms) 
 block [1197/2266] : done (1953ms) 
 block [1198/2266] : done (1961ms) 
 block [1199/2266] : done (1967ms) 
 block [1200/2266] : done (1951ms) 
 block [1201/2266] : done (1974ms) 
 block [1202/2266] : done (1972ms) 
 block [1203/2266] : done (1902ms) 
 block [1204/2266] : done (1948ms) 
 block [1205/2266] : done (1953ms) 
 block [1206/2266] : done (1972ms) 
 block [1207/2266] : done (1985ms) 
 block [1208/2266] : done (2007ms) 
 block [1209/2266] : done (1965ms) 
 block [1210/2266] : done (1938ms) 
 block [1211/2266] : done (1960ms) 
 block [1212/2266] : done (1998ms) 
 block [1213/2266] : done (1983ms) 
 block [1214/2266] : done (2011ms) 
 block [1215/2266] : done (1989ms) 
 block [1216/2266] : done (2007ms) 
 block [1217/2266] : done (1983ms) 
 block [1218/2266] : done (1945ms) 
 block [1219/2266] : done (1998ms) 
 block [1220/2266] : done (1919ms) 
 block [1221/2266] : done (1995ms) 
 block [1222/2266] : done (1941ms) 
 block [1223/2266] : done (2078ms) 
 block [1224/2266] : done (1940ms) 
 block [1225/2266] : done (1914ms) 
 block [1226/2266] : done (1950ms) 
 block [1227/2266] : done (1939ms) 
 block [1228/2266] : done (1925ms) 
 block [1229/2266] : done (1979ms) 
 block [1230/2266] : done (1963ms) 
 block [1231/2266] : done (1914ms) 
 block [1232/2266] : done (1907ms) 
 block [1233/2266] : done (1955ms) 
 block [1234/2266] : done (1930ms) 
 block [1235/2266] : done (1917ms) 
 block [1236/2266] : done (1904ms) 
 block [1237/2266] : done (1967ms) 
 block [1238/2266] : done (1918ms) 
 block [1239/2266] : done (1940ms) 
 block [1240/2266] : done (1963ms) 
 block [1241/2266] : done (1954ms) 
 block [1242/2266] : done (1957ms) 
 block [1243/2266] : done (1942ms) 
 block [1244/2266] : done (1941ms) 
 block [1245/2266] : done (1951ms) 
 block [1246/2266] : done (2040ms) 
 block [1247/2266] : done (1942ms) 
 block [1248/2266] : done (1993ms) 
 block [1249/2266] : done (1938ms) 
 block [1250/2266] : done (1956ms) 
 block [1251/2266] : done (1961ms) 
 block [1252/2266] : done (1943ms) 
 block [1253/2266] : done (1951ms) 
 block [1254/2266] : done (1952ms) 
 block [1255/2266] : done (2000ms) 
 block [1256/2266] : done (1948ms) 
 block [1257/2266] : done (1964ms) 
 block [1258/2266] : done (1903ms) 
 block [1259/2266] : done (1929ms) 
 block [1260/2266] : done (1904ms) 
 block [1261/2266] : done (1978ms) 
 block [1262/2266] : done (1928ms) 
 block [1263/2266] : done (1930ms) 
 block [1264/2266] : done (1915ms) 
 block [1265/2266] : done (1931ms) 
 block [1266/2266] : done (1930ms) 
 block [1267/2266] : done (1889ms) 
 block [1268/2266] : done (1893ms) 
 block [1269/2266] : done (1925ms) 
 block [1270/2266] : done (1970ms) 
 block [1271/2266] : done (2056ms) 
 block [1272/2266] : done (2070ms) 
 block [1273/2266] : done (1950ms) 
 block [1274/2266] : done (2037ms) 
 block [1275/2266] : done (2003ms) 
 block [1276/2266] : done (2014ms) 
 block [1277/2266] : done (1958ms) 
 block [1278/2266] : done (1913ms) 
 block [1279/2266] : done (1961ms) 
 block [1280/2266] : done (1963ms) 
 block [1281/2266] : done (1974ms) 
 block [1282/2266] : done (1922ms) 
 block [1283/2266] : done (1935ms) 
 block [1284/2266] : done (1925ms) 
 block [1285/2266] : done (1959ms) 
 block [1286/2266] : done (2000ms) 
 block [1287/2266] : done (1955ms) 
 block [1288/2266] : done (1994ms) 
 block [1289/2266] : done (1989ms) 
 block [1290/2266] : done (1985ms) 
 block [1291/2266] : done (1922ms) 
 block [1292/2266] : done (1924ms) 
 block [1293/2266] : done (1928ms) 
 block [1294/2266] : done (1924ms) 
 block [1295/2266] : done (1924ms) 
 block [1296/2266] : done (2038ms) 
 block [1297/2266] : done (2028ms) 
 block [1298/2266] : done (1949ms) 
 block [1299/2266] : done (2003ms) 
 block [1300/2266] : done (1958ms) 
 block [1301/2266] : done (1954ms) 
 block [1302/2266] : done (1943ms) 
 block [1303/2266] : done (1984ms) 
 block [1304/2266] : done (2031ms) 
 block [1305/2266] : done (2015ms) 
 block [1306/2266] : done (2012ms) 
 block [1307/2266] : done (2030ms) 
 block [1308/2266] : done (1942ms) 
 block [1309/2266] : done (2037ms) 
 block [1310/2266] : done (1981ms) 
 block [1311/2266] : done (2035ms) 
 block [1312/2266] : done (2018ms) 
 block [1313/2266] : done (1943ms) 
 block [1314/2266] : done (1954ms) 
 block [1315/2266] : done (1912ms) 
 block [1316/2266] : done (1950ms) 
 block [1317/2266] : done (1970ms) 
 block [1318/2266] : done (1946ms) 
 block [1319/2266] : done (1965ms) 
 block [1320/2266] : done (1974ms) 
 block [1321/2266] : done (1974ms) 
 block [1322/2266] : done (1967ms) 
 block [1323/2266] : done (1998ms) 
 block [1324/2266] : done (1944ms) 
 block [1325/2266] : done (1937ms) 
 block [1326/2266] : done (1985ms) 
 block [1327/2266] : done (1964ms) 
 block [1328/2266] : done (1971ms) 
 block [1329/2266] : done (1996ms) 
 block [1330/2266] : done (1953ms) 
 block [1331/2266] : done (1955ms) 
 block [1332/2266] : done (1959ms) 
 block [1333/2266] : done (1938ms) 
 block [1334/2266] : done (1942ms) 
 block [1335/2266] : done (1984ms) 
 block [1336/2266] : done (1960ms) 
 block [1337/2266] : done (1981ms) 
 block [1338/2266] : done (1952ms) 
 block [1339/2266] : done (1950ms) 
 block [1340/2266] : done (1935ms) 
 block [1341/2266] : done (1994ms) 
 block [1342/2266] : done (2000ms) 
 block [1343/2266] : done (2029ms) 
 block [1344/2266] : done (1940ms) 
 block [1345/2266] : done (1931ms) 
 block [1346/2266] : done (1901ms) 
 block [1347/2266] : done (1966ms) 
 block [1348/2266] : done (2011ms) 
 block [1349/2266] : done (1964ms) 
 block [1350/2266] : done (1922ms) 
 block [1351/2266] : done (1937ms) 
 block [1352/2266] : done (1959ms) 
 block [1353/2266] : done (1961ms) 
 block [1354/2266] : done (1965ms) 
 block [1355/2266] : done (1962ms) 
 block [1356/2266] : done (2004ms) 
 block [1357/2266] : done (1987ms) 
 block [1358/2266] : done (1930ms) 
 block [1359/2266] : done (1966ms) 
 block [1360/2266] : done (1952ms) 
 block [1361/2266] : done (1962ms) 
 block [1362/2266] : done (2008ms) 
 block [1363/2266] : done (2033ms) 
 block [1364/2266] : done (1956ms) 
 block [1365/2266] : done (1951ms) 
 block [1366/2266] : done (1947ms) 
 block [1367/2266] : done (1979ms) 
 block [1368/2266] : done (1955ms) 
 block [1369/2266] : done (1945ms) 
 block [1370/2266] : done (1979ms) 
 block [1371/2266] : done (2014ms) 
 block [1372/2266] : done (1948ms) 
 block [1373/2266] : done (1922ms) 
 block [1374/2266] : done (1976ms) 
 block [1375/2266] : done (1953ms) 
 block [1376/2266] : done (1985ms) 
 block [1377/2266] : done (1952ms) 
 block [1378/2266] : done (1956ms) 
 block [1379/2266] : done (1954ms) 
 block [1380/2266] : done (1920ms) 
 block [1381/2266] : done (1979ms) 
 block [1382/2266] : done (1987ms) 
 block [1383/2266] : done (1977ms) 
 block [1384/2266] : done (1988ms) 
 block [1385/2266] : done (1977ms) 
 block [1386/2266] : done (2002ms) 
 block [1387/2266] : done (1980ms) 
 block [1388/2266] : done (1949ms) 
 block [1389/2266] : done (2096ms) 
 block [1390/2266] : done (2005ms) 
 block [1391/2266] : done (1991ms) 
 block [1392/2266] : done (2006ms) 
 block [1393/2266] : done (2037ms) 
 block [1394/2266] : done (2006ms) 
 block [1395/2266] : done (1981ms) 
 block [1396/2266] : done (1996ms) 
 block [1397/2266] : done (2005ms) 
 block [1398/2266] : done (1960ms) 
 block [1399/2266] : done (1978ms) 
 block [1400/2266] : done (2034ms) 
 block [1401/2266] : done (1958ms) 
 block [1402/2266] : done (1995ms) 
 block [1403/2266] : done (1960ms) 
 block [1404/2266] : done (1963ms) 
 block [1405/2266] : done (1977ms) 
 block [1406/2266] : done (1999ms) 
 block [1407/2266] : done (1950ms) 
 block [1408/2266] : done (1931ms) 
 block [1409/2266] : done (1935ms) 
 block [1410/2266] : done (1926ms) 
 block [1411/2266] : done (1958ms) 
 block [1412/2266] : done (2018ms) 
 block [1413/2266] : done (2018ms) 
 block [1414/2266] : done (1985ms) 
 block [1415/2266] : done (2065ms) 
 block [1416/2266] : done (2018ms) 
 block [1417/2266] : done (1996ms) 
 block [1418/2266] : done (1971ms) 
 block [1419/2266] : done (2001ms) 
 block [1420/2266] : done (1928ms) 
 block [1421/2266] : done (1946ms) 
 block [1422/2266] : done (1952ms) 
 block [1423/2266] : done (1958ms) 
 block [1424/2266] : done (1951ms) 
 block [1425/2266] : done (1948ms) 
 block [1426/2266] : done (1966ms) 
 block [1427/2266] : done (1949ms) 
 block [1428/2266] : done (1936ms) 
 block [1429/2266] : done (1942ms) 
 block [1430/2266] : done (1903ms) 
 block [1431/2266] : done (1945ms) 
 block [1432/2266] : done (1967ms) 
 block [1433/2266] : done (1979ms) 
 block [1434/2266] : done (2019ms) 
 block [1435/2266] : done (1932ms) 
 block [1436/2266] : done (1923ms) 
 block [1437/2266] : done (1938ms) 
 block [1438/2266] : done (1933ms) 
 block [1439/2266] : done (1968ms) 
 block [1440/2266] : done (2014ms) 
 block [1441/2266] : done (2004ms) 
 block [1442/2266] : done (1993ms) 
 block [1443/2266] : done (1988ms) 
 block [1444/2266] : done (2040ms) 
 block [1445/2266] : done (2005ms) 
 block [1446/2266] : done (2020ms) 
 block [1447/2266] : done (2023ms) 
 block [1448/2266] : done (1935ms) 
 block [1449/2266] : done (2068ms) 
 block [1450/2266] : done (2035ms) 
 block [1451/2266] : done (1993ms) 
 block [1452/2266] : done (1971ms) 
 block [1453/2266] : done (1948ms) 
 block [1454/2266] : done (1962ms) 
 block [1455/2266] : done (1971ms) 
 block [1456/2266] : done (1945ms) 
 block [1457/2266] : done (1922ms) 
 block [1458/2266] : done (1900ms) 
 block [1459/2266] : done (1891ms) 
 block [1460/2266] : done (1977ms) 
 block [1461/2266] : done (1960ms) 
 block [1462/2266] : done (1969ms) 
 block [1463/2266] : done (1951ms) 
 block [1464/2266] : done (1999ms) 
 block [1465/2266] : done (1995ms) 
 block [1466/2266] : done (2003ms) 
 block [1467/2266] : done (1999ms) 
 block [1468/2266] : done (1976ms) 
 block [1469/2266] : done (1944ms) 
 block [1470/2266] : done (1979ms) 
 block [1471/2266] : done (2004ms) 
 block [1472/2266] : done (1988ms) 
 block [1473/2266] : done (1954ms) 
 block [1474/2266] : done (1969ms) 
 block [1475/2266] : done (1995ms) 
 block [1476/2266] : done (1970ms) 
 block [1477/2266] : done (1951ms) 
 block [1478/2266] : done (1995ms) 
 block [1479/2266] : done (2040ms) 
 block [1480/2266] : done (1926ms) 
 block [1481/2266] : done (1955ms) 
 block [1482/2266] : done (1940ms) 
 block [1483/2266] : done (1978ms) 
 block [1484/2266] : done (1992ms) 
 block [1485/2266] : done (1997ms) 
 block [1486/2266] : done (1983ms) 
 block [1487/2266] : done (2009ms) 
 block [1488/2266] : done (2025ms) 
 block [1489/2266] : done (1960ms) 
 block [1490/2266] : done (2004ms) 
 block [1491/2266] : done (1941ms) 
 block [1492/2266] : done (1914ms) 
 block [1493/2266] : done (1968ms) 
 block [1494/2266] : done (1995ms) 
 block [1495/2266] : done (1953ms) 
 block [1496/2266] : done (1943ms) 
 block [1497/2266] : done (1911ms) 
 block [1498/2266] : done (1936ms) 
 block [1499/2266] : done (1927ms) 
 block [1500/2266] : done (1945ms) 
 block [1501/2266] : done (1973ms) 
 block [1502/2266] : done (2008ms) 
 block [1503/2266] : done (2033ms) 
 block [1504/2266] : done (1997ms) 
 block [1505/2266] : done (1934ms) 
 block [1506/2266] : done (1920ms) 
 block [1507/2266] : done (1946ms) 
 block [1508/2266] : done (1956ms) 
 block [1509/2266] : done (2001ms) 
 block [1510/2266] : done (2008ms) 
 block [1511/2266] : done (2019ms) 
 block [1512/2266] : done (1966ms) 
 block [1513/2266] : done (2096ms) 
 block [1514/2266] : done (2035ms) 
 block [1515/2266] : done (1991ms) 
 block [1516/2266] : done (1984ms) 
 block [1517/2266] : done (1997ms) 
 block [1518/2266] : done (1930ms) 
 block [1519/2266] : done (1910ms) 
 block [1520/2266] : done (1925ms) 
 block [1521/2266] : done (1997ms) 
 block [1522/2266] : done (1918ms) 
 block [1523/2266] : done (1899ms) 
 block [1524/2266] : done (1921ms) 
 block [1525/2266] : done (1955ms) 
 block [1526/2266] : done (1947ms) 
 block [1527/2266] : done (1942ms) 
 block [1528/2266] : done (1968ms) 
 block [1529/2266] : done (1968ms) 
 block [1530/2266] : done (1976ms) 
 block [1531/2266] : done (2020ms) 
 block [1532/2266] : done (1993ms) 
 block [1533/2266] : done (1909ms) 
 block [1534/2266] : done (1883ms) 
 block [1535/2266] : done (1909ms) 
 block [1536/2266] : done (1965ms) 
 block [1537/2266] : done (1978ms) 
 block [1538/2266] : done (1931ms) 
 block [1539/2266] : done (1924ms) 
 block [1540/2266] : done (1933ms) 
 block [1541/2266] : done (1937ms) 
 block [1542/2266] : done (1904ms) 
 block [1543/2266] : done (1909ms) 
 block [1544/2266] : done (1910ms) 
 block [1545/2266] : done (1934ms) 
 block [1546/2266] : done (1952ms) 
 block [1547/2266] : done (2061ms) 
 block [1548/2266] : done (1985ms) 
 block [1549/2266] : done (1980ms) 
 block [1550/2266] : done (1959ms) 
 block [1551/2266] : done (1971ms) 
 block [1552/2266] : done (2015ms) 
 block [1553/2266] : done (1942ms) 
 block [1554/2266] : done (1935ms) 
 block [1555/2266] : done (1890ms) 
 block [1556/2266] : done (1919ms) 
 block [1557/2266] : done (1949ms) 
 block [1558/2266] : done (1953ms) 
 block [1559/2266] : done (1932ms) 
 block [1560/2266] : done (1990ms) 
 block [1561/2266] : done (1980ms) 
 block [1562/2266] : done (1985ms) 
 block [1563/2266] : done (1950ms) 
 block [1564/2266] : done (1929ms) 
 block [1565/2266] : done (1967ms) 
 block [1566/2266] : done (1981ms) 
 block [1567/2266] : done (1992ms) 
 block [1568/2266] : done (2007ms) 
 block [1569/2266] : done (1958ms) 
 block [1570/2266] : done (1956ms) 
 block [1571/2266] : done (1968ms) 
 block [1572/2266] : done (2002ms) 
 block [1573/2266] : done (1990ms) 
 block [1574/2266] : done (1973ms) 
 block [1575/2266] : done (1955ms) 
 block [1576/2266] : done (1988ms) 
 block [1577/2266] : done (1973ms) 
 block [1578/2266] : done (1965ms) 
 block [1579/2266] : done (1972ms) 
 block [1580/2266] : done (1980ms) 
 block [1581/2266] : done (1963ms) 
 block [1582/2266] : done (1957ms) 
 block [1583/2266] : done (1909ms) 
 block [1584/2266] : done (1916ms) 
 block [1585/2266] : done (1951ms) 
 block [1586/2266] : done (1918ms) 
 block [1587/2266] : done (1909ms) 
 block [1588/2266] : done (1896ms) 
 block [1589/2266] : done (1932ms) 
 block [1590/2266] : done (1975ms) 
 block [1591/2266] : done (1955ms) 
 block [1592/2266] : done (1942ms) 
 block [1593/2266] : done (1949ms) 
 block [1594/2266] : done (1957ms) 
 block [1595/2266] : done (1943ms) 
 block [1596/2266] : done (1931ms) 
 block [1597/2266] : done (1933ms) 
 block [1598/2266] : done (1954ms) 
 block [1599/2266] : done (1952ms) 
 block [1600/2266] : done (1966ms) 
 block [1601/2266] : done (2000ms) 
 block [1602/2266] : done (1928ms) 
 block [1603/2266] : done (1894ms) 
 block [1604/2266] : done (1916ms) 
 block [1605/2266] : done (1907ms) 
 block [1606/2266] : done (1927ms) 
 block [1607/2266] : done (1931ms) 
 block [1608/2266] : done (1992ms) 
 block [1609/2266] : done (2037ms) 
 block [1610/2266] : done (1996ms) 
 block [1611/2266] : done (1951ms) 
 block [1612/2266] : done (2004ms) 
 block [1613/2266] : done (1970ms) 
 block [1614/2266] : done (1978ms) 
 block [1615/2266] : done (1958ms) 
 block [1616/2266] : done (1946ms) 
 block [1617/2266] : done (1959ms) 
 block [1618/2266] : done (1955ms) 
 block [1619/2266] : done (1891ms) 
 block [1620/2266] : done (2030ms) 
 block [1621/2266] : done (1939ms) 
 block [1622/2266] : done (1905ms) 
 block [1623/2266] : done (1948ms) 
 block [1624/2266] : done (1964ms) 
 block [1625/2266] : done (1967ms) 
 block [1626/2266] : done (1948ms) 
 block [1627/2266] : done (1989ms) 
 block [1628/2266] : done (1946ms) 
 block [1629/2266] : done (1967ms) 
 block [1630/2266] : done (1991ms) 
 block [1631/2266] : done (2058ms) 
 block [1632/2266] : done (1984ms) 
 block [1633/2266] : done (1933ms) 
 block [1634/2266] : done (1927ms) 
 block [1635/2266] : done (1964ms) 
 block [1636/2266] : done (1959ms) 
 block [1637/2266] : done (1946ms) 
 block [1638/2266] : done (1982ms) 
 block [1639/2266] : done (1918ms) 
 block [1640/2266] : done (1945ms) 
 block [1641/2266] : done (1988ms) 
 block [1642/2266] : done (2027ms) 
 block [1643/2266] : done (2034ms) 
 block [1644/2266] : done (2025ms) 
 block [1645/2266] : done (1952ms) 
 block [1646/2266] : done (1965ms) 
 block [1647/2266] : done (1932ms) 
 block [1648/2266] : done (1948ms) 
 block [1649/2266] : done (2042ms) 
 block [1650/2266] : done (1946ms) 
 block [1651/2266] : done (1923ms) 
 block [1652/2266] : done (1931ms) 
 block [1653/2266] : done (1971ms) 
 block [1654/2266] : done (1970ms) 
 block [1655/2266] : done (1956ms) 
 block [1656/2266] : done (1976ms) 
 block [1657/2266] : done (1920ms) 
 block [1658/2266] : done (1955ms) 
 block [1659/2266] : done (1983ms) 
 block [1660/2266] : done (1955ms) 
 block [1661/2266] : done (1959ms) 
 block [1662/2266] : done (1977ms) 
 block [1663/2266] : done (1987ms) 
 block [1664/2266] : done (1923ms) 
 block [1665/2266] : done (1909ms) 
 block [1666/2266] : done (1931ms) 
 block [1667/2266] : done (1974ms) 
 block [1668/2266] : done (1926ms) 
 block [1669/2266] : done (1947ms) 
 block [1670/2266] : done (1946ms) 
 block [1671/2266] : done (1930ms) 
 block [1672/2266] : done (1870ms) 
 block [1673/2266] : done (1877ms) 
 block [1674/2266] : done (1898ms) 
 block [1675/2266] : done (1859ms) 
 block [1676/2266] : done (1842ms) 
 block [1677/2266] : done (1893ms) 
 block [1678/2266] : done (1958ms) 
 block [1679/2266] : done (1950ms) 
 block [1680/2266] : done (2026ms) 
 block [1681/2266] : done (1928ms) 
 block [1682/2266] : done (1944ms) 
 block [1683/2266] : done (1964ms) 
 block [1684/2266] : done (1946ms) 
 block [1685/2266] : done (1921ms) 
 block [1686/2266] : done (1907ms) 
 block [1687/2266] : done (1923ms) 
 block [1688/2266] : done (1964ms) 
 block [1689/2266] : done (1947ms) 
 block [1690/2266] : done (1936ms) 
 block [1691/2266] : done (1957ms) 
 block [1692/2266] : done (1910ms) 
 block [1693/2266] : done (1928ms) 
 block [1694/2266] : done (1992ms) 
 block [1695/2266] : done (1948ms) 
 block [1696/2266] : done (2018ms) 
 block [1697/2266] : done (1938ms) 
 block [1698/2266] : done (1933ms) 
 block [1699/2266] : done (1955ms) 
 block [1700/2266] : done (1955ms) 
 block [1701/2266] : done (2022ms) 
 block [1702/2266] : done (2003ms) 
 block [1703/2266] : done (1952ms) 
 block [1704/2266] : done (1990ms) 
 block [1705/2266] : done (1969ms) 
 block [1706/2266] : done (1932ms) 
 block [1707/2266] : done (1889ms) 
 block [1708/2266] : done (1939ms) 
 block [1709/2266] : done (1982ms) 
 block [1710/2266] : done (2018ms) 
 block [1711/2266] : done (1994ms) 
 block [1712/2266] : done (1949ms) 
 block [1713/2266] : done (1920ms) 
 block [1714/2266] : done (1953ms) 
 block [1715/2266] : done (1943ms) 
 block [1716/2266] : done (2013ms) 
 block [1717/2266] : done (1973ms) 
 block [1718/2266] : done (1973ms) 
 block [1719/2266] : done (2009ms) 
 block [1720/2266] : done (2018ms) 
 block [1721/2266] : done (2011ms) 
 block [1722/2266] : done (1958ms) 
 block [1723/2266] : done (1904ms) 
 block [1724/2266] : done (1974ms) 
 block [1725/2266] : done (1973ms) 
 block [1726/2266] : done (1955ms) 
 block [1727/2266] : done (1913ms) 
 block [1728/2266] : done (2017ms) 
 block [1729/2266] : done (2008ms) 
 block [1730/2266] : done (2024ms) 
 block [1731/2266] : done (2024ms) 
 block [1732/2266] : done (1984ms) 
 block [1733/2266] : done (1990ms) 
 block [1734/2266] : done (1956ms) 
 block [1735/2266] : done (1979ms) 
 block [1736/2266] : done (1967ms) 
 block [1737/2266] : done (1973ms) 
 block [1738/2266] : done (1972ms) 
 block [1739/2266] : done (1940ms) 
 block [1740/2266] : done (2014ms) 
 block [1741/2266] : done (1986ms) 
 block [1742/2266] : done (1993ms) 
 block [1743/2266] : done (1963ms) 
 block [1744/2266] : done (1972ms) 
 block [1745/2266] : done (2040ms) 
 block [1746/2266] : done (2045ms) 
 block [1747/2266] : done (1995ms) 
 block [1748/2266] : done (1974ms) 
 block [1749/2266] : done (1964ms) 
 block [1750/2266] : done (1934ms) 
 block [1751/2266] : done (1937ms) 
 block [1752/2266] : done (1963ms) 
 block [1753/2266] : done (1989ms) 
 block [1754/2266] : done (2008ms) 
 block [1755/2266] : done (1955ms) 
 block [1756/2266] : done (1991ms) 
 block [1757/2266] : done (1958ms) 
 block [1758/2266] : done (2004ms) 
 block [1759/2266] : done (2006ms) 
 block [1760/2266] : done (2013ms) 
 block [1761/2266] : done (1986ms) 
 block [1762/2266] : done (1979ms) 
 block [1763/2266] : done (2030ms) 
 block [1764/2266] : done (1969ms) 
 block [1765/2266] : done (1935ms) 
 block [1766/2266] : done (1901ms) 
 block [1767/2266] : done (1917ms) 
 block [1768/2266] : done (2004ms) 
 block [1769/2266] : done (1995ms) 
 block [1770/2266] : done (2020ms) 
 block [1771/2266] : done (1998ms) 
 block [1772/2266] : done (1985ms) 
 block [1773/2266] : done (1943ms) 
 block [1774/2266] : done (1979ms) 
 block [1775/2266] : done (1951ms) 
 block [1776/2266] : done (1946ms) 
 block [1777/2266] : done (1979ms) 
 block [1778/2266] : done (1998ms) 
 block [1779/2266] : done (1936ms) 
 block [1780/2266] : done (1968ms) 
 block [1781/2266] : done (1972ms) 
 block [1782/2266] : done (1958ms) 
 block [1783/2266] : done (1934ms) 
 block [1784/2266] : done (1935ms) 
 block [1785/2266] : done (1928ms) 
 block [1786/2266] : done (1951ms) 
 block [1787/2266] : done (2028ms) 
 block [1788/2266] : done (2031ms) 
 block [1789/2266] : done (2021ms) 
 block [1790/2266] : done (2001ms) 
 block [1791/2266] : done (1986ms) 
 block [1792/2266] : done (1966ms) 
 block [1793/2266] : done (1918ms) 
 block [1794/2266] : done (1972ms) 
 block [1795/2266] : done (1948ms) 
 block [1796/2266] : done (2019ms) 
 block [1797/2266] : done (1961ms) 
 block [1798/2266] : done (2008ms) 
 block [1799/2266] : done (2005ms) 
 block [1800/2266] : done (1949ms) 
 block [1801/2266] : done (1953ms) 
 block [1802/2266] : done (1943ms) 
 block [1803/2266] : done (1932ms) 
 block [1804/2266] : done (1943ms) 
 block [1805/2266] : done (1950ms) 
 block [1806/2266] : done (1918ms) 
 block [1807/2266] : done (1970ms) 
 block [1808/2266] : done (1965ms) 
 block [1809/2266] : done (2028ms) 
 block [1810/2266] : done (1995ms) 
 block [1811/2266] : done (2018ms) 
 block [1812/2266] : done (1996ms) 
 block [1813/2266] : done (1985ms) 
 block [1814/2266] : done (1969ms) 
 block [1815/2266] : done (1937ms) 
 block [1816/2266] : done (1992ms) 
 block [1817/2266] : done (2019ms) 
 block [1818/2266] : done (2004ms) 
 block [1819/2266] : done (2000ms) 
 block [1820/2266] : done (1990ms) 
 block [1821/2266] : done (2012ms) 
 block [1822/2266] : done (1955ms) 
 block [1823/2266] : done (1952ms) 
 block [1824/2266] : done (1953ms) 
 block [1825/2266] : done (1993ms) 
 block [1826/2266] : done (1977ms) 
 block [1827/2266] : done (1990ms) 
 block [1828/2266] : done (1983ms) 
 block [1829/2266] : done (1991ms) 
 block [1830/2266] : done (1975ms) 
 block [1831/2266] : done (2029ms) 
 block [1832/2266] : done (1968ms) 
 block [1833/2266] : done (1914ms) 
 block [1834/2266] : done (1956ms) 
 block [1835/2266] : done (1993ms) 
 block [1836/2266] : done (1980ms) 
 block [1837/2266] : done (1946ms) 
 block [1838/2266] : done (1981ms) 
 block [1839/2266] : done (2053ms) 
 block [1840/2266] : done (2100ms) 
 block [1841/2266] : done (1998ms) 
 block [1842/2266] : done (2007ms) 
 block [1843/2266] : done (1981ms) 
 block [1844/2266] : done (2036ms) 
 block [1845/2266] : done (1954ms) 
 block [1846/2266] : done (1935ms) 
 block [1847/2266] : done (2012ms) 
 block [1848/2266] : done (1963ms) 
 block [1849/2266] : done (1958ms) 
 block [1850/2266] : done (1979ms) 
 block [1851/2266] : done (1977ms) 
 block [1852/2266] : done (1963ms) 
 block [1853/2266] : done (1971ms) 
 block [1854/2266] : done (1990ms) 
 block [1855/2266] : done (1980ms) 
 block [1856/2266] : done (1955ms) 
 block [1857/2266] : done (1950ms) 
 block [1858/2266] : done (1899ms) 
 block [1859/2266] : done (1904ms) 
 block [1860/2266] : done (1948ms) 
 block [1861/2266] : done (1870ms) 
 block [1862/2266] : done (1980ms) 
 block [1863/2266] : done (1960ms) 
 block [1864/2266] : done (1991ms) 
 block [1865/2266] : done (1955ms) 
 block [1866/2266] : done (1945ms) 
 block [1867/2266] : done (1945ms) 
 block [1868/2266] : done (1927ms) 
 block [1869/2266] : done (1981ms) 
 block [1870/2266] : done (1984ms) 
 block [1871/2266] : done (1958ms) 
 block [1872/2266] : done (2074ms) 
 block [1873/2266] : done (2114ms) 
 block [1874/2266] : done (2043ms) 
 block [1875/2266] : done (2052ms) 
 block [1876/2266] : done (1980ms) 
 block [1877/2266] : done (1975ms) 
 block [1878/2266] : done (1972ms) 
 block [1879/2266] : done (1961ms) 
 block [1880/2266] : done (1960ms) 
 block [1881/2266] : done (1918ms) 
 block [1882/2266] : done (1924ms) 
 block [1883/2266] : done (1953ms) 
 block [1884/2266] : done (1973ms) 
 block [1885/2266] : done (1961ms) 
 block [1886/2266] : done (1939ms) 
 block [1887/2266] : done (1935ms) 
 block [1888/2266] : done (1951ms) 
 block [1889/2266] : done (1933ms) 
 block [1890/2266] : done (1944ms) 
 block [1891/2266] : done (1964ms) 
 block [1892/2266] : done (1959ms) 
 block [1893/2266] : done (1965ms) 
 block [1894/2266] : done (2027ms) 
 block [1895/2266] : done (2040ms) 
 block [1896/2266] : done (1998ms) 
 block [1897/2266] : done (1999ms) 
 block [1898/2266] : done (2017ms) 
 block [1899/2266] : done (1970ms) 
 block [1900/2266] : done (1992ms) 
 block [1901/2266] : done (2023ms) 
 block [1902/2266] : done (1979ms) 
 block [1903/2266] : done (1981ms) 
 block [1904/2266] : done (1933ms) 
 block [1905/2266] : done (2016ms) 
 block [1906/2266] : done (2003ms) 
 block [1907/2266] : done (1971ms) 
 block [1908/2266] : done (1921ms) 
 block [1909/2266] : done (1973ms) 
 block [1910/2266] : done (1969ms) 
 block [1911/2266] : done (1965ms) 
 block [1912/2266] : done (1985ms) 
 block [1913/2266] : done (1971ms) 
 block [1914/2266] : done (1963ms) 
 block [1915/2266] : done (1991ms) 
 block [1916/2266] : done (1965ms) 
 block [1917/2266] : done (1983ms) 
 block [1918/2266] : done (1972ms) 
 block [1919/2266] : done (1983ms) 
 block [1920/2266] : done (1995ms) 
 block [1921/2266] : done (2001ms) 
 block [1922/2266] : done (1956ms) 
 block [1923/2266] : done (1971ms) 
 block [1924/2266] : done (1980ms) 
 block [1925/2266] : done (1950ms) 
 block [1926/2266] : done (1948ms) 
 block [1927/2266] : done (1916ms) 
 block [1928/2266] : done (1977ms) 
 block [1929/2266] : done (1966ms) 
 block [1930/2266] : done (2001ms) 
 block [1931/2266] : done (1971ms) 
 block [1932/2266] : done (1955ms) 
 block [1933/2266] : done (1954ms) 
 block [1934/2266] : done (1933ms) 
 block [1935/2266] : done (1967ms) 
 block [1936/2266] : done (1920ms) 
 block [1937/2266] : done (1930ms) 
 block [1938/2266] : done (1932ms) 
 block [1939/2266] : done (1980ms) 
 block [1940/2266] : done (1991ms) 
 block [1941/2266] : done (1999ms) 
 block [1942/2266] : done (1955ms) 
 block [1943/2266] : done (2012ms) 
 block [1944/2266] : done (2019ms) 
 block [1945/2266] : done (2011ms) 
 block [1946/2266] : done (2038ms) 
 block [1947/2266] : done (2004ms) 
 block [1948/2266] : done (2001ms) 
 block [1949/2266] : done (1929ms) 
 block [1950/2266] : done (1997ms) 
 block [1951/2266] : done (2016ms) 
 block [1952/2266] : done (1966ms) 
 block [1953/2266] : done (1999ms) 
 block [1954/2266] : done (1992ms) 
 block [1955/2266] : done (1985ms) 
 block [1956/2266] : done (1942ms) 
 block [1957/2266] : done (1945ms) 
 block [1958/2266] : done (1987ms) 
 block [1959/2266] : done (1996ms) 
 block [1960/2266] : done (1963ms) 
 block [1961/2266] : done (1951ms) 
 block [1962/2266] : done (1930ms) 
 block [1963/2266] : done (1970ms) 
 block [1964/2266] : done (1960ms) 
 block [1965/2266] : done (1975ms) 
 block [1966/2266] : done (1952ms) 
 block [1967/2266] : done (1970ms) 
 block [1968/2266] : done (1991ms) 
 block [1969/2266] : done (2062ms) 
 block [1970/2266] : done (2001ms) 
 block [1971/2266] : done (1989ms) 
 block [1972/2266] : done (1999ms) 
 block [1973/2266] : done (2027ms) 
 block [1974/2266] : done (2011ms) 
 block [1975/2266] : done (2005ms) 
 block [1976/2266] : done (1944ms) 
 block [1977/2266] : done (1966ms) 
 block [1978/2266] : done (1973ms) 
 block [1979/2266] : done (1920ms) 
 block [1980/2266] : done (1951ms) 
 block [1981/2266] : done (2020ms) 
 block [1982/2266] : done (1955ms) 
 block [1983/2266] : done (1967ms) 
 block [1984/2266] : done (1960ms) 
 block [1985/2266] : done (1989ms) 
 block [1986/2266] : done (1983ms) 
 block [1987/2266] : done (2003ms) 
 block [1988/2266] : done (1950ms) 
 block [1989/2266] : done (1974ms) 
 block [1990/2266] : done (1937ms) 
 block [1991/2266] : done (1982ms) 
 block [1992/2266] : done (1963ms) 
 block [1993/2266] : done (1936ms) 
 block [1994/2266] : done (1929ms) 
 block [1995/2266] : done (1932ms) 
 block [1996/2266] : done (1954ms) 
 block [1997/2266] : done (1993ms) 
 block [1998/2266] : done (1947ms) 
 block [1999/2266] : done (1988ms) 
 block [2000/2266] : done (1939ms) 
 block [2001/2266] : done (1946ms) 
 block [2002/2266] : done (2025ms) 
 block [2003/2266] : done (1970ms) 
 block [2004/2266] : done (1985ms) 
 block [2005/2266] : done (1981ms) 
 block [2006/2266] : done (1958ms) 
 block [2007/2266] : done (1937ms) 
 block [2008/2266] : done (1921ms) 
 block [2009/2266] : done (1935ms) 
 block [2010/2266] : done (1960ms) 
 block [2011/2266] : done (1939ms) 
 block [2012/2266] : done (1945ms) 
 block [2013/2266] : done (1906ms) 
 block [2014/2266] : done (1884ms) 
 block [2015/2266] : done (1892ms) 
 block [2016/2266] : done (1948ms) 
 block [2017/2266] : done (2012ms) 
 block [2018/2266] : done (2055ms) 
 block [2019/2266] : done (2019ms) 
 block [2020/2266] : done (1948ms) 
 block [2021/2266] : done (1996ms) 
 block [2022/2266] : done (2000ms) 
 block [2023/2266] : done (1972ms) 
 block [2024/2266] : done (1980ms) 
 block [2025/2266] : done (2044ms) 
 block [2026/2266] : done (1936ms) 
 block [2027/2266] : done (1988ms) 
 block [2028/2266] : done (1950ms) 
 block [2029/2266] : done (1933ms) 
 block [2030/2266] : done (1939ms) 
 block [2031/2266] : done (2019ms) 
 block [2032/2266] : done (1963ms) 
 block [2033/2266] : done (1988ms) 
 block [2034/2266] : done (2083ms) 
 block [2035/2266] : done (2021ms) 
 block [2036/2266] : done (1994ms) 
 block [2037/2266] : done (1936ms) 
 block [2038/2266] : done (1913ms) 
 block [2039/2266] : done (1933ms) 
 block [2040/2266] : done (1929ms) 
 block [2041/2266] : done (1973ms) 
 block [2042/2266] : done (1918ms) 
 block [2043/2266] : done (1931ms) 
 block [2044/2266] : done (1942ms) 
 block [2045/2266] : done (1913ms) 
 block [2046/2266] : done (1951ms) 
 block [2047/2266] : done (1889ms) 
 block [2048/2266] : done (1936ms) 
 block [2049/2266] : done (1916ms) 
 block [2050/2266] : done (1942ms) 
 block [2051/2266] : done (1932ms) 
 block [2052/2266] : done (1916ms) 
 block [2053/2266] : done (1948ms) 
 block [2054/2266] : done (1944ms) 
 block [2055/2266] : done (1958ms) 
 block [2056/2266] : done (2006ms) 
 block [2057/2266] : done (1946ms) 
 block [2058/2266] : done (1952ms) 
 block [2059/2266] : done (1883ms) 
 block [2060/2266] : done (1921ms) 
 block [2061/2266] : done (1868ms) 
 block [2062/2266] : done (1927ms) 
 block [2063/2266] : done (1901ms) 
 block [2064/2266] : done (1921ms) 
 block [2065/2266] : done (1938ms) 
 block [2066/2266] : done (1911ms) 
 block [2067/2266] : done (1910ms) 
 block [2068/2266] : done (1923ms) 
 block [2069/2266] : done (1944ms) 
 block [2070/2266] : done (1998ms) 
 block [2071/2266] : done (1951ms) 
 block [2072/2266] : done (1932ms) 
 block [2073/2266] : done (1973ms) 
 block [2074/2266] : done (1956ms) 
 block [2075/2266] : done (1926ms) 
 block [2076/2266] : done (1990ms) 
 block [2077/2266] : done (1914ms) 
 block [2078/2266] : done (1943ms) 
 block [2079/2266] : done (1931ms) 
 block [2080/2266] : done (1899ms) 
 block [2081/2266] : done (1955ms) 
 block [2082/2266] : done (1864ms) 
 block [2083/2266] : done (1931ms) 
 block [2084/2266] : done (1888ms) 
 block [2085/2266] : done (1971ms) 
 block [2086/2266] : done (1974ms) 
 block [2087/2266] : done (1898ms) 
 block [2088/2266] : done (1865ms) 
 block [2089/2266] : done (1900ms) 
 block [2090/2266] : done (1972ms) 
 block [2091/2266] : done (1905ms) 
 block [2092/2266] : done (1917ms) 
 block [2093/2266] : done (1879ms) 
 block [2094/2266] : done (1879ms) 
 block [2095/2266] : done (1879ms) 
 block [2096/2266] : done (1916ms) 
 block [2097/2266] : done (1916ms) 
 block [2098/2266] : done (1988ms) 
 block [2099/2266] : done (1921ms) 
 block [2100/2266] : done (1972ms) 
 block [2101/2266] : done (1912ms) 
 block [2102/2266] : done (1938ms) 
 block [2103/2266] : done (1917ms) 
 block [2104/2266] : done (1828ms) 
 block [2105/2266] : done (1893ms) 
 block [2106/2266] : done (1937ms) 
 block [2107/2266] : done (1934ms) 
 block [2108/2266] : done (1958ms) 
 block [2109/2266] : done (1895ms) 
 block [2110/2266] : done (1916ms) 
 block [2111/2266] : done (1949ms) 
 block [2112/2266] : done (1932ms) 
 block [2113/2266] : done (1921ms) 
 block [2114/2266] : done (1939ms) 
 block [2115/2266] : done (1914ms) 
 block [2116/2266] : done (1905ms) 
 block [2117/2266] : done (1931ms) 
 block [2118/2266] : done (1917ms) 
 block [2119/2266] : done (1906ms) 
 block [2120/2266] : done (1931ms) 
 block [2121/2266] : done (1939ms) 
 block [2122/2266] : done (1960ms) 
 block [2123/2266] : done (1950ms) 
 block [2124/2266] : done (1913ms) 
 block [2125/2266] : done (1951ms) 
 block [2126/2266] : done (1923ms) 
 block [2127/2266] : done (1963ms) 
 block [2128/2266] : done (1996ms) 
 block [2129/2266] : done (1942ms) 
 block [2130/2266] : done (1931ms) 
 block [2131/2266] : done (2100ms) 
 block [2132/2266] : done (1935ms) 
 block [2133/2266] : done (1904ms) 
 block [2134/2266] : done (1939ms) 
 block [2135/2266] : done (1943ms) 
 block [2136/2266] : done (2017ms) 
 block [2137/2266] : done (1937ms) 
 block [2138/2266] : done (2013ms) 
 block [2139/2266] : done (1862ms) 
 block [2140/2266] : done (1970ms) 
 block [2141/2266] : done (1939ms) 
 block [2142/2266] : done (1964ms) 
 block [2143/2266] : done (2025ms) 
 block [2144/2266] : done (2007ms) 
 block [2145/2266] : done (1953ms) 
 block [2146/2266] : done (1974ms) 
 block [2147/2266] : done (1955ms) 
 block [2148/2266] : done (1943ms) 
 block [2149/2266] : done (1960ms) 
 block [2150/2266] : done (1956ms) 
 block [2151/2266] : done (1985ms) 
 block [2152/2266] : done (1962ms) 
 block [2153/2266] : done (1914ms) 
 block [2154/2266] : done (1917ms) 
 block [2155/2266] : done (1936ms) 
 block [2156/2266] : done (1946ms) 
 block [2157/2266] : done (1968ms) 
 block [2158/2266] : done (1898ms) 
 block [2159/2266] : done (1929ms) 
 block [2160/2266] : done (2030ms) 
 block [2161/2266] : done (1982ms) 
 block [2162/2266] : done (1959ms) 
 block [2163/2266] : done (1932ms) 
 block [2164/2266] : done (1948ms) 
 block [2165/2266] : done (1957ms) 
 block [2166/2266] : done (1988ms) 
 block [2167/2266] : done (1975ms) 
 block [2168/2266] : done (1949ms) 
 block [2169/2266] : done (1954ms) 
 block [2170/2266] : done (2032ms) 
 block [2171/2266] : done (1983ms) 
 block [2172/2266] : done (1968ms) 
 block [2173/2266] : done (2049ms) 
 block [2174/2266] : done (2006ms) 
 block [2175/2266] : done (2060ms) 
 block [2176/2266] : done (1976ms) 
 block [2177/2266] : done (1989ms) 
 block [2178/2266] : done (1962ms) 
 block [2179/2266] : done (1954ms) 
 block [2180/2266] : done (1918ms) 
 block [2181/2266] : done (1879ms) 
 block [2182/2266] : done (1912ms) 
 block [2183/2266] : done (1911ms) 
 block [2184/2266] : done (1932ms) 
 block [2185/2266] : done (1865ms) 
 block [2186/2266] : done (1974ms) 
 block [2187/2266] : done (1867ms) 
 block [2188/2266] : done (1848ms) 
 block [2189/2266] : done (1894ms) 
 block [2190/2266] : done (1886ms) 
 block [2191/2266] : done (1896ms) 
 block [2192/2266] : done (1963ms) 
 block [2193/2266] : done (1886ms) 
 block [2194/2266] : done (1897ms) 
 block [2195/2266] : done (1920ms) 
 block [2196/2266] : done (1915ms) 
 block [2197/2266] : done (1904ms) 
 block [2198/2266] : done (1873ms) 
 block [2199/2266] : done (1862ms) 
 block [2200/2266] : done (1882ms) 
 block [2201/2266] : done (1900ms) 
 block [2202/2266] : done (1948ms) 
 block [2203/2266] : done (1920ms) 
 block [2204/2266] : done (1937ms) 
 block [2205/2266] : done (1972ms) 
 block [2206/2266] : done (2023ms) 
 block [2207/2266] : done (1949ms) 
 block [2208/2266] : done (1975ms) 
 block [2209/2266] : done (1954ms) 
 block [2210/2266] : done (1949ms) 
 block [2211/2266] : done (1926ms) 
 block [2212/2266] : done (1935ms) 
 block [2213/2266] : done (1907ms) 
 block [2214/2266] : done (1862ms) 
 block [2215/2266] : done (1853ms) 
 block [2216/2266] : done (1918ms) 
 block [2217/2266] : done (1923ms) 
 block [2218/2266] : done (1905ms) 
 block [2219/2266] : done (1929ms) 
 block [2220/2266] : done (1927ms) 
 block [2221/2266] : done (1953ms) 
 block [2222/2266] : done (1961ms) 
 block [2223/2266] : done (1964ms) 
 block [2224/2266] : done (1926ms) 
 block [2225/2266] : done (1948ms) 
 block [2226/2266] : done (1901ms) 
 block [2227/2266] : done (1952ms) 
 block [2228/2266] : done (1990ms) 
 block [2229/2266] : done (1949ms) 
 block [2230/2266] : done (1898ms) 
 block [2231/2266] : done (1977ms) 
 block [2232/2266] : done (1897ms) 
 block [2233/2266] : done (1906ms) 
 block [2234/2266] : done (1908ms) 
 block [2235/2266] : done (1941ms) 
 block [2236/2266] : done (1924ms) 
 block [2237/2266] : done (1875ms) 
 block [2238/2266] : done (1895ms) 
 block [2239/2266] : done (1914ms) 
 block [2240/2266] : done (1895ms) 
 block [2241/2266] : done (1914ms) 
 block [2242/2266] : done (1925ms) 
 block [2243/2266] : done (1910ms) 
 block [2244/2266] : done (1925ms) 
 block [2245/2266] : done (1920ms) 
 block [2246/2266] : done (1992ms) 
 block [2247/2266] : done (1939ms) 
 block [2248/2266] : done (1940ms) 
 block [2249/2266] : done (1956ms) 
 block [2250/2266] : done (1908ms) 
 block [2251/2266] : done (1924ms) 
 block [2252/2266] : done (1890ms) 
 block [2253/2266] : done (1892ms) 
 block [2254/2266] : done (1879ms) 
 block [2255/2266] : done (1880ms) 
 block [2256/2266] : done (1907ms) 
 block [2257/2266] : done (1945ms) 
 block [2258/2266] : done (1941ms) 
 block [2259/2266] : done (1989ms) 
 block [2260/2266] : done (1954ms) 
 block [2261/2266] : done (1961ms) 
 block [2262/2266] : done (1913ms) 
 block [2263/2266] : done (1894ms) 
 block [2264/2266] : done (1982ms) 
 block [2265/2266] : done (1972ms) 
 block [2266/2266] : done (380ms) 

Association results stored separately for each trait in files : 
* [result/06_step2/sig_weight_eur_step2.chr6_eur_SIG0_AUC.regenie]
* [result/06_step2/sig_weight_eur_step2.chr6_eur_SIG1_AUC.regenie]
* [result/06_step2/sig_weight_eur_step2.chr6_eur_SIG2_AUC.regenie]
* [result/06_step2/sig_weight_eur_step2.chr6_eur_SIG3_AUC.regenie]
* [result/06_step2/sig_weight_eur_step2.chr6_eur_SIG4_AUC.regenie]
* [result/06_step2/sig_weight_eur_step2.chr6_eur_SIG5_AUC.regenie]
* [result/06_step2/sig_weight_eur_step2.chr6_eur_SIG6_AUC.regenie]
* [result/06_step2/sig_weight_eur_step2.chr6_eur_SIG7_AUC.regenie]
* [result/06_step2/sig_weight_eur_step2.chr6_eur_SIG8_AUC.regenie]
* [result/06_step2/sig_weight_eur_step2.chr6_eur_SIG9_AUC.regenie]
* [result/06_step2/sig_weight_eur_step2.chr6_eur_SIG10_AUC.regenie]
* [result/06_step2/sig_weight_eur_step2.chr6_eur_SIG11_AUC.regenie]
* [result/06_step2/sig_weight_eur_step2.chr6_eur_SIG12_AUC.regenie]
* [result/06_step2/sig_weight_eur_step2.chr6_eur_SIG13_AUC.regenie]
* [result/06_step2/sig_weight_eur_step2.chr6_eur_SIG14_AUC.regenie]
* [result/06_step2/sig_weight_eur_step2.chr6_eur_SIG15_AUC.regenie]
* [result/06_step2/sig_weight_eur_step2.chr6_eur_SIG16_AUC.regenie]
* [result/06_step2/sig_weight_eur_step2.chr6_eur_SIG17_AUC.regenie]
* [result/06_step2/sig_weight_eur_step2.chr6_eur_SIG18_AUC.regenie]
* [result/06_step2/sig_weight_eur_step2.chr6_eur_SIG19_AUC.regenie]
* [result/06_step2/sig_weight_eur_step2.chr6_eur_SIG20_AUC.regenie]

Number of ignored tests due to low MAC or info score : 21

Elapsed time : 4492.11s
End time: Wed Dec 17 08:20:37 2025

