Found 40 matching model files:
  - enrollment_model_W0.0001_batch_0_10000.pt
  - enrollment_model_W0.0001_batch_100000_110000.pt
  - enrollment_model_W0.0001_batch_10000_20000.pt
  - enrollment_model_W0.0001_batch_110000_120000.pt
  - enrollment_model_W0.0001_batch_120000_130000.pt
  - enrollment_model_W0.0001_batch_130000_140000.pt
  - enrollment_model_W0.0001_batch_140000_150000.pt
  - enrollment_model_W0.0001_batch_150000_160000.pt
  - enrollment_model_W0.0001_batch_160000_170000.pt
  - enrollment_model_W0.0001_batch_170000_180000.pt
  - enrollment_model_W0.0001_batch_180000_190000.pt
  - enrollment_model_W0.0001_batch_190000_200000.pt
  - enrollment_model_W0.0001_batch_200000_210000.pt
  - enrollment_model_W0.0001_batch_20000_30000.pt
  - enrollment_model_W0.0001_batch_210000_220000.pt
  - enrollment_model_W0.0001_batch_220000_230000.pt
  - enrollment_model_W0.0001_batch_230000_240000.pt
  - enrollment_model_W0.0001_batch_240000_250000.pt
  - enrollment_model_W0.0001_batch_250000_260000.pt
  - enrollment_model_W0.0001_batch_260000_270000.pt
  - enrollment_model_W0.0001_batch_270000_280000.pt
  - enrollment_model_W0.0001_batch_280000_290000.pt
  - enrollment_model_W0.0001_batch_290000_300000.pt
  - enrollment_model_W0.0001_batch_300000_310000.pt
  - enrollment_model_W0.0001_batch_30000_40000.pt
  - enrollment_model_W0.0001_batch_310000_320000.pt
  - enrollment_model_W0.0001_batch_320000_330000.pt
  - enrollment_model_W0.0001_batch_330000_340000.pt
  - enrollment_model_W0.0001_batch_340000_350000.pt
  - enrollment_model_W0.0001_batch_350000_360000.pt
  - enrollment_model_W0.0001_batch_360000_370000.pt
  - enrollment_model_W0.0001_batch_370000_380000.pt
  - enrollment_model_W0.0001_batch_380000_390000.pt
  - enrollment_model_W0.0001_batch_390000_400000.pt
  - enrollment_model_W0.0001_batch_40000_50000.pt
  - enrollment_model_W0.0001_batch_50000_60000.pt
  - enrollment_model_W0.0001_batch_60000_70000.pt
  - enrollment_model_W0.0001_batch_70000_80000.pt
  - enrollment_model_W0.0001_batch_80000_90000.pt
  - enrollment_model_W0.0001_batch_90000_100000.pt

Loading initial clusters from: /Users/sarahurbut/Library/CloudStorage/Dropbox-Personal/data_for_running/initial_clusters_400k.pt
Initial clusters shape: (348,)
Initial clusters range: [0, 19]

================================================================================
CHECKING MAX SIGNATURE PER DISEASE vs INITIAL CLUSTERS
================================================================================

================================================================================
Checking: enrollment_model_W0.0001_batch_0_10000.pt
================================================================================
  Psi shape: torch.Size([21, 348])
  Max sig per disease shape: (348,)
  Max sig per disease range: [0, 19]

  Comparison Results:
    Matches: 348 / 348 (100.00%)
    Mismatches: 0
  ✓ PERFECT MATCH!

================================================================================
Checking: enrollment_model_W0.0001_batch_100000_110000.pt
================================================================================
  Psi shape: torch.Size([21, 348])
  Max sig per disease shape: (348,)
  Max sig per disease range: [0, 19]

  Comparison Results:
    Matches: 348 / 348 (100.00%)
    Mismatches: 0
  ✓ PERFECT MATCH!

================================================================================
Checking: enrollment_model_W0.0001_batch_10000_20000.pt
================================================================================
  Psi shape: torch.Size([21, 348])
  Max sig per disease shape: (348,)
  Max sig per disease range: [0, 19]

  Comparison Results:
    Matches: 348 / 348 (100.00%)
    Mismatches: 0
  ✓ PERFECT MATCH!

================================================================================
Checking: enrollment_model_W0.0001_batch_110000_120000.pt
================================================================================
  Psi shape: torch.Size([21, 348])
  Max sig per disease shape: (348,)
  Max sig per disease range: [0, 19]

  Comparison Results:
    Matches: 348 / 348 (100.00%)
    Mismatches: 0
  ✓ PERFECT MATCH!

================================================================================
Checking: enrollment_model_W0.0001_batch_120000_130000.pt
================================================================================
  Psi shape: torch.Size([21, 348])
  Max sig per disease shape: (348,)
  Max sig per disease range: [0, 19]

  Comparison Results:
    Matches: 348 / 348 (100.00%)
    Mismatches: 0
  ✓ PERFECT MATCH!

================================================================================
Checking: enrollment_model_W0.0001_batch_130000_140000.pt
================================================================================
  Psi shape: torch.Size([21, 348])
  Max sig per disease shape: (348,)
  Max sig per disease range: [0, 19]

  Comparison Results:
    Matches: 348 / 348 (100.00%)
    Mismatches: 0
  ✓ PERFECT MATCH!

================================================================================
Checking: enrollment_model_W0.0001_batch_140000_150000.pt
================================================================================
  Psi shape: torch.Size([21, 348])
  Max sig per disease shape: (348,)
  Max sig per disease range: [0, 19]

  Comparison Results:
    Matches: 348 / 348 (100.00%)
    Mismatches: 0
  ✓ PERFECT MATCH!

================================================================================
Checking: enrollment_model_W0.0001_batch_150000_160000.pt
================================================================================
  Psi shape: torch.Size([21, 348])
  Max sig per disease shape: (348,)
  Max sig per disease range: [0, 19]

  Comparison Results:
    Matches: 348 / 348 (100.00%)
    Mismatches: 0
  ✓ PERFECT MATCH!

================================================================================
Checking: enrollment_model_W0.0001_batch_160000_170000.pt
================================================================================
  Psi shape: torch.Size([21, 348])
  Max sig per disease shape: (348,)
  Max sig per disease range: [0, 19]

  Comparison Results:
    Matches: 348 / 348 (100.00%)
    Mismatches: 0
  ✓ PERFECT MATCH!

================================================================================
Checking: enrollment_model_W0.0001_batch_170000_180000.pt
================================================================================
  Psi shape: torch.Size([21, 348])
  Max sig per disease shape: (348,)
  Max sig per disease range: [0, 19]

  Comparison Results:
    Matches: 348 / 348 (100.00%)
    Mismatches: 0
  ✓ PERFECT MATCH!

================================================================================
Checking: enrollment_model_W0.0001_batch_180000_190000.pt
================================================================================
  Psi shape: torch.Size([21, 348])
  Max sig per disease shape: (348,)
  Max sig per disease range: [0, 19]

  Comparison Results:
    Matches: 348 / 348 (100.00%)
    Mismatches: 0
  ✓ PERFECT MATCH!

================================================================================
Checking: enrollment_model_W0.0001_batch_190000_200000.pt
================================================================================
  Psi shape: torch.Size([21, 348])
  Max sig per disease shape: (348,)
  Max sig per disease range: [0, 19]

  Comparison Results:
    Matches: 348 / 348 (100.00%)
    Mismatches: 0
  ✓ PERFECT MATCH!

================================================================================
Checking: enrollment_model_W0.0001_batch_200000_210000.pt
================================================================================
  Psi shape: torch.Size([21, 348])
  Max sig per disease shape: (348,)
  Max sig per disease range: [0, 19]

  Comparison Results:
    Matches: 348 / 348 (100.00%)
    Mismatches: 0
  ✓ PERFECT MATCH!

================================================================================
Checking: enrollment_model_W0.0001_batch_20000_30000.pt
================================================================================
  Psi shape: torch.Size([21, 348])
  Max sig per disease shape: (348,)
  Max sig per disease range: [0, 19]

  Comparison Results:
    Matches: 348 / 348 (100.00%)
    Mismatches: 0
  ✓ PERFECT MATCH!

================================================================================
Checking: enrollment_model_W0.0001_batch_210000_220000.pt
================================================================================
  Psi shape: torch.Size([21, 348])
  Max sig per disease shape: (348,)
  Max sig per disease range: [0, 19]

  Comparison Results:
    Matches: 348 / 348 (100.00%)
    Mismatches: 0
  ✓ PERFECT MATCH!

================================================================================
Checking: enrollment_model_W0.0001_batch_220000_230000.pt
================================================================================
  Psi shape: torch.Size([21, 348])
  Max sig per disease shape: (348,)
  Max sig per disease range: [0, 19]

  Comparison Results:
    Matches: 348 / 348 (100.00%)
    Mismatches: 0
  ✓ PERFECT MATCH!

================================================================================
Checking: enrollment_model_W0.0001_batch_230000_240000.pt
================================================================================
  Psi shape: torch.Size([21, 348])
  Max sig per disease shape: (348,)
  Max sig per disease range: [0, 19]

  Comparison Results:
    Matches: 348 / 348 (100.00%)
    Mismatches: 0
  ✓ PERFECT MATCH!

================================================================================
Checking: enrollment_model_W0.0001_batch_240000_250000.pt
================================================================================
  Psi shape: torch.Size([21, 348])
  Max sig per disease shape: (348,)
  Max sig per disease range: [0, 19]

  Comparison Results:
    Matches: 348 / 348 (100.00%)
    Mismatches: 0
  ✓ PERFECT MATCH!

================================================================================
Checking: enrollment_model_W0.0001_batch_250000_260000.pt
================================================================================
  Psi shape: torch.Size([21, 348])
  Max sig per disease shape: (348,)
  Max sig per disease range: [0, 19]

  Comparison Results:
    Matches: 347 / 348 (99.71%)
    Mismatches: 1
  ✗ MISMATCHES FOUND

  First 10 mismatches:
    Disease 230: max_sig=0, initial_cluster=19

================================================================================
Checking: enrollment_model_W0.0001_batch_260000_270000.pt
================================================================================
  Psi shape: torch.Size([21, 348])
  Max sig per disease shape: (348,)
  Max sig per disease range: [0, 19]

  Comparison Results:
    Matches: 348 / 348 (100.00%)
    Mismatches: 0
  ✓ PERFECT MATCH!

================================================================================
Checking: enrollment_model_W0.0001_batch_270000_280000.pt
================================================================================
  Psi shape: torch.Size([21, 348])
  Max sig per disease shape: (348,)
  Max sig per disease range: [0, 19]

  Comparison Results:
    Matches: 348 / 348 (100.00%)
    Mismatches: 0
  ✓ PERFECT MATCH!

================================================================================
Checking: enrollment_model_W0.0001_batch_280000_290000.pt
================================================================================
  Psi shape: torch.Size([21, 348])
  Max sig per disease shape: (348,)
  Max sig per disease range: [0, 19]

  Comparison Results:
    Matches: 347 / 348 (99.71%)
    Mismatches: 1
  ✗ MISMATCHES FOUND

  First 10 mismatches:
    Disease 70: max_sig=8, initial_cluster=14

================================================================================
Checking: enrollment_model_W0.0001_batch_290000_300000.pt
================================================================================
  Psi shape: torch.Size([21, 348])
  Max sig per disease shape: (348,)
  Max sig per disease range: [0, 19]

  Comparison Results:
    Matches: 348 / 348 (100.00%)
    Mismatches: 0
  ✓ PERFECT MATCH!

================================================================================
Checking: enrollment_model_W0.0001_batch_300000_310000.pt
================================================================================
  Psi shape: torch.Size([21, 348])
  Max sig per disease shape: (348,)
  Max sig per disease range: [0, 19]

  Comparison Results:
    Matches: 347 / 348 (99.71%)
    Mismatches: 1
  ✗ MISMATCHES FOUND

  First 10 mismatches:
    Disease 70: max_sig=8, initial_cluster=14

================================================================================
Checking: enrollment_model_W0.0001_batch_30000_40000.pt
================================================================================
  Psi shape: torch.Size([21, 348])
  Max sig per disease shape: (348,)
  Max sig per disease range: [0, 19]

  Comparison Results:
    Matches: 347 / 348 (99.71%)
    Mismatches: 1
  ✗ MISMATCHES FOUND

  First 10 mismatches:
    Disease 47: max_sig=8, initial_cluster=15

================================================================================
Checking: enrollment_model_W0.0001_batch_310000_320000.pt
================================================================================
  Psi shape: torch.Size([21, 348])
  Max sig per disease shape: (348,)
  Max sig per disease range: [0, 19]

  Comparison Results:
    Matches: 348 / 348 (100.00%)
    Mismatches: 0
  ✓ PERFECT MATCH!

================================================================================
Checking: enrollment_model_W0.0001_batch_320000_330000.pt
================================================================================
  Psi shape: torch.Size([21, 348])
  Max sig per disease shape: (348,)
  Max sig per disease range: [0, 19]

  Comparison Results:
    Matches: 348 / 348 (100.00%)
    Mismatches: 0
  ✓ PERFECT MATCH!

================================================================================
Checking: enrollment_model_W0.0001_batch_330000_340000.pt
================================================================================
  Psi shape: torch.Size([21, 348])
  Max sig per disease shape: (348,)
  Max sig per disease range: [0, 19]

  Comparison Results:
    Matches: 348 / 348 (100.00%)
    Mismatches: 0
  ✓ PERFECT MATCH!

================================================================================
Checking: enrollment_model_W0.0001_batch_340000_350000.pt
================================================================================
  Psi shape: torch.Size([21, 348])
  Max sig per disease shape: (348,)
  Max sig per disease range: [0, 19]

  Comparison Results:
    Matches: 348 / 348 (100.00%)
    Mismatches: 0
  ✓ PERFECT MATCH!

================================================================================
Checking: enrollment_model_W0.0001_batch_350000_360000.pt
================================================================================
  Psi shape: torch.Size([21, 348])
  Max sig per disease shape: (348,)
  Max sig per disease range: [0, 19]

  Comparison Results:
    Matches: 348 / 348 (100.00%)
    Mismatches: 0
  ✓ PERFECT MATCH!

================================================================================
Checking: enrollment_model_W0.0001_batch_360000_370000.pt
================================================================================
  Psi shape: torch.Size([21, 348])
  Max sig per disease shape: (348,)
  Max sig per disease range: [0, 19]

  Comparison Results:
    Matches: 346 / 348 (99.43%)
    Mismatches: 2
  ✗ MISMATCHES FOUND

  First 10 mismatches:
    Disease 55: max_sig=0, initial_cluster=16
    Disease 170: max_sig=3, initial_cluster=14

================================================================================
Checking: enrollment_model_W0.0001_batch_370000_380000.pt
================================================================================
  Psi shape: torch.Size([21, 348])
  Max sig per disease shape: (348,)
  Max sig per disease range: [0, 19]

  Comparison Results:
    Matches: 348 / 348 (100.00%)
    Mismatches: 0
  ✓ PERFECT MATCH!

================================================================================
Checking: enrollment_model_W0.0001_batch_380000_390000.pt
================================================================================
  Psi shape: torch.Size([21, 348])
  Max sig per disease shape: (348,)
  Max sig per disease range: [0, 19]

  Comparison Results:
    Matches: 348 / 348 (100.00%)
    Mismatches: 0
  ✓ PERFECT MATCH!

================================================================================
Checking: enrollment_model_W0.0001_batch_390000_400000.pt
================================================================================
  Psi shape: torch.Size([21, 348])
  Max sig per disease shape: (348,)
  Max sig per disease range: [0, 19]

  Comparison Results:
    Matches: 348 / 348 (100.00%)
    Mismatches: 0
  ✓ PERFECT MATCH!

================================================================================
Checking: enrollment_model_W0.0001_batch_40000_50000.pt
================================================================================
  Psi shape: torch.Size([21, 348])
  Max sig per disease shape: (348,)
  Max sig per disease range: [0, 19]

  Comparison Results:
    Matches: 347 / 348 (99.71%)
    Mismatches: 1
  ✗ MISMATCHES FOUND

  First 10 mismatches:
    Disease 47: max_sig=8, initial_cluster=15

================================================================================
Checking: enrollment_model_W0.0001_batch_50000_60000.pt
================================================================================
  Psi shape: torch.Size([21, 348])
  Max sig per disease shape: (348,)
  Max sig per disease range: [0, 19]

  Comparison Results:
    Matches: 348 / 348 (100.00%)
    Mismatches: 0
  ✓ PERFECT MATCH!

================================================================================
Checking: enrollment_model_W0.0001_batch_60000_70000.pt
================================================================================
  Psi shape: torch.Size([21, 348])
  Max sig per disease shape: (348,)
  Max sig per disease range: [0, 19]

  Comparison Results:
    Matches: 348 / 348 (100.00%)
    Mismatches: 0
  ✓ PERFECT MATCH!

================================================================================
Checking: enrollment_model_W0.0001_batch_70000_80000.pt
================================================================================
  Psi shape: torch.Size([21, 348])
  Max sig per disease shape: (348,)
  Max sig per disease range: [0, 19]

  Comparison Results:
    Matches: 347 / 348 (99.71%)
    Mismatches: 1
  ✗ MISMATCHES FOUND

  First 10 mismatches:
    Disease 70: max_sig=8, initial_cluster=14

================================================================================
Checking: enrollment_model_W0.0001_batch_80000_90000.pt
================================================================================
  Psi shape: torch.Size([21, 348])
  Max sig per disease shape: (348,)
  Max sig per disease range: [0, 19]

  Comparison Results:
    Matches: 348 / 348 (100.00%)
    Mismatches: 0
  ✓ PERFECT MATCH!

================================================================================
Checking: enrollment_model_W0.0001_batch_90000_100000.pt
================================================================================
  Psi shape: torch.Size([21, 348])
  Max sig per disease shape: (348,)
  Max sig per disease range: [0, 19]

  Comparison Results:
    Matches: 347 / 348 (99.71%)
    Mismatches: 1
  ✗ MISMATCHES FOUND

  First 10 mismatches:
    Disease 264: max_sig=7, initial_cluster=8

================================================================================
✗ SOME MODELS HAVE MISMATCHES
================================================================================
